<?xml version="1.0" encoding="utf-8"?>
<test-run id="2" testcasecount="2851" result="Failed(Child)" total="2851" passed="2843" failed="8" inconclusive="0" skipped="0" asserts="0" engine-version="3.5.0.0" clr-version="4.0.30319.42000" start-time="2019-11-12 05:38:53Z" end-time="2019-11-12 05:40:45Z" duration="112.6964298">
  <test-suite type="TestSuite" id="1000" name="UnityTestFramework" fullname="UnityTestFramework" runstate="Runnable" testcasecount="2851" result="Failed" site="Child" start-time="2019-11-12 05:38:53Z" end-time="2019-11-12 05:40:45Z" duration="112.696430" total="2851" passed="2843" failed="8" inconclusive="0" skipped="0" asserts="0">
    <properties />
    <failure>
      <message><![CDATA[One or more child tests had errors]]></message>
    </failure>
    <test-suite type="Assembly" id="1002" name="Aot.Tests.dll" fullname="/root/repo/Src/Newtonsoft.Json-for-Unity.Tests/Library/ScriptAssemblies/Aot.Tests.dll" runstate="Runnable" testcasecount="0" result="Passed" start-time="2019-11-12 05:38:53Z" end-time="2019-11-12 05:38:53Z" duration="0.059464" total="0" passed="0" failed="0" inconclusive="0" skipped="0" asserts="0">
      <properties>
        <property name="_PID" value="46" />
        <property name="_APPDOMAIN" value="Unity Child Domain" />
      </properties>
      <test-suite type="TestSuite" id="1003" name="Aot" fullname="Aot" runstate="Runnable" testcasecount="0" result="Passed" start-time="2019-11-12 05:38:53Z" end-time="2019-11-12 05:38:53Z" duration="0.050791" total="0" passed="0" failed="0" inconclusive="0" skipped="0" asserts="0">
        <properties />
        <test-suite type="TestSuite" id="1004" name="Tests" fullname="Aot.Tests" runstate="Runnable" testcasecount="0" result="Passed" start-time="2019-11-12 05:38:53Z" end-time="2019-11-12 05:38:53Z" duration="0.043672" total="0" passed="0" failed="0" inconclusive="0" skipped="0" asserts="0">
          <properties />
          <test-suite type="TestFixture" id="1001" name="AotTests" fullname="Aot.Tests.AotTests" classname="Aot.Tests.AotTests" runstate="Runnable" testcasecount="0" result="Passed" start-time="2019-11-12 05:38:53Z" end-time="2019-11-12 05:38:53Z" duration="0.002029" total="0" passed="0" failed="0" inconclusive="0" skipped="0" asserts="0">
            <properties />
          </test-suite>
        </test-suite>
      </test-suite>
    </test-suite>
    <test-suite type="Assembly" id="4106" name="Newtonsoft.Json.Tests.dll" fullname="/root/repo/Src/Newtonsoft.Json-for-Unity.Tests/Library/ScriptAssemblies/Newtonsoft.Json.Tests.dll" runstate="Runnable" testcasecount="2851" result="Failed" site="Child" start-time="2019-11-12 05:38:53Z" end-time="2019-11-12 05:40:27Z" duration="93.569070" total="2851" passed="2843" failed="8" inconclusive="0" skipped="0" asserts="0">
      <properties>
        <property name="_PID" value="46" />
        <property name="_APPDOMAIN" value="Unity Child Domain" />
      </properties>
      <failure>
        <message><![CDATA[One or more child tests had errors]]></message>
      </failure>
      <test-suite type="TestSuite" id="4107" name="Newtonsoft" fullname="Newtonsoft" runstate="Runnable" testcasecount="2851" result="Failed" site="Child" start-time="2019-11-12 05:38:53Z" end-time="2019-11-12 05:40:09Z" duration="75.837725" total="2851" passed="2843" failed="8" inconclusive="0" skipped="0" asserts="0">
        <properties />
        <failure>
          <message><![CDATA[One or more child tests had errors]]></message>
        </failure>
        <test-suite type="TestSuite" id="4108" name="Json" fullname="Newtonsoft.Json" runstate="Runnable" testcasecount="2851" result="Failed" site="Child" start-time="2019-11-12 05:38:54Z" end-time="2019-11-12 05:39:55Z" duration="61.134580" total="2851" passed="2843" failed="8" inconclusive="0" skipped="0" asserts="0">
          <properties />
          <failure>
            <message><![CDATA[One or more child tests had errors]]></message>
          </failure>
          <test-suite type="TestSuite" id="4109" name="Tests" fullname="Newtonsoft.Json.Tests" runstate="Runnable" testcasecount="2851" result="Failed" site="Child" start-time="2019-11-12 05:38:54Z" end-time="2019-11-12 05:39:44Z" duration="49.818456" total="2851" passed="2843" failed="8" inconclusive="0" skipped="0" asserts="0">
            <properties />
            <failure>
              <message><![CDATA[One or more child tests had errors]]></message>
            </failure>
            <test-suite type="TestSuite" id="4127" name="Bson" fullname="Newtonsoft.Json.Tests.Bson" runstate="Runnable" testcasecount="96" result="Passed" start-time="2019-11-12 05:38:54Z" end-time="2019-11-12 05:38:56Z" duration="1.689121" total="96" passed="96" failed="0" inconclusive="0" skipped="0" asserts="0">
              <properties />
              <test-suite type="TestFixture" id="4006" name="BsonReaderTests" fullname="Newtonsoft.Json.Tests.Bson.BsonReaderTests" classname="Newtonsoft.Json.Tests.Bson.BsonReaderTests" runstate="Runnable" testcasecount="60" result="Passed" start-time="2019-11-12 05:38:54Z" end-time="2019-11-12 05:38:55Z" duration="1.269307" total="60" passed="60" failed="0" inconclusive="0" skipped="0" asserts="0">
                <properties />
                <test-case id="4008" name="Bson_SupportMultipleContent" fullname="Newtonsoft.Json.Tests.Bson.BsonReaderTests.Bson_SupportMultipleContent" methodname="Bson_SupportMultipleContent" classname="Newtonsoft.Json.Tests.Bson.BsonReaderTests" runstate="Runnable" seed="2041501310" result="Passed" start-time="2019-11-12 05:38:54Z" end-time="2019-11-12 05:38:54Z" duration="0.268838" asserts="0">
                  <properties />
                </test-case>
                <test-case id="4052" name="CanRoundTripStackOverflowData" fullname="Newtonsoft.Json.Tests.Bson.BsonReaderTests.CanRoundTripStackOverflowData" methodname="CanRoundTripStackOverflowData" classname="Newtonsoft.Json.Tests.Bson.BsonReaderTests" runstate="Runnable" seed="1795681039" result="Passed" start-time="2019-11-12 05:38:54Z" end-time="2019-11-12 05:38:54Z" duration="0.006826" asserts="0">
                  <properties />
                </test-case>
                <test-case id="4009" name="CloseInput" fullname="Newtonsoft.Json.Tests.Bson.BsonReaderTests.CloseInput" methodname="CloseInput" classname="Newtonsoft.Json.Tests.Bson.BsonReaderTests" runstate="Runnable" seed="273525679" result="Passed" start-time="2019-11-12 05:38:54Z" end-time="2019-11-12 05:38:54Z" duration="0.001218" asserts="0">
                  <properties />
                </test-case>
                <test-case id="4034" name="DateTimeKindHandling" fullname="Newtonsoft.Json.Tests.Bson.BsonReaderTests.DateTimeKindHandling" methodname="DateTimeKindHandling" classname="Newtonsoft.Json.Tests.Bson.BsonReaderTests" runstate="Runnable" seed="1373696501" result="Passed" start-time="2019-11-12 05:38:54Z" end-time="2019-11-12 05:38:54Z" duration="0.003236" asserts="0">
                  <properties />
                </test-case>
                <test-case id="4066" name="DeserializeBsonDocumentWithGuid" fullname="Newtonsoft.Json.Tests.Bson.BsonReaderTests.DeserializeBsonDocumentWithGuid" methodname="DeserializeBsonDocumentWithGuid" classname="Newtonsoft.Json.Tests.Bson.BsonReaderTests" runstate="Runnable" seed="654346354" result="Passed" start-time="2019-11-12 05:38:54Z" end-time="2019-11-12 05:38:54Z" duration="0.010867" asserts="0">
                  <properties />
                </test-case>
                <test-case id="4065" name="DeserializeBsonDocumentWithString" fullname="Newtonsoft.Json.Tests.Bson.BsonReaderTests.DeserializeBsonDocumentWithString" methodname="DeserializeBsonDocumentWithString" classname="Newtonsoft.Json.Tests.Bson.BsonReaderTests" runstate="Runnable" seed="968192159" result="Passed" start-time="2019-11-12 05:38:54Z" end-time="2019-11-12 05:38:54Z" duration="0.001517" asserts="0">
                  <properties />
                </test-case>
                <test-case id="4056" name="DeserializeByteArrayWithTypeNameHandling" fullname="Newtonsoft.Json.Tests.Bson.BsonReaderTests.DeserializeByteArrayWithTypeNameHandling" methodname="DeserializeByteArrayWithTypeNameHandling" classname="Newtonsoft.Json.Tests.Bson.BsonReaderTests" runstate="Runnable" seed="1773960683" result="Passed" start-time="2019-11-12 05:38:54Z" end-time="2019-11-12 05:38:54Z" duration="0.017519" asserts="0">
                  <properties />
                </test-case>
                <test-case id="4007" name="DeserializeLargeBsonObject" fullname="Newtonsoft.Json.Tests.Bson.BsonReaderTests.DeserializeLargeBsonObject" methodname="DeserializeLargeBsonObject" classname="Newtonsoft.Json.Tests.Bson.BsonReaderTests" runstate="Runnable" seed="1135755924" result="Passed" start-time="2019-11-12 05:38:54Z" end-time="2019-11-12 05:38:55Z" duration="0.562971" asserts="0">
                  <properties />
                </test-case>
                <test-case id="4060" name="DeserializeRegexBson" fullname="Newtonsoft.Json.Tests.Bson.BsonReaderTests.DeserializeRegexBson" methodname="DeserializeRegexBson" classname="Newtonsoft.Json.Tests.Bson.BsonReaderTests" runstate="Runnable" seed="539123581" result="Passed" start-time="2019-11-12 05:38:55Z" end-time="2019-11-12 05:38:55Z" duration="0.012491" asserts="0">
                  <properties />
                </test-case>
                <test-case id="4059" name="DeserializeRegexNonConverterBson" fullname="Newtonsoft.Json.Tests.Bson.BsonReaderTests.DeserializeRegexNonConverterBson" methodname="DeserializeRegexNonConverterBson" classname="Newtonsoft.Json.Tests.Bson.BsonReaderTests" runstate="Runnable" seed="1751273238" result="Passed" start-time="2019-11-12 05:38:55Z" end-time="2019-11-12 05:38:55Z" duration="0.003871" asserts="0">
                  <properties />
                </test-case>
                <test-case id="4062" name="GuidsShouldBeProperlyDeserialised" fullname="Newtonsoft.Json.Tests.Bson.BsonReaderTests.GuidsShouldBeProperlyDeserialised" methodname="GuidsShouldBeProperlyDeserialised" classname="Newtonsoft.Json.Tests.Bson.BsonReaderTests" runstate="Runnable" seed="927704445" result="Passed" start-time="2019-11-12 05:38:55Z" end-time="2019-11-12 05:38:55Z" duration="0.004024" asserts="0">
                  <properties />
                </test-case>
                <test-case id="4063" name="GuidsShouldBeProperlyDeserialised_AsBytes" fullname="Newtonsoft.Json.Tests.Bson.BsonReaderTests.GuidsShouldBeProperlyDeserialised_AsBytes" methodname="GuidsShouldBeProperlyDeserialised_AsBytes" classname="Newtonsoft.Json.Tests.Bson.BsonReaderTests" runstate="Runnable" seed="1356881092" result="Passed" start-time="2019-11-12 05:38:55Z" end-time="2019-11-12 05:38:55Z" duration="0.004904" asserts="0">
                  <properties />
                </test-case>
                <test-case id="4064" name="GuidsShouldBeProperlyDeserialised_AsBytes_ReadAhead" fullname="Newtonsoft.Json.Tests.Bson.BsonReaderTests.GuidsShouldBeProperlyDeserialised_AsBytes_ReadAhead" methodname="GuidsShouldBeProperlyDeserialised_AsBytes_ReadAhead" classname="Newtonsoft.Json.Tests.Bson.BsonReaderTests" runstate="Runnable" seed="476655167" result="Passed" start-time="2019-11-12 05:38:55Z" end-time="2019-11-12 05:38:55Z" duration="0.008017" asserts="0">
                  <properties />
                </test-case>
                <test-case id="4036" name="LocalDateTimeKindHandling" fullname="Newtonsoft.Json.Tests.Bson.BsonReaderTests.LocalDateTimeKindHandling" methodname="LocalDateTimeKindHandling" classname="Newtonsoft.Json.Tests.Bson.BsonReaderTests" runstate="Runnable" seed="237705689" result="Passed" start-time="2019-11-12 05:38:55Z" end-time="2019-11-12 05:38:55Z" duration="0.001139" asserts="0">
                  <properties />
                </test-case>
                <test-case id="4053" name="MultibyteCharacterPropertyNamesAndStrings" fullname="Newtonsoft.Json.Tests.Bson.BsonReaderTests.MultibyteCharacterPropertyNamesAndStrings" methodname="MultibyteCharacterPropertyNamesAndStrings" classname="Newtonsoft.Json.Tests.Bson.BsonReaderTests" runstate="Runnable" seed="1245593357" result="Passed" start-time="2019-11-12 05:38:55Z" end-time="2019-11-12 05:38:55Z" duration="0.001040" asserts="0">
                  <properties />
                </test-case>
                <test-case id="4023" name="OidAndBytesAreEqual" fullname="Newtonsoft.Json.Tests.Bson.BsonReaderTests.OidAndBytesAreEqual" methodname="OidAndBytesAreEqual" classname="Newtonsoft.Json.Tests.Bson.BsonReaderTests" runstate="Runnable" seed="951824530" result="Passed" start-time="2019-11-12 05:38:55Z" end-time="2019-11-12 05:38:55Z" duration="0.005930" asserts="0">
                  <properties />
                </test-case>
                <test-case id="4017" name="ReadArrayBsonFromSite" fullname="Newtonsoft.Json.Tests.Bson.BsonReaderTests.ReadArrayBsonFromSite" methodname="ReadArrayBsonFromSite" classname="Newtonsoft.Json.Tests.Bson.BsonReaderTests" runstate="Runnable" seed="2127685855" result="Passed" start-time="2019-11-12 05:38:55Z" end-time="2019-11-12 05:38:55Z" duration="0.001872" asserts="0">
                  <properties />
                </test-case>
                <test-case id="4018" name="ReadAsInt32BadString" fullname="Newtonsoft.Json.Tests.Bson.BsonReaderTests.ReadAsInt32BadString" methodname="ReadAsInt32BadString" classname="Newtonsoft.Json.Tests.Bson.BsonReaderTests" runstate="Runnable" seed="1980262926" result="Passed" start-time="2019-11-12 05:38:55Z" end-time="2019-11-12 05:38:55Z" duration="0.009029" asserts="0">
                  <properties />
                </test-case>
                <test-case id="4019" name="ReadBytes" fullname="Newtonsoft.Json.Tests.Bson.BsonReaderTests.ReadBytes" methodname="ReadBytes" classname="Newtonsoft.Json.Tests.Bson.BsonReaderTests" runstate="Runnable" seed="654645525" result="Passed" start-time="2019-11-12 05:38:55Z" end-time="2019-11-12 05:38:55Z" duration="0.006367" asserts="0">
                  <properties />
                </test-case>
                <test-case id="4025" name="ReadCode" fullname="Newtonsoft.Json.Tests.Bson.BsonReaderTests.ReadCode" methodname="ReadCode" classname="Newtonsoft.Json.Tests.Bson.BsonReaderTests" runstate="Runnable" seed="1309170099" result="Passed" start-time="2019-11-12 05:38:55Z" end-time="2019-11-12 05:38:55Z" duration="0.001008" asserts="0">
                  <properties />
                </test-case>
                <test-case id="4029" name="ReadCodeWScope" fullname="Newtonsoft.Json.Tests.Bson.BsonReaderTests.ReadCodeWScope" methodname="ReadCodeWScope" classname="Newtonsoft.Json.Tests.Bson.BsonReaderTests" runstate="Runnable" seed="2106697438" result="Passed" start-time="2019-11-12 05:38:55Z" end-time="2019-11-12 05:38:55Z" duration="0.001965" asserts="0">
                  <properties />
                </test-case>
                <test-case id="4013" name="ReadDouble" fullname="Newtonsoft.Json.Tests.Bson.BsonReaderTests.ReadDouble" methodname="ReadDouble" classname="Newtonsoft.Json.Tests.Bson.BsonReaderTests" runstate="Runnable" seed="792238671" result="Passed" start-time="2019-11-12 05:38:55Z" end-time="2019-11-12 05:38:55Z" duration="0.001693" asserts="0">
                  <properties />
                </test-case>
                <test-case id="4014" name="ReadDouble_Decimal" fullname="Newtonsoft.Json.Tests.Bson.BsonReaderTests.ReadDouble_Decimal" methodname="ReadDouble_Decimal" classname="Newtonsoft.Json.Tests.Bson.BsonReaderTests" runstate="Runnable" seed="128577844" result="Passed" start-time="2019-11-12 05:38:55Z" end-time="2019-11-12 05:38:55Z" duration="0.003193" asserts="0">
                  <properties />
                </test-case>
                <test-case id="4032" name="ReadEmptyStrings" fullname="Newtonsoft.Json.Tests.Bson.BsonReaderTests.ReadEmptyStrings" methodname="ReadEmptyStrings" classname="Newtonsoft.Json.Tests.Bson.BsonReaderTests" runstate="Runnable" seed="1493108502" result="Passed" start-time="2019-11-12 05:38:55Z" end-time="2019-11-12 05:38:55Z" duration="0.000832" asserts="0">
                  <properties />
                </test-case>
                <test-case id="4030" name="ReadEndOfStream" fullname="Newtonsoft.Json.Tests.Bson.BsonReaderTests.ReadEndOfStream" methodname="ReadEndOfStream" classname="Newtonsoft.Json.Tests.Bson.BsonReaderTests" runstate="Runnable" seed="501084300" result="Passed" start-time="2019-11-12 05:38:55Z" end-time="2019-11-12 05:38:55Z" duration="0.001081" asserts="0">
                  <properties />
                </test-case>
                <test-case id="4012" name="ReadGuid_Bytes" fullname="Newtonsoft.Json.Tests.Bson.BsonReaderTests.ReadGuid_Bytes" methodname="ReadGuid_Bytes" classname="Newtonsoft.Json.Tests.Bson.BsonReaderTests" runstate="Runnable" seed="166146272" result="Passed" start-time="2019-11-12 05:38:55Z" end-time="2019-11-12 05:38:55Z" duration="0.020399" asserts="0">
                  <properties />
                </test-case>
                <test-case id="4011" name="ReadGuid_Text" fullname="Newtonsoft.Json.Tests.Bson.BsonReaderTests.ReadGuid_Text" methodname="ReadGuid_Text" classname="Newtonsoft.Json.Tests.Bson.BsonReaderTests" runstate="Runnable" seed="453654144" result="Passed" start-time="2019-11-12 05:38:55Z" end-time="2019-11-12 05:38:55Z" duration="0.002997" asserts="0">
                  <properties />
                </test-case>
                <test-case id="4031" name="ReadLargeStrings" fullname="Newtonsoft.Json.Tests.Bson.BsonReaderTests.ReadLargeStrings" methodname="ReadLargeStrings" classname="Newtonsoft.Json.Tests.Bson.BsonReaderTests" runstate="Runnable" seed="618308767" result="Passed" start-time="2019-11-12 05:38:55Z" end-time="2019-11-12 05:38:55Z" duration="0.001531" asserts="0">
                  <properties />
                </test-case>
                <test-case id="4027" name="ReadLong" fullname="Newtonsoft.Json.Tests.Bson.BsonReaderTests.ReadLong" methodname="ReadLong" classname="Newtonsoft.Json.Tests.Bson.BsonReaderTests" runstate="Runnable" seed="1021685980" result="Passed" start-time="2019-11-12 05:38:55Z" end-time="2019-11-12 05:38:55Z" duration="0.001368" asserts="0">
                  <properties />
                </test-case>
                <test-case id="4021" name="ReadNestedArray" fullname="Newtonsoft.Json.Tests.Bson.BsonReaderTests.ReadNestedArray" methodname="ReadNestedArray" classname="Newtonsoft.Json.Tests.Bson.BsonReaderTests" runstate="Runnable" seed="414351577" result="Passed" start-time="2019-11-12 05:38:55Z" end-time="2019-11-12 05:38:55Z" duration="0.001831" asserts="0">
                  <properties />
                </test-case>
                <test-case id="4022" name="ReadNestedArrayIntoLinq" fullname="Newtonsoft.Json.Tests.Bson.BsonReaderTests.ReadNestedArrayIntoLinq" methodname="ReadNestedArrayIntoLinq" classname="Newtonsoft.Json.Tests.Bson.BsonReaderTests" runstate="Runnable" seed="1026481717" result="Passed" start-time="2019-11-12 05:38:55Z" end-time="2019-11-12 05:38:55Z" duration="0.003397" asserts="0">
                  <properties />
                </test-case>
                <test-case id="4016" name="ReadObjectBsonFromSite" fullname="Newtonsoft.Json.Tests.Bson.BsonReaderTests.ReadObjectBsonFromSite" methodname="ReadObjectBsonFromSite" classname="Newtonsoft.Json.Tests.Bson.BsonReaderTests" runstate="Runnable" seed="1952779665" result="Passed" start-time="2019-11-12 05:38:55Z" end-time="2019-11-12 05:38:55Z" duration="0.001280" asserts="0">
                  <properties />
                </test-case>
                <test-case id="4020" name="ReadOid" fullname="Newtonsoft.Json.Tests.Bson.BsonReaderTests.ReadOid" methodname="ReadOid" classname="Newtonsoft.Json.Tests.Bson.BsonReaderTests" runstate="Runnable" seed="2103985015" result="Passed" start-time="2019-11-12 05:38:55Z" end-time="2019-11-12 05:38:55Z" duration="0.001088" asserts="0">
                  <properties />
                </test-case>
                <test-case id="4028" name="ReadReference" fullname="Newtonsoft.Json.Tests.Bson.BsonReaderTests.ReadReference" methodname="ReadReference" classname="Newtonsoft.Json.Tests.Bson.BsonReaderTests" runstate="Runnable" seed="477484577" result="Passed" start-time="2019-11-12 05:38:55Z" end-time="2019-11-12 05:38:55Z" duration="0.001634" asserts="0">
                  <properties />
                </test-case>
                <test-case id="4024" name="ReadRegex" fullname="Newtonsoft.Json.Tests.Bson.BsonReaderTests.ReadRegex" methodname="ReadRegex" classname="Newtonsoft.Json.Tests.Bson.BsonReaderTests" runstate="Runnable" seed="1452169672" result="Passed" start-time="2019-11-12 05:38:55Z" end-time="2019-11-12 05:38:55Z" duration="0.000939" asserts="0">
                  <properties />
                </test-case>
                <test-case id="4051" name="ReadRegexWithOptions" fullname="Newtonsoft.Json.Tests.Bson.BsonReaderTests.ReadRegexWithOptions" methodname="ReadRegexWithOptions" classname="Newtonsoft.Json.Tests.Bson.BsonReaderTests" runstate="Runnable" seed="1527444556" result="Passed" start-time="2019-11-12 05:38:55Z" end-time="2019-11-12 05:38:55Z" duration="0.001095" asserts="0">
                  <properties />
                </test-case>
                <test-case id="4010" name="ReadSingleObject" fullname="Newtonsoft.Json.Tests.Bson.BsonReaderTests.ReadSingleObject" methodname="ReadSingleObject" classname="Newtonsoft.Json.Tests.Bson.BsonReaderTests" runstate="Runnable" seed="2053453929" result="Passed" start-time="2019-11-12 05:38:55Z" end-time="2019-11-12 05:38:55Z" duration="0.000976" asserts="0">
                  <properties />
                </test-case>
                <test-case id="4026" name="ReadUndefined" fullname="Newtonsoft.Json.Tests.Bson.BsonReaderTests.ReadUndefined" methodname="ReadUndefined" classname="Newtonsoft.Json.Tests.Bson.BsonReaderTests" runstate="Runnable" seed="501741612" result="Passed" start-time="2019-11-12 05:38:55Z" end-time="2019-11-12 05:38:55Z" duration="0.000725" asserts="0">
                  <properties />
                </test-case>
                <test-case id="4015" name="ReadValues" fullname="Newtonsoft.Json.Tests.Bson.BsonReaderTests.ReadValues" methodname="ReadValues" classname="Newtonsoft.Json.Tests.Bson.BsonReaderTests" runstate="Runnable" seed="1072321159" result="Passed" start-time="2019-11-12 05:38:55Z" end-time="2019-11-12 05:38:55Z" duration="0.002343" asserts="0">
                  <properties />
                </test-case>
                <test-case id="4037" name="TestReadLenStringValueShortTripleByte" fullname="Newtonsoft.Json.Tests.Bson.BsonReaderTests.TestReadLenStringValueShortTripleByte" methodname="TestReadLenStringValueShortTripleByte" classname="Newtonsoft.Json.Tests.Bson.BsonReaderTests" runstate="Runnable" seed="1674534679" result="Passed" start-time="2019-11-12 05:38:55Z" end-time="2019-11-12 05:38:55Z" duration="0.001070" asserts="0">
                  <properties />
                </test-case>
                <test-case id="4038" name="TestReadLenStringValueTripleByteCharBufferBoundry0" fullname="Newtonsoft.Json.Tests.Bson.BsonReaderTests.TestReadLenStringValueTripleByteCharBufferBoundry0" methodname="TestReadLenStringValueTripleByteCharBufferBoundry0" classname="Newtonsoft.Json.Tests.Bson.BsonReaderTests" runstate="Runnable" seed="1805165448" result="Passed" start-time="2019-11-12 05:38:55Z" end-time="2019-11-12 05:38:55Z" duration="0.000764" asserts="0">
                  <properties />
                </test-case>
                <test-case id="4039" name="TestReadLenStringValueTripleByteCharBufferBoundry1" fullname="Newtonsoft.Json.Tests.Bson.BsonReaderTests.TestReadLenStringValueTripleByteCharBufferBoundry1" methodname="TestReadLenStringValueTripleByteCharBufferBoundry1" classname="Newtonsoft.Json.Tests.Bson.BsonReaderTests" runstate="Runnable" seed="755209166" result="Passed" start-time="2019-11-12 05:38:55Z" end-time="2019-11-12 05:38:55Z" duration="0.000627" asserts="0">
                  <properties />
                </test-case>
                <test-case id="4041" name="TestReadLenStringValueTripleByteCharBufferBoundry2" fullname="Newtonsoft.Json.Tests.Bson.BsonReaderTests.TestReadLenStringValueTripleByteCharBufferBoundry2" methodname="TestReadLenStringValueTripleByteCharBufferBoundry2" classname="Newtonsoft.Json.Tests.Bson.BsonReaderTests" runstate="Runnable" seed="1715171005" result="Passed" start-time="2019-11-12 05:38:55Z" end-time="2019-11-12 05:38:55Z" duration="0.000566" asserts="0">
                  <properties />
                </test-case>
                <test-case id="4040" name="TestReadLenStringValueTripleByteCharOne" fullname="Newtonsoft.Json.Tests.Bson.BsonReaderTests.TestReadLenStringValueTripleByteCharOne" methodname="TestReadLenStringValueTripleByteCharOne" classname="Newtonsoft.Json.Tests.Bson.BsonReaderTests" runstate="Runnable" seed="1995267803" result="Passed" start-time="2019-11-12 05:38:55Z" end-time="2019-11-12 05:38:55Z" duration="0.000475" asserts="0">
                  <properties />
                </test-case>
                <test-case id="4049" name="TestReadStringPropertyName" fullname="Newtonsoft.Json.Tests.Bson.BsonReaderTests.TestReadStringPropertyName" methodname="TestReadStringPropertyName" classname="Newtonsoft.Json.Tests.Bson.BsonReaderTests" runstate="Runnable" seed="838752675" result="Passed" start-time="2019-11-12 05:38:55Z" end-time="2019-11-12 05:38:55Z" duration="0.000778" asserts="0">
                  <properties />
                </test-case>
                <test-case id="4050" name="TestReadStringPropertyNameLong" fullname="Newtonsoft.Json.Tests.Bson.BsonReaderTests.TestReadStringPropertyNameLong" methodname="TestReadStringPropertyNameLong" classname="Newtonsoft.Json.Tests.Bson.BsonReaderTests" runstate="Runnable" seed="217309605" result="Passed" start-time="2019-11-12 05:38:55Z" end-time="2019-11-12 05:38:55Z" duration="0.000561" asserts="0">
                  <properties />
                </test-case>
                <test-case id="4044" name="TestReadStringPropertyNameShortTripleByte" fullname="Newtonsoft.Json.Tests.Bson.BsonReaderTests.TestReadStringPropertyNameShortTripleByte" methodname="TestReadStringPropertyNameShortTripleByte" classname="Newtonsoft.Json.Tests.Bson.BsonReaderTests" runstate="Runnable" seed="1932607338" result="Passed" start-time="2019-11-12 05:38:55Z" end-time="2019-11-12 05:38:55Z" duration="0.000633" asserts="0">
                  <properties />
                </test-case>
                <test-case id="4045" name="TestReadStringPropertyNameTripleByteCharBufferBoundry0" fullname="Newtonsoft.Json.Tests.Bson.BsonReaderTests.TestReadStringPropertyNameTripleByteCharBufferBoundry0" methodname="TestReadStringPropertyNameTripleByteCharBufferBoundry0" classname="Newtonsoft.Json.Tests.Bson.BsonReaderTests" runstate="Runnable" seed="1201074820" result="Passed" start-time="2019-11-12 05:38:55Z" end-time="2019-11-12 05:38:55Z" duration="0.000574" asserts="0">
                  <properties />
                </test-case>
                <test-case id="4046" name="TestReadStringPropertyNameTripleByteCharBufferBoundry1" fullname="Newtonsoft.Json.Tests.Bson.BsonReaderTests.TestReadStringPropertyNameTripleByteCharBufferBoundry1" methodname="TestReadStringPropertyNameTripleByteCharBufferBoundry1" classname="Newtonsoft.Json.Tests.Bson.BsonReaderTests" runstate="Runnable" seed="184162522" result="Passed" start-time="2019-11-12 05:38:55Z" end-time="2019-11-12 05:38:55Z" duration="0.000596" asserts="0">
                  <properties />
                </test-case>
                <test-case id="4048" name="TestReadStringPropertyNameTripleByteCharBufferBoundry2" fullname="Newtonsoft.Json.Tests.Bson.BsonReaderTests.TestReadStringPropertyNameTripleByteCharBufferBoundry2" methodname="TestReadStringPropertyNameTripleByteCharBufferBoundry2" classname="Newtonsoft.Json.Tests.Bson.BsonReaderTests" runstate="Runnable" seed="624185352" result="Passed" start-time="2019-11-12 05:38:55Z" end-time="2019-11-12 05:38:55Z" duration="0.000596" asserts="0">
                  <properties />
                </test-case>
                <test-case id="4047" name="TestReadStringPropertyNameTripleByteCharOne" fullname="Newtonsoft.Json.Tests.Bson.BsonReaderTests.TestReadStringPropertyNameTripleByteCharOne" methodname="TestReadStringPropertyNameTripleByteCharOne" classname="Newtonsoft.Json.Tests.Bson.BsonReaderTests" runstate="Runnable" seed="1367450698" result="Passed" start-time="2019-11-12 05:38:55Z" end-time="2019-11-12 05:38:55Z" duration="0.000577" asserts="0">
                  <properties />
                </test-case>
                <test-case id="4042" name="TestReadStringValue" fullname="Newtonsoft.Json.Tests.Bson.BsonReaderTests.TestReadStringValue" methodname="TestReadStringValue" classname="Newtonsoft.Json.Tests.Bson.BsonReaderTests" runstate="Runnable" seed="1565049511" result="Passed" start-time="2019-11-12 05:38:55Z" end-time="2019-11-12 05:38:55Z" duration="0.000554" asserts="0">
                  <properties />
                </test-case>
                <test-case id="4043" name="TestReadStringValueLong" fullname="Newtonsoft.Json.Tests.Bson.BsonReaderTests.TestReadStringValueLong" methodname="TestReadStringValueLong" classname="Newtonsoft.Json.Tests.Bson.BsonReaderTests" runstate="Runnable" seed="1341380689" result="Passed" start-time="2019-11-12 05:38:55Z" end-time="2019-11-12 05:38:55Z" duration="0.000545" asserts="0">
                  <properties />
                </test-case>
                <test-case id="4061" name="TypeNameHandlingAuto" fullname="Newtonsoft.Json.Tests.Bson.BsonReaderTests.TypeNameHandlingAuto" methodname="TypeNameHandlingAuto" classname="Newtonsoft.Json.Tests.Bson.BsonReaderTests" runstate="Runnable" seed="493643769" result="Passed" start-time="2019-11-12 05:38:55Z" end-time="2019-11-12 05:38:55Z" duration="0.024885" asserts="0">
                  <properties />
                </test-case>
                <test-case id="4035" name="UnspecifiedDateTimeKindHandling" fullname="Newtonsoft.Json.Tests.Bson.BsonReaderTests.UnspecifiedDateTimeKindHandling" methodname="UnspecifiedDateTimeKindHandling" classname="Newtonsoft.Json.Tests.Bson.BsonReaderTests" runstate="Runnable" seed="1068291077" result="Passed" start-time="2019-11-12 05:38:55Z" end-time="2019-11-12 05:38:55Z" duration="0.001275" asserts="0">
                  <properties />
                </test-case>
                <test-case id="4054" name="UriGuidTimeSpanTestClassEmptyTest" fullname="Newtonsoft.Json.Tests.Bson.BsonReaderTests.UriGuidTimeSpanTestClassEmptyTest" methodname="UriGuidTimeSpanTestClassEmptyTest" classname="Newtonsoft.Json.Tests.Bson.BsonReaderTests" runstate="Runnable" seed="221883837" result="Passed" start-time="2019-11-12 05:38:55Z" end-time="2019-11-12 05:38:55Z" duration="0.020135" asserts="0">
                  <properties />
                </test-case>
                <test-case id="4055" name="UriGuidTimeSpanTestClassValuesTest" fullname="Newtonsoft.Json.Tests.Bson.BsonReaderTests.UriGuidTimeSpanTestClassValuesTest" methodname="UriGuidTimeSpanTestClassValuesTest" classname="Newtonsoft.Json.Tests.Bson.BsonReaderTests" runstate="Runnable" seed="2139982158" result="Passed" start-time="2019-11-12 05:38:55Z" end-time="2019-11-12 05:38:55Z" duration="0.018599" asserts="0">
                  <properties />
                </test-case>
                <test-case id="4057" name="Utf8Text" fullname="Newtonsoft.Json.Tests.Bson.BsonReaderTests.Utf8Text" methodname="Utf8Text" classname="Newtonsoft.Json.Tests.Bson.BsonReaderTests" runstate="Runnable" seed="859086539" result="Passed" start-time="2019-11-12 05:38:55Z" end-time="2019-11-12 05:38:55Z" duration="0.024002" asserts="0">
                  <properties />
                </test-case>
                <test-case id="4033" name="WriteAndReadEmptyListsAndDictionaries" fullname="Newtonsoft.Json.Tests.Bson.BsonReaderTests.WriteAndReadEmptyListsAndDictionaries" methodname="WriteAndReadEmptyListsAndDictionaries" classname="Newtonsoft.Json.Tests.Bson.BsonReaderTests" runstate="Runnable" seed="1145215187" result="Passed" start-time="2019-11-12 05:38:55Z" end-time="2019-11-12 05:38:55Z" duration="0.001454" asserts="0">
                  <properties />
                </test-case>
                <test-case id="4058" name="WriteBigInteger" fullname="Newtonsoft.Json.Tests.Bson.BsonReaderTests.WriteBigInteger" methodname="WriteBigInteger" classname="Newtonsoft.Json.Tests.Bson.BsonReaderTests" runstate="Runnable" seed="650954482" result="Passed" start-time="2019-11-12 05:38:55Z" end-time="2019-11-12 05:38:55Z" duration="0.014489" asserts="0">
                  <properties />
                </test-case>
              </test-suite>
              <test-suite type="TestFixture" id="4067" name="BsonWriterTests" fullname="Newtonsoft.Json.Tests.Bson.BsonWriterTests" classname="Newtonsoft.Json.Tests.Bson.BsonWriterTests" runstate="Runnable" testcasecount="36" result="Passed" start-time="2019-11-12 05:38:55Z" end-time="2019-11-12 05:38:56Z" duration="0.250854" total="36" passed="36" failed="0" inconclusive="0" skipped="0" asserts="0">
                <properties />
                <test-case id="4103" name="AutoCompleteOnClose_False" fullname="Newtonsoft.Json.Tests.Bson.BsonWriterTests.AutoCompleteOnClose_False" methodname="AutoCompleteOnClose_False" classname="Newtonsoft.Json.Tests.Bson.BsonWriterTests" runstate="Runnable" seed="16184246" result="Passed" start-time="2019-11-12 05:38:55Z" end-time="2019-11-12 05:38:55Z" duration="0.000893" asserts="0">
                  <properties />
                </test-case>
                <test-case id="4068" name="CloseOutput" fullname="Newtonsoft.Json.Tests.Bson.BsonWriterTests.CloseOutput" methodname="CloseOutput" classname="Newtonsoft.Json.Tests.Bson.BsonWriterTests" runstate="Runnable" seed="624387538" result="Passed" start-time="2019-11-12 05:38:55Z" end-time="2019-11-12 05:38:55Z" duration="0.000617" asserts="0">
                  <properties />
                </test-case>
                <test-case id="4092" name="DateTimeZoneHandling" fullname="Newtonsoft.Json.Tests.Bson.BsonWriterTests.DateTimeZoneHandling" methodname="DateTimeZoneHandling" classname="Newtonsoft.Json.Tests.Bson.BsonWriterTests" runstate="Runnable" seed="130187652" result="Passed" start-time="2019-11-12 05:38:55Z" end-time="2019-11-12 05:38:55Z" duration="0.001114" asserts="0">
                  <properties />
                </test-case>
                <test-case id="4084" name="Example" fullname="Newtonsoft.Json.Tests.Bson.BsonWriterTests.Example" methodname="Example" classname="Newtonsoft.Json.Tests.Bson.BsonWriterTests" runstate="Runnable" seed="999770820" result="Passed" start-time="2019-11-12 05:38:55Z" end-time="2019-11-12 05:38:55Z" duration="0.038414" asserts="0">
                  <properties />
                </test-case>
                <test-case id="4094" name="SerializeByteArray_ErrorWhenTopLevel" fullname="Newtonsoft.Json.Tests.Bson.BsonWriterTests.SerializeByteArray_ErrorWhenTopLevel" methodname="SerializeByteArray_ErrorWhenTopLevel" classname="Newtonsoft.Json.Tests.Bson.BsonWriterTests" runstate="Runnable" seed="1582516979" result="Passed" start-time="2019-11-12 05:38:55Z" end-time="2019-11-12 05:38:55Z" duration="0.003766" asserts="0">
                  <properties />
                </test-case>
                <test-case id="4093" name="SerializeDeserializeRegex" fullname="Newtonsoft.Json.Tests.Bson.BsonWriterTests.SerializeDeserializeRegex" methodname="SerializeDeserializeRegex" classname="Newtonsoft.Json.Tests.Bson.BsonWriterTests" runstate="Runnable" seed="464945231" result="Passed" start-time="2019-11-12 05:38:55Z" end-time="2019-11-12 05:38:55Z" duration="0.011429" asserts="0">
                  <properties />
                </test-case>
                <test-case id="4088" name="SerializeEmptyAndNullStrings" fullname="Newtonsoft.Json.Tests.Bson.BsonWriterTests.SerializeEmptyAndNullStrings" methodname="SerializeEmptyAndNullStrings" classname="Newtonsoft.Json.Tests.Bson.BsonWriterTests" runstate="Runnable" seed="187559747" result="Passed" start-time="2019-11-12 05:38:55Z" end-time="2019-11-12 05:38:55Z" duration="0.002012" asserts="0">
                  <properties />
                </test-case>
                <test-case id="4078" name="SerializeGoogleGeoCode" fullname="Newtonsoft.Json.Tests.Bson.BsonWriterTests.SerializeGoogleGeoCode" methodname="SerializeGoogleGeoCode" classname="Newtonsoft.Json.Tests.Bson.BsonWriterTests" runstate="Runnable" seed="509038783" result="Passed" start-time="2019-11-12 05:38:55Z" end-time="2019-11-12 05:38:55Z" duration="0.041982" asserts="0">
                  <properties />
                </test-case>
                <test-case id="4073" name="WriteArrayBsonFromSite" fullname="Newtonsoft.Json.Tests.Bson.BsonWriterTests.WriteArrayBsonFromSite" methodname="WriteArrayBsonFromSite" classname="Newtonsoft.Json.Tests.Bson.BsonWriterTests" runstate="Runnable" seed="1287835614" result="Passed" start-time="2019-11-12 05:38:55Z" end-time="2019-11-12 05:38:55Z" duration="0.000859" asserts="0">
                  <properties />
                </test-case>
                <test-case id="4097" name="WriteBigInteger" fullname="Newtonsoft.Json.Tests.Bson.BsonWriterTests.WriteBigInteger" methodname="WriteBigInteger" classname="Newtonsoft.Json.Tests.Bson.BsonWriterTests" runstate="Runnable" seed="56338860" result="Passed" start-time="2019-11-12 05:38:55Z" end-time="2019-11-12 05:38:55Z" duration="0.003931" asserts="0">
                  <properties />
                </test-case>
                <test-case id="4099" name="WriteByteArray" fullname="Newtonsoft.Json.Tests.Bson.BsonWriterTests.WriteByteArray" methodname="WriteByteArray" classname="Newtonsoft.Json.Tests.Bson.BsonWriterTests" runstate="Runnable" seed="1936529902" result="Passed" start-time="2019-11-12 05:38:55Z" end-time="2019-11-12 05:38:55Z" duration="0.001293" asserts="0">
                  <properties />
                </test-case>
                <test-case id="4074" name="WriteBytes" fullname="Newtonsoft.Json.Tests.Bson.BsonWriterTests.WriteBytes" methodname="WriteBytes" classname="Newtonsoft.Json.Tests.Bson.BsonWriterTests" runstate="Runnable" seed="624389612" result="Passed" start-time="2019-11-12 05:38:55Z" end-time="2019-11-12 05:38:55Z" duration="0.000961" asserts="0">
                  <properties />
                </test-case>
                <test-case id="4080" name="WriteComment" fullname="Newtonsoft.Json.Tests.Bson.BsonWriterTests.WriteComment" methodname="WriteComment" classname="Newtonsoft.Json.Tests.Bson.BsonWriterTests" runstate="Runnable" seed="27031410" result="Passed" start-time="2019-11-12 05:38:55Z" end-time="2019-11-12 05:38:55Z" duration="0.001012" asserts="0">
                  <properties />
                </test-case>
                <test-case id="4081" name="WriteConstructor" fullname="Newtonsoft.Json.Tests.Bson.BsonWriterTests.WriteConstructor" methodname="WriteConstructor" classname="Newtonsoft.Json.Tests.Bson.BsonWriterTests" runstate="Runnable" seed="1678018678" result="Passed" start-time="2019-11-12 05:38:55Z" end-time="2019-11-12 05:38:55Z" duration="0.000791" asserts="0">
                  <properties />
                </test-case>
                <test-case id="4090" name="WriteDateTimes" fullname="Newtonsoft.Json.Tests.Bson.BsonWriterTests.WriteDateTimes" methodname="WriteDateTimes" classname="Newtonsoft.Json.Tests.Bson.BsonWriterTests" runstate="Runnable" seed="93535160" result="Passed" start-time="2019-11-12 05:38:55Z" end-time="2019-11-12 05:38:55Z" duration="0.001358" asserts="0">
                  <properties />
                </test-case>
                <test-case id="4071" name="WriteDouble" fullname="Newtonsoft.Json.Tests.Bson.BsonWriterTests.WriteDouble" methodname="WriteDouble" classname="Newtonsoft.Json.Tests.Bson.BsonWriterTests" runstate="Runnable" seed="1604003347" result="Passed" start-time="2019-11-12 05:38:55Z" end-time="2019-11-12 05:38:55Z" duration="0.000661" asserts="0">
                  <properties />
                </test-case>
                <test-case id="4079" name="WriteEmptyStrings" fullname="Newtonsoft.Json.Tests.Bson.BsonWriterTests.WriteEmptyStrings" methodname="WriteEmptyStrings" classname="Newtonsoft.Json.Tests.Bson.BsonWriterTests" runstate="Runnable" seed="1976904235" result="Passed" start-time="2019-11-12 05:38:55Z" end-time="2019-11-12 05:38:55Z" duration="0.000635" asserts="0">
                  <properties />
                </test-case>
                <test-case id="4100" name="WriteEndOnProperty" fullname="Newtonsoft.Json.Tests.Bson.BsonWriterTests.WriteEndOnProperty" methodname="WriteEndOnProperty" classname="Newtonsoft.Json.Tests.Bson.BsonWriterTests" runstate="Runnable" seed="2056680626" result="Passed" start-time="2019-11-12 05:38:55Z" end-time="2019-11-12 05:38:55Z" duration="0.000514" asserts="0">
                  <properties />
                </test-case>
                <test-case id="4101" name="WriteEndOnProperty_Close" fullname="Newtonsoft.Json.Tests.Bson.BsonWriterTests.WriteEndOnProperty_Close" methodname="WriteEndOnProperty_Close" classname="Newtonsoft.Json.Tests.Bson.BsonWriterTests" runstate="Runnable" seed="578311361" result="Passed" start-time="2019-11-12 05:38:55Z" end-time="2019-11-12 05:38:55Z" duration="0.000509" asserts="0">
                  <properties />
                </test-case>
                <test-case id="4102" name="WriteEndOnProperty_Dispose" fullname="Newtonsoft.Json.Tests.Bson.BsonWriterTests.WriteEndOnProperty_Dispose" methodname="WriteEndOnProperty_Dispose" classname="Newtonsoft.Json.Tests.Bson.BsonWriterTests" runstate="Runnable" seed="1278195570" result="Passed" start-time="2019-11-12 05:38:55Z" end-time="2019-11-12 05:38:55Z" duration="0.000725" asserts="0">
                  <properties />
                </test-case>
                <test-case id="4072" name="WriteGuid" fullname="Newtonsoft.Json.Tests.Bson.BsonWriterTests.WriteGuid" methodname="WriteGuid" classname="Newtonsoft.Json.Tests.Bson.BsonWriterTests" runstate="Runnable" seed="118581675" result="Passed" start-time="2019-11-12 05:38:55Z" end-time="2019-11-12 05:38:55Z" duration="0.000665" asserts="0">
                  <properties />
                </test-case>
                <test-case id="4077" name="WriteLargeStrings" fullname="Newtonsoft.Json.Tests.Bson.BsonWriterTests.WriteLargeStrings" methodname="WriteLargeStrings" classname="Newtonsoft.Json.Tests.Bson.BsonWriterTests" runstate="Runnable" seed="1242357869" result="Passed" start-time="2019-11-12 05:38:55Z" end-time="2019-11-12 05:38:55Z" duration="0.001016" asserts="0">
                  <properties />
                </test-case>
                <test-case id="4075" name="WriteNestedArray" fullname="Newtonsoft.Json.Tests.Bson.BsonWriterTests.WriteNestedArray" methodname="WriteNestedArray" classname="Newtonsoft.Json.Tests.Bson.BsonWriterTests" runstate="Runnable" seed="1976675137" result="Passed" start-time="2019-11-12 05:38:55Z" end-time="2019-11-12 05:38:55Z" duration="0.000860" asserts="0">
                  <properties />
                </test-case>
                <test-case id="4085" name="WriteOid" fullname="Newtonsoft.Json.Tests.Bson.BsonWriterTests.WriteOid" methodname="WriteOid" classname="Newtonsoft.Json.Tests.Bson.BsonWriterTests" runstate="Runnable" seed="1024961032" result="Passed" start-time="2019-11-12 05:38:55Z" end-time="2019-11-12 05:38:55Z" duration="0.001097" asserts="0">
                  <properties />
                </test-case>
                <test-case id="4086" name="WriteOidPlusContent" fullname="Newtonsoft.Json.Tests.Bson.BsonWriterTests.WriteOidPlusContent" methodname="WriteOidPlusContent" classname="Newtonsoft.Json.Tests.Bson.BsonWriterTests" runstate="Runnable" seed="1679500092" result="Passed" start-time="2019-11-12 05:38:55Z" end-time="2019-11-12 05:38:55Z" duration="0.000804" asserts="0">
                  <properties />
                </test-case>
                <test-case id="4082" name="WriteRaw" fullname="Newtonsoft.Json.Tests.Bson.BsonWriterTests.WriteRaw" methodname="WriteRaw" classname="Newtonsoft.Json.Tests.Bson.BsonWriterTests" runstate="Runnable" seed="1576585753" result="Passed" start-time="2019-11-12 05:38:55Z" end-time="2019-11-12 05:38:55Z" duration="0.000845" asserts="0">
                  <properties />
                </test-case>
                <test-case id="4083" name="WriteRawValue" fullname="Newtonsoft.Json.Tests.Bson.BsonWriterTests.WriteRawValue" methodname="WriteRawValue" classname="Newtonsoft.Json.Tests.Bson.BsonWriterTests" runstate="Runnable" seed="1550630871" result="Passed" start-time="2019-11-12 05:38:55Z" end-time="2019-11-12 05:38:55Z" duration="0.000833" asserts="0">
                  <properties />
                </test-case>
                <test-case id="4089" name="WriteReadEmptyAndNullStrings" fullname="Newtonsoft.Json.Tests.Bson.BsonWriterTests.WriteReadEmptyAndNullStrings" methodname="WriteReadEmptyAndNullStrings" classname="Newtonsoft.Json.Tests.Bson.BsonWriterTests" runstate="Runnable" seed="819314163" result="Passed" start-time="2019-11-12 05:38:55Z" end-time="2019-11-12 05:38:55Z" duration="0.000959" asserts="0">
                  <properties />
                </test-case>
                <test-case id="4095" name="WriteReadGuid" fullname="Newtonsoft.Json.Tests.Bson.BsonWriterTests.WriteReadGuid" methodname="WriteReadGuid" classname="Newtonsoft.Json.Tests.Bson.BsonWriterTests" runstate="Runnable" seed="1052309908" result="Passed" start-time="2019-11-12 05:38:55Z" end-time="2019-11-12 05:38:55Z" duration="0.002184" asserts="0">
                  <properties />
                </test-case>
                <test-case id="4087" name="WriteRegexPlusContent" fullname="Newtonsoft.Json.Tests.Bson.BsonWriterTests.WriteRegexPlusContent" methodname="WriteRegexPlusContent" classname="Newtonsoft.Json.Tests.Bson.BsonWriterTests" runstate="Runnable" seed="581362332" result="Passed" start-time="2019-11-12 05:38:55Z" end-time="2019-11-12 05:38:55Z" duration="0.000777" asserts="0">
                  <properties />
                </test-case>
                <test-case id="4076" name="WriteSerializedStore" fullname="Newtonsoft.Json.Tests.Bson.BsonWriterTests.WriteSerializedStore" methodname="WriteSerializedStore" classname="Newtonsoft.Json.Tests.Bson.BsonWriterTests" runstate="Runnable" seed="1942026918" result="Passed" start-time="2019-11-12 05:38:55Z" end-time="2019-11-12 05:38:56Z" duration="0.034586" asserts="0">
                  <properties />
                </test-case>
                <test-case id="4069" name="WriteSingleObject" fullname="Newtonsoft.Json.Tests.Bson.BsonWriterTests.WriteSingleObject" methodname="WriteSingleObject" classname="Newtonsoft.Json.Tests.Bson.BsonWriterTests" runstate="Runnable" seed="917818612" result="Passed" start-time="2019-11-12 05:38:56Z" end-time="2019-11-12 05:38:56Z" duration="0.000813" asserts="0">
                  <properties />
                </test-case>
                <test-case id="4096" name="WriteStringReadGuid" fullname="Newtonsoft.Json.Tests.Bson.BsonWriterTests.WriteStringReadGuid" methodname="WriteStringReadGuid" classname="Newtonsoft.Json.Tests.Bson.BsonWriterTests" runstate="Runnable" seed="1174726729" result="Passed" start-time="2019-11-12 05:38:56Z" end-time="2019-11-12 05:38:56Z" duration="0.002256" asserts="0">
                  <properties />
                </test-case>
                <test-case id="4098" name="WriteUri" fullname="Newtonsoft.Json.Tests.Bson.BsonWriterTests.WriteUri" methodname="WriteUri" classname="Newtonsoft.Json.Tests.Bson.BsonWriterTests" runstate="Runnable" seed="1918453656" result="Passed" start-time="2019-11-12 05:38:56Z" end-time="2019-11-12 05:38:56Z" duration="0.001009" asserts="0">
                  <properties />
                </test-case>
                <test-case id="4091" name="WriteValueOutsideOfObjectOrArray" fullname="Newtonsoft.Json.Tests.Bson.BsonWriterTests.WriteValueOutsideOfObjectOrArray" methodname="WriteValueOutsideOfObjectOrArray" classname="Newtonsoft.Json.Tests.Bson.BsonWriterTests" runstate="Runnable" seed="2011319284" result="Passed" start-time="2019-11-12 05:38:56Z" end-time="2019-11-12 05:38:56Z" duration="0.000852" asserts="0">
                  <properties />
                </test-case>
                <test-case id="4070" name="WriteValues" fullname="Newtonsoft.Json.Tests.Bson.BsonWriterTests.WriteValues" methodname="WriteValues" classname="Newtonsoft.Json.Tests.Bson.BsonWriterTests" runstate="Runnable" seed="288601973" result="Passed" start-time="2019-11-12 05:38:56Z" end-time="2019-11-12 05:38:56Z" duration="0.003907" asserts="0">
                  <properties />
                </test-case>
              </test-suite>
            </test-suite>
            <test-suite type="TestSuite" id="4126" name="Converters" fullname="Newtonsoft.Json.Tests.Converters" runstate="Runnable" testcasecount="246" result="Failed" site="Child" start-time="2019-11-12 05:38:56Z" end-time="2019-11-12 05:38:59Z" duration="2.860636" total="246" passed="243" failed="3" inconclusive="0" skipped="0" asserts="0">
              <properties />
              <failure>
                <message><![CDATA[One or more child tests had errors]]></message>
              </failure>
              <test-suite type="TestFixture" id="3747" name="BinaryConverterTests" fullname="Newtonsoft.Json.Tests.Converters.BinaryConverterTests" classname="Newtonsoft.Json.Tests.Converters.BinaryConverterTests" runstate="Runnable" testcasecount="5" result="Passed" start-time="2019-11-12 05:38:56Z" end-time="2019-11-12 05:38:56Z" duration="0.042167" total="5" passed="5" failed="0" inconclusive="0" skipped="0" asserts="0">
                <properties />
                <test-case id="3751" name="DeserializeByteArrayClass" fullname="Newtonsoft.Json.Tests.Converters.BinaryConverterTests.DeserializeByteArrayClass" methodname="DeserializeByteArrayClass" classname="Newtonsoft.Json.Tests.Converters.BinaryConverterTests" runstate="Runnable" seed="1359309628" result="Passed" start-time="2019-11-12 05:38:56Z" end-time="2019-11-12 05:38:56Z" duration="0.005321" asserts="0">
                  <properties />
                </test-case>
                <test-case id="3752" name="DeserializeByteArrayFromJsonArray" fullname="Newtonsoft.Json.Tests.Converters.BinaryConverterTests.DeserializeByteArrayFromJsonArray" methodname="DeserializeByteArrayFromJsonArray" classname="Newtonsoft.Json.Tests.Converters.BinaryConverterTests" runstate="Runnable" seed="1283467648" result="Passed" start-time="2019-11-12 05:38:56Z" end-time="2019-11-12 05:38:56Z" duration="0.002086" asserts="0">
                  <properties />
                </test-case>
                <test-case id="3750" name="DeserializeSqlBinaryClass" fullname="Newtonsoft.Json.Tests.Converters.BinaryConverterTests.DeserializeSqlBinaryClass" methodname="DeserializeSqlBinaryClass" classname="Newtonsoft.Json.Tests.Converters.BinaryConverterTests" runstate="Runnable" seed="643109334" result="Passed" start-time="2019-11-12 05:38:56Z" end-time="2019-11-12 05:38:56Z" duration="0.014569" asserts="0">
                  <properties />
                </test-case>
                <test-case id="3748" name="SerializeByteArrayClass" fullname="Newtonsoft.Json.Tests.Converters.BinaryConverterTests.SerializeByteArrayClass" methodname="SerializeByteArrayClass" classname="Newtonsoft.Json.Tests.Converters.BinaryConverterTests" runstate="Runnable" seed="1614552078" result="Passed" start-time="2019-11-12 05:38:56Z" end-time="2019-11-12 05:38:56Z" duration="0.005035" asserts="0">
                  <properties />
                </test-case>
                <test-case id="3749" name="SerializeSqlBinaryClass" fullname="Newtonsoft.Json.Tests.Converters.BinaryConverterTests.SerializeSqlBinaryClass" methodname="SerializeSqlBinaryClass" classname="Newtonsoft.Json.Tests.Converters.BinaryConverterTests" runstate="Runnable" seed="538975353" result="Passed" start-time="2019-11-12 05:38:56Z" end-time="2019-11-12 05:38:56Z" duration="0.001317" asserts="0">
                  <properties />
                </test-case>
              </test-suite>
              <test-suite type="TestFixture" id="3753" name="CustomCreationConverterTests" fullname="Newtonsoft.Json.Tests.Converters.CustomCreationConverterTests" classname="Newtonsoft.Json.Tests.Converters.CustomCreationConverterTests" runstate="Runnable" testcasecount="4" result="Passed" start-time="2019-11-12 05:38:56Z" end-time="2019-11-12 05:38:56Z" duration="0.057708" total="4" passed="4" failed="0" inconclusive="0" skipped="0" asserts="0">
                <properties />
                <test-case id="3755" name="AssertDoesDeserialize" fullname="Newtonsoft.Json.Tests.Converters.CustomCreationConverterTests.AssertDoesDeserialize" methodname="AssertDoesDeserialize" classname="Newtonsoft.Json.Tests.Converters.CustomCreationConverterTests" runstate="Runnable" seed="1465036559" result="Passed" start-time="2019-11-12 05:38:56Z" end-time="2019-11-12 05:38:56Z" duration="0.008387" asserts="0">
                  <properties />
                </test-case>
                <test-case id="3756" name="AssertShouldSerializeTest" fullname="Newtonsoft.Json.Tests.Converters.CustomCreationConverterTests.AssertShouldSerializeTest" methodname="AssertShouldSerializeTest" classname="Newtonsoft.Json.Tests.Converters.CustomCreationConverterTests" runstate="Runnable" seed="560379285" result="Passed" start-time="2019-11-12 05:38:56Z" end-time="2019-11-12 05:38:56Z" duration="0.001593" asserts="0">
                  <properties />
                </test-case>
                <test-case id="3757" name="DeserializeAndConvertNullValue" fullname="Newtonsoft.Json.Tests.Converters.CustomCreationConverterTests.DeserializeAndConvertNullValue" methodname="DeserializeAndConvertNullValue" classname="Newtonsoft.Json.Tests.Converters.CustomCreationConverterTests" runstate="Runnable" seed="1450470330" result="Passed" start-time="2019-11-12 05:38:56Z" end-time="2019-11-12 05:38:56Z" duration="0.016846" asserts="0">
                  <properties />
                </test-case>
                <test-case id="3754" name="DeserializeObject" fullname="Newtonsoft.Json.Tests.Converters.CustomCreationConverterTests.DeserializeObject" methodname="DeserializeObject" classname="Newtonsoft.Json.Tests.Converters.CustomCreationConverterTests" runstate="Runnable" seed="771549930" result="Passed" start-time="2019-11-12 05:38:56Z" end-time="2019-11-12 05:38:56Z" duration="0.018967" asserts="0">
                  <properties />
                </test-case>
              </test-suite>
              <test-suite type="TestFixture" id="3758" name="ExpandoObjectConverterTests" fullname="Newtonsoft.Json.Tests.Converters.ExpandoObjectConverterTests" classname="Newtonsoft.Json.Tests.Converters.ExpandoObjectConverterTests" runstate="Runnable" testcasecount="4" result="Passed" start-time="2019-11-12 05:38:56Z" end-time="2019-11-12 05:38:57Z" duration="0.535487" total="4" passed="4" failed="0" inconclusive="0" skipped="0" asserts="0">
                <properties />
                <test-case id="3761" name="DeserializeExpandoObject" fullname="Newtonsoft.Json.Tests.Converters.ExpandoObjectConverterTests.DeserializeExpandoObject" methodname="DeserializeExpandoObject" classname="Newtonsoft.Json.Tests.Converters.ExpandoObjectConverterTests" runstate="Runnable" seed="1423059715" result="Passed" start-time="2019-11-12 05:38:56Z" end-time="2019-11-12 05:38:56Z" duration="0.482713" asserts="0">
                  <properties />
                </test-case>
                <test-case id="3762" name="DeserializeNullExpandoObject" fullname="Newtonsoft.Json.Tests.Converters.ExpandoObjectConverterTests.DeserializeNullExpandoObject" methodname="DeserializeNullExpandoObject" classname="Newtonsoft.Json.Tests.Converters.ExpandoObjectConverterTests" runstate="Runnable" seed="1573983787" result="Passed" start-time="2019-11-12 05:38:56Z" end-time="2019-11-12 05:38:56Z" duration="0.001055" asserts="0">
                  <properties />
                </test-case>
                <test-case id="3759" name="SerializeExpandoObject" fullname="Newtonsoft.Json.Tests.Converters.ExpandoObjectConverterTests.SerializeExpandoObject" methodname="SerializeExpandoObject" classname="Newtonsoft.Json.Tests.Converters.ExpandoObjectConverterTests" runstate="Runnable" seed="20763825" result="Passed" start-time="2019-11-12 05:38:56Z" end-time="2019-11-12 05:38:57Z" duration="0.026457" asserts="0">
                  <properties />
                </test-case>
                <test-case id="3760" name="SerializeNullExpandoObject" fullname="Newtonsoft.Json.Tests.Converters.ExpandoObjectConverterTests.SerializeNullExpandoObject" methodname="SerializeNullExpandoObject" classname="Newtonsoft.Json.Tests.Converters.ExpandoObjectConverterTests" runstate="Runnable" seed="1048888050" result="Passed" start-time="2019-11-12 05:38:57Z" end-time="2019-11-12 05:38:57Z" duration="0.000802" asserts="0">
                  <properties />
                </test-case>
              </test-suite>
              <test-suite type="TestFixture" id="3763" name="GenericJsonConverterTests" fullname="Newtonsoft.Json.Tests.Converters.GenericJsonConverterTests" classname="Newtonsoft.Json.Tests.Converters.GenericJsonConverterTests" runstate="Runnable" testcasecount="7" result="Passed" start-time="2019-11-12 05:38:57Z" end-time="2019-11-12 05:38:57Z" duration="0.024058" total="7" passed="7" failed="0" inconclusive="0" skipped="0" asserts="0">
                <properties />
                <test-case id="3767" name="ReadJsonGenericExistingValueNull" fullname="Newtonsoft.Json.Tests.Converters.GenericJsonConverterTests.ReadJsonGenericExistingValueNull" methodname="ReadJsonGenericExistingValueNull" classname="Newtonsoft.Json.Tests.Converters.GenericJsonConverterTests" runstate="Runnable" seed="113869938" result="Passed" start-time="2019-11-12 05:38:57Z" end-time="2019-11-12 05:38:57Z" duration="0.000995" asserts="0">
                  <properties />
                </test-case>
                <test-case id="3768" name="ReadJsonGenericExistingValueString" fullname="Newtonsoft.Json.Tests.Converters.GenericJsonConverterTests.ReadJsonGenericExistingValueString" methodname="ReadJsonGenericExistingValueString" classname="Newtonsoft.Json.Tests.Converters.GenericJsonConverterTests" runstate="Runnable" seed="1477577642" result="Passed" start-time="2019-11-12 05:38:57Z" end-time="2019-11-12 05:38:57Z" duration="0.000665" asserts="0">
                  <properties />
                </test-case>
                <test-case id="3769" name="ReadJsonObjectExistingValueNull" fullname="Newtonsoft.Json.Tests.Converters.GenericJsonConverterTests.ReadJsonObjectExistingValueNull" methodname="ReadJsonObjectExistingValueNull" classname="Newtonsoft.Json.Tests.Converters.GenericJsonConverterTests" runstate="Runnable" seed="1120177193" result="Passed" start-time="2019-11-12 05:38:57Z" end-time="2019-11-12 05:38:57Z" duration="0.000827" asserts="0">
                  <properties />
                </test-case>
                <test-case id="3770" name="ReadJsonObjectExistingValueWrongType" fullname="Newtonsoft.Json.Tests.Converters.GenericJsonConverterTests.ReadJsonObjectExistingValueWrongType" methodname="ReadJsonObjectExistingValueWrongType" classname="Newtonsoft.Json.Tests.Converters.GenericJsonConverterTests" runstate="Runnable" seed="554066180" result="Passed" start-time="2019-11-12 05:38:57Z" end-time="2019-11-12 05:38:57Z" duration="0.000899" asserts="0">
                  <properties />
                </test-case>
                <test-case id="3766" name="WriteJsonBadType" fullname="Newtonsoft.Json.Tests.Converters.GenericJsonConverterTests.WriteJsonBadType" methodname="WriteJsonBadType" classname="Newtonsoft.Json.Tests.Converters.GenericJsonConverterTests" runstate="Runnable" seed="682387603" result="Passed" start-time="2019-11-12 05:38:57Z" end-time="2019-11-12 05:38:57Z" duration="0.001276" asserts="0">
                  <properties />
                </test-case>
                <test-case id="3765" name="WriteJsonGeneric" fullname="Newtonsoft.Json.Tests.Converters.GenericJsonConverterTests.WriteJsonGeneric" methodname="WriteJsonGeneric" classname="Newtonsoft.Json.Tests.Converters.GenericJsonConverterTests" runstate="Runnable" seed="894294350" result="Passed" start-time="2019-11-12 05:38:57Z" end-time="2019-11-12 05:38:57Z" duration="0.000729" asserts="0">
                  <properties />
                </test-case>
                <test-case id="3764" name="WriteJsonObject" fullname="Newtonsoft.Json.Tests.Converters.GenericJsonConverterTests.WriteJsonObject" methodname="WriteJsonObject" classname="Newtonsoft.Json.Tests.Converters.GenericJsonConverterTests" runstate="Runnable" seed="112970596" result="Passed" start-time="2019-11-12 05:38:57Z" end-time="2019-11-12 05:38:57Z" duration="0.000634" asserts="0">
                  <properties />
                </test-case>
              </test-suite>
              <test-suite type="TestFixture" id="3771" name="IsoDateTimeConverterTests" fullname="Newtonsoft.Json.Tests.Converters.IsoDateTimeConverterTests" classname="Newtonsoft.Json.Tests.Converters.IsoDateTimeConverterTests" runstate="Runnable" testcasecount="14" result="Passed" start-time="2019-11-12 05:38:57Z" end-time="2019-11-12 05:38:57Z" duration="0.089861" total="14" passed="14" failed="0" inconclusive="0" skipped="0" asserts="0">
                <properties />
                <test-case id="3784" name="BlogCodeSample" fullname="Newtonsoft.Json.Tests.Converters.IsoDateTimeConverterTests.BlogCodeSample" methodname="BlogCodeSample" classname="Newtonsoft.Json.Tests.Converters.IsoDateTimeConverterTests" runstate="Runnable" seed="895733231" result="Passed" start-time="2019-11-12 05:38:57Z" end-time="2019-11-12 05:38:57Z" duration="0.008068" asserts="0">
                  <properties />
                </test-case>
                <test-case id="3785" name="DeserializeDateTimeOffset" fullname="Newtonsoft.Json.Tests.Converters.IsoDateTimeConverterTests.DeserializeDateTimeOffset" methodname="DeserializeDateTimeOffset" classname="Newtonsoft.Json.Tests.Converters.IsoDateTimeConverterTests" runstate="Runnable" seed="600504994" result="Passed" start-time="2019-11-12 05:38:57Z" end-time="2019-11-12 05:38:57Z" duration="0.006642" asserts="0">
                  <properties />
                </test-case>
                <test-case id="3782" name="DeserializeNullToNonNullable" fullname="Newtonsoft.Json.Tests.Converters.IsoDateTimeConverterTests.DeserializeNullToNonNullable" methodname="DeserializeNullToNonNullable" classname="Newtonsoft.Json.Tests.Converters.IsoDateTimeConverterTests" runstate="Runnable" seed="988818139" result="Passed" start-time="2019-11-12 05:38:57Z" end-time="2019-11-12 05:38:57Z" duration="0.005326" asserts="0">
                  <properties />
                </test-case>
                <test-case id="3781" name="NullableDeserializeEmptyString" fullname="Newtonsoft.Json.Tests.Converters.IsoDateTimeConverterTests.NullableDeserializeEmptyString" methodname="NullableDeserializeEmptyString" classname="Newtonsoft.Json.Tests.Converters.IsoDateTimeConverterTests" runstate="Runnable" seed="1616943102" result="Passed" start-time="2019-11-12 05:38:57Z" end-time="2019-11-12 05:38:57Z" duration="0.005154" asserts="0">
                  <properties />
                </test-case>
                <test-case id="3780" name="NullableSerializeUTC" fullname="Newtonsoft.Json.Tests.Converters.IsoDateTimeConverterTests.NullableSerializeUTC" methodname="NullableSerializeUTC" classname="Newtonsoft.Json.Tests.Converters.IsoDateTimeConverterTests" runstate="Runnable" seed="1621724587" result="Passed" start-time="2019-11-12 05:38:57Z" end-time="2019-11-12 05:38:57Z" duration="0.004041" asserts="0">
                  <properties />
                </test-case>
                <test-case id="3772" name="PropertiesShouldBeSet" fullname="Newtonsoft.Json.Tests.Converters.IsoDateTimeConverterTests.PropertiesShouldBeSet" methodname="PropertiesShouldBeSet" classname="Newtonsoft.Json.Tests.Converters.IsoDateTimeConverterTests" runstate="Runnable" seed="337452909" result="Passed" start-time="2019-11-12 05:38:57Z" end-time="2019-11-12 05:38:57Z" duration="0.001219" asserts="0">
                  <properties />
                </test-case>
                <test-case id="3775" name="SerializeCustomFormattedDateTime" fullname="Newtonsoft.Json.Tests.Converters.IsoDateTimeConverterTests.SerializeCustomFormattedDateTime" methodname="SerializeCustomFormattedDateTime" classname="Newtonsoft.Json.Tests.Converters.IsoDateTimeConverterTests" runstate="Runnable" seed="979672157" result="Passed" start-time="2019-11-12 05:38:57Z" end-time="2019-11-12 05:38:57Z" duration="0.006718" asserts="0">
                  <properties />
                </test-case>
                <test-case id="3773" name="SerializeDateTime" fullname="Newtonsoft.Json.Tests.Converters.IsoDateTimeConverterTests.SerializeDateTime" methodname="SerializeDateTime" classname="Newtonsoft.Json.Tests.Converters.IsoDateTimeConverterTests" runstate="Runnable" seed="1303356511" result="Passed" start-time="2019-11-12 05:38:57Z" end-time="2019-11-12 05:38:57Z" duration="0.001885" asserts="0">
                  <properties />
                </test-case>
                <test-case id="3777" name="SerializeDateTimeCulture" fullname="Newtonsoft.Json.Tests.Converters.IsoDateTimeConverterTests.SerializeDateTimeCulture" methodname="SerializeDateTimeCulture" classname="Newtonsoft.Json.Tests.Converters.IsoDateTimeConverterTests" runstate="Runnable" seed="1609050723" result="Passed" start-time="2019-11-12 05:38:57Z" end-time="2019-11-12 05:38:57Z" duration="0.007506" asserts="0">
                  <properties />
                </test-case>
                <test-case id="3778" name="SerializeDateTimeOffset" fullname="Newtonsoft.Json.Tests.Converters.IsoDateTimeConverterTests.SerializeDateTimeOffset" methodname="SerializeDateTimeOffset" classname="Newtonsoft.Json.Tests.Converters.IsoDateTimeConverterTests" runstate="Runnable" seed="2142059213" result="Passed" start-time="2019-11-12 05:38:57Z" end-time="2019-11-12 05:38:57Z" duration="0.001072" asserts="0">
                  <properties />
                </test-case>
                <test-case id="3774" name="SerializeFormattedDateTimeInvariantCulture" fullname="Newtonsoft.Json.Tests.Converters.IsoDateTimeConverterTests.SerializeFormattedDateTimeInvariantCulture" methodname="SerializeFormattedDateTimeInvariantCulture" classname="Newtonsoft.Json.Tests.Converters.IsoDateTimeConverterTests" runstate="Runnable" seed="237743945" result="Passed" start-time="2019-11-12 05:38:57Z" end-time="2019-11-12 05:38:57Z" duration="0.002887" asserts="0">
                  <properties />
                </test-case>
                <test-case id="3776" name="SerializeFormattedDateTimeNewZealandCulture" fullname="Newtonsoft.Json.Tests.Converters.IsoDateTimeConverterTests.SerializeFormattedDateTimeNewZealandCulture" methodname="SerializeFormattedDateTimeNewZealandCulture" classname="Newtonsoft.Json.Tests.Converters.IsoDateTimeConverterTests" runstate="Runnable" seed="1292436866" result="Passed" start-time="2019-11-12 05:38:57Z" end-time="2019-11-12 05:38:57Z" duration="0.002185" asserts="0">
                  <properties />
                </test-case>
                <test-case id="3783" name="SerializeShouldChangeNonUTCDates" fullname="Newtonsoft.Json.Tests.Converters.IsoDateTimeConverterTests.SerializeShouldChangeNonUTCDates" methodname="SerializeShouldChangeNonUTCDates" classname="Newtonsoft.Json.Tests.Converters.IsoDateTimeConverterTests" runstate="Runnable" seed="1929844571" result="Passed" start-time="2019-11-12 05:38:57Z" end-time="2019-11-12 05:38:57Z" duration="0.001995" asserts="0">
                  <properties />
                </test-case>
                <test-case id="3779" name="SerializeUTC" fullname="Newtonsoft.Json.Tests.Converters.IsoDateTimeConverterTests.SerializeUTC" methodname="SerializeUTC" classname="Newtonsoft.Json.Tests.Converters.IsoDateTimeConverterTests" runstate="Runnable" seed="1879694226" result="Passed" start-time="2019-11-12 05:38:57Z" end-time="2019-11-12 05:38:57Z" duration="0.001588" asserts="0">
                  <properties />
                </test-case>
              </test-suite>
              <test-suite type="TestFixture" id="3786" name="JavaScriptDateTimeConverterTests" fullname="Newtonsoft.Json.Tests.Converters.JavaScriptDateTimeConverterTests" classname="Newtonsoft.Json.Tests.Converters.JavaScriptDateTimeConverterTests" runstate="Runnable" testcasecount="14" result="Passed" start-time="2019-11-12 05:38:57Z" end-time="2019-11-12 05:38:57Z" duration="0.064459" total="14" passed="14" failed="0" inconclusive="0" skipped="0" asserts="0">
                <properties />
                <test-case id="3799" name="ConverterDictionary" fullname="Newtonsoft.Json.Tests.Converters.JavaScriptDateTimeConverterTests.ConverterDictionary" methodname="ConverterDictionary" classname="Newtonsoft.Json.Tests.Converters.JavaScriptDateTimeConverterTests" runstate="Runnable" seed="455289071" result="Passed" start-time="2019-11-12 05:38:57Z" end-time="2019-11-12 05:38:57Z" duration="0.011081" asserts="0">
                  <properties />
                </test-case>
                <test-case id="3798" name="ConverterList" fullname="Newtonsoft.Json.Tests.Converters.JavaScriptDateTimeConverterTests.ConverterList" methodname="ConverterList" classname="Newtonsoft.Json.Tests.Converters.JavaScriptDateTimeConverterTests" runstate="Runnable" seed="385239767" result="Passed" start-time="2019-11-12 05:38:57Z" end-time="2019-11-12 05:38:57Z" duration="0.004225" asserts="0">
                  <properties />
                </test-case>
                <test-case id="3800" name="ConverterObject" fullname="Newtonsoft.Json.Tests.Converters.JavaScriptDateTimeConverterTests.ConverterObject" methodname="ConverterObject" classname="Newtonsoft.Json.Tests.Converters.JavaScriptDateTimeConverterTests" runstate="Runnable" seed="654502866" result="Passed" start-time="2019-11-12 05:38:57Z" end-time="2019-11-12 05:38:57Z" duration="0.004466" asserts="0">
                  <properties />
                </test-case>
                <test-case id="3792" name="DeserializeDateTime" fullname="Newtonsoft.Json.Tests.Converters.JavaScriptDateTimeConverterTests.DeserializeDateTime" methodname="DeserializeDateTime" classname="Newtonsoft.Json.Tests.Converters.JavaScriptDateTimeConverterTests" runstate="Runnable" seed="1241227470" result="Passed" start-time="2019-11-12 05:38:57Z" end-time="2019-11-12 05:38:57Z" duration="0.000760" asserts="0">
                  <properties />
                </test-case>
                <test-case id="3793" name="DeserializeDateTime_MultipleArguments" fullname="Newtonsoft.Json.Tests.Converters.JavaScriptDateTimeConverterTests.DeserializeDateTime_MultipleArguments" methodname="DeserializeDateTime_MultipleArguments" classname="Newtonsoft.Json.Tests.Converters.JavaScriptDateTimeConverterTests" runstate="Runnable" seed="180396389" result="Passed" start-time="2019-11-12 05:38:57Z" end-time="2019-11-12 05:38:57Z" duration="0.002791" asserts="0">
                  <properties />
                </test-case>
                <test-case id="3795" name="DeserializeDateTime_NoArguments" fullname="Newtonsoft.Json.Tests.Converters.JavaScriptDateTimeConverterTests.DeserializeDateTime_NoArguments" methodname="DeserializeDateTime_NoArguments" classname="Newtonsoft.Json.Tests.Converters.JavaScriptDateTimeConverterTests" runstate="Runnable" seed="922187841" result="Passed" start-time="2019-11-12 05:38:57Z" end-time="2019-11-12 05:38:57Z" duration="0.000879" asserts="0">
                  <properties />
                </test-case>
                <test-case id="3796" name="DeserializeDateTime_NotArgumentsNotClosed" fullname="Newtonsoft.Json.Tests.Converters.JavaScriptDateTimeConverterTests.DeserializeDateTime_NotArgumentsNotClosed" methodname="DeserializeDateTime_NotArgumentsNotClosed" classname="Newtonsoft.Json.Tests.Converters.JavaScriptDateTimeConverterTests" runstate="Runnable" seed="125429391" result="Passed" start-time="2019-11-12 05:38:57Z" end-time="2019-11-12 05:38:57Z" duration="0.000778" asserts="0">
                  <properties />
                </test-case>
                <test-case id="3797" name="DeserializeDateTime_NotClosed" fullname="Newtonsoft.Json.Tests.Converters.JavaScriptDateTimeConverterTests.DeserializeDateTime_NotClosed" methodname="DeserializeDateTime_NotClosed" classname="Newtonsoft.Json.Tests.Converters.JavaScriptDateTimeConverterTests" runstate="Runnable" seed="953666118" result="Passed" start-time="2019-11-12 05:38:57Z" end-time="2019-11-12 05:38:57Z" duration="0.000987" asserts="0">
                  <properties />
                </test-case>
                <test-case id="3794" name="DeserializeDateTime_TooManyArguments" fullname="Newtonsoft.Json.Tests.Converters.JavaScriptDateTimeConverterTests.DeserializeDateTime_TooManyArguments" methodname="DeserializeDateTime_TooManyArguments" classname="Newtonsoft.Json.Tests.Converters.JavaScriptDateTimeConverterTests" runstate="Runnable" seed="1550449564" result="Passed" start-time="2019-11-12 05:38:57Z" end-time="2019-11-12 05:38:57Z" duration="0.000925" asserts="0">
                  <properties />
                </test-case>
                <test-case id="3791" name="DeserializeDateTimeOffset" fullname="Newtonsoft.Json.Tests.Converters.JavaScriptDateTimeConverterTests.DeserializeDateTimeOffset" methodname="DeserializeDateTimeOffset" classname="Newtonsoft.Json.Tests.Converters.JavaScriptDateTimeConverterTests" runstate="Runnable" seed="17354229" result="Passed" start-time="2019-11-12 05:38:57Z" end-time="2019-11-12 05:38:57Z" duration="0.000844" asserts="0">
                  <properties />
                </test-case>
                <test-case id="3790" name="DeserializeNullToNonNullable" fullname="Newtonsoft.Json.Tests.Converters.JavaScriptDateTimeConverterTests.DeserializeNullToNonNullable" methodname="DeserializeNullToNonNullable" classname="Newtonsoft.Json.Tests.Converters.JavaScriptDateTimeConverterTests" runstate="Runnable" seed="355389943" result="Passed" start-time="2019-11-12 05:38:57Z" end-time="2019-11-12 05:38:57Z" duration="0.001129" asserts="0">
                  <properties />
                </test-case>
                <test-case id="3787" name="SerializeDateTime" fullname="Newtonsoft.Json.Tests.Converters.JavaScriptDateTimeConverterTests.SerializeDateTime" methodname="SerializeDateTime" classname="Newtonsoft.Json.Tests.Converters.JavaScriptDateTimeConverterTests" runstate="Runnable" seed="767402577" result="Passed" start-time="2019-11-12 05:38:57Z" end-time="2019-11-12 05:38:57Z" duration="0.000627" asserts="0">
                  <properties />
                </test-case>
                <test-case id="3788" name="SerializeDateTimeOffset" fullname="Newtonsoft.Json.Tests.Converters.JavaScriptDateTimeConverterTests.SerializeDateTimeOffset" methodname="SerializeDateTimeOffset" classname="Newtonsoft.Json.Tests.Converters.JavaScriptDateTimeConverterTests" runstate="Runnable" seed="1448010741" result="Passed" start-time="2019-11-12 05:38:57Z" end-time="2019-11-12 05:38:57Z" duration="0.000629" asserts="0">
                  <properties />
                </test-case>
                <test-case id="3789" name="SerializeNullableDateTimeClass" fullname="Newtonsoft.Json.Tests.Converters.JavaScriptDateTimeConverterTests.SerializeNullableDateTimeClass" methodname="SerializeNullableDateTimeClass" classname="Newtonsoft.Json.Tests.Converters.JavaScriptDateTimeConverterTests" runstate="Runnable" seed="1105366195" result="Passed" start-time="2019-11-12 05:38:57Z" end-time="2019-11-12 05:38:57Z" duration="0.000989" asserts="0">
                  <properties />
                </test-case>
              </test-suite>
              <test-suite type="TestFixture" id="3801" name="KeyValuePairConverterTests" fullname="Newtonsoft.Json.Tests.Converters.KeyValuePairConverterTests" classname="Newtonsoft.Json.Tests.Converters.KeyValuePairConverterTests" runstate="Runnable" testcasecount="2" result="Passed" start-time="2019-11-12 05:38:57Z" end-time="2019-11-12 05:38:57Z" duration="0.029596" total="2" passed="2" failed="0" inconclusive="0" skipped="0" asserts="0">
                <properties />
                <test-case id="3803" name="DeserializeUnexpectedEnd" fullname="Newtonsoft.Json.Tests.Converters.KeyValuePairConverterTests.DeserializeUnexpectedEnd" methodname="DeserializeUnexpectedEnd" classname="Newtonsoft.Json.Tests.Converters.KeyValuePairConverterTests" runstate="Runnable" seed="1550319996" result="Passed" start-time="2019-11-12 05:38:57Z" end-time="2019-11-12 05:38:57Z" duration="0.009079" asserts="0">
                  <properties />
                </test-case>
                <test-case id="3802" name="SerializeUsingInternalConverter" fullname="Newtonsoft.Json.Tests.Converters.KeyValuePairConverterTests.SerializeUsingInternalConverter" methodname="SerializeUsingInternalConverter" classname="Newtonsoft.Json.Tests.Converters.KeyValuePairConverterTests" runstate="Runnable" seed="2128525977" result="Passed" start-time="2019-11-12 05:38:57Z" end-time="2019-11-12 05:38:57Z" duration="0.011258" asserts="0">
                  <properties />
                </test-case>
              </test-suite>
              <test-suite type="TestFixture" id="3804" name="ObjectIdConverterTests" fullname="Newtonsoft.Json.Tests.Converters.ObjectIdConverterTests" classname="Newtonsoft.Json.Tests.Converters.ObjectIdConverterTests" runstate="Runnable" testcasecount="2" result="Passed" start-time="2019-11-12 05:38:57Z" end-time="2019-11-12 05:38:57Z" duration="0.014049" total="2" passed="2" failed="0" inconclusive="0" skipped="0" asserts="0">
                <properties />
                <test-case id="3806" name="Deserialize" fullname="Newtonsoft.Json.Tests.Converters.ObjectIdConverterTests.Deserialize" methodname="Deserialize" classname="Newtonsoft.Json.Tests.Converters.ObjectIdConverterTests" runstate="Runnable" seed="1294709065" result="Passed" start-time="2019-11-12 05:38:57Z" end-time="2019-11-12 05:38:57Z" duration="0.004168" asserts="0">
                  <properties />
                </test-case>
                <test-case id="3805" name="Serialize" fullname="Newtonsoft.Json.Tests.Converters.ObjectIdConverterTests.Serialize" methodname="Serialize" classname="Newtonsoft.Json.Tests.Converters.ObjectIdConverterTests" runstate="Runnable" seed="1579837033" result="Passed" start-time="2019-11-12 05:38:57Z" end-time="2019-11-12 05:38:57Z" duration="0.001123" asserts="0">
                  <properties />
                </test-case>
              </test-suite>
              <test-suite type="TestFixture" id="3807" name="RegexConverterTests" fullname="Newtonsoft.Json.Tests.Converters.RegexConverterTests" classname="Newtonsoft.Json.Tests.Converters.RegexConverterTests" runstate="Runnable" testcasecount="16" result="Passed" start-time="2019-11-12 05:38:57Z" end-time="2019-11-12 05:38:57Z" duration="0.086517" total="16" passed="16" failed="0" inconclusive="0" skipped="0" asserts="0">
                <properties />
                <test-case id="3819" name="ConvertEmptyRegexBson" fullname="Newtonsoft.Json.Tests.Converters.RegexConverterTests.ConvertEmptyRegexBson" methodname="ConvertEmptyRegexBson" classname="Newtonsoft.Json.Tests.Converters.RegexConverterTests" runstate="Runnable" seed="517591806" result="Passed" start-time="2019-11-12 05:38:57Z" end-time="2019-11-12 05:38:57Z" duration="0.002719" asserts="0">
                  <properties />
                </test-case>
                <test-case id="3822" name="ConvertEmptyRegexJson" fullname="Newtonsoft.Json.Tests.Converters.RegexConverterTests.ConvertEmptyRegexJson" methodname="ConvertEmptyRegexJson" classname="Newtonsoft.Json.Tests.Converters.RegexConverterTests" runstate="Runnable" seed="1567587375" result="Passed" start-time="2019-11-12 05:38:57Z" end-time="2019-11-12 05:38:57Z" duration="0.001241" asserts="0">
                  <properties />
                </test-case>
                <test-case id="3820" name="ConvertRegexWithAllOptionsBson" fullname="Newtonsoft.Json.Tests.Converters.RegexConverterTests.ConvertRegexWithAllOptionsBson" methodname="ConvertRegexWithAllOptionsBson" classname="Newtonsoft.Json.Tests.Converters.RegexConverterTests" runstate="Runnable" seed="687122745" result="Passed" start-time="2019-11-12 05:38:57Z" end-time="2019-11-12 05:38:57Z" duration="0.001008" asserts="0">
                  <properties />
                </test-case>
                <test-case id="3811" name="DeserializeCamelCaseAndStringEnums" fullname="Newtonsoft.Json.Tests.Converters.RegexConverterTests.DeserializeCamelCaseAndStringEnums" methodname="DeserializeCamelCaseAndStringEnums" classname="Newtonsoft.Json.Tests.Converters.RegexConverterTests" runstate="Runnable" seed="1440749666" result="Passed" start-time="2019-11-12 05:38:57Z" end-time="2019-11-12 05:38:57Z" duration="0.003648" asserts="0">
                  <properties />
                </test-case>
                <test-case id="3818" name="DeserializeFromBson" fullname="Newtonsoft.Json.Tests.Converters.RegexConverterTests.DeserializeFromBson" methodname="DeserializeFromBson" classname="Newtonsoft.Json.Tests.Converters.RegexConverterTests" runstate="Runnable" seed="596253366" result="Passed" start-time="2019-11-12 05:38:57Z" end-time="2019-11-12 05:38:57Z" duration="0.000946" asserts="0">
                  <properties />
                </test-case>
                <test-case id="3821" name="DeserializeFromText" fullname="Newtonsoft.Json.Tests.Converters.RegexConverterTests.DeserializeFromText" methodname="DeserializeFromText" classname="Newtonsoft.Json.Tests.Converters.RegexConverterTests" runstate="Runnable" seed="740609559" result="Passed" start-time="2019-11-12 05:38:57Z" end-time="2019-11-12 05:38:57Z" duration="0.000864" asserts="0">
                  <properties />
                </test-case>
                <test-case id="3812" name="DeserializeISerializeRegexJson" fullname="Newtonsoft.Json.Tests.Converters.RegexConverterTests.DeserializeISerializeRegexJson" methodname="DeserializeISerializeRegexJson" classname="Newtonsoft.Json.Tests.Converters.RegexConverterTests" runstate="Runnable" seed="1776092021" result="Passed" start-time="2019-11-12 05:38:57Z" end-time="2019-11-12 05:38:57Z" duration="0.000836" asserts="0">
                  <properties />
                </test-case>
                <test-case id="3823" name="DeserializeNullRegex" fullname="Newtonsoft.Json.Tests.Converters.RegexConverterTests.DeserializeNullRegex" methodname="DeserializeNullRegex" classname="Newtonsoft.Json.Tests.Converters.RegexConverterTests" runstate="Runnable" seed="912437892" result="Passed" start-time="2019-11-12 05:38:57Z" end-time="2019-11-12 05:38:57Z" duration="0.002338" asserts="0">
                  <properties />
                </test-case>
                <test-case id="3813" name="DeserializeStringRegex" fullname="Newtonsoft.Json.Tests.Converters.RegexConverterTests.DeserializeStringRegex" methodname="DeserializeStringRegex" classname="Newtonsoft.Json.Tests.Converters.RegexConverterTests" runstate="Runnable" seed="1308439199" result="Passed" start-time="2019-11-12 05:38:57Z" end-time="2019-11-12 05:38:57Z" duration="0.000836" asserts="0">
                  <properties />
                </test-case>
                <test-case id="3815" name="DeserializeStringRegex_NoEndSlash_Error" fullname="Newtonsoft.Json.Tests.Converters.RegexConverterTests.DeserializeStringRegex_NoEndSlash_Error" methodname="DeserializeStringRegex_NoEndSlash_Error" classname="Newtonsoft.Json.Tests.Converters.RegexConverterTests" runstate="Runnable" seed="1558231524" result="Passed" start-time="2019-11-12 05:38:57Z" end-time="2019-11-12 05:38:57Z" duration="0.001039" asserts="0">
                  <properties />
                </test-case>
                <test-case id="3816" name="DeserializeStringRegex_NoStartAndEndSlashes_Error" fullname="Newtonsoft.Json.Tests.Converters.RegexConverterTests.DeserializeStringRegex_NoStartAndEndSlashes_Error" methodname="DeserializeStringRegex_NoStartAndEndSlashes_Error" classname="Newtonsoft.Json.Tests.Converters.RegexConverterTests" runstate="Runnable" seed="1207644001" result="Passed" start-time="2019-11-12 05:38:57Z" end-time="2019-11-12 05:38:57Z" duration="0.000844" asserts="0">
                  <properties />
                </test-case>
                <test-case id="3814" name="DeserializeStringRegex_NoStartSlash_Error" fullname="Newtonsoft.Json.Tests.Converters.RegexConverterTests.DeserializeStringRegex_NoStartSlash_Error" methodname="DeserializeStringRegex_NoStartSlash_Error" classname="Newtonsoft.Json.Tests.Converters.RegexConverterTests" runstate="Runnable" seed="1293559883" result="Passed" start-time="2019-11-12 05:38:57Z" end-time="2019-11-12 05:38:57Z" duration="0.000826" asserts="0">
                  <properties />
                </test-case>
                <test-case id="3810" name="SerializeCamelCaseAndStringEnums" fullname="Newtonsoft.Json.Tests.Converters.RegexConverterTests.SerializeCamelCaseAndStringEnums" methodname="SerializeCamelCaseAndStringEnums" classname="Newtonsoft.Json.Tests.Converters.RegexConverterTests" runstate="Runnable" seed="1143968923" result="Passed" start-time="2019-11-12 05:38:57Z" end-time="2019-11-12 05:38:57Z" duration="0.030942" asserts="0">
                  <properties />
                </test-case>
                <test-case id="3817" name="SerializeToBson" fullname="Newtonsoft.Json.Tests.Converters.RegexConverterTests.SerializeToBson" methodname="SerializeToBson" classname="Newtonsoft.Json.Tests.Converters.RegexConverterTests" runstate="Runnable" seed="359558183" result="Passed" start-time="2019-11-12 05:38:57Z" end-time="2019-11-12 05:38:57Z" duration="0.001078" asserts="0">
                  <properties />
                </test-case>
                <test-case id="3809" name="SerializeToText" fullname="Newtonsoft.Json.Tests.Converters.RegexConverterTests.SerializeToText" methodname="SerializeToText" classname="Newtonsoft.Json.Tests.Converters.RegexConverterTests" runstate="Runnable" seed="749046276" result="Passed" start-time="2019-11-12 05:38:57Z" end-time="2019-11-12 05:38:57Z" duration="0.000823" asserts="0">
                  <properties />
                </test-case>
                <test-case id="3808" name="WriteJsonNull" fullname="Newtonsoft.Json.Tests.Converters.RegexConverterTests.WriteJsonNull" methodname="WriteJsonNull" classname="Newtonsoft.Json.Tests.Converters.RegexConverterTests" runstate="Runnable" seed="1681714397" result="Passed" start-time="2019-11-12 05:38:57Z" end-time="2019-11-12 05:38:57Z" duration="0.000763" asserts="0">
                  <properties />
                </test-case>
              </test-suite>
              <test-suite type="TestFixture" id="3824" name="StringEnumConverterTests" fullname="Newtonsoft.Json.Tests.Converters.StringEnumConverterTests" classname="Newtonsoft.Json.Tests.Converters.StringEnumConverterTests" runstate="Runnable" testcasecount="57" result="Passed" start-time="2019-11-12 05:38:57Z" end-time="2019-11-12 05:38:57Z" duration="0.473428" total="57" passed="57" failed="0" inconclusive="0" skipped="0" asserts="0">
                <properties />
                <test-case id="3869" name="AllowIntegerValueAndDash" fullname="Newtonsoft.Json.Tests.Converters.StringEnumConverterTests.AllowIntegerValueAndDash" methodname="AllowIntegerValueAndDash" classname="Newtonsoft.Json.Tests.Converters.StringEnumConverterTests" runstate="Runnable" seed="1845603662" result="Passed" start-time="2019-11-12 05:38:57Z" end-time="2019-11-12 05:38:57Z" duration="0.003777" asserts="0">
                  <properties />
                </test-case>
                <test-case id="3867" name="AllowIntegerValueAndNegativeStringNumber" fullname="Newtonsoft.Json.Tests.Converters.StringEnumConverterTests.AllowIntegerValueAndNegativeStringNumber" methodname="AllowIntegerValueAndNegativeStringNumber" classname="Newtonsoft.Json.Tests.Converters.StringEnumConverterTests" runstate="Runnable" seed="1281468405" result="Passed" start-time="2019-11-12 05:38:57Z" end-time="2019-11-12 05:38:57Z" duration="0.001055" asserts="0">
                  <properties />
                </test-case>
                <test-case id="3870" name="AllowIntegerValueAndNonNamedValue" fullname="Newtonsoft.Json.Tests.Converters.StringEnumConverterTests.AllowIntegerValueAndNonNamedValue" methodname="AllowIntegerValueAndNonNamedValue" classname="Newtonsoft.Json.Tests.Converters.StringEnumConverterTests" runstate="Runnable" seed="441594172" result="Passed" start-time="2019-11-12 05:38:57Z" end-time="2019-11-12 05:38:57Z" duration="0.000897" asserts="0">
                  <properties />
                </test-case>
                <test-case id="3868" name="AllowIntegerValueAndPositiveStringNumber" fullname="Newtonsoft.Json.Tests.Converters.StringEnumConverterTests.AllowIntegerValueAndPositiveStringNumber" methodname="AllowIntegerValueAndPositiveStringNumber" classname="Newtonsoft.Json.Tests.Converters.StringEnumConverterTests" runstate="Runnable" seed="2109647099" result="Passed" start-time="2019-11-12 05:38:57Z" end-time="2019-11-12 05:38:57Z" duration="0.000855" asserts="0">
                  <properties />
                </test-case>
                <test-case id="3866" name="AllowIntegerValueAndStringNumber" fullname="Newtonsoft.Json.Tests.Converters.StringEnumConverterTests.AllowIntegerValueAndStringNumber" methodname="AllowIntegerValueAndStringNumber" classname="Newtonsoft.Json.Tests.Converters.StringEnumConverterTests" runstate="Runnable" seed="2099475628" result="Passed" start-time="2019-11-12 05:38:57Z" end-time="2019-11-12 05:38:57Z" duration="0.000834" asserts="0">
                  <properties />
                </test-case>
                <test-case id="3857" name="CamelCaseTextFlagEnumDeserialization" fullname="Newtonsoft.Json.Tests.Converters.StringEnumConverterTests.CamelCaseTextFlagEnumDeserialization" methodname="CamelCaseTextFlagEnumDeserialization" classname="Newtonsoft.Json.Tests.Converters.StringEnumConverterTests" runstate="Runnable" seed="2084239472" result="Passed" start-time="2019-11-12 05:38:57Z" end-time="2019-11-12 05:38:57Z" duration="0.003428" asserts="0">
                  <properties />
                </test-case>
                <test-case id="3856" name="CamelCaseTextFlagEnumSerialization" fullname="Newtonsoft.Json.Tests.Converters.StringEnumConverterTests.CamelCaseTextFlagEnumSerialization" methodname="CamelCaseTextFlagEnumSerialization" classname="Newtonsoft.Json.Tests.Converters.StringEnumConverterTests" runstate="Runnable" seed="2032621954" result="Passed" start-time="2019-11-12 05:38:57Z" end-time="2019-11-12 05:38:57Z" duration="0.001055" asserts="0">
                  <properties />
                </test-case>
                <test-case id="3837" name="CannotPassNullArgumentToConverter" fullname="Newtonsoft.Json.Tests.Converters.StringEnumConverterTests.CannotPassNullArgumentToConverter" methodname="CannotPassNullArgumentToConverter" classname="Newtonsoft.Json.Tests.Converters.StringEnumConverterTests" runstate="Runnable" seed="2133519779" result="Passed" start-time="2019-11-12 05:38:57Z" end-time="2019-11-12 05:38:57Z" duration="0.002362" asserts="0">
                  <properties />
                </test-case>
                <test-case id="3863" name="DataContractSerializerDuplicateNameEnumTest" fullname="Newtonsoft.Json.Tests.Converters.StringEnumConverterTests.DataContractSerializerDuplicateNameEnumTest" methodname="DataContractSerializerDuplicateNameEnumTest" classname="Newtonsoft.Json.Tests.Converters.StringEnumConverterTests" runstate="Runnable" seed="971875245" result="Passed" start-time="2019-11-12 05:38:57Z" end-time="2019-11-12 05:38:57Z" duration="0.209167" asserts="0">
                  <properties />
                </test-case>
                <test-case id="3838" name="Deserialize_AllowIntegerValuesAttribute" fullname="Newtonsoft.Json.Tests.Converters.StringEnumConverterTests.Deserialize_AllowIntegerValuesAttribute" methodname="Deserialize_AllowIntegerValuesAttribute" classname="Newtonsoft.Json.Tests.Converters.StringEnumConverterTests" runstate="Runnable" seed="291959293" result="Passed" start-time="2019-11-12 05:38:57Z" end-time="2019-11-12 05:38:57Z" duration="0.003099" asserts="0">
                  <properties />
                </test-case>
                <test-case id="3833" name="Deserialize_CamelCaseFromAttribute" fullname="Newtonsoft.Json.Tests.Converters.StringEnumConverterTests.Deserialize_CamelCaseFromAttribute" methodname="Deserialize_CamelCaseFromAttribute" classname="Newtonsoft.Json.Tests.Converters.StringEnumConverterTests" runstate="Runnable" seed="2112545870" result="Passed" start-time="2019-11-12 05:38:57Z" end-time="2019-11-12 05:38:57Z" duration="0.002340" asserts="0">
                  <properties />
                </test-case>
                <test-case id="3831" name="Deserialize_CamelCaseFromAttribute_Obsolete" fullname="Newtonsoft.Json.Tests.Converters.StringEnumConverterTests.Deserialize_CamelCaseFromAttribute_Obsolete" methodname="Deserialize_CamelCaseFromAttribute_Obsolete" classname="Newtonsoft.Json.Tests.Converters.StringEnumConverterTests" runstate="Runnable" seed="670612114" result="Passed" start-time="2019-11-12 05:38:57Z" end-time="2019-11-12 05:38:57Z" duration="0.002346" asserts="0">
                  <properties />
                </test-case>
                <test-case id="3836" name="Deserialize_NotAllowIntegerValuesFromAttribute" fullname="Newtonsoft.Json.Tests.Converters.StringEnumConverterTests.Deserialize_NotAllowIntegerValuesFromAttribute" methodname="Deserialize_NotAllowIntegerValuesFromAttribute" classname="Newtonsoft.Json.Tests.Converters.StringEnumConverterTests" runstate="Runnable" seed="1823706568" result="Passed" start-time="2019-11-12 05:38:57Z" end-time="2019-11-12 05:38:57Z" duration="0.002582" asserts="0">
                  <properties />
                </test-case>
                <test-case id="3835" name="Deserialize_SnakeCaseFromAttribute" fullname="Newtonsoft.Json.Tests.Converters.StringEnumConverterTests.Deserialize_SnakeCaseFromAttribute" methodname="Deserialize_SnakeCaseFromAttribute" classname="Newtonsoft.Json.Tests.Converters.StringEnumConverterTests" runstate="Runnable" seed="1854801655" result="Passed" start-time="2019-11-12 05:38:57Z" end-time="2019-11-12 05:38:57Z" duration="0.003033" asserts="0">
                  <properties />
                </test-case>
                <test-case id="3858" name="DeserializeEmptyStringIntoNullable" fullname="Newtonsoft.Json.Tests.Converters.StringEnumConverterTests.DeserializeEmptyStringIntoNullable" methodname="DeserializeEmptyStringIntoNullable" classname="Newtonsoft.Json.Tests.Converters.StringEnumConverterTests" runstate="Runnable" seed="1603364267" result="Passed" start-time="2019-11-12 05:38:57Z" end-time="2019-11-12 05:38:57Z" duration="0.004274" asserts="0">
                  <properties />
                </test-case>
                <test-case id="3874" name="DeserializeEnumCaseIncensitive_ByEnumMemberValue_MixedCase" fullname="Newtonsoft.Json.Tests.Converters.StringEnumConverterTests.DeserializeEnumCaseIncensitive_ByEnumMemberValue_MixedCase" methodname="DeserializeEnumCaseIncensitive_ByEnumMemberValue_MixedCase" classname="Newtonsoft.Json.Tests.Converters.StringEnumConverterTests" runstate="Runnable" seed="1652887852" result="Passed" start-time="2019-11-12 05:38:57Z" end-time="2019-11-12 05:38:57Z" duration="0.002467" asserts="0">
                  <properties />
                </test-case>
                <test-case id="3873" name="DeserializeEnumCaseIncensitive_ByEnumMemberValue_UpperCase" fullname="Newtonsoft.Json.Tests.Converters.StringEnumConverterTests.DeserializeEnumCaseIncensitive_ByEnumMemberValue_UpperCase" methodname="DeserializeEnumCaseIncensitive_ByEnumMemberValue_UpperCase" classname="Newtonsoft.Json.Tests.Converters.StringEnumConverterTests" runstate="Runnable" seed="1874065119" result="Passed" start-time="2019-11-12 05:38:57Z" end-time="2019-11-12 05:38:57Z" duration="0.000614" asserts="0">
                  <properties />
                </test-case>
                <test-case id="3875" name="DeserializeEnumCaseIncensitive_ByName_LowerCase" fullname="Newtonsoft.Json.Tests.Converters.StringEnumConverterTests.DeserializeEnumCaseIncensitive_ByName_LowerCase" methodname="DeserializeEnumCaseIncensitive_ByName_LowerCase" classname="Newtonsoft.Json.Tests.Converters.StringEnumConverterTests" runstate="Runnable" seed="208757182" result="Passed" start-time="2019-11-12 05:38:57Z" end-time="2019-11-12 05:38:57Z" duration="0.000644" asserts="0">
                  <properties />
                </test-case>
                <test-case id="3876" name="DeserializeEnumCaseIncensitive_ByName_UperCase" fullname="Newtonsoft.Json.Tests.Converters.StringEnumConverterTests.DeserializeEnumCaseIncensitive_ByName_UperCase" methodname="DeserializeEnumCaseIncensitive_ByName_UperCase" classname="Newtonsoft.Json.Tests.Converters.StringEnumConverterTests" runstate="Runnable" seed="1549658979" result="Passed" start-time="2019-11-12 05:38:57Z" end-time="2019-11-12 05:38:57Z" duration="0.000567" asserts="0">
                  <properties />
                </test-case>
                <test-case id="3877" name="DeserializeEnumCaseIncensitive_FromAttribute" fullname="Newtonsoft.Json.Tests.Converters.StringEnumConverterTests.DeserializeEnumCaseIncensitive_FromAttribute" methodname="DeserializeEnumCaseIncensitive_FromAttribute" classname="Newtonsoft.Json.Tests.Converters.StringEnumConverterTests" runstate="Runnable" seed="353304320" result="Passed" start-time="2019-11-12 05:38:57Z" end-time="2019-11-12 05:38:57Z" duration="0.000812" asserts="0">
                  <properties />
                </test-case>
                <test-case id="3854" name="DeserializeEnumClass" fullname="Newtonsoft.Json.Tests.Converters.StringEnumConverterTests.DeserializeEnumClass" methodname="DeserializeEnumClass" classname="Newtonsoft.Json.Tests.Converters.StringEnumConverterTests" runstate="Runnable" seed="518926419" result="Passed" start-time="2019-11-12 05:38:57Z" end-time="2019-11-12 05:38:57Z" duration="0.000818" asserts="0">
                  <properties />
                </test-case>
                <test-case id="3855" name="DeserializeEnumClassUndefined" fullname="Newtonsoft.Json.Tests.Converters.StringEnumConverterTests.DeserializeEnumClassUndefined" methodname="DeserializeEnumClassUndefined" classname="Newtonsoft.Json.Tests.Converters.StringEnumConverterTests" runstate="Runnable" seed="513462235" result="Passed" start-time="2019-11-12 05:38:57Z" end-time="2019-11-12 05:38:57Z" duration="0.000864" asserts="0">
                  <properties />
                </test-case>
                <test-case id="3881" name="DeserializeEnumMemberWithDifferentCases" fullname="Newtonsoft.Json.Tests.Converters.StringEnumConverterTests.DeserializeEnumMemberWithDifferentCases" methodname="DeserializeEnumMemberWithDifferentCases" classname="Newtonsoft.Json.Tests.Converters.StringEnumConverterTests" runstate="Runnable" seed="1287378843" result="Passed" start-time="2019-11-12 05:38:57Z" end-time="2019-11-12 05:38:57Z" duration="0.002074" asserts="0">
                  <properties />
                </test-case>
                <test-case id="3878" name="DeserializeEnumMemberWithDifferentCasing_ByEnumMemberValue_First" fullname="Newtonsoft.Json.Tests.Converters.StringEnumConverterTests.DeserializeEnumMemberWithDifferentCasing_ByEnumMemberValue_First" methodname="DeserializeEnumMemberWithDifferentCasing_ByEnumMemberValue_First" classname="Newtonsoft.Json.Tests.Converters.StringEnumConverterTests" runstate="Runnable" seed="180245223" result="Passed" start-time="2019-11-12 05:38:57Z" end-time="2019-11-12 05:38:57Z" duration="0.002231" asserts="0">
                  <properties />
                </test-case>
                <test-case id="3879" name="DeserializeEnumMemberWithDifferentCasing_ByEnumMemberValue_Second" fullname="Newtonsoft.Json.Tests.Converters.StringEnumConverterTests.DeserializeEnumMemberWithDifferentCasing_ByEnumMemberValue_Second" methodname="DeserializeEnumMemberWithDifferentCasing_ByEnumMemberValue_Second" classname="Newtonsoft.Json.Tests.Converters.StringEnumConverterTests" runstate="Runnable" seed="897797573" result="Passed" start-time="2019-11-12 05:38:57Z" end-time="2019-11-12 05:38:57Z" duration="0.000661" asserts="0">
                  <properties />
                </test-case>
                <test-case id="3872" name="DeserializeEnumWithDifferentCases" fullname="Newtonsoft.Json.Tests.Converters.StringEnumConverterTests.DeserializeEnumWithDifferentCases" methodname="DeserializeEnumWithDifferentCases" classname="Newtonsoft.Json.Tests.Converters.StringEnumConverterTests" runstate="Runnable" seed="251799179" result="Passed" start-time="2019-11-12 05:38:57Z" end-time="2019-11-12 05:38:57Z" duration="0.001941" asserts="0">
                  <properties />
                </test-case>
                <test-case id="3853" name="DeserializeFlagEnum" fullname="Newtonsoft.Json.Tests.Converters.StringEnumConverterTests.DeserializeFlagEnum" methodname="DeserializeFlagEnum" classname="Newtonsoft.Json.Tests.Converters.StringEnumConverterTests" runstate="Runnable" seed="1865606282" result="Passed" start-time="2019-11-12 05:38:57Z" end-time="2019-11-12 05:38:57Z" duration="0.000728" asserts="0">
                  <properties />
                </test-case>
                <test-case id="3860" name="DeserializeIntegerButNotAllowed" fullname="Newtonsoft.Json.Tests.Converters.StringEnumConverterTests.DeserializeIntegerButNotAllowed" methodname="DeserializeIntegerButNotAllowed" classname="Newtonsoft.Json.Tests.Converters.StringEnumConverterTests" runstate="Runnable" seed="601356131" result="Passed" start-time="2019-11-12 05:38:57Z" end-time="2019-11-12 05:38:57Z" duration="0.003303" asserts="0">
                  <properties />
                </test-case>
                <test-case id="3859" name="DeserializeInvalidString" fullname="Newtonsoft.Json.Tests.Converters.StringEnumConverterTests.DeserializeInvalidString" methodname="DeserializeInvalidString" classname="Newtonsoft.Json.Tests.Converters.StringEnumConverterTests" runstate="Runnable" seed="963943849" result="Passed" start-time="2019-11-12 05:38:57Z" end-time="2019-11-12 05:38:57Z" duration="0.001056" asserts="0">
                  <properties />
                </test-case>
                <test-case id="3844" name="DeserializeNameEnumTest" fullname="Newtonsoft.Json.Tests.Converters.StringEnumConverterTests.DeserializeNameEnumTest" methodname="DeserializeNameEnumTest" classname="Newtonsoft.Json.Tests.Converters.StringEnumConverterTests" runstate="Runnable" seed="1815915467" result="Passed" start-time="2019-11-12 05:38:57Z" end-time="2019-11-12 05:38:57Z" duration="0.003062" asserts="0">
                  <properties />
                </test-case>
                <test-case id="3852" name="DeserializeNegativeEnum" fullname="Newtonsoft.Json.Tests.Converters.StringEnumConverterTests.DeserializeNegativeEnum" methodname="DeserializeNegativeEnum" classname="Newtonsoft.Json.Tests.Converters.StringEnumConverterTests" runstate="Runnable" seed="1757996778" result="Passed" start-time="2019-11-12 05:38:57Z" end-time="2019-11-12 05:38:57Z" duration="0.004221" asserts="0">
                  <properties />
                </test-case>
                <test-case id="3850" name="DeserializeNegativeFlagsEnum" fullname="Newtonsoft.Json.Tests.Converters.StringEnumConverterTests.DeserializeNegativeFlagsEnum" methodname="DeserializeNegativeFlagsEnum" classname="Newtonsoft.Json.Tests.Converters.StringEnumConverterTests" runstate="Runnable" seed="3619148" result="Passed" start-time="2019-11-12 05:38:57Z" end-time="2019-11-12 05:38:57Z" duration="0.003468" asserts="0">
                  <properties />
                </test-case>
                <test-case id="3862" name="DuplicateNameEnumTest" fullname="Newtonsoft.Json.Tests.Converters.StringEnumConverterTests.DuplicateNameEnumTest" methodname="DuplicateNameEnumTest" classname="Newtonsoft.Json.Tests.Converters.StringEnumConverterTests" runstate="Runnable" seed="172632594" result="Passed" start-time="2019-11-12 05:38:57Z" end-time="2019-11-12 05:38:57Z" duration="0.002130" asserts="0">
                  <properties />
                </test-case>
                <test-case id="3861" name="EnumMemberPlusFlags" fullname="Newtonsoft.Json.Tests.Converters.StringEnumConverterTests.EnumMemberPlusFlags" methodname="EnumMemberPlusFlags" classname="Newtonsoft.Json.Tests.Converters.StringEnumConverterTests" runstate="Runnable" seed="1634734175" result="Passed" start-time="2019-11-12 05:38:57Z" end-time="2019-11-12 05:38:57Z" duration="0.014030" asserts="0">
                  <properties />
                </test-case>
                <test-case id="3864" name="EnumMemberWithNumbers" fullname="Newtonsoft.Json.Tests.Converters.StringEnumConverterTests.EnumMemberWithNumbers" methodname="EnumMemberWithNumbers" classname="Newtonsoft.Json.Tests.Converters.StringEnumConverterTests" runstate="Runnable" seed="928722415" result="Passed" start-time="2019-11-12 05:38:57Z" end-time="2019-11-12 05:38:57Z" duration="0.002280" asserts="0">
                  <properties />
                </test-case>
                <test-case id="3865" name="EnumMemberWithNumbers_NoIntegerValues" fullname="Newtonsoft.Json.Tests.Converters.StringEnumConverterTests.EnumMemberWithNumbers_NoIntegerValues" methodname="EnumMemberWithNumbers_NoIntegerValues" classname="Newtonsoft.Json.Tests.Converters.StringEnumConverterTests" runstate="Runnable" seed="1472265919" result="Passed" start-time="2019-11-12 05:38:57Z" end-time="2019-11-12 05:38:57Z" duration="0.000957" asserts="0">
                  <properties />
                </test-case>
                <test-case id="3843" name="NamedEnumCommaCaseInsensitiveTest" fullname="Newtonsoft.Json.Tests.Converters.StringEnumConverterTests.NamedEnumCommaCaseInsensitiveTest" methodname="NamedEnumCommaCaseInsensitiveTest" classname="Newtonsoft.Json.Tests.Converters.StringEnumConverterTests" runstate="Runnable" seed="497775686" result="Passed" start-time="2019-11-12 05:38:57Z" end-time="2019-11-12 05:38:57Z" duration="0.003609" asserts="0">
                  <properties />
                </test-case>
                <test-case id="3841" name="NamedEnumCommaTest" fullname="Newtonsoft.Json.Tests.Converters.StringEnumConverterTests.NamedEnumCommaTest" methodname="NamedEnumCommaTest" classname="Newtonsoft.Json.Tests.Converters.StringEnumConverterTests" runstate="Runnable" seed="1285492412" result="Passed" start-time="2019-11-12 05:38:57Z" end-time="2019-11-12 05:38:57Z" duration="0.000876" asserts="0">
                  <properties />
                </test-case>
                <test-case id="3842" name="NamedEnumCommaTest2" fullname="Newtonsoft.Json.Tests.Converters.StringEnumConverterTests.NamedEnumCommaTest2" methodname="NamedEnumCommaTest2" classname="Newtonsoft.Json.Tests.Converters.StringEnumConverterTests" runstate="Runnable" seed="1588916558" result="Passed" start-time="2019-11-12 05:38:57Z" end-time="2019-11-12 05:38:57Z" duration="0.000855" asserts="0">
                  <properties />
                </test-case>
                <test-case id="3839" name="NamedEnumDuplicateTest" fullname="Newtonsoft.Json.Tests.Converters.StringEnumConverterTests.NamedEnumDuplicateTest" methodname="NamedEnumDuplicateTest" classname="Newtonsoft.Json.Tests.Converters.StringEnumConverterTests" runstate="Runnable" seed="859210844" result="Passed" start-time="2019-11-12 05:38:57Z" end-time="2019-11-12 05:38:57Z" duration="0.003053" asserts="0">
                  <properties />
                </test-case>
                <test-case id="3826" name="NamingStrategyAndCamelCaseText" fullname="Newtonsoft.Json.Tests.Converters.StringEnumConverterTests.NamingStrategyAndCamelCaseText" methodname="NamingStrategyAndCamelCaseText" classname="Newtonsoft.Json.Tests.Converters.StringEnumConverterTests" runstate="Runnable" seed="854639667" result="Passed" start-time="2019-11-12 05:38:57Z" end-time="2019-11-12 05:38:57Z" duration="0.000935" asserts="0">
                  <properties />
                </test-case>
                <test-case id="3832" name="Serialize_CamelCaseFromAttribute" fullname="Newtonsoft.Json.Tests.Converters.StringEnumConverterTests.Serialize_CamelCaseFromAttribute" methodname="Serialize_CamelCaseFromAttribute" classname="Newtonsoft.Json.Tests.Converters.StringEnumConverterTests" runstate="Runnable" seed="33428353" result="Passed" start-time="2019-11-12 05:38:57Z" end-time="2019-11-12 05:38:57Z" duration="0.000503" asserts="0">
                  <properties />
                </test-case>
                <test-case id="3825" name="Serialize_CamelCaseFromAttribute_Obsolete" fullname="Newtonsoft.Json.Tests.Converters.StringEnumConverterTests.Serialize_CamelCaseFromAttribute_Obsolete" methodname="Serialize_CamelCaseFromAttribute_Obsolete" classname="Newtonsoft.Json.Tests.Converters.StringEnumConverterTests" runstate="Runnable" seed="959626575" result="Passed" start-time="2019-11-12 05:38:57Z" end-time="2019-11-12 05:38:57Z" duration="0.000482" asserts="0">
                  <properties />
                </test-case>
                <test-case id="3834" name="Serialize_SnakeCaseFromAttribute" fullname="Newtonsoft.Json.Tests.Converters.StringEnumConverterTests.Serialize_SnakeCaseFromAttribute" methodname="Serialize_SnakeCaseFromAttribute" classname="Newtonsoft.Json.Tests.Converters.StringEnumConverterTests" runstate="Runnable" seed="1550239695" result="Passed" start-time="2019-11-12 05:38:57Z" end-time="2019-11-12 05:38:57Z" duration="0.000639" asserts="0">
                  <properties />
                </test-case>
                <test-case id="3845" name="SerializeEnumClass" fullname="Newtonsoft.Json.Tests.Converters.StringEnumConverterTests.SerializeEnumClass" methodname="SerializeEnumClass" classname="Newtonsoft.Json.Tests.Converters.StringEnumConverterTests" runstate="Runnable" seed="1723631803" result="Passed" start-time="2019-11-12 05:38:57Z" end-time="2019-11-12 05:38:57Z" duration="0.000653" asserts="0">
                  <properties />
                </test-case>
                <test-case id="3847" name="SerializeEnumClassUndefined" fullname="Newtonsoft.Json.Tests.Converters.StringEnumConverterTests.SerializeEnumClassUndefined" methodname="SerializeEnumClassUndefined" classname="Newtonsoft.Json.Tests.Converters.StringEnumConverterTests" runstate="Runnable" seed="1309257008" result="Passed" start-time="2019-11-12 05:38:57Z" end-time="2019-11-12 05:38:57Z" duration="0.000798" asserts="0">
                  <properties />
                </test-case>
                <test-case id="3846" name="SerializeEnumClassWithCamelCase" fullname="Newtonsoft.Json.Tests.Converters.StringEnumConverterTests.SerializeEnumClassWithCamelCase" methodname="SerializeEnumClassWithCamelCase" classname="Newtonsoft.Json.Tests.Converters.StringEnumConverterTests" runstate="Runnable" seed="558365422" result="Passed" start-time="2019-11-12 05:38:57Z" end-time="2019-11-12 05:38:57Z" duration="0.000947" asserts="0">
                  <properties />
                </test-case>
                <test-case id="3880" name="SerializeEnumMemberWithDifferentCases" fullname="Newtonsoft.Json.Tests.Converters.StringEnumConverterTests.SerializeEnumMemberWithDifferentCases" methodname="SerializeEnumMemberWithDifferentCases" classname="Newtonsoft.Json.Tests.Converters.StringEnumConverterTests" runstate="Runnable" seed="143236878" result="Passed" start-time="2019-11-12 05:38:57Z" end-time="2019-11-12 05:38:57Z" duration="0.000789" asserts="0">
                  <properties />
                </test-case>
                <test-case id="3871" name="SerializeEnumWithDifferentCases" fullname="Newtonsoft.Json.Tests.Converters.StringEnumConverterTests.SerializeEnumWithDifferentCases" methodname="SerializeEnumWithDifferentCases" classname="Newtonsoft.Json.Tests.Converters.StringEnumConverterTests" runstate="Runnable" seed="2098371545" result="Passed" start-time="2019-11-12 05:38:57Z" end-time="2019-11-12 05:38:57Z" duration="0.000567" asserts="0">
                  <properties />
                </test-case>
                <test-case id="3848" name="SerializeFlagEnum" fullname="Newtonsoft.Json.Tests.Converters.StringEnumConverterTests.SerializeFlagEnum" methodname="SerializeFlagEnum" classname="Newtonsoft.Json.Tests.Converters.StringEnumConverterTests" runstate="Runnable" seed="723436860" result="Passed" start-time="2019-11-12 05:38:57Z" end-time="2019-11-12 05:38:57Z" duration="0.000734" asserts="0">
                  <properties />
                </test-case>
                <test-case id="3840" name="SerializeNameEnumTest" fullname="Newtonsoft.Json.Tests.Converters.StringEnumConverterTests.SerializeNameEnumTest" methodname="SerializeNameEnumTest" classname="Newtonsoft.Json.Tests.Converters.StringEnumConverterTests" runstate="Runnable" seed="741690318" result="Passed" start-time="2019-11-12 05:38:57Z" end-time="2019-11-12 05:38:57Z" duration="0.000812" asserts="0">
                  <properties />
                </test-case>
                <test-case id="3851" name="SerializeNegativeEnum" fullname="Newtonsoft.Json.Tests.Converters.StringEnumConverterTests.SerializeNegativeEnum" methodname="SerializeNegativeEnum" classname="Newtonsoft.Json.Tests.Converters.StringEnumConverterTests" runstate="Runnable" seed="2116322774" result="Passed" start-time="2019-11-12 05:38:57Z" end-time="2019-11-12 05:38:57Z" duration="0.000670" asserts="0">
                  <properties />
                </test-case>
                <test-case id="3849" name="SerializeNegativeFlagsEnum" fullname="Newtonsoft.Json.Tests.Converters.StringEnumConverterTests.SerializeNegativeFlagsEnum" methodname="SerializeNegativeFlagsEnum" classname="Newtonsoft.Json.Tests.Converters.StringEnumConverterTests" runstate="Runnable" seed="1980250890" result="Passed" start-time="2019-11-12 05:38:57Z" end-time="2019-11-12 05:38:57Z" duration="0.000726" asserts="0">
                  <properties />
                </test-case>
                <test-case id="3827" name="StringEnumConverter_CamelCaseTextCtor" fullname="Newtonsoft.Json.Tests.Converters.StringEnumConverterTests.StringEnumConverter_CamelCaseTextCtor" methodname="StringEnumConverter_CamelCaseTextCtor" classname="Newtonsoft.Json.Tests.Converters.StringEnumConverterTests" runstate="Runnable" seed="1683078419" result="Passed" start-time="2019-11-12 05:38:57Z" end-time="2019-11-12 05:38:57Z" duration="0.000670" asserts="0">
                  <properties />
                </test-case>
                <test-case id="3828" name="StringEnumConverter_NamingStrategyTypeCtor" fullname="Newtonsoft.Json.Tests.Converters.StringEnumConverterTests.StringEnumConverter_NamingStrategyTypeCtor" methodname="StringEnumConverter_NamingStrategyTypeCtor" classname="Newtonsoft.Json.Tests.Converters.StringEnumConverterTests" runstate="Runnable" seed="1100997821" result="Passed" start-time="2019-11-12 05:38:57Z" end-time="2019-11-12 05:38:57Z" duration="0.001689" asserts="0">
                  <properties />
                </test-case>
                <test-case id="3829" name="StringEnumConverter_NamingStrategyTypeCtor_Null" fullname="Newtonsoft.Json.Tests.Converters.StringEnumConverterTests.StringEnumConverter_NamingStrategyTypeCtor_Null" methodname="StringEnumConverter_NamingStrategyTypeCtor_Null" classname="Newtonsoft.Json.Tests.Converters.StringEnumConverterTests" runstate="Runnable" seed="196522639" result="Passed" start-time="2019-11-12 05:38:57Z" end-time="2019-11-12 05:38:57Z" duration="0.000958" asserts="0">
                  <properties />
                </test-case>
                <test-case id="3830" name="StringEnumConverter_NamingStrategyTypeWithArgsCtor_Null" fullname="Newtonsoft.Json.Tests.Converters.StringEnumConverterTests.StringEnumConverter_NamingStrategyTypeWithArgsCtor_Null" methodname="StringEnumConverter_NamingStrategyTypeWithArgsCtor_Null" classname="Newtonsoft.Json.Tests.Converters.StringEnumConverterTests" runstate="Runnable" seed="256608199" result="Passed" start-time="2019-11-12 05:38:57Z" end-time="2019-11-12 05:38:57Z" duration="0.000702" asserts="0">
                  <properties />
                </test-case>
              </test-suite>
              <test-suite type="TestFixture" id="3882" name="UnixDateTimeConverterTests" fullname="Newtonsoft.Json.Tests.Converters.UnixDateTimeConverterTests" classname="Newtonsoft.Json.Tests.Converters.UnixDateTimeConverterTests" runstate="Runnable" testcasecount="17" result="Passed" start-time="2019-11-12 05:38:58Z" end-time="2019-11-12 05:38:58Z" duration="0.062152" total="17" passed="17" failed="0" inconclusive="0" skipped="0" asserts="0">
                <properties />
                <test-case id="3898" name="ConverterDictionary" fullname="Newtonsoft.Json.Tests.Converters.UnixDateTimeConverterTests.ConverterDictionary" methodname="ConverterDictionary" classname="Newtonsoft.Json.Tests.Converters.UnixDateTimeConverterTests" runstate="Runnable" seed="1985132001" result="Passed" start-time="2019-11-12 05:38:58Z" end-time="2019-11-12 05:38:58Z" duration="0.005723" asserts="0">
                  <properties />
                </test-case>
                <test-case id="3897" name="ConverterList" fullname="Newtonsoft.Json.Tests.Converters.UnixDateTimeConverterTests.ConverterList" methodname="ConverterList" classname="Newtonsoft.Json.Tests.Converters.UnixDateTimeConverterTests" runstate="Runnable" seed="845289087" result="Passed" start-time="2019-11-12 05:38:58Z" end-time="2019-11-12 05:38:58Z" duration="0.003678" asserts="0">
                  <properties />
                </test-case>
                <test-case id="3899" name="ConverterObject" fullname="Newtonsoft.Json.Tests.Converters.UnixDateTimeConverterTests.ConverterObject" methodname="ConverterObject" classname="Newtonsoft.Json.Tests.Converters.UnixDateTimeConverterTests" runstate="Runnable" seed="730467426" result="Passed" start-time="2019-11-12 05:38:58Z" end-time="2019-11-12 05:38:58Z" duration="0.003650" asserts="0">
                  <properties />
                </test-case>
                <test-case id="3890" name="DeserializeDateTimeOffset" fullname="Newtonsoft.Json.Tests.Converters.UnixDateTimeConverterTests.DeserializeDateTimeOffset" methodname="DeserializeDateTimeOffset" classname="Newtonsoft.Json.Tests.Converters.UnixDateTimeConverterTests" runstate="Runnable" seed="1330238221" result="Passed" start-time="2019-11-12 05:38:58Z" end-time="2019-11-12 05:38:58Z" duration="0.001033" asserts="0">
                  <properties />
                </test-case>
                <test-case id="3893" name="DeserializeIntegerToDateTime" fullname="Newtonsoft.Json.Tests.Converters.UnixDateTimeConverterTests.DeserializeIntegerToDateTime" methodname="DeserializeIntegerToDateTime" classname="Newtonsoft.Json.Tests.Converters.UnixDateTimeConverterTests" runstate="Runnable" seed="1925104555" result="Passed" start-time="2019-11-12 05:38:58Z" end-time="2019-11-12 05:38:58Z" duration="0.000802" asserts="0">
                  <properties />
                </test-case>
                <test-case id="3892" name="DeserializeInvalidStringToDateTimeOffset" fullname="Newtonsoft.Json.Tests.Converters.UnixDateTimeConverterTests.DeserializeInvalidStringToDateTimeOffset" methodname="DeserializeInvalidStringToDateTimeOffset" classname="Newtonsoft.Json.Tests.Converters.UnixDateTimeConverterTests" runstate="Runnable" seed="1142940140" result="Passed" start-time="2019-11-12 05:38:58Z" end-time="2019-11-12 05:38:58Z" duration="0.001227" asserts="0">
                  <properties />
                </test-case>
                <test-case id="3895" name="DeserializeInvalidValue" fullname="Newtonsoft.Json.Tests.Converters.UnixDateTimeConverterTests.DeserializeInvalidValue" methodname="DeserializeInvalidValue" classname="Newtonsoft.Json.Tests.Converters.UnixDateTimeConverterTests" runstate="Runnable" seed="1079083692" result="Passed" start-time="2019-11-12 05:38:58Z" end-time="2019-11-12 05:38:58Z" duration="0.000767" asserts="0">
                  <properties />
                </test-case>
                <test-case id="3896" name="DeserializeInvalidValueType" fullname="Newtonsoft.Json.Tests.Converters.UnixDateTimeConverterTests.DeserializeInvalidValueType" methodname="DeserializeInvalidValueType" classname="Newtonsoft.Json.Tests.Converters.UnixDateTimeConverterTests" runstate="Runnable" seed="1990709828" result="Passed" start-time="2019-11-12 05:38:58Z" end-time="2019-11-12 05:38:58Z" duration="0.000812" asserts="0">
                  <properties />
                </test-case>
                <test-case id="3889" name="DeserializeNullToNonNullable" fullname="Newtonsoft.Json.Tests.Converters.UnixDateTimeConverterTests.DeserializeNullToNonNullable" methodname="DeserializeNullToNonNullable" classname="Newtonsoft.Json.Tests.Converters.UnixDateTimeConverterTests" runstate="Runnable" seed="1647885398" result="Passed" start-time="2019-11-12 05:38:58Z" end-time="2019-11-12 05:38:58Z" duration="0.000769" asserts="0">
                  <properties />
                </test-case>
                <test-case id="3894" name="DeserializeNullToNullable" fullname="Newtonsoft.Json.Tests.Converters.UnixDateTimeConverterTests.DeserializeNullToNullable" methodname="DeserializeNullToNullable" classname="Newtonsoft.Json.Tests.Converters.UnixDateTimeConverterTests" runstate="Runnable" seed="43357472" result="Passed" start-time="2019-11-12 05:38:58Z" end-time="2019-11-12 05:38:58Z" duration="0.000768" asserts="0">
                  <properties />
                </test-case>
                <test-case id="3891" name="DeserializeStringToDateTimeOffset" fullname="Newtonsoft.Json.Tests.Converters.UnixDateTimeConverterTests.DeserializeStringToDateTimeOffset" methodname="DeserializeStringToDateTimeOffset" classname="Newtonsoft.Json.Tests.Converters.UnixDateTimeConverterTests" runstate="Runnable" seed="913597152" result="Passed" start-time="2019-11-12 05:38:58Z" end-time="2019-11-12 05:38:58Z" duration="0.000851" asserts="0">
                  <properties />
                </test-case>
                <test-case id="3883" name="SerializeDateTime" fullname="Newtonsoft.Json.Tests.Converters.UnixDateTimeConverterTests.SerializeDateTime" methodname="SerializeDateTime" classname="Newtonsoft.Json.Tests.Converters.UnixDateTimeConverterTests" runstate="Runnable" seed="389946416" result="Passed" start-time="2019-11-12 05:38:58Z" end-time="2019-11-12 05:38:58Z" duration="0.000624" asserts="0">
                  <properties />
                </test-case>
                <test-case id="3884" name="SerializeDateTimeNow" fullname="Newtonsoft.Json.Tests.Converters.UnixDateTimeConverterTests.SerializeDateTimeNow" methodname="SerializeDateTimeNow" classname="Newtonsoft.Json.Tests.Converters.UnixDateTimeConverterTests" runstate="Runnable" seed="632578639" result="Passed" start-time="2019-11-12 05:38:58Z" end-time="2019-11-12 05:38:58Z" duration="0.000851" asserts="0">
                  <properties />
                </test-case>
                <test-case id="3887" name="SerializeDateTimeOffset" fullname="Newtonsoft.Json.Tests.Converters.UnixDateTimeConverterTests.SerializeDateTimeOffset" methodname="SerializeDateTimeOffset" classname="Newtonsoft.Json.Tests.Converters.UnixDateTimeConverterTests" runstate="Runnable" seed="1313001816" result="Passed" start-time="2019-11-12 05:38:58Z" end-time="2019-11-12 05:38:58Z" duration="0.000584" asserts="0">
                  <properties />
                </test-case>
                <test-case id="3885" name="SerializeInvalidDate" fullname="Newtonsoft.Json.Tests.Converters.UnixDateTimeConverterTests.SerializeInvalidDate" methodname="SerializeInvalidDate" classname="Newtonsoft.Json.Tests.Converters.UnixDateTimeConverterTests" runstate="Runnable" seed="1785006055" result="Passed" start-time="2019-11-12 05:38:58Z" end-time="2019-11-12 05:38:58Z" duration="0.000745" asserts="0">
                  <properties />
                </test-case>
                <test-case id="3888" name="SerializeNullableDateTimeClass" fullname="Newtonsoft.Json.Tests.Converters.UnixDateTimeConverterTests.SerializeNullableDateTimeClass" methodname="SerializeNullableDateTimeClass" classname="Newtonsoft.Json.Tests.Converters.UnixDateTimeConverterTests" runstate="Runnable" seed="1855540229" result="Passed" start-time="2019-11-12 05:38:58Z" end-time="2019-11-12 05:38:58Z" duration="0.000968" asserts="0">
                  <properties />
                </test-case>
                <test-case id="3886" name="WriteJsonInvalidType" fullname="Newtonsoft.Json.Tests.Converters.UnixDateTimeConverterTests.WriteJsonInvalidType" methodname="WriteJsonInvalidType" classname="Newtonsoft.Json.Tests.Converters.UnixDateTimeConverterTests" runstate="Runnable" seed="1188176099" result="Passed" start-time="2019-11-12 05:38:58Z" end-time="2019-11-12 05:38:58Z" duration="0.000664" asserts="0">
                  <properties />
                </test-case>
              </test-suite>
              <test-suite type="TestFixture" id="3900" name="VersionConverterTests" fullname="Newtonsoft.Json.Tests.Converters.VersionConverterTests" classname="Newtonsoft.Json.Tests.Converters.VersionConverterTests" runstate="Runnable" testcasecount="4" result="Passed" start-time="2019-11-12 05:38:58Z" end-time="2019-11-12 05:38:58Z" duration="0.032290" total="4" passed="4" failed="0" inconclusive="0" skipped="0" asserts="0">
                <properties />
                <test-case id="3903" name="DeserializeVersionClass" fullname="Newtonsoft.Json.Tests.Converters.VersionConverterTests.DeserializeVersionClass" methodname="DeserializeVersionClass" classname="Newtonsoft.Json.Tests.Converters.VersionConverterTests" runstate="Runnable" seed="1278577033" result="Passed" start-time="2019-11-12 05:38:58Z" end-time="2019-11-12 05:38:58Z" duration="0.011635" asserts="0">
                  <properties />
                </test-case>
                <test-case id="3904" name="RoundtripImplicitConverter" fullname="Newtonsoft.Json.Tests.Converters.VersionConverterTests.RoundtripImplicitConverter" methodname="RoundtripImplicitConverter" classname="Newtonsoft.Json.Tests.Converters.VersionConverterTests" runstate="Runnable" seed="54177814" result="Passed" start-time="2019-11-12 05:38:58Z" end-time="2019-11-12 05:38:58Z" duration="0.005478" asserts="0">
                  <properties />
                </test-case>
                <test-case id="3902" name="SerializeVersionClass" fullname="Newtonsoft.Json.Tests.Converters.VersionConverterTests.SerializeVersionClass" methodname="SerializeVersionClass" classname="Newtonsoft.Json.Tests.Converters.VersionConverterTests" runstate="Runnable" seed="619303741" result="Passed" start-time="2019-11-12 05:38:58Z" end-time="2019-11-12 05:38:58Z" duration="0.002506" asserts="0">
                  <properties />
                </test-case>
                <test-case id="3901" name="WriteJsonNull" fullname="Newtonsoft.Json.Tests.Converters.VersionConverterTests.WriteJsonNull" methodname="WriteJsonNull" classname="Newtonsoft.Json.Tests.Converters.VersionConverterTests" runstate="Runnable" seed="2001586767" result="Passed" start-time="2019-11-12 05:38:58Z" end-time="2019-11-12 05:38:58Z" duration="0.000645" asserts="0">
                  <properties />
                </test-case>
              </test-suite>
              <test-suite type="TestFixture" id="3905" name="XmlNodeConverterTest" fullname="Newtonsoft.Json.Tests.Converters.XmlNodeConverterTest" classname="Newtonsoft.Json.Tests.Converters.XmlNodeConverterTest" runstate="Runnable" testcasecount="100" result="Failed" site="Child" start-time="2019-11-12 05:38:58Z" end-time="2019-11-12 05:38:59Z" duration="0.809145" total="100" passed="97" failed="3" inconclusive="0" skipped="0" asserts="0">
                <properties />
                <failure>
                  <message><![CDATA[One or more child tests had errors]]></message>
                </failure>
                <test-case id="3969" name="ComplexSingleItemArrayPropertySerialization" fullname="Newtonsoft.Json.Tests.Converters.XmlNodeConverterTest.ComplexSingleItemArrayPropertySerialization" methodname="ComplexSingleItemArrayPropertySerialization" classname="Newtonsoft.Json.Tests.Converters.XmlNodeConverterTest" runstate="Runnable" seed="304139702" result="Passed" start-time="2019-11-12 05:38:58Z" end-time="2019-11-12 05:38:58Z" duration="0.080709" asserts="0">
                  <properties />
                </test-case>
                <test-case id="3920" name="ConvertNullString" fullname="Newtonsoft.Json.Tests.Converters.XmlNodeConverterTest.ConvertNullString" methodname="ConvertNullString" classname="Newtonsoft.Json.Tests.Converters.XmlNodeConverterTest" runstate="Runnable" seed="196927550" result="Passed" start-time="2019-11-12 05:38:58Z" end-time="2019-11-12 05:38:58Z" duration="0.021694" asserts="0">
                  <properties />
                </test-case>
                <test-case id="3927" name="DateTimeParseHandlingOffset" fullname="Newtonsoft.Json.Tests.Converters.XmlNodeConverterTest.DateTimeParseHandlingOffset" methodname="DateTimeParseHandlingOffset" classname="Newtonsoft.Json.Tests.Converters.XmlNodeConverterTest" runstate="Runnable" seed="891253844" result="Passed" start-time="2019-11-12 05:38:58Z" end-time="2019-11-12 05:38:58Z" duration="0.009946" asserts="0">
                  <properties />
                </test-case>
                <test-case id="3996" name="DateTimeToXml_Local" fullname="Newtonsoft.Json.Tests.Converters.XmlNodeConverterTest.DateTimeToXml_Local" methodname="DateTimeToXml_Local" classname="Newtonsoft.Json.Tests.Converters.XmlNodeConverterTest" runstate="Runnable" seed="1265651380" result="Passed" start-time="2019-11-12 05:38:58Z" end-time="2019-11-12 05:38:58Z" duration="0.004240" asserts="0">
                  <properties />
                </test-case>
                <test-case id="3999" name="DateTimeToXml_Local_Precision" fullname="Newtonsoft.Json.Tests.Converters.XmlNodeConverterTest.DateTimeToXml_Local_Precision" methodname="DateTimeToXml_Local_Precision" classname="Newtonsoft.Json.Tests.Converters.XmlNodeConverterTest" runstate="Runnable" seed="1802621005" result="Passed" start-time="2019-11-12 05:38:58Z" end-time="2019-11-12 05:38:58Z" duration="0.001426" asserts="0">
                  <properties />
                </test-case>
                <test-case id="3994" name="DateTimeToXml_Unspecified" fullname="Newtonsoft.Json.Tests.Converters.XmlNodeConverterTest.DateTimeToXml_Unspecified" methodname="DateTimeToXml_Unspecified" classname="Newtonsoft.Json.Tests.Converters.XmlNodeConverterTest" runstate="Runnable" seed="1706323219" result="Passed" start-time="2019-11-12 05:38:58Z" end-time="2019-11-12 05:38:58Z" duration="0.000908" asserts="0">
                  <properties />
                </test-case>
                <test-case id="3997" name="DateTimeToXml_Unspecified_Precision" fullname="Newtonsoft.Json.Tests.Converters.XmlNodeConverterTest.DateTimeToXml_Unspecified_Precision" methodname="DateTimeToXml_Unspecified_Precision" classname="Newtonsoft.Json.Tests.Converters.XmlNodeConverterTest" runstate="Runnable" seed="1231391812" result="Passed" start-time="2019-11-12 05:38:58Z" end-time="2019-11-12 05:38:58Z" duration="0.001383" asserts="0">
                  <properties />
                </test-case>
                <test-case id="3995" name="DateTimeToXml_Utc" fullname="Newtonsoft.Json.Tests.Converters.XmlNodeConverterTest.DateTimeToXml_Utc" methodname="DateTimeToXml_Utc" classname="Newtonsoft.Json.Tests.Converters.XmlNodeConverterTest" runstate="Runnable" seed="2127202671" result="Passed" start-time="2019-11-12 05:38:58Z" end-time="2019-11-12 05:38:58Z" duration="0.001355" asserts="0">
                  <properties />
                </test-case>
                <test-case id="3998" name="DateTimeToXml_Utc_Precision" fullname="Newtonsoft.Json.Tests.Converters.XmlNodeConverterTest.DateTimeToXml_Utc_Precision" methodname="DateTimeToXml_Utc_Precision" classname="Newtonsoft.Json.Tests.Converters.XmlNodeConverterTest" runstate="Runnable" seed="1343567601" result="Passed" start-time="2019-11-12 05:38:58Z" end-time="2019-11-12 05:38:58Z" duration="0.000896" asserts="0">
                  <properties />
                </test-case>
                <test-case id="3991" name="Deserialize_XDocument_NoRoot" fullname="Newtonsoft.Json.Tests.Converters.XmlNodeConverterTest.Deserialize_XDocument_NoRoot" methodname="Deserialize_XDocument_NoRoot" classname="Newtonsoft.Json.Tests.Converters.XmlNodeConverterTest" runstate="Runnable" seed="1837425984" result="Passed" start-time="2019-11-12 05:38:58Z" end-time="2019-11-12 05:38:58Z" duration="0.001317" asserts="0">
                  <properties />
                </test-case>
                <test-case id="3993" name="Deserialize_XDocument_NoRootWithDeclaration" fullname="Newtonsoft.Json.Tests.Converters.XmlNodeConverterTest.Deserialize_XDocument_NoRootWithDeclaration" methodname="Deserialize_XDocument_NoRootWithDeclaration" classname="Newtonsoft.Json.Tests.Converters.XmlNodeConverterTest" runstate="Runnable" seed="1824715090" result="Passed" start-time="2019-11-12 05:38:58Z" end-time="2019-11-12 05:38:58Z" duration="0.001903" asserts="0">
                  <properties />
                </test-case>
                <test-case id="3981" name="DeserializeAttributePropertyNotAtStart" fullname="Newtonsoft.Json.Tests.Converters.XmlNodeConverterTest.DeserializeAttributePropertyNotAtStart" methodname="DeserializeAttributePropertyNotAtStart" classname="Newtonsoft.Json.Tests.Converters.XmlNodeConverterTest" runstate="Runnable" seed="2012556285" result="Passed" start-time="2019-11-12 05:38:58Z" end-time="2019-11-12 05:38:58Z" duration="0.002511" asserts="0">
                  <properties />
                </test-case>
                <test-case id="3986" name="DeserializeBigInteger" fullname="Newtonsoft.Json.Tests.Converters.XmlNodeConverterTest.DeserializeBigInteger" methodname="DeserializeBigInteger" classname="Newtonsoft.Json.Tests.Converters.XmlNodeConverterTest" runstate="Runnable" seed="428375079" result="Passed" start-time="2019-11-12 05:38:58Z" end-time="2019-11-12 05:38:58Z" duration="0.002966" asserts="0">
                  <properties />
                </test-case>
                <test-case id="4005" name="DeserializeDateInElementText" fullname="Newtonsoft.Json.Tests.Converters.XmlNodeConverterTest.DeserializeDateInElementText" methodname="DeserializeDateInElementText" classname="Newtonsoft.Json.Tests.Converters.XmlNodeConverterTest" runstate="Runnable" seed="775477292" result="Passed" start-time="2019-11-12 05:38:58Z" end-time="2019-11-12 05:38:58Z" duration="0.023994" asserts="0">
                  <properties />
                </test-case>
                <test-case id="3958" name="DeserializeExample" fullname="Newtonsoft.Json.Tests.Converters.XmlNodeConverterTest.DeserializeExample" methodname="DeserializeExample" classname="Newtonsoft.Json.Tests.Converters.XmlNodeConverterTest" runstate="Runnable" seed="535224224" result="Passed" start-time="2019-11-12 05:38:58Z" end-time="2019-11-12 05:38:58Z" duration="0.004890" asserts="0">
                  <properties />
                </test-case>
                <test-case id="3932" name="DeserializeMultipleRootElements" fullname="Newtonsoft.Json.Tests.Converters.XmlNodeConverterTest.DeserializeMultipleRootElements" methodname="DeserializeMultipleRootElements" classname="Newtonsoft.Json.Tests.Converters.XmlNodeConverterTest" runstate="Runnable" seed="1576421815" result="Passed" start-time="2019-11-12 05:38:58Z" end-time="2019-11-12 05:38:58Z" duration="0.001049" asserts="0">
                  <properties />
                </test-case>
                <test-case id="3973" name="DeserializeNonInt64IntegerValues" fullname="Newtonsoft.Json.Tests.Converters.XmlNodeConverterTest.DeserializeNonInt64IntegerValues" methodname="DeserializeNonInt64IntegerValues" classname="Newtonsoft.Json.Tests.Converters.XmlNodeConverterTest" runstate="Runnable" seed="782935167" result="Passed" start-time="2019-11-12 05:38:58Z" end-time="2019-11-12 05:38:58Z" duration="0.004459" asserts="0">
                  <properties />
                </test-case>
                <test-case id="3931" name="DeserializeUndeclaredNamespacePrefix" fullname="Newtonsoft.Json.Tests.Converters.XmlNodeConverterTest.DeserializeUndeclaredNamespacePrefix" methodname="DeserializeUndeclaredNamespacePrefix" classname="Newtonsoft.Json.Tests.Converters.XmlNodeConverterTest" runstate="Runnable" seed="590146619" result="Passed" start-time="2019-11-12 05:38:58Z" end-time="2019-11-12 05:38:58Z" duration="0.002340" asserts="0">
                  <properties />
                </test-case>
                <test-case id="3987" name="DeserializeXmlIncompatibleCharsInPropertyName" fullname="Newtonsoft.Json.Tests.Converters.XmlNodeConverterTest.DeserializeXmlIncompatibleCharsInPropertyName" methodname="DeserializeXmlIncompatibleCharsInPropertyName" classname="Newtonsoft.Json.Tests.Converters.XmlNodeConverterTest" runstate="Runnable" seed="462190138" result="Passed" start-time="2019-11-12 05:38:58Z" end-time="2019-11-12 05:38:58Z" duration="0.002382" asserts="0">
                  <properties />
                </test-case>
                <test-case id="3906" name="DeserializeXmlNode_DefaultDate" fullname="Newtonsoft.Json.Tests.Converters.XmlNodeConverterTest.DeserializeXmlNode_DefaultDate" methodname="DeserializeXmlNode_DefaultDate" classname="Newtonsoft.Json.Tests.Converters.XmlNodeConverterTest" runstate="Runnable" seed="2063495784" result="Passed" start-time="2019-11-12 05:38:58Z" end-time="2019-11-12 05:38:58Z" duration="0.000601" asserts="0">
                  <properties />
                </test-case>
                <test-case id="3980" name="DeserializeXmlNodeDefaultNamespace" fullname="Newtonsoft.Json.Tests.Converters.XmlNodeConverterTest.DeserializeXmlNodeDefaultNamespace" methodname="DeserializeXmlNodeDefaultNamespace" classname="Newtonsoft.Json.Tests.Converters.XmlNodeConverterTest" runstate="Runnable" seed="386022927" result="Passed" start-time="2019-11-12 05:38:58Z" end-time="2019-11-12 05:38:58Z" duration="0.009747" asserts="0">
                  <properties />
                </test-case>
                <test-case id="3911" name="DeserializeXNode_DefaultDate" fullname="Newtonsoft.Json.Tests.Converters.XmlNodeConverterTest.DeserializeXNode_DefaultDate" methodname="DeserializeXNode_DefaultDate" classname="Newtonsoft.Json.Tests.Converters.XmlNodeConverterTest" runstate="Runnable" seed="1147019908" result="Passed" start-time="2019-11-12 05:38:58Z" end-time="2019-11-12 05:38:58Z" duration="0.000756" asserts="0">
                  <properties />
                </test-case>
                <test-case id="3979" name="DeserializeXNodeDefaultNamespace" fullname="Newtonsoft.Json.Tests.Converters.XmlNodeConverterTest.DeserializeXNodeDefaultNamespace" methodname="DeserializeXNodeDefaultNamespace" classname="Newtonsoft.Json.Tests.Converters.XmlNodeConverterTest" runstate="Runnable" seed="1348234305" result="Passed" start-time="2019-11-12 05:38:58Z" end-time="2019-11-12 05:38:58Z" duration="0.010551" asserts="0">
                  <properties />
                </test-case>
                <test-case id="3974" name="DeserializingBooleanValues" fullname="Newtonsoft.Json.Tests.Converters.XmlNodeConverterTest.DeserializingBooleanValues" methodname="DeserializingBooleanValues" classname="Newtonsoft.Json.Tests.Converters.XmlNodeConverterTest" runstate="Runnable" seed="1845226963" result="Passed" start-time="2019-11-12 05:38:58Z" end-time="2019-11-12 05:38:58Z" duration="0.008068" asserts="0">
                  <properties />
                </test-case>
                <test-case id="3940" name="DocumentDeserialize" fullname="Newtonsoft.Json.Tests.Converters.XmlNodeConverterTest.DocumentDeserialize" methodname="DocumentDeserialize" classname="Newtonsoft.Json.Tests.Converters.XmlNodeConverterTest" runstate="Runnable" seed="860186019" result="Passed" start-time="2019-11-12 05:38:58Z" end-time="2019-11-12 05:38:58Z" duration="0.004421" asserts="0">
                  <properties />
                </test-case>
                <test-case id="3936" name="DocumentFragmentSerialize" fullname="Newtonsoft.Json.Tests.Converters.XmlNodeConverterTest.DocumentFragmentSerialize" methodname="DocumentFragmentSerialize" classname="Newtonsoft.Json.Tests.Converters.XmlNodeConverterTest" runstate="Runnable" seed="916167282" result="Passed" start-time="2019-11-12 05:38:58Z" end-time="2019-11-12 05:38:58Z" duration="0.006874" asserts="0">
                  <properties />
                </test-case>
                <test-case id="3933" name="DocumentSerializeIndented" fullname="Newtonsoft.Json.Tests.Converters.XmlNodeConverterTest.DocumentSerializeIndented" methodname="DocumentSerializeIndented" classname="Newtonsoft.Json.Tests.Converters.XmlNodeConverterTest" runstate="Runnable" seed="204843057" result="Passed" start-time="2019-11-12 05:38:58Z" end-time="2019-11-12 05:38:58Z" duration="0.012720" asserts="0">
                  <properties />
                </test-case>
                <test-case id="3943" name="EmptyNode" fullname="Newtonsoft.Json.Tests.Converters.XmlNodeConverterTest.EmptyNode" methodname="EmptyNode" classname="Newtonsoft.Json.Tests.Converters.XmlNodeConverterTest" runstate="Runnable" seed="1351813414" result="Passed" start-time="2019-11-12 05:38:58Z" end-time="2019-11-12 05:38:58Z" duration="0.001639" asserts="0">
                  <properties />
                </test-case>
                <test-case id="3967" name="EmptyPropertyName" fullname="Newtonsoft.Json.Tests.Converters.XmlNodeConverterTest.EmptyPropertyName" methodname="EmptyPropertyName" classname="Newtonsoft.Json.Tests.Converters.XmlNodeConverterTest" runstate="Runnable" seed="147395126" result="Passed" start-time="2019-11-12 05:38:58Z" end-time="2019-11-12 05:38:58Z" duration="0.001347" asserts="0">
                  <properties />
                </test-case>
                <test-case id="3971" name="EmtpyElementWithArrayAttributeShouldWriteAttributes" fullname="Newtonsoft.Json.Tests.Converters.XmlNodeConverterTest.EmtpyElementWithArrayAttributeShouldWriteAttributes" methodname="EmtpyElementWithArrayAttributeShouldWriteAttributes" classname="Newtonsoft.Json.Tests.Converters.XmlNodeConverterTest" runstate="Runnable" seed="957039486" result="Passed" start-time="2019-11-12 05:38:58Z" end-time="2019-11-12 05:38:58Z" duration="0.002237" asserts="0">
                  <properties />
                </test-case>
                <test-case id="3972" name="EmtpyElementWithArrayAttributeShouldWriteElement" fullname="Newtonsoft.Json.Tests.Converters.XmlNodeConverterTest.EmtpyElementWithArrayAttributeShouldWriteElement" methodname="EmtpyElementWithArrayAttributeShouldWriteElement" classname="Newtonsoft.Json.Tests.Converters.XmlNodeConverterTest" runstate="Runnable" seed="1232982424" result="Passed" start-time="2019-11-12 05:38:58Z" end-time="2019-11-12 05:38:58Z" duration="0.000933" asserts="0">
                  <properties />
                </test-case>
                <test-case id="3955" name="Encoding" fullname="Newtonsoft.Json.Tests.Converters.XmlNodeConverterTest.Encoding" methodname="Encoding" classname="Newtonsoft.Json.Tests.Converters.XmlNodeConverterTest" runstate="Runnable" seed="916297056" result="Passed" start-time="2019-11-12 05:38:58Z" end-time="2019-11-12 05:38:58Z" duration="0.000773" asserts="0">
                  <properties />
                </test-case>
                <test-case id="3959" name="EscapingNames" fullname="Newtonsoft.Json.Tests.Converters.XmlNodeConverterTest.EscapingNames" methodname="EscapingNames" classname="Newtonsoft.Json.Tests.Converters.XmlNodeConverterTest" runstate="Runnable" seed="1544760993" result="Passed" start-time="2019-11-12 05:38:58Z" end-time="2019-11-12 05:38:58Z" duration="0.001943" asserts="0">
                  <properties />
                </test-case>
                <test-case id="3939" name="FailOnIncomplete" fullname="Newtonsoft.Json.Tests.Converters.XmlNodeConverterTest.FailOnIncomplete" methodname="FailOnIncomplete" classname="Newtonsoft.Json.Tests.Converters.XmlNodeConverterTest" runstate="Runnable" seed="824175457" result="Passed" start-time="2019-11-12 05:38:58Z" end-time="2019-11-12 05:38:58Z" duration="0.000818" asserts="0">
                  <properties />
                </test-case>
                <test-case id="3926" name="FloatParseHandlingDecimal" fullname="Newtonsoft.Json.Tests.Converters.XmlNodeConverterTest.FloatParseHandlingDecimal" methodname="FloatParseHandlingDecimal" classname="Newtonsoft.Json.Tests.Converters.XmlNodeConverterTest" runstate="Runnable" seed="143472880" result="Passed" start-time="2019-11-12 05:38:58Z" end-time="2019-11-12 05:38:58Z" duration="0.004663" asserts="0">
                  <properties />
                </test-case>
                <test-case id="3948" name="ForceJsonArray" fullname="Newtonsoft.Json.Tests.Converters.XmlNodeConverterTest.ForceJsonArray" methodname="ForceJsonArray" classname="Newtonsoft.Json.Tests.Converters.XmlNodeConverterTest" runstate="Runnable" seed="1089187249" result="Passed" start-time="2019-11-12 05:38:58Z" end-time="2019-11-12 05:38:58Z" duration="0.002724" asserts="0">
                  <properties />
                </test-case>
                <test-case id="3928" name="GroupElementsOfTheSameName" fullname="Newtonsoft.Json.Tests.Converters.XmlNodeConverterTest.GroupElementsOfTheSameName" methodname="GroupElementsOfTheSameName" classname="Newtonsoft.Json.Tests.Converters.XmlNodeConverterTest" runstate="Runnable" seed="662429842" result="Passed" start-time="2019-11-12 05:38:58Z" end-time="2019-11-12 05:38:58Z" duration="0.003284" asserts="0">
                  <properties />
                </test-case>
                <test-case id="3975" name="IgnoreCultureForTypedAttributes" fullname="Newtonsoft.Json.Tests.Converters.XmlNodeConverterTest.IgnoreCultureForTypedAttributes" methodname="IgnoreCultureForTypedAttributes" classname="Newtonsoft.Json.Tests.Converters.XmlNodeConverterTest" runstate="Runnable" seed="858955050" result="Passed" start-time="2019-11-12 05:38:58Z" end-time="2019-11-12 05:38:58Z" duration="0.001045" asserts="0">
                  <properties />
                </test-case>
                <test-case id="3947" name="JavaScriptConstructor" fullname="Newtonsoft.Json.Tests.Converters.XmlNodeConverterTest.JavaScriptConstructor" methodname="JavaScriptConstructor" classname="Newtonsoft.Json.Tests.Converters.XmlNodeConverterTest" runstate="Runnable" seed="1656541027" result="Passed" start-time="2019-11-12 05:38:58Z" end-time="2019-11-12 05:38:58Z" duration="0.001062" asserts="0">
                  <properties />
                </test-case>
                <test-case id="3922" name="MultipleNamespacesXDocument" fullname="Newtonsoft.Json.Tests.Converters.XmlNodeConverterTest.MultipleNamespacesXDocument" methodname="MultipleNamespacesXDocument" classname="Newtonsoft.Json.Tests.Converters.XmlNodeConverterTest" runstate="Runnable" seed="202628235" result="Passed" start-time="2019-11-12 05:38:58Z" end-time="2019-11-12 05:38:58Z" duration="0.001902" asserts="0">
                  <properties />
                </test-case>
                <test-case id="3923" name="MultipleNamespacesXmlDocument" fullname="Newtonsoft.Json.Tests.Converters.XmlNodeConverterTest.MultipleNamespacesXmlDocument" methodname="MultipleNamespacesXmlDocument" classname="Newtonsoft.Json.Tests.Converters.XmlNodeConverterTest" runstate="Runnable" seed="1789188747" result="Passed" start-time="2019-11-12 05:38:58Z" end-time="2019-11-12 05:38:58Z" duration="0.001520" asserts="0">
                  <properties />
                </test-case>
                <test-case id="3954" name="MultipleNestedArraysToXml" fullname="Newtonsoft.Json.Tests.Converters.XmlNodeConverterTest.MultipleNestedArraysToXml" methodname="MultipleNestedArraysToXml" classname="Newtonsoft.Json.Tests.Converters.XmlNodeConverterTest" runstate="Runnable" seed="302656931" result="Passed" start-time="2019-11-12 05:38:58Z" end-time="2019-11-12 05:38:58Z" duration="0.001758" asserts="0">
                  <properties />
                </test-case>
                <test-case id="3951" name="MultipleRootPropertiesAddRootElement" fullname="Newtonsoft.Json.Tests.Converters.XmlNodeConverterTest.MultipleRootPropertiesAddRootElement" methodname="MultipleRootPropertiesAddRootElement" classname="Newtonsoft.Json.Tests.Converters.XmlNodeConverterTest" runstate="Runnable" seed="1995343157" result="Passed" start-time="2019-11-12 05:38:58Z" end-time="2019-11-12 05:38:58Z" duration="0.000826" asserts="0">
                  <properties />
                </test-case>
                <test-case id="3950" name="MultipleRootPropertiesXDocument" fullname="Newtonsoft.Json.Tests.Converters.XmlNodeConverterTest.MultipleRootPropertiesXDocument" methodname="MultipleRootPropertiesXDocument" classname="Newtonsoft.Json.Tests.Converters.XmlNodeConverterTest" runstate="Runnable" seed="1811950119" result="Passed" start-time="2019-11-12 05:38:58Z" end-time="2019-11-12 05:38:58Z" duration="0.000969" asserts="0">
                  <properties />
                </test-case>
                <test-case id="3949" name="MultipleRootPropertiesXmlDocument" fullname="Newtonsoft.Json.Tests.Converters.XmlNodeConverterTest.MultipleRootPropertiesXmlDocument" methodname="MultipleRootPropertiesXmlDocument" classname="Newtonsoft.Json.Tests.Converters.XmlNodeConverterTest" runstate="Runnable" seed="1061268195" result="Passed" start-time="2019-11-12 05:38:58Z" end-time="2019-11-12 05:38:58Z" duration="0.000865" asserts="0">
                  <properties />
                </test-case>
                <test-case id="3938" name="NamespaceSerializeDeserialize" fullname="Newtonsoft.Json.Tests.Converters.XmlNodeConverterTest.NamespaceSerializeDeserialize" methodname="NamespaceSerializeDeserialize" classname="Newtonsoft.Json.Tests.Converters.XmlNodeConverterTest" runstate="Runnable" seed="534116701" result="Passed" start-time="2019-11-12 05:38:58Z" end-time="2019-11-12 05:38:58Z" duration="0.002799" asserts="0">
                  <properties />
                </test-case>
                <test-case id="3952" name="NestedArrays" fullname="Newtonsoft.Json.Tests.Converters.XmlNodeConverterTest.NestedArrays" methodname="NestedArrays" classname="Newtonsoft.Json.Tests.Converters.XmlNodeConverterTest" runstate="Runnable" seed="1652115250" result="Passed" start-time="2019-11-12 05:38:58Z" end-time="2019-11-12 05:38:58Z" duration="0.001756" asserts="0">
                  <properties />
                </test-case>
                <test-case id="3977" name="NonStandardAttributeValues" fullname="Newtonsoft.Json.Tests.Converters.XmlNodeConverterTest.NonStandardAttributeValues" methodname="NonStandardAttributeValues" classname="Newtonsoft.Json.Tests.Converters.XmlNodeConverterTest" runstate="Runnable" seed="231706584" result="Passed" start-time="2019-11-12 05:38:58Z" end-time="2019-11-12 05:38:58Z" duration="0.002941" asserts="0">
                  <properties />
                </test-case>
                <test-case id="3978" name="NonStandardElementsValues" fullname="Newtonsoft.Json.Tests.Converters.XmlNodeConverterTest.NonStandardElementsValues" methodname="NonStandardElementsValues" classname="Newtonsoft.Json.Tests.Converters.XmlNodeConverterTest" runstate="Runnable" seed="1149345807" result="Passed" start-time="2019-11-12 05:38:58Z" end-time="2019-11-12 05:38:58Z" duration="0.001295" asserts="0">
                  <properties />
                </test-case>
                <test-case id="3945" name="NoRootObject" fullname="Newtonsoft.Json.Tests.Converters.XmlNodeConverterTest.NoRootObject" methodname="NoRootObject" classname="Newtonsoft.Json.Tests.Converters.XmlNodeConverterTest" runstate="Runnable" seed="1226860638" result="Passed" start-time="2019-11-12 05:38:58Z" end-time="2019-11-12 05:38:58Z" duration="0.001593" asserts="0">
                  <properties />
                </test-case>
                <test-case id="3976" name="NullAttributeValue" fullname="Newtonsoft.Json.Tests.Converters.XmlNodeConverterTest.NullAttributeValue" methodname="NullAttributeValue" classname="Newtonsoft.Json.Tests.Converters.XmlNodeConverterTest" runstate="Runnable" seed="1092581917" result="Passed" start-time="2019-11-12 05:38:58Z" end-time="2019-11-12 05:38:58Z" duration="0.000702" asserts="0">
                  <properties />
                </test-case>
                <test-case id="3970" name="OmitRootObject" fullname="Newtonsoft.Json.Tests.Converters.XmlNodeConverterTest.OmitRootObject" methodname="OmitRootObject" classname="Newtonsoft.Json.Tests.Converters.XmlNodeConverterTest" runstate="Runnable" seed="1566511208" result="Passed" start-time="2019-11-12 05:38:58Z" end-time="2019-11-12 05:38:58Z" duration="0.001054" asserts="0">
                  <properties />
                </test-case>
                <test-case id="3944" name="OtherElementDataTypes" fullname="Newtonsoft.Json.Tests.Converters.XmlNodeConverterTest.OtherElementDataTypes" methodname="OtherElementDataTypes" classname="Newtonsoft.Json.Tests.Converters.XmlNodeConverterTest" runstate="Runnable" seed="550304970" result="Passed" start-time="2019-11-12 05:38:58Z" end-time="2019-11-12 05:38:58Z" duration="0.002718" asserts="0">
                  <properties />
                </test-case>
                <test-case id="3946" name="RootObjectMultipleProperties" fullname="Newtonsoft.Json.Tests.Converters.XmlNodeConverterTest.RootObjectMultipleProperties" methodname="RootObjectMultipleProperties" classname="Newtonsoft.Json.Tests.Converters.XmlNodeConverterTest" runstate="Runnable" seed="1929616768" result="Passed" start-time="2019-11-12 05:38:58Z" end-time="2019-11-12 05:38:58Z" duration="0.001631" asserts="0">
                  <properties />
                </test-case>
                <test-case id="3988" name="RootPropertyError" fullname="Newtonsoft.Json.Tests.Converters.XmlNodeConverterTest.RootPropertyError" methodname="RootPropertyError" classname="Newtonsoft.Json.Tests.Converters.XmlNodeConverterTest" runstate="Runnable" seed="1703363049" result="Passed" start-time="2019-11-12 05:38:58Z" end-time="2019-11-12 05:38:58Z" duration="0.001221" asserts="0">
                  <properties />
                </test-case>
                <test-case id="3953" name="RoundTripNestedArrays" fullname="Newtonsoft.Json.Tests.Converters.XmlNodeConverterTest.RoundTripNestedArrays" methodname="RoundTripNestedArrays" classname="Newtonsoft.Json.Tests.Converters.XmlNodeConverterTest" runstate="Runnable" seed="1695183862" result="Passed" start-time="2019-11-12 05:38:58Z" end-time="2019-11-12 05:38:58Z" duration="0.002315" asserts="0">
                  <properties />
                </test-case>
                <test-case id="3990" name="Serialize_XDocument_NoRoot" fullname="Newtonsoft.Json.Tests.Converters.XmlNodeConverterTest.Serialize_XDocument_NoRoot" methodname="Serialize_XDocument_NoRoot" classname="Newtonsoft.Json.Tests.Converters.XmlNodeConverterTest" runstate="Runnable" seed="2092805592" result="Passed" start-time="2019-11-12 05:38:58Z" end-time="2019-11-12 05:38:58Z" duration="0.000755" asserts="0">
                  <properties />
                </test-case>
                <test-case id="3992" name="Serialize_XDocument_NoRootWithDeclaration" fullname="Newtonsoft.Json.Tests.Converters.XmlNodeConverterTest.Serialize_XDocument_NoRootWithDeclaration" methodname="Serialize_XDocument_NoRootWithDeclaration" classname="Newtonsoft.Json.Tests.Converters.XmlNodeConverterTest" runstate="Runnable" seed="696679603" result="Passed" start-time="2019-11-12 05:38:58Z" end-time="2019-11-12 05:38:58Z" duration="0.000843" asserts="0">
                  <properties />
                </test-case>
                <test-case id="3983" name="SerializeAndDeserializeNullableXml" fullname="Newtonsoft.Json.Tests.Converters.XmlNodeConverterTest.SerializeAndDeserializeNullableXml" methodname="SerializeAndDeserializeNullableXml" classname="Newtonsoft.Json.Tests.Converters.XmlNodeConverterTest" runstate="Runnable" seed="41730905" result="Passed" start-time="2019-11-12 05:38:58Z" end-time="2019-11-12 05:38:58Z" duration="0.017363" asserts="0">
                  <properties />
                </test-case>
                <test-case id="3921" name="SerializeAndDeserializeXElement" fullname="Newtonsoft.Json.Tests.Converters.XmlNodeConverterTest.SerializeAndDeserializeXElement" methodname="SerializeAndDeserializeXElement" classname="Newtonsoft.Json.Tests.Converters.XmlNodeConverterTest" runstate="Runnable" seed="134354607" result="Passed" start-time="2019-11-12 05:38:58Z" end-time="2019-11-12 05:38:58Z" duration="0.002341" asserts="0">
                  <properties />
                </test-case>
                <test-case id="3984" name="SerializeAndDeserializeXElementWithNamespaceInChildrenRootDontHaveNameSpace" fullname="Newtonsoft.Json.Tests.Converters.XmlNodeConverterTest.SerializeAndDeserializeXElementWithNamespaceInChildrenRootDontHaveNameSpace" methodname="SerializeAndDeserializeXElementWithNamespaceInChildrenRootDontHaveNameSpace" classname="Newtonsoft.Json.Tests.Converters.XmlNodeConverterTest" runstate="Runnable" seed="598663268" result="Passed" start-time="2019-11-12 05:38:58Z" end-time="2019-11-12 05:38:58Z" duration="0.001923" asserts="0">
                  <properties />
                </test-case>
                <test-case id="3941" name="SerializeAndDeserializeXmlElement" fullname="Newtonsoft.Json.Tests.Converters.XmlNodeConverterTest.SerializeAndDeserializeXmlElement" methodname="SerializeAndDeserializeXmlElement" classname="Newtonsoft.Json.Tests.Converters.XmlNodeConverterTest" runstate="Runnable" seed="227956478" result="Passed" start-time="2019-11-12 05:38:58Z" end-time="2019-11-12 05:38:58Z" duration="0.001791" asserts="0">
                  <properties />
                </test-case>
                <test-case id="3985" name="SerializeAndDeserializeXmlElementWithNamespaceInChildrenRootDontHaveNameSpace" fullname="Newtonsoft.Json.Tests.Converters.XmlNodeConverterTest.SerializeAndDeserializeXmlElementWithNamespaceInChildrenRootDontHaveNameSpace" methodname="SerializeAndDeserializeXmlElementWithNamespaceInChildrenRootDontHaveNameSpace" classname="Newtonsoft.Json.Tests.Converters.XmlNodeConverterTest" runstate="Runnable" seed="353072796" result="Passed" start-time="2019-11-12 05:38:58Z" end-time="2019-11-12 05:38:58Z" duration="0.000950" asserts="0">
                  <properties />
                </test-case>
                <test-case id="3930" name="SerializeAndDeserializeXmlWithNamespaceInChildrenAndNoValueInChildren" fullname="Newtonsoft.Json.Tests.Converters.XmlNodeConverterTest.SerializeAndDeserializeXmlWithNamespaceInChildrenAndNoValueInChildren" methodname="SerializeAndDeserializeXmlWithNamespaceInChildrenAndNoValueInChildren" classname="Newtonsoft.Json.Tests.Converters.XmlNodeConverterTest" runstate="Runnable" seed="181872186" result="Passed" start-time="2019-11-12 05:38:58Z" end-time="2019-11-12 05:38:58Z" duration="0.000792" asserts="0">
                  <properties />
                </test-case>
                <test-case id="3956" name="SerializeComment" fullname="Newtonsoft.Json.Tests.Converters.XmlNodeConverterTest.SerializeComment" methodname="SerializeComment" classname="Newtonsoft.Json.Tests.Converters.XmlNodeConverterTest" runstate="Runnable" seed="1325052535" result="Passed" start-time="2019-11-12 05:38:58Z" end-time="2019-11-12 05:38:58Z" duration="0.003577" asserts="0">
                  <properties />
                </test-case>
                <test-case id="3961" name="SerializeDeserializeMetadataArray" fullname="Newtonsoft.Json.Tests.Converters.XmlNodeConverterTest.SerializeDeserializeMetadataArray" methodname="SerializeDeserializeMetadataArray" classname="Newtonsoft.Json.Tests.Converters.XmlNodeConverterTest" runstate="Runnable" seed="525893900" result="Passed" start-time="2019-11-12 05:38:58Z" end-time="2019-11-12 05:38:58Z" duration="0.001484" asserts="0">
                  <properties />
                </test-case>
                <test-case id="3962" name="SerializeDeserializeMetadataArrayNoId" fullname="Newtonsoft.Json.Tests.Converters.XmlNodeConverterTest.SerializeDeserializeMetadataArrayNoId" methodname="SerializeDeserializeMetadataArrayNoId" classname="Newtonsoft.Json.Tests.Converters.XmlNodeConverterTest" runstate="Runnable" seed="3230065" result="Passed" start-time="2019-11-12 05:38:58Z" end-time="2019-11-12 05:38:58Z" duration="0.001339" asserts="0">
                  <properties />
                </test-case>
                <test-case id="3966" name="SerializeDeserializeMetadataArrayNull" fullname="Newtonsoft.Json.Tests.Converters.XmlNodeConverterTest.SerializeDeserializeMetadataArrayNull" methodname="SerializeDeserializeMetadataArrayNull" classname="Newtonsoft.Json.Tests.Converters.XmlNodeConverterTest" runstate="Runnable" seed="1393712696" result="Passed" start-time="2019-11-12 05:38:58Z" end-time="2019-11-12 05:38:58Z" duration="0.001120" asserts="0">
                  <properties />
                </test-case>
                <test-case id="3963" name="SerializeDeserializeMetadataArrayWithIdLast" fullname="Newtonsoft.Json.Tests.Converters.XmlNodeConverterTest.SerializeDeserializeMetadataArrayWithIdLast" methodname="SerializeDeserializeMetadataArrayWithIdLast" classname="Newtonsoft.Json.Tests.Converters.XmlNodeConverterTest" runstate="Runnable" seed="1253004255" result="Passed" start-time="2019-11-12 05:38:58Z" end-time="2019-11-12 05:38:58Z" duration="0.001444" asserts="0">
                  <properties />
                </test-case>
                <test-case id="3960" name="SerializeDeserializeMetadataProperties" fullname="Newtonsoft.Json.Tests.Converters.XmlNodeConverterTest.SerializeDeserializeMetadataProperties" methodname="SerializeDeserializeMetadataProperties" classname="Newtonsoft.Json.Tests.Converters.XmlNodeConverterTest" runstate="Runnable" seed="2121632713" result="Passed" start-time="2019-11-12 05:38:58Z" end-time="2019-11-12 05:38:58Z" duration="0.010987" asserts="0">
                  <properties />
                </test-case>
                <test-case id="3965" name="SerializeDeserializeMetadataWithNullValue" fullname="Newtonsoft.Json.Tests.Converters.XmlNodeConverterTest.SerializeDeserializeMetadataWithNullValue" methodname="SerializeDeserializeMetadataWithNullValue" classname="Newtonsoft.Json.Tests.Converters.XmlNodeConverterTest" runstate="Runnable" seed="221890006" result="Passed" start-time="2019-11-12 05:38:58Z" end-time="2019-11-12 05:38:58Z" duration="0.001028" asserts="0">
                  <properties />
                </test-case>
                <test-case id="4003" name="SerializeDocumentExplicitAttributeNamespace" fullname="Newtonsoft.Json.Tests.Converters.XmlNodeConverterTest.SerializeDocumentExplicitAttributeNamespace" methodname="SerializeDocumentExplicitAttributeNamespace" classname="Newtonsoft.Json.Tests.Converters.XmlNodeConverterTest" runstate="Runnable" seed="1752925767" result="Passed" start-time="2019-11-12 05:38:58Z" end-time="2019-11-12 05:38:58Z" duration="0.000877" asserts="0">
                  <properties />
                </test-case>
                <test-case id="4004" name="SerializeDocumentImplicitAttributeNamespace" fullname="Newtonsoft.Json.Tests.Converters.XmlNodeConverterTest.SerializeDocumentImplicitAttributeNamespace" methodname="SerializeDocumentImplicitAttributeNamespace" classname="Newtonsoft.Json.Tests.Converters.XmlNodeConverterTest" runstate="Runnable" seed="838207693" result="Passed" start-time="2019-11-12 05:38:58Z" end-time="2019-11-12 05:38:58Z" duration="0.000952" asserts="0">
                  <properties />
                </test-case>
                <test-case id="3918" name="SerializeDollarProperty" fullname="Newtonsoft.Json.Tests.Converters.XmlNodeConverterTest.SerializeDollarProperty" methodname="SerializeDollarProperty" classname="Newtonsoft.Json.Tests.Converters.XmlNodeConverterTest" runstate="Runnable" seed="61632008" result="Passed" start-time="2019-11-12 05:38:58Z" end-time="2019-11-12 05:38:58Z" duration="0.000828" asserts="0">
                  <properties />
                </test-case>
                <test-case id="4001" name="SerializeElementExplicitAttributeNamespace" fullname="Newtonsoft.Json.Tests.Converters.XmlNodeConverterTest.SerializeElementExplicitAttributeNamespace" methodname="SerializeElementExplicitAttributeNamespace" classname="Newtonsoft.Json.Tests.Converters.XmlNodeConverterTest" runstate="Runnable" seed="326196447" result="Passed" start-time="2019-11-12 05:38:58Z" end-time="2019-11-12 05:38:58Z" duration="0.002291" asserts="0">
                  <properties />
                </test-case>
                <test-case id="4002" name="SerializeElementImplicitAttributeNamespace" fullname="Newtonsoft.Json.Tests.Converters.XmlNodeConverterTest.SerializeElementImplicitAttributeNamespace" methodname="SerializeElementImplicitAttributeNamespace" classname="Newtonsoft.Json.Tests.Converters.XmlNodeConverterTest" runstate="Runnable" seed="1410736726" result="Passed" start-time="2019-11-12 05:38:58Z" end-time="2019-11-12 05:38:58Z" duration="0.001091" asserts="0">
                  <properties />
                </test-case>
                <test-case id="3929" name="SerializeEmptyDocument" fullname="Newtonsoft.Json.Tests.Converters.XmlNodeConverterTest.SerializeEmptyDocument" methodname="SerializeEmptyDocument" classname="Newtonsoft.Json.Tests.Converters.XmlNodeConverterTest" runstate="Runnable" seed="1691563092" result="Passed" start-time="2019-11-12 05:38:58Z" end-time="2019-11-12 05:38:58Z" duration="0.001048" asserts="0">
                  <properties />
                </test-case>
                <test-case id="3989" name="SerializeEmptyNodeAndOmitRoot" fullname="Newtonsoft.Json.Tests.Converters.XmlNodeConverterTest.SerializeEmptyNodeAndOmitRoot" methodname="SerializeEmptyNodeAndOmitRoot" classname="Newtonsoft.Json.Tests.Converters.XmlNodeConverterTest" runstate="Runnable" seed="1747557144" result="Passed" start-time="2019-11-12 05:38:58Z" end-time="2019-11-12 05:38:58Z" duration="0.000829" asserts="0">
                  <properties />
                </test-case>
                <test-case id="4000" name="SerializeEmptyNodeAndOmitRoot_XElement" fullname="Newtonsoft.Json.Tests.Converters.XmlNodeConverterTest.SerializeEmptyNodeAndOmitRoot_XElement" methodname="SerializeEmptyNodeAndOmitRoot_XElement" classname="Newtonsoft.Json.Tests.Converters.XmlNodeConverterTest" runstate="Runnable" seed="1070680717" result="Passed" start-time="2019-11-12 05:38:58Z" end-time="2019-11-12 05:38:58Z" duration="0.000738" asserts="0">
                  <properties />
                </test-case>
                <test-case id="3957" name="SerializeExample" fullname="Newtonsoft.Json.Tests.Converters.XmlNodeConverterTest.SerializeExample" methodname="SerializeExample" classname="Newtonsoft.Json.Tests.Converters.XmlNodeConverterTest" runstate="Runnable" seed="2018746959" result="Passed" start-time="2019-11-12 05:38:58Z" end-time="2019-11-12 05:38:58Z" duration="0.001901" asserts="0">
                  <properties />
                </test-case>
                <test-case id="3964" name="SerializeMetadataPropertyWithBadValue" fullname="Newtonsoft.Json.Tests.Converters.XmlNodeConverterTest.SerializeMetadataPropertyWithBadValue" methodname="SerializeMetadataPropertyWithBadValue" classname="Newtonsoft.Json.Tests.Converters.XmlNodeConverterTest" runstate="Runnable" seed="40748232" result="Passed" start-time="2019-11-12 05:38:58Z" end-time="2019-11-12 05:38:58Z" duration="0.000952" asserts="0">
                  <properties />
                </test-case>
                <test-case id="3934" name="SerializeNodeTypes" fullname="Newtonsoft.Json.Tests.Converters.XmlNodeConverterTest.SerializeNodeTypes" methodname="SerializeNodeTypes" classname="Newtonsoft.Json.Tests.Converters.XmlNodeConverterTest" runstate="Runnable" seed="668049988" result="Passed" start-time="2019-11-12 05:38:58Z" end-time="2019-11-12 05:38:58Z" duration="0.015470" asserts="0">
                  <properties />
                </test-case>
                <test-case id="3935" name="SerializeNodeTypes_Encoding" fullname="Newtonsoft.Json.Tests.Converters.XmlNodeConverterTest.SerializeNodeTypes_Encoding" methodname="SerializeNodeTypes_Encoding" classname="Newtonsoft.Json.Tests.Converters.XmlNodeConverterTest" runstate="Runnable" seed="1222284146" result="Passed" start-time="2019-11-12 05:38:58Z" end-time="2019-11-12 05:38:58Z" duration="0.001942" asserts="0">
                  <properties />
                </test-case>
                <test-case id="3919" name="SerializeNonKnownDollarProperty" fullname="Newtonsoft.Json.Tests.Converters.XmlNodeConverterTest.SerializeNonKnownDollarProperty" methodname="SerializeNonKnownDollarProperty" classname="Newtonsoft.Json.Tests.Converters.XmlNodeConverterTest" runstate="Runnable" seed="961706905" result="Passed" start-time="2019-11-12 05:38:58Z" end-time="2019-11-12 05:38:58Z" duration="0.001320" asserts="0">
                  <properties />
                </test-case>
                <test-case id="3925" name="SerializeXElement" fullname="Newtonsoft.Json.Tests.Converters.XmlNodeConverterTest.SerializeXElement" methodname="SerializeXElement" classname="Newtonsoft.Json.Tests.Converters.XmlNodeConverterTest" runstate="Runnable" seed="865299576" result="Passed" start-time="2019-11-12 05:38:58Z" end-time="2019-11-12 05:38:58Z" duration="0.009438" asserts="0">
                  <properties />
                </test-case>
                <test-case id="3924" name="SerializeXmlElement" fullname="Newtonsoft.Json.Tests.Converters.XmlNodeConverterTest.SerializeXmlElement" methodname="SerializeXmlElement" classname="Newtonsoft.Json.Tests.Converters.XmlNodeConverterTest" runstate="Runnable" seed="1183589151" result="Passed" start-time="2019-11-12 05:38:58Z" end-time="2019-11-12 05:38:58Z" duration="0.006230" asserts="0">
                  <properties />
                </test-case>
                <test-case id="3982" name="SerializingXmlNamespaceScope" fullname="Newtonsoft.Json.Tests.Converters.XmlNodeConverterTest.SerializingXmlNamespaceScope" methodname="SerializingXmlNamespaceScope" classname="Newtonsoft.Json.Tests.Converters.XmlNodeConverterTest" runstate="Runnable" seed="41381611" result="Passed" start-time="2019-11-12 05:38:58Z" end-time="2019-11-12 05:38:58Z" duration="0.001244" asserts="0">
                  <properties />
                </test-case>
                <test-case id="3968" name="SingleItemArrayPropertySerialization" fullname="Newtonsoft.Json.Tests.Converters.XmlNodeConverterTest.SingleItemArrayPropertySerialization" methodname="SingleItemArrayPropertySerialization" classname="Newtonsoft.Json.Tests.Converters.XmlNodeConverterTest" runstate="Runnable" seed="327627107" result="Passed" start-time="2019-11-12 05:38:58Z" end-time="2019-11-12 05:38:58Z" duration="0.001609" asserts="0">
                  <properties />
                </test-case>
                <test-case id="3942" name="SingleTextNode" fullname="Newtonsoft.Json.Tests.Converters.XmlNodeConverterTest.SingleTextNode" methodname="SingleTextNode" classname="Newtonsoft.Json.Tests.Converters.XmlNodeConverterTest" runstate="Runnable" seed="133447501" result="Passed" start-time="2019-11-12 05:38:58Z" end-time="2019-11-12 05:38:58Z" duration="0.001358" asserts="0">
                  <properties />
                </test-case>
                <test-case id="3912" name="WriteJsonNull" fullname="Newtonsoft.Json.Tests.Converters.XmlNodeConverterTest.WriteJsonNull" methodname="WriteJsonNull" classname="Newtonsoft.Json.Tests.Converters.XmlNodeConverterTest" runstate="Runnable" seed="1247344712" result="Passed" start-time="2019-11-12 05:38:58Z" end-time="2019-11-12 05:38:58Z" duration="0.000742" asserts="0">
                  <properties />
                </test-case>
                <test-case id="3937" name="XmlDocumentTypeSerialize" fullname="Newtonsoft.Json.Tests.Converters.XmlNodeConverterTest.XmlDocumentTypeSerialize" methodname="XmlDocumentTypeSerialize" classname="Newtonsoft.Json.Tests.Converters.XmlNodeConverterTest" runstate="Runnable" seed="1779644661" result="Passed" start-time="2019-11-12 05:38:58Z" end-time="2019-11-12 05:38:58Z" duration="0.026192" asserts="0">
                  <properties />
                </test-case>
                <test-case id="3909" name="XmlNode_EncodeSpecialCharacters" fullname="Newtonsoft.Json.Tests.Converters.XmlNodeConverterTest.XmlNode_EncodeSpecialCharacters" methodname="XmlNode_EncodeSpecialCharacters" classname="Newtonsoft.Json.Tests.Converters.XmlNodeConverterTest" runstate="Runnable" seed="555155248" result="Failed" start-time="2019-11-12 05:38:58Z" end-time="2019-11-12 05:38:58Z" duration="0.013045" asserts="0">
                  <properties />
                  <failure>
                    <message><![CDATA[  Expected string length 804 but was 768. Strings differ at index 1.
  Expected: "{\r\n  "?xml": {\r\n    "@version": "1.0",\r\n    "@standalone": "n..."
  But was:  "{\n  "?xml": {\n    "@version": "1.0",\n    "@standalone": "no"\n..."
  -------------^
]]></message>
                    <stack-trace><![CDATA[at Newtonsoft.Json.Tests.Converters.XmlNodeConverterTest.XmlNode_EncodeSpecialCharacters () [0x00035] in /root/repo/Src/Newtonsoft.Json-for-Unity.Tests/Assets/Newtonsoft.Json.Tests/Converters/XmlNodeConverterTest.cs:270
]]></stack-trace>
                  </failure>
                </test-case>
                <test-case id="3907" name="XmlNode_Roundtrip_PropertyNameWithColon" fullname="Newtonsoft.Json.Tests.Converters.XmlNodeConverterTest.XmlNode_Roundtrip_PropertyNameWithColon" methodname="XmlNode_Roundtrip_PropertyNameWithColon" classname="Newtonsoft.Json.Tests.Converters.XmlNodeConverterTest" runstate="Runnable" seed="293259272" result="Passed" start-time="2019-11-12 05:38:58Z" end-time="2019-11-12 05:38:58Z" duration="0.000827" asserts="0">
                  <properties />
                </test-case>
                <test-case id="3908" name="XmlNode_Roundtrip_PropertyNameWithEscapedValue" fullname="Newtonsoft.Json.Tests.Converters.XmlNodeConverterTest.XmlNode_Roundtrip_PropertyNameWithEscapedValue" methodname="XmlNode_Roundtrip_PropertyNameWithEscapedValue" classname="Newtonsoft.Json.Tests.Converters.XmlNodeConverterTest" runstate="Runnable" seed="883340450" result="Passed" start-time="2019-11-12 05:38:58Z" end-time="2019-11-12 05:38:58Z" duration="0.000670" asserts="0">
                  <properties />
                </test-case>
                <test-case id="3910" name="XmlNode_UnescapeTextContent" fullname="Newtonsoft.Json.Tests.Converters.XmlNodeConverterTest.XmlNode_UnescapeTextContent" methodname="XmlNode_UnescapeTextContent" classname="Newtonsoft.Json.Tests.Converters.XmlNodeConverterTest" runstate="Runnable" seed="1665167151" result="Passed" start-time="2019-11-12 05:38:58Z" end-time="2019-11-12 05:38:58Z" duration="0.001373" asserts="0">
                  <properties />
                </test-case>
                <test-case id="3916" name="XNode_EncodeSpecialCharacters" fullname="Newtonsoft.Json.Tests.Converters.XmlNodeConverterTest.XNode_EncodeSpecialCharacters" methodname="XNode_EncodeSpecialCharacters" classname="Newtonsoft.Json.Tests.Converters.XmlNodeConverterTest" runstate="Runnable" seed="1704070990" result="Failed" start-time="2019-11-12 05:38:58Z" end-time="2019-11-12 05:38:58Z" duration="0.003112" asserts="0">
                  <properties />
                  <failure>
                    <message><![CDATA[  Expected string length 804 but was 768. Strings differ at index 1.
  Expected: "{\r\n  "?xml": {\r\n    "@version": "1.0",\r\n    "@standalone": "n..."
  But was:  "{\n  "?xml": {\n    "@version": "1.0",\n    "@standalone": "no"\n..."
  -------------^
]]></message>
                    <stack-trace><![CDATA[at Newtonsoft.Json.Tests.Converters.XmlNodeConverterTest.XNode_EncodeSpecialCharacters () [0x0002f] in /root/repo/Src/Newtonsoft.Json-for-Unity.Tests/Assets/Newtonsoft.Json.Tests/Converters/XmlNodeConverterTest.cs:425
]]></stack-trace>
                  </failure>
                </test-case>
                <test-case id="3917" name="XNode_MetadataArray_EncodeSpecialCharacters" fullname="Newtonsoft.Json.Tests.Converters.XmlNodeConverterTest.XNode_MetadataArray_EncodeSpecialCharacters" methodname="XNode_MetadataArray_EncodeSpecialCharacters" classname="Newtonsoft.Json.Tests.Converters.XmlNodeConverterTest" runstate="Runnable" seed="1987831175" result="Failed" start-time="2019-11-12 05:38:59Z" end-time="2019-11-12 05:38:59Z" duration="0.002053" asserts="0">
                  <properties />
                  <failure>
                    <message><![CDATA[  Expected string length 89 but was 80. Strings differ at index 1.
  Expected: "{\r\n  "$id": "1",\r\n  "$values": [\r\n    "1",\r\n    "2",\r\n    "3"..."
  But was:  "{\n  "$id": "1",\n  "$values": [\n    "1",\n    "2",\n    "3",\n   ..."
  -------------^
]]></message>
                    <stack-trace><![CDATA[at Newtonsoft.Json.Tests.Converters.XmlNodeConverterTest.XNode_MetadataArray_EncodeSpecialCharacters () [0x0002f] in /root/repo/Src/Newtonsoft.Json-for-Unity.Tests/Assets/Newtonsoft.Json.Tests/Converters/XmlNodeConverterTest.cs:455
]]></stack-trace>
                  </failure>
                </test-case>
                <test-case id="3914" name="XNode_Roundtrip_PropertyNameWithColon" fullname="Newtonsoft.Json.Tests.Converters.XmlNodeConverterTest.XNode_Roundtrip_PropertyNameWithColon" methodname="XNode_Roundtrip_PropertyNameWithColon" classname="Newtonsoft.Json.Tests.Converters.XmlNodeConverterTest" runstate="Runnable" seed="530086244" result="Passed" start-time="2019-11-12 05:38:59Z" end-time="2019-11-12 05:38:59Z" duration="0.000614" asserts="0">
                  <properties />
                </test-case>
                <test-case id="3915" name="XNode_Roundtrip_PropertyNameWithEscapedValue" fullname="Newtonsoft.Json.Tests.Converters.XmlNodeConverterTest.XNode_Roundtrip_PropertyNameWithEscapedValue" methodname="XNode_Roundtrip_PropertyNameWithEscapedValue" classname="Newtonsoft.Json.Tests.Converters.XmlNodeConverterTest" runstate="Runnable" seed="751245667" result="Passed" start-time="2019-11-12 05:38:59Z" end-time="2019-11-12 05:38:59Z" duration="0.000759" asserts="0">
                  <properties />
                </test-case>
                <test-case id="3913" name="XNode_UnescapeTextContent" fullname="Newtonsoft.Json.Tests.Converters.XmlNodeConverterTest.XNode_UnescapeTextContent" methodname="XNode_UnescapeTextContent" classname="Newtonsoft.Json.Tests.Converters.XmlNodeConverterTest" runstate="Runnable" seed="1648069961" result="Passed" start-time="2019-11-12 05:38:59Z" end-time="2019-11-12 05:38:59Z" duration="0.000605" asserts="0">
                  <properties />
                </test-case>
              </test-suite>
            </test-suite>
            <test-suite type="TestFixture" id="1005" name="DemoTests" fullname="Newtonsoft.Json.Tests.DemoTests" classname="Newtonsoft.Json.Tests.DemoTests" runstate="Runnable" testcasecount="13" result="Passed" start-time="2019-11-12 05:38:59Z" end-time="2019-11-12 05:39:00Z" duration="0.182365" total="13" passed="13" failed="0" inconclusive="0" skipped="0" asserts="0">
              <properties />
              <test-case id="1010" name="DeserializationBasics1" fullname="Newtonsoft.Json.Tests.DemoTests.DeserializationBasics1" methodname="DeserializationBasics1" classname="Newtonsoft.Json.Tests.DemoTests" runstate="Runnable" seed="2034647788" result="Passed" start-time="2019-11-12 05:38:59Z" end-time="2019-11-12 05:38:59Z" duration="0.002966" asserts="0">
                <properties />
              </test-case>
              <test-case id="1011" name="DeserializationBasics2" fullname="Newtonsoft.Json.Tests.DemoTests.DeserializationBasics2" methodname="DeserializationBasics2" classname="Newtonsoft.Json.Tests.DemoTests" runstate="Runnable" seed="669481878" result="Passed" start-time="2019-11-12 05:38:59Z" end-time="2019-11-12 05:38:59Z" duration="0.001450" asserts="0">
                <properties />
              </test-case>
              <test-case id="1006" name="JsonConverter" fullname="Newtonsoft.Json.Tests.DemoTests.JsonConverter" methodname="JsonConverter" classname="Newtonsoft.Json.Tests.DemoTests" runstate="Runnable" seed="2071610723" result="Passed" start-time="2019-11-12 05:38:59Z" end-time="2019-11-12 05:38:59Z" duration="0.004245" asserts="0">
                <properties />
              </test-case>
              <test-case id="1018" name="JsonPathRegex" fullname="Newtonsoft.Json.Tests.DemoTests.JsonPathRegex" methodname="JsonPathRegex" classname="Newtonsoft.Json.Tests.DemoTests" runstate="Runnable" seed="1791046684" result="Passed" start-time="2019-11-12 05:38:59Z" end-time="2019-11-12 05:38:59Z" duration="0.014957" asserts="0">
                <properties />
              </test-case>
              <test-case id="1016" name="MergeJson" fullname="Newtonsoft.Json.Tests.DemoTests.MergeJson" methodname="MergeJson" classname="Newtonsoft.Json.Tests.DemoTests" runstate="Runnable" seed="180061683" result="Passed" start-time="2019-11-12 05:38:59Z" end-time="2019-11-12 05:39:00Z" duration="0.009405" asserts="0">
                <properties />
              </test-case>
              <test-case id="1014" name="RoundtripTypesAndReferences" fullname="Newtonsoft.Json.Tests.DemoTests.RoundtripTypesAndReferences" methodname="RoundtripTypesAndReferences" classname="Newtonsoft.Json.Tests.DemoTests" runstate="Runnable" seed="248596151" result="Passed" start-time="2019-11-12 05:39:00Z" end-time="2019-11-12 05:39:00Z" duration="0.010263" asserts="0">
                <properties />
              </test-case>
              <test-case id="1008" name="SerializationBasics" fullname="Newtonsoft.Json.Tests.DemoTests.SerializationBasics" methodname="SerializationBasics" classname="Newtonsoft.Json.Tests.DemoTests" runstate="Runnable" seed="328867573" result="Passed" start-time="2019-11-12 05:39:00Z" end-time="2019-11-12 05:39:00Z" duration="0.004305" asserts="0">
                <properties />
              </test-case>
              <test-case id="1009" name="SerializationBasics2" fullname="Newtonsoft.Json.Tests.DemoTests.SerializationBasics2" methodname="SerializationBasics2" classname="Newtonsoft.Json.Tests.DemoTests" runstate="Runnable" seed="768224245" result="Passed" start-time="2019-11-12 05:39:00Z" end-time="2019-11-12 05:39:00Z" duration="0.001124" asserts="0">
                <properties />
              </test-case>
              <test-case id="1007" name="SerializationGuide" fullname="Newtonsoft.Json.Tests.DemoTests.SerializationGuide" methodname="SerializationGuide" classname="Newtonsoft.Json.Tests.DemoTests" runstate="Runnable" seed="1460683224" result="Passed" start-time="2019-11-12 05:39:00Z" end-time="2019-11-12 05:39:00Z" duration="0.009790" asserts="0">
                <properties />
              </test-case>
              <test-case id="1015" name="SerializeAttributes" fullname="Newtonsoft.Json.Tests.DemoTests.SerializeAttributes" methodname="SerializeAttributes" classname="Newtonsoft.Json.Tests.DemoTests" runstate="Runnable" seed="311715524" result="Passed" start-time="2019-11-12 05:39:00Z" end-time="2019-11-12 05:39:00Z" duration="0.003289" asserts="0">
                <properties />
              </test-case>
              <test-case id="1017" name="SerializeDataTable" fullname="Newtonsoft.Json.Tests.DemoTests.SerializeDataTable" methodname="SerializeDataTable" classname="Newtonsoft.Json.Tests.DemoTests" runstate="Runnable" seed="1290891509" result="Passed" start-time="2019-11-12 05:39:00Z" end-time="2019-11-12 05:39:00Z" duration="0.085936" asserts="0">
                <properties />
              </test-case>
              <test-case id="1012" name="SerializeReferencesByValue" fullname="Newtonsoft.Json.Tests.DemoTests.SerializeReferencesByValue" methodname="SerializeReferencesByValue" classname="Newtonsoft.Json.Tests.DemoTests" runstate="Runnable" seed="1118834381" result="Passed" start-time="2019-11-12 05:39:00Z" end-time="2019-11-12 05:39:00Z" duration="0.004173" asserts="0">
                <properties />
              </test-case>
              <test-case id="1013" name="SerializeReferencesWithMetadata" fullname="Newtonsoft.Json.Tests.DemoTests.SerializeReferencesWithMetadata" methodname="SerializeReferencesWithMetadata" classname="Newtonsoft.Json.Tests.DemoTests" runstate="Runnable" seed="790749359" result="Passed" start-time="2019-11-12 05:39:00Z" end-time="2019-11-12 05:39:00Z" duration="0.001223" asserts="0">
                <properties />
              </test-case>
            </test-suite>
            <test-suite type="TestSuite" id="4118" name="Documentation" fullname="Newtonsoft.Json.Tests.Documentation" runstate="Runnable" testcasecount="152" result="Failed" site="Child" start-time="2019-11-12 05:39:00Z" end-time="2019-11-12 05:39:04Z" duration="3.990989" total="152" passed="150" failed="2" inconclusive="0" skipped="0" asserts="0">
              <properties />
              <failure>
                <message><![CDATA[One or more child tests had errors]]></message>
              </failure>
              <test-suite type="TestFixture" id="3476" name="ConditionalPropertiesTests" fullname="Newtonsoft.Json.Tests.Documentation.ConditionalPropertiesTests" classname="Newtonsoft.Json.Tests.Documentation.ConditionalPropertiesTests" runstate="Runnable" testcasecount="2" result="Passed" start-time="2019-11-12 05:39:00Z" end-time="2019-11-12 05:39:00Z" duration="0.023894" total="2" passed="2" failed="0" inconclusive="0" skipped="0" asserts="0">
                <properties />
                <test-case id="3477" name="ShouldSerializeClassTest" fullname="Newtonsoft.Json.Tests.Documentation.ConditionalPropertiesTests.ShouldSerializeClassTest" methodname="ShouldSerializeClassTest" classname="Newtonsoft.Json.Tests.Documentation.ConditionalPropertiesTests" runstate="Runnable" seed="1306722975" result="Passed" start-time="2019-11-12 05:39:00Z" end-time="2019-11-12 05:39:00Z" duration="0.007326" asserts="0">
                  <properties />
                </test-case>
                <test-case id="3478" name="ShouldSerializeContractResolverTest" fullname="Newtonsoft.Json.Tests.Documentation.ConditionalPropertiesTests.ShouldSerializeContractResolverTest" methodname="ShouldSerializeContractResolverTest" classname="Newtonsoft.Json.Tests.Documentation.ConditionalPropertiesTests" runstate="Runnable" seed="1447268191" result="Passed" start-time="2019-11-12 05:39:00Z" end-time="2019-11-12 05:39:00Z" duration="0.008105" asserts="0">
                  <properties />
                </test-case>
              </test-suite>
              <test-suite type="TestFixture" id="3479" name="ConvertingJsonAndXmlTests" fullname="Newtonsoft.Json.Tests.Documentation.ConvertingJsonAndXmlTests" classname="Newtonsoft.Json.Tests.Documentation.ConvertingJsonAndXmlTests" runstate="Runnable" testcasecount="3" result="Passed" start-time="2019-11-12 05:39:00Z" end-time="2019-11-12 05:39:00Z" duration="0.012428" total="3" passed="3" failed="0" inconclusive="0" skipped="0" asserts="0">
                <properties />
                <test-case id="3481" name="DeserializeXmlNode" fullname="Newtonsoft.Json.Tests.Documentation.ConvertingJsonAndXmlTests.DeserializeXmlNode" methodname="DeserializeXmlNode" classname="Newtonsoft.Json.Tests.Documentation.ConvertingJsonAndXmlTests" runstate="Runnable" seed="447008211" result="Passed" start-time="2019-11-12 05:39:00Z" end-time="2019-11-12 05:39:00Z" duration="0.000777" asserts="0">
                  <properties />
                </test-case>
                <test-case id="3482" name="ForceJsonArray" fullname="Newtonsoft.Json.Tests.Documentation.ConvertingJsonAndXmlTests.ForceJsonArray" methodname="ForceJsonArray" classname="Newtonsoft.Json.Tests.Documentation.ConvertingJsonAndXmlTests" runstate="Runnable" seed="781212589" result="Passed" start-time="2019-11-12 05:39:00Z" end-time="2019-11-12 05:39:00Z" duration="0.000895" asserts="0">
                  <properties />
                </test-case>
                <test-case id="3480" name="SerializeXmlNode" fullname="Newtonsoft.Json.Tests.Documentation.ConvertingJsonAndXmlTests.SerializeXmlNode" methodname="SerializeXmlNode" classname="Newtonsoft.Json.Tests.Documentation.ConvertingJsonAndXmlTests" runstate="Runnable" seed="397111784" result="Passed" start-time="2019-11-12 05:39:00Z" end-time="2019-11-12 05:39:00Z" duration="0.000746" asserts="0">
                  <properties />
                </test-case>
              </test-suite>
              <test-suite type="TestFixture" id="3483" name="LinqToJsonTests" fullname="Newtonsoft.Json.Tests.Documentation.LinqToJsonTests" classname="Newtonsoft.Json.Tests.Documentation.LinqToJsonTests" runstate="Runnable" testcasecount="13" result="Passed" start-time="2019-11-12 05:39:00Z" end-time="2019-11-12 05:39:00Z" duration="0.086125" total="13" passed="13" failed="0" inconclusive="0" skipped="0" asserts="0">
                <properties />
                <test-case id="3484" name="LinqToJsonBasic" fullname="Newtonsoft.Json.Tests.Documentation.LinqToJsonTests.LinqToJsonBasic" methodname="LinqToJsonBasic" classname="Newtonsoft.Json.Tests.Documentation.LinqToJsonTests" runstate="Runnable" seed="1476007304" result="Passed" start-time="2019-11-12 05:39:00Z" end-time="2019-11-12 05:39:00Z" duration="0.002164" asserts="0">
                  <properties />
                </test-case>
                <test-case id="3486" name="LinqToJsonCreateDeclaratively" fullname="Newtonsoft.Json.Tests.Documentation.LinqToJsonTests.LinqToJsonCreateDeclaratively" methodname="LinqToJsonCreateDeclaratively" classname="Newtonsoft.Json.Tests.Documentation.LinqToJsonTests" runstate="Runnable" seed="702032699" result="Passed" start-time="2019-11-12 05:39:00Z" end-time="2019-11-12 05:39:00Z" duration="0.003687" asserts="0">
                  <properties />
                </test-case>
                <test-case id="3487" name="LinqToJsonCreateFromObject" fullname="Newtonsoft.Json.Tests.Documentation.LinqToJsonTests.LinqToJsonCreateFromObject" methodname="LinqToJsonCreateFromObject" classname="Newtonsoft.Json.Tests.Documentation.LinqToJsonTests" runstate="Runnable" seed="242464298" result="Passed" start-time="2019-11-12 05:39:00Z" end-time="2019-11-12 05:39:00Z" duration="0.016687" asserts="0">
                  <properties />
                </test-case>
                <test-case id="3485" name="LinqToJsonCreateNormal" fullname="Newtonsoft.Json.Tests.Documentation.LinqToJsonTests.LinqToJsonCreateNormal" methodname="LinqToJsonCreateNormal" classname="Newtonsoft.Json.Tests.Documentation.LinqToJsonTests" runstate="Runnable" seed="1600029785" result="Passed" start-time="2019-11-12 05:39:00Z" end-time="2019-11-12 05:39:00Z" duration="0.000867" asserts="0">
                  <properties />
                </test-case>
                <test-case id="3488" name="LinqToJsonCreateParse" fullname="Newtonsoft.Json.Tests.Documentation.LinqToJsonTests.LinqToJsonCreateParse" methodname="LinqToJsonCreateParse" classname="Newtonsoft.Json.Tests.Documentation.LinqToJsonTests" runstate="Runnable" seed="2092793034" result="Passed" start-time="2019-11-12 05:39:00Z" end-time="2019-11-12 05:39:00Z" duration="0.000629" asserts="0">
                  <properties />
                </test-case>
                <test-case id="3489" name="LinqToJsonCreateParseArray" fullname="Newtonsoft.Json.Tests.Documentation.LinqToJsonTests.LinqToJsonCreateParseArray" methodname="LinqToJsonCreateParseArray" classname="Newtonsoft.Json.Tests.Documentation.LinqToJsonTests" runstate="Runnable" seed="228061259" result="Passed" start-time="2019-11-12 05:39:00Z" end-time="2019-11-12 05:39:00Z" duration="0.000490" asserts="0">
                  <properties />
                </test-case>
                <test-case id="3493" name="LinqToJsonDeserializeExample" fullname="Newtonsoft.Json.Tests.Documentation.LinqToJsonTests.LinqToJsonDeserializeExample" methodname="LinqToJsonDeserializeExample" classname="Newtonsoft.Json.Tests.Documentation.LinqToJsonTests" runstate="Runnable" seed="1818683616" result="Passed" start-time="2019-11-12 05:39:00Z" end-time="2019-11-12 05:39:00Z" duration="0.004402" asserts="0">
                  <properties />
                </test-case>
                <test-case id="3492" name="LinqToJsonQuerying" fullname="Newtonsoft.Json.Tests.Documentation.LinqToJsonTests.LinqToJsonQuerying" methodname="LinqToJsonQuerying" classname="Newtonsoft.Json.Tests.Documentation.LinqToJsonTests" runstate="Runnable" seed="2112272243" result="Passed" start-time="2019-11-12 05:39:00Z" end-time="2019-11-12 05:39:00Z" duration="0.013514" asserts="0">
                  <properties />
                </test-case>
                <test-case id="3490" name="LinqToJsonReadObject" fullname="Newtonsoft.Json.Tests.Documentation.LinqToJsonTests.LinqToJsonReadObject" methodname="LinqToJsonReadObject" classname="Newtonsoft.Json.Tests.Documentation.LinqToJsonTests" runstate="Runnable" seed="21333130" result="Passed" start-time="2019-11-12 05:39:00Z" end-time="2019-11-12 05:39:00Z" duration="0.000895" asserts="0">
                  <properties />
                </test-case>
                <test-case id="3491" name="LinqToJsonSimpleQuerying" fullname="Newtonsoft.Json.Tests.Documentation.LinqToJsonTests.LinqToJsonSimpleQuerying" methodname="LinqToJsonSimpleQuerying" classname="Newtonsoft.Json.Tests.Documentation.LinqToJsonTests" runstate="Runnable" seed="1980725454" result="Passed" start-time="2019-11-12 05:39:00Z" end-time="2019-11-12 05:39:00Z" duration="0.001317" asserts="0">
                  <properties />
                </test-case>
                <test-case id="3495" name="SelectTokenComplex" fullname="Newtonsoft.Json.Tests.Documentation.LinqToJsonTests.SelectTokenComplex" methodname="SelectTokenComplex" classname="Newtonsoft.Json.Tests.Documentation.LinqToJsonTests" runstate="Runnable" seed="1982066233" result="Passed" start-time="2019-11-12 05:39:00Z" end-time="2019-11-12 05:39:00Z" duration="0.005882" asserts="0">
                  <properties />
                </test-case>
                <test-case id="3496" name="SelectTokenLinq" fullname="Newtonsoft.Json.Tests.Documentation.LinqToJsonTests.SelectTokenLinq" methodname="SelectTokenLinq" classname="Newtonsoft.Json.Tests.Documentation.LinqToJsonTests" runstate="Runnable" seed="1819069435" result="Passed" start-time="2019-11-12 05:39:00Z" end-time="2019-11-12 05:39:00Z" duration="0.003749" asserts="0">
                  <properties />
                </test-case>
                <test-case id="3494" name="SelectTokenSimple" fullname="Newtonsoft.Json.Tests.Documentation.LinqToJsonTests.SelectTokenSimple" methodname="SelectTokenSimple" classname="Newtonsoft.Json.Tests.Documentation.LinqToJsonTests" runstate="Runnable" seed="968817743" result="Passed" start-time="2019-11-12 05:39:00Z" end-time="2019-11-12 05:39:00Z" duration="0.001049" asserts="0">
                  <properties />
                </test-case>
              </test-suite>
              <test-suite type="TestSuite" id="4119" name="Samples" fullname="Newtonsoft.Json.Tests.Documentation.Samples" runstate="Runnable" testcasecount="114" result="Passed" start-time="2019-11-12 05:39:00Z" end-time="2019-11-12 05:39:03Z" duration="2.830767" total="114" passed="114" failed="0" inconclusive="0" skipped="0" asserts="0">
                <properties />
                <test-suite type="TestSuite" id="4125" name="Bson" fullname="Newtonsoft.Json.Tests.Documentation.Samples.Bson" runstate="Runnable" testcasecount="3" result="Passed" start-time="2019-11-12 05:39:00Z" end-time="2019-11-12 05:39:00Z" duration="0.049450" total="3" passed="3" failed="0" inconclusive="0" skipped="0" asserts="0">
                  <properties />
                  <test-suite type="TestFixture" id="3741" name="DeserializeFromBson" fullname="Newtonsoft.Json.Tests.Documentation.Samples.Bson.DeserializeFromBson" classname="Newtonsoft.Json.Tests.Documentation.Samples.Bson.DeserializeFromBson" runstate="Runnable" testcasecount="1" result="Passed" start-time="2019-11-12 05:39:00Z" end-time="2019-11-12 05:39:00Z" duration="0.009993" total="1" passed="1" failed="0" inconclusive="0" skipped="0" asserts="0">
                    <properties />
                    <test-case id="3742" name="Example" fullname="Newtonsoft.Json.Tests.Documentation.Samples.Bson.DeserializeFromBson.Example" methodname="Example" classname="Newtonsoft.Json.Tests.Documentation.Samples.Bson.DeserializeFromBson" runstate="Runnable" seed="733133771" result="Passed" start-time="2019-11-12 05:39:00Z" end-time="2019-11-12 05:39:00Z" duration="0.002712" asserts="0">
                      <properties />
                    </test-case>
                  </test-suite>
                  <test-suite type="TestFixture" id="3743" name="DeserializeFromBsonCollection" fullname="Newtonsoft.Json.Tests.Documentation.Samples.Bson.DeserializeFromBsonCollection" classname="Newtonsoft.Json.Tests.Documentation.Samples.Bson.DeserializeFromBsonCollection" runstate="Runnable" testcasecount="1" result="Passed" start-time="2019-11-12 05:39:00Z" end-time="2019-11-12 05:39:00Z" duration="0.013052" total="1" passed="1" failed="0" inconclusive="0" skipped="0" asserts="0">
                    <properties />
                    <test-case id="3744" name="Example" fullname="Newtonsoft.Json.Tests.Documentation.Samples.Bson.DeserializeFromBsonCollection.Example" methodname="Example" classname="Newtonsoft.Json.Tests.Documentation.Samples.Bson.DeserializeFromBsonCollection" runstate="Runnable" seed="467403708" result="Passed" start-time="2019-11-12 05:39:00Z" end-time="2019-11-12 05:39:00Z" duration="0.004727" asserts="0">
                      <properties />
                    </test-case>
                  </test-suite>
                  <test-suite type="TestFixture" id="3745" name="SerializeToBson" fullname="Newtonsoft.Json.Tests.Documentation.Samples.Bson.SerializeToBson" classname="Newtonsoft.Json.Tests.Documentation.Samples.Bson.SerializeToBson" runstate="Runnable" testcasecount="1" result="Passed" start-time="2019-11-12 05:39:00Z" end-time="2019-11-12 05:39:00Z" duration="0.010858" total="1" passed="1" failed="0" inconclusive="0" skipped="0" asserts="0">
                    <properties />
                    <test-case id="3746" name="Example" fullname="Newtonsoft.Json.Tests.Documentation.Samples.Bson.SerializeToBson.Example" methodname="Example" classname="Newtonsoft.Json.Tests.Documentation.Samples.Bson.SerializeToBson" runstate="Runnable" seed="1483045406" result="Passed" start-time="2019-11-12 05:39:00Z" end-time="2019-11-12 05:39:00Z" duration="0.002950" asserts="0">
                      <properties />
                    </test-case>
                  </test-suite>
                </test-suite>
                <test-suite type="TestSuite" id="4124" name="Json" fullname="Newtonsoft.Json.Tests.Documentation.Samples.Json" runstate="Runnable" testcasecount="5" result="Passed" start-time="2019-11-12 05:39:00Z" end-time="2019-11-12 05:39:00Z" duration="0.143427" total="5" passed="5" failed="0" inconclusive="0" skipped="0" asserts="0">
                  <properties />
                  <test-suite type="TestFixture" id="3731" name="CustomJsonReader" fullname="Newtonsoft.Json.Tests.Documentation.Samples.Json.CustomJsonReader" classname="Newtonsoft.Json.Tests.Documentation.Samples.Json.CustomJsonReader" runstate="Runnable" testcasecount="1" result="Passed" start-time="2019-11-12 05:39:00Z" end-time="2019-11-12 05:39:00Z" duration="0.018662" total="1" passed="1" failed="0" inconclusive="0" skipped="0" asserts="0">
                    <properties />
                    <test-case id="3732" name="Example" fullname="Newtonsoft.Json.Tests.Documentation.Samples.Json.CustomJsonReader.Example" methodname="Example" classname="Newtonsoft.Json.Tests.Documentation.Samples.Json.CustomJsonReader" runstate="Runnable" seed="1209775807" result="Passed" start-time="2019-11-12 05:39:00Z" end-time="2019-11-12 05:39:00Z" duration="0.010709" asserts="0">
                      <properties />
                    </test-case>
                  </test-suite>
                  <test-suite type="TestFixture" id="3733" name="CustomJsonWriter" fullname="Newtonsoft.Json.Tests.Documentation.Samples.Json.CustomJsonWriter" classname="Newtonsoft.Json.Tests.Documentation.Samples.Json.CustomJsonWriter" runstate="Runnable" testcasecount="1" result="Passed" start-time="2019-11-12 05:39:00Z" end-time="2019-11-12 05:39:00Z" duration="0.067537" total="1" passed="1" failed="0" inconclusive="0" skipped="0" asserts="0">
                    <properties />
                    <test-case id="3734" name="Example" fullname="Newtonsoft.Json.Tests.Documentation.Samples.Json.CustomJsonWriter.Example" methodname="Example" classname="Newtonsoft.Json.Tests.Documentation.Samples.Json.CustomJsonWriter" runstate="Runnable" seed="332990105" result="Passed" start-time="2019-11-12 05:39:00Z" end-time="2019-11-12 05:39:00Z" duration="0.058241" asserts="0">
                      <properties />
                    </test-case>
                  </test-suite>
                  <test-suite type="TestFixture" id="3735" name="ReadJsonWithJsonTextReader" fullname="Newtonsoft.Json.Tests.Documentation.Samples.Json.ReadJsonWithJsonTextReader" classname="Newtonsoft.Json.Tests.Documentation.Samples.Json.ReadJsonWithJsonTextReader" runstate="Runnable" testcasecount="1" result="Passed" start-time="2019-11-12 05:39:00Z" end-time="2019-11-12 05:39:00Z" duration="0.011091" total="1" passed="1" failed="0" inconclusive="0" skipped="0" asserts="0">
                    <properties />
                    <test-case id="3736" name="Example" fullname="Newtonsoft.Json.Tests.Documentation.Samples.Json.ReadJsonWithJsonTextReader.Example" methodname="Example" classname="Newtonsoft.Json.Tests.Documentation.Samples.Json.ReadJsonWithJsonTextReader" runstate="Runnable" seed="679953730" result="Passed" start-time="2019-11-12 05:39:00Z" end-time="2019-11-12 05:39:00Z" duration="0.002777" asserts="0">
                      <properties />
                    </test-case>
                  </test-suite>
                  <test-suite type="TestFixture" id="3737" name="ReadMultipleContentWithJsonReader" fullname="Newtonsoft.Json.Tests.Documentation.Samples.Json.ReadMultipleContentWithJsonReader" classname="Newtonsoft.Json.Tests.Documentation.Samples.Json.ReadMultipleContentWithJsonReader" runstate="Runnable" testcasecount="1" result="Passed" start-time="2019-11-12 05:39:00Z" end-time="2019-11-12 05:39:00Z" duration="0.012619" total="1" passed="1" failed="0" inconclusive="0" skipped="0" asserts="0">
                    <properties />
                    <test-case id="3738" name="Example" fullname="Newtonsoft.Json.Tests.Documentation.Samples.Json.ReadMultipleContentWithJsonReader.Example" methodname="Example" classname="Newtonsoft.Json.Tests.Documentation.Samples.Json.ReadMultipleContentWithJsonReader" runstate="Runnable" seed="97459780" result="Passed" start-time="2019-11-12 05:39:00Z" end-time="2019-11-12 05:39:00Z" duration="0.004782" asserts="0">
                      <properties />
                    </test-case>
                  </test-suite>
                  <test-suite type="TestFixture" id="3739" name="WriteJsonWithJsonTextWriter" fullname="Newtonsoft.Json.Tests.Documentation.Samples.Json.WriteJsonWithJsonTextWriter" classname="Newtonsoft.Json.Tests.Documentation.Samples.Json.WriteJsonWithJsonTextWriter" runstate="Runnable" testcasecount="1" result="Passed" start-time="2019-11-12 05:39:00Z" end-time="2019-11-12 05:39:00Z" duration="0.011802" total="1" passed="1" failed="0" inconclusive="0" skipped="0" asserts="0">
                    <properties />
                    <test-case id="3740" name="Example" fullname="Newtonsoft.Json.Tests.Documentation.Samples.Json.WriteJsonWithJsonTextWriter.Example" methodname="Example" classname="Newtonsoft.Json.Tests.Documentation.Samples.Json.WriteJsonWithJsonTextWriter" runstate="Runnable" seed="1092778269" result="Passed" start-time="2019-11-12 05:39:00Z" end-time="2019-11-12 05:39:00Z" duration="0.001413" asserts="0">
                      <properties />
                    </test-case>
                  </test-suite>
                </test-suite>
                <test-suite type="TestSuite" id="4123" name="JsonPath" fullname="Newtonsoft.Json.Tests.Documentation.Samples.JsonPath" runstate="Runnable" testcasecount="7" result="Passed" start-time="2019-11-12 05:39:00Z" end-time="2019-11-12 05:39:00Z" duration="0.115573" total="7" passed="7" failed="0" inconclusive="0" skipped="0" asserts="0">
                  <properties />
                  <test-suite type="TestFixture" id="3717" name="ErrorWhenNoMatchQuery" fullname="Newtonsoft.Json.Tests.Documentation.Samples.JsonPath.ErrorWhenNoMatchQuery" classname="Newtonsoft.Json.Tests.Documentation.Samples.JsonPath.ErrorWhenNoMatchQuery" runstate="Runnable" testcasecount="1" result="Passed" start-time="2019-11-12 05:39:00Z" end-time="2019-11-12 05:39:00Z" duration="0.009947" total="1" passed="1" failed="0" inconclusive="0" skipped="0" asserts="0">
                    <properties />
                    <test-case id="3718" name="Example" fullname="Newtonsoft.Json.Tests.Documentation.Samples.JsonPath.ErrorWhenNoMatchQuery.Example" methodname="Example" classname="Newtonsoft.Json.Tests.Documentation.Samples.JsonPath.ErrorWhenNoMatchQuery" runstate="Runnable" seed="1080751379" result="Passed" start-time="2019-11-12 05:39:00Z" end-time="2019-11-12 05:39:00Z" duration="0.001755" asserts="0">
                      <properties />
                    </test-case>
                  </test-suite>
                  <test-suite type="TestFixture" id="3719" name="QueryJsonSelectToken" fullname="Newtonsoft.Json.Tests.Documentation.Samples.JsonPath.QueryJsonSelectToken" classname="Newtonsoft.Json.Tests.Documentation.Samples.JsonPath.QueryJsonSelectToken" runstate="Runnable" testcasecount="1" result="Passed" start-time="2019-11-12 05:39:00Z" end-time="2019-11-12 05:39:00Z" duration="0.012939" total="1" passed="1" failed="0" inconclusive="0" skipped="0" asserts="0">
                    <properties />
                    <test-case id="3720" name="Example" fullname="Newtonsoft.Json.Tests.Documentation.Samples.JsonPath.QueryJsonSelectToken.Example" methodname="Example" classname="Newtonsoft.Json.Tests.Documentation.Samples.JsonPath.QueryJsonSelectToken" runstate="Runnable" seed="232273849" result="Passed" start-time="2019-11-12 05:39:00Z" end-time="2019-11-12 05:39:00Z" duration="0.001987" asserts="0">
                      <properties />
                    </test-case>
                  </test-suite>
                  <test-suite type="TestFixture" id="3721" name="QueryJsonSelectTokenEscaped" fullname="Newtonsoft.Json.Tests.Documentation.Samples.JsonPath.QueryJsonSelectTokenEscaped" classname="Newtonsoft.Json.Tests.Documentation.Samples.JsonPath.QueryJsonSelectTokenEscaped" runstate="Runnable" testcasecount="1" result="Passed" start-time="2019-11-12 05:39:00Z" end-time="2019-11-12 05:39:00Z" duration="0.014133" total="1" passed="1" failed="0" inconclusive="0" skipped="0" asserts="0">
                    <properties />
                    <test-case id="3722" name="Example" fullname="Newtonsoft.Json.Tests.Documentation.Samples.JsonPath.QueryJsonSelectTokenEscaped.Example" methodname="Example" classname="Newtonsoft.Json.Tests.Documentation.Samples.JsonPath.QueryJsonSelectTokenEscaped" runstate="Runnable" seed="893165408" result="Passed" start-time="2019-11-12 05:39:00Z" end-time="2019-11-12 05:39:00Z" duration="0.001531" asserts="0">
                      <properties />
                    </test-case>
                  </test-suite>
                  <test-suite type="TestFixture" id="3723" name="QueryJsonSelectTokenJsonPath" fullname="Newtonsoft.Json.Tests.Documentation.Samples.JsonPath.QueryJsonSelectTokenJsonPath" classname="Newtonsoft.Json.Tests.Documentation.Samples.JsonPath.QueryJsonSelectTokenJsonPath" runstate="Runnable" testcasecount="1" result="Passed" start-time="2019-11-12 05:39:00Z" end-time="2019-11-12 05:39:00Z" duration="0.015305" total="1" passed="1" failed="0" inconclusive="0" skipped="0" asserts="0">
                    <properties />
                    <test-case id="3724" name="Example" fullname="Newtonsoft.Json.Tests.Documentation.Samples.JsonPath.QueryJsonSelectTokenJsonPath.Example" methodname="Example" classname="Newtonsoft.Json.Tests.Documentation.Samples.JsonPath.QueryJsonSelectTokenJsonPath" runstate="Runnable" seed="487194707" result="Passed" start-time="2019-11-12 05:39:00Z" end-time="2019-11-12 05:39:00Z" duration="0.007963" asserts="0">
                      <properties />
                    </test-case>
                  </test-suite>
                  <test-suite type="TestFixture" id="3725" name="QueryJsonSelectTokenWithLinq" fullname="Newtonsoft.Json.Tests.Documentation.Samples.JsonPath.QueryJsonSelectTokenWithLinq" classname="Newtonsoft.Json.Tests.Documentation.Samples.JsonPath.QueryJsonSelectTokenWithLinq" runstate="Runnable" testcasecount="1" result="Passed" start-time="2019-11-12 05:39:00Z" end-time="2019-11-12 05:39:00Z" duration="0.012771" total="1" passed="1" failed="0" inconclusive="0" skipped="0" asserts="0">
                    <properties />
                    <test-case id="3726" name="Example" fullname="Newtonsoft.Json.Tests.Documentation.Samples.JsonPath.QueryJsonSelectTokenWithLinq.Example" methodname="Example" classname="Newtonsoft.Json.Tests.Documentation.Samples.JsonPath.QueryJsonSelectTokenWithLinq" runstate="Runnable" seed="561842181" result="Passed" start-time="2019-11-12 05:39:00Z" end-time="2019-11-12 05:39:00Z" duration="0.004905" asserts="0">
                      <properties />
                    </test-case>
                  </test-suite>
                  <test-suite type="TestFixture" id="3727" name="RegexQuery" fullname="Newtonsoft.Json.Tests.Documentation.Samples.JsonPath.RegexQuery" classname="Newtonsoft.Json.Tests.Documentation.Samples.JsonPath.RegexQuery" runstate="Runnable" testcasecount="1" result="Passed" start-time="2019-11-12 05:39:00Z" end-time="2019-11-12 05:39:00Z" duration="0.010097" total="1" passed="1" failed="0" inconclusive="0" skipped="0" asserts="0">
                    <properties />
                    <test-case id="3728" name="Example" fullname="Newtonsoft.Json.Tests.Documentation.Samples.JsonPath.RegexQuery.Example" methodname="Example" classname="Newtonsoft.Json.Tests.Documentation.Samples.JsonPath.RegexQuery" runstate="Runnable" seed="1768443818" result="Passed" start-time="2019-11-12 05:39:00Z" end-time="2019-11-12 05:39:00Z" duration="0.001799" asserts="0">
                      <properties />
                    </test-case>
                  </test-suite>
                  <test-suite type="TestFixture" id="3729" name="StrictEqualsQuery" fullname="Newtonsoft.Json.Tests.Documentation.Samples.JsonPath.StrictEqualsQuery" classname="Newtonsoft.Json.Tests.Documentation.Samples.JsonPath.StrictEqualsQuery" runstate="Runnable" testcasecount="1" result="Passed" start-time="2019-11-12 05:39:00Z" end-time="2019-11-12 05:39:00Z" duration="0.009370" total="1" passed="1" failed="0" inconclusive="0" skipped="0" asserts="0">
                    <properties />
                    <test-case id="3730" name="Example" fullname="Newtonsoft.Json.Tests.Documentation.Samples.JsonPath.StrictEqualsQuery.Example" methodname="Example" classname="Newtonsoft.Json.Tests.Documentation.Samples.JsonPath.StrictEqualsQuery" runstate="Runnable" seed="1439016886" result="Passed" start-time="2019-11-12 05:39:00Z" end-time="2019-11-12 05:39:00Z" duration="0.001576" asserts="0">
                      <properties />
                    </test-case>
                  </test-suite>
                </test-suite>
                <test-suite type="TestSuite" id="4122" name="Linq" fullname="Newtonsoft.Json.Tests.Documentation.Samples.Linq" runstate="Runnable" testcasecount="35" result="Passed" start-time="2019-11-12 05:39:00Z" end-time="2019-11-12 05:39:01Z" duration="0.771065" total="35" passed="35" failed="0" inconclusive="0" skipped="0" asserts="0">
                  <properties />
                  <test-suite type="TestFixture" id="3647" name="Clone" fullname="Newtonsoft.Json.Tests.Documentation.Samples.Linq.Clone" classname="Newtonsoft.Json.Tests.Documentation.Samples.Linq.Clone" runstate="Runnable" testcasecount="1" result="Passed" start-time="2019-11-12 05:39:00Z" end-time="2019-11-12 05:39:00Z" duration="0.014280" total="1" passed="1" failed="0" inconclusive="0" skipped="0" asserts="0">
                    <properties />
                    <test-case id="3648" name="Example" fullname="Newtonsoft.Json.Tests.Documentation.Samples.Linq.Clone.Example" methodname="Example" classname="Newtonsoft.Json.Tests.Documentation.Samples.Linq.Clone" runstate="Runnable" seed="1861969924" result="Passed" start-time="2019-11-12 05:39:00Z" end-time="2019-11-12 05:39:00Z" duration="0.004191" asserts="0">
                      <properties />
                    </test-case>
                  </test-suite>
                  <test-suite type="TestFixture" id="3649" name="CreateJsonAnonymousObject" fullname="Newtonsoft.Json.Tests.Documentation.Samples.Linq.CreateJsonAnonymousObject" classname="Newtonsoft.Json.Tests.Documentation.Samples.Linq.CreateJsonAnonymousObject" runstate="Runnable" testcasecount="1" result="Passed" start-time="2019-11-12 05:39:00Z" end-time="2019-11-12 05:39:00Z" duration="0.018967" total="1" passed="1" failed="0" inconclusive="0" skipped="0" asserts="0">
                    <properties />
                    <test-case id="3650" name="Example" fullname="Newtonsoft.Json.Tests.Documentation.Samples.Linq.CreateJsonAnonymousObject.Example" methodname="Example" classname="Newtonsoft.Json.Tests.Documentation.Samples.Linq.CreateJsonAnonymousObject" runstate="Runnable" seed="570315876" result="Passed" start-time="2019-11-12 05:39:00Z" end-time="2019-11-12 05:39:00Z" duration="0.009686" asserts="0">
                      <properties />
                    </test-case>
                  </test-suite>
                  <test-suite type="TestFixture" id="3651" name="CreateJsonCollectionInitializer" fullname="Newtonsoft.Json.Tests.Documentation.Samples.Linq.CreateJsonCollectionInitializer" classname="Newtonsoft.Json.Tests.Documentation.Samples.Linq.CreateJsonCollectionInitializer" runstate="Runnable" testcasecount="1" result="Passed" start-time="2019-11-12 05:39:00Z" end-time="2019-11-12 05:39:00Z" duration="0.009904" total="1" passed="1" failed="0" inconclusive="0" skipped="0" asserts="0">
                    <properties />
                    <test-case id="3652" name="Example" fullname="Newtonsoft.Json.Tests.Documentation.Samples.Linq.CreateJsonCollectionInitializer.Example" methodname="Example" classname="Newtonsoft.Json.Tests.Documentation.Samples.Linq.CreateJsonCollectionInitializer" runstate="Runnable" seed="1180577978" result="Passed" start-time="2019-11-12 05:39:00Z" end-time="2019-11-12 05:39:00Z" duration="0.001475" asserts="0">
                      <properties />
                    </test-case>
                  </test-suite>
                  <test-suite type="TestFixture" id="3653" name="CreateJsonDeclaratively" fullname="Newtonsoft.Json.Tests.Documentation.Samples.Linq.CreateJsonDeclaratively" classname="Newtonsoft.Json.Tests.Documentation.Samples.Linq.CreateJsonDeclaratively" runstate="Runnable" testcasecount="1" result="Passed" start-time="2019-11-12 05:39:00Z" end-time="2019-11-12 05:39:00Z" duration="0.014287" total="1" passed="1" failed="0" inconclusive="0" skipped="0" asserts="0">
                    <properties />
                    <test-case id="3654" name="Example" fullname="Newtonsoft.Json.Tests.Documentation.Samples.Linq.CreateJsonDeclaratively.Example" methodname="Example" classname="Newtonsoft.Json.Tests.Documentation.Samples.Linq.CreateJsonDeclaratively" runstate="Runnable" seed="963411100" result="Passed" start-time="2019-11-12 05:39:00Z" end-time="2019-11-12 05:39:00Z" duration="0.005984" asserts="0">
                      <properties />
                    </test-case>
                  </test-suite>
                  <test-suite type="TestFixture" id="3655" name="CreateJsonDynamic" fullname="Newtonsoft.Json.Tests.Documentation.Samples.Linq.CreateJsonDynamic" classname="Newtonsoft.Json.Tests.Documentation.Samples.Linq.CreateJsonDynamic" runstate="Runnable" testcasecount="1" result="Passed" start-time="2019-11-12 05:39:00Z" end-time="2019-11-12 05:39:00Z" duration="0.114848" total="1" passed="1" failed="0" inconclusive="0" skipped="0" asserts="0">
                    <properties />
                    <test-case id="3656" name="Example" fullname="Newtonsoft.Json.Tests.Documentation.Samples.Linq.CreateJsonDynamic.Example" methodname="Example" classname="Newtonsoft.Json.Tests.Documentation.Samples.Linq.CreateJsonDynamic" runstate="Runnable" seed="2078510427" result="Passed" start-time="2019-11-12 05:39:00Z" end-time="2019-11-12 05:39:00Z" duration="0.106756" asserts="0">
                      <properties />
                    </test-case>
                  </test-suite>
                  <test-suite type="TestFixture" id="3657" name="CreateJsonJTokenWriter" fullname="Newtonsoft.Json.Tests.Documentation.Samples.Linq.CreateJsonJTokenWriter" classname="Newtonsoft.Json.Tests.Documentation.Samples.Linq.CreateJsonJTokenWriter" runstate="Runnable" testcasecount="1" result="Passed" start-time="2019-11-12 05:39:00Z" end-time="2019-11-12 05:39:01Z" duration="0.010078" total="1" passed="1" failed="0" inconclusive="0" skipped="0" asserts="0">
                    <properties />
                    <test-case id="3658" name="Example" fullname="Newtonsoft.Json.Tests.Documentation.Samples.Linq.CreateJsonJTokenWriter.Example" methodname="Example" classname="Newtonsoft.Json.Tests.Documentation.Samples.Linq.CreateJsonJTokenWriter" runstate="Runnable" seed="1269485018" result="Passed" start-time="2019-11-12 05:39:01Z" end-time="2019-11-12 05:39:01Z" duration="0.001242" asserts="0">
                      <properties />
                    </test-case>
                  </test-suite>
                  <test-suite type="TestFixture" id="3659" name="CreateJsonManually" fullname="Newtonsoft.Json.Tests.Documentation.Samples.Linq.CreateJsonManually" classname="Newtonsoft.Json.Tests.Documentation.Samples.Linq.CreateJsonManually" runstate="Runnable" testcasecount="1" result="Passed" start-time="2019-11-12 05:39:01Z" end-time="2019-11-12 05:39:01Z" duration="0.008729" total="1" passed="1" failed="0" inconclusive="0" skipped="0" asserts="0">
                    <properties />
                    <test-case id="3660" name="Example" fullname="Newtonsoft.Json.Tests.Documentation.Samples.Linq.CreateJsonManually.Example" methodname="Example" classname="Newtonsoft.Json.Tests.Documentation.Samples.Linq.CreateJsonManually" runstate="Runnable" seed="1808521977" result="Passed" start-time="2019-11-12 05:39:01Z" end-time="2019-11-12 05:39:01Z" duration="0.001133" asserts="0">
                      <properties />
                    </test-case>
                  </test-suite>
                  <test-suite type="TestFixture" id="3661" name="CreateReader" fullname="Newtonsoft.Json.Tests.Documentation.Samples.Linq.CreateReader" classname="Newtonsoft.Json.Tests.Documentation.Samples.Linq.CreateReader" runstate="Runnable" testcasecount="1" result="Passed" start-time="2019-11-12 05:39:01Z" end-time="2019-11-12 05:39:01Z" duration="0.010638" total="1" passed="1" failed="0" inconclusive="0" skipped="0" asserts="0">
                    <properties />
                    <test-case id="3662" name="Example" fullname="Newtonsoft.Json.Tests.Documentation.Samples.Linq.CreateReader.Example" methodname="Example" classname="Newtonsoft.Json.Tests.Documentation.Samples.Linq.CreateReader" runstate="Runnable" seed="801049202" result="Passed" start-time="2019-11-12 05:39:01Z" end-time="2019-11-12 05:39:01Z" duration="0.002822" asserts="0">
                      <properties />
                    </test-case>
                  </test-suite>
                  <test-suite type="TestFixture" id="3663" name="CreateWriter" fullname="Newtonsoft.Json.Tests.Documentation.Samples.Linq.CreateWriter" classname="Newtonsoft.Json.Tests.Documentation.Samples.Linq.CreateWriter" runstate="Runnable" testcasecount="1" result="Passed" start-time="2019-11-12 05:39:01Z" end-time="2019-11-12 05:39:01Z" duration="0.009895" total="1" passed="1" failed="0" inconclusive="0" skipped="0" asserts="0">
                    <properties />
                    <test-case id="3664" name="Example" fullname="Newtonsoft.Json.Tests.Documentation.Samples.Linq.CreateWriter.Example" methodname="Example" classname="Newtonsoft.Json.Tests.Documentation.Samples.Linq.CreateWriter" runstate="Runnable" seed="876375410" result="Passed" start-time="2019-11-12 05:39:01Z" end-time="2019-11-12 05:39:01Z" duration="0.001399" asserts="0">
                      <properties />
                    </test-case>
                  </test-suite>
                  <test-suite type="TestFixture" id="3665" name="DeepEquals" fullname="Newtonsoft.Json.Tests.Documentation.Samples.Linq.DeepEquals" classname="Newtonsoft.Json.Tests.Documentation.Samples.Linq.DeepEquals" runstate="Runnable" testcasecount="1" result="Passed" start-time="2019-11-12 05:39:01Z" end-time="2019-11-12 05:39:01Z" duration="0.009648" total="1" passed="1" failed="0" inconclusive="0" skipped="0" asserts="0">
                    <properties />
                    <test-case id="3666" name="Example" fullname="Newtonsoft.Json.Tests.Documentation.Samples.Linq.DeepEquals.Example" methodname="Example" classname="Newtonsoft.Json.Tests.Documentation.Samples.Linq.DeepEquals" runstate="Runnable" seed="673384416" result="Passed" start-time="2019-11-12 05:39:01Z" end-time="2019-11-12 05:39:01Z" duration="0.001588" asserts="0">
                      <properties />
                    </test-case>
                  </test-suite>
                  <test-suite type="TestFixture" id="3667" name="DeserializeWithLinq" fullname="Newtonsoft.Json.Tests.Documentation.Samples.Linq.DeserializeWithLinq" classname="Newtonsoft.Json.Tests.Documentation.Samples.Linq.DeserializeWithLinq" runstate="Runnable" testcasecount="1" result="Passed" start-time="2019-11-12 05:39:01Z" end-time="2019-11-12 05:39:01Z" duration="0.128250" total="1" passed="1" failed="0" inconclusive="0" skipped="0" asserts="0">
                    <properties />
                    <test-case id="3668" name="Example" fullname="Newtonsoft.Json.Tests.Documentation.Samples.Linq.DeserializeWithLinq.Example" methodname="Example" classname="Newtonsoft.Json.Tests.Documentation.Samples.Linq.DeserializeWithLinq" runstate="Runnable" seed="1858861224" result="Passed" start-time="2019-11-12 05:39:01Z" end-time="2019-11-12 05:39:01Z" duration="0.120212" asserts="0">
                      <properties />
                    </test-case>
                  </test-suite>
                  <test-suite type="TestFixture" id="3669" name="FromObject" fullname="Newtonsoft.Json.Tests.Documentation.Samples.Linq.FromObject" classname="Newtonsoft.Json.Tests.Documentation.Samples.Linq.FromObject" runstate="Runnable" testcasecount="1" result="Passed" start-time="2019-11-12 05:39:01Z" end-time="2019-11-12 05:39:01Z" duration="0.013789" total="1" passed="1" failed="0" inconclusive="0" skipped="0" asserts="0">
                    <properties />
                    <test-case id="3670" name="Example" fullname="Newtonsoft.Json.Tests.Documentation.Samples.Linq.FromObject.Example" methodname="Example" classname="Newtonsoft.Json.Tests.Documentation.Samples.Linq.FromObject" runstate="Runnable" seed="1558252445" result="Passed" start-time="2019-11-12 05:39:01Z" end-time="2019-11-12 05:39:01Z" duration="0.004954" asserts="0">
                      <properties />
                    </test-case>
                  </test-suite>
                  <test-suite type="TestFixture" id="3671" name="JObjectProperties" fullname="Newtonsoft.Json.Tests.Documentation.Samples.Linq.JObjectProperties" classname="Newtonsoft.Json.Tests.Documentation.Samples.Linq.JObjectProperties" runstate="Runnable" testcasecount="1" result="Passed" start-time="2019-11-12 05:39:01Z" end-time="2019-11-12 05:39:01Z" duration="0.009968" total="1" passed="1" failed="0" inconclusive="0" skipped="0" asserts="0">
                    <properties />
                    <test-case id="3672" name="Example" fullname="Newtonsoft.Json.Tests.Documentation.Samples.Linq.JObjectProperties.Example" methodname="Example" classname="Newtonsoft.Json.Tests.Documentation.Samples.Linq.JObjectProperties" runstate="Runnable" seed="1779991474" result="Passed" start-time="2019-11-12 05:39:01Z" end-time="2019-11-12 05:39:01Z" duration="0.002300" asserts="0">
                      <properties />
                    </test-case>
                  </test-suite>
                  <test-suite type="TestFixture" id="3673" name="JTokenAnnotation" fullname="Newtonsoft.Json.Tests.Documentation.Samples.Linq.JTokenAnnotation" classname="Newtonsoft.Json.Tests.Documentation.Samples.Linq.JTokenAnnotation" runstate="Runnable" testcasecount="1" result="Passed" start-time="2019-11-12 05:39:01Z" end-time="2019-11-12 05:39:01Z" duration="0.010254" total="1" passed="1" failed="0" inconclusive="0" skipped="0" asserts="0">
                    <properties />
                    <test-case id="3674" name="Example" fullname="Newtonsoft.Json.Tests.Documentation.Samples.Linq.JTokenAnnotation.Example" methodname="Example" classname="Newtonsoft.Json.Tests.Documentation.Samples.Linq.JTokenAnnotation" runstate="Runnable" seed="231203577" result="Passed" start-time="2019-11-12 05:39:01Z" end-time="2019-11-12 05:39:01Z" duration="0.002667" asserts="0">
                      <properties />
                    </test-case>
                  </test-suite>
                  <test-suite type="TestFixture" id="3675" name="JValueCast" fullname="Newtonsoft.Json.Tests.Documentation.Samples.Linq.JValueCast" classname="Newtonsoft.Json.Tests.Documentation.Samples.Linq.JValueCast" runstate="Runnable" testcasecount="1" result="Passed" start-time="2019-11-12 05:39:01Z" end-time="2019-11-12 05:39:01Z" duration="0.012026" total="1" passed="1" failed="0" inconclusive="0" skipped="0" asserts="0">
                    <properties />
                    <test-case id="3676" name="Example" fullname="Newtonsoft.Json.Tests.Documentation.Samples.Linq.JValueCast.Example" methodname="Example" classname="Newtonsoft.Json.Tests.Documentation.Samples.Linq.JValueCast" runstate="Runnable" seed="2111409520" result="Passed" start-time="2019-11-12 05:39:01Z" end-time="2019-11-12 05:39:01Z" duration="0.004459" asserts="0">
                      <properties />
                    </test-case>
                  </test-suite>
                  <test-suite type="TestFixture" id="3677" name="JValueValue" fullname="Newtonsoft.Json.Tests.Documentation.Samples.Linq.JValueValue" classname="Newtonsoft.Json.Tests.Documentation.Samples.Linq.JValueValue" runstate="Runnable" testcasecount="1" result="Passed" start-time="2019-11-12 05:39:01Z" end-time="2019-11-12 05:39:01Z" duration="0.009101" total="1" passed="1" failed="0" inconclusive="0" skipped="0" asserts="0">
                    <properties />
                    <test-case id="3678" name="Example" fullname="Newtonsoft.Json.Tests.Documentation.Samples.Linq.JValueValue.Example" methodname="Example" classname="Newtonsoft.Json.Tests.Documentation.Samples.Linq.JValueValue" runstate="Runnable" seed="1957142988" result="Passed" start-time="2019-11-12 05:39:01Z" end-time="2019-11-12 05:39:01Z" duration="0.001071" asserts="0">
                      <properties />
                    </test-case>
                  </test-suite>
                  <test-suite type="TestFixture" id="3679" name="MergeJson" fullname="Newtonsoft.Json.Tests.Documentation.Samples.Linq.MergeJson" classname="Newtonsoft.Json.Tests.Documentation.Samples.Linq.MergeJson" runstate="Runnable" testcasecount="1" result="Passed" start-time="2019-11-12 05:39:01Z" end-time="2019-11-12 05:39:01Z" duration="0.008868" total="1" passed="1" failed="0" inconclusive="0" skipped="0" asserts="0">
                    <properties />
                    <test-case id="3680" name="Example" fullname="Newtonsoft.Json.Tests.Documentation.Samples.Linq.MergeJson.Example" methodname="Example" classname="Newtonsoft.Json.Tests.Documentation.Samples.Linq.MergeJson" runstate="Runnable" seed="84080538" result="Passed" start-time="2019-11-12 05:39:01Z" end-time="2019-11-12 05:39:01Z" duration="0.001081" asserts="0">
                      <properties />
                    </test-case>
                  </test-suite>
                  <test-suite type="TestFixture" id="3681" name="ModifyJson" fullname="Newtonsoft.Json.Tests.Documentation.Samples.Linq.ModifyJson" classname="Newtonsoft.Json.Tests.Documentation.Samples.Linq.ModifyJson" runstate="Runnable" testcasecount="1" result="Passed" start-time="2019-11-12 05:39:01Z" end-time="2019-11-12 05:39:01Z" duration="0.012175" total="1" passed="1" failed="0" inconclusive="0" skipped="0" asserts="0">
                    <properties />
                    <test-case id="3682" name="Example" fullname="Newtonsoft.Json.Tests.Documentation.Samples.Linq.ModifyJson.Example" methodname="Example" classname="Newtonsoft.Json.Tests.Documentation.Samples.Linq.ModifyJson" runstate="Runnable" seed="708759080" result="Passed" start-time="2019-11-12 05:39:01Z" end-time="2019-11-12 05:39:01Z" duration="0.004022" asserts="0">
                      <properties />
                    </test-case>
                  </test-suite>
                  <test-suite type="TestFixture" id="3683" name="ParseJsonAny" fullname="Newtonsoft.Json.Tests.Documentation.Samples.Linq.ParseJsonAny" classname="Newtonsoft.Json.Tests.Documentation.Samples.Linq.ParseJsonAny" runstate="Runnable" testcasecount="1" result="Passed" start-time="2019-11-12 05:39:01Z" end-time="2019-11-12 05:39:01Z" duration="0.010525" total="1" passed="1" failed="0" inconclusive="0" skipped="0" asserts="0">
                    <properties />
                    <test-case id="3684" name="Example" fullname="Newtonsoft.Json.Tests.Documentation.Samples.Linq.ParseJsonAny.Example" methodname="Example" classname="Newtonsoft.Json.Tests.Documentation.Samples.Linq.ParseJsonAny" runstate="Runnable" seed="572003739" result="Passed" start-time="2019-11-12 05:39:01Z" end-time="2019-11-12 05:39:01Z" duration="0.002053" asserts="0">
                      <properties />
                    </test-case>
                  </test-suite>
                  <test-suite type="TestFixture" id="3685" name="ParseJsonArray" fullname="Newtonsoft.Json.Tests.Documentation.Samples.Linq.ParseJsonArray" classname="Newtonsoft.Json.Tests.Documentation.Samples.Linq.ParseJsonArray" runstate="Runnable" testcasecount="1" result="Passed" start-time="2019-11-12 05:39:01Z" end-time="2019-11-12 05:39:01Z" duration="0.008736" total="1" passed="1" failed="0" inconclusive="0" skipped="0" asserts="0">
                    <properties />
                    <test-case id="3686" name="Example" fullname="Newtonsoft.Json.Tests.Documentation.Samples.Linq.ParseJsonArray.Example" methodname="Example" classname="Newtonsoft.Json.Tests.Documentation.Samples.Linq.ParseJsonArray" runstate="Runnable" seed="413528862" result="Passed" start-time="2019-11-12 05:39:01Z" end-time="2019-11-12 05:39:01Z" duration="0.000904" asserts="0">
                      <properties />
                    </test-case>
                  </test-suite>
                  <test-suite type="TestFixture" id="3687" name="ParseJsonObject" fullname="Newtonsoft.Json.Tests.Documentation.Samples.Linq.ParseJsonObject" classname="Newtonsoft.Json.Tests.Documentation.Samples.Linq.ParseJsonObject" runstate="Runnable" testcasecount="1" result="Passed" start-time="2019-11-12 05:39:01Z" end-time="2019-11-12 05:39:01Z" duration="0.009285" total="1" passed="1" failed="0" inconclusive="0" skipped="0" asserts="0">
                    <properties />
                    <test-case id="3688" name="Example" fullname="Newtonsoft.Json.Tests.Documentation.Samples.Linq.ParseJsonObject.Example" methodname="Example" classname="Newtonsoft.Json.Tests.Documentation.Samples.Linq.ParseJsonObject" runstate="Runnable" seed="2100523397" result="Passed" start-time="2019-11-12 05:39:01Z" end-time="2019-11-12 05:39:01Z" duration="0.001081" asserts="0">
                      <properties />
                    </test-case>
                  </test-suite>
                  <test-suite type="TestFixture" id="3689" name="QueryJson" fullname="Newtonsoft.Json.Tests.Documentation.Samples.Linq.QueryJson" classname="Newtonsoft.Json.Tests.Documentation.Samples.Linq.QueryJson" runstate="Runnable" testcasecount="1" result="Passed" start-time="2019-11-12 05:39:01Z" end-time="2019-11-12 05:39:01Z" duration="0.009859" total="1" passed="1" failed="0" inconclusive="0" skipped="0" asserts="0">
                    <properties />
                    <test-case id="3690" name="Example" fullname="Newtonsoft.Json.Tests.Documentation.Samples.Linq.QueryJson.Example" methodname="Example" classname="Newtonsoft.Json.Tests.Documentation.Samples.Linq.QueryJson" runstate="Runnable" seed="593345101" result="Passed" start-time="2019-11-12 05:39:01Z" end-time="2019-11-12 05:39:01Z" duration="0.001788" asserts="0">
                      <properties />
                    </test-case>
                  </test-suite>
                  <test-suite type="TestFixture" id="3691" name="QueryJsonDynamic" fullname="Newtonsoft.Json.Tests.Documentation.Samples.Linq.QueryJsonDynamic" classname="Newtonsoft.Json.Tests.Documentation.Samples.Linq.QueryJsonDynamic" runstate="Runnable" testcasecount="1" result="Passed" start-time="2019-11-12 05:39:01Z" end-time="2019-11-12 05:39:01Z" duration="0.054035" total="1" passed="1" failed="0" inconclusive="0" skipped="0" asserts="0">
                    <properties />
                    <test-case id="3692" name="Example" fullname="Newtonsoft.Json.Tests.Documentation.Samples.Linq.QueryJsonDynamic.Example" methodname="Example" classname="Newtonsoft.Json.Tests.Documentation.Samples.Linq.QueryJsonDynamic" runstate="Runnable" seed="1321911055" result="Passed" start-time="2019-11-12 05:39:01Z" end-time="2019-11-12 05:39:01Z" duration="0.044248" asserts="0">
                      <properties />
                    </test-case>
                  </test-suite>
                  <test-suite type="TestFixture" id="3693" name="QueryJsonIgnoreCase" fullname="Newtonsoft.Json.Tests.Documentation.Samples.Linq.QueryJsonIgnoreCase" classname="Newtonsoft.Json.Tests.Documentation.Samples.Linq.QueryJsonIgnoreCase" runstate="Runnable" testcasecount="1" result="Passed" start-time="2019-11-12 05:39:01Z" end-time="2019-11-12 05:39:01Z" duration="0.010448" total="1" passed="1" failed="0" inconclusive="0" skipped="0" asserts="0">
                    <properties />
                    <test-case id="3694" name="Example" fullname="Newtonsoft.Json.Tests.Documentation.Samples.Linq.QueryJsonIgnoreCase.Example" methodname="Example" classname="Newtonsoft.Json.Tests.Documentation.Samples.Linq.QueryJsonIgnoreCase" runstate="Runnable" seed="560812780" result="Passed" start-time="2019-11-12 05:39:01Z" end-time="2019-11-12 05:39:01Z" duration="0.001532" asserts="0">
                      <properties />
                    </test-case>
                  </test-suite>
                  <test-suite type="TestFixture" id="3695" name="QueryJsonLinq" fullname="Newtonsoft.Json.Tests.Documentation.Samples.Linq.QueryJsonLinq" classname="Newtonsoft.Json.Tests.Documentation.Samples.Linq.QueryJsonLinq" runstate="Runnable" testcasecount="1" result="Passed" start-time="2019-11-12 05:39:01Z" end-time="2019-11-12 05:39:01Z" duration="0.016768" total="1" passed="1" failed="0" inconclusive="0" skipped="0" asserts="0">
                    <properties />
                    <test-case id="3696" name="Example" fullname="Newtonsoft.Json.Tests.Documentation.Samples.Linq.QueryJsonLinq.Example" methodname="Example" classname="Newtonsoft.Json.Tests.Documentation.Samples.Linq.QueryJsonLinq" runstate="Runnable" seed="36215593" result="Passed" start-time="2019-11-12 05:39:01Z" end-time="2019-11-12 05:39:01Z" duration="0.003340" asserts="0">
                      <properties />
                    </test-case>
                  </test-suite>
                  <test-suite type="TestFixture" id="3697" name="ReadJson" fullname="Newtonsoft.Json.Tests.Documentation.Samples.Linq.ReadJson" classname="Newtonsoft.Json.Tests.Documentation.Samples.Linq.ReadJson" runstate="Runnable" testcasecount="1" result="Passed" start-time="2019-11-12 05:39:01Z" end-time="2019-11-12 05:39:01Z" duration="0.010540" total="1" passed="1" failed="0" inconclusive="0" skipped="0" asserts="0">
                    <properties />
                    <test-case id="3698" name="Example" fullname="Newtonsoft.Json.Tests.Documentation.Samples.Linq.ReadJson.Example" methodname="Example" classname="Newtonsoft.Json.Tests.Documentation.Samples.Linq.ReadJson" runstate="Runnable" seed="1461105516" result="Passed" start-time="2019-11-12 05:39:01Z" end-time="2019-11-12 05:39:01Z" duration="0.001158" asserts="0">
                      <properties />
                    </test-case>
                  </test-suite>
                  <test-suite type="TestFixture" id="3699" name="ReadJTokenFromBson" fullname="Newtonsoft.Json.Tests.Documentation.Samples.Linq.ReadJTokenFromBson" classname="Newtonsoft.Json.Tests.Documentation.Samples.Linq.ReadJTokenFromBson" runstate="Runnable" testcasecount="1" result="Passed" start-time="2019-11-12 05:39:01Z" end-time="2019-11-12 05:39:01Z" duration="0.008973" total="1" passed="1" failed="0" inconclusive="0" skipped="0" asserts="0">
                    <properties />
                    <test-case id="3700" name="Example" fullname="Newtonsoft.Json.Tests.Documentation.Samples.Linq.ReadJTokenFromBson.Example" methodname="Example" classname="Newtonsoft.Json.Tests.Documentation.Samples.Linq.ReadJTokenFromBson" runstate="Runnable" seed="1871843762" result="Passed" start-time="2019-11-12 05:39:01Z" end-time="2019-11-12 05:39:01Z" duration="0.001057" asserts="0">
                      <properties />
                    </test-case>
                  </test-suite>
                  <test-suite type="TestFixture" id="3701" name="SerializeWithLinq" fullname="Newtonsoft.Json.Tests.Documentation.Samples.Linq.SerializeWithLinq" classname="Newtonsoft.Json.Tests.Documentation.Samples.Linq.SerializeWithLinq" runstate="Runnable" testcasecount="1" result="Passed" start-time="2019-11-12 05:39:01Z" end-time="2019-11-12 05:39:01Z" duration="0.013046" total="1" passed="1" failed="0" inconclusive="0" skipped="0" asserts="0">
                    <properties />
                    <test-case id="3702" name="Example" fullname="Newtonsoft.Json.Tests.Documentation.Samples.Linq.SerializeWithLinq.Example" methodname="Example" classname="Newtonsoft.Json.Tests.Documentation.Samples.Linq.SerializeWithLinq" runstate="Runnable" seed="602047350" result="Passed" start-time="2019-11-12 05:39:01Z" end-time="2019-11-12 05:39:01Z" duration="0.004757" asserts="0">
                      <properties />
                    </test-case>
                  </test-suite>
                  <test-suite type="TestFixture" id="3703" name="ToObjectComplex" fullname="Newtonsoft.Json.Tests.Documentation.Samples.Linq.ToObjectComplex" classname="Newtonsoft.Json.Tests.Documentation.Samples.Linq.ToObjectComplex" runstate="Runnable" testcasecount="1" result="Passed" start-time="2019-11-12 05:39:01Z" end-time="2019-11-12 05:39:01Z" duration="0.014538" total="1" passed="1" failed="0" inconclusive="0" skipped="0" asserts="0">
                    <properties />
                    <test-case id="3704" name="Example" fullname="Newtonsoft.Json.Tests.Documentation.Samples.Linq.ToObjectComplex.Example" methodname="Example" classname="Newtonsoft.Json.Tests.Documentation.Samples.Linq.ToObjectComplex" runstate="Runnable" seed="1799960043" result="Passed" start-time="2019-11-12 05:39:01Z" end-time="2019-11-12 05:39:01Z" duration="0.006478" asserts="0">
                      <properties />
                    </test-case>
                  </test-suite>
                  <test-suite type="TestFixture" id="3705" name="ToObjectGeneric" fullname="Newtonsoft.Json.Tests.Documentation.Samples.Linq.ToObjectGeneric" classname="Newtonsoft.Json.Tests.Documentation.Samples.Linq.ToObjectGeneric" runstate="Runnable" testcasecount="1" result="Passed" start-time="2019-11-12 05:39:01Z" end-time="2019-11-12 05:39:01Z" duration="0.010367" total="1" passed="1" failed="0" inconclusive="0" skipped="0" asserts="0">
                    <properties />
                    <test-case id="3706" name="Example" fullname="Newtonsoft.Json.Tests.Documentation.Samples.Linq.ToObjectGeneric.Example" methodname="Example" classname="Newtonsoft.Json.Tests.Documentation.Samples.Linq.ToObjectGeneric" runstate="Runnable" seed="850082704" result="Passed" start-time="2019-11-12 05:39:01Z" end-time="2019-11-12 05:39:01Z" duration="0.002350" asserts="0">
                      <properties />
                    </test-case>
                  </test-suite>
                  <test-suite type="TestFixture" id="3707" name="ToObjectType" fullname="Newtonsoft.Json.Tests.Documentation.Samples.Linq.ToObjectType" classname="Newtonsoft.Json.Tests.Documentation.Samples.Linq.ToObjectType" runstate="Runnable" testcasecount="1" result="Passed" start-time="2019-11-12 05:39:01Z" end-time="2019-11-12 05:39:01Z" duration="0.010782" total="1" passed="1" failed="0" inconclusive="0" skipped="0" asserts="0">
                    <properties />
                    <test-case id="3708" name="Example" fullname="Newtonsoft.Json.Tests.Documentation.Samples.Linq.ToObjectType.Example" methodname="Example" classname="Newtonsoft.Json.Tests.Documentation.Samples.Linq.ToObjectType" runstate="Runnable" seed="532870199" result="Passed" start-time="2019-11-12 05:39:01Z" end-time="2019-11-12 05:39:01Z" duration="0.002127" asserts="0">
                      <properties />
                    </test-case>
                  </test-suite>
                  <test-suite type="TestFixture" id="3709" name="ToString" fullname="Newtonsoft.Json.Tests.Documentation.Samples.Linq.ToString" classname="Newtonsoft.Json.Tests.Documentation.Samples.Linq.ToString" runstate="Runnable" testcasecount="1" result="Passed" start-time="2019-11-12 05:39:01Z" end-time="2019-11-12 05:39:01Z" duration="0.009179" total="1" passed="1" failed="0" inconclusive="0" skipped="0" asserts="0">
                    <properties />
                    <test-case id="3710" name="Example" fullname="Newtonsoft.Json.Tests.Documentation.Samples.Linq.ToString.Example" methodname="Example" classname="Newtonsoft.Json.Tests.Documentation.Samples.Linq.ToString" runstate="Runnable" seed="1370574635" result="Passed" start-time="2019-11-12 05:39:01Z" end-time="2019-11-12 05:39:01Z" duration="0.001362" asserts="0">
                      <properties />
                    </test-case>
                  </test-suite>
                  <test-suite type="TestFixture" id="3711" name="ToStringJsonConverter" fullname="Newtonsoft.Json.Tests.Documentation.Samples.Linq.ToStringJsonConverter" classname="Newtonsoft.Json.Tests.Documentation.Samples.Linq.ToStringJsonConverter" runstate="Runnable" testcasecount="1" result="Passed" start-time="2019-11-12 05:39:01Z" end-time="2019-11-12 05:39:01Z" duration="0.009024" total="1" passed="1" failed="0" inconclusive="0" skipped="0" asserts="0">
                    <properties />
                    <test-case id="3712" name="Example" fullname="Newtonsoft.Json.Tests.Documentation.Samples.Linq.ToStringJsonConverter.Example" methodname="Example" classname="Newtonsoft.Json.Tests.Documentation.Samples.Linq.ToStringJsonConverter" runstate="Runnable" seed="291745249" result="Passed" start-time="2019-11-12 05:39:01Z" end-time="2019-11-12 05:39:01Z" duration="0.001427" asserts="0">
                      <properties />
                    </test-case>
                  </test-suite>
                  <test-suite type="TestFixture" id="3713" name="WriteJTokenToBson" fullname="Newtonsoft.Json.Tests.Documentation.Samples.Linq.WriteJTokenToBson" classname="Newtonsoft.Json.Tests.Documentation.Samples.Linq.WriteJTokenToBson" runstate="Runnable" testcasecount="1" result="Passed" start-time="2019-11-12 05:39:01Z" end-time="2019-11-12 05:39:01Z" duration="0.009352" total="1" passed="1" failed="0" inconclusive="0" skipped="0" asserts="0">
                    <properties />
                    <test-case id="3714" name="Example" fullname="Newtonsoft.Json.Tests.Documentation.Samples.Linq.WriteJTokenToBson.Example" methodname="Example" classname="Newtonsoft.Json.Tests.Documentation.Samples.Linq.WriteJTokenToBson" runstate="Runnable" seed="743067815" result="Passed" start-time="2019-11-12 05:39:01Z" end-time="2019-11-12 05:39:01Z" duration="0.001211" asserts="0">
                      <properties />
                    </test-case>
                  </test-suite>
                  <test-suite type="TestFixture" id="3715" name="WriteToJsonFile" fullname="Newtonsoft.Json.Tests.Documentation.Samples.Linq.WriteToJsonFile" classname="Newtonsoft.Json.Tests.Documentation.Samples.Linq.WriteToJsonFile" runstate="Runnable" testcasecount="1" result="Passed" start-time="2019-11-12 05:39:01Z" end-time="2019-11-12 05:39:01Z" duration="0.009966" total="1" passed="1" failed="0" inconclusive="0" skipped="0" asserts="0">
                    <properties />
                    <test-case id="3716" name="Example" fullname="Newtonsoft.Json.Tests.Documentation.Samples.Linq.WriteToJsonFile.Example" methodname="Example" classname="Newtonsoft.Json.Tests.Documentation.Samples.Linq.WriteToJsonFile" runstate="Runnable" seed="1684693842" result="Passed" start-time="2019-11-12 05:39:01Z" end-time="2019-11-12 05:39:01Z" duration="0.002612" asserts="0">
                      <properties />
                    </test-case>
                  </test-suite>
                </test-suite>
                <test-suite type="TestSuite" id="4121" name="Serializer" fullname="Newtonsoft.Json.Tests.Documentation.Samples.Serializer" runstate="Runnable" testcasecount="62" result="Passed" start-time="2019-11-12 05:39:01Z" end-time="2019-11-12 05:39:02Z" duration="1.158776" total="62" passed="62" failed="0" inconclusive="0" skipped="0" asserts="0">
                  <properties />
                  <test-suite type="TestFixture" id="3523" name="CustomContractResolver" fullname="Newtonsoft.Json.Tests.Documentation.Samples.Serializer.CustomContractResolver" classname="Newtonsoft.Json.Tests.Documentation.Samples.Serializer.CustomContractResolver" runstate="Runnable" testcasecount="1" result="Passed" start-time="2019-11-12 05:39:01Z" end-time="2019-11-12 05:39:01Z" duration="0.032750" total="1" passed="1" failed="0" inconclusive="0" skipped="0" asserts="0">
                    <properties />
                    <test-case id="3524" name="Example" fullname="Newtonsoft.Json.Tests.Documentation.Samples.Serializer.CustomContractResolver.Example" methodname="Example" classname="Newtonsoft.Json.Tests.Documentation.Samples.Serializer.CustomContractResolver" runstate="Runnable" seed="583462518" result="Passed" start-time="2019-11-12 05:39:01Z" end-time="2019-11-12 05:39:01Z" duration="0.021164" asserts="0">
                      <properties />
                    </test-case>
                  </test-suite>
                  <test-suite type="TestFixture" id="3525" name="CustomJsonConverter" fullname="Newtonsoft.Json.Tests.Documentation.Samples.Serializer.CustomJsonConverter" classname="Newtonsoft.Json.Tests.Documentation.Samples.Serializer.CustomJsonConverter" runstate="Runnable" testcasecount="1" result="Passed" start-time="2019-11-12 05:39:01Z" end-time="2019-11-12 05:39:01Z" duration="0.015894" total="1" passed="1" failed="0" inconclusive="0" skipped="0" asserts="0">
                    <properties />
                    <test-case id="3526" name="Example" fullname="Newtonsoft.Json.Tests.Documentation.Samples.Serializer.CustomJsonConverter.Example" methodname="Example" classname="Newtonsoft.Json.Tests.Documentation.Samples.Serializer.CustomJsonConverter" runstate="Runnable" seed="1660416498" result="Passed" start-time="2019-11-12 05:39:01Z" end-time="2019-11-12 05:39:01Z" duration="0.007578" asserts="0">
                      <properties />
                    </test-case>
                  </test-suite>
                  <test-suite type="TestFixture" id="3527" name="CustomJsonConverterGeneric" fullname="Newtonsoft.Json.Tests.Documentation.Samples.Serializer.CustomJsonConverterGeneric" classname="Newtonsoft.Json.Tests.Documentation.Samples.Serializer.CustomJsonConverterGeneric" runstate="Runnable" testcasecount="1" result="Passed" start-time="2019-11-12 05:39:01Z" end-time="2019-11-12 05:39:01Z" duration="0.012433" total="1" passed="1" failed="0" inconclusive="0" skipped="0" asserts="0">
                    <properties />
                    <test-case id="3528" name="Example" fullname="Newtonsoft.Json.Tests.Documentation.Samples.Serializer.CustomJsonConverterGeneric.Example" methodname="Example" classname="Newtonsoft.Json.Tests.Documentation.Samples.Serializer.CustomJsonConverterGeneric" runstate="Runnable" seed="1663280404" result="Passed" start-time="2019-11-12 05:39:01Z" end-time="2019-11-12 05:39:01Z" duration="0.004129" asserts="0">
                      <properties />
                    </test-case>
                  </test-suite>
                  <test-suite type="TestFixture" id="3529" name="CustomTraceWriter" fullname="Newtonsoft.Json.Tests.Documentation.Samples.Serializer.CustomTraceWriter" classname="Newtonsoft.Json.Tests.Documentation.Samples.Serializer.CustomTraceWriter" runstate="Runnable" testcasecount="1" result="Passed" start-time="2019-11-12 05:39:01Z" end-time="2019-11-12 05:39:01Z" duration="0.009655" total="1" passed="1" failed="0" inconclusive="0" skipped="0" asserts="0">
                    <properties />
                    <test-case id="3530" name="Example" fullname="Newtonsoft.Json.Tests.Documentation.Samples.Serializer.CustomTraceWriter.Example" methodname="Example" classname="Newtonsoft.Json.Tests.Documentation.Samples.Serializer.CustomTraceWriter" runstate="Runnable" seed="1011594638" result="Passed" start-time="2019-11-12 05:39:01Z" end-time="2019-11-12 05:39:01Z" duration="0.001934" asserts="0">
                      <properties />
                    </test-case>
                  </test-suite>
                  <test-suite type="TestFixture" id="3531" name="DataContractAndDataMember" fullname="Newtonsoft.Json.Tests.Documentation.Samples.Serializer.DataContractAndDataMember" classname="Newtonsoft.Json.Tests.Documentation.Samples.Serializer.DataContractAndDataMember" runstate="Runnable" testcasecount="1" result="Passed" start-time="2019-11-12 05:39:01Z" end-time="2019-11-12 05:39:01Z" duration="0.021287" total="1" passed="1" failed="0" inconclusive="0" skipped="0" asserts="0">
                    <properties />
                    <test-case id="3532" name="Example" fullname="Newtonsoft.Json.Tests.Documentation.Samples.Serializer.DataContractAndDataMember.Example" methodname="Example" classname="Newtonsoft.Json.Tests.Documentation.Samples.Serializer.DataContractAndDataMember" runstate="Runnable" seed="916235409" result="Passed" start-time="2019-11-12 05:39:01Z" end-time="2019-11-12 05:39:01Z" duration="0.006132" asserts="0">
                      <properties />
                    </test-case>
                  </test-suite>
                  <test-suite type="TestFixture" id="3533" name="DefaultSettings" fullname="Newtonsoft.Json.Tests.Documentation.Samples.Serializer.DefaultSettings" classname="Newtonsoft.Json.Tests.Documentation.Samples.Serializer.DefaultSettings" runstate="Runnable" testcasecount="1" result="Passed" start-time="2019-11-12 05:39:01Z" end-time="2019-11-12 05:39:01Z" duration="0.017915" total="1" passed="1" failed="0" inconclusive="0" skipped="0" asserts="0">
                    <properties />
                    <test-case id="3534" name="Example" fullname="Newtonsoft.Json.Tests.Documentation.Samples.Serializer.DefaultSettings.Example" methodname="Example" classname="Newtonsoft.Json.Tests.Documentation.Samples.Serializer.DefaultSettings" runstate="Runnable" seed="272129237" result="Passed" start-time="2019-11-12 05:39:01Z" end-time="2019-11-12 05:39:01Z" duration="0.010180" asserts="0">
                      <properties />
                    </test-case>
                  </test-suite>
                  <test-suite type="TestFixture" id="3535" name="DefaultValueAttributeIgnore" fullname="Newtonsoft.Json.Tests.Documentation.Samples.Serializer.DefaultValueAttributeIgnore" classname="Newtonsoft.Json.Tests.Documentation.Samples.Serializer.DefaultValueAttributeIgnore" runstate="Runnable" testcasecount="1" result="Passed" start-time="2019-11-12 05:39:01Z" end-time="2019-11-12 05:39:01Z" duration="0.012576" total="1" passed="1" failed="0" inconclusive="0" skipped="0" asserts="0">
                    <properties />
                    <test-case id="3536" name="Example" fullname="Newtonsoft.Json.Tests.Documentation.Samples.Serializer.DefaultValueAttributeIgnore.Example" methodname="Example" classname="Newtonsoft.Json.Tests.Documentation.Samples.Serializer.DefaultValueAttributeIgnore" runstate="Runnable" seed="1120889407" result="Passed" start-time="2019-11-12 05:39:01Z" end-time="2019-11-12 05:39:01Z" duration="0.004474" asserts="0">
                      <properties />
                    </test-case>
                  </test-suite>
                  <test-suite type="TestFixture" id="3537" name="DefaultValueHandlingIgnore" fullname="Newtonsoft.Json.Tests.Documentation.Samples.Serializer.DefaultValueHandlingIgnore" classname="Newtonsoft.Json.Tests.Documentation.Samples.Serializer.DefaultValueHandlingIgnore" runstate="Runnable" testcasecount="1" result="Passed" start-time="2019-11-12 05:39:01Z" end-time="2019-11-12 05:39:01Z" duration="0.014067" total="1" passed="1" failed="0" inconclusive="0" skipped="0" asserts="0">
                    <properties />
                    <test-case id="3538" name="Example" fullname="Newtonsoft.Json.Tests.Documentation.Samples.Serializer.DefaultValueHandlingIgnore.Example" methodname="Example" classname="Newtonsoft.Json.Tests.Documentation.Samples.Serializer.DefaultValueHandlingIgnore" runstate="Runnable" seed="582378041" result="Passed" start-time="2019-11-12 05:39:01Z" end-time="2019-11-12 05:39:01Z" duration="0.005182" asserts="0">
                      <properties />
                    </test-case>
                  </test-suite>
                  <test-suite type="TestFixture" id="3539" name="DeserializeAnonymousType" fullname="Newtonsoft.Json.Tests.Documentation.Samples.Serializer.DeserializeAnonymousType" classname="Newtonsoft.Json.Tests.Documentation.Samples.Serializer.DeserializeAnonymousType" runstate="Runnable" testcasecount="1" result="Passed" start-time="2019-11-12 05:39:01Z" end-time="2019-11-12 05:39:01Z" duration="0.011394" total="1" passed="1" failed="0" inconclusive="0" skipped="0" asserts="0">
                    <properties />
                    <test-case id="3540" name="Example" fullname="Newtonsoft.Json.Tests.Documentation.Samples.Serializer.DeserializeAnonymousType.Example" methodname="Example" classname="Newtonsoft.Json.Tests.Documentation.Samples.Serializer.DeserializeAnonymousType" runstate="Runnable" seed="1878047623" result="Passed" start-time="2019-11-12 05:39:01Z" end-time="2019-11-12 05:39:01Z" duration="0.003312" asserts="0">
                      <properties />
                    </test-case>
                  </test-suite>
                  <test-suite type="TestFixture" id="3541" name="DeserializeCollection" fullname="Newtonsoft.Json.Tests.Documentation.Samples.Serializer.DeserializeCollection" classname="Newtonsoft.Json.Tests.Documentation.Samples.Serializer.DeserializeCollection" runstate="Runnable" testcasecount="1" result="Passed" start-time="2019-11-12 05:39:01Z" end-time="2019-11-12 05:39:01Z" duration="0.009401" total="1" passed="1" failed="0" inconclusive="0" skipped="0" asserts="0">
                    <properties />
                    <test-case id="3542" name="Example" fullname="Newtonsoft.Json.Tests.Documentation.Samples.Serializer.DeserializeCollection.Example" methodname="Example" classname="Newtonsoft.Json.Tests.Documentation.Samples.Serializer.DeserializeCollection" runstate="Runnable" seed="1293533955" result="Passed" start-time="2019-11-12 05:39:01Z" end-time="2019-11-12 05:39:01Z" duration="0.001534" asserts="0">
                      <properties />
                    </test-case>
                  </test-suite>
                  <test-suite type="TestFixture" id="3543" name="DeserializeConstructorHandling" fullname="Newtonsoft.Json.Tests.Documentation.Samples.Serializer.DeserializeConstructorHandling" classname="Newtonsoft.Json.Tests.Documentation.Samples.Serializer.DeserializeConstructorHandling" runstate="Runnable" testcasecount="1" result="Passed" start-time="2019-11-12 05:39:01Z" end-time="2019-11-12 05:39:01Z" duration="0.012654" total="1" passed="1" failed="0" inconclusive="0" skipped="0" asserts="0">
                    <properties />
                    <test-case id="3544" name="Example" fullname="Newtonsoft.Json.Tests.Documentation.Samples.Serializer.DeserializeConstructorHandling.Example" methodname="Example" classname="Newtonsoft.Json.Tests.Documentation.Samples.Serializer.DeserializeConstructorHandling" runstate="Runnable" seed="1274151741" result="Passed" start-time="2019-11-12 05:39:01Z" end-time="2019-11-12 05:39:01Z" duration="0.004556" asserts="0">
                      <properties />
                    </test-case>
                  </test-suite>
                  <test-suite type="TestFixture" id="3545" name="DeserializeCustomCreationConverter" fullname="Newtonsoft.Json.Tests.Documentation.Samples.Serializer.DeserializeCustomCreationConverter" classname="Newtonsoft.Json.Tests.Documentation.Samples.Serializer.DeserializeCustomCreationConverter" runstate="Runnable" testcasecount="1" result="Passed" start-time="2019-11-12 05:39:01Z" end-time="2019-11-12 05:39:01Z" duration="0.014491" total="1" passed="1" failed="0" inconclusive="0" skipped="0" asserts="0">
                    <properties />
                    <test-case id="3546" name="Example" fullname="Newtonsoft.Json.Tests.Documentation.Samples.Serializer.DeserializeCustomCreationConverter.Example" methodname="Example" classname="Newtonsoft.Json.Tests.Documentation.Samples.Serializer.DeserializeCustomCreationConverter" runstate="Runnable" seed="1516763845" result="Passed" start-time="2019-11-12 05:39:01Z" end-time="2019-11-12 05:39:01Z" duration="0.006540" asserts="0">
                      <properties />
                    </test-case>
                  </test-suite>
                  <test-suite type="TestFixture" id="3547" name="DeserializeDataSet" fullname="Newtonsoft.Json.Tests.Documentation.Samples.Serializer.DeserializeDataSet" classname="Newtonsoft.Json.Tests.Documentation.Samples.Serializer.DeserializeDataSet" runstate="Runnable" testcasecount="1" result="Passed" start-time="2019-11-12 05:39:01Z" end-time="2019-11-12 05:39:02Z" duration="0.032859" total="1" passed="1" failed="0" inconclusive="0" skipped="0" asserts="0">
                    <properties />
                    <test-case id="3548" name="Example" fullname="Newtonsoft.Json.Tests.Documentation.Samples.Serializer.DeserializeDataSet.Example" methodname="Example" classname="Newtonsoft.Json.Tests.Documentation.Samples.Serializer.DeserializeDataSet" runstate="Runnable" seed="915402505" result="Passed" start-time="2019-11-12 05:39:01Z" end-time="2019-11-12 05:39:02Z" duration="0.025089" asserts="0">
                      <properties />
                    </test-case>
                  </test-suite>
                  <test-suite type="TestFixture" id="3549" name="DeserializeDateFormatString" fullname="Newtonsoft.Json.Tests.Documentation.Samples.Serializer.DeserializeDateFormatString" classname="Newtonsoft.Json.Tests.Documentation.Samples.Serializer.DeserializeDateFormatString" runstate="Runnable" testcasecount="1" result="Passed" start-time="2019-11-12 05:39:02Z" end-time="2019-11-12 05:39:02Z" duration="0.015171" total="1" passed="1" failed="0" inconclusive="0" skipped="0" asserts="0">
                    <properties />
                    <test-case id="3550" name="Example" fullname="Newtonsoft.Json.Tests.Documentation.Samples.Serializer.DeserializeDateFormatString.Example" methodname="Example" classname="Newtonsoft.Json.Tests.Documentation.Samples.Serializer.DeserializeDateFormatString" runstate="Runnable" seed="1131616085" result="Passed" start-time="2019-11-12 05:39:02Z" end-time="2019-11-12 05:39:02Z" duration="0.007089" asserts="0">
                      <properties />
                    </test-case>
                  </test-suite>
                  <test-suite type="TestFixture" id="3551" name="DeserializeDictionary" fullname="Newtonsoft.Json.Tests.Documentation.Samples.Serializer.DeserializeDictionary" classname="Newtonsoft.Json.Tests.Documentation.Samples.Serializer.DeserializeDictionary" runstate="Runnable" testcasecount="1" result="Passed" start-time="2019-11-12 05:39:02Z" end-time="2019-11-12 05:39:02Z" duration="0.011631" total="1" passed="1" failed="0" inconclusive="0" skipped="0" asserts="0">
                    <properties />
                    <test-case id="3552" name="Example" fullname="Newtonsoft.Json.Tests.Documentation.Samples.Serializer.DeserializeDictionary.Example" methodname="Example" classname="Newtonsoft.Json.Tests.Documentation.Samples.Serializer.DeserializeDictionary" runstate="Runnable" seed="91935210" result="Passed" start-time="2019-11-12 05:39:02Z" end-time="2019-11-12 05:39:02Z" duration="0.003937" asserts="0">
                      <properties />
                    </test-case>
                  </test-suite>
                  <test-suite type="TestFixture" id="3553" name="DeserializeExtensionData" fullname="Newtonsoft.Json.Tests.Documentation.Samples.Serializer.DeserializeExtensionData" classname="Newtonsoft.Json.Tests.Documentation.Samples.Serializer.DeserializeExtensionData" runstate="Runnable" testcasecount="1" result="Passed" start-time="2019-11-12 05:39:02Z" end-time="2019-11-12 05:39:02Z" duration="0.021268" total="1" passed="1" failed="0" inconclusive="0" skipped="0" asserts="0">
                    <properties />
                    <test-case id="3554" name="Example" fullname="Newtonsoft.Json.Tests.Documentation.Samples.Serializer.DeserializeExtensionData.Example" methodname="Example" classname="Newtonsoft.Json.Tests.Documentation.Samples.Serializer.DeserializeExtensionData" runstate="Runnable" seed="491087052" result="Passed" start-time="2019-11-12 05:39:02Z" end-time="2019-11-12 05:39:02Z" duration="0.010585" asserts="0">
                      <properties />
                    </test-case>
                  </test-suite>
                  <test-suite type="TestFixture" id="3555" name="DeserializeMetadataPropertyHandling" fullname="Newtonsoft.Json.Tests.Documentation.Samples.Serializer.DeserializeMetadataPropertyHandling" classname="Newtonsoft.Json.Tests.Documentation.Samples.Serializer.DeserializeMetadataPropertyHandling" runstate="Runnable" testcasecount="1" result="Passed" start-time="2019-11-12 05:39:02Z" end-time="2019-11-12 05:39:02Z" duration="0.013342" total="1" passed="1" failed="0" inconclusive="0" skipped="0" asserts="0">
                    <properties />
                    <test-case id="3556" name="Example" fullname="Newtonsoft.Json.Tests.Documentation.Samples.Serializer.DeserializeMetadataPropertyHandling.Example" methodname="Example" classname="Newtonsoft.Json.Tests.Documentation.Samples.Serializer.DeserializeMetadataPropertyHandling" runstate="Runnable" seed="810777292" result="Passed" start-time="2019-11-12 05:39:02Z" end-time="2019-11-12 05:39:02Z" duration="0.005630" asserts="0">
                      <properties />
                    </test-case>
                  </test-suite>
                  <test-suite type="TestFixture" id="3557" name="DeserializeMissingMemberHandling" fullname="Newtonsoft.Json.Tests.Documentation.Samples.Serializer.DeserializeMissingMemberHandling" classname="Newtonsoft.Json.Tests.Documentation.Samples.Serializer.DeserializeMissingMemberHandling" runstate="Runnable" testcasecount="1" result="Passed" start-time="2019-11-12 05:39:02Z" end-time="2019-11-12 05:39:02Z" duration="0.012220" total="1" passed="1" failed="0" inconclusive="0" skipped="0" asserts="0">
                    <properties />
                    <test-case id="3558" name="Example" fullname="Newtonsoft.Json.Tests.Documentation.Samples.Serializer.DeserializeMissingMemberHandling.Example" methodname="Example" classname="Newtonsoft.Json.Tests.Documentation.Samples.Serializer.DeserializeMissingMemberHandling" runstate="Runnable" seed="1072429279" result="Passed" start-time="2019-11-12 05:39:02Z" end-time="2019-11-12 05:39:02Z" duration="0.004540" asserts="0">
                      <properties />
                    </test-case>
                  </test-suite>
                  <test-suite type="TestFixture" id="3559" name="DeserializeObject" fullname="Newtonsoft.Json.Tests.Documentation.Samples.Serializer.DeserializeObject" classname="Newtonsoft.Json.Tests.Documentation.Samples.Serializer.DeserializeObject" runstate="Runnable" testcasecount="1" result="Passed" start-time="2019-11-12 05:39:02Z" end-time="2019-11-12 05:39:02Z" duration="0.028533" total="1" passed="1" failed="0" inconclusive="0" skipped="0" asserts="0">
                    <properties />
                    <test-case id="3560" name="Example" fullname="Newtonsoft.Json.Tests.Documentation.Samples.Serializer.DeserializeObject.Example" methodname="Example" classname="Newtonsoft.Json.Tests.Documentation.Samples.Serializer.DeserializeObject" runstate="Runnable" seed="816445751" result="Passed" start-time="2019-11-12 05:39:02Z" end-time="2019-11-12 05:39:02Z" duration="0.004323" asserts="0">
                      <properties />
                    </test-case>
                  </test-suite>
                  <test-suite type="TestFixture" id="3561" name="DeserializeObjectCreationHandling" fullname="Newtonsoft.Json.Tests.Documentation.Samples.Serializer.DeserializeObjectCreationHandling" classname="Newtonsoft.Json.Tests.Documentation.Samples.Serializer.DeserializeObjectCreationHandling" runstate="Runnable" testcasecount="1" result="Passed" start-time="2019-11-12 05:39:02Z" end-time="2019-11-12 05:39:02Z" duration="0.011842" total="1" passed="1" failed="0" inconclusive="0" skipped="0" asserts="0">
                    <properties />
                    <test-case id="3562" name="Example" fullname="Newtonsoft.Json.Tests.Documentation.Samples.Serializer.DeserializeObjectCreationHandling.Example" methodname="Example" classname="Newtonsoft.Json.Tests.Documentation.Samples.Serializer.DeserializeObjectCreationHandling" runstate="Runnable" seed="551616933" result="Passed" start-time="2019-11-12 05:39:02Z" end-time="2019-11-12 05:39:02Z" duration="0.004609" asserts="0">
                      <properties />
                    </test-case>
                  </test-suite>
                  <test-suite type="TestFixture" id="3563" name="DeserializeWithJsonSerializerFromFile" fullname="Newtonsoft.Json.Tests.Documentation.Samples.Serializer.DeserializeWithJsonSerializerFromFile" classname="Newtonsoft.Json.Tests.Documentation.Samples.Serializer.DeserializeWithJsonSerializerFromFile" runstate="Runnable" testcasecount="1" result="Passed" start-time="2019-11-12 05:39:02Z" end-time="2019-11-12 05:39:02Z" duration="0.010324" total="1" passed="1" failed="0" inconclusive="0" skipped="0" asserts="0">
                    <properties />
                    <test-case id="3564" name="Example" fullname="Newtonsoft.Json.Tests.Documentation.Samples.Serializer.DeserializeWithJsonSerializerFromFile.Example" methodname="Example" classname="Newtonsoft.Json.Tests.Documentation.Samples.Serializer.DeserializeWithJsonSerializerFromFile" runstate="Runnable" seed="2107458463" result="Passed" start-time="2019-11-12 05:39:02Z" end-time="2019-11-12 05:39:02Z" duration="0.003071" asserts="0">
                      <properties />
                    </test-case>
                  </test-suite>
                  <test-suite type="TestFixture" id="3565" name="ErrorHandlingAttribute" fullname="Newtonsoft.Json.Tests.Documentation.Samples.Serializer.ErrorHandlingAttribute" classname="Newtonsoft.Json.Tests.Documentation.Samples.Serializer.ErrorHandlingAttribute" runstate="Runnable" testcasecount="1" result="Passed" start-time="2019-11-12 05:39:02Z" end-time="2019-11-12 05:39:02Z" duration="0.012846" total="1" passed="1" failed="0" inconclusive="0" skipped="0" asserts="0">
                    <properties />
                    <test-case id="3566" name="Example" fullname="Newtonsoft.Json.Tests.Documentation.Samples.Serializer.ErrorHandlingAttribute.Example" methodname="Example" classname="Newtonsoft.Json.Tests.Documentation.Samples.Serializer.ErrorHandlingAttribute" runstate="Runnable" seed="2093516236" result="Passed" start-time="2019-11-12 05:39:02Z" end-time="2019-11-12 05:39:02Z" duration="0.005060" asserts="0">
                      <properties />
                    </test-case>
                  </test-suite>
                  <test-suite type="TestFixture" id="3567" name="ErrorHandlingEvent" fullname="Newtonsoft.Json.Tests.Documentation.Samples.Serializer.ErrorHandlingEvent" classname="Newtonsoft.Json.Tests.Documentation.Samples.Serializer.ErrorHandlingEvent" runstate="Runnable" testcasecount="1" result="Passed" start-time="2019-11-12 05:39:02Z" end-time="2019-11-12 05:39:02Z" duration="0.013245" total="1" passed="1" failed="0" inconclusive="0" skipped="0" asserts="0">
                    <properties />
                    <test-case id="3568" name="Example" fullname="Newtonsoft.Json.Tests.Documentation.Samples.Serializer.ErrorHandlingEvent.Example" methodname="Example" classname="Newtonsoft.Json.Tests.Documentation.Samples.Serializer.ErrorHandlingEvent" runstate="Runnable" seed="1203811122" result="Passed" start-time="2019-11-12 05:39:02Z" end-time="2019-11-12 05:39:02Z" duration="0.005975" asserts="0">
                      <properties />
                    </test-case>
                  </test-suite>
                  <test-suite type="TestFixture" id="3569" name="JsonConstructorAttribute" fullname="Newtonsoft.Json.Tests.Documentation.Samples.Serializer.JsonConstructorAttribute" classname="Newtonsoft.Json.Tests.Documentation.Samples.Serializer.JsonConstructorAttribute" runstate="Runnable" testcasecount="1" result="Passed" start-time="2019-11-12 05:39:02Z" end-time="2019-11-12 05:39:02Z" duration="0.010767" total="1" passed="1" failed="0" inconclusive="0" skipped="0" asserts="0">
                    <properties />
                    <test-case id="3570" name="Example" fullname="Newtonsoft.Json.Tests.Documentation.Samples.Serializer.JsonConstructorAttribute.Example" methodname="Example" classname="Newtonsoft.Json.Tests.Documentation.Samples.Serializer.JsonConstructorAttribute" runstate="Runnable" seed="803141229" result="Passed" start-time="2019-11-12 05:39:02Z" end-time="2019-11-12 05:39:02Z" duration="0.002941" asserts="0">
                      <properties />
                    </test-case>
                  </test-suite>
                  <test-suite type="TestFixture" id="3571" name="JsonConverterAttributeClass" fullname="Newtonsoft.Json.Tests.Documentation.Samples.Serializer.JsonConverterAttributeClass" classname="Newtonsoft.Json.Tests.Documentation.Samples.Serializer.JsonConverterAttributeClass" runstate="Runnable" testcasecount="1" result="Passed" start-time="2019-11-12 05:39:02Z" end-time="2019-11-12 05:39:02Z" duration="0.010927" total="1" passed="1" failed="0" inconclusive="0" skipped="0" asserts="0">
                    <properties />
                    <test-case id="3572" name="Example" fullname="Newtonsoft.Json.Tests.Documentation.Samples.Serializer.JsonConverterAttributeClass.Example" methodname="Example" classname="Newtonsoft.Json.Tests.Documentation.Samples.Serializer.JsonConverterAttributeClass" runstate="Runnable" seed="705670503" result="Passed" start-time="2019-11-12 05:39:02Z" end-time="2019-11-12 05:39:02Z" duration="0.002490" asserts="0">
                      <properties />
                    </test-case>
                  </test-suite>
                  <test-suite type="TestFixture" id="3573" name="JsonConverterAttributeProperty" fullname="Newtonsoft.Json.Tests.Documentation.Samples.Serializer.JsonConverterAttributeProperty" classname="Newtonsoft.Json.Tests.Documentation.Samples.Serializer.JsonConverterAttributeProperty" runstate="Runnable" testcasecount="1" result="Passed" start-time="2019-11-12 05:39:02Z" end-time="2019-11-12 05:39:02Z" duration="0.012923" total="1" passed="1" failed="0" inconclusive="0" skipped="0" asserts="0">
                    <properties />
                    <test-case id="3574" name="Example" fullname="Newtonsoft.Json.Tests.Documentation.Samples.Serializer.JsonConverterAttributeProperty.Example" methodname="Example" classname="Newtonsoft.Json.Tests.Documentation.Samples.Serializer.JsonConverterAttributeProperty" runstate="Runnable" seed="2064261931" result="Passed" start-time="2019-11-12 05:39:02Z" end-time="2019-11-12 05:39:02Z" duration="0.004499" asserts="0">
                      <properties />
                    </test-case>
                  </test-suite>
                  <test-suite type="TestFixture" id="3575" name="JsonObjectAttributeOptIn" fullname="Newtonsoft.Json.Tests.Documentation.Samples.Serializer.JsonObjectAttributeOptIn" classname="Newtonsoft.Json.Tests.Documentation.Samples.Serializer.JsonObjectAttributeOptIn" runstate="Runnable" testcasecount="1" result="Passed" start-time="2019-11-12 05:39:02Z" end-time="2019-11-12 05:39:02Z" duration="0.011212" total="1" passed="1" failed="0" inconclusive="0" skipped="0" asserts="0">
                    <properties />
                    <test-case id="3576" name="Example" fullname="Newtonsoft.Json.Tests.Documentation.Samples.Serializer.JsonObjectAttributeOptIn.Example" methodname="Example" classname="Newtonsoft.Json.Tests.Documentation.Samples.Serializer.JsonObjectAttributeOptIn" runstate="Runnable" seed="859375103" result="Passed" start-time="2019-11-12 05:39:02Z" end-time="2019-11-12 05:39:02Z" duration="0.003536" asserts="0">
                      <properties />
                    </test-case>
                  </test-suite>
                  <test-suite type="TestFixture" id="3577" name="JsonObjectAttributeOverrideIEnumerable" fullname="Newtonsoft.Json.Tests.Documentation.Samples.Serializer.JsonObjectAttributeOverrideIEnumerable" classname="Newtonsoft.Json.Tests.Documentation.Samples.Serializer.JsonObjectAttributeOverrideIEnumerable" runstate="Runnable" testcasecount="1" result="Passed" start-time="2019-11-12 05:39:02Z" end-time="2019-11-12 05:39:02Z" duration="0.012103" total="1" passed="1" failed="0" inconclusive="0" skipped="0" asserts="0">
                    <properties />
                    <test-case id="3578" name="Example" fullname="Newtonsoft.Json.Tests.Documentation.Samples.Serializer.JsonObjectAttributeOverrideIEnumerable.Example" methodname="Example" classname="Newtonsoft.Json.Tests.Documentation.Samples.Serializer.JsonObjectAttributeOverrideIEnumerable" runstate="Runnable" seed="101088887" result="Passed" start-time="2019-11-12 05:39:02Z" end-time="2019-11-12 05:39:02Z" duration="0.004348" asserts="0">
                      <properties />
                    </test-case>
                  </test-suite>
                  <test-suite type="TestFixture" id="3579" name="JsonPropertyItemLevelSetting" fullname="Newtonsoft.Json.Tests.Documentation.Samples.Serializer.JsonPropertyItemLevelSetting" classname="Newtonsoft.Json.Tests.Documentation.Samples.Serializer.JsonPropertyItemLevelSetting" runstate="Runnable" testcasecount="1" result="Passed" start-time="2019-11-12 05:39:02Z" end-time="2019-11-12 05:39:02Z" duration="0.018742" total="1" passed="1" failed="0" inconclusive="0" skipped="0" asserts="0">
                    <properties />
                    <test-case id="3580" name="Example" fullname="Newtonsoft.Json.Tests.Documentation.Samples.Serializer.JsonPropertyItemLevelSetting.Example" methodname="Example" classname="Newtonsoft.Json.Tests.Documentation.Samples.Serializer.JsonPropertyItemLevelSetting" runstate="Runnable" seed="659291108" result="Passed" start-time="2019-11-12 05:39:02Z" end-time="2019-11-12 05:39:02Z" duration="0.011068" asserts="0">
                      <properties />
                    </test-case>
                  </test-suite>
                  <test-suite type="TestFixture" id="3581" name="JsonPropertyName" fullname="Newtonsoft.Json.Tests.Documentation.Samples.Serializer.JsonPropertyName" classname="Newtonsoft.Json.Tests.Documentation.Samples.Serializer.JsonPropertyName" runstate="Runnable" testcasecount="1" result="Passed" start-time="2019-11-12 05:39:02Z" end-time="2019-11-12 05:39:02Z" duration="0.011042" total="1" passed="1" failed="0" inconclusive="0" skipped="0" asserts="0">
                    <properties />
                    <test-case id="3582" name="Example" fullname="Newtonsoft.Json.Tests.Documentation.Samples.Serializer.JsonPropertyName.Example" methodname="Example" classname="Newtonsoft.Json.Tests.Documentation.Samples.Serializer.JsonPropertyName" runstate="Runnable" seed="159404892" result="Passed" start-time="2019-11-12 05:39:02Z" end-time="2019-11-12 05:39:02Z" duration="0.003289" asserts="0">
                      <properties />
                    </test-case>
                  </test-suite>
                  <test-suite type="TestFixture" id="3583" name="JsonPropertyOrder" fullname="Newtonsoft.Json.Tests.Documentation.Samples.Serializer.JsonPropertyOrder" classname="Newtonsoft.Json.Tests.Documentation.Samples.Serializer.JsonPropertyOrder" runstate="Runnable" testcasecount="1" result="Passed" start-time="2019-11-12 05:39:02Z" end-time="2019-11-12 05:39:02Z" duration="0.013800" total="1" passed="1" failed="0" inconclusive="0" skipped="0" asserts="0">
                    <properties />
                    <test-case id="3584" name="Example" fullname="Newtonsoft.Json.Tests.Documentation.Samples.Serializer.JsonPropertyOrder.Example" methodname="Example" classname="Newtonsoft.Json.Tests.Documentation.Samples.Serializer.JsonPropertyOrder" runstate="Runnable" seed="1450866911" result="Passed" start-time="2019-11-12 05:39:02Z" end-time="2019-11-12 05:39:02Z" duration="0.005746" asserts="0">
                      <properties />
                    </test-case>
                  </test-suite>
                  <test-suite type="TestFixture" id="3585" name="JsonPropertyPropertyLevelSetting" fullname="Newtonsoft.Json.Tests.Documentation.Samples.Serializer.JsonPropertyPropertyLevelSetting" classname="Newtonsoft.Json.Tests.Documentation.Samples.Serializer.JsonPropertyPropertyLevelSetting" runstate="Runnable" testcasecount="1" result="Passed" start-time="2019-11-12 05:39:02Z" end-time="2019-11-12 05:39:02Z" duration="0.011572" total="1" passed="1" failed="0" inconclusive="0" skipped="0" asserts="0">
                    <properties />
                    <test-case id="3586" name="Example" fullname="Newtonsoft.Json.Tests.Documentation.Samples.Serializer.JsonPropertyPropertyLevelSetting.Example" methodname="Example" classname="Newtonsoft.Json.Tests.Documentation.Samples.Serializer.JsonPropertyPropertyLevelSetting" runstate="Runnable" seed="895549795" result="Passed" start-time="2019-11-12 05:39:02Z" end-time="2019-11-12 05:39:02Z" duration="0.004193" asserts="0">
                      <properties />
                    </test-case>
                  </test-suite>
                  <test-suite type="TestFixture" id="3587" name="JsonPropertyRequired" fullname="Newtonsoft.Json.Tests.Documentation.Samples.Serializer.JsonPropertyRequired" classname="Newtonsoft.Json.Tests.Documentation.Samples.Serializer.JsonPropertyRequired" runstate="Runnable" testcasecount="1" result="Passed" start-time="2019-11-12 05:39:02Z" end-time="2019-11-12 05:39:02Z" duration="0.015110" total="1" passed="1" failed="0" inconclusive="0" skipped="0" asserts="0">
                    <properties />
                    <test-case id="3588" name="Example" fullname="Newtonsoft.Json.Tests.Documentation.Samples.Serializer.JsonPropertyRequired.Example" methodname="Example" classname="Newtonsoft.Json.Tests.Documentation.Samples.Serializer.JsonPropertyRequired" runstate="Runnable" seed="1752055322" result="Passed" start-time="2019-11-12 05:39:02Z" end-time="2019-11-12 05:39:02Z" duration="0.007507" asserts="0">
                      <properties />
                    </test-case>
                  </test-suite>
                  <test-suite type="TestFixture" id="3589" name="MaxDepth" fullname="Newtonsoft.Json.Tests.Documentation.Samples.Serializer.MaxDepth" classname="Newtonsoft.Json.Tests.Documentation.Samples.Serializer.MaxDepth" runstate="Runnable" testcasecount="1" result="Passed" start-time="2019-11-12 05:39:02Z" end-time="2019-11-12 05:39:02Z" duration="0.015826" total="1" passed="1" failed="0" inconclusive="0" skipped="0" asserts="0">
                    <properties />
                    <test-case id="3590" name="Example" fullname="Newtonsoft.Json.Tests.Documentation.Samples.Serializer.MaxDepth.Example" methodname="Example" classname="Newtonsoft.Json.Tests.Documentation.Samples.Serializer.MaxDepth" runstate="Runnable" seed="908633867" result="Passed" start-time="2019-11-12 05:39:02Z" end-time="2019-11-12 05:39:02Z" duration="0.008036" asserts="0">
                      <properties />
                    </test-case>
                  </test-suite>
                  <test-suite type="TestFixture" id="3591" name="NamingStrategyAttributes" fullname="Newtonsoft.Json.Tests.Documentation.Samples.Serializer.NamingStrategyAttributes" classname="Newtonsoft.Json.Tests.Documentation.Samples.Serializer.NamingStrategyAttributes" runstate="Runnable" testcasecount="1" result="Passed" start-time="2019-11-12 05:39:02Z" end-time="2019-11-12 05:39:02Z" duration="0.012127" total="1" passed="1" failed="0" inconclusive="0" skipped="0" asserts="0">
                    <properties />
                    <test-case id="3592" name="Example" fullname="Newtonsoft.Json.Tests.Documentation.Samples.Serializer.NamingStrategyAttributes.Example" methodname="Example" classname="Newtonsoft.Json.Tests.Documentation.Samples.Serializer.NamingStrategyAttributes" runstate="Runnable" seed="1611497264" result="Passed" start-time="2019-11-12 05:39:02Z" end-time="2019-11-12 05:39:02Z" duration="0.004076" asserts="0">
                      <properties />
                    </test-case>
                  </test-suite>
                  <test-suite type="TestFixture" id="3593" name="NamingStrategyCamelCase" fullname="Newtonsoft.Json.Tests.Documentation.Samples.Serializer.NamingStrategyCamelCase" classname="Newtonsoft.Json.Tests.Documentation.Samples.Serializer.NamingStrategyCamelCase" runstate="Runnable" testcasecount="1" result="Passed" start-time="2019-11-12 05:39:02Z" end-time="2019-11-12 05:39:02Z" duration="0.014472" total="1" passed="1" failed="0" inconclusive="0" skipped="0" asserts="0">
                    <properties />
                    <test-case id="3594" name="Example" fullname="Newtonsoft.Json.Tests.Documentation.Samples.Serializer.NamingStrategyCamelCase.Example" methodname="Example" classname="Newtonsoft.Json.Tests.Documentation.Samples.Serializer.NamingStrategyCamelCase" runstate="Runnable" seed="1066158096" result="Passed" start-time="2019-11-12 05:39:02Z" end-time="2019-11-12 05:39:02Z" duration="0.006358" asserts="0">
                      <properties />
                    </test-case>
                  </test-suite>
                  <test-suite type="TestFixture" id="3595" name="NamingStrategySkipDictionaryKeys" fullname="Newtonsoft.Json.Tests.Documentation.Samples.Serializer.NamingStrategySkipDictionaryKeys" classname="Newtonsoft.Json.Tests.Documentation.Samples.Serializer.NamingStrategySkipDictionaryKeys" runstate="Runnable" testcasecount="1" result="Passed" start-time="2019-11-12 05:39:02Z" end-time="2019-11-12 05:39:02Z" duration="0.020409" total="1" passed="1" failed="0" inconclusive="0" skipped="0" asserts="0">
                    <properties />
                    <test-case id="3596" name="Example" fullname="Newtonsoft.Json.Tests.Documentation.Samples.Serializer.NamingStrategySkipDictionaryKeys.Example" methodname="Example" classname="Newtonsoft.Json.Tests.Documentation.Samples.Serializer.NamingStrategySkipDictionaryKeys" runstate="Runnable" seed="1411067116" result="Passed" start-time="2019-11-12 05:39:02Z" end-time="2019-11-12 05:39:02Z" duration="0.012779" asserts="0">
                      <properties />
                    </test-case>
                  </test-suite>
                  <test-suite type="TestFixture" id="3597" name="NamingStrategySkipSpecifiedNames" fullname="Newtonsoft.Json.Tests.Documentation.Samples.Serializer.NamingStrategySkipSpecifiedNames" classname="Newtonsoft.Json.Tests.Documentation.Samples.Serializer.NamingStrategySkipSpecifiedNames" runstate="Runnable" testcasecount="1" result="Passed" start-time="2019-11-12 05:39:02Z" end-time="2019-11-12 05:39:02Z" duration="0.015522" total="1" passed="1" failed="0" inconclusive="0" skipped="0" asserts="0">
                    <properties />
                    <test-case id="3598" name="Example" fullname="Newtonsoft.Json.Tests.Documentation.Samples.Serializer.NamingStrategySkipSpecifiedNames.Example" methodname="Example" classname="Newtonsoft.Json.Tests.Documentation.Samples.Serializer.NamingStrategySkipSpecifiedNames" runstate="Runnable" seed="1309703667" result="Passed" start-time="2019-11-12 05:39:02Z" end-time="2019-11-12 05:39:02Z" duration="0.006701" asserts="0">
                      <properties />
                    </test-case>
                  </test-suite>
                  <test-suite type="TestFixture" id="3599" name="NamingStrategySnakeCase" fullname="Newtonsoft.Json.Tests.Documentation.Samples.Serializer.NamingStrategySnakeCase" classname="Newtonsoft.Json.Tests.Documentation.Samples.Serializer.NamingStrategySnakeCase" runstate="Runnable" testcasecount="1" result="Passed" start-time="2019-11-12 05:39:02Z" end-time="2019-11-12 05:39:02Z" duration="0.015390" total="1" passed="1" failed="0" inconclusive="0" skipped="0" asserts="0">
                    <properties />
                    <test-case id="3600" name="Example" fullname="Newtonsoft.Json.Tests.Documentation.Samples.Serializer.NamingStrategySnakeCase.Example" methodname="Example" classname="Newtonsoft.Json.Tests.Documentation.Samples.Serializer.NamingStrategySnakeCase" runstate="Runnable" seed="658289014" result="Passed" start-time="2019-11-12 05:39:02Z" end-time="2019-11-12 05:39:02Z" duration="0.007103" asserts="0">
                      <properties />
                    </test-case>
                  </test-suite>
                  <test-suite type="TestFixture" id="3601" name="NullValueHandlingIgnore" fullname="Newtonsoft.Json.Tests.Documentation.Samples.Serializer.NullValueHandlingIgnore" classname="Newtonsoft.Json.Tests.Documentation.Samples.Serializer.NullValueHandlingIgnore" runstate="Runnable" testcasecount="1" result="Passed" start-time="2019-11-12 05:39:02Z" end-time="2019-11-12 05:39:02Z" duration="0.012804" total="1" passed="1" failed="0" inconclusive="0" skipped="0" asserts="0">
                    <properties />
                    <test-case id="3602" name="Example" fullname="Newtonsoft.Json.Tests.Documentation.Samples.Serializer.NullValueHandlingIgnore.Example" methodname="Example" classname="Newtonsoft.Json.Tests.Documentation.Samples.Serializer.NullValueHandlingIgnore" runstate="Runnable" seed="1198583702" result="Passed" start-time="2019-11-12 05:39:02Z" end-time="2019-11-12 05:39:02Z" duration="0.005349" asserts="0">
                      <properties />
                    </test-case>
                  </test-suite>
                  <test-suite type="TestFixture" id="3603" name="PopulateObject" fullname="Newtonsoft.Json.Tests.Documentation.Samples.Serializer.PopulateObject" classname="Newtonsoft.Json.Tests.Documentation.Samples.Serializer.PopulateObject" runstate="Runnable" testcasecount="1" result="Passed" start-time="2019-11-12 05:39:02Z" end-time="2019-11-12 05:39:02Z" duration="0.013464" total="1" passed="1" failed="0" inconclusive="0" skipped="0" asserts="0">
                    <properties />
                    <test-case id="3604" name="Example" fullname="Newtonsoft.Json.Tests.Documentation.Samples.Serializer.PopulateObject.Example" methodname="Example" classname="Newtonsoft.Json.Tests.Documentation.Samples.Serializer.PopulateObject" runstate="Runnable" seed="186018309" result="Passed" start-time="2019-11-12 05:39:02Z" end-time="2019-11-12 05:39:02Z" duration="0.005575" asserts="0">
                      <properties />
                    </test-case>
                  </test-suite>
                  <test-suite type="TestFixture" id="3605" name="PreserveReferencesHandlingObject" fullname="Newtonsoft.Json.Tests.Documentation.Samples.Serializer.PreserveReferencesHandlingObject" classname="Newtonsoft.Json.Tests.Documentation.Samples.Serializer.PreserveReferencesHandlingObject" runstate="Runnable" testcasecount="1" result="Passed" start-time="2019-11-12 05:39:02Z" end-time="2019-11-12 05:39:02Z" duration="0.019705" total="1" passed="1" failed="0" inconclusive="0" skipped="0" asserts="0">
                    <properties />
                    <test-case id="3606" name="Example" fullname="Newtonsoft.Json.Tests.Documentation.Samples.Serializer.PreserveReferencesHandlingObject.Example" methodname="Example" classname="Newtonsoft.Json.Tests.Documentation.Samples.Serializer.PreserveReferencesHandlingObject" runstate="Runnable" seed="1447603885" result="Passed" start-time="2019-11-12 05:39:02Z" end-time="2019-11-12 05:39:02Z" duration="0.011623" asserts="0">
                      <properties />
                    </test-case>
                  </test-suite>
                  <test-suite type="TestFixture" id="3607" name="PropertyJsonIgnore" fullname="Newtonsoft.Json.Tests.Documentation.Samples.Serializer.PropertyJsonIgnore" classname="Newtonsoft.Json.Tests.Documentation.Samples.Serializer.PropertyJsonIgnore" runstate="Runnable" testcasecount="1" result="Passed" start-time="2019-11-12 05:39:02Z" end-time="2019-11-12 05:39:02Z" duration="0.011782" total="1" passed="1" failed="0" inconclusive="0" skipped="0" asserts="0">
                    <properties />
                    <test-case id="3608" name="Example" fullname="Newtonsoft.Json.Tests.Documentation.Samples.Serializer.PropertyJsonIgnore.Example" methodname="Example" classname="Newtonsoft.Json.Tests.Documentation.Samples.Serializer.PropertyJsonIgnore" runstate="Runnable" seed="1345574690" result="Passed" start-time="2019-11-12 05:39:02Z" end-time="2019-11-12 05:39:02Z" duration="0.003739" asserts="0">
                      <properties />
                    </test-case>
                  </test-suite>
                  <test-suite type="TestFixture" id="3609" name="ReferenceLoopHandlingIgnore" fullname="Newtonsoft.Json.Tests.Documentation.Samples.Serializer.ReferenceLoopHandlingIgnore" classname="Newtonsoft.Json.Tests.Documentation.Samples.Serializer.ReferenceLoopHandlingIgnore" runstate="Runnable" testcasecount="1" result="Passed" start-time="2019-11-12 05:39:02Z" end-time="2019-11-12 05:39:02Z" duration="0.011189" total="1" passed="1" failed="0" inconclusive="0" skipped="0" asserts="0">
                    <properties />
                    <test-case id="3610" name="Example" fullname="Newtonsoft.Json.Tests.Documentation.Samples.Serializer.ReferenceLoopHandlingIgnore.Example" methodname="Example" classname="Newtonsoft.Json.Tests.Documentation.Samples.Serializer.ReferenceLoopHandlingIgnore" runstate="Runnable" seed="1207403514" result="Passed" start-time="2019-11-12 05:39:02Z" end-time="2019-11-12 05:39:02Z" duration="0.003544" asserts="0">
                      <properties />
                    </test-case>
                  </test-suite>
                  <test-suite type="TestFixture" id="3611" name="SerializationCallbackAttributes" fullname="Newtonsoft.Json.Tests.Documentation.Samples.Serializer.SerializationCallbackAttributes" classname="Newtonsoft.Json.Tests.Documentation.Samples.Serializer.SerializationCallbackAttributes" runstate="Runnable" testcasecount="1" result="Passed" start-time="2019-11-12 05:39:02Z" end-time="2019-11-12 05:39:02Z" duration="0.015934" total="1" passed="1" failed="0" inconclusive="0" skipped="0" asserts="0">
                    <properties />
                    <test-case id="3612" name="Example" fullname="Newtonsoft.Json.Tests.Documentation.Samples.Serializer.SerializationCallbackAttributes.Example" methodname="Example" classname="Newtonsoft.Json.Tests.Documentation.Samples.Serializer.SerializationCallbackAttributes" runstate="Runnable" seed="1700457521" result="Passed" start-time="2019-11-12 05:39:02Z" end-time="2019-11-12 05:39:02Z" duration="0.007438" asserts="0">
                      <properties />
                    </test-case>
                  </test-suite>
                  <test-suite type="TestFixture" id="3613" name="SerializeCollection" fullname="Newtonsoft.Json.Tests.Documentation.Samples.Serializer.SerializeCollection" classname="Newtonsoft.Json.Tests.Documentation.Samples.Serializer.SerializeCollection" runstate="Runnable" testcasecount="1" result="Passed" start-time="2019-11-12 05:39:02Z" end-time="2019-11-12 05:39:02Z" duration="0.008788" total="1" passed="1" failed="0" inconclusive="0" skipped="0" asserts="0">
                    <properties />
                    <test-case id="3614" name="Example" fullname="Newtonsoft.Json.Tests.Documentation.Samples.Serializer.SerializeCollection.Example" methodname="Example" classname="Newtonsoft.Json.Tests.Documentation.Samples.Serializer.SerializeCollection" runstate="Runnable" seed="1422540206" result="Passed" start-time="2019-11-12 05:39:02Z" end-time="2019-11-12 05:39:02Z" duration="0.000980" asserts="0">
                      <properties />
                    </test-case>
                  </test-suite>
                  <test-suite type="TestFixture" id="3615" name="SerializeConditionalProperty" fullname="Newtonsoft.Json.Tests.Documentation.Samples.Serializer.SerializeConditionalProperty" classname="Newtonsoft.Json.Tests.Documentation.Samples.Serializer.SerializeConditionalProperty" runstate="Runnable" testcasecount="1" result="Passed" start-time="2019-11-12 05:39:02Z" end-time="2019-11-12 05:39:02Z" duration="0.014126" total="1" passed="1" failed="0" inconclusive="0" skipped="0" asserts="0">
                    <properties />
                    <test-case id="3616" name="Example" fullname="Newtonsoft.Json.Tests.Documentation.Samples.Serializer.SerializeConditionalProperty.Example" methodname="Example" classname="Newtonsoft.Json.Tests.Documentation.Samples.Serializer.SerializeConditionalProperty" runstate="Runnable" seed="509846498" result="Passed" start-time="2019-11-12 05:39:02Z" end-time="2019-11-12 05:39:02Z" duration="0.006900" asserts="0">
                      <properties />
                    </test-case>
                  </test-suite>
                  <test-suite type="TestFixture" id="3617" name="SerializeContractResolver" fullname="Newtonsoft.Json.Tests.Documentation.Samples.Serializer.SerializeContractResolver" classname="Newtonsoft.Json.Tests.Documentation.Samples.Serializer.SerializeContractResolver" runstate="Runnable" testcasecount="1" result="Passed" start-time="2019-11-12 05:39:02Z" end-time="2019-11-12 05:39:02Z" duration="0.012510" total="1" passed="1" failed="0" inconclusive="0" skipped="0" asserts="0">
                    <properties />
                    <test-case id="3618" name="Example" fullname="Newtonsoft.Json.Tests.Documentation.Samples.Serializer.SerializeContractResolver.Example" methodname="Example" classname="Newtonsoft.Json.Tests.Documentation.Samples.Serializer.SerializeContractResolver" runstate="Runnable" seed="1795628011" result="Passed" start-time="2019-11-12 05:39:02Z" end-time="2019-11-12 05:39:02Z" duration="0.004327" asserts="0">
                      <properties />
                    </test-case>
                  </test-suite>
                  <test-suite type="TestFixture" id="3619" name="SerializeDataSet" fullname="Newtonsoft.Json.Tests.Documentation.Samples.Serializer.SerializeDataSet" classname="Newtonsoft.Json.Tests.Documentation.Samples.Serializer.SerializeDataSet" runstate="Runnable" testcasecount="1" result="Passed" start-time="2019-11-12 05:39:02Z" end-time="2019-11-12 05:39:02Z" duration="0.016919" total="1" passed="1" failed="0" inconclusive="0" skipped="0" asserts="0">
                    <properties />
                    <test-case id="3620" name="Example" fullname="Newtonsoft.Json.Tests.Documentation.Samples.Serializer.SerializeDataSet.Example" methodname="Example" classname="Newtonsoft.Json.Tests.Documentation.Samples.Serializer.SerializeDataSet" runstate="Runnable" seed="419304689" result="Passed" start-time="2019-11-12 05:39:02Z" end-time="2019-11-12 05:39:02Z" duration="0.009332" asserts="0">
                      <properties />
                    </test-case>
                  </test-suite>
                  <test-suite type="TestFixture" id="3621" name="SerializeDateFormatHandling" fullname="Newtonsoft.Json.Tests.Documentation.Samples.Serializer.SerializeDateFormatHandling" classname="Newtonsoft.Json.Tests.Documentation.Samples.Serializer.SerializeDateFormatHandling" runstate="Runnable" testcasecount="1" result="Passed" start-time="2019-11-12 05:39:02Z" end-time="2019-11-12 05:39:02Z" duration="0.009524" total="1" passed="1" failed="0" inconclusive="0" skipped="0" asserts="0">
                    <properties />
                    <test-case id="3622" name="Example" fullname="Newtonsoft.Json.Tests.Documentation.Samples.Serializer.SerializeDateFormatHandling.Example" methodname="Example" classname="Newtonsoft.Json.Tests.Documentation.Samples.Serializer.SerializeDateFormatHandling" runstate="Runnable" seed="1719241455" result="Passed" start-time="2019-11-12 05:39:02Z" end-time="2019-11-12 05:39:02Z" duration="0.001910" asserts="0">
                      <properties />
                    </test-case>
                  </test-suite>
                  <test-suite type="TestFixture" id="3623" name="SerializeDateFormatString" fullname="Newtonsoft.Json.Tests.Documentation.Samples.Serializer.SerializeDateFormatString" classname="Newtonsoft.Json.Tests.Documentation.Samples.Serializer.SerializeDateFormatString" runstate="Runnable" testcasecount="1" result="Passed" start-time="2019-11-12 05:39:02Z" end-time="2019-11-12 05:39:02Z" duration="0.010561" total="1" passed="1" failed="0" inconclusive="0" skipped="0" asserts="0">
                    <properties />
                    <test-case id="3624" name="Example" fullname="Newtonsoft.Json.Tests.Documentation.Samples.Serializer.SerializeDateFormatString.Example" methodname="Example" classname="Newtonsoft.Json.Tests.Documentation.Samples.Serializer.SerializeDateFormatString" runstate="Runnable" seed="83064461" result="Passed" start-time="2019-11-12 05:39:02Z" end-time="2019-11-12 05:39:02Z" duration="0.002811" asserts="0">
                      <properties />
                    </test-case>
                  </test-suite>
                  <test-suite type="TestFixture" id="3625" name="SerializeDateTimeZoneHandling" fullname="Newtonsoft.Json.Tests.Documentation.Samples.Serializer.SerializeDateTimeZoneHandling" classname="Newtonsoft.Json.Tests.Documentation.Samples.Serializer.SerializeDateTimeZoneHandling" runstate="Runnable" testcasecount="1" result="Passed" start-time="2019-11-12 05:39:02Z" end-time="2019-11-12 05:39:02Z" duration="0.016127" total="1" passed="1" failed="0" inconclusive="0" skipped="0" asserts="0">
                    <properties />
                    <test-case id="3626" name="Example" fullname="Newtonsoft.Json.Tests.Documentation.Samples.Serializer.SerializeDateTimeZoneHandling.Example" methodname="Example" classname="Newtonsoft.Json.Tests.Documentation.Samples.Serializer.SerializeDateTimeZoneHandling" runstate="Runnable" seed="161435256" result="Passed" start-time="2019-11-12 05:39:02Z" end-time="2019-11-12 05:39:02Z" duration="0.008636" asserts="0">
                      <properties />
                    </test-case>
                  </test-suite>
                  <test-suite type="TestFixture" id="3627" name="SerializeDictionary" fullname="Newtonsoft.Json.Tests.Documentation.Samples.Serializer.SerializeDictionary" classname="Newtonsoft.Json.Tests.Documentation.Samples.Serializer.SerializeDictionary" runstate="Runnable" testcasecount="1" result="Passed" start-time="2019-11-12 05:39:02Z" end-time="2019-11-12 05:39:02Z" duration="0.011457" total="1" passed="1" failed="0" inconclusive="0" skipped="0" asserts="0">
                    <properties />
                    <test-case id="3628" name="Example" fullname="Newtonsoft.Json.Tests.Documentation.Samples.Serializer.SerializeDictionary.Example" methodname="Example" classname="Newtonsoft.Json.Tests.Documentation.Samples.Serializer.SerializeDictionary" runstate="Runnable" seed="365510459" result="Passed" start-time="2019-11-12 05:39:02Z" end-time="2019-11-12 05:39:02Z" duration="0.003626" asserts="0">
                      <properties />
                    </test-case>
                  </test-suite>
                  <test-suite type="TestFixture" id="3629" name="SerializeExtensionData" fullname="Newtonsoft.Json.Tests.Documentation.Samples.Serializer.SerializeExtensionData" classname="Newtonsoft.Json.Tests.Documentation.Samples.Serializer.SerializeExtensionData" runstate="Runnable" testcasecount="1" result="Passed" start-time="2019-11-12 05:39:02Z" end-time="2019-11-12 05:39:02Z" duration="0.017377" total="1" passed="1" failed="0" inconclusive="0" skipped="0" asserts="0">
                    <properties />
                    <test-case id="3630" name="Example" fullname="Newtonsoft.Json.Tests.Documentation.Samples.Serializer.SerializeExtensionData.Example" methodname="Example" classname="Newtonsoft.Json.Tests.Documentation.Samples.Serializer.SerializeExtensionData" runstate="Runnable" seed="1781778946" result="Passed" start-time="2019-11-12 05:39:02Z" end-time="2019-11-12 05:39:02Z" duration="0.010015" asserts="0">
                      <properties />
                    </test-case>
                  </test-suite>
                  <test-suite type="TestFixture" id="3631" name="SerializeObject" fullname="Newtonsoft.Json.Tests.Documentation.Samples.Serializer.SerializeObject" classname="Newtonsoft.Json.Tests.Documentation.Samples.Serializer.SerializeObject" runstate="Runnable" testcasecount="1" result="Passed" start-time="2019-11-12 05:39:02Z" end-time="2019-11-12 05:39:02Z" duration="0.013942" total="1" passed="1" failed="0" inconclusive="0" skipped="0" asserts="0">
                    <properties />
                    <test-case id="3632" name="Example" fullname="Newtonsoft.Json.Tests.Documentation.Samples.Serializer.SerializeObject.Example" methodname="Example" classname="Newtonsoft.Json.Tests.Documentation.Samples.Serializer.SerializeObject" runstate="Runnable" seed="1452820092" result="Passed" start-time="2019-11-12 05:39:02Z" end-time="2019-11-12 05:39:02Z" duration="0.005729" asserts="0">
                      <properties />
                    </test-case>
                  </test-suite>
                  <test-suite type="TestFixture" id="3633" name="SerializeRawJson" fullname="Newtonsoft.Json.Tests.Documentation.Samples.Serializer.SerializeRawJson" classname="Newtonsoft.Json.Tests.Documentation.Samples.Serializer.SerializeRawJson" runstate="Runnable" testcasecount="1" result="Passed" start-time="2019-11-12 05:39:02Z" end-time="2019-11-12 05:39:02Z" duration="0.014611" total="1" passed="1" failed="0" inconclusive="0" skipped="0" asserts="0">
                    <properties />
                    <test-case id="3634" name="Example" fullname="Newtonsoft.Json.Tests.Documentation.Samples.Serializer.SerializeRawJson.Example" methodname="Example" classname="Newtonsoft.Json.Tests.Documentation.Samples.Serializer.SerializeRawJson" runstate="Runnable" seed="131359569" result="Passed" start-time="2019-11-12 05:39:02Z" end-time="2019-11-12 05:39:02Z" duration="0.006355" asserts="0">
                      <properties />
                    </test-case>
                  </test-suite>
                  <test-suite type="TestFixture" id="3635" name="SerializeSerializationBinder" fullname="Newtonsoft.Json.Tests.Documentation.Samples.Serializer.SerializeSerializationBinder" classname="Newtonsoft.Json.Tests.Documentation.Samples.Serializer.SerializeSerializationBinder" runstate="Runnable" testcasecount="1" result="Passed" start-time="2019-11-12 05:39:02Z" end-time="2019-11-12 05:39:02Z" duration="0.011628" total="1" passed="1" failed="0" inconclusive="0" skipped="0" asserts="0">
                    <properties />
                    <test-case id="3636" name="Example" fullname="Newtonsoft.Json.Tests.Documentation.Samples.Serializer.SerializeSerializationBinder.Example" methodname="Example" classname="Newtonsoft.Json.Tests.Documentation.Samples.Serializer.SerializeSerializationBinder" runstate="Runnable" seed="1250209213" result="Passed" start-time="2019-11-12 05:39:02Z" end-time="2019-11-12 05:39:02Z" duration="0.004312" asserts="0">
                      <properties />
                    </test-case>
                  </test-suite>
                  <test-suite type="TestFixture" id="3637" name="SerializeTypeNameHandling" fullname="Newtonsoft.Json.Tests.Documentation.Samples.Serializer.SerializeTypeNameHandling" classname="Newtonsoft.Json.Tests.Documentation.Samples.Serializer.SerializeTypeNameHandling" runstate="Runnable" testcasecount="1" result="Passed" start-time="2019-11-12 05:39:02Z" end-time="2019-11-12 05:39:02Z" duration="0.040175" total="1" passed="1" failed="0" inconclusive="0" skipped="0" asserts="0">
                    <properties />
                    <test-case id="3638" name="Example" fullname="Newtonsoft.Json.Tests.Documentation.Samples.Serializer.SerializeTypeNameHandling.Example" methodname="Example" classname="Newtonsoft.Json.Tests.Documentation.Samples.Serializer.SerializeTypeNameHandling" runstate="Runnable" seed="1831864781" result="Passed" start-time="2019-11-12 05:39:02Z" end-time="2019-11-12 05:39:02Z" duration="0.032320" asserts="0">
                      <properties />
                    </test-case>
                  </test-suite>
                  <test-suite type="TestFixture" id="3639" name="SerializeUnindentedJson" fullname="Newtonsoft.Json.Tests.Documentation.Samples.Serializer.SerializeUnindentedJson" classname="Newtonsoft.Json.Tests.Documentation.Samples.Serializer.SerializeUnindentedJson" runstate="Runnable" testcasecount="1" result="Passed" start-time="2019-11-12 05:39:02Z" end-time="2019-11-12 05:39:02Z" duration="0.012005" total="1" passed="1" failed="0" inconclusive="0" skipped="0" asserts="0">
                    <properties />
                    <test-case id="3640" name="Example" fullname="Newtonsoft.Json.Tests.Documentation.Samples.Serializer.SerializeUnindentedJson.Example" methodname="Example" classname="Newtonsoft.Json.Tests.Documentation.Samples.Serializer.SerializeUnindentedJson" runstate="Runnable" seed="917190408" result="Passed" start-time="2019-11-12 05:39:02Z" end-time="2019-11-12 05:39:02Z" duration="0.004341" asserts="0">
                      <properties />
                    </test-case>
                  </test-suite>
                  <test-suite type="TestFixture" id="3641" name="SerializeWithJsonConverters" fullname="Newtonsoft.Json.Tests.Documentation.Samples.Serializer.SerializeWithJsonConverters" classname="Newtonsoft.Json.Tests.Documentation.Samples.Serializer.SerializeWithJsonConverters" runstate="Runnable" testcasecount="1" result="Passed" start-time="2019-11-12 05:39:02Z" end-time="2019-11-12 05:39:02Z" duration="0.021310" total="1" passed="1" failed="0" inconclusive="0" skipped="0" asserts="0">
                    <properties />
                    <test-case id="3642" name="Example" fullname="Newtonsoft.Json.Tests.Documentation.Samples.Serializer.SerializeWithJsonConverters.Example" methodname="Example" classname="Newtonsoft.Json.Tests.Documentation.Samples.Serializer.SerializeWithJsonConverters" runstate="Runnable" seed="861860933" result="Passed" start-time="2019-11-12 05:39:02Z" end-time="2019-11-12 05:39:02Z" duration="0.012930" asserts="0">
                      <properties />
                    </test-case>
                  </test-suite>
                  <test-suite type="TestFixture" id="3643" name="SerializeWithJsonSerializerToFile" fullname="Newtonsoft.Json.Tests.Documentation.Samples.Serializer.SerializeWithJsonSerializerToFile" classname="Newtonsoft.Json.Tests.Documentation.Samples.Serializer.SerializeWithJsonSerializerToFile" runstate="Runnable" testcasecount="1" result="Passed" start-time="2019-11-12 05:39:02Z" end-time="2019-11-12 05:39:02Z" duration="0.010355" total="1" passed="1" failed="0" inconclusive="0" skipped="0" asserts="0">
                    <properties />
                    <test-case id="3644" name="Example" fullname="Newtonsoft.Json.Tests.Documentation.Samples.Serializer.SerializeWithJsonSerializerToFile.Example" methodname="Example" classname="Newtonsoft.Json.Tests.Documentation.Samples.Serializer.SerializeWithJsonSerializerToFile" runstate="Runnable" seed="1536182141" result="Passed" start-time="2019-11-12 05:39:02Z" end-time="2019-11-12 05:39:02Z" duration="0.003062" asserts="0">
                      <properties />
                    </test-case>
                  </test-suite>
                  <test-suite type="TestFixture" id="3645" name="TraceWriter" fullname="Newtonsoft.Json.Tests.Documentation.Samples.Serializer.TraceWriter" classname="Newtonsoft.Json.Tests.Documentation.Samples.Serializer.TraceWriter" runstate="Runnable" testcasecount="1" result="Passed" start-time="2019-11-12 05:39:02Z" end-time="2019-11-12 05:39:02Z" duration="0.012656" total="1" passed="1" failed="0" inconclusive="0" skipped="0" asserts="0">
                    <properties />
                    <test-case id="3646" name="Example" fullname="Newtonsoft.Json.Tests.Documentation.Samples.Serializer.TraceWriter.Example" methodname="Example" classname="Newtonsoft.Json.Tests.Documentation.Samples.Serializer.TraceWriter" runstate="Runnable" seed="842454476" result="Passed" start-time="2019-11-12 05:39:02Z" end-time="2019-11-12 05:39:02Z" duration="0.005287" asserts="0">
                      <properties />
                    </test-case>
                  </test-suite>
                </test-suite>
                <test-suite type="TestSuite" id="4120" name="Xml" fullname="Newtonsoft.Json.Tests.Documentation.Samples.Xml" runstate="Runnable" testcasecount="2" result="Passed" start-time="2019-11-12 05:39:03Z" end-time="2019-11-12 05:39:03Z" duration="0.028717" total="2" passed="2" failed="0" inconclusive="0" skipped="0" asserts="0">
                  <properties />
                  <test-suite type="TestFixture" id="3519" name="ConvertJsonToXml" fullname="Newtonsoft.Json.Tests.Documentation.Samples.Xml.ConvertJsonToXml" classname="Newtonsoft.Json.Tests.Documentation.Samples.Xml.ConvertJsonToXml" runstate="Runnable" testcasecount="1" result="Passed" start-time="2019-11-12 05:39:03Z" end-time="2019-11-12 05:39:03Z" duration="0.008484" total="1" passed="1" failed="0" inconclusive="0" skipped="0" asserts="0">
                    <properties />
                    <test-case id="3520" name="Example" fullname="Newtonsoft.Json.Tests.Documentation.Samples.Xml.ConvertJsonToXml.Example" methodname="Example" classname="Newtonsoft.Json.Tests.Documentation.Samples.Xml.ConvertJsonToXml" runstate="Runnable" seed="1269675772" result="Passed" start-time="2019-11-12 05:39:03Z" end-time="2019-11-12 05:39:03Z" duration="0.001674" asserts="0">
                      <properties />
                    </test-case>
                  </test-suite>
                  <test-suite type="TestFixture" id="3521" name="ConvertXmlToJson" fullname="Newtonsoft.Json.Tests.Documentation.Samples.Xml.ConvertXmlToJson" classname="Newtonsoft.Json.Tests.Documentation.Samples.Xml.ConvertXmlToJson" runstate="Runnable" testcasecount="1" result="Passed" start-time="2019-11-12 05:39:03Z" end-time="2019-11-12 05:39:03Z" duration="0.009411" total="1" passed="1" failed="0" inconclusive="0" skipped="0" asserts="0">
                    <properties />
                    <test-case id="3522" name="Example" fullname="Newtonsoft.Json.Tests.Documentation.Samples.Xml.ConvertXmlToJson.Example" methodname="Example" classname="Newtonsoft.Json.Tests.Documentation.Samples.Xml.ConvertXmlToJson" runstate="Runnable" seed="1675351234" result="Passed" start-time="2019-11-12 05:39:03Z" end-time="2019-11-12 05:39:03Z" duration="0.001890" asserts="0">
                      <properties />
                    </test-case>
                  </test-suite>
                </test-suite>
              </test-suite>
              <test-suite type="TestFixture" id="3497" name="SerializationTests" fullname="Newtonsoft.Json.Tests.Documentation.SerializationTests" classname="Newtonsoft.Json.Tests.Documentation.SerializationTests" runstate="Runnable" testcasecount="19" result="Failed" site="Child" start-time="2019-11-12 05:39:03Z" end-time="2019-11-12 05:39:04Z" duration="0.166816" total="19" passed="18" failed="1" inconclusive="0" skipped="0" asserts="0">
                <properties />
                <failure>
                  <message><![CDATA[One or more child tests had errors]]></message>
                </failure>
                <test-case id="3507" name="ContractResolver" fullname="Newtonsoft.Json.Tests.Documentation.SerializationTests.ContractResolver" methodname="ContractResolver" classname="Newtonsoft.Json.Tests.Documentation.SerializationTests" runstate="Runnable" seed="1670322347" result="Passed" start-time="2019-11-12 05:39:03Z" end-time="2019-11-12 05:39:03Z" duration="0.005484" asserts="0">
                  <properties />
                </test-case>
                <test-case id="3506" name="CustomCreationConverterExample" fullname="Newtonsoft.Json.Tests.Documentation.SerializationTests.CustomCreationConverterExample" methodname="CustomCreationConverterExample" classname="Newtonsoft.Json.Tests.Documentation.SerializationTests" runstate="Runnable" seed="833242101" result="Passed" start-time="2019-11-12 05:39:03Z" end-time="2019-11-12 05:39:03Z" duration="0.011196" asserts="0">
                  <properties />
                </test-case>
                <test-case id="3499" name="JsonSerializerToStream" fullname="Newtonsoft.Json.Tests.Documentation.SerializationTests.JsonSerializerToStream" methodname="JsonSerializerToStream" classname="Newtonsoft.Json.Tests.Documentation.SerializationTests" runstate="Runnable" seed="1182576397" result="Failed" label="Error" start-time="2019-11-12 05:39:03Z" end-time="2019-11-12 05:39:04Z" duration="0.018116" asserts="0">
                  <properties />
                  <failure>
                    <message><![CDATA[System.IO.IOException : Win32 IO returned 50. Path: /root/repo/Src/Newtonsoft.Json-for-Unity.Tests/Assets/StreamingAssets/c:\json.txt]]></message>
                    <stack-trace><![CDATA[  at System.IO.FileStream..ctor (System.String path, System.IO.FileMode mode, System.IO.FileAccess access, System.IO.FileShare share, System.Int32 bufferSize, System.Boolean anonymous, System.IO.FileOptions options) [0x0019e] in <567df3e0919241ba98db88bec4c6696f>:0 
  at System.IO.FileStream..ctor (System.String path, System.IO.FileMode mode, System.IO.FileAccess access, System.IO.FileShare share, System.Int32 bufferSize, System.IO.FileOptions options, System.String msgPath, System.Boolean bFromProxy, System.Boolean useLongPath, System.Boolean checkHost) [0x00000] in <567df3e0919241ba98db88bec4c6696f>:0 
  at (wrapper remoting-invoke-with-check) System.IO.FileStream..ctor(string,System.IO.FileMode,System.IO.FileAccess,System.IO.FileShare,int,System.IO.FileOptions,string,bool,bool,bool)
  at System.IO.StreamWriter.CreateFile (System.String path, System.Boolean append, System.Boolean checkHost) [0x0001c] in <567df3e0919241ba98db88bec4c6696f>:0 
  at System.IO.StreamWriter..ctor (System.String path, System.Boolean append, System.Text.Encoding encoding, System.Int32 bufferSize, System.Boolean checkHost) [0x00055] in <567df3e0919241ba98db88bec4c6696f>:0 
  at System.IO.StreamWriter..ctor (System.String path, System.Boolean append, System.Text.Encoding encoding, System.Int32 bufferSize) [0x00000] in <567df3e0919241ba98db88bec4c6696f>:0 
  at System.IO.StreamWriter..ctor (System.String path) [0x00008] in <567df3e0919241ba98db88bec4c6696f>:0 
  at Newtonsoft.Json.Tests.Documentation.SerializationTests+StreamWriter..ctor (System.String path) [0x00000] in /root/repo/Src/Newtonsoft.Json-for-Unity.Tests/Assets/Newtonsoft.Json.Tests/Documentation/SerializationTests.cs:59 
  at (wrapper remoting-invoke-with-check) Newtonsoft.Json.Tests.Documentation.SerializationTests+StreamWriter..ctor(string)
  at Newtonsoft.Json.Tests.Documentation.SerializationTests.JsonSerializerToStream () [0x0003a] in /root/repo/Src/Newtonsoft.Json-for-Unity.Tests/Assets/Newtonsoft.Json.Tests/Documentation/SerializationTests.cs:104 
  at (wrapper managed-to-native) System.Reflection.MonoMethod.InternalInvoke(System.Reflection.MonoMethod,object,object[],System.Exception&)
  at System.Reflection.MonoMethod.Invoke (System.Object obj, System.Reflection.BindingFlags invokeAttr, System.Reflection.Binder binder, System.Object[] parameters, System.Globalization.CultureInfo culture) [0x00032] in <567df3e0919241ba98db88bec4c6696f>:0 ]]></stack-trace>
                  </failure>
                </test-case>
                <test-case id="3504" name="PreservingObjectReferencesOff" fullname="Newtonsoft.Json.Tests.Documentation.SerializationTests.PreservingObjectReferencesOff" methodname="PreservingObjectReferencesOff" classname="Newtonsoft.Json.Tests.Documentation.SerializationTests" runstate="Runnable" seed="1047353088" result="Passed" start-time="2019-11-12 05:39:04Z" end-time="2019-11-12 05:39:04Z" duration="0.007612" asserts="0">
                  <properties />
                </test-case>
                <test-case id="3505" name="PreservingObjectReferencesOn" fullname="Newtonsoft.Json.Tests.Documentation.SerializationTests.PreservingObjectReferencesOn" methodname="PreservingObjectReferencesOn" classname="Newtonsoft.Json.Tests.Documentation.SerializationTests" runstate="Runnable" seed="442944629" result="Passed" start-time="2019-11-12 05:39:04Z" end-time="2019-11-12 05:39:04Z" duration="0.002318" asserts="0">
                  <properties />
                </test-case>
                <test-case id="3514" name="ReducingSerializedJsonSizeContractResolverExample" fullname="Newtonsoft.Json.Tests.Documentation.SerializationTests.ReducingSerializedJsonSizeContractResolverExample" methodname="ReducingSerializedJsonSizeContractResolverExample" classname="Newtonsoft.Json.Tests.Documentation.SerializationTests" runstate="Runnable" seed="70839608" result="Passed" start-time="2019-11-12 05:39:04Z" end-time="2019-11-12 05:39:04Z" duration="0.015570" asserts="0">
                  <properties />
                </test-case>
                <test-case id="3513" name="ReducingSerializedJsonSizeDefaultValueHandlingExample" fullname="Newtonsoft.Json.Tests.Documentation.SerializationTests.ReducingSerializedJsonSizeDefaultValueHandlingExample" methodname="ReducingSerializedJsonSizeDefaultValueHandlingExample" classname="Newtonsoft.Json.Tests.Documentation.SerializationTests" runstate="Runnable" seed="554963971" result="Passed" start-time="2019-11-12 05:39:04Z" end-time="2019-11-12 05:39:04Z" duration="0.005416" asserts="0">
                  <properties />
                </test-case>
                <test-case id="3512" name="ReducingSerializedJsonSizeNullValueHandlingExample" fullname="Newtonsoft.Json.Tests.Documentation.SerializationTests.ReducingSerializedJsonSizeNullValueHandlingExample" methodname="ReducingSerializedJsonSizeNullValueHandlingExample" classname="Newtonsoft.Json.Tests.Documentation.SerializationTests" runstate="Runnable" seed="1997930985" result="Passed" start-time="2019-11-12 05:39:04Z" end-time="2019-11-12 05:39:04Z" duration="0.005140" asserts="0">
                  <properties />
                </test-case>
                <test-case id="3500" name="SerializationCallbacksExample" fullname="Newtonsoft.Json.Tests.Documentation.SerializationTests.SerializationCallbacksExample" methodname="SerializationCallbacksExample" classname="Newtonsoft.Json.Tests.Documentation.SerializationTests" runstate="Runnable" seed="578166256" result="Passed" start-time="2019-11-12 05:39:04Z" end-time="2019-11-12 05:39:04Z" duration="0.007905" asserts="0">
                  <properties />
                </test-case>
                <test-case id="3501" name="SerializationErrorHandling" fullname="Newtonsoft.Json.Tests.Documentation.SerializationTests.SerializationErrorHandling" methodname="SerializationErrorHandling" classname="Newtonsoft.Json.Tests.Documentation.SerializationTests" runstate="Runnable" seed="508150632" result="Passed" start-time="2019-11-12 05:39:04Z" end-time="2019-11-12 05:39:04Z" duration="0.002113" asserts="0">
                  <properties />
                </test-case>
                <test-case id="3503" name="SerializationErrorHandlingAttributeExample" fullname="Newtonsoft.Json.Tests.Documentation.SerializationTests.SerializationErrorHandlingAttributeExample" methodname="SerializationErrorHandlingAttributeExample" classname="Newtonsoft.Json.Tests.Documentation.SerializationTests" runstate="Runnable" seed="1054877396" result="Passed" start-time="2019-11-12 05:39:04Z" end-time="2019-11-12 05:39:04Z" duration="0.005311" asserts="0">
                  <properties />
                </test-case>
                <test-case id="3502" name="SerializationErrorHandlingWithParent" fullname="Newtonsoft.Json.Tests.Documentation.SerializationTests.SerializationErrorHandlingWithParent" methodname="SerializationErrorHandlingWithParent" classname="Newtonsoft.Json.Tests.Documentation.SerializationTests" runstate="Runnable" seed="1469239337" result="Passed" start-time="2019-11-12 05:39:04Z" end-time="2019-11-12 05:39:04Z" duration="0.000796" asserts="0">
                  <properties />
                </test-case>
                <test-case id="3516" name="SerializeMultidimensionalArrayExample" fullname="Newtonsoft.Json.Tests.Documentation.SerializationTests.SerializeMultidimensionalArrayExample" methodname="SerializeMultidimensionalArrayExample" classname="Newtonsoft.Json.Tests.Documentation.SerializationTests" runstate="Runnable" seed="1738882518" result="Passed" start-time="2019-11-12 05:39:04Z" end-time="2019-11-12 05:39:04Z" duration="0.010850" asserts="0">
                  <properties />
                </test-case>
                <test-case id="3498" name="SerializeObject" fullname="Newtonsoft.Json.Tests.Documentation.SerializationTests.SerializeObject" methodname="SerializeObject" classname="Newtonsoft.Json.Tests.Documentation.SerializationTests" runstate="Runnable" seed="749998115" result="Passed" start-time="2019-11-12 05:39:04Z" end-time="2019-11-12 05:39:04Z" duration="0.001186" asserts="0">
                  <properties />
                </test-case>
                <test-case id="3509" name="SerializingCollectionsDeserializing" fullname="Newtonsoft.Json.Tests.Documentation.SerializationTests.SerializingCollectionsDeserializing" methodname="SerializingCollectionsDeserializing" classname="Newtonsoft.Json.Tests.Documentation.SerializationTests" runstate="Runnable" seed="1818050658" result="Passed" start-time="2019-11-12 05:39:04Z" end-time="2019-11-12 05:39:04Z" duration="0.001181" asserts="0">
                  <properties />
                </test-case>
                <test-case id="3510" name="SerializingCollectionsDeserializingDictionaries" fullname="Newtonsoft.Json.Tests.Documentation.SerializationTests.SerializingCollectionsDeserializingDictionaries" methodname="SerializingCollectionsDeserializingDictionaries" classname="Newtonsoft.Json.Tests.Documentation.SerializationTests" runstate="Runnable" seed="2031010424" result="Passed" start-time="2019-11-12 05:39:04Z" end-time="2019-11-12 05:39:04Z" duration="0.001013" asserts="0">
                  <properties />
                </test-case>
                <test-case id="3508" name="SerializingCollectionsSerializing" fullname="Newtonsoft.Json.Tests.Documentation.SerializationTests.SerializingCollectionsSerializing" methodname="SerializingCollectionsSerializing" classname="Newtonsoft.Json.Tests.Documentation.SerializationTests" runstate="Runnable" seed="2116071017" result="Passed" start-time="2019-11-12 05:39:04Z" end-time="2019-11-12 05:39:04Z" duration="0.002347" asserts="0">
                  <properties />
                </test-case>
                <test-case id="3515" name="SerializingPartialJsonFragmentsExample" fullname="Newtonsoft.Json.Tests.Documentation.SerializationTests.SerializingPartialJsonFragmentsExample" methodname="SerializingPartialJsonFragmentsExample" classname="Newtonsoft.Json.Tests.Documentation.SerializationTests" runstate="Runnable" seed="1629209960" result="Passed" start-time="2019-11-12 05:39:04Z" end-time="2019-11-12 05:39:04Z" duration="0.004645" asserts="0">
                  <properties />
                </test-case>
                <test-case id="3511" name="WriteJsonDates" fullname="Newtonsoft.Json.Tests.Documentation.SerializationTests.WriteJsonDates" methodname="WriteJsonDates" classname="Newtonsoft.Json.Tests.Documentation.SerializationTests" runstate="Runnable" seed="1740944574" result="Passed" start-time="2019-11-12 05:39:04Z" end-time="2019-11-12 05:39:04Z" duration="0.002777" asserts="0">
                  <properties />
                </test-case>
              </test-suite>
              <test-suite type="TestFixture" id="3517" name="TraceWriterTests" fullname="Newtonsoft.Json.Tests.Documentation.TraceWriterTests" classname="Newtonsoft.Json.Tests.Documentation.TraceWriterTests" runstate="Runnable" testcasecount="1" result="Failed" site="Child" start-time="2019-11-12 05:39:04Z" end-time="2019-11-12 05:39:04Z" duration="0.015026" total="1" passed="0" failed="1" inconclusive="0" skipped="0" asserts="0">
                <properties />
                <failure>
                  <message><![CDATA[One or more child tests had errors]]></message>
                </failure>
                <test-case id="3518" name="MemoryTraceWriterTest" fullname="Newtonsoft.Json.Tests.Documentation.TraceWriterTests.MemoryTraceWriterTest" methodname="MemoryTraceWriterTest" classname="Newtonsoft.Json.Tests.Documentation.TraceWriterTests" runstate="Runnable" seed="1908929842" result="Failed" start-time="2019-11-12 05:39:04Z" end-time="2019-11-12 05:39:04Z" duration="0.007110" asserts="0">
                  <properties />
                  <failure>
                    <message><![CDATA[  Expected: 916
  But was:  901
]]></message>
                    <stack-trace><![CDATA[at Newtonsoft.Json.Tests.Documentation.TraceWriterTests.MemoryTraceWriterTest () [0x00080] in /root/repo/Src/Newtonsoft.Json-for-Unity.Tests/Assets/Newtonsoft.Json.Tests/Documentation/TraceWriterTests.cs:169
]]></stack-trace>
                  </failure>
                </test-case>
              </test-suite>
            </test-suite>
            <test-suite type="TestFixture" id="1019" name="ExceptionTests" fullname="Newtonsoft.Json.Tests.ExceptionTests" classname="Newtonsoft.Json.Tests.ExceptionTests" runstate="Runnable" testcasecount="5" result="Passed" start-time="2019-11-12 05:39:05Z" end-time="2019-11-12 05:39:05Z" duration="0.048211" total="5" passed="5" failed="0" inconclusive="0" skipped="0" asserts="0">
              <properties />
              <test-case id="1024" name="BinarySerializeException" fullname="Newtonsoft.Json.Tests.ExceptionTests.BinarySerializeException" methodname="BinarySerializeException" classname="Newtonsoft.Json.Tests.ExceptionTests" runstate="Runnable" seed="1094445091" result="Passed" start-time="2019-11-12 05:39:05Z" end-time="2019-11-12 05:39:05Z" duration="0.030532" asserts="0">
                <properties />
              </test-case>
              <test-case id="1022" name="JsonReaderException" fullname="Newtonsoft.Json.Tests.ExceptionTests.JsonReaderException" methodname="JsonReaderException" classname="Newtonsoft.Json.Tests.ExceptionTests" runstate="Runnable" seed="1640090056" result="Passed" start-time="2019-11-12 05:39:05Z" end-time="2019-11-12 05:39:05Z" duration="0.001137" asserts="0">
                <properties />
              </test-case>
              <test-case id="1023" name="JsonSchemaException" fullname="Newtonsoft.Json.Tests.ExceptionTests.JsonSchemaException" methodname="JsonSchemaException" classname="Newtonsoft.Json.Tests.ExceptionTests" runstate="Runnable" seed="2132315458" result="Passed" start-time="2019-11-12 05:39:05Z" end-time="2019-11-12 05:39:05Z" duration="0.000925" asserts="0">
                <properties />
              </test-case>
              <test-case id="1020" name="JsonSerializationException" fullname="Newtonsoft.Json.Tests.ExceptionTests.JsonSerializationException" methodname="JsonSerializationException" classname="Newtonsoft.Json.Tests.ExceptionTests" runstate="Runnable" seed="2016189909" result="Passed" start-time="2019-11-12 05:39:05Z" end-time="2019-11-12 05:39:05Z" duration="0.000621" asserts="0">
                <properties />
              </test-case>
              <test-case id="1021" name="JsonWriterException" fullname="Newtonsoft.Json.Tests.ExceptionTests.JsonWriterException" methodname="JsonWriterException" classname="Newtonsoft.Json.Tests.ExceptionTests" runstate="Runnable" seed="885627291" result="Passed" start-time="2019-11-12 05:39:05Z" end-time="2019-11-12 05:39:05Z" duration="0.001182" asserts="0">
                <properties />
              </test-case>
            </test-suite>
            <test-suite type="TestSuite" id="4117" name="Issues" fullname="Newtonsoft.Json.Tests.Issues" runstate="Runnable" testcasecount="62" result="Failed" site="Child" start-time="2019-11-12 05:39:05Z" end-time="2019-11-12 05:39:06Z" duration="0.737141" total="62" passed="61" failed="1" inconclusive="0" skipped="0" asserts="0">
              <properties />
              <failure>
                <message><![CDATA[One or more child tests had errors]]></message>
              </failure>
              <test-suite type="TestFixture" id="3375" name="Issue0198" fullname="Newtonsoft.Json.Tests.Issues.Issue0198" classname="Newtonsoft.Json.Tests.Issues.Issue0198" runstate="Runnable" testcasecount="2" result="Passed" start-time="2019-11-12 05:39:05Z" end-time="2019-11-12 05:39:05Z" duration="0.035254" total="2" passed="2" failed="0" inconclusive="0" skipped="0" asserts="0">
                <properties />
                <test-case id="3377" name="Test_Collection" fullname="Newtonsoft.Json.Tests.Issues.Issue0198.Test_Collection" methodname="Test_Collection" classname="Newtonsoft.Json.Tests.Issues.Issue0198" runstate="Runnable" seed="77312003" result="Passed" start-time="2019-11-12 05:39:05Z" end-time="2019-11-12 05:39:05Z" duration="0.006367" asserts="0">
                  <properties />
                </test-case>
                <test-case id="3376" name="Test_List" fullname="Newtonsoft.Json.Tests.Issues.Issue0198.Test_List" methodname="Test_List" classname="Newtonsoft.Json.Tests.Issues.Issue0198" runstate="Runnable" seed="981303793" result="Passed" start-time="2019-11-12 05:39:05Z" end-time="2019-11-12 05:39:05Z" duration="0.020710" asserts="0">
                  <properties />
                </test-case>
              </test-suite>
              <test-suite type="TestFixture" id="3378" name="Issue0573" fullname="Newtonsoft.Json.Tests.Issues.Issue0573" classname="Newtonsoft.Json.Tests.Issues.Issue0573" runstate="Runnable" testcasecount="1" result="Passed" start-time="2019-11-12 05:39:05Z" end-time="2019-11-12 05:39:05Z" duration="0.025882" total="1" passed="1" failed="0" inconclusive="0" skipped="0" asserts="0">
                <properties />
                <test-case id="3379" name="Test" fullname="Newtonsoft.Json.Tests.Issues.Issue0573.Test" methodname="Test" classname="Newtonsoft.Json.Tests.Issues.Issue0573" runstate="Runnable" seed="1891661142" result="Passed" start-time="2019-11-12 05:39:05Z" end-time="2019-11-12 05:39:05Z" duration="0.019573" asserts="0">
                  <properties />
                </test-case>
              </test-suite>
              <test-suite type="TestFixture" id="3380" name="Issue1307" fullname="Newtonsoft.Json.Tests.Issues.Issue1307" classname="Newtonsoft.Json.Tests.Issues.Issue1307" runstate="Runnable" testcasecount="1" result="Passed" start-time="2019-11-12 05:39:05Z" end-time="2019-11-12 05:39:05Z" duration="0.012961" total="1" passed="1" failed="0" inconclusive="0" skipped="0" asserts="0">
                <properties />
                <test-case id="3381" name="Test" fullname="Newtonsoft.Json.Tests.Issues.Issue1307.Test" methodname="Test" classname="Newtonsoft.Json.Tests.Issues.Issue1307" runstate="Runnable" seed="951302342" result="Passed" start-time="2019-11-12 05:39:05Z" end-time="2019-11-12 05:39:05Z" duration="0.006232" asserts="0">
                  <properties />
                </test-case>
              </test-suite>
              <test-suite type="TestFixture" id="3382" name="Issue1321" fullname="Newtonsoft.Json.Tests.Issues.Issue1321" classname="Newtonsoft.Json.Tests.Issues.Issue1321" runstate="Runnable" testcasecount="5" result="Passed" start-time="2019-11-12 05:39:05Z" end-time="2019-11-12 05:39:05Z" duration="0.018302" total="5" passed="5" failed="0" inconclusive="0" skipped="0" asserts="0">
                <properties />
                <test-case id="3383" name="Test" fullname="Newtonsoft.Json.Tests.Issues.Issue1321.Test" methodname="Test" classname="Newtonsoft.Json.Tests.Issues.Issue1321" runstate="Runnable" seed="811335499" result="Passed" start-time="2019-11-12 05:39:05Z" end-time="2019-11-12 05:39:05Z" duration="0.001946" asserts="0">
                  <properties />
                </test-case>
                <test-case id="3384" name="Test2" fullname="Newtonsoft.Json.Tests.Issues.Issue1321.Test2" methodname="Test2" classname="Newtonsoft.Json.Tests.Issues.Issue1321" runstate="Runnable" seed="1422481563" result="Passed" start-time="2019-11-12 05:39:05Z" end-time="2019-11-12 05:39:05Z" duration="0.000962" asserts="0">
                  <properties />
                </test-case>
                <test-case id="3385" name="Test3" fullname="Newtonsoft.Json.Tests.Issues.Issue1321.Test3" methodname="Test3" classname="Newtonsoft.Json.Tests.Issues.Issue1321" runstate="Runnable" seed="2022996713" result="Passed" start-time="2019-11-12 05:39:05Z" end-time="2019-11-12 05:39:05Z" duration="0.000776" asserts="0">
                  <properties />
                </test-case>
                <test-case id="3386" name="Test4" fullname="Newtonsoft.Json.Tests.Issues.Issue1321.Test4" methodname="Test4" classname="Newtonsoft.Json.Tests.Issues.Issue1321" runstate="Runnable" seed="253260968" result="Passed" start-time="2019-11-12 05:39:05Z" end-time="2019-11-12 05:39:05Z" duration="0.001029" asserts="0">
                  <properties />
                </test-case>
                <test-case id="3387" name="Test5" fullname="Newtonsoft.Json.Tests.Issues.Issue1321.Test5" methodname="Test5" classname="Newtonsoft.Json.Tests.Issues.Issue1321" runstate="Runnable" seed="795899364" result="Passed" start-time="2019-11-12 05:39:05Z" end-time="2019-11-12 05:39:05Z" duration="0.000879" asserts="0">
                  <properties />
                </test-case>
              </test-suite>
              <test-suite type="TestFixture" id="3388" name="Issue1322" fullname="Newtonsoft.Json.Tests.Issues.Issue1322" classname="Newtonsoft.Json.Tests.Issues.Issue1322" runstate="Runnable" testcasecount="1" result="Passed" start-time="2019-11-12 05:39:05Z" end-time="2019-11-12 05:39:05Z" duration="0.017833" total="1" passed="1" failed="0" inconclusive="0" skipped="0" asserts="0">
                <properties />
                <test-case id="3389" name="Test" fullname="Newtonsoft.Json.Tests.Issues.Issue1322.Test" methodname="Test" classname="Newtonsoft.Json.Tests.Issues.Issue1322" runstate="Runnable" seed="1065183651" result="Passed" start-time="2019-11-12 05:39:05Z" end-time="2019-11-12 05:39:05Z" duration="0.011293" asserts="0">
                  <properties />
                </test-case>
              </test-suite>
              <test-suite type="TestFixture" id="3390" name="Issue1327" fullname="Newtonsoft.Json.Tests.Issues.Issue1327" classname="Newtonsoft.Json.Tests.Issues.Issue1327" runstate="Runnable" testcasecount="2" result="Passed" start-time="2019-11-12 05:39:05Z" end-time="2019-11-12 05:39:05Z" duration="0.029269" total="2" passed="2" failed="0" inconclusive="0" skipped="0" asserts="0">
                <properties />
                <test-case id="3391" name="Test_XmlNode" fullname="Newtonsoft.Json.Tests.Issues.Issue1327.Test_XmlNode" methodname="Test_XmlNode" classname="Newtonsoft.Json.Tests.Issues.Issue1327" runstate="Runnable" seed="2095099537" result="Passed" start-time="2019-11-12 05:39:05Z" end-time="2019-11-12 05:39:05Z" duration="0.008662" asserts="0">
                  <properties />
                </test-case>
                <test-case id="3392" name="Test_XObject" fullname="Newtonsoft.Json.Tests.Issues.Issue1327.Test_XObject" methodname="Test_XObject" classname="Newtonsoft.Json.Tests.Issues.Issue1327" runstate="Runnable" seed="575842291" result="Passed" start-time="2019-11-12 05:39:05Z" end-time="2019-11-12 05:39:05Z" duration="0.012485" asserts="0">
                  <properties />
                </test-case>
              </test-suite>
              <test-suite type="TestFixture" id="3393" name="Issue1351" fullname="Newtonsoft.Json.Tests.Issues.Issue1351" classname="Newtonsoft.Json.Tests.Issues.Issue1351" runstate="Runnable" testcasecount="2" result="Passed" start-time="2019-11-12 05:39:05Z" end-time="2019-11-12 05:39:05Z" duration="0.021913" total="2" passed="2" failed="0" inconclusive="0" skipped="0" asserts="0">
                <properties />
                <test-case id="3394" name="Test" fullname="Newtonsoft.Json.Tests.Issues.Issue1351.Test" methodname="Test" classname="Newtonsoft.Json.Tests.Issues.Issue1351" runstate="Runnable" seed="935914489" result="Passed" start-time="2019-11-12 05:39:05Z" end-time="2019-11-12 05:39:05Z" duration="0.011840" asserts="0">
                  <properties />
                </test-case>
                <test-case id="3395" name="Test_Replace" fullname="Newtonsoft.Json.Tests.Issues.Issue1351.Test_Replace" methodname="Test_Replace" classname="Newtonsoft.Json.Tests.Issues.Issue1351" runstate="Runnable" seed="927472810" result="Passed" start-time="2019-11-12 05:39:05Z" end-time="2019-11-12 05:39:05Z" duration="0.001610" asserts="0">
                  <properties />
                </test-case>
              </test-suite>
              <test-suite type="TestFixture" id="3396" name="Issue1353" fullname="Newtonsoft.Json.Tests.Issues.Issue1353" classname="Newtonsoft.Json.Tests.Issues.Issue1353" runstate="Runnable" testcasecount="1" result="Passed" start-time="2019-11-12 05:39:05Z" end-time="2019-11-12 05:39:05Z" duration="0.014658" total="1" passed="1" failed="0" inconclusive="0" skipped="0" asserts="0">
                <properties />
                <test-case id="3397" name="Test" fullname="Newtonsoft.Json.Tests.Issues.Issue1353.Test" methodname="Test" classname="Newtonsoft.Json.Tests.Issues.Issue1353" runstate="Runnable" seed="859750983" result="Passed" start-time="2019-11-12 05:39:05Z" end-time="2019-11-12 05:39:05Z" duration="0.008030" asserts="0">
                  <properties />
                </test-case>
              </test-suite>
              <test-suite type="TestFixture" id="3398" name="Issue1362" fullname="Newtonsoft.Json.Tests.Issues.Issue1362" classname="Newtonsoft.Json.Tests.Issues.Issue1362" runstate="Runnable" testcasecount="1" result="Passed" start-time="2019-11-12 05:39:05Z" end-time="2019-11-12 05:39:05Z" duration="0.012103" total="1" passed="1" failed="0" inconclusive="0" skipped="0" asserts="0">
                <properties />
                <test-case id="3399" name="Test" fullname="Newtonsoft.Json.Tests.Issues.Issue1362.Test" methodname="Test" classname="Newtonsoft.Json.Tests.Issues.Issue1362" runstate="Runnable" seed="652216010" result="Passed" start-time="2019-11-12 05:39:05Z" end-time="2019-11-12 05:39:05Z" duration="0.005677" asserts="0">
                  <properties />
                </test-case>
              </test-suite>
              <test-suite type="TestFixture" id="3400" name="Issue1396" fullname="Newtonsoft.Json.Tests.Issues.Issue1396" classname="Newtonsoft.Json.Tests.Issues.Issue1396" runstate="Runnable" testcasecount="1" result="Passed" start-time="2019-11-12 05:39:05Z" end-time="2019-11-12 05:39:05Z" duration="0.007471" total="1" passed="1" failed="0" inconclusive="0" skipped="0" asserts="0">
                <properties />
                <test-case id="3401" name="Test" fullname="Newtonsoft.Json.Tests.Issues.Issue1396.Test" methodname="Test" classname="Newtonsoft.Json.Tests.Issues.Issue1396" runstate="Runnable" seed="532999897" result="Passed" start-time="2019-11-12 05:39:05Z" end-time="2019-11-12 05:39:05Z" duration="0.001005" asserts="0">
                  <properties />
                </test-case>
              </test-suite>
              <test-suite type="TestFixture" id="3402" name="Issue1445" fullname="Newtonsoft.Json.Tests.Issues.Issue1445" classname="Newtonsoft.Json.Tests.Issues.Issue1445" runstate="Runnable" testcasecount="1" result="Passed" start-time="2019-11-12 05:39:05Z" end-time="2019-11-12 05:39:05Z" duration="0.028688" total="1" passed="1" failed="0" inconclusive="0" skipped="0" asserts="0">
                <properties />
                <test-case id="3403" name="Test" fullname="Newtonsoft.Json.Tests.Issues.Issue1445.Test" methodname="Test" classname="Newtonsoft.Json.Tests.Issues.Issue1445" runstate="Runnable" seed="2025847192" result="Passed" start-time="2019-11-12 05:39:05Z" end-time="2019-11-12 05:39:05Z" duration="0.022240" asserts="0">
                  <properties />
                </test-case>
              </test-suite>
              <test-suite type="TestFixture" id="3404" name="Issue1460" fullname="Newtonsoft.Json.Tests.Issues.Issue1460" classname="Newtonsoft.Json.Tests.Issues.Issue1460" runstate="Runnable" testcasecount="1" result="Passed" start-time="2019-11-12 05:39:05Z" end-time="2019-11-12 05:39:05Z" duration="0.007527" total="1" passed="1" failed="0" inconclusive="0" skipped="0" asserts="0">
                <properties />
                <test-case id="3405" name="Test" fullname="Newtonsoft.Json.Tests.Issues.Issue1460.Test" methodname="Test" classname="Newtonsoft.Json.Tests.Issues.Issue1460" runstate="Runnable" seed="1596292503" result="Passed" start-time="2019-11-12 05:39:05Z" end-time="2019-11-12 05:39:05Z" duration="0.000867" asserts="0">
                  <properties />
                </test-case>
              </test-suite>
              <test-suite type="TestFixture" id="3406" name="Issue1461" fullname="Newtonsoft.Json.Tests.Issues.Issue1461" classname="Newtonsoft.Json.Tests.Issues.Issue1461" runstate="Runnable" testcasecount="1" result="Passed" start-time="2019-11-12 05:39:05Z" end-time="2019-11-12 05:39:05Z" duration="0.013177" total="1" passed="1" failed="0" inconclusive="0" skipped="0" asserts="0">
                <properties />
                <test-case id="3407" name="Test" fullname="Newtonsoft.Json.Tests.Issues.Issue1461.Test" methodname="Test" classname="Newtonsoft.Json.Tests.Issues.Issue1461" runstate="Runnable" seed="1271921502" result="Passed" start-time="2019-11-12 05:39:05Z" end-time="2019-11-12 05:39:05Z" duration="0.006410" asserts="0">
                  <properties />
                </test-case>
              </test-suite>
              <test-suite type="TestFixture" id="3408" name="Issue1541" fullname="Newtonsoft.Json.Tests.Issues.Issue1541" classname="Newtonsoft.Json.Tests.Issues.Issue1541" runstate="Runnable" testcasecount="0" result="Passed" start-time="2019-11-12 05:39:05Z" end-time="2019-11-12 05:39:05Z" duration="0.000214" total="0" passed="0" failed="0" inconclusive="0" skipped="0" asserts="0">
                <properties />
              </test-suite>
              <test-suite type="TestFixture" id="3409" name="Issue1545" fullname="Newtonsoft.Json.Tests.Issues.Issue1545" classname="Newtonsoft.Json.Tests.Issues.Issue1545" runstate="Runnable" testcasecount="2" result="Passed" start-time="2019-11-12 05:39:05Z" end-time="2019-11-12 05:39:05Z" duration="0.021986" total="2" passed="2" failed="0" inconclusive="0" skipped="0" asserts="0">
                <properties />
                <test-case id="3411" name="Test_Multidimensional" fullname="Newtonsoft.Json.Tests.Issues.Issue1545.Test_Multidimensional" methodname="Test_Multidimensional" classname="Newtonsoft.Json.Tests.Issues.Issue1545" runstate="Runnable" seed="263071116" result="Passed" start-time="2019-11-12 05:39:05Z" end-time="2019-11-12 05:39:05Z" duration="0.003204" asserts="0">
                  <properties />
                </test-case>
                <test-case id="3410" name="Test_Populate" fullname="Newtonsoft.Json.Tests.Issues.Issue1545.Test_Populate" methodname="Test_Populate" classname="Newtonsoft.Json.Tests.Issues.Issue1545" runstate="Runnable" seed="983808169" result="Passed" start-time="2019-11-12 05:39:05Z" end-time="2019-11-12 05:39:05Z" duration="0.009786" asserts="0">
                  <properties />
                </test-case>
              </test-suite>
              <test-suite type="TestFixture" id="3412" name="Issue1552" fullname="Newtonsoft.Json.Tests.Issues.Issue1552" classname="Newtonsoft.Json.Tests.Issues.Issue1552" runstate="Runnable" testcasecount="2" result="Passed" start-time="2019-11-12 05:39:05Z" end-time="2019-11-12 05:39:05Z" duration="0.015852" total="2" passed="2" failed="0" inconclusive="0" skipped="0" asserts="0">
                <properties />
                <test-case id="3413" name="Test_Error" fullname="Newtonsoft.Json.Tests.Issues.Issue1552.Test_Error" methodname="Test_Error" classname="Newtonsoft.Json.Tests.Issues.Issue1552" runstate="Runnable" seed="1669226546" result="Passed" start-time="2019-11-12 05:39:05Z" end-time="2019-11-12 05:39:05Z" duration="0.004914" asserts="0">
                  <properties />
                </test-case>
                <test-case id="3414" name="Test_Ignore" fullname="Newtonsoft.Json.Tests.Issues.Issue1552.Test_Ignore" methodname="Test_Ignore" classname="Newtonsoft.Json.Tests.Issues.Issue1552" runstate="Runnable" seed="605275069" result="Passed" start-time="2019-11-12 05:39:05Z" end-time="2019-11-12 05:39:05Z" duration="0.002428" asserts="0">
                  <properties />
                </test-case>
              </test-suite>
              <test-suite type="TestFixture" id="3415" name="Issue1561" fullname="Newtonsoft.Json.Tests.Issues.Issue1561" classname="Newtonsoft.Json.Tests.Issues.Issue1561" runstate="Runnable" testcasecount="1" result="Passed" start-time="2019-11-12 05:39:05Z" end-time="2019-11-12 05:39:05Z" duration="0.008880" total="1" passed="1" failed="0" inconclusive="0" skipped="0" asserts="0">
                <properties />
                <test-case id="3416" name="Test" fullname="Newtonsoft.Json.Tests.Issues.Issue1561.Test" methodname="Test" classname="Newtonsoft.Json.Tests.Issues.Issue1561" runstate="Runnable" seed="675005872" result="Passed" start-time="2019-11-12 05:39:05Z" end-time="2019-11-12 05:39:05Z" duration="0.002503" asserts="0">
                  <properties />
                </test-case>
              </test-suite>
              <test-suite type="TestFixture" id="3417" name="Issue1566" fullname="Newtonsoft.Json.Tests.Issues.Issue1566" classname="Newtonsoft.Json.Tests.Issues.Issue1566" runstate="Runnable" testcasecount="2" result="Passed" start-time="2019-11-12 05:39:05Z" end-time="2019-11-12 05:39:05Z" duration="0.012181" total="2" passed="2" failed="0" inconclusive="0" skipped="0" asserts="0">
                <properties />
                <test-case id="3419" name="Github_deserialize_pr_state_changes_requested_should_be_case_insensitive" fullname="Newtonsoft.Json.Tests.Issues.Issue1566.Github_deserialize_pr_state_changes_requested_should_be_case_insensitive" methodname="Github_deserialize_pr_state_changes_requested_should_be_case_insensitive" classname="Newtonsoft.Json.Tests.Issues.Issue1566" runstate="Runnable" seed="1426446454" result="Passed" start-time="2019-11-12 05:39:05Z" end-time="2019-11-12 05:39:05Z" duration="0.003357" asserts="0">
                  <properties />
                </test-case>
                <test-case id="3418" name="Github_deserialize_pr_state_should_be_case_insensitive" fullname="Newtonsoft.Json.Tests.Issues.Issue1566.Github_deserialize_pr_state_should_be_case_insensitive" methodname="Github_deserialize_pr_state_should_be_case_insensitive" classname="Newtonsoft.Json.Tests.Issues.Issue1566" runstate="Runnable" seed="109305849" result="Passed" start-time="2019-11-12 05:39:05Z" end-time="2019-11-12 05:39:05Z" duration="0.000600" asserts="0">
                  <properties />
                </test-case>
              </test-suite>
              <test-suite type="TestFixture" id="3420" name="Issue1574" fullname="Newtonsoft.Json.Tests.Issues.Issue1574" classname="Newtonsoft.Json.Tests.Issues.Issue1574" runstate="Runnable" testcasecount="1" result="Passed" start-time="2019-11-12 05:39:05Z" end-time="2019-11-12 05:39:05Z" duration="0.007800" total="1" passed="1" failed="0" inconclusive="0" skipped="0" asserts="0">
                <properties />
                <test-case id="3421" name="Test" fullname="Newtonsoft.Json.Tests.Issues.Issue1574.Test" methodname="Test" classname="Newtonsoft.Json.Tests.Issues.Issue1574" runstate="Runnable" seed="70284897" result="Passed" start-time="2019-11-12 05:39:05Z" end-time="2019-11-12 05:39:05Z" duration="0.001428" asserts="0">
                  <properties />
                </test-case>
              </test-suite>
              <test-suite type="TestFixture" id="3422" name="Issue1576" fullname="Newtonsoft.Json.Tests.Issues.Issue1576" classname="Newtonsoft.Json.Tests.Issues.Issue1576" runstate="Runnable" testcasecount="2" result="Passed" start-time="2019-11-12 05:39:05Z" end-time="2019-11-12 05:39:05Z" duration="0.018349" total="2" passed="2" failed="0" inconclusive="0" skipped="0" asserts="0">
                <properties />
                <test-case id="3423" name="Test" fullname="Newtonsoft.Json.Tests.Issues.Issue1576.Test" methodname="Test" classname="Newtonsoft.Json.Tests.Issues.Issue1576" runstate="Runnable" seed="1467564602" result="Passed" start-time="2019-11-12 05:39:05Z" end-time="2019-11-12 05:39:05Z" duration="0.006728" asserts="0">
                  <properties />
                </test-case>
                <test-case id="3424" name="Test_WithJsonConverterAttribute" fullname="Newtonsoft.Json.Tests.Issues.Issue1576.Test_WithJsonConverterAttribute" methodname="Test_WithJsonConverterAttribute" classname="Newtonsoft.Json.Tests.Issues.Issue1576" runstate="Runnable" seed="772087769" result="Passed" start-time="2019-11-12 05:39:05Z" end-time="2019-11-12 05:39:05Z" duration="0.003759" asserts="0">
                  <properties />
                </test-case>
              </test-suite>
              <test-suite type="TestFixture" id="3425" name="Issue1592" fullname="Newtonsoft.Json.Tests.Issues.Issue1592" classname="Newtonsoft.Json.Tests.Issues.Issue1592" runstate="Runnable" testcasecount="1" result="Passed" start-time="2019-11-12 05:39:05Z" end-time="2019-11-12 05:39:05Z" duration="0.007232" total="1" passed="1" failed="0" inconclusive="0" skipped="0" asserts="0">
                <properties />
                <test-case id="3426" name="Test" fullname="Newtonsoft.Json.Tests.Issues.Issue1592.Test" methodname="Test" classname="Newtonsoft.Json.Tests.Issues.Issue1592" runstate="Runnable" seed="1578304049" result="Passed" start-time="2019-11-12 05:39:05Z" end-time="2019-11-12 05:39:05Z" duration="0.000856" asserts="0">
                  <properties />
                </test-case>
              </test-suite>
              <test-suite type="TestFixture" id="3427" name="Issue1593" fullname="Newtonsoft.Json.Tests.Issues.Issue1593" classname="Newtonsoft.Json.Tests.Issues.Issue1593" runstate="Runnable" testcasecount="1" result="Passed" start-time="2019-11-12 05:39:05Z" end-time="2019-11-12 05:39:05Z" duration="0.010007" total="1" passed="1" failed="0" inconclusive="0" skipped="0" asserts="0">
                <properties />
                <test-case id="3428" name="Test" fullname="Newtonsoft.Json.Tests.Issues.Issue1593.Test" methodname="Test" classname="Newtonsoft.Json.Tests.Issues.Issue1593" runstate="Runnable" seed="1652231308" result="Passed" start-time="2019-11-12 05:39:05Z" end-time="2019-11-12 05:39:05Z" duration="0.003847" asserts="0">
                  <properties />
                </test-case>
              </test-suite>
              <test-suite type="TestFixture" id="3429" name="Issue1598" fullname="Newtonsoft.Json.Tests.Issues.Issue1598" classname="Newtonsoft.Json.Tests.Issues.Issue1598" runstate="Runnable" testcasecount="2" result="Passed" start-time="2019-11-12 05:39:05Z" end-time="2019-11-12 05:39:05Z" duration="0.012618" total="2" passed="2" failed="0" inconclusive="0" skipped="0" asserts="0">
                <properties />
                <test-case id="3430" name="Test" fullname="Newtonsoft.Json.Tests.Issues.Issue1598.Test" methodname="Test" classname="Newtonsoft.Json.Tests.Issues.Issue1598" runstate="Runnable" seed="658109964" result="Passed" start-time="2019-11-12 05:39:05Z" end-time="2019-11-12 05:39:05Z" duration="0.003164" asserts="0">
                  <properties />
                </test-case>
                <test-case id="3431" name="Test_SubClass" fullname="Newtonsoft.Json.Tests.Issues.Issue1598.Test_SubClass" methodname="Test_SubClass" classname="Newtonsoft.Json.Tests.Issues.Issue1598" runstate="Runnable" seed="1729434199" result="Passed" start-time="2019-11-12 05:39:05Z" end-time="2019-11-12 05:39:05Z" duration="0.001360" asserts="0">
                  <properties />
                </test-case>
              </test-suite>
              <test-suite type="TestFixture" id="3432" name="Issue1619" fullname="Newtonsoft.Json.Tests.Issues.Issue1619" classname="Newtonsoft.Json.Tests.Issues.Issue1619" runstate="Runnable" testcasecount="1" result="Failed" site="Child" start-time="2019-11-12 05:39:05Z" end-time="2019-11-12 05:39:05Z" duration="0.013341" total="1" passed="0" failed="1" inconclusive="0" skipped="0" asserts="0">
                <properties />
                <failure>
                  <message><![CDATA[One or more child tests had errors]]></message>
                </failure>
                <test-case id="3433" name="Test" fullname="Newtonsoft.Json.Tests.Issues.Issue1619.Test" methodname="Test" classname="Newtonsoft.Json.Tests.Issues.Issue1619" runstate="Runnable" seed="1013966006" result="Failed" start-time="2019-11-12 05:39:05Z" end-time="2019-11-12 05:39:05Z" duration="0.006183" asserts="0">
                  <properties />
                  <failure>
                    <message><![CDATA[  Expected string length 18 but was 65. Strings differ at index 8.
  Expected: "...r":"c:\\\\temp"}"
  But was:  "...r":"/root/repo/Src/Newtonsoft.Json-for-Unity.Tests/c:\\\\temp"}"
  ------------------^
]]></message>
                    <stack-trace><![CDATA[at Newtonsoft.Json.Tests.Issues.Issue1619.Test () [0x0002d] in /root/repo/Src/Newtonsoft.Json-for-Unity.Tests/Assets/Newtonsoft.Json.Tests/Issues/Issue1619.cs:50
]]></stack-trace>
                  </failure>
                </test-case>
              </test-suite>
              <test-suite type="TestFixture" id="3434" name="Issue1642" fullname="Newtonsoft.Json.Tests.Issues.Issue1642" classname="Newtonsoft.Json.Tests.Issues.Issue1642" runstate="Runnable" testcasecount="1" result="Passed" start-time="2019-11-12 05:39:05Z" end-time="2019-11-12 05:39:05Z" duration="0.013585" total="1" passed="1" failed="0" inconclusive="0" skipped="0" asserts="0">
                <properties />
                <test-case id="3435" name="Test" fullname="Newtonsoft.Json.Tests.Issues.Issue1642.Test" methodname="Test" classname="Newtonsoft.Json.Tests.Issues.Issue1642" runstate="Runnable" seed="1116957261" result="Passed" start-time="2019-11-12 05:39:05Z" end-time="2019-11-12 05:39:05Z" duration="0.007308" asserts="0">
                  <properties />
                </test-case>
              </test-suite>
              <test-suite type="TestFixture" id="3436" name="Issue1682" fullname="Newtonsoft.Json.Tests.Issues.Issue1682" classname="Newtonsoft.Json.Tests.Issues.Issue1682" runstate="Runnable" testcasecount="2" result="Passed" start-time="2019-11-12 05:39:05Z" end-time="2019-11-12 05:39:05Z" duration="0.014883" total="2" passed="2" failed="0" inconclusive="0" skipped="0" asserts="0">
                <properties />
                <test-case id="3438" name="Test_Deserialize" fullname="Newtonsoft.Json.Tests.Issues.Issue1682.Test_Deserialize" methodname="Test_Deserialize" classname="Newtonsoft.Json.Tests.Issues.Issue1682" runstate="Runnable" seed="288209219" result="Passed" start-time="2019-11-12 05:39:05Z" end-time="2019-11-12 05:39:05Z" duration="0.003495" asserts="0">
                  <properties />
                </test-case>
                <test-case id="3437" name="Test_Serialize" fullname="Newtonsoft.Json.Tests.Issues.Issue1682.Test_Serialize" methodname="Test_Serialize" classname="Newtonsoft.Json.Tests.Issues.Issue1682" runstate="Runnable" seed="231767224" result="Passed" start-time="2019-11-12 05:39:05Z" end-time="2019-11-12 05:39:05Z" duration="0.003488" asserts="0">
                  <properties />
                </test-case>
              </test-suite>
              <test-suite type="TestFixture" id="3439" name="Issue1708" fullname="Newtonsoft.Json.Tests.Issues.Issue1708" classname="Newtonsoft.Json.Tests.Issues.Issue1708" runstate="Runnable" testcasecount="1" result="Passed" start-time="2019-11-12 05:39:05Z" end-time="2019-11-12 05:39:05Z" duration="0.007534" total="1" passed="1" failed="0" inconclusive="0" skipped="0" asserts="0">
                <properties />
                <test-case id="3440" name="Test_DateTime" fullname="Newtonsoft.Json.Tests.Issues.Issue1708.Test_DateTime" methodname="Test_DateTime" classname="Newtonsoft.Json.Tests.Issues.Issue1708" runstate="Runnable" seed="1007942998" result="Passed" start-time="2019-11-12 05:39:05Z" end-time="2019-11-12 05:39:05Z" duration="0.000952" asserts="0">
                  <properties />
                </test-case>
              </test-suite>
              <test-suite type="TestFixture" id="3441" name="Issue1711" fullname="Newtonsoft.Json.Tests.Issues.Issue1711" classname="Newtonsoft.Json.Tests.Issues.Issue1711" runstate="Runnable" testcasecount="2" result="Passed" start-time="2019-11-12 05:39:05Z" end-time="2019-11-12 05:39:05Z" duration="0.010715" total="2" passed="2" failed="0" inconclusive="0" skipped="0" asserts="0">
                <properties />
                <test-case id="3442" name="Test_Raw" fullname="Newtonsoft.Json.Tests.Issues.Issue1711.Test_Raw" methodname="Test_Raw" classname="Newtonsoft.Json.Tests.Issues.Issue1711" runstate="Runnable" seed="403981664" result="Passed" start-time="2019-11-12 05:39:05Z" end-time="2019-11-12 05:39:05Z" duration="0.002311" asserts="0">
                  <properties />
                </test-case>
                <test-case id="3443" name="Test_String" fullname="Newtonsoft.Json.Tests.Issues.Issue1711.Test_String" methodname="Test_String" classname="Newtonsoft.Json.Tests.Issues.Issue1711" runstate="Runnable" seed="1758526619" result="Passed" start-time="2019-11-12 05:39:05Z" end-time="2019-11-12 05:39:05Z" duration="0.000700" asserts="0">
                  <properties />
                </test-case>
              </test-suite>
              <test-suite type="TestFixture" id="3444" name="Issue1719" fullname="Newtonsoft.Json.Tests.Issues.Issue1719" classname="Newtonsoft.Json.Tests.Issues.Issue1719" runstate="Runnable" testcasecount="3" result="Passed" start-time="2019-11-12 05:39:05Z" end-time="2019-11-12 05:39:05Z" duration="0.020413" total="3" passed="3" failed="0" inconclusive="0" skipped="0" asserts="0">
                <properties />
                <test-case id="3445" name="Test" fullname="Newtonsoft.Json.Tests.Issues.Issue1719.Test" methodname="Test" classname="Newtonsoft.Json.Tests.Issues.Issue1719" runstate="Runnable" seed="2111730387" result="Passed" start-time="2019-11-12 05:39:05Z" end-time="2019-11-12 05:39:05Z" duration="0.004389" asserts="0">
                  <properties />
                </test-case>
                <test-case id="3447" name="Test_DefaultValue" fullname="Newtonsoft.Json.Tests.Issues.Issue1719.Test_DefaultValue" methodname="Test_DefaultValue" classname="Newtonsoft.Json.Tests.Issues.Issue1719" runstate="Runnable" seed="1568856426" result="Passed" start-time="2019-11-12 05:39:05Z" end-time="2019-11-12 05:39:05Z" duration="0.002908" asserts="0">
                  <properties />
                </test-case>
                <test-case id="3446" name="Test_PreviousWorkaround" fullname="Newtonsoft.Json.Tests.Issues.Issue1719.Test_PreviousWorkaround" methodname="Test_PreviousWorkaround" classname="Newtonsoft.Json.Tests.Issues.Issue1719" runstate="Runnable" seed="2139737739" result="Passed" start-time="2019-11-12 05:39:05Z" end-time="2019-11-12 05:39:05Z" duration="0.003693" asserts="0">
                  <properties />
                </test-case>
              </test-suite>
              <test-suite type="TestFixture" id="3448" name="Issue1725" fullname="Newtonsoft.Json.Tests.Issues.Issue1725" classname="Newtonsoft.Json.Tests.Issues.Issue1725" runstate="Runnable" testcasecount="4" result="Passed" start-time="2019-11-12 05:39:05Z" end-time="2019-11-12 05:39:05Z" duration="0.024705" total="4" passed="4" failed="0" inconclusive="0" skipped="0" asserts="0">
                <properties />
                <test-case id="3449" name="Test_In" fullname="Newtonsoft.Json.Tests.Issues.Issue1725.Test_In" methodname="Test_In" classname="Newtonsoft.Json.Tests.Issues.Issue1725" runstate="Runnable" seed="818568560" result="Passed" start-time="2019-11-12 05:39:05Z" end-time="2019-11-12 05:39:05Z" duration="0.004973" asserts="0">
                  <properties />
                </test-case>
                <test-case id="3451" name="Test_InNullable" fullname="Newtonsoft.Json.Tests.Issues.Issue1725.Test_InNullable" methodname="Test_InNullable" classname="Newtonsoft.Json.Tests.Issues.Issue1725" runstate="Runnable" seed="382999896" result="Passed" start-time="2019-11-12 05:39:05Z" end-time="2019-11-12 05:39:05Z" duration="0.003223" asserts="0">
                  <properties />
                </test-case>
                <test-case id="3450" name="Test_Ref" fullname="Newtonsoft.Json.Tests.Issues.Issue1725.Test_Ref" methodname="Test_Ref" classname="Newtonsoft.Json.Tests.Issues.Issue1725" runstate="Runnable" seed="876129969" result="Passed" start-time="2019-11-12 05:39:05Z" end-time="2019-11-12 05:39:05Z" duration="0.001838" asserts="0">
                  <properties />
                </test-case>
                <test-case id="3452" name="Test_RefNullable" fullname="Newtonsoft.Json.Tests.Issues.Issue1725.Test_RefNullable" methodname="Test_RefNullable" classname="Newtonsoft.Json.Tests.Issues.Issue1725" runstate="Runnable" seed="26075768" result="Passed" start-time="2019-11-12 05:39:05Z" end-time="2019-11-12 05:39:05Z" duration="0.002183" asserts="0">
                  <properties />
                </test-case>
              </test-suite>
              <test-suite type="TestFixture" id="3453" name="Issue1734" fullname="Newtonsoft.Json.Tests.Issues.Issue1734" classname="Newtonsoft.Json.Tests.Issues.Issue1734" runstate="Runnable" testcasecount="2" result="Passed" start-time="2019-11-12 05:39:05Z" end-time="2019-11-12 05:39:05Z" duration="0.012499" total="2" passed="2" failed="0" inconclusive="0" skipped="0" asserts="0">
                <properties />
                <test-case id="3454" name="Test_XmlNode" fullname="Newtonsoft.Json.Tests.Issues.Issue1734.Test_XmlNode" methodname="Test_XmlNode" classname="Newtonsoft.Json.Tests.Issues.Issue1734" runstate="Runnable" seed="1333503871" result="Passed" start-time="2019-11-12 05:39:05Z" end-time="2019-11-12 05:39:05Z" duration="0.002919" asserts="0">
                  <properties />
                </test-case>
                <test-case id="3455" name="Test_XNode" fullname="Newtonsoft.Json.Tests.Issues.Issue1734.Test_XNode" methodname="Test_XNode" classname="Newtonsoft.Json.Tests.Issues.Issue1734" runstate="Runnable" seed="1282556100" result="Passed" start-time="2019-11-12 05:39:05Z" end-time="2019-11-12 05:39:05Z" duration="0.002188" asserts="0">
                  <properties />
                </test-case>
              </test-suite>
              <test-suite type="TestFixture" id="3456" name="Issue1752" fullname="Newtonsoft.Json.Tests.Issues.Issue1752" classname="Newtonsoft.Json.Tests.Issues.Issue1752" runstate="Runnable" testcasecount="2" result="Passed" start-time="2019-11-12 05:39:05Z" end-time="2019-11-12 05:39:05Z" duration="0.012097" total="2" passed="2" failed="0" inconclusive="0" skipped="0" asserts="0">
                <properties />
                <test-case id="3457" name="Test_EmptyString" fullname="Newtonsoft.Json.Tests.Issues.Issue1752.Test_EmptyString" methodname="Test_EmptyString" classname="Newtonsoft.Json.Tests.Issues.Issue1752" runstate="Runnable" seed="143399751" result="Passed" start-time="2019-11-12 05:39:05Z" end-time="2019-11-12 05:39:05Z" duration="0.002288" asserts="0">
                  <properties />
                </test-case>
                <test-case id="3458" name="Test_Null" fullname="Newtonsoft.Json.Tests.Issues.Issue1752.Test_Null" methodname="Test_Null" classname="Newtonsoft.Json.Tests.Issues.Issue1752" runstate="Runnable" seed="2100349193" result="Passed" start-time="2019-11-12 05:39:05Z" end-time="2019-11-12 05:39:05Z" duration="0.001735" asserts="0">
                  <properties />
                </test-case>
              </test-suite>
              <test-suite type="TestFixture" id="3459" name="Issue1778" fullname="Newtonsoft.Json.Tests.Issues.Issue1778" classname="Newtonsoft.Json.Tests.Issues.Issue1778" runstate="Runnable" testcasecount="1" result="Passed" start-time="2019-11-12 05:39:05Z" end-time="2019-11-12 05:39:05Z" duration="0.007471" total="1" passed="1" failed="0" inconclusive="0" skipped="0" asserts="0">
                <properties />
                <test-case id="3460" name="Test" fullname="Newtonsoft.Json.Tests.Issues.Issue1778.Test" methodname="Test" classname="Newtonsoft.Json.Tests.Issues.Issue1778" runstate="Runnable" seed="1799108678" result="Passed" start-time="2019-11-12 05:39:05Z" end-time="2019-11-12 05:39:05Z" duration="0.001072" asserts="0">
                  <properties />
                </test-case>
              </test-suite>
              <test-suite type="TestFixture" id="3461" name="Issue1796" fullname="Newtonsoft.Json.Tests.Issues.Issue1796" classname="Newtonsoft.Json.Tests.Issues.Issue1796" runstate="Runnable" testcasecount="2" result="Passed" start-time="2019-11-12 05:39:05Z" end-time="2019-11-12 05:39:05Z" duration="0.017326" total="2" passed="2" failed="0" inconclusive="0" skipped="0" asserts="0">
                <properties />
                <test-case id="3462" name="Test" fullname="Newtonsoft.Json.Tests.Issues.Issue1796.Test" methodname="Test" classname="Newtonsoft.Json.Tests.Issues.Issue1796" runstate="Runnable" seed="1141647595" result="Passed" start-time="2019-11-12 05:39:05Z" end-time="2019-11-12 05:39:05Z" duration="0.005158" asserts="0">
                  <properties />
                </test-case>
                <test-case id="3463" name="Test_Generic" fullname="Newtonsoft.Json.Tests.Issues.Issue1796.Test_Generic" methodname="Test_Generic" classname="Newtonsoft.Json.Tests.Issues.Issue1796" runstate="Runnable" seed="1748969984" result="Passed" start-time="2019-11-12 05:39:05Z" end-time="2019-11-12 05:39:05Z" duration="0.004482" asserts="0">
                  <properties />
                </test-case>
              </test-suite>
              <test-suite type="TestFixture" id="3464" name="Issue1798" fullname="Newtonsoft.Json.Tests.Issues.Issue1798" classname="Newtonsoft.Json.Tests.Issues.Issue1798" runstate="Runnable" testcasecount="2" result="Passed" start-time="2019-11-12 05:39:05Z" end-time="2019-11-12 05:39:06Z" duration="0.029361" total="2" passed="2" failed="0" inconclusive="0" skipped="0" asserts="0">
                <properties />
                <test-case id="3465" name="Test" fullname="Newtonsoft.Json.Tests.Issues.Issue1798.Test" methodname="Test" classname="Newtonsoft.Json.Tests.Issues.Issue1798" runstate="Runnable" seed="240230383" result="Passed" start-time="2019-11-12 05:39:05Z" end-time="2019-11-12 05:39:06Z" duration="0.014290" asserts="0">
                  <properties />
                </test-case>
                <test-case id="3466" name="Test_DefaultContractResolver" fullname="Newtonsoft.Json.Tests.Issues.Issue1798.Test_DefaultContractResolver" methodname="Test_DefaultContractResolver" classname="Newtonsoft.Json.Tests.Issues.Issue1798" runstate="Runnable" seed="378895305" result="Passed" start-time="2019-11-12 05:39:06Z" end-time="2019-11-12 05:39:06Z" duration="0.006897" asserts="0">
                  <properties />
                </test-case>
              </test-suite>
              <test-suite type="TestFixture" id="3467" name="Issue1834" fullname="Newtonsoft.Json.Tests.Issues.Issue1834" classname="Newtonsoft.Json.Tests.Issues.Issue1834" runstate="Runnable" testcasecount="2" result="Passed" start-time="2019-11-12 05:39:06Z" end-time="2019-11-12 05:39:06Z" duration="0.014881" total="2" passed="2" failed="0" inconclusive="0" skipped="0" asserts="0">
                <properties />
                <test-case id="3468" name="Test" fullname="Newtonsoft.Json.Tests.Issues.Issue1834.Test" methodname="Test" classname="Newtonsoft.Json.Tests.Issues.Issue1834" runstate="Runnable" seed="1194985483" result="Passed" start-time="2019-11-12 05:39:06Z" end-time="2019-11-12 05:39:06Z" duration="0.003517" asserts="0">
                  <properties />
                </test-case>
                <test-case id="3469" name="Test_UnsetRequired" fullname="Newtonsoft.Json.Tests.Issues.Issue1834.Test_UnsetRequired" methodname="Test_UnsetRequired" classname="Newtonsoft.Json.Tests.Issues.Issue1834" runstate="Runnable" seed="77729203" result="Passed" start-time="2019-11-12 05:39:06Z" end-time="2019-11-12 05:39:06Z" duration="0.003407" asserts="0">
                  <properties />
                </test-case>
              </test-suite>
              <test-suite type="TestFixture" id="3470" name="Issue1837" fullname="Newtonsoft.Json.Tests.Issues.Issue1837" classname="Newtonsoft.Json.Tests.Issues.Issue1837" runstate="Runnable" testcasecount="1" result="Passed" start-time="2019-11-12 05:39:06Z" end-time="2019-11-12 05:39:06Z" duration="0.009943" total="1" passed="1" failed="0" inconclusive="0" skipped="0" asserts="0">
                <properties />
                <test-case id="3471" name="AllStrictEqualityTests" fullname="Newtonsoft.Json.Tests.Issues.Issue1837.AllStrictEqualityTests" methodname="AllStrictEqualityTests" classname="Newtonsoft.Json.Tests.Issues.Issue1837" runstate="Runnable" seed="2079746320" result="Passed" start-time="2019-11-12 05:39:06Z" end-time="2019-11-12 05:39:06Z" duration="0.003355" asserts="0">
                  <properties />
                </test-case>
              </test-suite>
              <test-suite type="TestFixture" id="3472" name="Issue1874" fullname="Newtonsoft.Json.Tests.Issues.Issue1874" classname="Newtonsoft.Json.Tests.Issues.Issue1874" runstate="Runnable" testcasecount="1" result="Passed" start-time="2019-11-12 05:39:06Z" end-time="2019-11-12 05:39:06Z" duration="0.009512" total="1" passed="1" failed="0" inconclusive="0" skipped="0" asserts="0">
                <properties />
                <test-case id="3473" name="Test" fullname="Newtonsoft.Json.Tests.Issues.Issue1874.Test" methodname="Test" classname="Newtonsoft.Json.Tests.Issues.Issue1874" runstate="Runnable" seed="190434786" result="Passed" start-time="2019-11-12 05:39:06Z" end-time="2019-11-12 05:39:06Z" duration="0.003350" asserts="0">
                  <properties />
                </test-case>
              </test-suite>
              <test-suite type="TestFixture" id="3474" name="Issue1877" fullname="Newtonsoft.Json.Tests.Issues.Issue1877" classname="Newtonsoft.Json.Tests.Issues.Issue1877" runstate="Runnable" testcasecount="1" result="Passed" start-time="2019-11-12 05:39:06Z" end-time="2019-11-12 05:39:06Z" duration="0.011683" total="1" passed="1" failed="0" inconclusive="0" skipped="0" asserts="0">
                <properties />
                <test-case id="3475" name="Test" fullname="Newtonsoft.Json.Tests.Issues.Issue1877.Test" methodname="Test" classname="Newtonsoft.Json.Tests.Issues.Issue1877" runstate="Runnable" seed="1690072493" result="Passed" start-time="2019-11-12 05:39:06Z" end-time="2019-11-12 05:39:06Z" duration="0.005563" asserts="0">
                  <properties />
                </test-case>
              </test-suite>
            </test-suite>
            <test-suite type="TestFixture" id="1025" name="JsonArrayAttributeTests" fullname="Newtonsoft.Json.Tests.JsonArrayAttributeTests" classname="Newtonsoft.Json.Tests.JsonArrayAttributeTests" runstate="Runnable" testcasecount="3" result="Passed" start-time="2019-11-12 05:39:06Z" end-time="2019-11-12 05:39:06Z" duration="0.013251" total="3" passed="3" failed="0" inconclusive="0" skipped="0" asserts="0">
              <properties />
              <test-case id="1028" name="DefaultValueHandlingTest" fullname="Newtonsoft.Json.Tests.JsonArrayAttributeTests.DefaultValueHandlingTest" methodname="DefaultValueHandlingTest" classname="Newtonsoft.Json.Tests.JsonArrayAttributeTests" runstate="Runnable" seed="813042521" result="Passed" start-time="2019-11-12 05:39:06Z" end-time="2019-11-12 05:39:06Z" duration="0.001140" asserts="0">
                <properties />
              </test-case>
              <test-case id="1026" name="IsReferenceTest" fullname="Newtonsoft.Json.Tests.JsonArrayAttributeTests.IsReferenceTest" methodname="IsReferenceTest" classname="Newtonsoft.Json.Tests.JsonArrayAttributeTests" runstate="Runnable" seed="56107089" result="Passed" start-time="2019-11-12 05:39:06Z" end-time="2019-11-12 05:39:06Z" duration="0.001074" asserts="0">
                <properties />
              </test-case>
              <test-case id="1027" name="NullValueHandlingTest" fullname="Newtonsoft.Json.Tests.JsonArrayAttributeTests.NullValueHandlingTest" methodname="NullValueHandlingTest" classname="Newtonsoft.Json.Tests.JsonArrayAttributeTests" runstate="Runnable" seed="1969800946" result="Passed" start-time="2019-11-12 05:39:06Z" end-time="2019-11-12 05:39:06Z" duration="0.000909" asserts="0">
                <properties />
              </test-case>
            </test-suite>
            <test-suite type="TestFixture" id="1029" name="JsonConvertTest" fullname="Newtonsoft.Json.Tests.JsonConvertTest" classname="Newtonsoft.Json.Tests.JsonConvertTest" runstate="Runnable" testcasecount="53" result="Passed" start-time="2019-11-12 05:39:06Z" end-time="2019-11-12 05:39:06Z" duration="0.343005" total="53" passed="53" failed="0" inconclusive="0" skipped="0" asserts="0">
              <properties />
              <test-case id="1076" name="CustomDoubleRounding" fullname="Newtonsoft.Json.Tests.JsonConvertTest.CustomDoubleRounding" methodname="CustomDoubleRounding" classname="Newtonsoft.Json.Tests.JsonConvertTest" runstate="Runnable" seed="1051991108" result="Passed" start-time="2019-11-12 05:39:06Z" end-time="2019-11-12 05:39:06Z" duration="0.008833" asserts="0">
                <properties />
              </test-case>
              <test-case id="1037" name="CustonNameTableTest" fullname="Newtonsoft.Json.Tests.JsonConvertTest.CustonNameTableTest" methodname="CustonNameTableTest" classname="Newtonsoft.Json.Tests.JsonConvertTest" runstate="Runnable" seed="1673141180" result="Passed" start-time="2019-11-12 05:39:06Z" end-time="2019-11-12 05:39:06Z" duration="0.001133" asserts="0">
                <properties />
              </test-case>
              <test-case id="1057" name="DecimalToString" fullname="Newtonsoft.Json.Tests.JsonConvertTest.DecimalToString" methodname="DecimalToString" classname="Newtonsoft.Json.Tests.JsonConvertTest" runstate="Runnable" seed="1431868250" result="Passed" start-time="2019-11-12 05:39:06Z" end-time="2019-11-12 05:39:06Z" duration="0.001463" asserts="0">
                <properties />
              </test-case>
              <test-case id="1035" name="DefaultSettings" fullname="Newtonsoft.Json.Tests.JsonConvertTest.DefaultSettings" methodname="DefaultSettings" classname="Newtonsoft.Json.Tests.JsonConvertTest" runstate="Runnable" seed="1052784509" result="Passed" start-time="2019-11-12 05:39:06Z" end-time="2019-11-12 05:39:06Z" duration="0.002750" asserts="0">
                <properties />
              </test-case>
              <test-case id="1041" name="DefaultSettings_Create" fullname="Newtonsoft.Json.Tests.JsonConvertTest.DefaultSettings_Create" methodname="DefaultSettings_Create" classname="Newtonsoft.Json.Tests.JsonConvertTest" runstate="Runnable" seed="157736251" result="Passed" start-time="2019-11-12 05:39:06Z" end-time="2019-11-12 05:39:06Z" duration="0.001095" asserts="0">
                <properties />
              </test-case>
              <test-case id="1042" name="DefaultSettings_CreateWithSettings" fullname="Newtonsoft.Json.Tests.JsonConvertTest.DefaultSettings_CreateWithSettings" methodname="DefaultSettings_CreateWithSettings" classname="Newtonsoft.Json.Tests.JsonConvertTest" runstate="Runnable" seed="1348430124" result="Passed" start-time="2019-11-12 05:39:06Z" end-time="2019-11-12 05:39:06Z" duration="0.001922" asserts="0">
                <properties />
              </test-case>
              <test-case id="1038" name="DefaultSettings_Example" fullname="Newtonsoft.Json.Tests.JsonConvertTest.DefaultSettings_Example" methodname="DefaultSettings_Example" classname="Newtonsoft.Json.Tests.JsonConvertTest" runstate="Runnable" seed="47526632" result="Passed" start-time="2019-11-12 05:39:06Z" end-time="2019-11-12 05:39:06Z" duration="0.001087" asserts="0">
                <properties />
              </test-case>
              <test-case id="1039" name="DefaultSettings_Override" fullname="Newtonsoft.Json.Tests.JsonConvertTest.DefaultSettings_Override" methodname="DefaultSettings_Override" classname="Newtonsoft.Json.Tests.JsonConvertTest" runstate="Runnable" seed="380006120" result="Passed" start-time="2019-11-12 05:39:06Z" end-time="2019-11-12 05:39:06Z" duration="0.000748" asserts="0">
                <properties />
              </test-case>
              <test-case id="1040" name="DefaultSettings_Override_JsonConverterOrder" fullname="Newtonsoft.Json.Tests.JsonConvertTest.DefaultSettings_Override_JsonConverterOrder" methodname="DefaultSettings_Override_JsonConverterOrder" classname="Newtonsoft.Json.Tests.JsonConvertTest" runstate="Runnable" seed="189407318" result="Passed" start-time="2019-11-12 05:39:06Z" end-time="2019-11-12 05:39:06Z" duration="0.003585" asserts="0">
                <properties />
              </test-case>
              <test-case id="1062" name="DeserializeObject" fullname="Newtonsoft.Json.Tests.JsonConvertTest.DeserializeObject" methodname="DeserializeObject" classname="Newtonsoft.Json.Tests.JsonConvertTest" runstate="Runnable" seed="404291000" result="Passed" start-time="2019-11-12 05:39:06Z" end-time="2019-11-12 05:39:06Z" duration="0.003564" asserts="0">
                <properties />
              </test-case>
              <test-case id="1047" name="DeserializeObject_DateTime_EmptyString" fullname="Newtonsoft.Json.Tests.JsonConvertTest.DeserializeObject_DateTime_EmptyString" methodname="DeserializeObject_DateTime_EmptyString" classname="Newtonsoft.Json.Tests.JsonConvertTest" runstate="Runnable" seed="910964522" result="Passed" start-time="2019-11-12 05:39:06Z" end-time="2019-11-12 05:39:06Z" duration="0.001016" asserts="0">
                <properties />
              </test-case>
              <test-case id="1046" name="DeserializeObject_Decimal_EmptyString" fullname="Newtonsoft.Json.Tests.JsonConvertTest.DeserializeObject_Decimal_EmptyString" methodname="DeserializeObject_Decimal_EmptyString" classname="Newtonsoft.Json.Tests.JsonConvertTest" runstate="Runnable" seed="296301212" result="Passed" start-time="2019-11-12 05:39:06Z" end-time="2019-11-12 05:39:06Z" duration="0.000985" asserts="0">
                <properties />
              </test-case>
              <test-case id="1043" name="DeserializeObject_EmptyString" fullname="Newtonsoft.Json.Tests.JsonConvertTest.DeserializeObject_EmptyString" methodname="DeserializeObject_EmptyString" classname="Newtonsoft.Json.Tests.JsonConvertTest" runstate="Runnable" seed="2036950288" result="Passed" start-time="2019-11-12 05:39:06Z" end-time="2019-11-12 05:39:06Z" duration="0.000670" asserts="0">
                <properties />
              </test-case>
              <test-case id="1044" name="DeserializeObject_Integer" fullname="Newtonsoft.Json.Tests.JsonConvertTest.DeserializeObject_Integer" methodname="DeserializeObject_Integer" classname="Newtonsoft.Json.Tests.JsonConvertTest" runstate="Runnable" seed="1717606820" result="Passed" start-time="2019-11-12 05:39:06Z" end-time="2019-11-12 05:39:06Z" duration="0.000530" asserts="0">
                <properties />
              </test-case>
              <test-case id="1045" name="DeserializeObject_Integer_EmptyString" fullname="Newtonsoft.Json.Tests.JsonConvertTest.DeserializeObject_Integer_EmptyString" methodname="DeserializeObject_Integer_EmptyString" classname="Newtonsoft.Json.Tests.JsonConvertTest" runstate="Runnable" seed="576652860" result="Passed" start-time="2019-11-12 05:39:06Z" end-time="2019-11-12 05:39:06Z" duration="0.000803" asserts="0">
                <properties />
              </test-case>
              <test-case id="1055" name="DeserializeValueObjects" fullname="Newtonsoft.Json.Tests.JsonConvertTest.DeserializeValueObjects" methodname="DeserializeValueObjects" classname="Newtonsoft.Json.Tests.JsonConvertTest" runstate="Runnable" seed="1511030818" result="Passed" start-time="2019-11-12 05:39:06Z" end-time="2019-11-12 05:39:06Z" duration="0.002076" asserts="0">
                <properties />
              </test-case>
              <test-case id="1052" name="EnumToString" fullname="Newtonsoft.Json.Tests.JsonConvertTest.EnumToString" methodname="EnumToString" classname="Newtonsoft.Json.Tests.JsonConvertTest" runstate="Runnable" seed="153696945" result="Passed" start-time="2019-11-12 05:39:06Z" end-time="2019-11-12 05:39:06Z" duration="0.000619" asserts="0">
                <properties />
              </test-case>
              <test-case id="1048" name="EscapeJavaScriptString" fullname="Newtonsoft.Json.Tests.JsonConvertTest.EscapeJavaScriptString" methodname="EscapeJavaScriptString" classname="Newtonsoft.Json.Tests.JsonConvertTest" runstate="Runnable" seed="1650490914" result="Passed" start-time="2019-11-12 05:39:06Z" end-time="2019-11-12 05:39:06Z" duration="0.001472" asserts="0">
                <properties />
              </test-case>
              <test-case id="1049" name="EscapeJavaScriptString_UnicodeLinefeeds" fullname="Newtonsoft.Json.Tests.JsonConvertTest.EscapeJavaScriptString_UnicodeLinefeeds" methodname="EscapeJavaScriptString_UnicodeLinefeeds" classname="Newtonsoft.Json.Tests.JsonConvertTest" runstate="Runnable" seed="165260882" result="Passed" start-time="2019-11-12 05:39:06Z" end-time="2019-11-12 05:39:06Z" duration="0.000716" asserts="0">
                <properties />
              </test-case>
              <test-case id="1056" name="FloatToString" fullname="Newtonsoft.Json.Tests.JsonConvertTest.FloatToString" methodname="FloatToString" classname="Newtonsoft.Json.Tests.JsonConvertTest" runstate="Runnable" seed="520004664" result="Passed" start-time="2019-11-12 05:39:06Z" end-time="2019-11-12 05:39:06Z" duration="0.001119" asserts="0">
                <properties />
              </test-case>
              <test-case id="1077" name="GenericBaseClassSerialization" fullname="Newtonsoft.Json.Tests.JsonConvertTest.GenericBaseClassSerialization" methodname="GenericBaseClassSerialization" classname="Newtonsoft.Json.Tests.JsonConvertTest" runstate="Runnable" seed="491734946" result="Passed" start-time="2019-11-12 05:39:06Z" end-time="2019-11-12 05:39:06Z" duration="0.002687" asserts="0">
                <properties />
              </test-case>
              <test-case id="1051" name="GuidToString" fullname="Newtonsoft.Json.Tests.JsonConvertTest.GuidToString" methodname="GuidToString" classname="Newtonsoft.Json.Tests.JsonConvertTest" runstate="Runnable" seed="993336416" result="Passed" start-time="2019-11-12 05:39:06Z" end-time="2019-11-12 05:39:06Z" duration="0.000899" asserts="0">
                <properties />
              </test-case>
              <test-case id="1067" name="IntegerLengthOverflows" fullname="Newtonsoft.Json.Tests.JsonConvertTest.IntegerLengthOverflows" methodname="IntegerLengthOverflows" classname="Newtonsoft.Json.Tests.JsonConvertTest" runstate="Runnable" seed="442487862" result="Passed" start-time="2019-11-12 05:39:06Z" end-time="2019-11-12 05:39:06Z" duration="0.003271" asserts="0">
                <properties />
              </test-case>
              <test-case id="1074" name="JsonConverterConstructor_OverloadsWithArrayParams" fullname="Newtonsoft.Json.Tests.JsonConvertTest.JsonConverterConstructor_OverloadsWithArrayParams" methodname="JsonConverterConstructor_OverloadsWithArrayParams" classname="Newtonsoft.Json.Tests.JsonConvertTest" runstate="Runnable" seed="341773913" result="Passed" start-time="2019-11-12 05:39:06Z" end-time="2019-11-12 05:39:06Z" duration="0.003986" asserts="0">
                <properties />
              </test-case>
              <test-case id="1075" name="JsonConverterConstructor_OverloadsWithBaseTypes" fullname="Newtonsoft.Json.Tests.JsonConvertTest.JsonConverterConstructor_OverloadsWithBaseTypes" methodname="JsonConverterConstructor_OverloadsWithBaseTypes" classname="Newtonsoft.Json.Tests.JsonConvertTest" runstate="Runnable" seed="1309735306" result="Passed" start-time="2019-11-12 05:39:06Z" end-time="2019-11-12 05:39:06Z" duration="0.002006" asserts="0">
                <properties />
              </test-case>
              <test-case id="1073" name="JsonConverterConstructor_OverloadsWithPrimitiveParams" fullname="Newtonsoft.Json.Tests.JsonConvertTest.JsonConverterConstructor_OverloadsWithPrimitiveParams" methodname="JsonConverterConstructor_OverloadsWithPrimitiveParams" classname="Newtonsoft.Json.Tests.JsonConvertTest" runstate="Runnable" seed="838542842" result="Passed" start-time="2019-11-12 05:39:06Z" end-time="2019-11-12 05:39:06Z" duration="0.021905" asserts="0">
                <properties />
              </test-case>
              <test-case id="1071" name="JsonConverterConstructor_OverloadWithTypeParam" fullname="Newtonsoft.Json.Tests.JsonConvertTest.JsonConverterConstructor_OverloadWithTypeParam" methodname="JsonConverterConstructor_OverloadWithTypeParam" classname="Newtonsoft.Json.Tests.JsonConvertTest" runstate="Runnable" seed="352178764" result="Passed" start-time="2019-11-12 05:39:06Z" end-time="2019-11-12 05:39:06Z" duration="0.019401" asserts="0">
                <properties />
              </test-case>
              <test-case id="1072" name="JsonConverterConstructor_OverloadWithUnhandledParam_FallbackToObject" fullname="Newtonsoft.Json.Tests.JsonConvertTest.JsonConverterConstructor_OverloadWithUnhandledParam_FallbackToObject" methodname="JsonConverterConstructor_OverloadWithUnhandledParam_FallbackToObject" classname="Newtonsoft.Json.Tests.JsonConvertTest" runstate="Runnable" seed="1529730218" result="Passed" start-time="2019-11-12 05:39:06Z" end-time="2019-11-12 05:39:06Z" duration="0.002356" asserts="0">
                <properties />
              </test-case>
              <test-case id="1065" name="MaximumDateTimeLength" fullname="Newtonsoft.Json.Tests.JsonConvertTest.MaximumDateTimeLength" methodname="MaximumDateTimeLength" classname="Newtonsoft.Json.Tests.JsonConvertTest" runstate="Runnable" seed="301166864" result="Passed" start-time="2019-11-12 05:39:06Z" end-time="2019-11-12 05:39:06Z" duration="0.000649" asserts="0">
                <properties />
              </test-case>
              <test-case id="1066" name="MaximumDateTimeMicrosoftDateFormatLength" fullname="Newtonsoft.Json.Tests.JsonConvertTest.MaximumDateTimeMicrosoftDateFormatLength" methodname="MaximumDateTimeMicrosoftDateFormatLength" classname="Newtonsoft.Json.Tests.JsonConvertTest" runstate="Runnable" seed="166408555" result="Passed" start-time="2019-11-12 05:39:06Z" end-time="2019-11-12 05:39:06Z" duration="0.000654" asserts="0">
                <properties />
              </test-case>
              <test-case id="1064" name="MaximumDateTimeOffsetLength" fullname="Newtonsoft.Json.Tests.JsonConvertTest.MaximumDateTimeOffsetLength" methodname="MaximumDateTimeOffsetLength" classname="Newtonsoft.Json.Tests.JsonConvertTest" runstate="Runnable" seed="707254601" result="Passed" start-time="2019-11-12 05:39:06Z" end-time="2019-11-12 05:39:06Z" duration="0.000756" asserts="0">
                <properties />
              </test-case>
              <test-case id="1036" name="NameTableTest" fullname="Newtonsoft.Json.Tests.JsonConvertTest.NameTableTest" methodname="NameTableTest" classname="Newtonsoft.Json.Tests.JsonConvertTest" runstate="Runnable" seed="178826314" result="Passed" start-time="2019-11-12 05:39:06Z" end-time="2019-11-12 05:39:06Z" duration="0.002298" asserts="0">
                <properties />
              </test-case>
              <test-case id="1053" name="ObjectToString" fullname="Newtonsoft.Json.Tests.JsonConvertTest.ObjectToString" methodname="ObjectToString" classname="Newtonsoft.Json.Tests.JsonConvertTest" runstate="Runnable" seed="1748873402" result="Passed" start-time="2019-11-12 05:39:06Z" end-time="2019-11-12 05:39:06Z" duration="0.004932" asserts="0">
                <properties />
              </test-case>
              <test-case id="1069" name="ParametersPassedToJsonConverterConstructor" fullname="Newtonsoft.Json.Tests.JsonConvertTest.ParametersPassedToJsonConverterConstructor" methodname="ParametersPassedToJsonConverterConstructor" classname="Newtonsoft.Json.Tests.JsonConvertTest" runstate="Runnable" seed="1129413472" result="Passed" start-time="2019-11-12 05:39:06Z" end-time="2019-11-12 05:39:06Z" duration="0.006837" asserts="0">
                <properties />
              </test-case>
              <test-case id="1068" name="ParseIsoDate" fullname="Newtonsoft.Json.Tests.JsonConvertTest.ParseIsoDate" methodname="ParseIsoDate" classname="Newtonsoft.Json.Tests.JsonConvertTest" runstate="Runnable" seed="218266083" result="Passed" start-time="2019-11-12 05:39:06Z" end-time="2019-11-12 05:39:06Z" duration="0.000718" asserts="0">
                <properties />
              </test-case>
              <test-case id="1031" name="PopulateObjectWithHeaderComment" fullname="Newtonsoft.Json.Tests.JsonConvertTest.PopulateObjectWithHeaderComment" methodname="PopulateObjectWithHeaderComment" classname="Newtonsoft.Json.Tests.JsonConvertTest" runstate="Runnable" seed="600639872" result="Passed" start-time="2019-11-12 05:39:06Z" end-time="2019-11-12 05:39:06Z" duration="0.002005" asserts="0">
                <properties />
              </test-case>
              <test-case id="1032" name="PopulateObjectWithMultipleHeaderComment" fullname="Newtonsoft.Json.Tests.JsonConvertTest.PopulateObjectWithMultipleHeaderComment" methodname="PopulateObjectWithMultipleHeaderComment" classname="Newtonsoft.Json.Tests.JsonConvertTest" runstate="Runnable" seed="1076316420" result="Passed" start-time="2019-11-12 05:39:06Z" end-time="2019-11-12 05:39:06Z" duration="0.000679" asserts="0">
                <properties />
              </test-case>
              <test-case id="1033" name="PopulateObjectWithNoContent" fullname="Newtonsoft.Json.Tests.JsonConvertTest.PopulateObjectWithNoContent" methodname="PopulateObjectWithNoContent" classname="Newtonsoft.Json.Tests.JsonConvertTest" runstate="Runnable" seed="274548439" result="Passed" start-time="2019-11-12 05:39:06Z" end-time="2019-11-12 05:39:06Z" duration="0.000824" asserts="0">
                <properties />
              </test-case>
              <test-case id="1034" name="PopulateObjectWithOnlyComment" fullname="Newtonsoft.Json.Tests.JsonConvertTest.PopulateObjectWithOnlyComment" methodname="PopulateObjectWithOnlyComment" classname="Newtonsoft.Json.Tests.JsonConvertTest" runstate="Runnable" seed="739579019" result="Passed" start-time="2019-11-12 05:39:06Z" end-time="2019-11-12 05:39:06Z" duration="0.001175" asserts="0">
                <properties />
              </test-case>
              <test-case id="1061" name="SerializeObjectDateTimeZoneHandling" fullname="Newtonsoft.Json.Tests.JsonConvertTest.SerializeObjectDateTimeZoneHandling" methodname="SerializeObjectDateTimeZoneHandling" classname="Newtonsoft.Json.Tests.JsonConvertTest" runstate="Runnable" seed="1935877648" result="Passed" start-time="2019-11-12 05:39:06Z" end-time="2019-11-12 05:39:06Z" duration="0.000611" asserts="0">
                <properties />
              </test-case>
              <test-case id="1080" name="ShouldNotPopulateContructorArgumentEnumerableObject" fullname="Newtonsoft.Json.Tests.JsonConvertTest.ShouldNotPopulateContructorArgumentEnumerableObject" methodname="ShouldNotPopulateContructorArgumentEnumerableObject" classname="Newtonsoft.Json.Tests.JsonConvertTest" runstate="Runnable" seed="1140210492" result="Passed" start-time="2019-11-12 05:39:06Z" end-time="2019-11-12 05:39:06Z" duration="0.002683" asserts="0">
                <properties />
              </test-case>
              <test-case id="1081" name="ShouldNotPopulateEnumerableObjectProperty" fullname="Newtonsoft.Json.Tests.JsonConvertTest.ShouldNotPopulateEnumerableObjectProperty" methodname="ShouldNotPopulateEnumerableObjectProperty" classname="Newtonsoft.Json.Tests.JsonConvertTest" runstate="Runnable" seed="725030159" result="Passed" start-time="2019-11-12 05:39:06Z" end-time="2019-11-12 05:39:06Z" duration="0.002160" asserts="0">
                <properties />
              </test-case>
              <test-case id="1079" name="ShouldNotPopulateReadOnlyEnumerableObjectWithDefaultConstructor" fullname="Newtonsoft.Json.Tests.JsonConvertTest.ShouldNotPopulateReadOnlyEnumerableObjectWithDefaultConstructor" methodname="ShouldNotPopulateReadOnlyEnumerableObjectWithDefaultConstructor" classname="Newtonsoft.Json.Tests.JsonConvertTest" runstate="Runnable" seed="1453916676" result="Passed" start-time="2019-11-12 05:39:06Z" end-time="2019-11-12 05:39:06Z" duration="0.001926" asserts="0">
                <properties />
              </test-case>
              <test-case id="1078" name="ShouldNotPopulateReadOnlyEnumerableObjectWithNonDefaultConstructor" fullname="Newtonsoft.Json.Tests.JsonConvertTest.ShouldNotPopulateReadOnlyEnumerableObjectWithNonDefaultConstructor" methodname="ShouldNotPopulateReadOnlyEnumerableObjectWithNonDefaultConstructor" classname="Newtonsoft.Json.Tests.JsonConvertTest" runstate="Runnable" seed="412520594" result="Passed" start-time="2019-11-12 05:39:06Z" end-time="2019-11-12 05:39:06Z" duration="0.001877" asserts="0">
                <properties />
              </test-case>
              <test-case id="1082" name="ShouldNotRequireIgnoredPropertiesWithItemsRequired" fullname="Newtonsoft.Json.Tests.JsonConvertTest.ShouldNotRequireIgnoredPropertiesWithItemsRequired" methodname="ShouldNotRequireIgnoredPropertiesWithItemsRequired" classname="Newtonsoft.Json.Tests.JsonConvertTest" runstate="Runnable" seed="246706787" result="Passed" start-time="2019-11-12 05:39:06Z" end-time="2019-11-12 05:39:06Z" duration="0.003132" asserts="0">
                <properties />
              </test-case>
              <test-case id="1058" name="StringEscaping" fullname="Newtonsoft.Json.Tests.JsonConvertTest.StringEscaping" methodname="StringEscaping" classname="Newtonsoft.Json.Tests.JsonConvertTest" runstate="Runnable" seed="163287625" result="Passed" start-time="2019-11-12 05:39:06Z" end-time="2019-11-12 05:39:06Z" duration="0.000622" asserts="0">
                <properties />
              </test-case>
              <test-case id="1054" name="TestInvalidStrings" fullname="Newtonsoft.Json.Tests.JsonConvertTest.TestInvalidStrings" methodname="TestInvalidStrings" classname="Newtonsoft.Json.Tests.JsonConvertTest" runstate="Runnable" seed="1914872474" result="Passed" start-time="2019-11-12 05:39:06Z" end-time="2019-11-12 05:39:06Z" duration="0.000829" asserts="0">
                <properties />
              </test-case>
              <test-case id="1063" name="TestJsonDateTimeOffsetRoundtrip" fullname="Newtonsoft.Json.Tests.JsonConvertTest.TestJsonDateTimeOffsetRoundtrip" methodname="TestJsonDateTimeOffsetRoundtrip" classname="Newtonsoft.Json.Tests.JsonConvertTest" runstate="Runnable" seed="1584811067" result="Passed" start-time="2019-11-12 05:39:06Z" end-time="2019-11-12 05:39:06Z" duration="0.001237" asserts="0">
                <properties />
              </test-case>
              <test-case id="1030" name="ToStringEnsureEscapedArrayLength" fullname="Newtonsoft.Json.Tests.JsonConvertTest.ToStringEnsureEscapedArrayLength" methodname="ToStringEnsureEscapedArrayLength" classname="Newtonsoft.Json.Tests.JsonConvertTest" runstate="Runnable" seed="398688089" result="Passed" start-time="2019-11-12 05:39:06Z" end-time="2019-11-12 05:39:06Z" duration="0.000547" asserts="0">
                <properties />
              </test-case>
              <test-case id="1050" name="ToStringInvalid" fullname="Newtonsoft.Json.Tests.JsonConvertTest.ToStringInvalid" methodname="ToStringInvalid" classname="Newtonsoft.Json.Tests.JsonConvertTest" runstate="Runnable" seed="1975313909" result="Passed" start-time="2019-11-12 05:39:06Z" end-time="2019-11-12 05:39:06Z" duration="0.000858" asserts="0">
                <properties />
              </test-case>
              <test-case id="1059" name="ToStringStringEscapeHandling" fullname="Newtonsoft.Json.Tests.JsonConvertTest.ToStringStringEscapeHandling" methodname="ToStringStringEscapeHandling" classname="Newtonsoft.Json.Tests.JsonConvertTest" runstate="Runnable" seed="71000439" result="Passed" start-time="2019-11-12 05:39:06Z" end-time="2019-11-12 05:39:06Z" duration="0.000774" asserts="0">
                <properties />
              </test-case>
              <test-case id="1060" name="WriteDateTime" fullname="Newtonsoft.Json.Tests.JsonConvertTest.WriteDateTime" methodname="WriteDateTime" classname="Newtonsoft.Json.Tests.JsonConvertTest" runstate="Runnable" seed="1111646509" result="Passed" start-time="2019-11-12 05:39:06Z" end-time="2019-11-12 05:39:06Z" duration="0.066395" asserts="0">
                <properties />
              </test-case>
              <test-case id="1070" name="WrongParametersPassedToJsonConvertConstructorShouldThrow" fullname="Newtonsoft.Json.Tests.JsonConvertTest.WrongParametersPassedToJsonConvertConstructorShouldThrow" methodname="WrongParametersPassedToJsonConvertConstructorShouldThrow" classname="Newtonsoft.Json.Tests.JsonConvertTest" runstate="Runnable" seed="2139541787" result="Passed" start-time="2019-11-12 05:39:06Z" end-time="2019-11-12 05:39:06Z" duration="0.002696" asserts="0">
                <properties />
              </test-case>
            </test-suite>
            <test-suite type="TestSuite" id="4116" name="JsonTextReaderTests" fullname="Newtonsoft.Json.Tests.JsonTextReaderTests" runstate="Runnable" testcasecount="197" result="Passed" start-time="2019-11-12 05:39:06Z" end-time="2019-11-12 05:39:08Z" duration="1.746330" total="197" passed="197" failed="0" inconclusive="0" skipped="0" asserts="0">
              <properties />
              <test-suite type="TestFixture" id="3173" name="ExceptionHandlingTests" fullname="Newtonsoft.Json.Tests.JsonTextReaderTests.ExceptionHandlingTests" classname="Newtonsoft.Json.Tests.JsonTextReaderTests.ExceptionHandlingTests" runstate="Runnable" testcasecount="78" result="Passed" start-time="2019-11-12 05:39:06Z" end-time="2019-11-12 05:39:07Z" duration="0.565359" total="78" passed="78" failed="0" inconclusive="0" skipped="0" asserts="0">
                <properties>
                  <property name="Category" value="JsonTextReaderTests" />
                </properties>
                <test-case id="3195" name="BadCommentStart" fullname="Newtonsoft.Json.Tests.JsonTextReaderTests.ExceptionHandlingTests.BadCommentStart" methodname="BadCommentStart" classname="Newtonsoft.Json.Tests.JsonTextReaderTests.ExceptionHandlingTests" runstate="Runnable" seed="795338349" result="Passed" start-time="2019-11-12 05:39:06Z" end-time="2019-11-12 05:39:06Z" duration="0.001217" asserts="0">
                  <properties />
                </test-case>
                <test-case id="3247" name="ErrorReadingComment" fullname="Newtonsoft.Json.Tests.JsonTextReaderTests.ExceptionHandlingTests.ErrorReadingComment" methodname="ErrorReadingComment" classname="Newtonsoft.Json.Tests.JsonTextReaderTests.ExceptionHandlingTests" runstate="Runnable" seed="1407451091" result="Passed" start-time="2019-11-12 05:39:06Z" end-time="2019-11-12 05:39:06Z" duration="0.001507" asserts="0">
                  <properties />
                </test-case>
                <test-case id="3248" name="EscapedPathInExceptionMessage" fullname="Newtonsoft.Json.Tests.JsonTextReaderTests.ExceptionHandlingTests.EscapedPathInExceptionMessage" methodname="EscapedPathInExceptionMessage" classname="Newtonsoft.Json.Tests.JsonTextReaderTests.ExceptionHandlingTests" runstate="Runnable" seed="31998646" result="Passed" start-time="2019-11-12 05:39:06Z" end-time="2019-11-12 05:39:06Z" duration="0.001065" asserts="0">
                  <properties />
                </test-case>
                <test-case id="3191" name="MatchWithInsufficentCharacters" fullname="Newtonsoft.Json.Tests.JsonTextReaderTests.ExceptionHandlingTests.MatchWithInsufficentCharacters" methodname="MatchWithInsufficentCharacters" classname="Newtonsoft.Json.Tests.JsonTextReaderTests.ExceptionHandlingTests" runstate="Runnable" seed="1594899546" result="Passed" start-time="2019-11-12 05:39:06Z" end-time="2019-11-12 05:39:06Z" duration="0.000918" asserts="0">
                  <properties />
                </test-case>
                <test-case id="3193" name="MatchWithNoTrailingSeparator" fullname="Newtonsoft.Json.Tests.JsonTextReaderTests.ExceptionHandlingTests.MatchWithNoTrailingSeparator" methodname="MatchWithNoTrailingSeparator" classname="Newtonsoft.Json.Tests.JsonTextReaderTests.ExceptionHandlingTests" runstate="Runnable" seed="67893347" result="Passed" start-time="2019-11-12 05:39:06Z" end-time="2019-11-12 05:39:06Z" duration="0.000815" asserts="0">
                  <properties />
                </test-case>
                <test-case id="3192" name="MatchWithWrongCharacters" fullname="Newtonsoft.Json.Tests.JsonTextReaderTests.ExceptionHandlingTests.MatchWithWrongCharacters" methodname="MatchWithWrongCharacters" classname="Newtonsoft.Json.Tests.JsonTextReaderTests.ExceptionHandlingTests" runstate="Runnable" seed="1642197149" result="Passed" start-time="2019-11-12 05:39:06Z" end-time="2019-11-12 05:39:06Z" duration="0.000759" asserts="0">
                  <properties />
                </test-case>
                <test-case id="3249" name="MaxDepth" fullname="Newtonsoft.Json.Tests.JsonTextReaderTests.ExceptionHandlingTests.MaxDepth" methodname="MaxDepth" classname="Newtonsoft.Json.Tests.JsonTextReaderTests.ExceptionHandlingTests" runstate="Runnable" seed="981933716" result="Passed" start-time="2019-11-12 05:39:06Z" end-time="2019-11-12 05:39:06Z" duration="0.000979" asserts="0">
                  <properties />
                </test-case>
                <test-case id="3250" name="MaxDepthDoesNotRecursivelyError" fullname="Newtonsoft.Json.Tests.JsonTextReaderTests.ExceptionHandlingTests.MaxDepthDoesNotRecursivelyError" methodname="MaxDepthDoesNotRecursivelyError" classname="Newtonsoft.Json.Tests.JsonTextReaderTests.ExceptionHandlingTests" runstate="Runnable" seed="1651174118" result="Passed" start-time="2019-11-12 05:39:06Z" end-time="2019-11-12 05:39:06Z" duration="0.001769" asserts="0">
                  <properties />
                </test-case>
                <test-case id="3196" name="MissingColon" fullname="Newtonsoft.Json.Tests.JsonTextReaderTests.ExceptionHandlingTests.MissingColon" methodname="MissingColon" classname="Newtonsoft.Json.Tests.JsonTextReaderTests.ExceptionHandlingTests" runstate="Runnable" seed="464388660" result="Passed" start-time="2019-11-12 05:39:06Z" end-time="2019-11-12 05:39:06Z" duration="0.001060" asserts="0">
                  <properties />
                </test-case>
                <test-case id="3197" name="NullTextReader" fullname="Newtonsoft.Json.Tests.JsonTextReaderTests.ExceptionHandlingTests.NullTextReader" methodname="NullTextReader" classname="Newtonsoft.Json.Tests.JsonTextReaderTests.ExceptionHandlingTests" runstate="Runnable" seed="1033331541" result="Passed" start-time="2019-11-12 05:39:06Z" end-time="2019-11-12 05:39:06Z" duration="0.001113" asserts="0">
                  <properties />
                </test-case>
                <test-case id="3201" name="ParseAdditionalContent_Comma" fullname="Newtonsoft.Json.Tests.JsonTextReaderTests.ExceptionHandlingTests.ParseAdditionalContent_Comma" methodname="ParseAdditionalContent_Comma" classname="Newtonsoft.Json.Tests.JsonTextReaderTests.ExceptionHandlingTests" runstate="Runnable" seed="1252154484" result="Passed" start-time="2019-11-12 05:39:06Z" end-time="2019-11-12 05:39:06Z" duration="0.000755" asserts="0">
                  <properties />
                </test-case>
                <test-case id="3202" name="ParseAdditionalContent_Text" fullname="Newtonsoft.Json.Tests.JsonTextReaderTests.ExceptionHandlingTests.ParseAdditionalContent_Text" methodname="ParseAdditionalContent_Text" classname="Newtonsoft.Json.Tests.JsonTextReaderTests.ExceptionHandlingTests" runstate="Runnable" seed="150744551" result="Passed" start-time="2019-11-12 05:39:06Z" end-time="2019-11-12 05:39:06Z" duration="0.001015" asserts="0">
                  <properties />
                </test-case>
                <test-case id="3203" name="ParseAdditionalContent_WhitespaceThenText" fullname="Newtonsoft.Json.Tests.JsonTextReaderTests.ExceptionHandlingTests.ParseAdditionalContent_WhitespaceThenText" methodname="ParseAdditionalContent_WhitespaceThenText" classname="Newtonsoft.Json.Tests.JsonTextReaderTests.ExceptionHandlingTests" runstate="Runnable" seed="1214594767" result="Passed" start-time="2019-11-12 05:39:06Z" end-time="2019-11-12 05:39:06Z" duration="0.000949" asserts="0">
                  <properties />
                </test-case>
                <test-case id="3198" name="ParseConstructorWithBadCharacter" fullname="Newtonsoft.Json.Tests.JsonTextReaderTests.ExceptionHandlingTests.ParseConstructorWithBadCharacter" methodname="ParseConstructorWithBadCharacter" classname="Newtonsoft.Json.Tests.JsonTextReaderTests.ExceptionHandlingTests" runstate="Runnable" seed="363386222" result="Passed" start-time="2019-11-12 05:39:06Z" end-time="2019-11-12 05:39:06Z" duration="0.000789" asserts="0">
                  <properties />
                </test-case>
                <test-case id="3200" name="ParseConstructorWithUnexpectedCharacter" fullname="Newtonsoft.Json.Tests.JsonTextReaderTests.ExceptionHandlingTests.ParseConstructorWithUnexpectedCharacter" methodname="ParseConstructorWithUnexpectedCharacter" classname="Newtonsoft.Json.Tests.JsonTextReaderTests.ExceptionHandlingTests" runstate="Runnable" seed="224962098" result="Passed" start-time="2019-11-12 05:39:06Z" end-time="2019-11-12 05:39:06Z" duration="0.000879" asserts="0">
                  <properties />
                </test-case>
                <test-case id="3199" name="ParseConstructorWithUnexpectedEnd" fullname="Newtonsoft.Json.Tests.JsonTextReaderTests.ExceptionHandlingTests.ParseConstructorWithUnexpectedEnd" methodname="ParseConstructorWithUnexpectedEnd" classname="Newtonsoft.Json.Tests.JsonTextReaderTests.ExceptionHandlingTests" runstate="Runnable" seed="2085130308" result="Passed" start-time="2019-11-12 05:39:06Z" end-time="2019-11-12 05:39:06Z" duration="0.000640" asserts="0">
                  <properties />
                </test-case>
                <test-case id="3204" name="ParseIncompleteCommentSeparator" fullname="Newtonsoft.Json.Tests.JsonTextReaderTests.ExceptionHandlingTests.ParseIncompleteCommentSeparator" methodname="ParseIncompleteCommentSeparator" classname="Newtonsoft.Json.Tests.JsonTextReaderTests.ExceptionHandlingTests" runstate="Runnable" seed="602467303" result="Passed" start-time="2019-11-12 05:39:06Z" end-time="2019-11-12 05:39:06Z" duration="0.000709" asserts="0">
                  <properties />
                </test-case>
                <test-case id="3180" name="Read_MissingComma" fullname="Newtonsoft.Json.Tests.JsonTextReaderTests.ExceptionHandlingTests.Read_MissingComma" methodname="Read_MissingComma" classname="Newtonsoft.Json.Tests.JsonTextReaderTests.ExceptionHandlingTests" runstate="Runnable" seed="306989820" result="Passed" start-time="2019-11-12 05:39:06Z" end-time="2019-11-12 05:39:06Z" duration="0.000966" asserts="0">
                  <properties />
                </test-case>
                <test-case id="3216" name="ReadAsBoolean_AdditionalBadData" fullname="Newtonsoft.Json.Tests.JsonTextReaderTests.ExceptionHandlingTests.ReadAsBoolean_AdditionalBadData" methodname="ReadAsBoolean_AdditionalBadData" classname="Newtonsoft.Json.Tests.JsonTextReaderTests.ExceptionHandlingTests" runstate="Runnable" seed="2086409652" result="Passed" start-time="2019-11-12 05:39:06Z" end-time="2019-11-12 05:39:06Z" duration="0.000748" asserts="0">
                  <properties />
                </test-case>
                <test-case id="3219" name="ReadAsBoolean_BadData" fullname="Newtonsoft.Json.Tests.JsonTextReaderTests.ExceptionHandlingTests.ReadAsBoolean_BadData" methodname="ReadAsBoolean_BadData" classname="Newtonsoft.Json.Tests.JsonTextReaderTests.ExceptionHandlingTests" runstate="Runnable" seed="1397769537" result="Passed" start-time="2019-11-12 05:39:06Z" end-time="2019-11-12 05:39:06Z" duration="0.000725" asserts="0">
                  <properties />
                </test-case>
                <test-case id="3176" name="ReadAsBoolean_MissingComma" fullname="Newtonsoft.Json.Tests.JsonTextReaderTests.ExceptionHandlingTests.ReadAsBoolean_MissingComma" methodname="ReadAsBoolean_MissingComma" classname="Newtonsoft.Json.Tests.JsonTextReaderTests.ExceptionHandlingTests" runstate="Runnable" seed="1791639436" result="Passed" start-time="2019-11-12 05:39:06Z" end-time="2019-11-12 05:39:06Z" duration="0.000876" asserts="0">
                  <properties />
                </test-case>
                <test-case id="3218" name="ReadAsBoolean_UnexpectedEnd" fullname="Newtonsoft.Json.Tests.JsonTextReaderTests.ExceptionHandlingTests.ReadAsBoolean_UnexpectedEnd" methodname="ReadAsBoolean_UnexpectedEnd" classname="Newtonsoft.Json.Tests.JsonTextReaderTests.ExceptionHandlingTests" runstate="Runnable" seed="695384827" result="Passed" start-time="2019-11-12 05:39:06Z" end-time="2019-11-12 05:39:06Z" duration="0.000915" asserts="0">
                  <properties />
                </test-case>
                <test-case id="3223" name="ReadAsBytes_BadData" fullname="Newtonsoft.Json.Tests.JsonTextReaderTests.ExceptionHandlingTests.ReadAsBytes_BadData" methodname="ReadAsBytes_BadData" classname="Newtonsoft.Json.Tests.JsonTextReaderTests.ExceptionHandlingTests" runstate="Runnable" seed="1004554213" result="Passed" start-time="2019-11-12 05:39:06Z" end-time="2019-11-12 05:39:06Z" duration="0.000846" asserts="0">
                  <properties />
                </test-case>
                <test-case id="3227" name="ReadAsBytes_CommaErrors" fullname="Newtonsoft.Json.Tests.JsonTextReaderTests.ExceptionHandlingTests.ReadAsBytes_CommaErrors" methodname="ReadAsBytes_CommaErrors" classname="Newtonsoft.Json.Tests.JsonTextReaderTests.ExceptionHandlingTests" runstate="Runnable" seed="557719894" result="Passed" start-time="2019-11-12 05:39:06Z" end-time="2019-11-12 05:39:06Z" duration="0.001220" asserts="0">
                  <properties />
                </test-case>
                <test-case id="3229" name="ReadAsBytes_CommaErrors_Multiple" fullname="Newtonsoft.Json.Tests.JsonTextReaderTests.ExceptionHandlingTests.ReadAsBytes_CommaErrors_Multiple" methodname="ReadAsBytes_CommaErrors_Multiple" classname="Newtonsoft.Json.Tests.JsonTextReaderTests.ExceptionHandlingTests" runstate="Runnable" seed="71331135" result="Passed" start-time="2019-11-12 05:39:06Z" end-time="2019-11-12 05:39:06Z" duration="0.000786" asserts="0">
                  <properties />
                </test-case>
                <test-case id="3228" name="ReadAsBytes_InvalidEndArray" fullname="Newtonsoft.Json.Tests.JsonTextReaderTests.ExceptionHandlingTests.ReadAsBytes_InvalidEndArray" methodname="ReadAsBytes_InvalidEndArray" classname="Newtonsoft.Json.Tests.JsonTextReaderTests.ExceptionHandlingTests" runstate="Runnable" seed="102337525" result="Passed" start-time="2019-11-12 05:39:06Z" end-time="2019-11-12 05:39:06Z" duration="0.000635" asserts="0">
                  <properties />
                </test-case>
                <test-case id="3174" name="ReadAsBytes_MissingComma" fullname="Newtonsoft.Json.Tests.JsonTextReaderTests.ExceptionHandlingTests.ReadAsBytes_MissingComma" methodname="ReadAsBytes_MissingComma" classname="Newtonsoft.Json.Tests.JsonTextReaderTests.ExceptionHandlingTests" runstate="Runnable" seed="2140118475" result="Passed" start-time="2019-11-12 05:39:06Z" end-time="2019-11-12 05:39:06Z" duration="0.000958" asserts="0">
                  <properties />
                </test-case>
                <test-case id="3225" name="ReadAsBytesArrayWithBadContent" fullname="Newtonsoft.Json.Tests.JsonTextReaderTests.ExceptionHandlingTests.ReadAsBytesArrayWithBadContent" methodname="ReadAsBytesArrayWithBadContent" classname="Newtonsoft.Json.Tests.JsonTextReaderTests.ExceptionHandlingTests" runstate="Runnable" seed="1317840426" result="Passed" start-time="2019-11-12 05:39:06Z" end-time="2019-11-12 05:39:06Z" duration="0.000859" asserts="0">
                  <properties />
                </test-case>
                <test-case id="3226" name="ReadAsBytesBadContent" fullname="Newtonsoft.Json.Tests.JsonTextReaderTests.ExceptionHandlingTests.ReadAsBytesBadContent" methodname="ReadAsBytesBadContent" classname="Newtonsoft.Json.Tests.JsonTextReaderTests.ExceptionHandlingTests" runstate="Runnable" seed="1875863893" result="Passed" start-time="2019-11-12 05:39:06Z" end-time="2019-11-12 05:39:06Z" duration="0.000967" asserts="0">
                  <properties />
                </test-case>
                <test-case id="3224" name="ReadAsBytesIntegerArrayWithNoEnd" fullname="Newtonsoft.Json.Tests.JsonTextReaderTests.ExceptionHandlingTests.ReadAsBytesIntegerArrayWithNoEnd" methodname="ReadAsBytesIntegerArrayWithNoEnd" classname="Newtonsoft.Json.Tests.JsonTextReaderTests.ExceptionHandlingTests" runstate="Runnable" seed="1683431875" result="Passed" start-time="2019-11-12 05:39:06Z" end-time="2019-11-12 05:39:06Z" duration="0.000938" asserts="0">
                  <properties />
                </test-case>
                <test-case id="3206" name="ReadAsBytesNoContentWrappedObject" fullname="Newtonsoft.Json.Tests.JsonTextReaderTests.ExceptionHandlingTests.ReadAsBytesNoContentWrappedObject" methodname="ReadAsBytesNoContentWrappedObject" classname="Newtonsoft.Json.Tests.JsonTextReaderTests.ExceptionHandlingTests" runstate="Runnable" seed="198636125" result="Passed" start-time="2019-11-12 05:39:06Z" end-time="2019-11-12 05:39:06Z" duration="0.000802" asserts="0">
                  <properties />
                </test-case>
                <test-case id="3232" name="ReadAsDateTime_BadData" fullname="Newtonsoft.Json.Tests.JsonTextReaderTests.ExceptionHandlingTests.ReadAsDateTime_BadData" methodname="ReadAsDateTime_BadData" classname="Newtonsoft.Json.Tests.JsonTextReaderTests.ExceptionHandlingTests" runstate="Runnable" seed="1283207394" result="Passed" start-time="2019-11-12 05:39:06Z" end-time="2019-11-12 05:39:06Z" duration="0.000879" asserts="0">
                  <properties />
                </test-case>
                <test-case id="3233" name="ReadAsDateTime_Boolean" fullname="Newtonsoft.Json.Tests.JsonTextReaderTests.ExceptionHandlingTests.ReadAsDateTime_Boolean" methodname="ReadAsDateTime_Boolean" classname="Newtonsoft.Json.Tests.JsonTextReaderTests.ExceptionHandlingTests" runstate="Runnable" seed="4194856" result="Passed" start-time="2019-11-12 05:39:06Z" end-time="2019-11-12 05:39:06Z" duration="0.001023" asserts="0">
                  <properties />
                </test-case>
                <test-case id="3177" name="ReadAsDateTime_MissingComma" fullname="Newtonsoft.Json.Tests.JsonTextReaderTests.ExceptionHandlingTests.ReadAsDateTime_MissingComma" methodname="ReadAsDateTime_MissingComma" classname="Newtonsoft.Json.Tests.JsonTextReaderTests.ExceptionHandlingTests" runstate="Runnable" seed="1505145805" result="Passed" start-time="2019-11-12 05:39:07Z" end-time="2019-11-12 05:39:07Z" duration="0.001087" asserts="0">
                  <properties />
                </test-case>
                <test-case id="3178" name="ReadAsDateTimeOffset_MissingComma" fullname="Newtonsoft.Json.Tests.JsonTextReaderTests.ExceptionHandlingTests.ReadAsDateTimeOffset_MissingComma" methodname="ReadAsDateTimeOffset_MissingComma" classname="Newtonsoft.Json.Tests.JsonTextReaderTests.ExceptionHandlingTests" runstate="Runnable" seed="948484647" result="Passed" start-time="2019-11-12 05:39:07Z" end-time="2019-11-12 05:39:07Z" duration="0.001194" asserts="0">
                  <properties />
                </test-case>
                <test-case id="3234" name="ReadAsDateTimeOffsetBadContent" fullname="Newtonsoft.Json.Tests.JsonTextReaderTests.ExceptionHandlingTests.ReadAsDateTimeOffsetBadContent" methodname="ReadAsDateTimeOffsetBadContent" classname="Newtonsoft.Json.Tests.JsonTextReaderTests.ExceptionHandlingTests" runstate="Runnable" seed="736483203" result="Passed" start-time="2019-11-12 05:39:07Z" end-time="2019-11-12 05:39:07Z" duration="0.000797" asserts="0">
                  <properties />
                </test-case>
                <test-case id="3235" name="ReadAsDecimalBadContent" fullname="Newtonsoft.Json.Tests.JsonTextReaderTests.ExceptionHandlingTests.ReadAsDecimalBadContent" methodname="ReadAsDecimalBadContent" classname="Newtonsoft.Json.Tests.JsonTextReaderTests.ExceptionHandlingTests" runstate="Runnable" seed="492940143" result="Passed" start-time="2019-11-12 05:39:07Z" end-time="2019-11-12 05:39:07Z" duration="0.000893" asserts="0">
                  <properties />
                </test-case>
                <test-case id="3236" name="ReadAsDecimalBadContent_SecondLine" fullname="Newtonsoft.Json.Tests.JsonTextReaderTests.ExceptionHandlingTests.ReadAsDecimalBadContent_SecondLine" methodname="ReadAsDecimalBadContent_SecondLine" classname="Newtonsoft.Json.Tests.JsonTextReaderTests.ExceptionHandlingTests" runstate="Runnable" seed="68029141" result="Passed" start-time="2019-11-12 05:39:07Z" end-time="2019-11-12 05:39:07Z" duration="0.000714" asserts="0">
                  <properties />
                </test-case>
                <test-case id="3221" name="ReadAsDouble_BadData" fullname="Newtonsoft.Json.Tests.JsonTextReaderTests.ExceptionHandlingTests.ReadAsDouble_BadData" methodname="ReadAsDouble_BadData" classname="Newtonsoft.Json.Tests.JsonTextReaderTests.ExceptionHandlingTests" runstate="Runnable" seed="90324639" result="Passed" start-time="2019-11-12 05:39:07Z" end-time="2019-11-12 05:39:07Z" duration="0.000890" asserts="0">
                  <properties />
                </test-case>
                <test-case id="3222" name="ReadAsDouble_Boolean" fullname="Newtonsoft.Json.Tests.JsonTextReaderTests.ExceptionHandlingTests.ReadAsDouble_Boolean" methodname="ReadAsDouble_Boolean" classname="Newtonsoft.Json.Tests.JsonTextReaderTests.ExceptionHandlingTests" runstate="Runnable" seed="1193681058" result="Passed" start-time="2019-11-12 05:39:07Z" end-time="2019-11-12 05:39:07Z" duration="0.000781" asserts="0">
                  <properties />
                </test-case>
                <test-case id="3175" name="ReadAsInt32_MissingComma" fullname="Newtonsoft.Json.Tests.JsonTextReaderTests.ExceptionHandlingTests.ReadAsInt32_MissingComma" methodname="ReadAsInt32_MissingComma" classname="Newtonsoft.Json.Tests.JsonTextReaderTests.ExceptionHandlingTests" runstate="Runnable" seed="1190023837" result="Passed" start-time="2019-11-12 05:39:07Z" end-time="2019-11-12 05:39:07Z" duration="0.000942" asserts="0">
                  <properties />
                </test-case>
                <test-case id="3217" name="ReadAsString_AdditionalBadData" fullname="Newtonsoft.Json.Tests.JsonTextReaderTests.ExceptionHandlingTests.ReadAsString_AdditionalBadData" methodname="ReadAsString_AdditionalBadData" classname="Newtonsoft.Json.Tests.JsonTextReaderTests.ExceptionHandlingTests" runstate="Runnable" seed="788946951" result="Passed" start-time="2019-11-12 05:39:07Z" end-time="2019-11-12 05:39:07Z" duration="0.000781" asserts="0">
                  <properties />
                </test-case>
                <test-case id="3220" name="ReadAsString_BadData" fullname="Newtonsoft.Json.Tests.JsonTextReaderTests.ExceptionHandlingTests.ReadAsString_BadData" methodname="ReadAsString_BadData" classname="Newtonsoft.Json.Tests.JsonTextReaderTests.ExceptionHandlingTests" runstate="Runnable" seed="1188122602" result="Passed" start-time="2019-11-12 05:39:07Z" end-time="2019-11-12 05:39:07Z" duration="0.000864" asserts="0">
                  <properties />
                </test-case>
                <test-case id="3179" name="ReadAsString_MissingComma" fullname="Newtonsoft.Json.Tests.JsonTextReaderTests.ExceptionHandlingTests.ReadAsString_MissingComma" methodname="ReadAsString_MissingComma" classname="Newtonsoft.Json.Tests.JsonTextReaderTests.ExceptionHandlingTests" runstate="Runnable" seed="1177933012" result="Passed" start-time="2019-11-12 05:39:07Z" end-time="2019-11-12 05:39:07Z" duration="0.000815" asserts="0">
                  <properties />
                </test-case>
                <test-case id="3215" name="ReadAsString_Null_AdditionalBadData" fullname="Newtonsoft.Json.Tests.JsonTextReaderTests.ExceptionHandlingTests.ReadAsString_Null_AdditionalBadData" methodname="ReadAsString_Null_AdditionalBadData" classname="Newtonsoft.Json.Tests.JsonTextReaderTests.ExceptionHandlingTests" runstate="Runnable" seed="1214038761" result="Passed" start-time="2019-11-12 05:39:07Z" end-time="2019-11-12 05:39:07Z" duration="0.000747" asserts="0">
                  <properties />
                </test-case>
                <test-case id="3242" name="ReadAsString_Null_UnexpectedEnd" fullname="Newtonsoft.Json.Tests.JsonTextReaderTests.ExceptionHandlingTests.ReadAsString_Null_UnexpectedEnd" methodname="ReadAsString_Null_UnexpectedEnd" classname="Newtonsoft.Json.Tests.JsonTextReaderTests.ExceptionHandlingTests" runstate="Runnable" seed="1017317691" result="Passed" start-time="2019-11-12 05:39:07Z" end-time="2019-11-12 05:39:07Z" duration="0.000704" asserts="0">
                  <properties />
                </test-case>
                <test-case id="3241" name="ReadAsString_UnexpectedEnd" fullname="Newtonsoft.Json.Tests.JsonTextReaderTests.ExceptionHandlingTests.ReadAsString_UnexpectedEnd" methodname="ReadAsString_UnexpectedEnd" classname="Newtonsoft.Json.Tests.JsonTextReaderTests.ExceptionHandlingTests" runstate="Runnable" seed="1463665810" result="Passed" start-time="2019-11-12 05:39:07Z" end-time="2019-11-12 05:39:07Z" duration="0.000962" asserts="0">
                  <properties />
                </test-case>
                <test-case id="3205" name="ReadBadCharInArray" fullname="Newtonsoft.Json.Tests.JsonTextReaderTests.ExceptionHandlingTests.ReadBadCharInArray" methodname="ReadBadCharInArray" classname="Newtonsoft.Json.Tests.JsonTextReaderTests.ExceptionHandlingTests" runstate="Runnable" seed="1874718903" result="Passed" start-time="2019-11-12 05:39:07Z" end-time="2019-11-12 05:39:07Z" duration="0.000868" asserts="0">
                  <properties />
                </test-case>
                <test-case id="3207" name="ReadBytesEmptyWrappedObject" fullname="Newtonsoft.Json.Tests.JsonTextReaderTests.ExceptionHandlingTests.ReadBytesEmptyWrappedObject" methodname="ReadBytesEmptyWrappedObject" classname="Newtonsoft.Json.Tests.JsonTextReaderTests.ExceptionHandlingTests" runstate="Runnable" seed="511229206" result="Passed" start-time="2019-11-12 05:39:07Z" end-time="2019-11-12 05:39:07Z" duration="0.000855" asserts="0">
                  <properties />
                </test-case>
                <test-case id="3230" name="ReadBytesWithBadCharacter" fullname="Newtonsoft.Json.Tests.JsonTextReaderTests.ExceptionHandlingTests.ReadBytesWithBadCharacter" methodname="ReadBytesWithBadCharacter" classname="Newtonsoft.Json.Tests.JsonTextReaderTests.ExceptionHandlingTests" runstate="Runnable" seed="1250094162" result="Passed" start-time="2019-11-12 05:39:07Z" end-time="2019-11-12 05:39:07Z" duration="0.000798" asserts="0">
                  <properties />
                </test-case>
                <test-case id="3210" name="ReadBytesWithError" fullname="Newtonsoft.Json.Tests.JsonTextReaderTests.ExceptionHandlingTests.ReadBytesWithError" methodname="ReadBytesWithError" classname="Newtonsoft.Json.Tests.JsonTextReaderTests.ExceptionHandlingTests" runstate="Runnable" seed="1272536594" result="Passed" start-time="2019-11-12 05:39:07Z" end-time="2019-11-12 05:39:07Z" duration="0.000857" asserts="0">
                  <properties />
                </test-case>
                <test-case id="3231" name="ReadBytesWithUnexpectedEnd" fullname="Newtonsoft.Json.Tests.JsonTextReaderTests.ExceptionHandlingTests.ReadBytesWithUnexpectedEnd" methodname="ReadBytesWithUnexpectedEnd" classname="Newtonsoft.Json.Tests.JsonTextReaderTests.ExceptionHandlingTests" runstate="Runnable" seed="271946430" result="Passed" start-time="2019-11-12 05:39:07Z" end-time="2019-11-12 05:39:07Z" duration="0.000991" asserts="0">
                  <properties />
                </test-case>
                <test-case id="3211" name="ReadInt32Overflow" fullname="Newtonsoft.Json.Tests.JsonTextReaderTests.ExceptionHandlingTests.ReadInt32Overflow" methodname="ReadInt32Overflow" classname="Newtonsoft.Json.Tests.JsonTextReaderTests.ExceptionHandlingTests" runstate="Runnable" seed="915796306" result="Passed" start-time="2019-11-12 05:39:07Z" end-time="2019-11-12 05:39:07Z" duration="0.063677" asserts="0">
                  <properties />
                </test-case>
                <test-case id="3212" name="ReadInt32Overflow_Negative" fullname="Newtonsoft.Json.Tests.JsonTextReaderTests.ExceptionHandlingTests.ReadInt32Overflow_Negative" methodname="ReadInt32Overflow_Negative" classname="Newtonsoft.Json.Tests.JsonTextReaderTests.ExceptionHandlingTests" runstate="Runnable" seed="972304913" result="Passed" start-time="2019-11-12 05:39:07Z" end-time="2019-11-12 05:39:07Z" duration="0.082760" asserts="0">
                  <properties />
                </test-case>
                <test-case id="3237" name="ReadInt32WithBadCharacter" fullname="Newtonsoft.Json.Tests.JsonTextReaderTests.ExceptionHandlingTests.ReadInt32WithBadCharacter" methodname="ReadInt32WithBadCharacter" classname="Newtonsoft.Json.Tests.JsonTextReaderTests.ExceptionHandlingTests" runstate="Runnable" seed="1464066699" result="Passed" start-time="2019-11-12 05:39:07Z" end-time="2019-11-12 05:39:07Z" duration="0.001040" asserts="0">
                  <properties />
                </test-case>
                <test-case id="3213" name="ReadInt64Overflow" fullname="Newtonsoft.Json.Tests.JsonTextReaderTests.ExceptionHandlingTests.ReadInt64Overflow" methodname="ReadInt64Overflow" classname="Newtonsoft.Json.Tests.JsonTextReaderTests.ExceptionHandlingTests" runstate="Runnable" seed="429826349" result="Passed" start-time="2019-11-12 05:39:07Z" end-time="2019-11-12 05:39:07Z" duration="0.034774" asserts="0">
                  <properties />
                </test-case>
                <test-case id="3214" name="ReadInt64Overflow_Negative" fullname="Newtonsoft.Json.Tests.JsonTextReaderTests.ExceptionHandlingTests.ReadInt64Overflow_Negative" methodname="ReadInt64Overflow_Negative" classname="Newtonsoft.Json.Tests.JsonTextReaderTests.ExceptionHandlingTests" runstate="Runnable" seed="306807924" result="Passed" start-time="2019-11-12 05:39:07Z" end-time="2019-11-12 05:39:07Z" duration="0.051320" asserts="0">
                  <properties />
                </test-case>
                <test-case id="3208" name="ReadIntegerWithError" fullname="Newtonsoft.Json.Tests.JsonTextReaderTests.ExceptionHandlingTests.ReadIntegerWithError" methodname="ReadIntegerWithError" classname="Newtonsoft.Json.Tests.JsonTextReaderTests.ExceptionHandlingTests" runstate="Runnable" seed="1748281968" result="Passed" start-time="2019-11-12 05:39:07Z" end-time="2019-11-12 05:39:07Z" duration="0.001663" asserts="0">
                  <properties />
                </test-case>
                <test-case id="3209" name="ReadIntegerWithErrorInArray" fullname="Newtonsoft.Json.Tests.JsonTextReaderTests.ExceptionHandlingTests.ReadIntegerWithErrorInArray" methodname="ReadIntegerWithErrorInArray" classname="Newtonsoft.Json.Tests.JsonTextReaderTests.ExceptionHandlingTests" runstate="Runnable" seed="1327455725" result="Passed" start-time="2019-11-12 05:39:07Z" end-time="2019-11-12 05:39:07Z" duration="0.001528" asserts="0">
                  <properties />
                </test-case>
                <test-case id="3186" name="ReadInvalidNonBase10Number" fullname="Newtonsoft.Json.Tests.JsonTextReaderTests.ExceptionHandlingTests.ReadInvalidNonBase10Number" methodname="ReadInvalidNonBase10Number" classname="Newtonsoft.Json.Tests.JsonTextReaderTests.ExceptionHandlingTests" runstate="Runnable" seed="2091576864" result="Passed" start-time="2019-11-12 05:39:07Z" end-time="2019-11-12 05:39:07Z" duration="0.001159" asserts="0">
                  <properties />
                </test-case>
                <test-case id="3238" name="ReadNumberValue_CommaErrors" fullname="Newtonsoft.Json.Tests.JsonTextReaderTests.ExceptionHandlingTests.ReadNumberValue_CommaErrors" methodname="ReadNumberValue_CommaErrors" classname="Newtonsoft.Json.Tests.JsonTextReaderTests.ExceptionHandlingTests" runstate="Runnable" seed="512148347" result="Passed" start-time="2019-11-12 05:39:07Z" end-time="2019-11-12 05:39:07Z" duration="0.000805" asserts="0">
                  <properties />
                </test-case>
                <test-case id="3240" name="ReadNumberValue_CommaErrors_Multiple" fullname="Newtonsoft.Json.Tests.JsonTextReaderTests.ExceptionHandlingTests.ReadNumberValue_CommaErrors_Multiple" methodname="ReadNumberValue_CommaErrors_Multiple" classname="Newtonsoft.Json.Tests.JsonTextReaderTests.ExceptionHandlingTests" runstate="Runnable" seed="892401645" result="Passed" start-time="2019-11-12 05:39:07Z" end-time="2019-11-12 05:39:07Z" duration="0.000912" asserts="0">
                  <properties />
                </test-case>
                <test-case id="3239" name="ReadNumberValue_InvalidEndArray" fullname="Newtonsoft.Json.Tests.JsonTextReaderTests.ExceptionHandlingTests.ReadNumberValue_InvalidEndArray" methodname="ReadNumberValue_InvalidEndArray" classname="Newtonsoft.Json.Tests.JsonTextReaderTests.ExceptionHandlingTests" runstate="Runnable" seed="921263658" result="Passed" start-time="2019-11-12 05:39:07Z" end-time="2019-11-12 05:39:07Z" duration="0.000718" asserts="0">
                  <properties />
                </test-case>
                <test-case id="3244" name="ReadStringValue_CommaErrors" fullname="Newtonsoft.Json.Tests.JsonTextReaderTests.ExceptionHandlingTests.ReadStringValue_CommaErrors" methodname="ReadStringValue_CommaErrors" classname="Newtonsoft.Json.Tests.JsonTextReaderTests.ExceptionHandlingTests" runstate="Runnable" seed="341852475" result="Passed" start-time="2019-11-12 05:39:07Z" end-time="2019-11-12 05:39:07Z" duration="0.000958" asserts="0">
                  <properties />
                </test-case>
                <test-case id="3245" name="ReadStringValue_CommaErrors_Multiple" fullname="Newtonsoft.Json.Tests.JsonTextReaderTests.ExceptionHandlingTests.ReadStringValue_CommaErrors_Multiple" methodname="ReadStringValue_CommaErrors_Multiple" classname="Newtonsoft.Json.Tests.JsonTextReaderTests.ExceptionHandlingTests" runstate="Runnable" seed="33030856" result="Passed" start-time="2019-11-12 05:39:07Z" end-time="2019-11-12 05:39:07Z" duration="0.000825" asserts="0">
                  <properties />
                </test-case>
                <test-case id="3243" name="ReadStringValue_InvalidEndArray" fullname="Newtonsoft.Json.Tests.JsonTextReaderTests.ExceptionHandlingTests.ReadStringValue_InvalidEndArray" methodname="ReadStringValue_InvalidEndArray" classname="Newtonsoft.Json.Tests.JsonTextReaderTests.ExceptionHandlingTests" runstate="Runnable" seed="633950967" result="Passed" start-time="2019-11-12 05:39:07Z" end-time="2019-11-12 05:39:07Z" duration="0.000710" asserts="0">
                  <properties />
                </test-case>
                <test-case id="3246" name="ReadStringValue_Numbers_NotString" fullname="Newtonsoft.Json.Tests.JsonTextReaderTests.ExceptionHandlingTests.ReadStringValue_Numbers_NotString" methodname="ReadStringValue_Numbers_NotString" classname="Newtonsoft.Json.Tests.JsonTextReaderTests.ExceptionHandlingTests" runstate="Runnable" seed="273737281" result="Passed" start-time="2019-11-12 05:39:07Z" end-time="2019-11-12 05:39:07Z" duration="0.001163" asserts="0">
                  <properties />
                </test-case>
                <test-case id="3190" name="ResetJsonTextReaderErrorCount" fullname="Newtonsoft.Json.Tests.JsonTextReaderTests.ExceptionHandlingTests.ResetJsonTextReaderErrorCount" methodname="ResetJsonTextReaderErrorCount" classname="Newtonsoft.Json.Tests.JsonTextReaderTests.ExceptionHandlingTests" runstate="Runnable" seed="681824330" result="Passed" start-time="2019-11-12 05:39:07Z" end-time="2019-11-12 05:39:07Z" duration="0.002222" asserts="0">
                  <properties />
                </test-case>
                <test-case id="3187" name="ThrowErrorWhenParsingUnquoteStringThatStartsWithNE" fullname="Newtonsoft.Json.Tests.JsonTextReaderTests.ExceptionHandlingTests.ThrowErrorWhenParsingUnquoteStringThatStartsWithNE" methodname="ThrowErrorWhenParsingUnquoteStringThatStartsWithNE" classname="Newtonsoft.Json.Tests.JsonTextReaderTests.ExceptionHandlingTests" runstate="Runnable" seed="1335975039" result="Passed" start-time="2019-11-12 05:39:07Z" end-time="2019-11-12 05:39:07Z" duration="0.001101" asserts="0">
                  <properties />
                </test-case>
                <test-case id="3194" name="UnclosedComment" fullname="Newtonsoft.Json.Tests.JsonTextReaderTests.ExceptionHandlingTests.UnclosedComment" methodname="UnclosedComment" classname="Newtonsoft.Json.Tests.JsonTextReaderTests.ExceptionHandlingTests" runstate="Runnable" seed="1295478126" result="Passed" start-time="2019-11-12 05:39:07Z" end-time="2019-11-12 05:39:07Z" duration="0.000690" asserts="0">
                  <properties />
                </test-case>
                <test-case id="3181" name="UnexpectedEndAfterReadingN" fullname="Newtonsoft.Json.Tests.JsonTextReaderTests.ExceptionHandlingTests.UnexpectedEndAfterReadingN" methodname="UnexpectedEndAfterReadingN" classname="Newtonsoft.Json.Tests.JsonTextReaderTests.ExceptionHandlingTests" runstate="Runnable" seed="1132457072" result="Passed" start-time="2019-11-12 05:39:07Z" end-time="2019-11-12 05:39:07Z" duration="0.000733" asserts="0">
                  <properties />
                </test-case>
                <test-case id="3183" name="UnexpectedEndAfterReadingNe" fullname="Newtonsoft.Json.Tests.JsonTextReaderTests.ExceptionHandlingTests.UnexpectedEndAfterReadingNe" methodname="UnexpectedEndAfterReadingNe" classname="Newtonsoft.Json.Tests.JsonTextReaderTests.ExceptionHandlingTests" runstate="Runnable" seed="647982118" result="Passed" start-time="2019-11-12 05:39:07Z" end-time="2019-11-12 05:39:07Z" duration="0.000694" asserts="0">
                  <properties />
                </test-case>
                <test-case id="3182" name="UnexpectedEndAfterReadingNu" fullname="Newtonsoft.Json.Tests.JsonTextReaderTests.ExceptionHandlingTests.UnexpectedEndAfterReadingNu" methodname="UnexpectedEndAfterReadingNu" classname="Newtonsoft.Json.Tests.JsonTextReaderTests.ExceptionHandlingTests" runstate="Runnable" seed="1728360134" result="Passed" start-time="2019-11-12 05:39:07Z" end-time="2019-11-12 05:39:07Z" duration="0.000766" asserts="0">
                  <properties />
                </test-case>
                <test-case id="3185" name="UnexpectedEndOfControlCharacter" fullname="Newtonsoft.Json.Tests.JsonTextReaderTests.ExceptionHandlingTests.UnexpectedEndOfControlCharacter" methodname="UnexpectedEndOfControlCharacter" classname="Newtonsoft.Json.Tests.JsonTextReaderTests.ExceptionHandlingTests" runstate="Runnable" seed="350126394" result="Passed" start-time="2019-11-12 05:39:07Z" end-time="2019-11-12 05:39:07Z" duration="0.000711" asserts="0">
                  <properties />
                </test-case>
                <test-case id="3184" name="UnexpectedEndOfHex" fullname="Newtonsoft.Json.Tests.JsonTextReaderTests.ExceptionHandlingTests.UnexpectedEndOfHex" methodname="UnexpectedEndOfHex" classname="Newtonsoft.Json.Tests.JsonTextReaderTests.ExceptionHandlingTests" runstate="Runnable" seed="635959693" result="Passed" start-time="2019-11-12 05:39:07Z" end-time="2019-11-12 05:39:07Z" duration="0.001060" asserts="0">
                  <properties />
                </test-case>
                <test-case id="3188" name="UnexpectedEndOfString" fullname="Newtonsoft.Json.Tests.JsonTextReaderTests.ExceptionHandlingTests.UnexpectedEndOfString" methodname="UnexpectedEndOfString" classname="Newtonsoft.Json.Tests.JsonTextReaderTests.ExceptionHandlingTests" runstate="Runnable" seed="188108893" result="Passed" start-time="2019-11-12 05:39:07Z" end-time="2019-11-12 05:39:07Z" duration="0.000703" asserts="0">
                  <properties />
                </test-case>
                <test-case id="3189" name="UnexpectedEndTokenWhenParsingOddEndToken" fullname="Newtonsoft.Json.Tests.JsonTextReaderTests.ExceptionHandlingTests.UnexpectedEndTokenWhenParsingOddEndToken" methodname="UnexpectedEndTokenWhenParsingOddEndToken" classname="Newtonsoft.Json.Tests.JsonTextReaderTests.ExceptionHandlingTests" runstate="Runnable" seed="2099142496" result="Passed" start-time="2019-11-12 05:39:07Z" end-time="2019-11-12 05:39:07Z" duration="0.000950" asserts="0">
                  <properties />
                </test-case>
                <test-case id="3251" name="UnexpectedEndWhenParsingUnquotedProperty" fullname="Newtonsoft.Json.Tests.JsonTextReaderTests.ExceptionHandlingTests.UnexpectedEndWhenParsingUnquotedProperty" methodname="UnexpectedEndWhenParsingUnquotedProperty" classname="Newtonsoft.Json.Tests.JsonTextReaderTests.ExceptionHandlingTests" runstate="Runnable" seed="1408862736" result="Passed" start-time="2019-11-12 05:39:07Z" end-time="2019-11-12 05:39:07Z" duration="0.000767" asserts="0">
                  <properties />
                </test-case>
              </test-suite>
              <test-suite type="TestFixture" id="3252" name="FloatTests" fullname="Newtonsoft.Json.Tests.JsonTextReaderTests.FloatTests" classname="Newtonsoft.Json.Tests.JsonTextReaderTests.FloatTests" runstate="Runnable" testcasecount="10" result="Passed" start-time="2019-11-12 05:39:07Z" end-time="2019-11-12 05:39:07Z" duration="0.051752" total="10" passed="10" failed="0" inconclusive="0" skipped="0" asserts="0">
                <properties>
                  <property name="Category" value="JsonTextReaderTests" />
                </properties>
                <test-case id="3254" name="Float_NaN_Read" fullname="Newtonsoft.Json.Tests.JsonTextReaderTests.FloatTests.Float_NaN_Read" methodname="Float_NaN_Read" classname="Newtonsoft.Json.Tests.JsonTextReaderTests.FloatTests" runstate="Runnable" seed="1035217998" result="Passed" start-time="2019-11-12 05:39:07Z" end-time="2019-11-12 05:39:07Z" duration="0.018307" asserts="0">
                  <properties />
                </test-case>
                <test-case id="3255" name="Float_NaN_ReadAsInt32" fullname="Newtonsoft.Json.Tests.JsonTextReaderTests.FloatTests.Float_NaN_ReadAsInt32" methodname="Float_NaN_ReadAsInt32" classname="Newtonsoft.Json.Tests.JsonTextReaderTests.FloatTests" runstate="Runnable" seed="993673720" result="Passed" start-time="2019-11-12 05:39:07Z" end-time="2019-11-12 05:39:07Z" duration="0.001041" asserts="0">
                  <properties />
                </test-case>
                <test-case id="3256" name="Float_NaNAndInifinity_ReadAsDouble" fullname="Newtonsoft.Json.Tests.JsonTextReaderTests.FloatTests.Float_NaNAndInifinity_ReadAsDouble" methodname="Float_NaNAndInifinity_ReadAsDouble" classname="Newtonsoft.Json.Tests.JsonTextReaderTests.FloatTests" runstate="Runnable" seed="534326123" result="Passed" start-time="2019-11-12 05:39:07Z" end-time="2019-11-12 05:39:07Z" duration="0.001671" asserts="0">
                  <properties />
                </test-case>
                <test-case id="3257" name="Float_NaNAndInifinity_ReadAsString" fullname="Newtonsoft.Json.Tests.JsonTextReaderTests.FloatTests.Float_NaNAndInifinity_ReadAsString" methodname="Float_NaNAndInifinity_ReadAsString" classname="Newtonsoft.Json.Tests.JsonTextReaderTests.FloatTests" runstate="Runnable" seed="2038713037" result="Passed" start-time="2019-11-12 05:39:07Z" end-time="2019-11-12 05:39:07Z" duration="0.000874" asserts="0">
                  <properties />
                </test-case>
                <test-case id="3253" name="Float_ReadAsString_Exact" fullname="Newtonsoft.Json.Tests.JsonTextReaderTests.FloatTests.Float_ReadAsString_Exact" methodname="Float_ReadAsString_Exact" classname="Newtonsoft.Json.Tests.JsonTextReaderTests.FloatTests" runstate="Runnable" seed="832412939" result="Passed" start-time="2019-11-12 05:39:07Z" end-time="2019-11-12 05:39:07Z" duration="0.000698" asserts="0">
                  <properties />
                </test-case>
                <test-case id="3261" name="FloatingPointNonFiniteNumbers" fullname="Newtonsoft.Json.Tests.JsonTextReaderTests.FloatTests.FloatingPointNonFiniteNumbers" methodname="FloatingPointNonFiniteNumbers" classname="Newtonsoft.Json.Tests.JsonTextReaderTests.FloatTests" runstate="Runnable" seed="1594979521" result="Passed" start-time="2019-11-12 05:39:07Z" end-time="2019-11-12 05:39:07Z" duration="0.000940" asserts="0">
                  <properties />
                </test-case>
                <test-case id="3259" name="FloatParseHandling" fullname="Newtonsoft.Json.Tests.JsonTextReaderTests.FloatTests.FloatParseHandling" methodname="FloatParseHandling" classname="Newtonsoft.Json.Tests.JsonTextReaderTests.FloatTests" runstate="Runnable" seed="1044546100" result="Passed" start-time="2019-11-12 05:39:07Z" end-time="2019-11-12 05:39:07Z" duration="0.001415" asserts="0">
                  <properties />
                </test-case>
                <test-case id="3260" name="FloatParseHandling_NaN" fullname="Newtonsoft.Json.Tests.JsonTextReaderTests.FloatTests.FloatParseHandling_NaN" methodname="FloatParseHandling_NaN" classname="Newtonsoft.Json.Tests.JsonTextReaderTests.FloatTests" runstate="Runnable" seed="843779063" result="Passed" start-time="2019-11-12 05:39:07Z" end-time="2019-11-12 05:39:07Z" duration="0.000990" asserts="0">
                  <properties />
                </test-case>
                <test-case id="3258" name="FloatParseHandling_ReadAsString" fullname="Newtonsoft.Json.Tests.JsonTextReaderTests.FloatTests.FloatParseHandling_ReadAsString" methodname="FloatParseHandling_ReadAsString" classname="Newtonsoft.Json.Tests.JsonTextReaderTests.FloatTests" runstate="Runnable" seed="59638276" result="Passed" start-time="2019-11-12 05:39:07Z" end-time="2019-11-12 05:39:07Z" duration="0.001024" asserts="0">
                  <properties />
                </test-case>
                <test-case id="3262" name="ReadFloatingPointNumber" fullname="Newtonsoft.Json.Tests.JsonTextReaderTests.FloatTests.ReadFloatingPointNumber" methodname="ReadFloatingPointNumber" classname="Newtonsoft.Json.Tests.JsonTextReaderTests.FloatTests" runstate="Runnable" seed="542372395" result="Passed" start-time="2019-11-12 05:39:07Z" end-time="2019-11-12 05:39:07Z" duration="0.001906" asserts="0">
                  <properties />
                </test-case>
              </test-suite>
              <test-suite type="TestFixture" id="3263" name="MiscTests" fullname="Newtonsoft.Json.Tests.JsonTextReaderTests.MiscTests" classname="Newtonsoft.Json.Tests.JsonTextReaderTests.MiscTests" runstate="Runnable" testcasecount="23" result="Passed" start-time="2019-11-12 05:39:07Z" end-time="2019-11-12 05:39:07Z" duration="0.280010" total="23" passed="23" failed="0" inconclusive="0" skipped="0" asserts="0">
                <properties>
                  <property name="Category" value="JsonTextReaderTests" />
                </properties>
                <test-case id="3273" name="AppendCharsWhileReadingNewLine" fullname="Newtonsoft.Json.Tests.JsonTextReaderTests.MiscTests.AppendCharsWhileReadingNewLine" methodname="AppendCharsWhileReadingNewLine" classname="Newtonsoft.Json.Tests.JsonTextReaderTests.MiscTests" runstate="Runnable" seed="999834023" result="Passed" start-time="2019-11-12 05:39:07Z" end-time="2019-11-12 05:39:07Z" duration="0.001019" asserts="0">
                  <properties />
                </test-case>
                <test-case id="3272" name="AppendCharsWhileReadingNull" fullname="Newtonsoft.Json.Tests.JsonTextReaderTests.MiscTests.AppendCharsWhileReadingNull" methodname="AppendCharsWhileReadingNull" classname="Newtonsoft.Json.Tests.JsonTextReaderTests.MiscTests" runstate="Runnable" seed="1548229422" result="Passed" start-time="2019-11-12 05:39:07Z" end-time="2019-11-12 05:39:07Z" duration="0.000745" asserts="0">
                  <properties />
                </test-case>
                <test-case id="3274" name="BufferTest" fullname="Newtonsoft.Json.Tests.JsonTextReaderTests.MiscTests.BufferTest" methodname="BufferTest" classname="Newtonsoft.Json.Tests.JsonTextReaderTests.MiscTests" runstate="Runnable" seed="2010896871" result="Passed" start-time="2019-11-12 05:39:07Z" end-time="2019-11-12 05:39:07Z" duration="0.169098" asserts="0">
                  <properties />
                </test-case>
                <test-case id="3275" name="BufferTest_WithError" fullname="Newtonsoft.Json.Tests.JsonTextReaderTests.MiscTests.BufferTest_WithError" methodname="BufferTest_WithError" classname="Newtonsoft.Json.Tests.JsonTextReaderTests.MiscTests" runstate="Runnable" seed="1601336384" result="Passed" start-time="2019-11-12 05:39:07Z" end-time="2019-11-12 05:39:07Z" duration="0.001244" asserts="0">
                  <properties />
                </test-case>
                <test-case id="3269" name="CloseInput" fullname="Newtonsoft.Json.Tests.JsonTextReaderTests.MiscTests.CloseInput" methodname="CloseInput" classname="Newtonsoft.Json.Tests.JsonTextReaderTests.MiscTests" runstate="Runnable" seed="840276138" result="Passed" start-time="2019-11-12 05:39:07Z" end-time="2019-11-12 05:39:07Z" duration="0.000842" asserts="0">
                  <properties />
                </test-case>
                <test-case id="3271" name="Depth" fullname="Newtonsoft.Json.Tests.JsonTextReaderTests.MiscTests.Depth" methodname="Depth" classname="Newtonsoft.Json.Tests.JsonTextReaderTests.MiscTests" runstate="Runnable" seed="1186438203" result="Passed" start-time="2019-11-12 05:39:07Z" end-time="2019-11-12 05:39:07Z" duration="0.005501" asserts="0">
                  <properties />
                </test-case>
                <test-case id="3285" name="DisposeSupressesFinalization" fullname="Newtonsoft.Json.Tests.JsonTextReaderTests.MiscTests.DisposeSupressesFinalization" methodname="DisposeSupressesFinalization" classname="Newtonsoft.Json.Tests.JsonTextReaderTests.MiscTests" runstate="Runnable" seed="142099325" result="Passed" start-time="2019-11-12 05:39:07Z" end-time="2019-11-12 05:39:07Z" duration="0.020545" asserts="0">
                  <properties />
                </test-case>
                <test-case id="3278" name="EscapedUnicodeText" fullname="Newtonsoft.Json.Tests.JsonTextReaderTests.MiscTests.EscapedUnicodeText" methodname="EscapedUnicodeText" classname="Newtonsoft.Json.Tests.JsonTextReaderTests.MiscTests" runstate="Runnable" seed="639785286" result="Passed" start-time="2019-11-12 05:39:07Z" end-time="2019-11-12 05:39:07Z" duration="0.001873" asserts="0">
                  <properties />
                </test-case>
                <test-case id="3286" name="InvalidUnicodeSequence" fullname="Newtonsoft.Json.Tests.JsonTextReaderTests.MiscTests.InvalidUnicodeSequence" methodname="InvalidUnicodeSequence" classname="Newtonsoft.Json.Tests.JsonTextReaderTests.MiscTests" runstate="Runnable" seed="748693246" result="Passed" start-time="2019-11-12 05:39:07Z" end-time="2019-11-12 05:39:07Z" duration="0.000928" asserts="0">
                  <properties />
                </test-case>
                <test-case id="3281" name="JustSinglelineComment" fullname="Newtonsoft.Json.Tests.JsonTextReaderTests.MiscTests.JustSinglelineComment" methodname="JustSinglelineComment" classname="Newtonsoft.Json.Tests.JsonTextReaderTests.MiscTests" runstate="Runnable" seed="1873845942" result="Passed" start-time="2019-11-12 05:39:07Z" end-time="2019-11-12 05:39:07Z" duration="0.000947" asserts="0">
                  <properties />
                </test-case>
                <test-case id="3265" name="LineInfoAndNewLines" fullname="Newtonsoft.Json.Tests.JsonTextReaderTests.MiscTests.LineInfoAndNewLines" methodname="LineInfoAndNewLines" classname="Newtonsoft.Json.Tests.JsonTextReaderTests.MiscTests" runstate="Runnable" seed="2108014844" result="Passed" start-time="2019-11-12 05:39:07Z" end-time="2019-11-12 05:39:07Z" duration="0.002430" asserts="0">
                  <properties />
                </test-case>
                <test-case id="3284" name="LinePositionOnNewLine" fullname="Newtonsoft.Json.Tests.JsonTextReaderTests.MiscTests.LinePositionOnNewLine" methodname="LinePositionOnNewLine" classname="Newtonsoft.Json.Tests.JsonTextReaderTests.MiscTests" runstate="Runnable" seed="442302145" result="Passed" start-time="2019-11-12 05:39:07Z" end-time="2019-11-12 05:39:07Z" duration="0.001283" asserts="0">
                  <properties />
                </test-case>
                <test-case id="3277" name="LongStringTest" fullname="Newtonsoft.Json.Tests.JsonTextReaderTests.MiscTests.LongStringTest" methodname="LongStringTest" classname="Newtonsoft.Json.Tests.JsonTextReaderTests.MiscTests" runstate="Runnable" seed="1898838550" result="Passed" start-time="2019-11-12 05:39:07Z" end-time="2019-11-12 05:39:07Z" duration="0.001178" asserts="0">
                  <properties />
                </test-case>
                <test-case id="3264" name="ReadWithSupportMultipleContentCommaDelimited" fullname="Newtonsoft.Json.Tests.JsonTextReaderTests.MiscTests.ReadWithSupportMultipleContentCommaDelimited" methodname="ReadWithSupportMultipleContentCommaDelimited" classname="Newtonsoft.Json.Tests.JsonTextReaderTests.MiscTests" runstate="Runnable" seed="24504078" result="Passed" start-time="2019-11-12 05:39:07Z" end-time="2019-11-12 05:39:07Z" duration="0.001379" asserts="0">
                  <properties />
                </test-case>
                <test-case id="3282" name="ScientificNotation" fullname="Newtonsoft.Json.Tests.JsonTextReaderTests.MiscTests.ScientificNotation" methodname="ScientificNotation" classname="Newtonsoft.Json.Tests.JsonTextReaderTests.MiscTests" runstate="Runnable" seed="871195705" result="Passed" start-time="2019-11-12 05:39:07Z" end-time="2019-11-12 05:39:07Z" duration="0.002572" asserts="0">
                  <properties />
                </test-case>
                <test-case id="3280" name="SingleLineComments" fullname="Newtonsoft.Json.Tests.JsonTextReaderTests.MiscTests.SingleLineComments" methodname="SingleLineComments" classname="Newtonsoft.Json.Tests.JsonTextReaderTests.MiscTests" runstate="Runnable" seed="628385156" result="Passed" start-time="2019-11-12 05:39:07Z" end-time="2019-11-12 05:39:07Z" duration="0.003183" asserts="0">
                  <properties />
                </test-case>
                <test-case id="3279" name="SupportMultipleContent" fullname="Newtonsoft.Json.Tests.JsonTextReaderTests.MiscTests.SupportMultipleContent" methodname="SupportMultipleContent" classname="Newtonsoft.Json.Tests.JsonTextReaderTests.MiscTests" runstate="Runnable" seed="1892749576" result="Passed" start-time="2019-11-12 05:39:07Z" end-time="2019-11-12 05:39:07Z" duration="0.001536" asserts="0">
                  <properties />
                </test-case>
                <test-case id="3268" name="SurrogatePairReplacement" fullname="Newtonsoft.Json.Tests.JsonTextReaderTests.MiscTests.SurrogatePairReplacement" methodname="SurrogatePairReplacement" classname="Newtonsoft.Json.Tests.JsonTextReaderTests.MiscTests" runstate="Runnable" seed="223408785" result="Passed" start-time="2019-11-12 05:39:07Z" end-time="2019-11-12 05:39:07Z" duration="0.002198" asserts="0">
                  <properties />
                </test-case>
                <test-case id="3267" name="SurrogatePairValid" fullname="Newtonsoft.Json.Tests.JsonTextReaderTests.MiscTests.SurrogatePairValid" methodname="SurrogatePairValid" classname="Newtonsoft.Json.Tests.JsonTextReaderTests.MiscTests" runstate="Runnable" seed="2128819366" result="Passed" start-time="2019-11-12 05:39:07Z" end-time="2019-11-12 05:39:07Z" duration="0.002026" asserts="0">
                  <properties />
                </test-case>
                <test-case id="3266" name="UnescapeDoubleQuotes" fullname="Newtonsoft.Json.Tests.JsonTextReaderTests.MiscTests.UnescapeDoubleQuotes" methodname="UnescapeDoubleQuotes" classname="Newtonsoft.Json.Tests.JsonTextReaderTests.MiscTests" runstate="Runnable" seed="1693370476" result="Passed" start-time="2019-11-12 05:39:07Z" end-time="2019-11-12 05:39:07Z" duration="0.001118" asserts="0">
                  <properties />
                </test-case>
                <test-case id="3283" name="WriteReadBoundaryDecimals" fullname="Newtonsoft.Json.Tests.JsonTextReaderTests.MiscTests.WriteReadBoundaryDecimals" methodname="WriteReadBoundaryDecimals" classname="Newtonsoft.Json.Tests.JsonTextReaderTests.MiscTests" runstate="Runnable" seed="395523144" result="Passed" start-time="2019-11-12 05:39:07Z" end-time="2019-11-12 05:39:07Z" duration="0.001184" asserts="0">
                  <properties />
                </test-case>
                <test-case id="3276" name="WriteReadWrite" fullname="Newtonsoft.Json.Tests.JsonTextReaderTests.MiscTests.WriteReadWrite" methodname="WriteReadWrite" classname="Newtonsoft.Json.Tests.JsonTextReaderTests.MiscTests" runstate="Runnable" seed="548244156" result="Passed" start-time="2019-11-12 05:39:07Z" end-time="2019-11-12 05:39:07Z" duration="0.006196" asserts="0">
                  <properties />
                </test-case>
                <test-case id="3270" name="YahooFinance" fullname="Newtonsoft.Json.Tests.JsonTextReaderTests.MiscTests.YahooFinance" methodname="YahooFinance" classname="Newtonsoft.Json.Tests.JsonTextReaderTests.MiscTests" runstate="Runnable" seed="1274012905" result="Passed" start-time="2019-11-12 05:39:07Z" end-time="2019-11-12 05:39:07Z" duration="0.000745" asserts="0">
                  <properties />
                </test-case>
              </test-suite>
              <test-suite type="TestFixture" id="3287" name="ParseTests" fullname="Newtonsoft.Json.Tests.JsonTextReaderTests.ParseTests" classname="Newtonsoft.Json.Tests.JsonTextReaderTests.ParseTests" runstate="Runnable" testcasecount="18" result="Passed" start-time="2019-11-12 05:39:07Z" end-time="2019-11-12 05:39:07Z" duration="0.057455" total="18" passed="18" failed="0" inconclusive="0" skipped="0" asserts="0">
                <properties>
                  <property name="Category" value="JsonTextReaderTests" />
                </properties>
                <test-case id="3305" name="DateParseHandling" fullname="Newtonsoft.Json.Tests.JsonTextReaderTests.ParseTests.DateParseHandling" methodname="DateParseHandling" classname="Newtonsoft.Json.Tests.JsonTextReaderTests.ParseTests" runstate="Runnable" seed="896296846" result="Passed" start-time="2019-11-12 05:39:07Z" end-time="2019-11-12 05:39:07Z" duration="0.002134" asserts="0">
                  <properties />
                </test-case>
                <test-case id="3288" name="ParseAdditionalContent_Whitespace" fullname="Newtonsoft.Json.Tests.JsonTextReaderTests.ParseTests.ParseAdditionalContent_Whitespace" methodname="ParseAdditionalContent_Whitespace" classname="Newtonsoft.Json.Tests.JsonTextReaderTests.ParseTests" runstate="Runnable" seed="1851627528" result="Passed" start-time="2019-11-12 05:39:07Z" end-time="2019-11-12 05:39:07Z" duration="0.000736" asserts="0">
                  <properties />
                </test-case>
                <test-case id="3293" name="ParseArrayWithMissingValues" fullname="Newtonsoft.Json.Tests.JsonTextReaderTests.ParseTests.ParseArrayWithMissingValues" methodname="ParseArrayWithMissingValues" classname="Newtonsoft.Json.Tests.JsonTextReaderTests.ParseTests" runstate="Runnable" seed="1696646475" result="Passed" start-time="2019-11-12 05:39:07Z" end-time="2019-11-12 05:39:07Z" duration="0.001123" asserts="0">
                  <properties />
                </test-case>
                <test-case id="3294" name="ParseBooleanWithNoExtraContent" fullname="Newtonsoft.Json.Tests.JsonTextReaderTests.ParseTests.ParseBooleanWithNoExtraContent" methodname="ParseBooleanWithNoExtraContent" classname="Newtonsoft.Json.Tests.JsonTextReaderTests.ParseTests" runstate="Runnable" seed="142252578" result="Passed" start-time="2019-11-12 05:39:07Z" end-time="2019-11-12 05:39:07Z" duration="0.000646" asserts="0">
                  <properties />
                </test-case>
                <test-case id="3295" name="ParseContentDelimitedByNonStandardWhitespace" fullname="Newtonsoft.Json.Tests.JsonTextReaderTests.ParseTests.ParseContentDelimitedByNonStandardWhitespace" methodname="ParseContentDelimitedByNonStandardWhitespace" classname="Newtonsoft.Json.Tests.JsonTextReaderTests.ParseTests" runstate="Runnable" seed="1712316558" result="Passed" start-time="2019-11-12 05:39:07Z" end-time="2019-11-12 05:39:07Z" duration="0.001169" asserts="0">
                  <properties />
                </test-case>
                <test-case id="3291" name="ParseDecimals" fullname="Newtonsoft.Json.Tests.JsonTextReaderTests.ParseTests.ParseDecimals" methodname="ParseDecimals" classname="Newtonsoft.Json.Tests.JsonTextReaderTests.ParseTests" runstate="Runnable" seed="1215075392" result="Passed" start-time="2019-11-12 05:39:07Z" end-time="2019-11-12 05:39:07Z" duration="0.001827" asserts="0">
                  <properties />
                </test-case>
                <test-case id="3292" name="ParseDoubles" fullname="Newtonsoft.Json.Tests.JsonTextReaderTests.ParseTests.ParseDoubles" methodname="ParseDoubles" classname="Newtonsoft.Json.Tests.JsonTextReaderTests.ParseTests" runstate="Runnable" seed="1931044413" result="Passed" start-time="2019-11-12 05:39:07Z" end-time="2019-11-12 05:39:07Z" duration="0.002370" asserts="0">
                  <properties />
                </test-case>
                <test-case id="3297" name="ParseEmptyArray" fullname="Newtonsoft.Json.Tests.JsonTextReaderTests.ParseTests.ParseEmptyArray" methodname="ParseEmptyArray" classname="Newtonsoft.Json.Tests.JsonTextReaderTests.ParseTests" runstate="Runnable" seed="2057281507" result="Passed" start-time="2019-11-12 05:39:07Z" end-time="2019-11-12 05:39:07Z" duration="0.000679" asserts="0">
                  <properties />
                </test-case>
                <test-case id="3299" name="ParseEmptyConstructor" fullname="Newtonsoft.Json.Tests.JsonTextReaderTests.ParseTests.ParseEmptyConstructor" methodname="ParseEmptyConstructor" classname="Newtonsoft.Json.Tests.JsonTextReaderTests.ParseTests" runstate="Runnable" seed="796624166" result="Passed" start-time="2019-11-12 05:39:07Z" end-time="2019-11-12 05:39:07Z" duration="0.000642" asserts="0">
                  <properties />
                </test-case>
                <test-case id="3298" name="ParseEmptyObject" fullname="Newtonsoft.Json.Tests.JsonTextReaderTests.ParseTests.ParseEmptyObject" methodname="ParseEmptyObject" classname="Newtonsoft.Json.Tests.JsonTextReaderTests.ParseTests" runstate="Runnable" seed="556168229" result="Passed" start-time="2019-11-12 05:39:07Z" end-time="2019-11-12 05:39:07Z" duration="0.000621" asserts="0">
                  <properties />
                </test-case>
                <test-case id="3300" name="ParseHexNumber" fullname="Newtonsoft.Json.Tests.JsonTextReaderTests.ParseTests.ParseHexNumber" methodname="ParseHexNumber" classname="Newtonsoft.Json.Tests.JsonTextReaderTests.ParseTests" runstate="Runnable" seed="1354125421" result="Passed" start-time="2019-11-12 05:39:07Z" end-time="2019-11-12 05:39:07Z" duration="0.000768" asserts="0">
                  <properties />
                </test-case>
                <test-case id="3290" name="ParseIntegers" fullname="Newtonsoft.Json.Tests.JsonTextReaderTests.ParseTests.ParseIntegers" methodname="ParseIntegers" classname="Newtonsoft.Json.Tests.JsonTextReaderTests.ParseTests" runstate="Runnable" seed="2106248463" result="Passed" start-time="2019-11-12 05:39:07Z" end-time="2019-11-12 05:39:07Z" duration="0.001957" asserts="0">
                  <properties />
                </test-case>
                <test-case id="3302" name="ParseLineFeedDelimitedConstructor" fullname="Newtonsoft.Json.Tests.JsonTextReaderTests.ParseTests.ParseLineFeedDelimitedConstructor" methodname="ParseLineFeedDelimitedConstructor" classname="Newtonsoft.Json.Tests.JsonTextReaderTests.ParseTests" runstate="Runnable" seed="1306869533" result="Passed" start-time="2019-11-12 05:39:07Z" end-time="2019-11-12 05:39:07Z" duration="0.000670" asserts="0">
                  <properties />
                </test-case>
                <test-case id="3303" name="ParseNullStringConstructor" fullname="Newtonsoft.Json.Tests.JsonTextReaderTests.ParseTests.ParseNullStringConstructor" methodname="ParseNullStringConstructor" classname="Newtonsoft.Json.Tests.JsonTextReaderTests.ParseTests" runstate="Runnable" seed="37064775" result="Passed" start-time="2019-11-12 05:39:07Z" end-time="2019-11-12 05:39:07Z" duration="0.000644" asserts="0">
                  <properties />
                </test-case>
                <test-case id="3301" name="ParseNumbers" fullname="Newtonsoft.Json.Tests.JsonTextReaderTests.ParseTests.ParseNumbers" methodname="ParseNumbers" classname="Newtonsoft.Json.Tests.JsonTextReaderTests.ParseTests" runstate="Runnable" seed="2088606093" result="Passed" start-time="2019-11-12 05:39:07Z" end-time="2019-11-12 05:39:07Z" duration="0.000855" asserts="0">
                  <properties />
                </test-case>
                <test-case id="3296" name="ParseObjectWithNoEnd" fullname="Newtonsoft.Json.Tests.JsonTextReaderTests.ParseTests.ParseObjectWithNoEnd" methodname="ParseObjectWithNoEnd" classname="Newtonsoft.Json.Tests.JsonTextReaderTests.ParseTests" runstate="Runnable" seed="868648304" result="Passed" start-time="2019-11-12 05:39:07Z" end-time="2019-11-12 05:39:07Z" duration="0.000583" asserts="0">
                  <properties />
                </test-case>
                <test-case id="3304" name="ParseOctalNumber" fullname="Newtonsoft.Json.Tests.JsonTextReaderTests.ParseTests.ParseOctalNumber" methodname="ParseOctalNumber" classname="Newtonsoft.Json.Tests.JsonTextReaderTests.ParseTests" runstate="Runnable" seed="286028611" result="Passed" start-time="2019-11-12 05:39:07Z" end-time="2019-11-12 05:39:07Z" duration="0.000755" asserts="0">
                  <properties />
                </test-case>
                <test-case id="3289" name="ParsingQuotedPropertyWithControlCharacters" fullname="Newtonsoft.Json.Tests.JsonTextReaderTests.ParseTests.ParsingQuotedPropertyWithControlCharacters" methodname="ParsingQuotedPropertyWithControlCharacters" classname="Newtonsoft.Json.Tests.JsonTextReaderTests.ParseTests" runstate="Runnable" seed="934769901" result="Passed" start-time="2019-11-12 05:39:07Z" end-time="2019-11-12 05:39:07Z" duration="0.000683" asserts="0">
                  <properties />
                </test-case>
              </test-suite>
              <test-suite type="TestFixture" id="3306" name="ReadTests" fullname="Newtonsoft.Json.Tests.JsonTextReaderTests.ReadTests" classname="Newtonsoft.Json.Tests.JsonTextReaderTests.ReadTests" runstate="Runnable" testcasecount="68" result="Passed" start-time="2019-11-12 05:39:07Z" end-time="2019-11-12 05:39:08Z" duration="0.416401" total="68" passed="68" failed="0" inconclusive="0" skipped="0" asserts="0">
                <properties>
                  <property name="Category" value="JsonTextReaderTests" />
                </properties>
                <test-case id="3365" name="NullCharReading" fullname="Newtonsoft.Json.Tests.JsonTextReaderTests.ReadTests.NullCharReading" methodname="NullCharReading" classname="Newtonsoft.Json.Tests.JsonTextReaderTests.ReadTests" runstate="Runnable" seed="1160328675" result="Passed" start-time="2019-11-12 05:39:08Z" end-time="2019-11-12 05:39:08Z" duration="0.001606" asserts="0">
                  <properties />
                </test-case>
                <test-case id="3348" name="Read_Boolean_Failure" fullname="Newtonsoft.Json.Tests.JsonTextReaderTests.ReadTests.Read_Boolean_Failure" methodname="Read_Boolean_Failure" classname="Newtonsoft.Json.Tests.JsonTextReaderTests.ReadTests" runstate="Runnable" seed="1891394448" result="Passed" start-time="2019-11-12 05:39:08Z" end-time="2019-11-12 05:39:08Z" duration="0.001150" asserts="0">
                  <properties />
                </test-case>
                <test-case id="3307" name="Read_EmptyStream_ReturnsFalse" fullname="Newtonsoft.Json.Tests.JsonTextReaderTests.ReadTests.Read_EmptyStream_ReturnsFalse" methodname="Read_EmptyStream_ReturnsFalse" classname="Newtonsoft.Json.Tests.JsonTextReaderTests.ReadTests" runstate="Runnable" seed="1698906516" result="Passed" start-time="2019-11-12 05:39:08Z" end-time="2019-11-12 05:39:08Z" duration="0.000690" asserts="0">
                  <properties />
                </test-case>
                <test-case id="3313" name="ReadAsBoolean" fullname="Newtonsoft.Json.Tests.JsonTextReaderTests.ReadTests.ReadAsBoolean" methodname="ReadAsBoolean" classname="Newtonsoft.Json.Tests.JsonTextReaderTests.ReadTests" runstate="Runnable" seed="1760725678" result="Passed" start-time="2019-11-12 05:39:08Z" end-time="2019-11-12 05:39:08Z" duration="0.003742" asserts="0">
                  <properties />
                </test-case>
                <test-case id="3314" name="ReadAsBoolean_NullChar" fullname="Newtonsoft.Json.Tests.JsonTextReaderTests.ReadTests.ReadAsBoolean_NullChar" methodname="ReadAsBoolean_NullChar" classname="Newtonsoft.Json.Tests.JsonTextReaderTests.ReadTests" runstate="Runnable" seed="1965042571" result="Passed" start-time="2019-11-12 05:39:08Z" end-time="2019-11-12 05:39:08Z" duration="0.000926" asserts="0">
                  <properties />
                </test-case>
                <test-case id="3316" name="ReadAsBooleanNoContent" fullname="Newtonsoft.Json.Tests.JsonTextReaderTests.ReadTests.ReadAsBooleanNoContent" methodname="ReadAsBooleanNoContent" classname="Newtonsoft.Json.Tests.JsonTextReaderTests.ReadTests" runstate="Runnable" seed="1183364795" result="Passed" start-time="2019-11-12 05:39:08Z" end-time="2019-11-12 05:39:08Z" duration="0.001330" asserts="0">
                  <properties />
                </test-case>
                <test-case id="3315" name="ReadAsBytes" fullname="Newtonsoft.Json.Tests.JsonTextReaderTests.ReadTests.ReadAsBytes" methodname="ReadAsBytes" classname="Newtonsoft.Json.Tests.JsonTextReaderTests.ReadTests" runstate="Runnable" seed="243695428" result="Passed" start-time="2019-11-12 05:39:08Z" end-time="2019-11-12 05:39:08Z" duration="0.000924" asserts="0">
                  <properties />
                </test-case>
                <test-case id="3356" name="ReadAsBytes_Base64AndGuid" fullname="Newtonsoft.Json.Tests.JsonTextReaderTests.ReadTests.ReadAsBytes_Base64AndGuid" methodname="ReadAsBytes_Base64AndGuid" classname="Newtonsoft.Json.Tests.JsonTextReaderTests.ReadTests" runstate="Runnable" seed="2121121770" result="Passed" start-time="2019-11-12 05:39:08Z" end-time="2019-11-12 05:39:08Z" duration="0.000799" asserts="0">
                  <properties />
                </test-case>
                <test-case id="3317" name="ReadAsBytesIntegerArrayWithComments" fullname="Newtonsoft.Json.Tests.JsonTextReaderTests.ReadTests.ReadAsBytesIntegerArrayWithComments" methodname="ReadAsBytesIntegerArrayWithComments" classname="Newtonsoft.Json.Tests.JsonTextReaderTests.ReadTests" runstate="Runnable" seed="1219466929" result="Passed" start-time="2019-11-12 05:39:08Z" end-time="2019-11-12 05:39:08Z" duration="0.000711" asserts="0">
                  <properties />
                </test-case>
                <test-case id="3326" name="ReadAsBytesNoContent" fullname="Newtonsoft.Json.Tests.JsonTextReaderTests.ReadTests.ReadAsBytesNoContent" methodname="ReadAsBytesNoContent" classname="Newtonsoft.Json.Tests.JsonTextReaderTests.ReadTests" runstate="Runnable" seed="735792678" result="Passed" start-time="2019-11-12 05:39:08Z" end-time="2019-11-12 05:39:08Z" duration="0.000609" asserts="0">
                  <properties />
                </test-case>
                <test-case id="3328" name="ReadAsDateTimeOffset" fullname="Newtonsoft.Json.Tests.JsonTextReaderTests.ReadTests.ReadAsDateTimeOffset" methodname="ReadAsDateTimeOffset" classname="Newtonsoft.Json.Tests.JsonTextReaderTests.ReadTests" runstate="Runnable" seed="1441208232" result="Passed" start-time="2019-11-12 05:39:08Z" end-time="2019-11-12 05:39:08Z" duration="0.001061" asserts="0">
                  <properties />
                </test-case>
                <test-case id="3330" name="ReadAsDateTimeOffsetBadString" fullname="Newtonsoft.Json.Tests.JsonTextReaderTests.ReadTests.ReadAsDateTimeOffsetBadString" methodname="ReadAsDateTimeOffsetBadString" classname="Newtonsoft.Json.Tests.JsonTextReaderTests.ReadTests" runstate="Runnable" seed="1143915465" result="Passed" start-time="2019-11-12 05:39:08Z" end-time="2019-11-12 05:39:08Z" duration="0.002206" asserts="0">
                  <properties />
                </test-case>
                <test-case id="3331" name="ReadAsDateTimeOffsetHoursOnly" fullname="Newtonsoft.Json.Tests.JsonTextReaderTests.ReadTests.ReadAsDateTimeOffsetHoursOnly" methodname="ReadAsDateTimeOffsetHoursOnly" classname="Newtonsoft.Json.Tests.JsonTextReaderTests.ReadTests" runstate="Runnable" seed="856917734" result="Passed" start-time="2019-11-12 05:39:08Z" end-time="2019-11-12 05:39:08Z" duration="0.000992" asserts="0">
                  <properties />
                </test-case>
                <test-case id="3333" name="ReadAsDateTimeOffsetIsoDate" fullname="Newtonsoft.Json.Tests.JsonTextReaderTests.ReadTests.ReadAsDateTimeOffsetIsoDate" methodname="ReadAsDateTimeOffsetIsoDate" classname="Newtonsoft.Json.Tests.JsonTextReaderTests.ReadTests" runstate="Runnable" seed="32969310" result="Passed" start-time="2019-11-12 05:39:08Z" end-time="2019-11-12 05:39:08Z" duration="0.001005" asserts="0">
                  <properties />
                </test-case>
                <test-case id="3329" name="ReadAsDateTimeOffsetNegative" fullname="Newtonsoft.Json.Tests.JsonTextReaderTests.ReadTests.ReadAsDateTimeOffsetNegative" methodname="ReadAsDateTimeOffsetNegative" classname="Newtonsoft.Json.Tests.JsonTextReaderTests.ReadTests" runstate="Runnable" seed="638152470" result="Passed" start-time="2019-11-12 05:39:08Z" end-time="2019-11-12 05:39:08Z" duration="0.000821" asserts="0">
                  <properties />
                </test-case>
                <test-case id="3335" name="ReadAsDateTimeOffsetNewZealandDate" fullname="Newtonsoft.Json.Tests.JsonTextReaderTests.ReadTests.ReadAsDateTimeOffsetNewZealandDate" methodname="ReadAsDateTimeOffsetNewZealandDate" classname="Newtonsoft.Json.Tests.JsonTextReaderTests.ReadTests" runstate="Runnable" seed="336518783" result="Passed" start-time="2019-11-12 05:39:08Z" end-time="2019-11-12 05:39:08Z" duration="0.002131" asserts="0">
                  <properties />
                </test-case>
                <test-case id="3327" name="ReadAsDateTimeOffsetNoContent" fullname="Newtonsoft.Json.Tests.JsonTextReaderTests.ReadTests.ReadAsDateTimeOffsetNoContent" methodname="ReadAsDateTimeOffsetNoContent" classname="Newtonsoft.Json.Tests.JsonTextReaderTests.ReadTests" runstate="Runnable" seed="1070313" result="Passed" start-time="2019-11-12 05:39:08Z" end-time="2019-11-12 05:39:08Z" duration="0.000524" asserts="0">
                  <properties />
                </test-case>
                <test-case id="3334" name="ReadAsDateTimeOffsetUnitedStatesDate" fullname="Newtonsoft.Json.Tests.JsonTextReaderTests.ReadTests.ReadAsDateTimeOffsetUnitedStatesDate" methodname="ReadAsDateTimeOffsetUnitedStatesDate" classname="Newtonsoft.Json.Tests.JsonTextReaderTests.ReadTests" runstate="Runnable" seed="1357992162" result="Passed" start-time="2019-11-12 05:39:08Z" end-time="2019-11-12 05:39:08Z" duration="0.002198" asserts="0">
                  <properties />
                </test-case>
                <test-case id="3332" name="ReadAsDateTimeOffsetWithMinutes" fullname="Newtonsoft.Json.Tests.JsonTextReaderTests.ReadTests.ReadAsDateTimeOffsetWithMinutes" methodname="ReadAsDateTimeOffsetWithMinutes" classname="Newtonsoft.Json.Tests.JsonTextReaderTests.ReadTests" runstate="Runnable" seed="1766533737" result="Passed" start-time="2019-11-12 05:39:08Z" end-time="2019-11-12 05:39:08Z" duration="0.000936" asserts="0">
                  <properties />
                </test-case>
                <test-case id="3338" name="ReadAsDecimal" fullname="Newtonsoft.Json.Tests.JsonTextReaderTests.ReadTests.ReadAsDecimal" methodname="ReadAsDecimal" classname="Newtonsoft.Json.Tests.JsonTextReaderTests.ReadTests" runstate="Runnable" seed="985603483" result="Passed" start-time="2019-11-12 05:39:08Z" end-time="2019-11-12 05:39:08Z" duration="0.001092" asserts="0">
                  <properties />
                </test-case>
                <test-case id="3309" name="ReadAsDecimal_IntegerTooLarge_ThrowsJsonReaderException" fullname="Newtonsoft.Json.Tests.JsonTextReaderTests.ReadTests.ReadAsDecimal_IntegerTooLarge_ThrowsJsonReaderException" methodname="ReadAsDecimal_IntegerTooLarge_ThrowsJsonReaderException" classname="Newtonsoft.Json.Tests.JsonTextReaderTests.ReadTests" runstate="Runnable" seed="1608562502" result="Passed" start-time="2019-11-12 05:39:08Z" end-time="2019-11-12 05:39:08Z" duration="0.001146" asserts="0">
                  <properties />
                </test-case>
                <test-case id="3339" name="ReadAsDecimalFrench" fullname="Newtonsoft.Json.Tests.JsonTextReaderTests.ReadTests.ReadAsDecimalFrench" methodname="ReadAsDecimalFrench" classname="Newtonsoft.Json.Tests.JsonTextReaderTests.ReadTests" runstate="Runnable" seed="2139037587" result="Passed" start-time="2019-11-12 05:39:08Z" end-time="2019-11-12 05:39:08Z" duration="0.001023" asserts="0">
                  <properties />
                </test-case>
                <test-case id="3336" name="ReadAsDecimalInt" fullname="Newtonsoft.Json.Tests.JsonTextReaderTests.ReadTests.ReadAsDecimalInt" methodname="ReadAsDecimalInt" classname="Newtonsoft.Json.Tests.JsonTextReaderTests.ReadTests" runstate="Runnable" seed="2121564383" result="Passed" start-time="2019-11-12 05:39:08Z" end-time="2019-11-12 05:39:08Z" duration="0.000867" asserts="0">
                  <properties />
                </test-case>
                <test-case id="3325" name="ReadAsDecimalNoContent" fullname="Newtonsoft.Json.Tests.JsonTextReaderTests.ReadTests.ReadAsDecimalNoContent" methodname="ReadAsDecimalNoContent" classname="Newtonsoft.Json.Tests.JsonTextReaderTests.ReadTests" runstate="Runnable" seed="518405781" result="Passed" start-time="2019-11-12 05:39:08Z" end-time="2019-11-12 05:39:08Z" duration="0.000667" asserts="0">
                  <properties />
                </test-case>
                <test-case id="3345" name="ReadAsDouble_AllowThousands" fullname="Newtonsoft.Json.Tests.JsonTextReaderTests.ReadTests.ReadAsDouble_AllowThousands" methodname="ReadAsDouble_AllowThousands" classname="Newtonsoft.Json.Tests.JsonTextReaderTests.ReadTests" runstate="Runnable" seed="195211000" result="Passed" start-time="2019-11-12 05:39:08Z" end-time="2019-11-12 05:39:08Z" duration="0.000846" asserts="0">
                  <properties />
                </test-case>
                <test-case id="3346" name="ReadAsDouble_Failure" fullname="Newtonsoft.Json.Tests.JsonTextReaderTests.ReadTests.ReadAsDouble_Failure" methodname="ReadAsDouble_Failure" classname="Newtonsoft.Json.Tests.JsonTextReaderTests.ReadTests" runstate="Runnable" seed="1388087384" result="Passed" start-time="2019-11-12 05:39:08Z" end-time="2019-11-12 05:39:08Z" duration="0.001072" asserts="0">
                  <properties />
                </test-case>
                <test-case id="3344" name="ReadAsDouble_Hex" fullname="Newtonsoft.Json.Tests.JsonTextReaderTests.ReadTests.ReadAsDouble_Hex" methodname="ReadAsDouble_Hex" classname="Newtonsoft.Json.Tests.JsonTextReaderTests.ReadTests" runstate="Runnable" seed="2052109523" result="Passed" start-time="2019-11-12 05:39:08Z" end-time="2019-11-12 05:39:08Z" duration="0.000583" asserts="0">
                  <properties />
                </test-case>
                <test-case id="3342" name="ReadAsDouble_Null" fullname="Newtonsoft.Json.Tests.JsonTextReaderTests.ReadTests.ReadAsDouble_Null" methodname="ReadAsDouble_Null" classname="Newtonsoft.Json.Tests.JsonTextReaderTests.ReadTests" runstate="Runnable" seed="1641682629" result="Passed" start-time="2019-11-12 05:39:08Z" end-time="2019-11-12 05:39:08Z" duration="0.000521" asserts="0">
                  <properties />
                </test-case>
                <test-case id="3343" name="ReadAsDouble_Success" fullname="Newtonsoft.Json.Tests.JsonTextReaderTests.ReadTests.ReadAsDouble_Success" methodname="ReadAsDouble_Success" classname="Newtonsoft.Json.Tests.JsonTextReaderTests.ReadTests" runstate="Runnable" seed="707629561" result="Passed" start-time="2019-11-12 05:39:08Z" end-time="2019-11-12 05:39:08Z" duration="0.000680" asserts="0">
                  <properties />
                </test-case>
                <test-case id="3310" name="ReadAsInt32_BigIntegerValue_Success" fullname="Newtonsoft.Json.Tests.JsonTextReaderTests.ReadTests.ReadAsInt32_BigIntegerValue_Success" methodname="ReadAsInt32_BigIntegerValue_Success" classname="Newtonsoft.Json.Tests.JsonTextReaderTests.ReadTests" runstate="Runnable" seed="71019062" result="Passed" start-time="2019-11-12 05:39:08Z" end-time="2019-11-12 05:39:08Z" duration="0.000850" asserts="0">
                  <properties />
                </test-case>
                <test-case id="3308" name="ReadAsInt32_IntegerTooLarge_ThrowsJsonReaderException" fullname="Newtonsoft.Json.Tests.JsonTextReaderTests.ReadTests.ReadAsInt32_IntegerTooLarge_ThrowsJsonReaderException" methodname="ReadAsInt32_IntegerTooLarge_ThrowsJsonReaderException" classname="Newtonsoft.Json.Tests.JsonTextReaderTests.ReadTests" runstate="Runnable" seed="1625717143" result="Passed" start-time="2019-11-12 05:39:08Z" end-time="2019-11-12 05:39:08Z" duration="0.000860" asserts="0">
                  <properties />
                </test-case>
                <test-case id="3312" name="ReadAsInt32WithUndefined" fullname="Newtonsoft.Json.Tests.JsonTextReaderTests.ReadTests.ReadAsInt32WithUndefined" methodname="ReadAsInt32WithUndefined" classname="Newtonsoft.Json.Tests.JsonTextReaderTests.ReadTests" runstate="Runnable" seed="1902116600" result="Passed" start-time="2019-11-12 05:39:08Z" end-time="2019-11-12 05:39:08Z" duration="0.000840" asserts="0">
                  <properties />
                </test-case>
                <test-case id="3337" name="ReadAsIntDecimal" fullname="Newtonsoft.Json.Tests.JsonTextReaderTests.ReadTests.ReadAsIntDecimal" methodname="ReadAsIntDecimal" classname="Newtonsoft.Json.Tests.JsonTextReaderTests.ReadTests" runstate="Runnable" seed="510260685" result="Passed" start-time="2019-11-12 05:39:08Z" end-time="2019-11-12 05:39:08Z" duration="0.000962" asserts="0">
                  <properties />
                </test-case>
                <test-case id="3347" name="ReadAsString_Boolean" fullname="Newtonsoft.Json.Tests.JsonTextReaderTests.ReadTests.ReadAsString_Boolean" methodname="ReadAsString_Boolean" classname="Newtonsoft.Json.Tests.JsonTextReaderTests.ReadTests" runstate="Runnable" seed="2073348716" result="Passed" start-time="2019-11-12 05:39:08Z" end-time="2019-11-12 05:39:08Z" duration="0.000600" asserts="0">
                  <properties />
                </test-case>
                <test-case id="3349" name="ReadAsString_Boolean_Failure" fullname="Newtonsoft.Json.Tests.JsonTextReaderTests.ReadTests.ReadAsString_Boolean_Failure" methodname="ReadAsString_Boolean_Failure" classname="Newtonsoft.Json.Tests.JsonTextReaderTests.ReadTests" runstate="Runnable" seed="1036517845" result="Passed" start-time="2019-11-12 05:39:08Z" end-time="2019-11-12 05:39:08Z" duration="0.000835" asserts="0">
                  <properties />
                </test-case>
                <test-case id="3360" name="ReadBadMSDateAsString" fullname="Newtonsoft.Json.Tests.JsonTextReaderTests.ReadTests.ReadBadMSDateAsString" methodname="ReadBadMSDateAsString" classname="Newtonsoft.Json.Tests.JsonTextReaderTests.ReadTests" runstate="Runnable" seed="746604397" result="Passed" start-time="2019-11-12 05:39:08Z" end-time="2019-11-12 05:39:08Z" duration="0.000769" asserts="0">
                  <properties />
                </test-case>
                <test-case id="3359" name="ReadBigInteger" fullname="Newtonsoft.Json.Tests.JsonTextReaderTests.ReadTests.ReadBigInteger" methodname="ReadBigInteger" classname="Newtonsoft.Json.Tests.JsonTextReaderTests.ReadTests" runstate="Runnable" seed="366579787" result="Passed" start-time="2019-11-12 05:39:08Z" end-time="2019-11-12 05:39:08Z" duration="0.001699" asserts="0">
                  <properties />
                </test-case>
                <test-case id="3340" name="ReadBufferOnControlChar" fullname="Newtonsoft.Json.Tests.JsonTextReaderTests.ReadTests.ReadBufferOnControlChar" methodname="ReadBufferOnControlChar" classname="Newtonsoft.Json.Tests.JsonTextReaderTests.ReadTests" runstate="Runnable" seed="582655820" result="Passed" start-time="2019-11-12 05:39:08Z" end-time="2019-11-12 05:39:08Z" duration="0.000787" asserts="0">
                  <properties />
                </test-case>
                <test-case id="3341" name="ReadBufferOnEndComment" fullname="Newtonsoft.Json.Tests.JsonTextReaderTests.ReadTests.ReadBufferOnEndComment" methodname="ReadBufferOnEndComment" classname="Newtonsoft.Json.Tests.JsonTextReaderTests.ReadTests" runstate="Runnable" seed="2072650405" result="Passed" start-time="2019-11-12 05:39:08Z" end-time="2019-11-12 05:39:08Z" duration="0.001019" asserts="0">
                  <properties />
                </test-case>
                <test-case id="3369" name="ReadBytesFollowingNumberInArray" fullname="Newtonsoft.Json.Tests.JsonTextReaderTests.ReadTests.ReadBytesFollowingNumberInArray" methodname="ReadBytesFollowingNumberInArray" classname="Newtonsoft.Json.Tests.JsonTextReaderTests.ReadTests" runstate="Runnable" seed="2091085097" result="Passed" start-time="2019-11-12 05:39:08Z" end-time="2019-11-12 05:39:08Z" duration="0.000822" asserts="0">
                  <properties />
                </test-case>
                <test-case id="3370" name="ReadBytesFollowingNumberInObject" fullname="Newtonsoft.Json.Tests.JsonTextReaderTests.ReadTests.ReadBytesFollowingNumberInObject" methodname="ReadBytesFollowingNumberInObject" classname="Newtonsoft.Json.Tests.JsonTextReaderTests.ReadTests" runstate="Runnable" seed="700944136" result="Passed" start-time="2019-11-12 05:39:08Z" end-time="2019-11-12 05:39:08Z" duration="0.000905" asserts="0">
                  <properties />
                </test-case>
                <test-case id="3367" name="ReadBytesNoStartWithUnexpectedEnd" fullname="Newtonsoft.Json.Tests.JsonTextReaderTests.ReadTests.ReadBytesNoStartWithUnexpectedEnd" methodname="ReadBytesNoStartWithUnexpectedEnd" classname="Newtonsoft.Json.Tests.JsonTextReaderTests.ReadTests" runstate="Runnable" seed="1547436653" result="Passed" start-time="2019-11-12 05:39:08Z" end-time="2019-11-12 05:39:08Z" duration="0.000526" asserts="0">
                  <properties />
                </test-case>
                <test-case id="3355" name="ReadCommentInsideArray" fullname="Newtonsoft.Json.Tests.JsonTextReaderTests.ReadTests.ReadCommentInsideArray" methodname="ReadCommentInsideArray" classname="Newtonsoft.Json.Tests.JsonTextReaderTests.ReadTests" runstate="Runnable" seed="2042204087" result="Passed" start-time="2019-11-12 05:39:08Z" end-time="2019-11-12 05:39:08Z" duration="0.001020" asserts="0">
                  <properties />
                </test-case>
                <test-case id="3361" name="ReadConstructor" fullname="Newtonsoft.Json.Tests.JsonTextReaderTests.ReadTests.ReadConstructor" methodname="ReadConstructor" classname="Newtonsoft.Json.Tests.JsonTextReaderTests.ReadTests" runstate="Runnable" seed="269602342" result="Passed" start-time="2019-11-12 05:39:08Z" end-time="2019-11-12 05:39:08Z" duration="0.000965" asserts="0">
                  <properties />
                </test-case>
                <test-case id="3352" name="ReadContentDelimitedByComments" fullname="Newtonsoft.Json.Tests.JsonTextReaderTests.ReadTests.ReadContentDelimitedByComments" methodname="ReadContentDelimitedByComments" classname="Newtonsoft.Json.Tests.JsonTextReaderTests.ReadTests" runstate="Runnable" seed="402237805" result="Passed" start-time="2019-11-12 05:39:08Z" end-time="2019-11-12 05:39:08Z" duration="0.001802" asserts="0">
                  <properties />
                </test-case>
                <test-case id="3319" name="ReadHexidecimalWithAllLetters" fullname="Newtonsoft.Json.Tests.JsonTextReaderTests.ReadTests.ReadHexidecimalWithAllLetters" methodname="ReadHexidecimalWithAllLetters" classname="Newtonsoft.Json.Tests.JsonTextReaderTests.ReadTests" runstate="Runnable" seed="1362894739" result="Passed" start-time="2019-11-12 05:39:08Z" end-time="2019-11-12 05:39:08Z" duration="0.000890" asserts="0">
                  <properties />
                </test-case>
                <test-case id="3371" name="ReadingEscapedStrings" fullname="Newtonsoft.Json.Tests.JsonTextReaderTests.ReadTests.ReadingEscapedStrings" methodname="ReadingEscapedStrings" classname="Newtonsoft.Json.Tests.JsonTextReaderTests.ReadTests" runstate="Runnable" seed="1837596541" result="Passed" start-time="2019-11-12 05:39:08Z" end-time="2019-11-12 05:39:08Z" duration="0.000854" asserts="0">
                  <properties />
                </test-case>
                <test-case id="3354" name="ReadingFromSlowStream" fullname="Newtonsoft.Json.Tests.JsonTextReaderTests.ReadTests.ReadingFromSlowStream" methodname="ReadingFromSlowStream" classname="Newtonsoft.Json.Tests.JsonTextReaderTests.ReadTests" runstate="Runnable" seed="1193833959" result="Passed" start-time="2019-11-12 05:39:08Z" end-time="2019-11-12 05:39:08Z" duration="0.001716" asserts="0">
                  <properties />
                </test-case>
                <test-case id="3362" name="ReadingIndented" fullname="Newtonsoft.Json.Tests.JsonTextReaderTests.ReadTests.ReadingIndented" methodname="ReadingIndented" classname="Newtonsoft.Json.Tests.JsonTextReaderTests.ReadTests" runstate="Runnable" seed="1342825050" result="Passed" start-time="2019-11-12 05:39:08Z" end-time="2019-11-12 05:39:08Z" duration="0.001890" asserts="0">
                  <properties />
                </test-case>
                <test-case id="3320" name="ReadLargeObjects" fullname="Newtonsoft.Json.Tests.JsonTextReaderTests.ReadTests.ReadLargeObjects" methodname="ReadLargeObjects" classname="Newtonsoft.Json.Tests.JsonTextReaderTests.ReadTests" runstate="Runnable" seed="798081076" result="Passed" start-time="2019-11-12 05:39:08Z" end-time="2019-11-12 05:39:08Z" duration="0.003542" asserts="0">
                  <properties />
                </test-case>
                <test-case id="3364" name="ReadLongJsonArray" fullname="Newtonsoft.Json.Tests.JsonTextReaderTests.ReadTests.ReadLongJsonArray" methodname="ReadLongJsonArray" classname="Newtonsoft.Json.Tests.JsonTextReaderTests.ReadTests" runstate="Runnable" seed="153514061" result="Passed" start-time="2019-11-12 05:39:08Z" end-time="2019-11-12 05:39:08Z" duration="0.151230" asserts="0">
                  <properties />
                </test-case>
                <test-case id="3363" name="ReadLongString" fullname="Newtonsoft.Json.Tests.JsonTextReaderTests.ReadTests.ReadLongString" methodname="ReadLongString" classname="Newtonsoft.Json.Tests.JsonTextReaderTests.ReadTests" runstate="Runnable" seed="563830153" result="Passed" start-time="2019-11-12 05:39:08Z" end-time="2019-11-12 05:39:08Z" duration="0.001103" asserts="0">
                  <properties />
                </test-case>
                <test-case id="3311" name="ReadMissingInt64" fullname="Newtonsoft.Json.Tests.JsonTextReaderTests.ReadTests.ReadMissingInt64" methodname="ReadMissingInt64" classname="Newtonsoft.Json.Tests.JsonTextReaderTests.ReadTests" runstate="Runnable" seed="546532146" result="Passed" start-time="2019-11-12 05:39:08Z" end-time="2019-11-12 05:39:08Z" duration="0.000795" asserts="0">
                  <properties />
                </test-case>
                <test-case id="3358" name="ReadMultilineString" fullname="Newtonsoft.Json.Tests.JsonTextReaderTests.ReadTests.ReadMultilineString" methodname="ReadMultilineString" classname="Newtonsoft.Json.Tests.JsonTextReaderTests.ReadTests" runstate="Runnable" seed="1825528779" result="Passed" start-time="2019-11-12 05:39:08Z" end-time="2019-11-12 05:39:08Z" duration="0.000692" asserts="0">
                  <properties />
                </test-case>
                <test-case id="3372" name="ReadNewlineLastCharacter" fullname="Newtonsoft.Json.Tests.JsonTextReaderTests.ReadTests.ReadNewlineLastCharacter" methodname="ReadNewlineLastCharacter" classname="Newtonsoft.Json.Tests.JsonTextReaderTests.ReadTests" runstate="Runnable" seed="319179606" result="Passed" start-time="2019-11-12 05:39:08Z" end-time="2019-11-12 05:39:08Z" duration="0.000516" asserts="0">
                  <properties />
                </test-case>
                <test-case id="3368" name="ReadNewLines" fullname="Newtonsoft.Json.Tests.JsonTextReaderTests.ReadTests.ReadNewLines" methodname="ReadNewLines" classname="Newtonsoft.Json.Tests.JsonTextReaderTests.ReadTests" runstate="Runnable" seed="1718780420" result="Passed" start-time="2019-11-12 05:39:08Z" end-time="2019-11-12 05:39:08Z" duration="0.002157" asserts="0">
                  <properties />
                </test-case>
                <test-case id="3353" name="ReadNullIntLineNumberAndPosition" fullname="Newtonsoft.Json.Tests.JsonTextReaderTests.ReadTests.ReadNullIntLineNumberAndPosition" methodname="ReadNullIntLineNumberAndPosition" classname="Newtonsoft.Json.Tests.JsonTextReaderTests.ReadTests" runstate="Runnable" seed="1125662784" result="Passed" start-time="2019-11-12 05:39:08Z" end-time="2019-11-12 05:39:08Z" duration="0.001065" asserts="0">
                  <properties />
                </test-case>
                <test-case id="3366" name="ReadNullTerminatorStrings" fullname="Newtonsoft.Json.Tests.JsonTextReaderTests.ReadTests.ReadNullTerminatorStrings" methodname="ReadNullTerminatorStrings" classname="Newtonsoft.Json.Tests.JsonTextReaderTests.ReadTests" runstate="Runnable" seed="664024323" result="Passed" start-time="2019-11-12 05:39:08Z" end-time="2019-11-12 05:39:08Z" duration="0.000671" asserts="0">
                  <properties />
                </test-case>
                <test-case id="3322" name="ReadOctalNumber" fullname="Newtonsoft.Json.Tests.JsonTextReaderTests.ReadTests.ReadOctalNumber" methodname="ReadOctalNumber" classname="Newtonsoft.Json.Tests.JsonTextReaderTests.ReadTests" runstate="Runnable" seed="1730069053" result="Passed" start-time="2019-11-12 05:39:08Z" end-time="2019-11-12 05:39:08Z" duration="0.001164" asserts="0">
                  <properties />
                </test-case>
                <test-case id="3324" name="ReadOctalNumberAsInt32" fullname="Newtonsoft.Json.Tests.JsonTextReaderTests.ReadTests.ReadOctalNumberAsInt32" methodname="ReadOctalNumberAsInt32" classname="Newtonsoft.Json.Tests.JsonTextReaderTests.ReadTests" runstate="Runnable" seed="1348344196" result="Passed" start-time="2019-11-12 05:39:08Z" end-time="2019-11-12 05:39:08Z" duration="0.001012" asserts="0">
                  <properties />
                </test-case>
                <test-case id="3323" name="ReadOctalNumberAsInt64" fullname="Newtonsoft.Json.Tests.JsonTextReaderTests.ReadTests.ReadOctalNumberAsInt64" methodname="ReadOctalNumberAsInt64" classname="Newtonsoft.Json.Tests.JsonTextReaderTests.ReadTests" runstate="Runnable" seed="559788621" result="Passed" start-time="2019-11-12 05:39:08Z" end-time="2019-11-12 05:39:08Z" duration="0.000992" asserts="0">
                  <properties />
                </test-case>
                <test-case id="3373" name="ReadRandomJson" fullname="Newtonsoft.Json.Tests.JsonTextReaderTests.ReadTests.ReadRandomJson" methodname="ReadRandomJson" classname="Newtonsoft.Json.Tests.JsonTextReaderTests.ReadTests" runstate="Runnable" seed="1427720505" result="Passed" start-time="2019-11-12 05:39:08Z" end-time="2019-11-12 05:39:08Z" duration="0.000543" asserts="0">
                  <properties />
                </test-case>
                <test-case id="3321" name="ReadSingleBytes" fullname="Newtonsoft.Json.Tests.JsonTextReaderTests.ReadTests.ReadSingleBytes" methodname="ReadSingleBytes" classname="Newtonsoft.Json.Tests.JsonTextReaderTests.ReadTests" runstate="Runnable" seed="1806886311" result="Passed" start-time="2019-11-12 05:39:08Z" end-time="2019-11-12 05:39:08Z" duration="0.000620" asserts="0">
                  <properties />
                </test-case>
                <test-case id="3357" name="ReadSingleQuoteInsideDoubleQuoteString" fullname="Newtonsoft.Json.Tests.JsonTextReaderTests.ReadTests.ReadSingleQuoteInsideDoubleQuoteString" methodname="ReadSingleQuoteInsideDoubleQuoteString" classname="Newtonsoft.Json.Tests.JsonTextReaderTests.ReadTests" runstate="Runnable" seed="1722705955" result="Passed" start-time="2019-11-12 05:39:08Z" end-time="2019-11-12 05:39:08Z" duration="0.000585" asserts="0">
                  <properties />
                </test-case>
                <test-case id="3318" name="ReadUnicode" fullname="Newtonsoft.Json.Tests.JsonTextReaderTests.ReadTests.ReadUnicode" methodname="ReadUnicode" classname="Newtonsoft.Json.Tests.JsonTextReaderTests.ReadTests" runstate="Runnable" seed="410262325" result="Passed" start-time="2019-11-12 05:39:08Z" end-time="2019-11-12 05:39:08Z" duration="0.000850" asserts="0">
                  <properties />
                </test-case>
                <test-case id="3350" name="ReadValue_EmptyString_Position" fullname="Newtonsoft.Json.Tests.JsonTextReaderTests.ReadTests.ReadValue_EmptyString_Position" methodname="ReadValue_EmptyString_Position" classname="Newtonsoft.Json.Tests.JsonTextReaderTests.ReadTests" runstate="Runnable" seed="1113299550" result="Passed" start-time="2019-11-12 05:39:08Z" end-time="2019-11-12 05:39:08Z" duration="0.000923" asserts="0">
                  <properties />
                </test-case>
                <test-case id="3351" name="ReadValueComments" fullname="Newtonsoft.Json.Tests.JsonTextReaderTests.ReadTests.ReadValueComments" methodname="ReadValueComments" classname="Newtonsoft.Json.Tests.JsonTextReaderTests.ReadTests" runstate="Runnable" seed="864490221" result="Passed" start-time="2019-11-12 05:39:08Z" end-time="2019-11-12 05:39:08Z" duration="0.002006" asserts="0">
                  <properties />
                </test-case>
                <test-case id="3374" name="ThrowOnDuplicateKeysDeserializing" fullname="Newtonsoft.Json.Tests.JsonTextReaderTests.ReadTests.ThrowOnDuplicateKeysDeserializing" methodname="ThrowOnDuplicateKeysDeserializing" classname="Newtonsoft.Json.Tests.JsonTextReaderTests.ReadTests" runstate="Runnable" seed="231364361" result="Passed" start-time="2019-11-12 05:39:08Z" end-time="2019-11-12 05:39:08Z" duration="0.001190" asserts="0">
                  <properties />
                </test-case>
              </test-suite>
            </test-suite>
            <test-suite type="TestFixture" id="1083" name="JsonTextWriterTest" fullname="Newtonsoft.Json.Tests.JsonTextWriterTest" classname="Newtonsoft.Json.Tests.JsonTextWriterTest" runstate="Runnable" testcasecount="52" result="Passed" start-time="2019-11-12 05:39:09Z" end-time="2019-11-12 05:39:09Z" duration="0.921083" total="52" passed="52" failed="0" inconclusive="0" skipped="0" asserts="0">
              <properties />
              <test-case id="1128" name="AutoCompleteOnClose_False" fullname="Newtonsoft.Json.Tests.JsonTextWriterTest.AutoCompleteOnClose_False" methodname="AutoCompleteOnClose_False" classname="Newtonsoft.Json.Tests.JsonTextWriterTest" runstate="Runnable" seed="638254077" result="Passed" start-time="2019-11-12 05:39:09Z" end-time="2019-11-12 05:39:09Z" duration="0.001070" asserts="0">
                <properties />
              </test-case>
              <test-case id="1115" name="BadWriteEndArray" fullname="Newtonsoft.Json.Tests.JsonTextWriterTest.BadWriteEndArray" methodname="BadWriteEndArray" classname="Newtonsoft.Json.Tests.JsonTextWriterTest" runstate="Runnable" seed="1546318874" result="Passed" start-time="2019-11-12 05:39:09Z" end-time="2019-11-12 05:39:09Z" duration="0.001114" asserts="0">
                <properties />
              </test-case>
              <test-case id="1084" name="BufferTest" fullname="Newtonsoft.Json.Tests.JsonTextWriterTest.BufferTest" methodname="BufferTest" classname="Newtonsoft.Json.Tests.JsonTextWriterTest" runstate="Runnable" seed="331032192" result="Passed" start-time="2019-11-12 05:39:09Z" end-time="2019-11-12 05:39:09Z" duration="0.356699" asserts="0">
                <properties />
              </test-case>
              <test-case id="1085" name="BufferTest_WithError" fullname="Newtonsoft.Json.Tests.JsonTextWriterTest.BufferTest_WithError" methodname="BufferTest_WithError" classname="Newtonsoft.Json.Tests.JsonTextWriterTest" runstate="Runnable" seed="887461259" result="Passed" start-time="2019-11-12 05:39:09Z" end-time="2019-11-12 05:39:09Z" duration="0.001894" asserts="0">
                <properties />
              </test-case>
              <test-case id="1121" name="BuildStateArray" fullname="Newtonsoft.Json.Tests.JsonTextWriterTest.BuildStateArray" methodname="BuildStateArray" classname="Newtonsoft.Json.Tests.JsonTextWriterTest" runstate="Runnable" seed="420556093" result="Passed" start-time="2019-11-12 05:39:09Z" end-time="2019-11-12 05:39:09Z" duration="0.003006" asserts="0">
                <properties />
              </test-case>
              <test-case id="1088" name="CloseOutput" fullname="Newtonsoft.Json.Tests.JsonTextWriterTest.CloseOutput" methodname="CloseOutput" classname="Newtonsoft.Json.Tests.JsonTextWriterTest" runstate="Runnable" seed="1637017910" result="Passed" start-time="2019-11-12 05:39:09Z" end-time="2019-11-12 05:39:09Z" duration="0.001348" asserts="0">
                <properties />
              </test-case>
              <test-case id="1096" name="CloseWithRemainingContent" fullname="Newtonsoft.Json.Tests.JsonTextWriterTest.CloseWithRemainingContent" methodname="CloseWithRemainingContent" classname="Newtonsoft.Json.Tests.JsonTextWriterTest" runstate="Runnable" seed="2114448015" result="Passed" start-time="2019-11-12 05:39:09Z" end-time="2019-11-12 05:39:09Z" duration="0.001382" asserts="0">
                <properties />
              </test-case>
              <test-case id="1131" name="CompareNewStringEscapingWithOld" fullname="Newtonsoft.Json.Tests.JsonTextWriterTest.CompareNewStringEscapingWithOld" methodname="CompareNewStringEscapingWithOld" classname="Newtonsoft.Json.Tests.JsonTextWriterTest" runstate="Runnable" seed="1723779739" result="Passed" start-time="2019-11-12 05:39:09Z" end-time="2019-11-12 05:39:09Z" duration="0.348034" asserts="0">
                <properties />
              </test-case>
              <test-case id="1130" name="Culture" fullname="Newtonsoft.Json.Tests.JsonTextWriterTest.Culture" methodname="Culture" classname="Newtonsoft.Json.Tests.JsonTextWriterTest" runstate="Runnable" seed="105098416" result="Passed" start-time="2019-11-12 05:39:09Z" end-time="2019-11-12 05:39:09Z" duration="0.001368" asserts="0">
                <properties />
              </test-case>
              <test-case id="1132" name="CustomJsonTextWriterTests" fullname="Newtonsoft.Json.Tests.JsonTextWriterTest.CustomJsonTextWriterTests" methodname="CustomJsonTextWriterTests" classname="Newtonsoft.Json.Tests.JsonTextWriterTest" runstate="Runnable" seed="1032396535" result="Passed" start-time="2019-11-12 05:39:09Z" end-time="2019-11-12 05:39:09Z" duration="0.002529" asserts="0">
                <properties />
              </test-case>
              <test-case id="1122" name="DateTimeZoneHandling" fullname="Newtonsoft.Json.Tests.JsonTextWriterTest.DateTimeZoneHandling" methodname="DateTimeZoneHandling" classname="Newtonsoft.Json.Tests.JsonTextWriterTest" runstate="Runnable" seed="421013702" result="Passed" start-time="2019-11-12 05:39:09Z" end-time="2019-11-12 05:39:09Z" duration="0.000699" asserts="0">
                <properties />
              </test-case>
              <test-case id="1135" name="DisposeSupressesFinalization" fullname="Newtonsoft.Json.Tests.JsonTextWriterTest.DisposeSupressesFinalization" methodname="DisposeSupressesFinalization" classname="Newtonsoft.Json.Tests.JsonTextWriterTest" runstate="Runnable" seed="1875499404" result="Passed" start-time="2019-11-12 05:39:09Z" end-time="2019-11-12 05:39:09Z" duration="0.018167" asserts="0">
                <properties />
              </test-case>
              <test-case id="1102" name="FloatingPointNonFiniteNumbers_QuoteChar" fullname="Newtonsoft.Json.Tests.JsonTextWriterTest.FloatingPointNonFiniteNumbers_QuoteChar" methodname="FloatingPointNonFiniteNumbers_QuoteChar" classname="Newtonsoft.Json.Tests.JsonTextWriterTest" runstate="Runnable" seed="454931635" result="Passed" start-time="2019-11-12 05:39:09Z" end-time="2019-11-12 05:39:09Z" duration="0.001388" asserts="0">
                <properties />
              </test-case>
              <test-case id="1101" name="FloatingPointNonFiniteNumbers_String" fullname="Newtonsoft.Json.Tests.JsonTextWriterTest.FloatingPointNonFiniteNumbers_String" methodname="FloatingPointNonFiniteNumbers_String" classname="Newtonsoft.Json.Tests.JsonTextWriterTest" runstate="Runnable" seed="834861891" result="Passed" start-time="2019-11-12 05:39:09Z" end-time="2019-11-12 05:39:09Z" duration="0.000715" asserts="0">
                <properties />
              </test-case>
              <test-case id="1099" name="FloatingPointNonFiniteNumbers_Symbol" fullname="Newtonsoft.Json.Tests.JsonTextWriterTest.FloatingPointNonFiniteNumbers_Symbol" methodname="FloatingPointNonFiniteNumbers_Symbol" classname="Newtonsoft.Json.Tests.JsonTextWriterTest" runstate="Runnable" seed="2063882198" result="Passed" start-time="2019-11-12 05:39:09Z" end-time="2019-11-12 05:39:09Z" duration="0.000770" asserts="0">
                <properties />
              </test-case>
              <test-case id="1100" name="FloatingPointNonFiniteNumbers_Zero" fullname="Newtonsoft.Json.Tests.JsonTextWriterTest.FloatingPointNonFiniteNumbers_Zero" methodname="FloatingPointNonFiniteNumbers_Zero" classname="Newtonsoft.Json.Tests.JsonTextWriterTest" runstate="Runnable" seed="200682582" result="Passed" start-time="2019-11-12 05:39:09Z" end-time="2019-11-12 05:39:09Z" duration="0.001667" asserts="0">
                <properties />
              </test-case>
              <test-case id="1123" name="HtmlStringEscapeHandling" fullname="Newtonsoft.Json.Tests.JsonTextWriterTest.HtmlStringEscapeHandling" methodname="HtmlStringEscapeHandling" classname="Newtonsoft.Json.Tests.JsonTextWriterTest" runstate="Runnable" seed="1087271972" result="Passed" start-time="2019-11-12 05:39:09Z" end-time="2019-11-12 05:39:09Z" duration="0.000893" asserts="0">
                <properties />
              </test-case>
              <test-case id="1117" name="Indentation" fullname="Newtonsoft.Json.Tests.JsonTextWriterTest.Indentation" methodname="Indentation" classname="Newtonsoft.Json.Tests.JsonTextWriterTest" runstate="Runnable" seed="1809660058" result="Passed" start-time="2019-11-12 05:39:09Z" end-time="2019-11-12 05:39:09Z" duration="0.001567" asserts="0">
                <properties />
              </test-case>
              <test-case id="1097" name="Indenting" fullname="Newtonsoft.Json.Tests.JsonTextWriterTest.Indenting" methodname="Indenting" classname="Newtonsoft.Json.Tests.JsonTextWriterTest" runstate="Runnable" seed="873772001" result="Passed" start-time="2019-11-12 05:39:09Z" end-time="2019-11-12 05:39:09Z" duration="0.000833" asserts="0">
                <properties />
              </test-case>
              <test-case id="1116" name="InvalidQuoteChar" fullname="Newtonsoft.Json.Tests.JsonTextWriterTest.InvalidQuoteChar" methodname="InvalidQuoteChar" classname="Newtonsoft.Json.Tests.JsonTextWriterTest" runstate="Runnable" seed="1167307645" result="Passed" start-time="2019-11-12 05:39:09Z" end-time="2019-11-12 05:39:09Z" duration="0.000754" asserts="0">
                <properties />
              </test-case>
              <test-case id="1086" name="NewLine" fullname="Newtonsoft.Json.Tests.JsonTextWriterTest.NewLine" methodname="NewLine" classname="Newtonsoft.Json.Tests.JsonTextWriterTest" runstate="Runnable" seed="1660309495" result="Passed" start-time="2019-11-12 05:39:09Z" end-time="2019-11-12 05:39:09Z" duration="0.001142" asserts="0">
                <properties />
              </test-case>
              <test-case id="1124" name="NonAsciiStringEscapeHandling" fullname="Newtonsoft.Json.Tests.JsonTextWriterTest.NonAsciiStringEscapeHandling" methodname="NonAsciiStringEscapeHandling" classname="Newtonsoft.Json.Tests.JsonTextWriterTest" runstate="Runnable" seed="1054769599" result="Passed" start-time="2019-11-12 05:39:09Z" end-time="2019-11-12 05:39:09Z" duration="0.000844" asserts="0">
                <properties />
              </test-case>
              <test-case id="1091" name="NullableValueFormatting" fullname="Newtonsoft.Json.Tests.JsonTextWriterTest.NullableValueFormatting" methodname="NullableValueFormatting" classname="Newtonsoft.Json.Tests.JsonTextWriterTest" runstate="Runnable" seed="1635409088" result="Passed" start-time="2019-11-12 05:39:09Z" end-time="2019-11-12 05:39:09Z" duration="0.004444" asserts="0">
                <properties />
              </test-case>
              <test-case id="1120" name="Path" fullname="Newtonsoft.Json.Tests.JsonTextWriterTest.Path" methodname="Path" classname="Newtonsoft.Json.Tests.JsonTextWriterTest" runstate="Runnable" seed="102104669" result="Passed" start-time="2019-11-12 05:39:09Z" end-time="2019-11-12 05:39:09Z" duration="0.001562" asserts="0">
                <properties />
              </test-case>
              <test-case id="1129" name="QuoteChar" fullname="Newtonsoft.Json.Tests.JsonTextWriterTest.QuoteChar" methodname="QuoteChar" classname="Newtonsoft.Json.Tests.JsonTextWriterTest" runstate="Runnable" seed="1460182518" result="Passed" start-time="2019-11-12 05:39:09Z" end-time="2019-11-12 05:39:09Z" duration="0.001577" asserts="0">
                <properties />
              </test-case>
              <test-case id="1133" name="QuoteDictionaryNames" fullname="Newtonsoft.Json.Tests.JsonTextWriterTest.QuoteDictionaryNames" methodname="QuoteDictionaryNames" classname="Newtonsoft.Json.Tests.JsonTextWriterTest" runstate="Runnable" seed="2071300689" result="Passed" start-time="2019-11-12 05:39:09Z" end-time="2019-11-12 05:39:09Z" duration="0.000972" asserts="0">
                <properties />
              </test-case>
              <test-case id="1087" name="QuoteNameAndStrings" fullname="Newtonsoft.Json.Tests.JsonTextWriterTest.QuoteNameAndStrings" methodname="QuoteNameAndStrings" classname="Newtonsoft.Json.Tests.JsonTextWriterTest" runstate="Runnable" seed="468126323" result="Passed" start-time="2019-11-12 05:39:09Z" end-time="2019-11-12 05:39:09Z" duration="0.000891" asserts="0">
                <properties />
              </test-case>
              <test-case id="1098" name="State" fullname="Newtonsoft.Json.Tests.JsonTextWriterTest.State" methodname="State" classname="Newtonsoft.Json.Tests.JsonTextWriterTest" runstate="Runnable" seed="1567078712" result="Passed" start-time="2019-11-12 05:39:09Z" end-time="2019-11-12 05:39:09Z" duration="0.001011" asserts="0">
                <properties />
              </test-case>
              <test-case id="1094" name="StringEscaping" fullname="Newtonsoft.Json.Tests.JsonTextWriterTest.StringEscaping" methodname="StringEscaping" classname="Newtonsoft.Json.Tests.JsonTextWriterTest" runstate="Runnable" seed="475140418" result="Passed" start-time="2019-11-12 05:39:09Z" end-time="2019-11-12 05:39:09Z" duration="0.000651" asserts="0">
                <properties />
              </test-case>
              <test-case id="1114" name="TokenTypeOutOfRange" fullname="Newtonsoft.Json.Tests.JsonTextWriterTest.TokenTypeOutOfRange" methodname="TokenTypeOutOfRange" classname="Newtonsoft.Json.Tests.JsonTextWriterTest" runstate="Runnable" seed="2069135111" result="Passed" start-time="2019-11-12 05:39:09Z" end-time="2019-11-12 05:39:09Z" duration="0.001574" asserts="0">
                <properties />
              </test-case>
              <test-case id="1090" name="ValueFormatting" fullname="Newtonsoft.Json.Tests.JsonTextWriterTest.ValueFormatting" methodname="ValueFormatting" classname="Newtonsoft.Json.Tests.JsonTextWriterTest" runstate="Runnable" seed="1499253716" result="Passed" start-time="2019-11-12 05:39:09Z" end-time="2019-11-12 05:39:09Z" duration="0.001119" asserts="0">
                <properties />
              </test-case>
              <test-case id="1119" name="WriteBytesInArray" fullname="Newtonsoft.Json.Tests.JsonTextWriterTest.WriteBytesInArray" methodname="WriteBytesInArray" classname="Newtonsoft.Json.Tests.JsonTextWriterTest" runstate="Runnable" seed="2120371882" result="Passed" start-time="2019-11-12 05:39:09Z" end-time="2019-11-12 05:39:09Z" duration="0.000793" asserts="0">
                <properties />
              </test-case>
              <test-case id="1134" name="WriteComments" fullname="Newtonsoft.Json.Tests.JsonTextWriterTest.WriteComments" methodname="WriteComments" classname="Newtonsoft.Json.Tests.JsonTextWriterTest" runstate="Runnable" seed="2135756572" result="Passed" start-time="2019-11-12 05:39:09Z" end-time="2019-11-12 05:39:09Z" duration="0.000874" asserts="0">
                <properties />
              </test-case>
              <test-case id="1095" name="WriteEnd" fullname="Newtonsoft.Json.Tests.JsonTextWriterTest.WriteEnd" methodname="WriteEnd" classname="Newtonsoft.Json.Tests.JsonTextWriterTest" runstate="Runnable" seed="878415606" result="Passed" start-time="2019-11-12 05:39:09Z" end-time="2019-11-12 05:39:09Z" duration="0.000837" asserts="0">
                <properties />
              </test-case>
              <test-case id="1125" name="WriteEndOnProperty" fullname="Newtonsoft.Json.Tests.JsonTextWriterTest.WriteEndOnProperty" methodname="WriteEndOnProperty" classname="Newtonsoft.Json.Tests.JsonTextWriterTest" runstate="Runnable" seed="1189262097" result="Passed" start-time="2019-11-12 05:39:09Z" end-time="2019-11-12 05:39:09Z" duration="0.000667" asserts="0">
                <properties />
              </test-case>
              <test-case id="1126" name="WriteEndOnProperty_Close" fullname="Newtonsoft.Json.Tests.JsonTextWriterTest.WriteEndOnProperty_Close" methodname="WriteEndOnProperty_Close" classname="Newtonsoft.Json.Tests.JsonTextWriterTest" runstate="Runnable" seed="213781189" result="Passed" start-time="2019-11-12 05:39:09Z" end-time="2019-11-12 05:39:09Z" duration="0.000628" asserts="0">
                <properties />
              </test-case>
              <test-case id="1127" name="WriteEndOnProperty_Dispose" fullname="Newtonsoft.Json.Tests.JsonTextWriterTest.WriteEndOnProperty_Dispose" methodname="WriteEndOnProperty_Dispose" classname="Newtonsoft.Json.Tests.JsonTextWriterTest" runstate="Runnable" seed="874744591" result="Passed" start-time="2019-11-12 05:39:09Z" end-time="2019-11-12 05:39:09Z" duration="0.000613" asserts="0">
                <properties />
              </test-case>
              <test-case id="1109" name="WriteFloatingPointNumber" fullname="Newtonsoft.Json.Tests.JsonTextWriterTest.WriteFloatingPointNumber" methodname="WriteFloatingPointNumber" classname="Newtonsoft.Json.Tests.JsonTextWriterTest" runstate="Runnable" seed="2009984556" result="Passed" start-time="2019-11-12 05:39:09Z" end-time="2019-11-12 05:39:09Z" duration="0.001087" asserts="0">
                <properties />
              </test-case>
              <test-case id="1089" name="WriteIConvertable" fullname="Newtonsoft.Json.Tests.JsonTextWriterTest.WriteIConvertable" methodname="WriteIConvertable" classname="Newtonsoft.Json.Tests.JsonTextWriterTest" runstate="Runnable" seed="1059918740" result="Passed" start-time="2019-11-12 05:39:09Z" end-time="2019-11-12 05:39:09Z" duration="0.001179" asserts="0">
                <properties />
              </test-case>
              <test-case id="1110" name="WriteIntegerNumber" fullname="Newtonsoft.Json.Tests.JsonTextWriterTest.WriteIntegerNumber" methodname="WriteIntegerNumber" classname="Newtonsoft.Json.Tests.JsonTextWriterTest" runstate="Runnable" seed="422285763" result="Passed" start-time="2019-11-12 05:39:09Z" end-time="2019-11-12 05:39:09Z" duration="0.001034" asserts="0">
                <properties />
              </test-case>
              <test-case id="1108" name="WriteObjectNestedInConstructor" fullname="Newtonsoft.Json.Tests.JsonTextWriterTest.WriteObjectNestedInConstructor" methodname="WriteObjectNestedInConstructor" classname="Newtonsoft.Json.Tests.JsonTextWriterTest" runstate="Runnable" seed="1636375479" result="Passed" start-time="2019-11-12 05:39:09Z" end-time="2019-11-12 05:39:09Z" duration="0.001264" asserts="0">
                <properties />
              </test-case>
              <test-case id="1104" name="WriteRawInArray" fullname="Newtonsoft.Json.Tests.JsonTextWriterTest.WriteRawInArray" methodname="WriteRawInArray" classname="Newtonsoft.Json.Tests.JsonTextWriterTest" runstate="Runnable" seed="1761301796" result="Passed" start-time="2019-11-12 05:39:09Z" end-time="2019-11-12 05:39:09Z" duration="0.001237" asserts="0">
                <properties />
              </test-case>
              <test-case id="1105" name="WriteRawInObject" fullname="Newtonsoft.Json.Tests.JsonTextWriterTest.WriteRawInObject" methodname="WriteRawInObject" classname="Newtonsoft.Json.Tests.JsonTextWriterTest" runstate="Runnable" seed="591291415" result="Passed" start-time="2019-11-12 05:39:09Z" end-time="2019-11-12 05:39:09Z" duration="0.000881" asserts="0">
                <properties />
              </test-case>
              <test-case id="1103" name="WriteRawInStart" fullname="Newtonsoft.Json.Tests.JsonTextWriterTest.WriteRawInStart" methodname="WriteRawInStart" classname="Newtonsoft.Json.Tests.JsonTextWriterTest" runstate="Runnable" seed="1374833550" result="Passed" start-time="2019-11-12 05:39:09Z" end-time="2019-11-12 05:39:09Z" duration="0.001653" asserts="0">
                <properties />
              </test-case>
              <test-case id="1107" name="WriteRawValue" fullname="Newtonsoft.Json.Tests.JsonTextWriterTest.WriteRawValue" methodname="WriteRawValue" classname="Newtonsoft.Json.Tests.JsonTextWriterTest" runstate="Runnable" seed="818689597" result="Passed" start-time="2019-11-12 05:39:09Z" end-time="2019-11-12 05:39:09Z" duration="0.001027" asserts="0">
                <properties />
              </test-case>
              <test-case id="1118" name="WriteSingleBytes" fullname="Newtonsoft.Json.Tests.JsonTextWriterTest.WriteSingleBytes" methodname="WriteSingleBytes" classname="Newtonsoft.Json.Tests.JsonTextWriterTest" runstate="Runnable" seed="608645214" result="Passed" start-time="2019-11-12 05:39:09Z" end-time="2019-11-12 05:39:09Z" duration="0.001768" asserts="0">
                <properties />
              </test-case>
              <test-case id="1106" name="WriteToken" fullname="Newtonsoft.Json.Tests.JsonTextWriterTest.WriteToken" methodname="WriteToken" classname="Newtonsoft.Json.Tests.JsonTextWriterTest" runstate="Runnable" seed="1304814953" result="Passed" start-time="2019-11-12 05:39:09Z" end-time="2019-11-12 05:39:09Z" duration="0.000747" asserts="0">
                <properties />
              </test-case>
              <test-case id="1111" name="WriteTokenDirect" fullname="Newtonsoft.Json.Tests.JsonTextWriterTest.WriteTokenDirect" methodname="WriteTokenDirect" classname="Newtonsoft.Json.Tests.JsonTextWriterTest" runstate="Runnable" seed="1970344306" result="Passed" start-time="2019-11-12 05:39:09Z" end-time="2019-11-12 05:39:09Z" duration="0.000774" asserts="0">
                <properties />
              </test-case>
              <test-case id="1112" name="WriteTokenDirect_BadValue" fullname="Newtonsoft.Json.Tests.JsonTextWriterTest.WriteTokenDirect_BadValue" methodname="WriteTokenDirect_BadValue" classname="Newtonsoft.Json.Tests.JsonTextWriterTest" runstate="Runnable" seed="105099207" result="Passed" start-time="2019-11-12 05:39:09Z" end-time="2019-11-12 05:39:09Z" duration="0.002032" asserts="0">
                <properties />
              </test-case>
              <test-case id="1113" name="WriteTokenNullCheck" fullname="Newtonsoft.Json.Tests.JsonTextWriterTest.WriteTokenNullCheck" methodname="WriteTokenNullCheck" classname="Newtonsoft.Json.Tests.JsonTextWriterTest" runstate="Runnable" seed="801088115" result="Passed" start-time="2019-11-12 05:39:09Z" end-time="2019-11-12 05:39:09Z" duration="0.001372" asserts="0">
                <properties />
              </test-case>
              <test-case id="1092" name="WriteValueObjectWithNullable" fullname="Newtonsoft.Json.Tests.JsonTextWriterTest.WriteValueObjectWithNullable" methodname="WriteValueObjectWithNullable" classname="Newtonsoft.Json.Tests.JsonTextWriterTest" runstate="Runnable" seed="1257927896" result="Passed" start-time="2019-11-12 05:39:09Z" end-time="2019-11-12 05:39:09Z" duration="0.000904" asserts="0">
                <properties />
              </test-case>
              <test-case id="1093" name="WriteValueObjectWithUnsupportedValue" fullname="Newtonsoft.Json.Tests.JsonTextWriterTest.WriteValueObjectWithUnsupportedValue" methodname="WriteValueObjectWithUnsupportedValue" classname="Newtonsoft.Json.Tests.JsonTextWriterTest" runstate="Runnable" seed="1176339300" result="Passed" start-time="2019-11-12 05:39:09Z" end-time="2019-11-12 05:39:09Z" duration="0.001293" asserts="0">
                <properties />
              </test-case>
            </test-suite>
            <test-suite type="TestFixture" id="1136" name="JsonValidatingReaderTests" fullname="Newtonsoft.Json.Tests.JsonValidatingReaderTests" classname="Newtonsoft.Json.Tests.JsonValidatingReaderTests" runstate="Runnable" testcasecount="47" result="Passed" start-time="2019-11-12 05:39:10Z" end-time="2019-11-12 05:39:10Z" duration="0.253037" total="47" passed="47" failed="0" inconclusive="0" skipped="0" asserts="0">
              <properties />
              <test-case id="1161" name="ArrayCountGreaterThanMaximumItems" fullname="Newtonsoft.Json.Tests.JsonValidatingReaderTests.ArrayCountGreaterThanMaximumItems" methodname="ArrayCountGreaterThanMaximumItems" classname="Newtonsoft.Json.Tests.JsonValidatingReaderTests" runstate="Runnable" seed="137148501" result="Passed" start-time="2019-11-12 05:39:10Z" end-time="2019-11-12 05:39:10Z" duration="0.033858" asserts="0">
                <properties />
              </test-case>
              <test-case id="1162" name="ArrayCountLessThanMinimumItems" fullname="Newtonsoft.Json.Tests.JsonValidatingReaderTests.ArrayCountLessThanMinimumItems" methodname="ArrayCountLessThanMinimumItems" classname="Newtonsoft.Json.Tests.JsonValidatingReaderTests" runstate="Runnable" seed="1982361204" result="Passed" start-time="2019-11-12 05:39:10Z" end-time="2019-11-12 05:39:10Z" duration="0.001236" asserts="0">
                <properties />
              </test-case>
              <test-case id="1155" name="BigIntegerDivisibleBy_Failure" fullname="Newtonsoft.Json.Tests.JsonValidatingReaderTests.BigIntegerDivisibleBy_Failure" methodname="BigIntegerDivisibleBy_Failure" classname="Newtonsoft.Json.Tests.JsonValidatingReaderTests" runstate="Runnable" seed="1306748632" result="Passed" start-time="2019-11-12 05:39:10Z" end-time="2019-11-12 05:39:10Z" duration="0.006839" asserts="0">
                <properties />
              </test-case>
              <test-case id="1156" name="BigIntegerDivisibleBy_Fraction" fullname="Newtonsoft.Json.Tests.JsonValidatingReaderTests.BigIntegerDivisibleBy_Fraction" methodname="BigIntegerDivisibleBy_Fraction" classname="Newtonsoft.Json.Tests.JsonValidatingReaderTests" runstate="Runnable" seed="1639457771" result="Passed" start-time="2019-11-12 05:39:10Z" end-time="2019-11-12 05:39:10Z" duration="0.001331" asserts="0">
                <properties />
              </test-case>
              <test-case id="1157" name="BigIntegerDivisibleBy_FractionWithZeroValue" fullname="Newtonsoft.Json.Tests.JsonValidatingReaderTests.BigIntegerDivisibleBy_FractionWithZeroValue" methodname="BigIntegerDivisibleBy_FractionWithZeroValue" classname="Newtonsoft.Json.Tests.JsonValidatingReaderTests" runstate="Runnable" seed="1939988487" result="Passed" start-time="2019-11-12 05:39:10Z" end-time="2019-11-12 05:39:10Z" duration="0.001267" asserts="0">
                <properties />
              </test-case>
              <test-case id="1154" name="BigIntegerDivisibleBy_Success" fullname="Newtonsoft.Json.Tests.JsonValidatingReaderTests.BigIntegerDivisibleBy_Success" methodname="BigIntegerDivisibleBy_Success" classname="Newtonsoft.Json.Tests.JsonValidatingReaderTests" runstate="Runnable" seed="1964584141" result="Passed" start-time="2019-11-12 05:39:10Z" end-time="2019-11-12 05:39:10Z" duration="0.001296" asserts="0">
                <properties />
              </test-case>
              <test-case id="1160" name="BooleanNotInEnum" fullname="Newtonsoft.Json.Tests.JsonValidatingReaderTests.BooleanNotInEnum" methodname="BooleanNotInEnum" classname="Newtonsoft.Json.Tests.JsonValidatingReaderTests" runstate="Runnable" seed="660503703" result="Passed" start-time="2019-11-12 05:39:10Z" end-time="2019-11-12 05:39:10Z" duration="0.002872" asserts="0">
                <properties />
              </test-case>
              <test-case id="1137" name="CheckInnerReader" fullname="Newtonsoft.Json.Tests.JsonValidatingReaderTests.CheckInnerReader" methodname="CheckInnerReader" classname="Newtonsoft.Json.Tests.JsonValidatingReaderTests" runstate="Runnable" seed="978978663" result="Passed" start-time="2019-11-12 05:39:10Z" end-time="2019-11-12 05:39:10Z" duration="0.000643" asserts="0">
                <properties />
              </test-case>
              <test-case id="1183" name="CloseAlsoClosesUnderlyingReader" fullname="Newtonsoft.Json.Tests.JsonValidatingReaderTests.CloseAlsoClosesUnderlyingReader" methodname="CloseAlsoClosesUnderlyingReader" classname="Newtonsoft.Json.Tests.JsonValidatingReaderTests" runstate="Runnable" seed="766867749" result="Passed" start-time="2019-11-12 05:39:10Z" end-time="2019-11-12 05:39:10Z" duration="0.000823" asserts="0">
                <properties />
              </test-case>
              <test-case id="1167" name="DisableAdditionalProperties" fullname="Newtonsoft.Json.Tests.JsonValidatingReaderTests.DisableAdditionalProperties" methodname="DisableAdditionalProperties" classname="Newtonsoft.Json.Tests.JsonValidatingReaderTests" runstate="Runnable" seed="1136841396" result="Passed" start-time="2019-11-12 05:39:10Z" end-time="2019-11-12 05:39:10Z" duration="0.011381" asserts="0">
                <properties />
              </test-case>
              <test-case id="1174" name="DuplicateErrorsTest" fullname="Newtonsoft.Json.Tests.JsonValidatingReaderTests.DuplicateErrorsTest" methodname="DuplicateErrorsTest" classname="Newtonsoft.Json.Tests.JsonValidatingReaderTests" runstate="Runnable" seed="1266425523" result="Passed" start-time="2019-11-12 05:39:10Z" end-time="2019-11-12 05:39:10Z" duration="0.007891" asserts="0">
                <properties />
              </test-case>
              <test-case id="1173" name="ExtendedComplex" fullname="Newtonsoft.Json.Tests.JsonValidatingReaderTests.ExtendedComplex" methodname="ExtendedComplex" classname="Newtonsoft.Json.Tests.JsonValidatingReaderTests" runstate="Runnable" seed="1529588890" result="Passed" start-time="2019-11-12 05:39:10Z" end-time="2019-11-12 05:39:10Z" duration="0.010291" asserts="0">
                <properties />
              </test-case>
              <test-case id="1169" name="ExtendsDisallowAdditionProperties" fullname="Newtonsoft.Json.Tests.JsonValidatingReaderTests.ExtendsDisallowAdditionProperties" methodname="ExtendsDisallowAdditionProperties" classname="Newtonsoft.Json.Tests.JsonValidatingReaderTests" runstate="Runnable" seed="506298752" result="Passed" start-time="2019-11-12 05:39:10Z" end-time="2019-11-12 05:39:10Z" duration="0.002401" asserts="0">
                <properties />
              </test-case>
              <test-case id="1170" name="ExtendsMissingRequiredProperties" fullname="Newtonsoft.Json.Tests.JsonValidatingReaderTests.ExtendsMissingRequiredProperties" methodname="ExtendsMissingRequiredProperties" classname="Newtonsoft.Json.Tests.JsonValidatingReaderTests" runstate="Runnable" seed="967004247" result="Passed" start-time="2019-11-12 05:39:10Z" end-time="2019-11-12 05:39:10Z" duration="0.001408" asserts="0">
                <properties />
              </test-case>
              <test-case id="1168" name="ExtendsStringGreaterThanMaximumLength" fullname="Newtonsoft.Json.Tests.JsonValidatingReaderTests.ExtendsStringGreaterThanMaximumLength" methodname="ExtendsStringGreaterThanMaximumLength" classname="Newtonsoft.Json.Tests.JsonValidatingReaderTests" runstate="Runnable" seed="601795833" result="Passed" start-time="2019-11-12 05:39:10Z" end-time="2019-11-12 05:39:10Z" duration="0.001262" asserts="0">
                <properties />
              </test-case>
              <test-case id="1153" name="FloatDivisibleBy" fullname="Newtonsoft.Json.Tests.JsonValidatingReaderTests.FloatDivisibleBy" methodname="FloatDivisibleBy" classname="Newtonsoft.Json.Tests.JsonValidatingReaderTests" runstate="Runnable" seed="2073623181" result="Passed" start-time="2019-11-12 05:39:10Z" end-time="2019-11-12 05:39:10Z" duration="0.002579" asserts="0">
                <properties />
              </test-case>
              <test-case id="1150" name="FloatGreaterThanMaximumValue" fullname="Newtonsoft.Json.Tests.JsonValidatingReaderTests.FloatGreaterThanMaximumValue" methodname="FloatGreaterThanMaximumValue" classname="Newtonsoft.Json.Tests.JsonValidatingReaderTests" runstate="Runnable" seed="1299371650" result="Passed" start-time="2019-11-12 05:39:10Z" end-time="2019-11-12 05:39:10Z" duration="0.001269" asserts="0">
                <properties />
              </test-case>
              <test-case id="1152" name="FloatIsNotInEnum" fullname="Newtonsoft.Json.Tests.JsonValidatingReaderTests.FloatIsNotInEnum" methodname="FloatIsNotInEnum" classname="Newtonsoft.Json.Tests.JsonValidatingReaderTests" runstate="Runnable" seed="70791477" result="Passed" start-time="2019-11-12 05:39:10Z" end-time="2019-11-12 05:39:10Z" duration="0.001326" asserts="0">
                <properties />
              </test-case>
              <test-case id="1151" name="FloatLessThanMinimumValue" fullname="Newtonsoft.Json.Tests.JsonValidatingReaderTests.FloatLessThanMinimumValue" methodname="FloatLessThanMinimumValue" classname="Newtonsoft.Json.Tests.JsonValidatingReaderTests" runstate="Runnable" seed="1497646886" result="Passed" start-time="2019-11-12 05:39:10Z" end-time="2019-11-12 05:39:10Z" duration="0.001176" asserts="0">
                <properties />
              </test-case>
              <test-case id="1144" name="IntegerGreaterThanMaximumValue" fullname="Newtonsoft.Json.Tests.JsonValidatingReaderTests.IntegerGreaterThanMaximumValue" methodname="IntegerGreaterThanMaximumValue" classname="Newtonsoft.Json.Tests.JsonValidatingReaderTests" runstate="Runnable" seed="1716461108" result="Passed" start-time="2019-11-12 05:39:10Z" end-time="2019-11-12 05:39:10Z" duration="0.001080" asserts="0">
                <properties />
              </test-case>
              <test-case id="1145" name="IntegerGreaterThanMaximumValue_BigInteger" fullname="Newtonsoft.Json.Tests.JsonValidatingReaderTests.IntegerGreaterThanMaximumValue_BigInteger" methodname="IntegerGreaterThanMaximumValue_BigInteger" classname="Newtonsoft.Json.Tests.JsonValidatingReaderTests" runstate="Runnable" seed="1849559693" result="Passed" start-time="2019-11-12 05:39:10Z" end-time="2019-11-12 05:39:10Z" duration="0.001941" asserts="0">
                <properties />
              </test-case>
              <test-case id="1149" name="IntegerIsNotInEnum" fullname="Newtonsoft.Json.Tests.JsonValidatingReaderTests.IntegerIsNotInEnum" methodname="IntegerIsNotInEnum" classname="Newtonsoft.Json.Tests.JsonValidatingReaderTests" runstate="Runnable" seed="1606446609" result="Passed" start-time="2019-11-12 05:39:10Z" end-time="2019-11-12 05:39:10Z" duration="0.001263" asserts="0">
                <properties />
              </test-case>
              <test-case id="1146" name="IntegerLessThanMaximumValue_BigInteger" fullname="Newtonsoft.Json.Tests.JsonValidatingReaderTests.IntegerLessThanMaximumValue_BigInteger" methodname="IntegerLessThanMaximumValue_BigInteger" classname="Newtonsoft.Json.Tests.JsonValidatingReaderTests" runstate="Runnable" seed="298583565" result="Passed" start-time="2019-11-12 05:39:10Z" end-time="2019-11-12 05:39:10Z" duration="0.001065" asserts="0">
                <properties />
              </test-case>
              <test-case id="1148" name="IntegerLessThanMinimumValue" fullname="Newtonsoft.Json.Tests.JsonValidatingReaderTests.IntegerLessThanMinimumValue" methodname="IntegerLessThanMinimumValue" classname="Newtonsoft.Json.Tests.JsonValidatingReaderTests" runstate="Runnable" seed="1208964344" result="Passed" start-time="2019-11-12 05:39:10Z" end-time="2019-11-12 05:39:10Z" duration="0.001033" asserts="0">
                <properties />
              </test-case>
              <test-case id="1158" name="IntValidForNumber" fullname="Newtonsoft.Json.Tests.JsonValidatingReaderTests.IntValidForNumber" methodname="IntValidForNumber" classname="Newtonsoft.Json.Tests.JsonValidatingReaderTests" runstate="Runnable" seed="343913558" result="Passed" start-time="2019-11-12 05:39:10Z" end-time="2019-11-12 05:39:10Z" duration="0.001176" asserts="0">
                <properties />
              </test-case>
              <test-case id="1163" name="InvalidDataType" fullname="Newtonsoft.Json.Tests.JsonValidatingReaderTests.InvalidDataType" methodname="InvalidDataType" classname="Newtonsoft.Json.Tests.JsonValidatingReaderTests" runstate="Runnable" seed="383756885" result="Passed" start-time="2019-11-12 05:39:10Z" end-time="2019-11-12 05:39:10Z" duration="0.001416" asserts="0">
                <properties />
              </test-case>
              <test-case id="1166" name="MissingNonRequiredProperties" fullname="Newtonsoft.Json.Tests.JsonValidatingReaderTests.MissingNonRequiredProperties" methodname="MissingNonRequiredProperties" classname="Newtonsoft.Json.Tests.JsonValidatingReaderTests" runstate="Runnable" seed="1436120224" result="Passed" start-time="2019-11-12 05:39:10Z" end-time="2019-11-12 05:39:10Z" duration="0.001925" asserts="0">
                <properties />
              </test-case>
              <test-case id="1165" name="MissingRequiredProperties" fullname="Newtonsoft.Json.Tests.JsonValidatingReaderTests.MissingRequiredProperties" methodname="MissingRequiredProperties" classname="Newtonsoft.Json.Tests.JsonValidatingReaderTests" runstate="Runnable" seed="26929683" result="Passed" start-time="2019-11-12 05:39:10Z" end-time="2019-11-12 05:39:10Z" duration="0.001681" asserts="0">
                <properties />
              </test-case>
              <test-case id="1171" name="NoAdditionalItems" fullname="Newtonsoft.Json.Tests.JsonValidatingReaderTests.NoAdditionalItems" methodname="NoAdditionalItems" classname="Newtonsoft.Json.Tests.JsonValidatingReaderTests" runstate="Runnable" seed="1669940146" result="Passed" start-time="2019-11-12 05:39:10Z" end-time="2019-11-12 05:39:10Z" duration="0.001544" asserts="0">
                <properties />
              </test-case>
              <test-case id="1159" name="NullNotInEnum" fullname="Newtonsoft.Json.Tests.JsonValidatingReaderTests.NullNotInEnum" methodname="NullNotInEnum" classname="Newtonsoft.Json.Tests.JsonValidatingReaderTests" runstate="Runnable" seed="1085499418" result="Passed" start-time="2019-11-12 05:39:10Z" end-time="2019-11-12 05:39:10Z" duration="0.001278" asserts="0">
                <properties />
              </test-case>
              <test-case id="1172" name="PatternPropertiesNoAdditionalProperties" fullname="Newtonsoft.Json.Tests.JsonValidatingReaderTests.PatternPropertiesNoAdditionalProperties" methodname="PatternPropertiesNoAdditionalProperties" classname="Newtonsoft.Json.Tests.JsonValidatingReaderTests" runstate="Runnable" seed="1714332089" result="Passed" start-time="2019-11-12 05:39:10Z" end-time="2019-11-12 05:39:10Z" duration="0.002472" asserts="0">
                <properties />
              </test-case>
              <test-case id="1175" name="ReadAsBytes" fullname="Newtonsoft.Json.Tests.JsonValidatingReaderTests.ReadAsBytes" methodname="ReadAsBytes" classname="Newtonsoft.Json.Tests.JsonValidatingReaderTests" runstate="Runnable" seed="608029181" result="Passed" start-time="2019-11-12 05:39:10Z" end-time="2019-11-12 05:39:10Z" duration="0.006407" asserts="0">
                <properties />
              </test-case>
              <test-case id="1178" name="ReadAsDecimal" fullname="Newtonsoft.Json.Tests.JsonValidatingReaderTests.ReadAsDecimal" methodname="ReadAsDecimal" classname="Newtonsoft.Json.Tests.JsonValidatingReaderTests" runstate="Runnable" seed="1809190490" result="Passed" start-time="2019-11-12 05:39:10Z" end-time="2019-11-12 05:39:10Z" duration="0.001081" asserts="0">
                <properties />
              </test-case>
              <test-case id="1179" name="ReadAsDecimalFailure" fullname="Newtonsoft.Json.Tests.JsonValidatingReaderTests.ReadAsDecimalFailure" methodname="ReadAsDecimalFailure" classname="Newtonsoft.Json.Tests.JsonValidatingReaderTests" runstate="Runnable" seed="636511829" result="Passed" start-time="2019-11-12 05:39:10Z" end-time="2019-11-12 05:39:10Z" duration="0.001265" asserts="0">
                <properties />
              </test-case>
              <test-case id="1176" name="ReadAsInt32" fullname="Newtonsoft.Json.Tests.JsonValidatingReaderTests.ReadAsInt32" methodname="ReadAsInt32" classname="Newtonsoft.Json.Tests.JsonValidatingReaderTests" runstate="Runnable" seed="1029412649" result="Passed" start-time="2019-11-12 05:39:10Z" end-time="2019-11-12 05:39:10Z" duration="0.000810" asserts="0">
                <properties />
              </test-case>
              <test-case id="1177" name="ReadAsInt32Failure" fullname="Newtonsoft.Json.Tests.JsonValidatingReaderTests.ReadAsInt32Failure" methodname="ReadAsInt32Failure" classname="Newtonsoft.Json.Tests.JsonValidatingReaderTests" runstate="Runnable" seed="1018013147" result="Passed" start-time="2019-11-12 05:39:10Z" end-time="2019-11-12 05:39:10Z" duration="0.001250" asserts="0">
                <properties />
              </test-case>
              <test-case id="1180" name="ReadAsInt32FromSerializer" fullname="Newtonsoft.Json.Tests.JsonValidatingReaderTests.ReadAsInt32FromSerializer" methodname="ReadAsInt32FromSerializer" classname="Newtonsoft.Json.Tests.JsonValidatingReaderTests" runstate="Runnable" seed="1056947908" result="Passed" start-time="2019-11-12 05:39:10Z" end-time="2019-11-12 05:39:10Z" duration="0.002607" asserts="0">
                <properties />
              </test-case>
              <test-case id="1181" name="ReadAsInt32InArray" fullname="Newtonsoft.Json.Tests.JsonValidatingReaderTests.ReadAsInt32InArray" methodname="ReadAsInt32InArray" classname="Newtonsoft.Json.Tests.JsonValidatingReaderTests" runstate="Runnable" seed="242531647" result="Passed" start-time="2019-11-12 05:39:10Z" end-time="2019-11-12 05:39:10Z" duration="0.001333" asserts="0">
                <properties />
              </test-case>
              <test-case id="1182" name="ReadAsInt32InArrayIncomplete" fullname="Newtonsoft.Json.Tests.JsonValidatingReaderTests.ReadAsInt32InArrayIncomplete" methodname="ReadAsInt32InArrayIncomplete" classname="Newtonsoft.Json.Tests.JsonValidatingReaderTests" runstate="Runnable" seed="1949312330" result="Passed" start-time="2019-11-12 05:39:10Z" end-time="2019-11-12 05:39:10Z" duration="0.001169" asserts="0">
                <properties />
              </test-case>
              <test-case id="1164" name="StringDisallowed" fullname="Newtonsoft.Json.Tests.JsonValidatingReaderTests.StringDisallowed" methodname="StringDisallowed" classname="Newtonsoft.Json.Tests.JsonValidatingReaderTests" runstate="Runnable" seed="711356377" result="Passed" start-time="2019-11-12 05:39:10Z" end-time="2019-11-12 05:39:10Z" duration="0.001427" asserts="0">
                <properties />
              </test-case>
              <test-case id="1143" name="StringDoesNotMatchPattern" fullname="Newtonsoft.Json.Tests.JsonValidatingReaderTests.StringDoesNotMatchPattern" methodname="StringDoesNotMatchPattern" classname="Newtonsoft.Json.Tests.JsonValidatingReaderTests" runstate="Runnable" seed="890585406" result="Passed" start-time="2019-11-12 05:39:10Z" end-time="2019-11-12 05:39:10Z" duration="0.001233" asserts="0">
                <properties />
              </test-case>
              <test-case id="1141" name="StringGreaterThanMaximumLength" fullname="Newtonsoft.Json.Tests.JsonValidatingReaderTests.StringGreaterThanMaximumLength" methodname="StringGreaterThanMaximumLength" classname="Newtonsoft.Json.Tests.JsonValidatingReaderTests" runstate="Runnable" seed="520426730" result="Passed" start-time="2019-11-12 05:39:10Z" end-time="2019-11-12 05:39:10Z" duration="0.001135" asserts="0">
                <properties />
              </test-case>
              <test-case id="1142" name="StringIsNotInEnum" fullname="Newtonsoft.Json.Tests.JsonValidatingReaderTests.StringIsNotInEnum" methodname="StringIsNotInEnum" classname="Newtonsoft.Json.Tests.JsonValidatingReaderTests" runstate="Runnable" seed="394285455" result="Passed" start-time="2019-11-12 05:39:10Z" end-time="2019-11-12 05:39:10Z" duration="0.001627" asserts="0">
                <properties />
              </test-case>
              <test-case id="1140" name="StringLessThanMinimumLength" fullname="Newtonsoft.Json.Tests.JsonValidatingReaderTests.StringLessThanMinimumLength" methodname="StringLessThanMinimumLength" classname="Newtonsoft.Json.Tests.JsonValidatingReaderTests" runstate="Runnable" seed="1341897562" result="Passed" start-time="2019-11-12 05:39:10Z" end-time="2019-11-12 05:39:10Z" duration="0.001272" asserts="0">
                <properties />
              </test-case>
              <test-case id="1147" name="ThrowExceptionWhenNoValidationEventHandler" fullname="Newtonsoft.Json.Tests.JsonValidatingReaderTests.ThrowExceptionWhenNoValidationEventHandler" methodname="ThrowExceptionWhenNoValidationEventHandler" classname="Newtonsoft.Json.Tests.JsonValidatingReaderTests" runstate="Runnable" seed="322350219" result="Passed" start-time="2019-11-12 05:39:10Z" end-time="2019-11-12 05:39:10Z" duration="0.001029" asserts="0">
                <properties />
              </test-case>
              <test-case id="1138" name="ValidateTypes" fullname="Newtonsoft.Json.Tests.JsonValidatingReaderTests.ValidateTypes" methodname="ValidateTypes" classname="Newtonsoft.Json.Tests.JsonValidatingReaderTests" runstate="Runnable" seed="1318702592" result="Passed" start-time="2019-11-12 05:39:10Z" end-time="2019-11-12 05:39:10Z" duration="0.002435" asserts="0">
                <properties />
              </test-case>
              <test-case id="1139" name="ValidateUnrestrictedArray" fullname="Newtonsoft.Json.Tests.JsonValidatingReaderTests.ValidateUnrestrictedArray" methodname="ValidateUnrestrictedArray" classname="Newtonsoft.Json.Tests.JsonValidatingReaderTests" runstate="Runnable" seed="786955624" result="Passed" start-time="2019-11-12 05:39:10Z" end-time="2019-11-12 05:39:10Z" duration="0.002236" asserts="0">
                <properties />
              </test-case>
            </test-suite>
            <test-suite type="TestSuite" id="4113" name="Linq" fullname="Newtonsoft.Json.Tests.Linq" runstate="Runnable" testcasecount="671" result="Passed" start-time="2019-11-12 05:39:10Z" end-time="2019-11-12 05:39:19Z" duration="9.164989" total="671" passed="671" failed="0" inconclusive="0" skipped="0" asserts="0">
              <properties />
              <test-suite type="TestFixture" id="2482" name="AnnotationsTests" fullname="Newtonsoft.Json.Tests.Linq.AnnotationsTests" classname="Newtonsoft.Json.Tests.Linq.AnnotationsTests" runstate="Runnable" testcasecount="15" result="Passed" start-time="2019-11-12 05:39:10Z" end-time="2019-11-12 05:39:10Z" duration="0.046310" total="15" passed="15" failed="0" inconclusive="0" skipped="0" asserts="0">
                <properties />
                <test-case id="2483" name="AddAnnotation" fullname="Newtonsoft.Json.Tests.Linq.AnnotationsTests.AddAnnotation" methodname="AddAnnotation" classname="Newtonsoft.Json.Tests.Linq.AnnotationsTests" runstate="Runnable" seed="11192824" result="Passed" start-time="2019-11-12 05:39:10Z" end-time="2019-11-12 05:39:10Z" duration="0.001426" asserts="0">
                  <properties />
                </test-case>
                <test-case id="2485" name="AddAnnotation_MultipleOfDifferentTypes" fullname="Newtonsoft.Json.Tests.Linq.AnnotationsTests.AddAnnotation_MultipleOfDifferentTypes" methodname="AddAnnotation_MultipleOfDifferentTypes" classname="Newtonsoft.Json.Tests.Linq.AnnotationsTests" runstate="Runnable" seed="122517577" result="Passed" start-time="2019-11-12 05:39:10Z" end-time="2019-11-12 05:39:10Z" duration="0.000799" asserts="0">
                  <properties />
                </test-case>
                <test-case id="2484" name="AddAnnotation_MultipleOfTheSameType" fullname="Newtonsoft.Json.Tests.Linq.AnnotationsTests.AddAnnotation_MultipleOfTheSameType" methodname="AddAnnotation_MultipleOfTheSameType" classname="Newtonsoft.Json.Tests.Linq.AnnotationsTests" runstate="Runnable" seed="1549000621" result="Passed" start-time="2019-11-12 05:39:10Z" end-time="2019-11-12 05:39:10Z" duration="0.000603" asserts="0">
                  <properties />
                </test-case>
                <test-case id="2497" name="Example" fullname="Newtonsoft.Json.Tests.Linq.AnnotationsTests.Example" methodname="Example" classname="Newtonsoft.Json.Tests.Linq.AnnotationsTests" runstate="Runnable" seed="1355051324" result="Passed" start-time="2019-11-12 05:39:10Z" end-time="2019-11-12 05:39:10Z" duration="0.000986" asserts="0">
                  <properties />
                </test-case>
                <test-case id="2486" name="GetAnnotation_NeverSet" fullname="Newtonsoft.Json.Tests.Linq.AnnotationsTests.GetAnnotation_NeverSet" methodname="GetAnnotation_NeverSet" classname="Newtonsoft.Json.Tests.Linq.AnnotationsTests" runstate="Runnable" seed="1535229154" result="Passed" start-time="2019-11-12 05:39:10Z" end-time="2019-11-12 05:39:10Z" duration="0.000478" asserts="0">
                  <properties />
                </test-case>
                <test-case id="2487" name="GetAnnotations" fullname="Newtonsoft.Json.Tests.Linq.AnnotationsTests.GetAnnotations" methodname="GetAnnotations" classname="Newtonsoft.Json.Tests.Linq.AnnotationsTests" runstate="Runnable" seed="652571121" result="Passed" start-time="2019-11-12 05:39:10Z" end-time="2019-11-12 05:39:10Z" duration="0.003093" asserts="0">
                  <properties />
                </test-case>
                <test-case id="2488" name="GetAnnotations_MultipleTypes" fullname="Newtonsoft.Json.Tests.Linq.AnnotationsTests.GetAnnotations_MultipleTypes" methodname="GetAnnotations_MultipleTypes" classname="Newtonsoft.Json.Tests.Linq.AnnotationsTests" runstate="Runnable" seed="1572054415" result="Passed" start-time="2019-11-12 05:39:10Z" end-time="2019-11-12 05:39:10Z" duration="0.001341" asserts="0">
                  <properties />
                </test-case>
                <test-case id="2489" name="RemoveAnnotation" fullname="Newtonsoft.Json.Tests.Linq.AnnotationsTests.RemoveAnnotation" methodname="RemoveAnnotation" classname="Newtonsoft.Json.Tests.Linq.AnnotationsTests" runstate="Runnable" seed="1121272609" result="Passed" start-time="2019-11-12 05:39:10Z" end-time="2019-11-12 05:39:10Z" duration="0.000881" asserts="0">
                  <properties />
                </test-case>
                <test-case id="2491" name="RemoveAnnotation_Multiple" fullname="Newtonsoft.Json.Tests.Linq.AnnotationsTests.RemoveAnnotation_Multiple" methodname="RemoveAnnotation_Multiple" classname="Newtonsoft.Json.Tests.Linq.AnnotationsTests" runstate="Runnable" seed="185411917" result="Passed" start-time="2019-11-12 05:39:10Z" end-time="2019-11-12 05:39:10Z" duration="0.000635" asserts="0">
                  <properties />
                </test-case>
                <test-case id="2493" name="RemoveAnnotation_Multiple_NonGeneric" fullname="Newtonsoft.Json.Tests.Linq.AnnotationsTests.RemoveAnnotation_Multiple_NonGeneric" methodname="RemoveAnnotation_Multiple_NonGeneric" classname="Newtonsoft.Json.Tests.Linq.AnnotationsTests" runstate="Runnable" seed="1601654171" result="Passed" start-time="2019-11-12 05:39:10Z" end-time="2019-11-12 05:39:10Z" duration="0.001166" asserts="0">
                  <properties />
                </test-case>
                <test-case id="2492" name="RemoveAnnotation_MultipleCalls" fullname="Newtonsoft.Json.Tests.Linq.AnnotationsTests.RemoveAnnotation_MultipleCalls" methodname="RemoveAnnotation_MultipleCalls" classname="Newtonsoft.Json.Tests.Linq.AnnotationsTests" runstate="Runnable" seed="45391260" result="Passed" start-time="2019-11-12 05:39:10Z" end-time="2019-11-12 05:39:10Z" duration="0.000720" asserts="0">
                  <properties />
                </test-case>
                <test-case id="2494" name="RemoveAnnotation_MultipleCalls_NonGeneric" fullname="Newtonsoft.Json.Tests.Linq.AnnotationsTests.RemoveAnnotation_MultipleCalls_NonGeneric" methodname="RemoveAnnotation_MultipleCalls_NonGeneric" classname="Newtonsoft.Json.Tests.Linq.AnnotationsTests" runstate="Runnable" seed="2081427092" result="Passed" start-time="2019-11-12 05:39:10Z" end-time="2019-11-12 05:39:10Z" duration="0.000687" asserts="0">
                  <properties />
                </test-case>
                <test-case id="2495" name="RemoveAnnotation_MultipleWithDifferentTypes" fullname="Newtonsoft.Json.Tests.Linq.AnnotationsTests.RemoveAnnotation_MultipleWithDifferentTypes" methodname="RemoveAnnotation_MultipleWithDifferentTypes" classname="Newtonsoft.Json.Tests.Linq.AnnotationsTests" runstate="Runnable" seed="1478887078" result="Passed" start-time="2019-11-12 05:39:10Z" end-time="2019-11-12 05:39:10Z" duration="0.000659" asserts="0">
                  <properties />
                </test-case>
                <test-case id="2496" name="RemoveAnnotation_MultipleWithDifferentTypes_NonGeneric" fullname="Newtonsoft.Json.Tests.Linq.AnnotationsTests.RemoveAnnotation_MultipleWithDifferentTypes_NonGeneric" methodname="RemoveAnnotation_MultipleWithDifferentTypes_NonGeneric" classname="Newtonsoft.Json.Tests.Linq.AnnotationsTests" runstate="Runnable" seed="536135845" result="Passed" start-time="2019-11-12 05:39:10Z" end-time="2019-11-12 05:39:10Z" duration="0.000669" asserts="0">
                  <properties />
                </test-case>
                <test-case id="2490" name="RemoveAnnotation_NonGeneric" fullname="Newtonsoft.Json.Tests.Linq.AnnotationsTests.RemoveAnnotation_NonGeneric" methodname="RemoveAnnotation_NonGeneric" classname="Newtonsoft.Json.Tests.Linq.AnnotationsTests" runstate="Runnable" seed="242336929" result="Passed" start-time="2019-11-12 05:39:10Z" end-time="2019-11-12 05:39:10Z" duration="0.000652" asserts="0">
                  <properties />
                </test-case>
              </test-suite>
              <test-suite type="TestSuite" id="4115" name="ComponentModel" fullname="Newtonsoft.Json.Tests.Linq.ComponentModel" runstate="Runnable" testcasecount="7" result="Passed" start-time="2019-11-12 05:39:10Z" end-time="2019-11-12 05:39:10Z" duration="0.041170" total="7" passed="7" failed="0" inconclusive="0" skipped="0" asserts="0">
                <properties />
                <test-suite type="TestFixture" id="3165" name="JPropertyDescriptorTests" fullname="Newtonsoft.Json.Tests.Linq.ComponentModel.JPropertyDescriptorTests" classname="Newtonsoft.Json.Tests.Linq.ComponentModel.JPropertyDescriptorTests" runstate="Runnable" testcasecount="7" result="Passed" start-time="2019-11-12 05:39:10Z" end-time="2019-11-12 05:39:10Z" duration="0.022376" total="7" passed="7" failed="0" inconclusive="0" skipped="0" asserts="0">
                  <properties />
                  <test-case id="3166" name="GetValue" fullname="Newtonsoft.Json.Tests.Linq.ComponentModel.JPropertyDescriptorTests.GetValue" methodname="GetValue" classname="Newtonsoft.Json.Tests.Linq.ComponentModel.JPropertyDescriptorTests" runstate="Runnable" seed="599309117" result="Passed" start-time="2019-11-12 05:39:10Z" end-time="2019-11-12 05:39:10Z" duration="0.001566" asserts="0">
                    <properties />
                  </test-case>
                  <test-case id="3167" name="GetValue_NullOwner_ReturnsNull" fullname="Newtonsoft.Json.Tests.Linq.ComponentModel.JPropertyDescriptorTests.GetValue_NullOwner_ReturnsNull" methodname="GetValue_NullOwner_ReturnsNull" classname="Newtonsoft.Json.Tests.Linq.ComponentModel.JPropertyDescriptorTests" runstate="Runnable" seed="1558010783" result="Passed" start-time="2019-11-12 05:39:10Z" end-time="2019-11-12 05:39:10Z" duration="0.000462" asserts="0">
                    <properties />
                  </test-case>
                  <test-case id="3171" name="IsReadOnly" fullname="Newtonsoft.Json.Tests.Linq.ComponentModel.JPropertyDescriptorTests.IsReadOnly" methodname="IsReadOnly" classname="Newtonsoft.Json.Tests.Linq.ComponentModel.JPropertyDescriptorTests" runstate="Runnable" seed="1424276615" result="Passed" start-time="2019-11-12 05:39:10Z" end-time="2019-11-12 05:39:10Z" duration="0.000738" asserts="0">
                    <properties />
                  </test-case>
                  <test-case id="3172" name="PropertyType" fullname="Newtonsoft.Json.Tests.Linq.ComponentModel.JPropertyDescriptorTests.PropertyType" methodname="PropertyType" classname="Newtonsoft.Json.Tests.Linq.ComponentModel.JPropertyDescriptorTests" runstate="Runnable" seed="23910645" result="Passed" start-time="2019-11-12 05:39:10Z" end-time="2019-11-12 05:39:10Z" duration="0.000651" asserts="0">
                    <properties />
                  </test-case>
                  <test-case id="3170" name="ResetValue" fullname="Newtonsoft.Json.Tests.Linq.ComponentModel.JPropertyDescriptorTests.ResetValue" methodname="ResetValue" classname="Newtonsoft.Json.Tests.Linq.ComponentModel.JPropertyDescriptorTests" runstate="Runnable" seed="902563143" result="Passed" start-time="2019-11-12 05:39:10Z" end-time="2019-11-12 05:39:10Z" duration="0.000723" asserts="0">
                    <properties />
                  </test-case>
                  <test-case id="3168" name="SetValue" fullname="Newtonsoft.Json.Tests.Linq.ComponentModel.JPropertyDescriptorTests.SetValue" methodname="SetValue" classname="Newtonsoft.Json.Tests.Linq.ComponentModel.JPropertyDescriptorTests" runstate="Runnable" seed="304944930" result="Passed" start-time="2019-11-12 05:39:10Z" end-time="2019-11-12 05:39:10Z" duration="0.000717" asserts="0">
                    <properties />
                  </test-case>
                  <test-case id="3169" name="SetValue_NullOwner_NoError" fullname="Newtonsoft.Json.Tests.Linq.ComponentModel.JPropertyDescriptorTests.SetValue_NullOwner_NoError" methodname="SetValue_NullOwner_NoError" classname="Newtonsoft.Json.Tests.Linq.ComponentModel.JPropertyDescriptorTests" runstate="Runnable" seed="1882047012" result="Passed" start-time="2019-11-12 05:39:10Z" end-time="2019-11-12 05:39:10Z" duration="0.000432" asserts="0">
                    <properties />
                  </test-case>
                </test-suite>
              </test-suite>
              <test-suite type="TestFixture" id="2498" name="DynamicTests" fullname="Newtonsoft.Json.Tests.Linq.DynamicTests" classname="Newtonsoft.Json.Tests.Linq.DynamicTests" runstate="Runnable" testcasecount="22" result="Passed" start-time="2019-11-12 05:39:10Z" end-time="2019-11-12 05:39:15Z" duration="4.623035" total="22" passed="22" failed="0" inconclusive="0" skipped="0" asserts="0">
                <properties />
                <test-case id="2499" name="AccessPropertyValue" fullname="Newtonsoft.Json.Tests.Linq.DynamicTests.AccessPropertyValue" methodname="AccessPropertyValue" classname="Newtonsoft.Json.Tests.Linq.DynamicTests" runstate="Runnable" seed="1616397576" result="Passed" start-time="2019-11-12 05:39:10Z" end-time="2019-11-12 05:39:10Z" duration="0.011857" asserts="0">
                  <properties />
                </test-case>
                <test-case id="2501" name="DeserializeLargeDynamic" fullname="Newtonsoft.Json.Tests.Linq.DynamicTests.DeserializeLargeDynamic" methodname="DeserializeLargeDynamic" classname="Newtonsoft.Json.Tests.Linq.DynamicTests" runstate="Runnable" seed="119045110" result="Passed" start-time="2019-11-12 05:39:10Z" end-time="2019-11-12 05:39:12Z" duration="2.164691" asserts="0">
                  <properties />
                </test-case>
                <test-case id="2520" name="DynamicAccess_ToJToken_ShouldFail" fullname="Newtonsoft.Json.Tests.Linq.DynamicTests.DynamicAccess_ToJToken_ShouldFail" methodname="DynamicAccess_ToJToken_ShouldFail" classname="Newtonsoft.Json.Tests.Linq.DynamicTests" runstate="Runnable" seed="1415061524" result="Passed" start-time="2019-11-12 05:39:12Z" end-time="2019-11-12 05:39:12Z" duration="0.013930" asserts="0">
                  <properties />
                </test-case>
                <test-case id="2516" name="DynamicAccess_ToJToken_ShouldNotFail" fullname="Newtonsoft.Json.Tests.Linq.DynamicTests.DynamicAccess_ToJToken_ShouldNotFail" methodname="DynamicAccess_ToJToken_ShouldNotFail" classname="Newtonsoft.Json.Tests.Linq.DynamicTests" runstate="Runnable" seed="1870203526" result="Passed" start-time="2019-11-12 05:39:12Z" end-time="2019-11-12 05:39:12Z" duration="0.005533" asserts="0">
                  <properties />
                </test-case>
                <test-case id="2517" name="DynamicAccess_ToJTokenExplicit_ShouldNotFail" fullname="Newtonsoft.Json.Tests.Linq.DynamicTests.DynamicAccess_ToJTokenExplicit_ShouldNotFail" methodname="DynamicAccess_ToJTokenExplicit_ShouldNotFail" classname="Newtonsoft.Json.Tests.Linq.DynamicTests" runstate="Runnable" seed="1822648794" result="Passed" start-time="2019-11-12 05:39:12Z" end-time="2019-11-12 05:39:12Z" duration="0.005517" asserts="0">
                  <properties />
                </test-case>
                <test-case id="2518" name="DynamicAccess_ToJTokenSafeCast_ShouldNotFail" fullname="Newtonsoft.Json.Tests.Linq.DynamicTests.DynamicAccess_ToJTokenSafeCast_ShouldNotFail" methodname="DynamicAccess_ToJTokenSafeCast_ShouldNotFail" classname="Newtonsoft.Json.Tests.Linq.DynamicTests" runstate="Runnable" seed="1856992756" result="Passed" start-time="2019-11-12 05:39:12Z" end-time="2019-11-12 05:39:12Z" duration="0.002530" asserts="0">
                  <properties />
                </test-case>
                <test-case id="2514" name="DynamicLinqExample" fullname="Newtonsoft.Json.Tests.Linq.DynamicTests.DynamicLinqExample" methodname="DynamicLinqExample" classname="Newtonsoft.Json.Tests.Linq.DynamicTests" runstate="Runnable" seed="1477801750" result="Passed" start-time="2019-11-12 05:39:12Z" end-time="2019-11-12 05:39:12Z" duration="0.013898" asserts="0">
                  <properties />
                </test-case>
                <test-case id="2513" name="DynamicSerializerExample" fullname="Newtonsoft.Json.Tests.Linq.DynamicTests.DynamicSerializerExample" methodname="DynamicSerializerExample" classname="Newtonsoft.Json.Tests.Linq.DynamicTests" runstate="Runnable" seed="1694177918" result="Passed" start-time="2019-11-12 05:39:12Z" end-time="2019-11-12 05:39:12Z" duration="0.053249" asserts="0">
                  <properties />
                </test-case>
                <test-case id="2515" name="ImprovedDynamicLinqExample" fullname="Newtonsoft.Json.Tests.Linq.DynamicTests.ImprovedDynamicLinqExample" methodname="ImprovedDynamicLinqExample" classname="Newtonsoft.Json.Tests.Linq.DynamicTests" runstate="Runnable" seed="1253621826" result="Passed" start-time="2019-11-12 05:39:12Z" end-time="2019-11-12 05:39:12Z" duration="0.066411" asserts="0">
                  <properties />
                </test-case>
                <test-case id="2519" name="IndexAccess_ToJToken_ShouldNotFail" fullname="Newtonsoft.Json.Tests.Linq.DynamicTests.IndexAccess_ToJToken_ShouldNotFail" methodname="IndexAccess_ToJToken_ShouldNotFail" classname="Newtonsoft.Json.Tests.Linq.DynamicTests" runstate="Runnable" seed="2017644408" result="Passed" start-time="2019-11-12 05:39:12Z" end-time="2019-11-12 05:39:12Z" duration="0.001195" asserts="0">
                  <properties />
                </test-case>
                <test-case id="2503" name="JObjectCount" fullname="Newtonsoft.Json.Tests.Linq.DynamicTests.JObjectCount" methodname="JObjectCount" classname="Newtonsoft.Json.Tests.Linq.DynamicTests" runstate="Runnable" seed="775700603" result="Passed" start-time="2019-11-12 05:39:12Z" end-time="2019-11-12 05:39:12Z" duration="0.013065" asserts="0">
                  <properties />
                </test-case>
                <test-case id="2504" name="JObjectEnumerator" fullname="Newtonsoft.Json.Tests.Linq.DynamicTests.JObjectEnumerator" methodname="JObjectEnumerator" classname="Newtonsoft.Json.Tests.Linq.DynamicTests" runstate="Runnable" seed="1636721863" result="Passed" start-time="2019-11-12 05:39:12Z" end-time="2019-11-12 05:39:12Z" duration="0.015769" asserts="0">
                  <properties />
                </test-case>
                <test-case id="2511" name="JObjectGetDynamicPropertyNames" fullname="Newtonsoft.Json.Tests.Linq.DynamicTests.JObjectGetDynamicPropertyNames" methodname="JObjectGetDynamicPropertyNames" classname="Newtonsoft.Json.Tests.Linq.DynamicTests" runstate="Runnable" seed="1552058299" result="Passed" start-time="2019-11-12 05:39:12Z" end-time="2019-11-12 05:39:12Z" duration="0.001927" asserts="0">
                  <properties />
                </test-case>
                <test-case id="2507" name="JObjectMethods" fullname="Newtonsoft.Json.Tests.Linq.DynamicTests.JObjectMethods" methodname="JObjectMethods" classname="Newtonsoft.Json.Tests.Linq.DynamicTests" runstate="Runnable" seed="1652762883" result="Passed" start-time="2019-11-12 05:39:12Z" end-time="2019-11-12 05:39:13Z" duration="0.060454" asserts="0">
                  <properties />
                </test-case>
                <test-case id="2502" name="JObjectPropertyNames" fullname="Newtonsoft.Json.Tests.Linq.DynamicTests.JObjectPropertyNames" methodname="JObjectPropertyNames" classname="Newtonsoft.Json.Tests.Linq.DynamicTests" runstate="Runnable" seed="1328451441" result="Passed" start-time="2019-11-12 05:39:13Z" end-time="2019-11-12 05:39:13Z" duration="0.051259" asserts="0">
                  <properties />
                </test-case>
                <test-case id="2505" name="JObjectPropertyNameWithJArray" fullname="Newtonsoft.Json.Tests.Linq.DynamicTests.JObjectPropertyNameWithJArray" methodname="JObjectPropertyNameWithJArray" classname="Newtonsoft.Json.Tests.Linq.DynamicTests" runstate="Runnable" seed="1493170529" result="Passed" start-time="2019-11-12 05:39:13Z" end-time="2019-11-12 05:39:13Z" duration="0.014876" asserts="0">
                  <properties />
                </test-case>
                <test-case id="2506" name="JObjectPropertyNameWithNonToken" fullname="Newtonsoft.Json.Tests.Linq.DynamicTests.JObjectPropertyNameWithNonToken" methodname="JObjectPropertyNameWithNonToken" classname="Newtonsoft.Json.Tests.Linq.DynamicTests" runstate="Runnable" seed="130739575" result="Passed" start-time="2019-11-12 05:39:13Z" end-time="2019-11-12 05:39:13Z" duration="0.002723" asserts="0">
                  <properties />
                </test-case>
                <test-case id="2509" name="JValueAddition" fullname="Newtonsoft.Json.Tests.Linq.DynamicTests.JValueAddition" methodname="JValueAddition" classname="Newtonsoft.Json.Tests.Linq.DynamicTests" runstate="Runnable" seed="446881151" result="Passed" start-time="2019-11-12 05:39:13Z" end-time="2019-11-12 05:39:14Z" duration="1.090347" asserts="0">
                  <properties />
                </test-case>
                <test-case id="2512" name="JValueConvert" fullname="Newtonsoft.Json.Tests.Linq.DynamicTests.JValueConvert" methodname="JValueConvert" classname="Newtonsoft.Json.Tests.Linq.DynamicTests" runstate="Runnable" seed="1246913824" result="Passed" start-time="2019-11-12 05:39:14Z" end-time="2019-11-12 05:39:14Z" duration="0.152563" asserts="0">
                  <properties />
                </test-case>
                <test-case id="2508" name="JValueEquals" fullname="Newtonsoft.Json.Tests.Linq.DynamicTests.JValueEquals" methodname="JValueEquals" classname="Newtonsoft.Json.Tests.Linq.DynamicTests" runstate="Runnable" seed="2144732310" result="Passed" start-time="2019-11-12 05:39:14Z" end-time="2019-11-12 05:39:15Z" duration="0.694273" asserts="0">
                  <properties />
                </test-case>
                <test-case id="2510" name="JValueToString" fullname="Newtonsoft.Json.Tests.Linq.DynamicTests.JValueToString" methodname="JValueToString" classname="Newtonsoft.Json.Tests.Linq.DynamicTests" runstate="Runnable" seed="1905426534" result="Passed" start-time="2019-11-12 05:39:15Z" end-time="2019-11-12 05:39:15Z" duration="0.116954" asserts="0">
                  <properties />
                </test-case>
                <test-case id="2500" name="PropertyDoesNotEqualNull" fullname="Newtonsoft.Json.Tests.Linq.DynamicTests.PropertyDoesNotEqualNull" methodname="PropertyDoesNotEqualNull" classname="Newtonsoft.Json.Tests.Linq.DynamicTests" runstate="Runnable" seed="1411156184" result="Passed" start-time="2019-11-12 05:39:15Z" end-time="2019-11-12 05:39:15Z" duration="0.019477" asserts="0">
                  <properties />
                  <reason>
                    <message><![CDATA[]]></message>
                  </reason>
                </test-case>
              </test-suite>
              <test-suite type="TestFixture" id="2521" name="JArrayTests" fullname="Newtonsoft.Json.Tests.Linq.JArrayTests" classname="Newtonsoft.Json.Tests.Linq.JArrayTests" runstate="Runnable" testcasecount="37" result="Passed" start-time="2019-11-12 05:39:15Z" end-time="2019-11-12 05:39:15Z" duration="0.169723" total="37" passed="37" failed="0" inconclusive="0" skipped="0" asserts="0">
                <properties />
                <test-case id="2547" name="AddArrayToSelf" fullname="Newtonsoft.Json.Tests.Linq.JArrayTests.AddArrayToSelf" methodname="AddArrayToSelf" classname="Newtonsoft.Json.Tests.Linq.JArrayTests" runstate="Runnable" seed="314340896" result="Passed" start-time="2019-11-12 05:39:15Z" end-time="2019-11-12 05:39:15Z" duration="0.001923" asserts="0">
                  <properties />
                </test-case>
                <test-case id="2537" name="AddFirstAddedTokenShouldBeFirst" fullname="Newtonsoft.Json.Tests.Linq.JArrayTests.AddFirstAddedTokenShouldBeFirst" methodname="AddFirstAddedTokenShouldBeFirst" classname="Newtonsoft.Json.Tests.Linq.JArrayTests" runstate="Runnable" seed="126991082" result="Passed" start-time="2019-11-12 05:39:15Z" end-time="2019-11-12 05:39:15Z" duration="0.001296" asserts="0">
                  <properties />
                </test-case>
                <test-case id="2524" name="AddToSelf" fullname="Newtonsoft.Json.Tests.Linq.JArrayTests.AddToSelf" methodname="AddToSelf" classname="Newtonsoft.Json.Tests.Linq.JArrayTests" runstate="Runnable" seed="1805852251" result="Passed" start-time="2019-11-12 05:39:15Z" end-time="2019-11-12 05:39:15Z" duration="0.001148" asserts="0">
                  <properties />
                </test-case>
                <test-case id="2544" name="ArrayOrder" fullname="Newtonsoft.Json.Tests.Linq.JArrayTests.ArrayOrder" methodname="ArrayOrder" classname="Newtonsoft.Json.Tests.Linq.JArrayTests" runstate="Runnable" seed="1080276253" result="Passed" start-time="2019-11-12 05:39:15Z" end-time="2019-11-12 05:39:15Z" duration="0.004301" asserts="0">
                  <properties />
                </test-case>
                <test-case id="2523" name="Clear" fullname="Newtonsoft.Json.Tests.Linq.JArrayTests.Clear" methodname="Clear" classname="Newtonsoft.Json.Tests.Linq.JArrayTests" runstate="Runnable" seed="1644259110" result="Passed" start-time="2019-11-12 05:39:15Z" end-time="2019-11-12 05:39:15Z" duration="0.001914" asserts="0">
                  <properties />
                </test-case>
                <test-case id="2525" name="Contains" fullname="Newtonsoft.Json.Tests.Linq.JArrayTests.Contains" methodname="Contains" classname="Newtonsoft.Json.Tests.Linq.JArrayTests" runstate="Runnable" seed="2143640850" result="Passed" start-time="2019-11-12 05:39:15Z" end-time="2019-11-12 05:39:15Z" duration="0.001617" asserts="0">
                  <properties />
                </test-case>
                <test-case id="2526" name="GenericCollectionCopyTo" fullname="Newtonsoft.Json.Tests.Linq.JArrayTests.GenericCollectionCopyTo" methodname="GenericCollectionCopyTo" classname="Newtonsoft.Json.Tests.Linq.JArrayTests" runstate="Runnable" seed="1734556679" result="Passed" start-time="2019-11-12 05:39:15Z" end-time="2019-11-12 05:39:15Z" duration="0.002531" asserts="0">
                  <properties />
                </test-case>
                <test-case id="2529" name="GenericCollectionCopyToArrayIndexEqualGreaterToArrayLengthShouldThrow" fullname="Newtonsoft.Json.Tests.Linq.JArrayTests.GenericCollectionCopyToArrayIndexEqualGreaterToArrayLengthShouldThrow" methodname="GenericCollectionCopyToArrayIndexEqualGreaterToArrayLengthShouldThrow" classname="Newtonsoft.Json.Tests.Linq.JArrayTests" runstate="Runnable" seed="1642373286" result="Passed" start-time="2019-11-12 05:39:15Z" end-time="2019-11-12 05:39:15Z" duration="0.001443" asserts="0">
                  <properties />
                </test-case>
                <test-case id="2530" name="GenericCollectionCopyToInsufficientArrayCapacity" fullname="Newtonsoft.Json.Tests.Linq.JArrayTests.GenericCollectionCopyToInsufficientArrayCapacity" methodname="GenericCollectionCopyToInsufficientArrayCapacity" classname="Newtonsoft.Json.Tests.Linq.JArrayTests" runstate="Runnable" seed="1254661089" result="Passed" start-time="2019-11-12 05:39:15Z" end-time="2019-11-12 05:39:15Z" duration="0.001308" asserts="0">
                  <properties />
                </test-case>
                <test-case id="2528" name="GenericCollectionCopyToNegativeArrayIndexShouldThrow" fullname="Newtonsoft.Json.Tests.Linq.JArrayTests.GenericCollectionCopyToNegativeArrayIndexShouldThrow" methodname="GenericCollectionCopyToNegativeArrayIndexShouldThrow" classname="Newtonsoft.Json.Tests.Linq.JArrayTests" runstate="Runnable" seed="136273171" result="Passed" start-time="2019-11-12 05:39:15Z" end-time="2019-11-12 05:39:15Z" duration="0.002271" asserts="0">
                  <properties />
                </test-case>
                <test-case id="2527" name="GenericCollectionCopyToNullArrayShouldThrow" fullname="Newtonsoft.Json.Tests.Linq.JArrayTests.GenericCollectionCopyToNullArrayShouldThrow" methodname="GenericCollectionCopyToNullArrayShouldThrow" classname="Newtonsoft.Json.Tests.Linq.JArrayTests" runstate="Runnable" seed="303222383" result="Passed" start-time="2019-11-12 05:39:15Z" end-time="2019-11-12 05:39:15Z" duration="0.001692" asserts="0">
                  <properties />
                </test-case>
                <test-case id="2532" name="IndexOf" fullname="Newtonsoft.Json.Tests.Linq.JArrayTests.IndexOf" methodname="IndexOf" classname="Newtonsoft.Json.Tests.Linq.JArrayTests" runstate="Runnable" seed="1838711940" result="Passed" start-time="2019-11-12 05:39:15Z" end-time="2019-11-12 05:39:15Z" duration="0.001049" asserts="0">
                  <properties />
                </test-case>
                <test-case id="2536" name="Insert" fullname="Newtonsoft.Json.Tests.Linq.JArrayTests.Insert" methodname="Insert" classname="Newtonsoft.Json.Tests.Linq.JArrayTests" runstate="Runnable" seed="445543142" result="Passed" start-time="2019-11-12 05:39:15Z" end-time="2019-11-12 05:39:15Z" duration="0.001360" asserts="0">
                  <properties />
                </test-case>
                <test-case id="2552" name="InsertAddEnd" fullname="Newtonsoft.Json.Tests.Linq.JArrayTests.InsertAddEnd" methodname="InsertAddEnd" classname="Newtonsoft.Json.Tests.Linq.JArrayTests" runstate="Runnable" seed="1796167000" result="Passed" start-time="2019-11-12 05:39:15Z" end-time="2019-11-12 05:39:15Z" duration="0.001045" asserts="0">
                  <properties />
                </test-case>
                <test-case id="2540" name="InsertNegativeIndexShouldThrow" fullname="Newtonsoft.Json.Tests.Linq.JArrayTests.InsertNegativeIndexShouldThrow" methodname="InsertNegativeIndexShouldThrow" classname="Newtonsoft.Json.Tests.Linq.JArrayTests" runstate="Runnable" seed="1951396635" result="Passed" start-time="2019-11-12 05:39:15Z" end-time="2019-11-12 05:39:15Z" duration="0.001952" asserts="0">
                  <properties />
                </test-case>
                <test-case id="2539" name="InsertNull" fullname="Newtonsoft.Json.Tests.Linq.JArrayTests.InsertNull" methodname="InsertNull" classname="Newtonsoft.Json.Tests.Linq.JArrayTests" runstate="Runnable" seed="633113528" result="Passed" start-time="2019-11-12 05:39:15Z" end-time="2019-11-12 05:39:15Z" duration="0.000729" asserts="0">
                  <properties />
                </test-case>
                <test-case id="2541" name="InsertOutOfRangeIndexShouldThrow" fullname="Newtonsoft.Json.Tests.Linq.JArrayTests.InsertOutOfRangeIndexShouldThrow" methodname="InsertOutOfRangeIndexShouldThrow" classname="Newtonsoft.Json.Tests.Linq.JArrayTests" runstate="Runnable" seed="682348267" result="Passed" start-time="2019-11-12 05:39:15Z" end-time="2019-11-12 05:39:15Z" duration="0.000966" asserts="0">
                  <properties />
                </test-case>
                <test-case id="2538" name="InsertShouldInsertAtZeroIndex" fullname="Newtonsoft.Json.Tests.Linq.JArrayTests.InsertShouldInsertAtZeroIndex" methodname="InsertShouldInsertAtZeroIndex" classname="Newtonsoft.Json.Tests.Linq.JArrayTests" runstate="Runnable" seed="661241411" result="Passed" start-time="2019-11-12 05:39:15Z" end-time="2019-11-12 05:39:15Z" duration="0.001851" asserts="0">
                  <properties />
                </test-case>
                <test-case id="2542" name="Item" fullname="Newtonsoft.Json.Tests.Linq.JArrayTests.Item" methodname="Item" classname="Newtonsoft.Json.Tests.Linq.JArrayTests" runstate="Runnable" seed="524725753" result="Passed" start-time="2019-11-12 05:39:15Z" end-time="2019-11-12 05:39:15Z" duration="0.001539" asserts="0">
                  <properties />
                </test-case>
                <test-case id="2545" name="Iterate" fullname="Newtonsoft.Json.Tests.Linq.JArrayTests.Iterate" methodname="Iterate" classname="Newtonsoft.Json.Tests.Linq.JArrayTests" runstate="Runnable" seed="313135914" result="Passed" start-time="2019-11-12 05:39:15Z" end-time="2019-11-12 05:39:15Z" duration="0.001096" asserts="0">
                  <properties />
                </test-case>
                <test-case id="2546" name="ITypedListGetItemProperties" fullname="Newtonsoft.Json.Tests.Linq.JArrayTests.ITypedListGetItemProperties" methodname="ITypedListGetItemProperties" classname="Newtonsoft.Json.Tests.Linq.JArrayTests" runstate="Runnable" seed="1545814619" result="Passed" start-time="2019-11-12 05:39:15Z" end-time="2019-11-12 05:39:15Z" duration="0.003391" asserts="0">
                  <properties />
                </test-case>
                <test-case id="2557" name="Parse_ExcessiveContent" fullname="Newtonsoft.Json.Tests.Linq.JArrayTests.Parse_ExcessiveContent" methodname="Parse_ExcessiveContent" classname="Newtonsoft.Json.Tests.Linq.JArrayTests" runstate="Runnable" seed="1946321972" result="Passed" start-time="2019-11-12 05:39:15Z" end-time="2019-11-12 05:39:15Z" duration="0.001003" asserts="0">
                  <properties />
                </test-case>
                <test-case id="2556" name="Parse_ExcessiveContentJustComments" fullname="Newtonsoft.Json.Tests.Linq.JArrayTests.Parse_ExcessiveContentJustComments" methodname="Parse_ExcessiveContentJustComments" classname="Newtonsoft.Json.Tests.Linq.JArrayTests" runstate="Runnable" seed="838960190" result="Passed" start-time="2019-11-12 05:39:15Z" end-time="2019-11-12 05:39:15Z" duration="0.001328" asserts="0">
                  <properties />
                </test-case>
                <test-case id="2558" name="Parse_LineInfo" fullname="Newtonsoft.Json.Tests.Linq.JArrayTests.Parse_LineInfo" methodname="Parse_LineInfo" classname="Newtonsoft.Json.Tests.Linq.JArrayTests" runstate="Runnable" seed="370370641" result="Passed" start-time="2019-11-12 05:39:15Z" end-time="2019-11-12 05:39:15Z" duration="0.003219" asserts="0">
                  <properties />
                </test-case>
                <test-case id="2555" name="Parse_NoComments" fullname="Newtonsoft.Json.Tests.Linq.JArrayTests.Parse_NoComments" methodname="Parse_NoComments" classname="Newtonsoft.Json.Tests.Linq.JArrayTests" runstate="Runnable" seed="513835281" result="Passed" start-time="2019-11-12 05:39:15Z" end-time="2019-11-12 05:39:15Z" duration="0.002477" asserts="0">
                  <properties />
                </test-case>
                <test-case id="2543" name="Parse_ShouldThrowOnUnexpectedToken" fullname="Newtonsoft.Json.Tests.Linq.JArrayTests.Parse_ShouldThrowOnUnexpectedToken" methodname="Parse_ShouldThrowOnUnexpectedToken" classname="Newtonsoft.Json.Tests.Linq.JArrayTests" runstate="Runnable" seed="1865673575" result="Passed" start-time="2019-11-12 05:39:15Z" end-time="2019-11-12 05:39:15Z" duration="0.001199" asserts="0">
                  <properties />
                </test-case>
                <test-case id="2553" name="ParseAdditionalContent" fullname="Newtonsoft.Json.Tests.Linq.JArrayTests.ParseAdditionalContent" methodname="ParseAdditionalContent" classname="Newtonsoft.Json.Tests.Linq.JArrayTests" runstate="Runnable" seed="1402102570" result="Passed" start-time="2019-11-12 05:39:15Z" end-time="2019-11-12 05:39:15Z" duration="0.001247" asserts="0">
                  <properties />
                </test-case>
                <test-case id="2551" name="ParseIncomplete" fullname="Newtonsoft.Json.Tests.Linq.JArrayTests.ParseIncomplete" methodname="ParseIncomplete" classname="Newtonsoft.Json.Tests.Linq.JArrayTests" runstate="Runnable" seed="160963636" result="Passed" start-time="2019-11-12 05:39:15Z" end-time="2019-11-12 05:39:15Z" duration="0.001957" asserts="0">
                  <properties />
                </test-case>
                <test-case id="2531" name="Remove" fullname="Newtonsoft.Json.Tests.Linq.JArrayTests.Remove" methodname="Remove" classname="Newtonsoft.Json.Tests.Linq.JArrayTests" runstate="Runnable" seed="788864962" result="Passed" start-time="2019-11-12 05:39:15Z" end-time="2019-11-12 05:39:15Z" duration="0.001368" asserts="0">
                  <properties />
                </test-case>
                <test-case id="2533" name="RemoveAt" fullname="Newtonsoft.Json.Tests.Linq.JArrayTests.RemoveAt" methodname="RemoveAt" classname="Newtonsoft.Json.Tests.Linq.JArrayTests" runstate="Runnable" seed="1940618950" result="Passed" start-time="2019-11-12 05:39:15Z" end-time="2019-11-12 05:39:15Z" duration="0.001322" asserts="0">
                  <properties />
                </test-case>
                <test-case id="2535" name="RemoveAtNegativeIndexShouldError" fullname="Newtonsoft.Json.Tests.Linq.JArrayTests.RemoveAtNegativeIndexShouldError" methodname="RemoveAtNegativeIndexShouldError" classname="Newtonsoft.Json.Tests.Linq.JArrayTests" runstate="Runnable" seed="432518859" result="Passed" start-time="2019-11-12 05:39:15Z" end-time="2019-11-12 05:39:15Z" duration="0.000999" asserts="0">
                  <properties />
                </test-case>
                <test-case id="2534" name="RemoveAtOutOfRangeIndexShouldError" fullname="Newtonsoft.Json.Tests.Linq.JArrayTests.RemoveAtOutOfRangeIndexShouldError" methodname="RemoveAtOutOfRangeIndexShouldError" classname="Newtonsoft.Json.Tests.Linq.JArrayTests" runstate="Runnable" seed="869216640" result="Passed" start-time="2019-11-12 05:39:15Z" end-time="2019-11-12 05:39:15Z" duration="0.001013" asserts="0">
                  <properties />
                </test-case>
                <test-case id="2522" name="RemoveSpecificAndRemoveSelf" fullname="Newtonsoft.Json.Tests.Linq.JArrayTests.RemoveSpecificAndRemoveSelf" methodname="RemoveSpecificAndRemoveSelf" classname="Newtonsoft.Json.Tests.Linq.JArrayTests" runstate="Runnable" seed="429869615" result="Passed" start-time="2019-11-12 05:39:15Z" end-time="2019-11-12 05:39:15Z" duration="0.000891" asserts="0">
                  <properties />
                </test-case>
                <test-case id="2550" name="ReplaceAll" fullname="Newtonsoft.Json.Tests.Linq.JArrayTests.ReplaceAll" methodname="ReplaceAll" classname="Newtonsoft.Json.Tests.Linq.JArrayTests" runstate="Runnable" seed="1801267549" result="Passed" start-time="2019-11-12 05:39:15Z" end-time="2019-11-12 05:39:15Z" duration="0.000924" asserts="0">
                  <properties />
                </test-case>
                <test-case id="2549" name="SetValue" fullname="Newtonsoft.Json.Tests.Linq.JArrayTests.SetValue" methodname="SetValue" classname="Newtonsoft.Json.Tests.Linq.JArrayTests" runstate="Runnable" seed="1239162080" result="Passed" start-time="2019-11-12 05:39:15Z" end-time="2019-11-12 05:39:15Z" duration="0.001869" asserts="0">
                  <properties />
                </test-case>
                <test-case id="2548" name="SetValueWithInvalidIndex" fullname="Newtonsoft.Json.Tests.Linq.JArrayTests.SetValueWithInvalidIndex" methodname="SetValueWithInvalidIndex" classname="Newtonsoft.Json.Tests.Linq.JArrayTests" runstate="Runnable" seed="1327551305" result="Passed" start-time="2019-11-12 05:39:15Z" end-time="2019-11-12 05:39:15Z" duration="0.001393" asserts="0">
                  <properties />
                </test-case>
                <test-case id="2554" name="ToListOnEmptyArray" fullname="Newtonsoft.Json.Tests.Linq.JArrayTests.ToListOnEmptyArray" methodname="ToListOnEmptyArray" classname="Newtonsoft.Json.Tests.Linq.JArrayTests" runstate="Runnable" seed="672927928" result="Passed" start-time="2019-11-12 05:39:15Z" end-time="2019-11-12 05:39:15Z" duration="0.001260" asserts="0">
                  <properties />
                </test-case>
              </test-suite>
              <test-suite type="TestFixture" id="2559" name="JConstructorTests" fullname="Newtonsoft.Json.Tests.Linq.JConstructorTests" classname="Newtonsoft.Json.Tests.Linq.JConstructorTests" runstate="Runnable" testcasecount="5" result="Passed" start-time="2019-11-12 05:39:15Z" end-time="2019-11-12 05:39:15Z" duration="0.033743" total="5" passed="5" failed="0" inconclusive="0" skipped="0" asserts="0">
                <properties />
                <test-case id="2561" name="CreateWithMultiValue" fullname="Newtonsoft.Json.Tests.Linq.JConstructorTests.CreateWithMultiValue" methodname="CreateWithMultiValue" classname="Newtonsoft.Json.Tests.Linq.JConstructorTests" runstate="Runnable" seed="845159219" result="Passed" start-time="2019-11-12 05:39:15Z" end-time="2019-11-12 05:39:15Z" duration="0.003196" asserts="0">
                  <properties />
                </test-case>
                <test-case id="2562" name="Iterate" fullname="Newtonsoft.Json.Tests.Linq.JConstructorTests.Iterate" methodname="Iterate" classname="Newtonsoft.Json.Tests.Linq.JConstructorTests" runstate="Runnable" seed="1624001572" result="Passed" start-time="2019-11-12 05:39:15Z" end-time="2019-11-12 05:39:15Z" duration="0.001840" asserts="0">
                  <properties />
                </test-case>
                <test-case id="2560" name="Load" fullname="Newtonsoft.Json.Tests.Linq.JConstructorTests.Load" methodname="Load" classname="Newtonsoft.Json.Tests.Linq.JConstructorTests" runstate="Runnable" seed="914392508" result="Passed" start-time="2019-11-12 05:39:15Z" end-time="2019-11-12 05:39:15Z" duration="0.002604" asserts="0">
                  <properties />
                </test-case>
                <test-case id="2564" name="SetValue" fullname="Newtonsoft.Json.Tests.Linq.JConstructorTests.SetValue" methodname="SetValue" classname="Newtonsoft.Json.Tests.Linq.JConstructorTests" runstate="Runnable" seed="76564460" result="Passed" start-time="2019-11-12 05:39:15Z" end-time="2019-11-12 05:39:15Z" duration="0.001935" asserts="0">
                  <properties />
                </test-case>
                <test-case id="2563" name="SetValueWithInvalidIndex" fullname="Newtonsoft.Json.Tests.Linq.JConstructorTests.SetValueWithInvalidIndex" methodname="SetValueWithInvalidIndex" classname="Newtonsoft.Json.Tests.Linq.JConstructorTests" runstate="Runnable" seed="331424516" result="Passed" start-time="2019-11-12 05:39:15Z" end-time="2019-11-12 05:39:15Z" duration="0.001703" asserts="0">
                  <properties />
                </test-case>
              </test-suite>
              <test-suite type="TestFixture" id="2565" name="JObjectTests" fullname="Newtonsoft.Json.Tests.Linq.JObjectTests" classname="Newtonsoft.Json.Tests.Linq.JObjectTests" runstate="Runnable" testcasecount="121" result="Passed" start-time="2019-11-12 05:39:15Z" end-time="2019-11-12 05:39:16Z" duration="0.617475" total="121" passed="121" failed="0" inconclusive="0" skipped="0" asserts="0">
                <properties />
                <test-case id="2593" name="Blog" fullname="Newtonsoft.Json.Tests.Linq.JObjectTests.Blog" methodname="Blog" classname="Newtonsoft.Json.Tests.Linq.JObjectTests" runstate="Runnable" seed="1088751416" result="Passed" start-time="2019-11-12 05:39:15Z" end-time="2019-11-12 05:39:15Z" duration="0.001403" asserts="0">
                  <properties />
                </test-case>
                <test-case id="2656" name="CollectionChanged" fullname="Newtonsoft.Json.Tests.Linq.JObjectTests.CollectionChanged" methodname="CollectionChanged" classname="Newtonsoft.Json.Tests.Linq.JObjectTests" runstate="Runnable" seed="1286972587" result="Passed" start-time="2019-11-12 05:39:15Z" end-time="2019-11-12 05:39:15Z" duration="0.004179" asserts="0">
                  <properties />
                </test-case>
                <test-case id="2580" name="Contains" fullname="Newtonsoft.Json.Tests.Linq.JObjectTests.Contains" methodname="Contains" classname="Newtonsoft.Json.Tests.Linq.JObjectTests" runstate="Runnable" seed="444957329" result="Passed" start-time="2019-11-12 05:39:15Z" end-time="2019-11-12 05:39:15Z" duration="0.001116" asserts="0">
                  <properties />
                </test-case>
                <test-case id="2676" name="DeepEqualsIgnoreOrder" fullname="Newtonsoft.Json.Tests.Linq.JObjectTests.DeepEqualsIgnoreOrder" methodname="DeepEqualsIgnoreOrder" classname="Newtonsoft.Json.Tests.Linq.JObjectTests" runstate="Runnable" seed="1499075834" result="Passed" start-time="2019-11-12 05:39:15Z" end-time="2019-11-12 05:39:15Z" duration="0.002102" asserts="0">
                  <properties />
                </test-case>
                <test-case id="2599" name="DeserializeClassManually" fullname="Newtonsoft.Json.Tests.Linq.JObjectTests.DeserializeClassManually" methodname="DeserializeClassManually" classname="Newtonsoft.Json.Tests.Linq.JObjectTests" runstate="Runnable" seed="1720119273" result="Passed" start-time="2019-11-12 05:39:15Z" end-time="2019-11-12 05:39:15Z" duration="0.001910" asserts="0">
                  <properties />
                </test-case>
                <test-case id="2589" name="DeserializeFromRaw" fullname="Newtonsoft.Json.Tests.Linq.JObjectTests.DeserializeFromRaw" methodname="DeserializeFromRaw" classname="Newtonsoft.Json.Tests.Linq.JObjectTests" runstate="Runnable" seed="1027259596" result="Passed" start-time="2019-11-12 05:39:15Z" end-time="2019-11-12 05:39:15Z" duration="0.003824" asserts="0">
                  <properties />
                </test-case>
                <test-case id="2572" name="DictionaryItemShouldSet" fullname="Newtonsoft.Json.Tests.Linq.JObjectTests.DictionaryItemShouldSet" methodname="DictionaryItemShouldSet" classname="Newtonsoft.Json.Tests.Linq.JObjectTests" runstate="Runnable" seed="244183310" result="Passed" start-time="2019-11-12 05:39:15Z" end-time="2019-11-12 05:39:15Z" duration="0.001141" asserts="0">
                  <properties />
                </test-case>
                <test-case id="2575" name="DuplicatePropertyNameShouldThrow" fullname="Newtonsoft.Json.Tests.Linq.JObjectTests.DuplicatePropertyNameShouldThrow" methodname="DuplicatePropertyNameShouldThrow" classname="Newtonsoft.Json.Tests.Linq.JObjectTests" runstate="Runnable" seed="1834481405" result="Passed" start-time="2019-11-12 05:39:15Z" end-time="2019-11-12 05:39:15Z" duration="0.000756" asserts="0">
                  <properties />
                </test-case>
                <test-case id="2566" name="EmbedJValueStringInNewJObject" fullname="Newtonsoft.Json.Tests.Linq.JObjectTests.EmbedJValueStringInNewJObject" methodname="EmbedJValueStringInNewJObject" classname="Newtonsoft.Json.Tests.Linq.JObjectTests" runstate="Runnable" seed="1355556752" result="Passed" start-time="2019-11-12 05:39:15Z" end-time="2019-11-12 05:39:15Z" duration="0.010882" asserts="0">
                  <properties />
                </test-case>
                <test-case id="2678" name="EmptyObjectDeepEquals" fullname="Newtonsoft.Json.Tests.Linq.JObjectTests.EmptyObjectDeepEquals" methodname="EmptyObjectDeepEquals" classname="Newtonsoft.Json.Tests.Linq.JObjectTests" runstate="Runnable" seed="838200844" result="Passed" start-time="2019-11-12 05:39:15Z" end-time="2019-11-12 05:39:15Z" duration="0.000743" asserts="0">
                  <properties />
                </test-case>
                <test-case id="2598" name="Example" fullname="Newtonsoft.Json.Tests.Linq.JObjectTests.Example" methodname="Example" classname="Newtonsoft.Json.Tests.Linq.JObjectTests" runstate="Runnable" seed="381777777" result="Passed" start-time="2019-11-12 05:39:15Z" end-time="2019-11-12 05:39:15Z" duration="0.000726" asserts="0">
                  <properties />
                </test-case>
                <test-case id="2674" name="FromObjectGuid" fullname="Newtonsoft.Json.Tests.Linq.JObjectTests.FromObjectGuid" methodname="FromObjectGuid" classname="Newtonsoft.Json.Tests.Linq.JObjectTests" runstate="Runnable" seed="105473253" result="Passed" start-time="2019-11-12 05:39:15Z" end-time="2019-11-12 05:39:15Z" duration="0.000568" asserts="0">
                  <properties />
                </test-case>
                <test-case id="2681" name="FromObjectInsideConverterWithCustomSerializer" fullname="Newtonsoft.Json.Tests.Linq.JObjectTests.FromObjectInsideConverterWithCustomSerializer" methodname="FromObjectInsideConverterWithCustomSerializer" classname="Newtonsoft.Json.Tests.Linq.JObjectTests" runstate="Runnable" seed="349314629" result="Passed" start-time="2019-11-12 05:39:15Z" end-time="2019-11-12 05:39:15Z" duration="0.002640" asserts="0">
                  <properties />
                </test-case>
                <test-case id="2587" name="FromObjectRaw" fullname="Newtonsoft.Json.Tests.Linq.JObjectTests.FromObjectRaw" methodname="FromObjectRaw" classname="Newtonsoft.Json.Tests.Linq.JObjectTests" runstate="Runnable" seed="681169411" result="Passed" start-time="2019-11-12 05:39:15Z" end-time="2019-11-12 05:39:15Z" duration="0.001329" asserts="0">
                  <properties />
                </test-case>
                <test-case id="2672" name="FromObjectTimeSpan" fullname="Newtonsoft.Json.Tests.Linq.JObjectTests.FromObjectTimeSpan" methodname="FromObjectTimeSpan" classname="Newtonsoft.Json.Tests.Linq.JObjectTests" runstate="Runnable" seed="19209227" result="Passed" start-time="2019-11-12 05:39:15Z" end-time="2019-11-12 05:39:15Z" duration="0.001213" asserts="0">
                  <properties />
                </test-case>
                <test-case id="2673" name="FromObjectUri" fullname="Newtonsoft.Json.Tests.Linq.JObjectTests.FromObjectUri" methodname="FromObjectUri" classname="Newtonsoft.Json.Tests.Linq.JObjectTests" runstate="Runnable" seed="1766316775" result="Passed" start-time="2019-11-12 05:39:15Z" end-time="2019-11-12 05:39:15Z" duration="0.000618" asserts="0">
                  <properties />
                </test-case>
                <test-case id="2577" name="GenericCollectionAdd" fullname="Newtonsoft.Json.Tests.Linq.JObjectTests.GenericCollectionAdd" methodname="GenericCollectionAdd" classname="Newtonsoft.Json.Tests.Linq.JObjectTests" runstate="Runnable" seed="503182406" result="Passed" start-time="2019-11-12 05:39:15Z" end-time="2019-11-12 05:39:15Z" duration="0.000910" asserts="0">
                  <properties />
                </test-case>
                <test-case id="2578" name="GenericCollectionClear" fullname="Newtonsoft.Json.Tests.Linq.JObjectTests.GenericCollectionClear" methodname="GenericCollectionClear" classname="Newtonsoft.Json.Tests.Linq.JObjectTests" runstate="Runnable" seed="1407754670" result="Passed" start-time="2019-11-12 05:39:15Z" end-time="2019-11-12 05:39:15Z" duration="0.000964" asserts="0">
                  <properties />
                </test-case>
                <test-case id="2579" name="GenericCollectionContains" fullname="Newtonsoft.Json.Tests.Linq.JObjectTests.GenericCollectionContains" methodname="GenericCollectionContains" classname="Newtonsoft.Json.Tests.Linq.JObjectTests" runstate="Runnable" seed="100676484" result="Passed" start-time="2019-11-12 05:39:15Z" end-time="2019-11-12 05:39:15Z" duration="0.001224" asserts="0">
                  <properties />
                </test-case>
                <test-case id="2582" name="GenericCollectionCopyTo" fullname="Newtonsoft.Json.Tests.Linq.JObjectTests.GenericCollectionCopyTo" methodname="GenericCollectionCopyTo" classname="Newtonsoft.Json.Tests.Linq.JObjectTests" runstate="Runnable" seed="540831521" result="Passed" start-time="2019-11-12 05:39:15Z" end-time="2019-11-12 05:39:15Z" duration="0.001940" asserts="0">
                  <properties />
                </test-case>
                <test-case id="2585" name="GenericCollectionCopyToArrayIndexEqualGreaterToArrayLengthShouldThrow" fullname="Newtonsoft.Json.Tests.Linq.JObjectTests.GenericCollectionCopyToArrayIndexEqualGreaterToArrayLengthShouldThrow" methodname="GenericCollectionCopyToArrayIndexEqualGreaterToArrayLengthShouldThrow" classname="Newtonsoft.Json.Tests.Linq.JObjectTests" runstate="Runnable" seed="797601950" result="Passed" start-time="2019-11-12 05:39:15Z" end-time="2019-11-12 05:39:15Z" duration="0.000636" asserts="0">
                  <properties />
                </test-case>
                <test-case id="2586" name="GenericCollectionCopyToInsufficientArrayCapacity" fullname="Newtonsoft.Json.Tests.Linq.JObjectTests.GenericCollectionCopyToInsufficientArrayCapacity" methodname="GenericCollectionCopyToInsufficientArrayCapacity" classname="Newtonsoft.Json.Tests.Linq.JObjectTests" runstate="Runnable" seed="1775216898" result="Passed" start-time="2019-11-12 05:39:15Z" end-time="2019-11-12 05:39:15Z" duration="0.001479" asserts="0">
                  <properties />
                </test-case>
                <test-case id="2584" name="GenericCollectionCopyToNegativeArrayIndexShouldThrow" fullname="Newtonsoft.Json.Tests.Linq.JObjectTests.GenericCollectionCopyToNegativeArrayIndexShouldThrow" methodname="GenericCollectionCopyToNegativeArrayIndexShouldThrow" classname="Newtonsoft.Json.Tests.Linq.JObjectTests" runstate="Runnable" seed="101602966" result="Passed" start-time="2019-11-12 05:39:15Z" end-time="2019-11-12 05:39:15Z" duration="0.001058" asserts="0">
                  <properties />
                </test-case>
                <test-case id="2583" name="GenericCollectionCopyToNullArrayShouldThrow" fullname="Newtonsoft.Json.Tests.Linq.JObjectTests.GenericCollectionCopyToNullArrayShouldThrow" methodname="GenericCollectionCopyToNullArrayShouldThrow" classname="Newtonsoft.Json.Tests.Linq.JObjectTests" runstate="Runnable" seed="946827606" result="Passed" start-time="2019-11-12 05:39:15Z" end-time="2019-11-12 05:39:15Z" duration="0.000886" asserts="0">
                  <properties />
                </test-case>
                <test-case id="2574" name="GenericCollectionRemove" fullname="Newtonsoft.Json.Tests.Linq.JObjectTests.GenericCollectionRemove" methodname="GenericCollectionRemove" classname="Newtonsoft.Json.Tests.Linq.JObjectTests" runstate="Runnable" seed="75059087" result="Passed" start-time="2019-11-12 05:39:15Z" end-time="2019-11-12 05:39:15Z" duration="0.001679" asserts="0">
                  <properties />
                </test-case>
                <test-case id="2576" name="GenericDictionaryAdd" fullname="Newtonsoft.Json.Tests.Linq.JObjectTests.GenericDictionaryAdd" methodname="GenericDictionaryAdd" classname="Newtonsoft.Json.Tests.Linq.JObjectTests" runstate="Runnable" seed="1243248482" result="Passed" start-time="2019-11-12 05:39:15Z" end-time="2019-11-12 05:39:15Z" duration="0.000794" asserts="0">
                  <properties />
                </test-case>
                <test-case id="2581" name="GenericDictionaryContains" fullname="Newtonsoft.Json.Tests.Linq.JObjectTests.GenericDictionaryContains" methodname="GenericDictionaryContains" classname="Newtonsoft.Json.Tests.Linq.JObjectTests" runstate="Runnable" seed="1769055995" result="Passed" start-time="2019-11-12 05:39:15Z" end-time="2019-11-12 05:39:15Z" duration="0.000722" asserts="0">
                  <properties />
                </test-case>
                <test-case id="2627" name="GenericListJTokenAdd" fullname="Newtonsoft.Json.Tests.Linq.JObjectTests.GenericListJTokenAdd" methodname="GenericListJTokenAdd" classname="Newtonsoft.Json.Tests.Linq.JObjectTests" runstate="Runnable" seed="1443681388" result="Passed" start-time="2019-11-12 05:39:15Z" end-time="2019-11-12 05:39:15Z" duration="0.000810" asserts="0">
                  <properties />
                </test-case>
                <test-case id="2628" name="GenericListJTokenAddBadToken" fullname="Newtonsoft.Json.Tests.Linq.JObjectTests.GenericListJTokenAddBadToken" methodname="GenericListJTokenAddBadToken" classname="Newtonsoft.Json.Tests.Linq.JObjectTests" runstate="Runnable" seed="280283929" result="Passed" start-time="2019-11-12 05:39:16Z" end-time="2019-11-12 05:39:16Z" duration="0.000872" asserts="0">
                  <properties />
                </test-case>
                <test-case id="2629" name="GenericListJTokenAddBadValue" fullname="Newtonsoft.Json.Tests.Linq.JObjectTests.GenericListJTokenAddBadValue" methodname="GenericListJTokenAddBadValue" classname="Newtonsoft.Json.Tests.Linq.JObjectTests" runstate="Runnable" seed="1136648249" result="Passed" start-time="2019-11-12 05:39:16Z" end-time="2019-11-12 05:39:16Z" duration="0.001386" asserts="0">
                  <properties />
                </test-case>
                <test-case id="2630" name="GenericListJTokenAddPropertyWithExistingName" fullname="Newtonsoft.Json.Tests.Linq.JObjectTests.GenericListJTokenAddPropertyWithExistingName" methodname="GenericListJTokenAddPropertyWithExistingName" classname="Newtonsoft.Json.Tests.Linq.JObjectTests" runstate="Runnable" seed="333682235" result="Passed" start-time="2019-11-12 05:39:16Z" end-time="2019-11-12 05:39:16Z" duration="0.000878" asserts="0">
                  <properties />
                </test-case>
                <test-case id="2625" name="GenericListJTokenClear" fullname="Newtonsoft.Json.Tests.Linq.JObjectTests.GenericListJTokenClear" methodname="GenericListJTokenClear" classname="Newtonsoft.Json.Tests.Linq.JObjectTests" runstate="Runnable" seed="484296724" result="Passed" start-time="2019-11-12 05:39:16Z" end-time="2019-11-12 05:39:16Z" duration="0.000834" asserts="0">
                  <properties />
                </test-case>
                <test-case id="2623" name="GenericListJTokenContains" fullname="Newtonsoft.Json.Tests.Linq.JObjectTests.GenericListJTokenContains" methodname="GenericListJTokenContains" classname="Newtonsoft.Json.Tests.Linq.JObjectTests" runstate="Runnable" seed="291937022" result="Passed" start-time="2019-11-12 05:39:16Z" end-time="2019-11-12 05:39:16Z" duration="0.000610" asserts="0">
                  <properties />
                </test-case>
                <test-case id="2626" name="GenericListJTokenCopyTo" fullname="Newtonsoft.Json.Tests.Linq.JObjectTests.GenericListJTokenCopyTo" methodname="GenericListJTokenCopyTo" classname="Newtonsoft.Json.Tests.Linq.JObjectTests" runstate="Runnable" seed="59576216" result="Passed" start-time="2019-11-12 05:39:16Z" end-time="2019-11-12 05:39:16Z" duration="0.000851" asserts="0">
                  <properties />
                </test-case>
                <test-case id="2624" name="GenericListJTokenIndexOf" fullname="Newtonsoft.Json.Tests.Linq.JObjectTests.GenericListJTokenIndexOf" methodname="GenericListJTokenIndexOf" classname="Newtonsoft.Json.Tests.Linq.JObjectTests" runstate="Runnable" seed="1764175930" result="Passed" start-time="2019-11-12 05:39:16Z" end-time="2019-11-12 05:39:16Z" duration="0.000783" asserts="0">
                  <properties />
                </test-case>
                <test-case id="2633" name="GenericListJTokenInsert" fullname="Newtonsoft.Json.Tests.Linq.JObjectTests.GenericListJTokenInsert" methodname="GenericListJTokenInsert" classname="Newtonsoft.Json.Tests.Linq.JObjectTests" runstate="Runnable" seed="1893362263" result="Passed" start-time="2019-11-12 05:39:16Z" end-time="2019-11-12 05:39:16Z" duration="0.000691" asserts="0">
                  <properties />
                </test-case>
                <test-case id="2634" name="GenericListJTokenIsReadOnly" fullname="Newtonsoft.Json.Tests.Linq.JObjectTests.GenericListJTokenIsReadOnly" methodname="GenericListJTokenIsReadOnly" classname="Newtonsoft.Json.Tests.Linq.JObjectTests" runstate="Runnable" seed="44304938" result="Passed" start-time="2019-11-12 05:39:16Z" end-time="2019-11-12 05:39:16Z" duration="0.000571" asserts="0">
                  <properties />
                </test-case>
                <test-case id="2631" name="GenericListJTokenRemove" fullname="Newtonsoft.Json.Tests.Linq.JObjectTests.GenericListJTokenRemove" methodname="GenericListJTokenRemove" classname="Newtonsoft.Json.Tests.Linq.JObjectTests" runstate="Runnable" seed="7418762" result="Passed" start-time="2019-11-12 05:39:16Z" end-time="2019-11-12 05:39:16Z" duration="0.000848" asserts="0">
                  <properties />
                </test-case>
                <test-case id="2632" name="GenericListJTokenRemoveAt" fullname="Newtonsoft.Json.Tests.Linq.JObjectTests.GenericListJTokenRemoveAt" methodname="GenericListJTokenRemoveAt" classname="Newtonsoft.Json.Tests.Linq.JObjectTests" runstate="Runnable" seed="1284139695" result="Passed" start-time="2019-11-12 05:39:16Z" end-time="2019-11-12 05:39:16Z" duration="0.001288" asserts="0">
                  <properties />
                </test-case>
                <test-case id="2635" name="GenericListJTokenSetItem" fullname="Newtonsoft.Json.Tests.Linq.JObjectTests.GenericListJTokenSetItem" methodname="GenericListJTokenSetItem" classname="Newtonsoft.Json.Tests.Linq.JObjectTests" runstate="Runnable" seed="1568511646" result="Passed" start-time="2019-11-12 05:39:16Z" end-time="2019-11-12 05:39:16Z" duration="0.001006" asserts="0">
                  <properties />
                </test-case>
                <test-case id="2636" name="GenericListJTokenSetItemAlreadyExists" fullname="Newtonsoft.Json.Tests.Linq.JObjectTests.GenericListJTokenSetItemAlreadyExists" methodname="GenericListJTokenSetItemAlreadyExists" classname="Newtonsoft.Json.Tests.Linq.JObjectTests" runstate="Runnable" seed="1115259229" result="Passed" start-time="2019-11-12 05:39:16Z" end-time="2019-11-12 05:39:16Z" duration="0.000726" asserts="0">
                  <properties />
                </test-case>
                <test-case id="2592" name="GenericValueCast" fullname="Newtonsoft.Json.Tests.Linq.JObjectTests.GenericValueCast" methodname="GenericValueCast" classname="Newtonsoft.Json.Tests.Linq.JObjectTests" runstate="Runnable" seed="1728806939" result="Passed" start-time="2019-11-12 05:39:16Z" end-time="2019-11-12 05:39:16Z" duration="0.001449" asserts="0">
                  <properties />
                </test-case>
                <test-case id="2657" name="GetGeocodeAddress" fullname="Newtonsoft.Json.Tests.Linq.JObjectTests.GetGeocodeAddress" methodname="GetGeocodeAddress" classname="Newtonsoft.Json.Tests.Linq.JObjectTests" runstate="Runnable" seed="2014732266" result="Passed" start-time="2019-11-12 05:39:16Z" end-time="2019-11-12 05:39:16Z" duration="0.000812" asserts="0">
                  <properties />
                </test-case>
                <test-case id="2670" name="GetProperties" fullname="Newtonsoft.Json.Tests.Linq.JObjectTests.GetProperties" methodname="GetProperties" classname="Newtonsoft.Json.Tests.Linq.JObjectTests" runstate="Runnable" seed="53200480" result="Passed" start-time="2019-11-12 05:39:16Z" end-time="2019-11-12 05:39:16Z" duration="0.001406" asserts="0">
                  <properties />
                </test-case>
                <test-case id="2685" name="GetPropertyOwner_ReturnsJObject" fullname="Newtonsoft.Json.Tests.Linq.JObjectTests.GetPropertyOwner_ReturnsJObject" methodname="GetPropertyOwner_ReturnsJObject" classname="Newtonsoft.Json.Tests.Linq.JObjectTests" runstate="Runnable" seed="525004960" result="Passed" start-time="2019-11-12 05:39:16Z" end-time="2019-11-12 05:39:16Z" duration="0.000816" asserts="0">
                  <properties />
                </test-case>
                <test-case id="2680" name="GetValue" fullname="Newtonsoft.Json.Tests.Linq.JObjectTests.GetValue" methodname="GetValue" classname="Newtonsoft.Json.Tests.Linq.JObjectTests" runstate="Runnable" seed="781943646" result="Passed" start-time="2019-11-12 05:39:16Z" end-time="2019-11-12 05:39:16Z" duration="0.001134" asserts="0">
                  <properties />
                </test-case>
                <test-case id="2679" name="GetValueBlogExample" fullname="Newtonsoft.Json.Tests.Linq.JObjectTests.GetValueBlogExample" methodname="GetValueBlogExample" classname="Newtonsoft.Json.Tests.Linq.JObjectTests" runstate="Runnable" seed="722852865" result="Passed" start-time="2019-11-12 05:39:16Z" end-time="2019-11-12 05:39:16Z" duration="0.002551" asserts="0">
                  <properties />
                </test-case>
                <test-case id="2645" name="IBindingListAddIndex" fullname="Newtonsoft.Json.Tests.Linq.JObjectTests.IBindingListAddIndex" methodname="IBindingListAddIndex" classname="Newtonsoft.Json.Tests.Linq.JObjectTests" runstate="Runnable" seed="1858886027" result="Passed" start-time="2019-11-12 05:39:16Z" end-time="2019-11-12 05:39:16Z" duration="0.000714" asserts="0">
                  <properties />
                </test-case>
                <test-case id="2651" name="IBindingListAddNew" fullname="Newtonsoft.Json.Tests.Linq.JObjectTests.IBindingListAddNew" methodname="IBindingListAddNew" classname="Newtonsoft.Json.Tests.Linq.JObjectTests" runstate="Runnable" seed="1823142824" result="Passed" start-time="2019-11-12 05:39:16Z" end-time="2019-11-12 05:39:16Z" duration="0.001416" asserts="0">
                  <properties />
                </test-case>
                <test-case id="2652" name="IBindingListAddNewWithEvent" fullname="Newtonsoft.Json.Tests.Linq.JObjectTests.IBindingListAddNewWithEvent" methodname="IBindingListAddNewWithEvent" classname="Newtonsoft.Json.Tests.Linq.JObjectTests" runstate="Runnable" seed="2005714452" result="Passed" start-time="2019-11-12 05:39:16Z" end-time="2019-11-12 05:39:16Z" duration="0.000810" asserts="0">
                  <properties />
                </test-case>
                <test-case id="2642" name="IBindingListAllowEdit" fullname="Newtonsoft.Json.Tests.Linq.JObjectTests.IBindingListAllowEdit" methodname="IBindingListAllowEdit" classname="Newtonsoft.Json.Tests.Linq.JObjectTests" runstate="Runnable" seed="948582800" result="Passed" start-time="2019-11-12 05:39:16Z" end-time="2019-11-12 05:39:16Z" duration="0.000598" asserts="0">
                  <properties />
                </test-case>
                <test-case id="2643" name="IBindingListAllowNew" fullname="Newtonsoft.Json.Tests.Linq.JObjectTests.IBindingListAllowNew" methodname="IBindingListAllowNew" classname="Newtonsoft.Json.Tests.Linq.JObjectTests" runstate="Runnable" seed="1935950451" result="Passed" start-time="2019-11-12 05:39:16Z" end-time="2019-11-12 05:39:16Z" duration="0.000603" asserts="0">
                  <properties />
                </test-case>
                <test-case id="2644" name="IBindingListAllowRemove" fullname="Newtonsoft.Json.Tests.Linq.JObjectTests.IBindingListAllowRemove" methodname="IBindingListAllowRemove" classname="Newtonsoft.Json.Tests.Linq.JObjectTests" runstate="Runnable" seed="221292492" result="Passed" start-time="2019-11-12 05:39:16Z" end-time="2019-11-12 05:39:16Z" duration="0.000605" asserts="0">
                  <properties />
                </test-case>
                <test-case id="2646" name="IBindingListApplySort" fullname="Newtonsoft.Json.Tests.Linq.JObjectTests.IBindingListApplySort" methodname="IBindingListApplySort" classname="Newtonsoft.Json.Tests.Linq.JObjectTests" runstate="Runnable" seed="1093647499" result="Passed" start-time="2019-11-12 05:39:16Z" end-time="2019-11-12 05:39:16Z" duration="0.000803" asserts="0">
                  <properties />
                </test-case>
                <test-case id="2649" name="IBindingListFind" fullname="Newtonsoft.Json.Tests.Linq.JObjectTests.IBindingListFind" methodname="IBindingListFind" classname="Newtonsoft.Json.Tests.Linq.JObjectTests" runstate="Runnable" seed="1460634358" result="Passed" start-time="2019-11-12 05:39:16Z" end-time="2019-11-12 05:39:16Z" duration="0.001845" asserts="0">
                  <properties />
                </test-case>
                <test-case id="2650" name="IBindingListIsSorted" fullname="Newtonsoft.Json.Tests.Linq.JObjectTests.IBindingListIsSorted" methodname="IBindingListIsSorted" classname="Newtonsoft.Json.Tests.Linq.JObjectTests" runstate="Runnable" seed="1041228469" result="Passed" start-time="2019-11-12 05:39:16Z" end-time="2019-11-12 05:39:16Z" duration="0.000752" asserts="0">
                  <properties />
                </test-case>
                <test-case id="2648" name="IBindingListRemoveIndex" fullname="Newtonsoft.Json.Tests.Linq.JObjectTests.IBindingListRemoveIndex" methodname="IBindingListRemoveIndex" classname="Newtonsoft.Json.Tests.Linq.JObjectTests" runstate="Runnable" seed="1372283496" result="Passed" start-time="2019-11-12 05:39:16Z" end-time="2019-11-12 05:39:16Z" duration="0.000596" asserts="0">
                  <properties />
                </test-case>
                <test-case id="2647" name="IBindingListRemoveSort" fullname="Newtonsoft.Json.Tests.Linq.JObjectTests.IBindingListRemoveSort" methodname="IBindingListRemoveSort" classname="Newtonsoft.Json.Tests.Linq.JObjectTests" runstate="Runnable" seed="1939319894" result="Passed" start-time="2019-11-12 05:39:16Z" end-time="2019-11-12 05:39:16Z" duration="0.000742" asserts="0">
                  <properties />
                </test-case>
                <test-case id="2637" name="IBindingListSortDirection" fullname="Newtonsoft.Json.Tests.Linq.JObjectTests.IBindingListSortDirection" methodname="IBindingListSortDirection" classname="Newtonsoft.Json.Tests.Linq.JObjectTests" runstate="Runnable" seed="785497040" result="Passed" start-time="2019-11-12 05:39:16Z" end-time="2019-11-12 05:39:16Z" duration="0.000632" asserts="0">
                  <properties />
                </test-case>
                <test-case id="2638" name="IBindingListSortProperty" fullname="Newtonsoft.Json.Tests.Linq.JObjectTests.IBindingListSortProperty" methodname="IBindingListSortProperty" classname="Newtonsoft.Json.Tests.Linq.JObjectTests" runstate="Runnable" seed="1191730332" result="Passed" start-time="2019-11-12 05:39:16Z" end-time="2019-11-12 05:39:16Z" duration="0.000630" asserts="0">
                  <properties />
                </test-case>
                <test-case id="2639" name="IBindingListSupportsChangeNotification" fullname="Newtonsoft.Json.Tests.Linq.JObjectTests.IBindingListSupportsChangeNotification" methodname="IBindingListSupportsChangeNotification" classname="Newtonsoft.Json.Tests.Linq.JObjectTests" runstate="Runnable" seed="1228039320" result="Passed" start-time="2019-11-12 05:39:16Z" end-time="2019-11-12 05:39:16Z" duration="0.000486" asserts="0">
                  <properties />
                </test-case>
                <test-case id="2640" name="IBindingListSupportsSearching" fullname="Newtonsoft.Json.Tests.Linq.JObjectTests.IBindingListSupportsSearching" methodname="IBindingListSupportsSearching" classname="Newtonsoft.Json.Tests.Linq.JObjectTests" runstate="Runnable" seed="684860752" result="Passed" start-time="2019-11-12 05:39:16Z" end-time="2019-11-12 05:39:16Z" duration="0.000616" asserts="0">
                  <properties />
                </test-case>
                <test-case id="2641" name="IBindingListSupportsSorting" fullname="Newtonsoft.Json.Tests.Linq.JObjectTests.IBindingListSupportsSorting" methodname="IBindingListSupportsSorting" classname="Newtonsoft.Json.Tests.Linq.JObjectTests" runstate="Runnable" seed="2033123554" result="Passed" start-time="2019-11-12 05:39:16Z" end-time="2019-11-12 05:39:16Z" duration="0.000561" asserts="0">
                  <properties />
                </test-case>
                <test-case id="2609" name="IListAdd" fullname="Newtonsoft.Json.Tests.Linq.JObjectTests.IListAdd" methodname="IListAdd" classname="Newtonsoft.Json.Tests.Linq.JObjectTests" runstate="Runnable" seed="1501523557" result="Passed" start-time="2019-11-12 05:39:16Z" end-time="2019-11-12 05:39:16Z" duration="0.002017" asserts="0">
                  <properties />
                </test-case>
                <test-case id="2610" name="IListAddBadToken" fullname="Newtonsoft.Json.Tests.Linq.JObjectTests.IListAddBadToken" methodname="IListAddBadToken" classname="Newtonsoft.Json.Tests.Linq.JObjectTests" runstate="Runnable" seed="560769896" result="Passed" start-time="2019-11-12 05:39:16Z" end-time="2019-11-12 05:39:16Z" duration="0.000977" asserts="0">
                  <properties />
                </test-case>
                <test-case id="2611" name="IListAddBadValue" fullname="Newtonsoft.Json.Tests.Linq.JObjectTests.IListAddBadValue" methodname="IListAddBadValue" classname="Newtonsoft.Json.Tests.Linq.JObjectTests" runstate="Runnable" seed="1532181253" result="Passed" start-time="2019-11-12 05:39:16Z" end-time="2019-11-12 05:39:16Z" duration="0.000758" asserts="0">
                  <properties />
                </test-case>
                <test-case id="2612" name="IListAddPropertyWithExistingName" fullname="Newtonsoft.Json.Tests.Linq.JObjectTests.IListAddPropertyWithExistingName" methodname="IListAddPropertyWithExistingName" classname="Newtonsoft.Json.Tests.Linq.JObjectTests" runstate="Runnable" seed="1438251641" result="Passed" start-time="2019-11-12 05:39:16Z" end-time="2019-11-12 05:39:16Z" duration="0.000754" asserts="0">
                  <properties />
                </test-case>
                <test-case id="2607" name="IListClear" fullname="Newtonsoft.Json.Tests.Linq.JObjectTests.IListClear" methodname="IListClear" classname="Newtonsoft.Json.Tests.Linq.JObjectTests" runstate="Runnable" seed="1000113874" result="Passed" start-time="2019-11-12 05:39:16Z" end-time="2019-11-12 05:39:16Z" duration="0.000782" asserts="0">
                  <properties />
                </test-case>
                <test-case id="2605" name="IListContains" fullname="Newtonsoft.Json.Tests.Linq.JObjectTests.IListContains" methodname="IListContains" classname="Newtonsoft.Json.Tests.Linq.JObjectTests" runstate="Runnable" seed="1670544105" result="Passed" start-time="2019-11-12 05:39:16Z" end-time="2019-11-12 05:39:16Z" duration="0.000764" asserts="0">
                  <properties />
                </test-case>
                <test-case id="2608" name="IListCopyTo" fullname="Newtonsoft.Json.Tests.Linq.JObjectTests.IListCopyTo" methodname="IListCopyTo" classname="Newtonsoft.Json.Tests.Linq.JObjectTests" runstate="Runnable" seed="13581727" result="Passed" start-time="2019-11-12 05:39:16Z" end-time="2019-11-12 05:39:16Z" duration="0.000713" asserts="0">
                  <properties />
                </test-case>
                <test-case id="2606" name="IListIndexOf" fullname="Newtonsoft.Json.Tests.Linq.JObjectTests.IListIndexOf" methodname="IListIndexOf" classname="Newtonsoft.Json.Tests.Linq.JObjectTests" runstate="Runnable" seed="1646273746" result="Passed" start-time="2019-11-12 05:39:16Z" end-time="2019-11-12 05:39:16Z" duration="0.000627" asserts="0">
                  <properties />
                </test-case>
                <test-case id="2615" name="IListInsert" fullname="Newtonsoft.Json.Tests.Linq.JObjectTests.IListInsert" methodname="IListInsert" classname="Newtonsoft.Json.Tests.Linq.JObjectTests" runstate="Runnable" seed="1668695703" result="Passed" start-time="2019-11-12 05:39:16Z" end-time="2019-11-12 05:39:16Z" duration="0.000776" asserts="0">
                  <properties />
                </test-case>
                <test-case id="2617" name="IListIsFixedSize" fullname="Newtonsoft.Json.Tests.Linq.JObjectTests.IListIsFixedSize" methodname="IListIsFixedSize" classname="Newtonsoft.Json.Tests.Linq.JObjectTests" runstate="Runnable" seed="626648223" result="Passed" start-time="2019-11-12 05:39:16Z" end-time="2019-11-12 05:39:16Z" duration="0.000644" asserts="0">
                  <properties />
                </test-case>
                <test-case id="2616" name="IListIsReadOnly" fullname="Newtonsoft.Json.Tests.Linq.JObjectTests.IListIsReadOnly" methodname="IListIsReadOnly" classname="Newtonsoft.Json.Tests.Linq.JObjectTests" runstate="Runnable" seed="717046922" result="Passed" start-time="2019-11-12 05:39:16Z" end-time="2019-11-12 05:39:16Z" duration="0.000962" asserts="0">
                  <properties />
                </test-case>
                <test-case id="2622" name="IListIsSynchronized" fullname="Newtonsoft.Json.Tests.Linq.JObjectTests.IListIsSynchronized" methodname="IListIsSynchronized" classname="Newtonsoft.Json.Tests.Linq.JObjectTests" runstate="Runnable" seed="1107430880" result="Passed" start-time="2019-11-12 05:39:16Z" end-time="2019-11-12 05:39:16Z" duration="0.000698" asserts="0">
                  <properties />
                </test-case>
                <test-case id="2613" name="IListRemove" fullname="Newtonsoft.Json.Tests.Linq.JObjectTests.IListRemove" methodname="IListRemove" classname="Newtonsoft.Json.Tests.Linq.JObjectTests" runstate="Runnable" seed="1127546010" result="Passed" start-time="2019-11-12 05:39:16Z" end-time="2019-11-12 05:39:16Z" duration="0.000747" asserts="0">
                  <properties />
                </test-case>
                <test-case id="2614" name="IListRemoveAt" fullname="Newtonsoft.Json.Tests.Linq.JObjectTests.IListRemoveAt" methodname="IListRemoveAt" classname="Newtonsoft.Json.Tests.Linq.JObjectTests" runstate="Runnable" seed="1311725856" result="Passed" start-time="2019-11-12 05:39:16Z" end-time="2019-11-12 05:39:16Z" duration="0.000799" asserts="0">
                  <properties />
                </test-case>
                <test-case id="2618" name="IListSetItem" fullname="Newtonsoft.Json.Tests.Linq.JObjectTests.IListSetItem" methodname="IListSetItem" classname="Newtonsoft.Json.Tests.Linq.JObjectTests" runstate="Runnable" seed="1182715283" result="Passed" start-time="2019-11-12 05:39:16Z" end-time="2019-11-12 05:39:16Z" duration="0.000590" asserts="0">
                  <properties />
                </test-case>
                <test-case id="2619" name="IListSetItemAlreadyExists" fullname="Newtonsoft.Json.Tests.Linq.JObjectTests.IListSetItemAlreadyExists" methodname="IListSetItemAlreadyExists" classname="Newtonsoft.Json.Tests.Linq.JObjectTests" runstate="Runnable" seed="171831259" result="Passed" start-time="2019-11-12 05:39:16Z" end-time="2019-11-12 05:39:16Z" duration="0.000718" asserts="0">
                  <properties />
                </test-case>
                <test-case id="2620" name="IListSetItemInvalid" fullname="Newtonsoft.Json.Tests.Linq.JObjectTests.IListSetItemInvalid" methodname="IListSetItemInvalid" classname="Newtonsoft.Json.Tests.Linq.JObjectTests" runstate="Runnable" seed="160591086" result="Passed" start-time="2019-11-12 05:39:16Z" end-time="2019-11-12 05:39:16Z" duration="0.000619" asserts="0">
                  <properties />
                </test-case>
                <test-case id="2621" name="IListSyncRoot" fullname="Newtonsoft.Json.Tests.Linq.JObjectTests.IListSyncRoot" methodname="IListSyncRoot" classname="Newtonsoft.Json.Tests.Linq.JObjectTests" runstate="Runnable" seed="1318347231" result="Passed" start-time="2019-11-12 05:39:16Z" end-time="2019-11-12 05:39:16Z" duration="0.000785" asserts="0">
                  <properties />
                </test-case>
                <test-case id="2601" name="ImplicitValueConversions" fullname="Newtonsoft.Json.Tests.Linq.JObjectTests.ImplicitValueConversions" methodname="ImplicitValueConversions" classname="Newtonsoft.Json.Tests.Linq.JObjectTests" runstate="Runnable" seed="164433287" result="Passed" start-time="2019-11-12 05:39:16Z" end-time="2019-11-12 05:39:16Z" duration="0.000998" asserts="0">
                  <properties />
                </test-case>
                <test-case id="2666" name="InvalidPropertyValueCastExceptionMessage" fullname="Newtonsoft.Json.Tests.Linq.JObjectTests.InvalidPropertyValueCastExceptionMessage" methodname="InvalidPropertyValueCastExceptionMessage" classname="Newtonsoft.Json.Tests.Linq.JObjectTests" runstate="Runnable" seed="1859865074" result="Passed" start-time="2019-11-12 05:39:16Z" end-time="2019-11-12 05:39:16Z" duration="0.002207" asserts="0">
                  <properties />
                </test-case>
                <test-case id="2665" name="InvalidValueCastExceptionMessage" fullname="Newtonsoft.Json.Tests.Linq.JObjectTests.InvalidValueCastExceptionMessage" methodname="InvalidValueCastExceptionMessage" classname="Newtonsoft.Json.Tests.Linq.JObjectTests" runstate="Runnable" seed="1230562507" result="Passed" start-time="2019-11-12 05:39:16Z" end-time="2019-11-12 05:39:16Z" duration="0.001258" asserts="0">
                  <properties />
                </test-case>
                <test-case id="2595" name="Iterate" fullname="Newtonsoft.Json.Tests.Linq.JObjectTests.Iterate" methodname="Iterate" classname="Newtonsoft.Json.Tests.Linq.JObjectTests" runstate="Runnable" seed="700652821" result="Passed" start-time="2019-11-12 05:39:16Z" end-time="2019-11-12 05:39:16Z" duration="0.000982" asserts="0">
                  <properties />
                </test-case>
                <test-case id="2654" name="ITypedListGetItemProperties" fullname="Newtonsoft.Json.Tests.Linq.JObjectTests.ITypedListGetItemProperties" methodname="ITypedListGetItemProperties" classname="Newtonsoft.Json.Tests.Linq.JObjectTests" runstate="Runnable" seed="1562940525" result="Passed" start-time="2019-11-12 05:39:16Z" end-time="2019-11-12 05:39:16Z" duration="0.000656" asserts="0">
                  <properties />
                </test-case>
                <test-case id="2653" name="ITypedListGetListName" fullname="Newtonsoft.Json.Tests.Linq.JObjectTests.ITypedListGetListName" methodname="ITypedListGetListName" classname="Newtonsoft.Json.Tests.Linq.JObjectTests" runstate="Runnable" seed="1072664672" result="Passed" start-time="2019-11-12 05:39:16Z" end-time="2019-11-12 05:39:16Z" duration="0.000668" asserts="0">
                  <properties />
                </test-case>
                <test-case id="2600" name="JObjectContainingHtml" fullname="Newtonsoft.Json.Tests.Linq.JObjectTests.JObjectContainingHtml" methodname="JObjectContainingHtml" classname="Newtonsoft.Json.Tests.Linq.JObjectTests" runstate="Runnable" seed="1704054293" result="Passed" start-time="2019-11-12 05:39:16Z" end-time="2019-11-12 05:39:16Z" duration="0.000743" asserts="0">
                  <properties />
                </test-case>
                <test-case id="2568" name="JObjectWithComments" fullname="Newtonsoft.Json.Tests.Linq.JObjectTests.JObjectWithComments" methodname="JObjectWithComments" classname="Newtonsoft.Json.Tests.Linq.JObjectTests" runstate="Runnable" seed="1493067077" result="Passed" start-time="2019-11-12 05:39:16Z" end-time="2019-11-12 05:39:16Z" duration="0.000546" asserts="0">
                  <properties />
                </test-case>
                <test-case id="2588" name="JTokenReader" fullname="Newtonsoft.Json.Tests.Linq.JObjectTests.JTokenReader" methodname="JTokenReader" classname="Newtonsoft.Json.Tests.Linq.JObjectTests" runstate="Runnable" seed="1120776925" result="Passed" start-time="2019-11-12 05:39:16Z" end-time="2019-11-12 05:39:16Z" duration="0.001087" asserts="0">
                  <properties />
                </test-case>
                <test-case id="2570" name="Keys" fullname="Newtonsoft.Json.Tests.Linq.JObjectTests.Keys" methodname="Keys" classname="Newtonsoft.Json.Tests.Linq.JObjectTests" runstate="Runnable" seed="1530411402" result="Passed" start-time="2019-11-12 05:39:16Z" end-time="2019-11-12 05:39:16Z" duration="0.001184" asserts="0">
                  <properties />
                </test-case>
                <test-case id="2596" name="KeyValuePairIterate" fullname="Newtonsoft.Json.Tests.Linq.JObjectTests.KeyValuePairIterate" methodname="KeyValuePairIterate" classname="Newtonsoft.Json.Tests.Linq.JObjectTests" runstate="Runnable" seed="224711647" result="Passed" start-time="2019-11-12 05:39:16Z" end-time="2019-11-12 05:39:16Z" duration="0.001212" asserts="0">
                  <properties />
                </test-case>
                <test-case id="2655" name="ListChanged" fullname="Newtonsoft.Json.Tests.Linq.JObjectTests.ListChanged" methodname="ListChanged" classname="Newtonsoft.Json.Tests.Linq.JObjectTests" runstate="Runnable" seed="732654907" result="Passed" start-time="2019-11-12 05:39:16Z" end-time="2019-11-12 05:39:16Z" duration="0.002100" asserts="0">
                  <properties />
                </test-case>
                <test-case id="2668" name="LoadFromNestedObject" fullname="Newtonsoft.Json.Tests.Linq.JObjectTests.LoadFromNestedObject" methodname="LoadFromNestedObject" classname="Newtonsoft.Json.Tests.Linq.JObjectTests" runstate="Runnable" seed="49656583" result="Passed" start-time="2019-11-12 05:39:16Z" end-time="2019-11-12 05:39:16Z" duration="0.000755" asserts="0">
                  <properties />
                </test-case>
                <test-case id="2669" name="LoadFromNestedObjectIncomplete" fullname="Newtonsoft.Json.Tests.Linq.JObjectTests.LoadFromNestedObjectIncomplete" methodname="LoadFromNestedObjectIncomplete" classname="Newtonsoft.Json.Tests.Linq.JObjectTests" runstate="Runnable" seed="336103497" result="Passed" start-time="2019-11-12 05:39:16Z" end-time="2019-11-12 05:39:16Z" duration="0.000820" asserts="0">
                  <properties />
                </test-case>
                <test-case id="2684" name="Parse_ExcessiveContent" fullname="Newtonsoft.Json.Tests.Linq.JObjectTests.Parse_ExcessiveContent" methodname="Parse_ExcessiveContent" classname="Newtonsoft.Json.Tests.Linq.JObjectTests" runstate="Runnable" seed="1969605345" result="Passed" start-time="2019-11-12 05:39:16Z" end-time="2019-11-12 05:39:16Z" duration="0.000821" asserts="0">
                  <properties />
                </test-case>
                <test-case id="2683" name="Parse_ExcessiveContentJustComments" fullname="Newtonsoft.Json.Tests.Linq.JObjectTests.Parse_ExcessiveContentJustComments" methodname="Parse_ExcessiveContentJustComments" classname="Newtonsoft.Json.Tests.Linq.JObjectTests" runstate="Runnable" seed="666942226" result="Passed" start-time="2019-11-12 05:39:16Z" end-time="2019-11-12 05:39:16Z" duration="0.000756" asserts="0">
                  <properties />
                </test-case>
                <test-case id="2682" name="Parse_NoComments" fullname="Newtonsoft.Json.Tests.Linq.JObjectTests.Parse_NoComments" methodname="Parse_NoComments" classname="Newtonsoft.Json.Tests.Linq.JObjectTests" runstate="Runnable" seed="1154998345" result="Passed" start-time="2019-11-12 05:39:16Z" end-time="2019-11-12 05:39:16Z" duration="0.000755" asserts="0">
                  <properties />
                </test-case>
                <test-case id="2590" name="Parse_ShouldThrowOnUnexpectedToken" fullname="Newtonsoft.Json.Tests.Linq.JObjectTests.Parse_ShouldThrowOnUnexpectedToken" methodname="Parse_ShouldThrowOnUnexpectedToken" classname="Newtonsoft.Json.Tests.Linq.JObjectTests" runstate="Runnable" seed="245270588" result="Passed" start-time="2019-11-12 05:39:16Z" end-time="2019-11-12 05:39:16Z" duration="0.000671" asserts="0">
                  <properties />
                </test-case>
                <test-case id="2675" name="ParseAdditionalContent" fullname="Newtonsoft.Json.Tests.Linq.JObjectTests.ParseAdditionalContent" methodname="ParseAdditionalContent" classname="Newtonsoft.Json.Tests.Linq.JObjectTests" runstate="Runnable" seed="1931384669" result="Passed" start-time="2019-11-12 05:39:16Z" end-time="2019-11-12 05:39:16Z" duration="0.001643" asserts="0">
                  <properties />
                </test-case>
                <test-case id="2671" name="ParseEmptyObjectWithComment" fullname="Newtonsoft.Json.Tests.Linq.JObjectTests.ParseEmptyObjectWithComment" methodname="ParseEmptyObjectWithComment" classname="Newtonsoft.Json.Tests.Linq.JObjectTests" runstate="Runnable" seed="1616381067" result="Passed" start-time="2019-11-12 05:39:16Z" end-time="2019-11-12 05:39:16Z" duration="0.000729" asserts="0">
                  <properties />
                </test-case>
                <test-case id="2667" name="ParseIncomplete" fullname="Newtonsoft.Json.Tests.Linq.JObjectTests.ParseIncomplete" methodname="ParseIncomplete" classname="Newtonsoft.Json.Tests.Linq.JObjectTests" runstate="Runnable" seed="767719795" result="Passed" start-time="2019-11-12 05:39:16Z" end-time="2019-11-12 05:39:16Z" duration="0.000910" asserts="0">
                  <properties />
                </test-case>
                <test-case id="2591" name="ParseJavaScriptDate" fullname="Newtonsoft.Json.Tests.Linq.JObjectTests.ParseJavaScriptDate" methodname="ParseJavaScriptDate" classname="Newtonsoft.Json.Tests.Linq.JObjectTests" runstate="Runnable" seed="1400971904" result="Passed" start-time="2019-11-12 05:39:16Z" end-time="2019-11-12 05:39:16Z" duration="0.001117" asserts="0">
                  <properties />
                </test-case>
                <test-case id="2660" name="ParseMultipleProperties" fullname="Newtonsoft.Json.Tests.Linq.JObjectTests.ParseMultipleProperties" methodname="ParseMultipleProperties" classname="Newtonsoft.Json.Tests.Linq.JObjectTests" runstate="Runnable" seed="1518785936" result="Passed" start-time="2019-11-12 05:39:16Z" end-time="2019-11-12 05:39:16Z" duration="0.000749" asserts="0">
                  <properties />
                </test-case>
                <test-case id="2661" name="ParseMultipleProperties_EmptySettings" fullname="Newtonsoft.Json.Tests.Linq.JObjectTests.ParseMultipleProperties_EmptySettings" methodname="ParseMultipleProperties_EmptySettings" classname="Newtonsoft.Json.Tests.Linq.JObjectTests" runstate="Runnable" seed="1008806779" result="Passed" start-time="2019-11-12 05:39:16Z" end-time="2019-11-12 05:39:16Z" duration="0.000523" asserts="0">
                  <properties />
                </test-case>
                <test-case id="2662" name="ParseMultipleProperties_IgnoreDuplicateSetting" fullname="Newtonsoft.Json.Tests.Linq.JObjectTests.ParseMultipleProperties_IgnoreDuplicateSetting" methodname="ParseMultipleProperties_IgnoreDuplicateSetting" classname="Newtonsoft.Json.Tests.Linq.JObjectTests" runstate="Runnable" seed="151805969" result="Passed" start-time="2019-11-12 05:39:16Z" end-time="2019-11-12 05:39:16Z" duration="0.000519" asserts="0">
                  <properties />
                </test-case>
                <test-case id="2663" name="ParseMultipleProperties_ReplaceDuplicateSetting" fullname="Newtonsoft.Json.Tests.Linq.JObjectTests.ParseMultipleProperties_ReplaceDuplicateSetting" methodname="ParseMultipleProperties_ReplaceDuplicateSetting" classname="Newtonsoft.Json.Tests.Linq.JObjectTests" runstate="Runnable" seed="900218202" result="Passed" start-time="2019-11-12 05:39:16Z" end-time="2019-11-12 05:39:16Z" duration="0.000654" asserts="0">
                  <properties />
                </test-case>
                <test-case id="2686" name="Property" fullname="Newtonsoft.Json.Tests.Linq.JObjectTests.Property" methodname="Property" classname="Newtonsoft.Json.Tests.Linq.JObjectTests" runstate="Runnable" seed="1562766941" result="Passed" start-time="2019-11-12 05:39:16Z" end-time="2019-11-12 05:39:16Z" duration="0.001246" asserts="0">
                  <properties />
                </test-case>
                <test-case id="2604" name="PropertyChanged" fullname="Newtonsoft.Json.Tests.Linq.JObjectTests.PropertyChanged" methodname="PropertyChanged" classname="Newtonsoft.Json.Tests.Linq.JObjectTests" runstate="Runnable" seed="503660045" result="Passed" start-time="2019-11-12 05:39:16Z" end-time="2019-11-12 05:39:16Z" duration="0.001666" asserts="0">
                  <properties />
                </test-case>
                <test-case id="2603" name="PropertyChanging" fullname="Newtonsoft.Json.Tests.Linq.JObjectTests.PropertyChanging" methodname="PropertyChanging" classname="Newtonsoft.Json.Tests.Linq.JObjectTests" runstate="Runnable" seed="1054769827" result="Passed" start-time="2019-11-12 05:39:16Z" end-time="2019-11-12 05:39:16Z" duration="0.002140" asserts="0">
                  <properties />
                </test-case>
                <test-case id="2594" name="RawChildValues" fullname="Newtonsoft.Json.Tests.Linq.JObjectTests.RawChildValues" methodname="RawChildValues" classname="Newtonsoft.Json.Tests.Linq.JObjectTests" runstate="Runnable" seed="2022289195" result="Passed" start-time="2019-11-12 05:39:16Z" end-time="2019-11-12 05:39:16Z" duration="0.000678" asserts="0">
                  <properties />
                </test-case>
                <test-case id="2567" name="ReadWithSupportMultipleContent" fullname="Newtonsoft.Json.Tests.Linq.JObjectTests.ReadWithSupportMultipleContent" methodname="ReadWithSupportMultipleContent" classname="Newtonsoft.Json.Tests.Linq.JObjectTests" runstate="Runnable" seed="2029072476" result="Passed" start-time="2019-11-12 05:39:16Z" end-time="2019-11-12 05:39:16Z" duration="0.001315" asserts="0">
                  <properties />
                </test-case>
                <test-case id="2573" name="Remove" fullname="Newtonsoft.Json.Tests.Linq.JObjectTests.Remove" methodname="Remove" classname="Newtonsoft.Json.Tests.Linq.JObjectTests" runstate="Runnable" seed="34341332" result="Passed" start-time="2019-11-12 05:39:16Z" end-time="2019-11-12 05:39:16Z" duration="0.000826" asserts="0">
                  <properties />
                </test-case>
                <test-case id="2602" name="ReplaceJPropertyWithJPropertyWithSameName" fullname="Newtonsoft.Json.Tests.Linq.JObjectTests.ReplaceJPropertyWithJPropertyWithSameName" methodname="ReplaceJPropertyWithJPropertyWithSameName" classname="Newtonsoft.Json.Tests.Linq.JObjectTests" runstate="Runnable" seed="953020000" result="Passed" start-time="2019-11-12 05:39:16Z" end-time="2019-11-12 05:39:16Z" duration="0.000906" asserts="0">
                  <properties />
                </test-case>
                <test-case id="2659" name="SetValue" fullname="Newtonsoft.Json.Tests.Linq.JObjectTests.SetValue" methodname="SetValue" classname="Newtonsoft.Json.Tests.Linq.JObjectTests" runstate="Runnable" seed="530560957" result="Passed" start-time="2019-11-12 05:39:16Z" end-time="2019-11-12 05:39:16Z" duration="0.001229" asserts="0">
                  <properties />
                </test-case>
                <test-case id="2658" name="SetValueWithInvalidPropertyName" fullname="Newtonsoft.Json.Tests.Linq.JObjectTests.SetValueWithInvalidPropertyName" methodname="SetValueWithInvalidPropertyName" classname="Newtonsoft.Json.Tests.Linq.JObjectTests" runstate="Runnable" seed="1047824424" result="Passed" start-time="2019-11-12 05:39:16Z" end-time="2019-11-12 05:39:16Z" duration="0.001749" asserts="0">
                  <properties />
                </test-case>
                <test-case id="2677" name="ToListOnEmptyObject" fullname="Newtonsoft.Json.Tests.Linq.JObjectTests.ToListOnEmptyObject" methodname="ToListOnEmptyObject" classname="Newtonsoft.Json.Tests.Linq.JObjectTests" runstate="Runnable" seed="666908915" result="Passed" start-time="2019-11-12 05:39:16Z" end-time="2019-11-12 05:39:16Z" duration="0.001667" asserts="0">
                  <properties />
                </test-case>
                <test-case id="2571" name="TryGetValue" fullname="Newtonsoft.Json.Tests.Linq.JObjectTests.TryGetValue" methodname="TryGetValue" classname="Newtonsoft.Json.Tests.Linq.JObjectTests" runstate="Runnable" seed="2059245769" result="Passed" start-time="2019-11-12 05:39:16Z" end-time="2019-11-12 05:39:16Z" duration="0.000828" asserts="0">
                  <properties />
                </test-case>
                <test-case id="2664" name="WriteObjectNullDBNullValue" fullname="Newtonsoft.Json.Tests.Linq.JObjectTests.WriteObjectNullDBNullValue" methodname="WriteObjectNullDBNullValue" classname="Newtonsoft.Json.Tests.Linq.JObjectTests" runstate="Runnable" seed="1452107168" result="Passed" start-time="2019-11-12 05:39:16Z" end-time="2019-11-12 05:39:16Z" duration="0.000674" asserts="0">
                  <properties />
                </test-case>
                <test-case id="2597" name="WriteObjectNullStringValue" fullname="Newtonsoft.Json.Tests.Linq.JObjectTests.WriteObjectNullStringValue" methodname="WriteObjectNullStringValue" classname="Newtonsoft.Json.Tests.Linq.JObjectTests" runstate="Runnable" seed="690754212" result="Passed" start-time="2019-11-12 05:39:16Z" end-time="2019-11-12 05:39:16Z" duration="0.000614" asserts="0">
                  <properties />
                </test-case>
                <test-case id="2569" name="WritePropertyWithNoValue" fullname="Newtonsoft.Json.Tests.Linq.JObjectTests.WritePropertyWithNoValue" methodname="WritePropertyWithNoValue" classname="Newtonsoft.Json.Tests.Linq.JObjectTests" runstate="Runnable" seed="1339113600" result="Passed" start-time="2019-11-12 05:39:16Z" end-time="2019-11-12 05:39:16Z" duration="0.000474" asserts="0">
                  <properties />
                </test-case>
              </test-suite>
              <test-suite type="TestFixture" id="2687" name="JPropertyTests" fullname="Newtonsoft.Json.Tests.Linq.JPropertyTests" classname="Newtonsoft.Json.Tests.Linq.JPropertyTests" runstate="Runnable" testcasecount="15" result="Passed" start-time="2019-11-12 05:39:16Z" end-time="2019-11-12 05:39:16Z" duration="0.043077" total="15" passed="15" failed="0" inconclusive="0" skipped="0" asserts="0">
                <properties />
                <test-case id="2692" name="IListAdd" fullname="Newtonsoft.Json.Tests.Linq.JPropertyTests.IListAdd" methodname="IListAdd" classname="Newtonsoft.Json.Tests.Linq.JPropertyTests" runstate="Runnable" seed="396485028" result="Passed" start-time="2019-11-12 05:39:16Z" end-time="2019-11-12 05:39:16Z" duration="0.001250" asserts="0">
                  <properties />
                </test-case>
                <test-case id="2691" name="IListClear" fullname="Newtonsoft.Json.Tests.Linq.JPropertyTests.IListClear" methodname="IListClear" classname="Newtonsoft.Json.Tests.Linq.JPropertyTests" runstate="Runnable" seed="855951908" result="Passed" start-time="2019-11-12 05:39:16Z" end-time="2019-11-12 05:39:16Z" duration="0.000958" asserts="0">
                  <properties />
                </test-case>
                <test-case id="2690" name="IListCount" fullname="Newtonsoft.Json.Tests.Linq.JPropertyTests.IListCount" methodname="IListCount" classname="Newtonsoft.Json.Tests.Linq.JPropertyTests" runstate="Runnable" seed="190292122" result="Passed" start-time="2019-11-12 05:39:16Z" end-time="2019-11-12 05:39:16Z" duration="0.000541" asserts="0">
                  <properties />
                </test-case>
                <test-case id="2701" name="IListGenericAdd" fullname="Newtonsoft.Json.Tests.Linq.JPropertyTests.IListGenericAdd" methodname="IListGenericAdd" classname="Newtonsoft.Json.Tests.Linq.JPropertyTests" runstate="Runnable" seed="1678384841" result="Passed" start-time="2019-11-12 05:39:16Z" end-time="2019-11-12 05:39:16Z" duration="0.000768" asserts="0">
                  <properties />
                </test-case>
                <test-case id="2693" name="IListRemove" fullname="Newtonsoft.Json.Tests.Linq.JPropertyTests.IListRemove" methodname="IListRemove" classname="Newtonsoft.Json.Tests.Linq.JPropertyTests" runstate="Runnable" seed="1315754170" result="Passed" start-time="2019-11-12 05:39:16Z" end-time="2019-11-12 05:39:16Z" duration="0.000837" asserts="0">
                  <properties />
                </test-case>
                <test-case id="2694" name="IListRemoveAt" fullname="Newtonsoft.Json.Tests.Linq.JPropertyTests.IListRemoveAt" methodname="IListRemoveAt" classname="Newtonsoft.Json.Tests.Linq.JPropertyTests" runstate="Runnable" seed="188498223" result="Passed" start-time="2019-11-12 05:39:16Z" end-time="2019-11-12 05:39:16Z" duration="0.000721" asserts="0">
                  <properties />
                </test-case>
                <test-case id="2698" name="JPropertyContains" fullname="Newtonsoft.Json.Tests.Linq.JPropertyTests.JPropertyContains" methodname="JPropertyContains" classname="Newtonsoft.Json.Tests.Linq.JPropertyTests" runstate="Runnable" seed="719681470" result="Passed" start-time="2019-11-12 05:39:16Z" end-time="2019-11-12 05:39:16Z" duration="0.000806" asserts="0">
                  <properties />
                </test-case>
                <test-case id="2696" name="JPropertyDeepEquals" fullname="Newtonsoft.Json.Tests.Linq.JPropertyTests.JPropertyDeepEquals" methodname="JPropertyDeepEquals" classname="Newtonsoft.Json.Tests.Linq.JPropertyTests" runstate="Runnable" seed="256899116" result="Passed" start-time="2019-11-12 05:39:16Z" end-time="2019-11-12 05:39:16Z" duration="0.000661" asserts="0">
                  <properties />
                </test-case>
                <test-case id="2697" name="JPropertyIndexOf" fullname="Newtonsoft.Json.Tests.Linq.JPropertyTests.JPropertyIndexOf" methodname="JPropertyIndexOf" classname="Newtonsoft.Json.Tests.Linq.JPropertyTests" runstate="Runnable" seed="1872791430" result="Passed" start-time="2019-11-12 05:39:16Z" end-time="2019-11-12 05:39:16Z" duration="0.000734" asserts="0">
                  <properties />
                </test-case>
                <test-case id="2695" name="JPropertyLinq" fullname="Newtonsoft.Json.Tests.Linq.JPropertyTests.JPropertyLinq" methodname="JPropertyLinq" classname="Newtonsoft.Json.Tests.Linq.JPropertyTests" runstate="Runnable" seed="244245507" result="Passed" start-time="2019-11-12 05:39:16Z" end-time="2019-11-12 05:39:16Z" duration="0.000694" asserts="0">
                  <properties />
                </test-case>
                <test-case id="2689" name="ListChanged" fullname="Newtonsoft.Json.Tests.Linq.JPropertyTests.ListChanged" methodname="ListChanged" classname="Newtonsoft.Json.Tests.Linq.JPropertyTests" runstate="Runnable" seed="945887111" result="Passed" start-time="2019-11-12 05:39:16Z" end-time="2019-11-12 05:39:16Z" duration="0.001057" asserts="0">
                  <properties />
                </test-case>
                <test-case id="2699" name="Load" fullname="Newtonsoft.Json.Tests.Linq.JPropertyTests.Load" methodname="Load" classname="Newtonsoft.Json.Tests.Linq.JPropertyTests" runstate="Runnable" seed="973644086" result="Passed" start-time="2019-11-12 05:39:16Z" end-time="2019-11-12 05:39:16Z" duration="0.001067" asserts="0">
                  <properties />
                </test-case>
                <test-case id="2700" name="MultiContentConstructor" fullname="Newtonsoft.Json.Tests.Linq.JPropertyTests.MultiContentConstructor" methodname="MultiContentConstructor" classname="Newtonsoft.Json.Tests.Linq.JPropertyTests" runstate="Runnable" seed="550482759" result="Passed" start-time="2019-11-12 05:39:16Z" end-time="2019-11-12 05:39:16Z" duration="0.000620" asserts="0">
                  <properties />
                </test-case>
                <test-case id="2702" name="NullParent" fullname="Newtonsoft.Json.Tests.Linq.JPropertyTests.NullParent" methodname="NullParent" classname="Newtonsoft.Json.Tests.Linq.JPropertyTests" runstate="Runnable" seed="996732140" result="Passed" start-time="2019-11-12 05:39:16Z" end-time="2019-11-12 05:39:16Z" duration="0.004659" asserts="0">
                  <properties />
                </test-case>
                <test-case id="2688" name="NullValue" fullname="Newtonsoft.Json.Tests.Linq.JPropertyTests.NullValue" methodname="NullValue" classname="Newtonsoft.Json.Tests.Linq.JPropertyTests" runstate="Runnable" seed="396623209" result="Passed" start-time="2019-11-12 05:39:16Z" end-time="2019-11-12 05:39:16Z" duration="0.000628" asserts="0">
                  <properties />
                </test-case>
              </test-suite>
              <test-suite type="TestFixture" id="2703" name="JRawTests" fullname="Newtonsoft.Json.Tests.Linq.JRawTests" classname="Newtonsoft.Json.Tests.Linq.JRawTests" runstate="Runnable" testcasecount="3" result="Passed" start-time="2019-11-12 05:39:16Z" end-time="2019-11-12 05:39:16Z" duration="0.010492" total="3" passed="3" failed="0" inconclusive="0" skipped="0" asserts="0">
                <properties />
                <test-case id="2705" name="RawClone" fullname="Newtonsoft.Json.Tests.Linq.JRawTests.RawClone" methodname="RawClone" classname="Newtonsoft.Json.Tests.Linq.JRawTests" runstate="Runnable" seed="318199817" result="Passed" start-time="2019-11-12 05:39:16Z" end-time="2019-11-12 05:39:16Z" duration="0.000835" asserts="0">
                  <properties />
                </test-case>
                <test-case id="2704" name="RawEquals" fullname="Newtonsoft.Json.Tests.Linq.JRawTests.RawEquals" methodname="RawEquals" classname="Newtonsoft.Json.Tests.Linq.JRawTests" runstate="Runnable" seed="668770716" result="Passed" start-time="2019-11-12 05:39:16Z" end-time="2019-11-12 05:39:16Z" duration="0.000625" asserts="0">
                  <properties />
                </test-case>
                <test-case id="2706" name="RawToObject" fullname="Newtonsoft.Json.Tests.Linq.JRawTests.RawToObject" methodname="RawToObject" classname="Newtonsoft.Json.Tests.Linq.JRawTests" runstate="Runnable" seed="1048964783" result="Passed" start-time="2019-11-12 05:39:16Z" end-time="2019-11-12 05:39:16Z" duration="0.000466" asserts="0">
                  <properties />
                </test-case>
              </test-suite>
              <test-suite type="TestSuite" id="4114" name="JsonPath" fullname="Newtonsoft.Json.Tests.Linq.JsonPath" runstate="Runnable" testcasecount="177" result="Passed" start-time="2019-11-12 05:39:16Z" end-time="2019-11-12 05:39:17Z" duration="1.154800" total="177" passed="177" failed="0" inconclusive="0" skipped="0" asserts="0">
                <properties />
                <test-suite type="TestFixture" id="2984" name="JPathExecuteTests" fullname="Newtonsoft.Json.Tests.Linq.JsonPath.JPathExecuteTests" classname="Newtonsoft.Json.Tests.Linq.JsonPath.JPathExecuteTests" runstate="Runnable" testcasecount="90" result="Passed" start-time="2019-11-12 05:39:16Z" end-time="2019-11-12 05:39:16Z" duration="0.409787" total="90" passed="90" failed="0" inconclusive="0" skipped="0" asserts="0">
                  <properties />
                  <test-case id="3056" name="Equals_FloatWithInt" fullname="Newtonsoft.Json.Tests.Linq.JsonPath.JPathExecuteTests.Equals_FloatWithInt" methodname="Equals_FloatWithInt" classname="Newtonsoft.Json.Tests.Linq.JsonPath.JPathExecuteTests" runstate="Runnable" seed="2043149631" result="Passed" start-time="2019-11-12 05:39:16Z" end-time="2019-11-12 05:39:16Z" duration="0.000864" asserts="0">
                    <properties />
                  </test-case>
                  <test-case id="3035" name="EqualsQuery" fullname="Newtonsoft.Json.Tests.Linq.JsonPath.JPathExecuteTests.EqualsQuery" methodname="EqualsQuery" classname="Newtonsoft.Json.Tests.Linq.JsonPath.JPathExecuteTests" runstate="Runnable" seed="1470779556" result="Passed" start-time="2019-11-12 05:39:16Z" end-time="2019-11-12 05:39:16Z" duration="0.000913" asserts="0">
                    <properties />
                  </test-case>
                  <test-suite type="ParameterizedMethod" id="3075" name="EqualsStrict" fullname="Newtonsoft.Json.Tests.Linq.JsonPath.JPathExecuteTests.EqualsStrict" classname="Newtonsoft.Json.Tests.Linq.JsonPath.JPathExecuteTests" runstate="Runnable" testcasecount="18" result="Passed" start-time="2019-11-12 05:39:16Z" end-time="2019-11-12 05:39:16Z" duration="0.061837" total="18" passed="18" failed="0" inconclusive="0" skipped="0" asserts="0">
                    <properties />
                    <test-case id="3057" name="EqualsStrict(&quot;1&quot;,&quot;1&quot;,True)" fullname="Newtonsoft.Json.Tests.Linq.JsonPath.JPathExecuteTests.EqualsStrict(&quot;1&quot;,&quot;1&quot;,True)" methodname="EqualsStrict" classname="Newtonsoft.Json.Tests.Linq.JsonPath.JPathExecuteTests" runstate="Runnable" seed="1647413079" result="Passed" start-time="2019-11-12 05:39:16Z" end-time="2019-11-12 05:39:16Z" duration="0.001704" asserts="0">
                      <properties />
                    </test-case>
                    <test-case id="3058" name="EqualsStrict(&quot;1&quot;,&quot;1.0&quot;,True)" fullname="Newtonsoft.Json.Tests.Linq.JsonPath.JPathExecuteTests.EqualsStrict(&quot;1&quot;,&quot;1.0&quot;,True)" methodname="EqualsStrict" classname="Newtonsoft.Json.Tests.Linq.JsonPath.JPathExecuteTests" runstate="Runnable" seed="334145937" result="Passed" start-time="2019-11-12 05:39:16Z" end-time="2019-11-12 05:39:16Z" duration="0.000497" asserts="0">
                      <properties />
                    </test-case>
                    <test-case id="3059" name="EqualsStrict(&quot;1.0&quot;,&quot;1&quot;,True)" fullname="Newtonsoft.Json.Tests.Linq.JsonPath.JPathExecuteTests.EqualsStrict(&quot;1.0&quot;,&quot;1&quot;,True)" methodname="EqualsStrict" classname="Newtonsoft.Json.Tests.Linq.JsonPath.JPathExecuteTests" runstate="Runnable" seed="1602053770" result="Passed" start-time="2019-11-12 05:39:16Z" end-time="2019-11-12 05:39:16Z" duration="0.000591" asserts="0">
                      <properties />
                    </test-case>
                    <test-case id="3060" name="EqualsStrict(&quot;1&quot;,&quot;true&quot;,False)" fullname="Newtonsoft.Json.Tests.Linq.JsonPath.JPathExecuteTests.EqualsStrict(&quot;1&quot;,&quot;true&quot;,False)" methodname="EqualsStrict" classname="Newtonsoft.Json.Tests.Linq.JsonPath.JPathExecuteTests" runstate="Runnable" seed="2059750439" result="Passed" start-time="2019-11-12 05:39:16Z" end-time="2019-11-12 05:39:16Z" duration="0.000601" asserts="0">
                      <properties />
                    </test-case>
                    <test-case id="3061" name="EqualsStrict(&quot;true&quot;,&quot;1&quot;,False)" fullname="Newtonsoft.Json.Tests.Linq.JsonPath.JPathExecuteTests.EqualsStrict(&quot;true&quot;,&quot;1&quot;,False)" methodname="EqualsStrict" classname="Newtonsoft.Json.Tests.Linq.JsonPath.JPathExecuteTests" runstate="Runnable" seed="130516457" result="Passed" start-time="2019-11-12 05:39:16Z" end-time="2019-11-12 05:39:16Z" duration="0.000763" asserts="0">
                      <properties />
                    </test-case>
                    <test-case id="3062" name="EqualsStrict(&quot;1&quot;,&quot;'1'&quot;,False)" fullname="Newtonsoft.Json.Tests.Linq.JsonPath.JPathExecuteTests.EqualsStrict(&quot;1&quot;,&quot;'1'&quot;,False)" methodname="EqualsStrict" classname="Newtonsoft.Json.Tests.Linq.JsonPath.JPathExecuteTests" runstate="Runnable" seed="1437554102" result="Passed" start-time="2019-11-12 05:39:16Z" end-time="2019-11-12 05:39:16Z" duration="0.000539" asserts="0">
                      <properties />
                    </test-case>
                    <test-case id="3063" name="EqualsStrict(&quot;'1'&quot;,&quot;1&quot;,False)" fullname="Newtonsoft.Json.Tests.Linq.JsonPath.JPathExecuteTests.EqualsStrict(&quot;'1'&quot;,&quot;1&quot;,False)" methodname="EqualsStrict" classname="Newtonsoft.Json.Tests.Linq.JsonPath.JPathExecuteTests" runstate="Runnable" seed="1453224910" result="Passed" start-time="2019-11-12 05:39:16Z" end-time="2019-11-12 05:39:16Z" duration="0.000515" asserts="0">
                      <properties />
                    </test-case>
                    <test-case id="3064" name="EqualsStrict(&quot;'1'&quot;,&quot;'1'&quot;,True)" fullname="Newtonsoft.Json.Tests.Linq.JsonPath.JPathExecuteTests.EqualsStrict(&quot;'1'&quot;,&quot;'1'&quot;,True)" methodname="EqualsStrict" classname="Newtonsoft.Json.Tests.Linq.JsonPath.JPathExecuteTests" runstate="Runnable" seed="473431656" result="Passed" start-time="2019-11-12 05:39:16Z" end-time="2019-11-12 05:39:16Z" duration="0.000535" asserts="0">
                      <properties />
                    </test-case>
                    <test-case id="3065" name="EqualsStrict(&quot;false&quot;,&quot;false&quot;,True)" fullname="Newtonsoft.Json.Tests.Linq.JsonPath.JPathExecuteTests.EqualsStrict(&quot;false&quot;,&quot;false&quot;,True)" methodname="EqualsStrict" classname="Newtonsoft.Json.Tests.Linq.JsonPath.JPathExecuteTests" runstate="Runnable" seed="1066978252" result="Passed" start-time="2019-11-12 05:39:16Z" end-time="2019-11-12 05:39:16Z" duration="0.000490" asserts="0">
                      <properties />
                    </test-case>
                    <test-case id="3066" name="EqualsStrict(&quot;true&quot;,&quot;false&quot;,False)" fullname="Newtonsoft.Json.Tests.Linq.JsonPath.JPathExecuteTests.EqualsStrict(&quot;true&quot;,&quot;false&quot;,False)" methodname="EqualsStrict" classname="Newtonsoft.Json.Tests.Linq.JsonPath.JPathExecuteTests" runstate="Runnable" seed="1641646664" result="Passed" start-time="2019-11-12 05:39:16Z" end-time="2019-11-12 05:39:16Z" duration="0.000699" asserts="0">
                      <properties />
                    </test-case>
                    <test-case id="3067" name="EqualsStrict(&quot;false&quot;,&quot;true&quot;,False)" fullname="Newtonsoft.Json.Tests.Linq.JsonPath.JPathExecuteTests.EqualsStrict(&quot;false&quot;,&quot;true&quot;,False)" methodname="EqualsStrict" classname="Newtonsoft.Json.Tests.Linq.JsonPath.JPathExecuteTests" runstate="Runnable" seed="516806962" result="Passed" start-time="2019-11-12 05:39:16Z" end-time="2019-11-12 05:39:16Z" duration="0.000470" asserts="0">
                      <properties />
                    </test-case>
                    <test-case id="3068" name="EqualsStrict(&quot;1&quot;,&quot;1.1&quot;,False)" fullname="Newtonsoft.Json.Tests.Linq.JsonPath.JPathExecuteTests.EqualsStrict(&quot;1&quot;,&quot;1.1&quot;,False)" methodname="EqualsStrict" classname="Newtonsoft.Json.Tests.Linq.JsonPath.JPathExecuteTests" runstate="Runnable" seed="516897520" result="Passed" start-time="2019-11-12 05:39:16Z" end-time="2019-11-12 05:39:16Z" duration="0.000603" asserts="0">
                      <properties />
                    </test-case>
                    <test-case id="3069" name="EqualsStrict(&quot;1.1&quot;,&quot;1&quot;,False)" fullname="Newtonsoft.Json.Tests.Linq.JsonPath.JPathExecuteTests.EqualsStrict(&quot;1.1&quot;,&quot;1&quot;,False)" methodname="EqualsStrict" classname="Newtonsoft.Json.Tests.Linq.JsonPath.JPathExecuteTests" runstate="Runnable" seed="382575970" result="Passed" start-time="2019-11-12 05:39:16Z" end-time="2019-11-12 05:39:16Z" duration="0.000654" asserts="0">
                      <properties />
                    </test-case>
                    <test-case id="3070" name="EqualsStrict(&quot;1&quot;,&quot;null&quot;,False)" fullname="Newtonsoft.Json.Tests.Linq.JsonPath.JPathExecuteTests.EqualsStrict(&quot;1&quot;,&quot;null&quot;,False)" methodname="EqualsStrict" classname="Newtonsoft.Json.Tests.Linq.JsonPath.JPathExecuteTests" runstate="Runnable" seed="1937300514" result="Passed" start-time="2019-11-12 05:39:16Z" end-time="2019-11-12 05:39:16Z" duration="0.000535" asserts="0">
                      <properties />
                    </test-case>
                    <test-case id="3071" name="EqualsStrict(&quot;null&quot;,&quot;1&quot;,False)" fullname="Newtonsoft.Json.Tests.Linq.JsonPath.JPathExecuteTests.EqualsStrict(&quot;null&quot;,&quot;1&quot;,False)" methodname="EqualsStrict" classname="Newtonsoft.Json.Tests.Linq.JsonPath.JPathExecuteTests" runstate="Runnable" seed="737748484" result="Passed" start-time="2019-11-12 05:39:16Z" end-time="2019-11-12 05:39:16Z" duration="0.000570" asserts="0">
                      <properties />
                    </test-case>
                    <test-case id="3072" name="EqualsStrict(&quot;null&quot;,&quot;null&quot;,True)" fullname="Newtonsoft.Json.Tests.Linq.JsonPath.JPathExecuteTests.EqualsStrict(&quot;null&quot;,&quot;null&quot;,True)" methodname="EqualsStrict" classname="Newtonsoft.Json.Tests.Linq.JsonPath.JPathExecuteTests" runstate="Runnable" seed="1681487537" result="Passed" start-time="2019-11-12 05:39:16Z" end-time="2019-11-12 05:39:16Z" duration="0.000529" asserts="0">
                      <properties />
                    </test-case>
                    <test-case id="3073" name="EqualsStrict(&quot;null&quot;,&quot;'null'&quot;,False)" fullname="Newtonsoft.Json.Tests.Linq.JsonPath.JPathExecuteTests.EqualsStrict(&quot;null&quot;,&quot;'null'&quot;,False)" methodname="EqualsStrict" classname="Newtonsoft.Json.Tests.Linq.JsonPath.JPathExecuteTests" runstate="Runnable" seed="1440627040" result="Passed" start-time="2019-11-12 05:39:16Z" end-time="2019-11-12 05:39:16Z" duration="0.000558" asserts="0">
                      <properties />
                    </test-case>
                    <test-case id="3074" name="EqualsStrict(&quot;'null'&quot;,&quot;null&quot;,False)" fullname="Newtonsoft.Json.Tests.Linq.JsonPath.JPathExecuteTests.EqualsStrict(&quot;'null'&quot;,&quot;null&quot;,False)" methodname="EqualsStrict" classname="Newtonsoft.Json.Tests.Linq.JsonPath.JPathExecuteTests" runstate="Runnable" seed="333600861" result="Passed" start-time="2019-11-12 05:39:16Z" end-time="2019-11-12 05:39:16Z" duration="0.000551" asserts="0">
                      <properties />
                    </test-case>
                  </test-suite>
                  <test-case id="3024" name="EvaluateArray" fullname="Newtonsoft.Json.Tests.Linq.JsonPath.JPathExecuteTests.EvaluateArray" methodname="EvaluateArray" classname="Newtonsoft.Json.Tests.Linq.JsonPath.JPathExecuteTests" runstate="Runnable" seed="376885242" result="Passed" start-time="2019-11-12 05:39:16Z" end-time="2019-11-12 05:39:16Z" duration="0.000847" asserts="0">
                    <properties />
                  </test-case>
                  <test-case id="3027" name="EvaluateArrayMultipleIndexes" fullname="Newtonsoft.Json.Tests.Linq.JsonPath.JPathExecuteTests.EvaluateArrayMultipleIndexes" methodname="EvaluateArrayMultipleIndexes" classname="Newtonsoft.Json.Tests.Linq.JsonPath.JPathExecuteTests" runstate="Runnable" seed="1709032285" result="Passed" start-time="2019-11-12 05:39:16Z" end-time="2019-11-12 05:39:16Z" duration="0.001980" asserts="0">
                    <properties />
                  </test-case>
                  <test-case id="3023" name="EvaluateArrayOutOfBoundsIndxerWithError" fullname="Newtonsoft.Json.Tests.Linq.JsonPath.JPathExecuteTests.EvaluateArrayOutOfBoundsIndxerWithError" methodname="EvaluateArrayOutOfBoundsIndxerWithError" classname="Newtonsoft.Json.Tests.Linq.JsonPath.JPathExecuteTests" runstate="Runnable" seed="82297406" result="Passed" start-time="2019-11-12 05:39:16Z" end-time="2019-11-12 05:39:16Z" duration="0.000783" asserts="0">
                    <properties />
                  </test-case>
                  <test-case id="3025" name="EvaluateArraySlice" fullname="Newtonsoft.Json.Tests.Linq.JsonPath.JPathExecuteTests.EvaluateArraySlice" methodname="EvaluateArraySlice" classname="Newtonsoft.Json.Tests.Linq.JsonPath.JPathExecuteTests" runstate="Runnable" seed="1542140423" result="Passed" start-time="2019-11-12 05:39:16Z" end-time="2019-11-12 05:39:16Z" duration="0.004033" asserts="0">
                    <properties />
                  </test-case>
                  <test-case id="3021" name="EvaluateArraySliceWithError" fullname="Newtonsoft.Json.Tests.Linq.JsonPath.JPathExecuteTests.EvaluateArraySliceWithError" methodname="EvaluateArraySliceWithError" classname="Newtonsoft.Json.Tests.Linq.JsonPath.JPathExecuteTests" runstate="Runnable" seed="2057232797" result="Passed" start-time="2019-11-12 05:39:16Z" end-time="2019-11-12 05:39:16Z" duration="0.001310" asserts="0">
                    <properties />
                  </test-case>
                  <test-case id="3016" name="EvaluateConstructorOutOfBoundsIndxer" fullname="Newtonsoft.Json.Tests.Linq.JsonPath.JPathExecuteTests.EvaluateConstructorOutOfBoundsIndxer" methodname="EvaluateConstructorOutOfBoundsIndxer" classname="Newtonsoft.Json.Tests.Linq.JsonPath.JPathExecuteTests" runstate="Runnable" seed="1478713839" result="Passed" start-time="2019-11-12 05:39:16Z" end-time="2019-11-12 05:39:16Z" duration="0.000673" asserts="0">
                    <properties />
                  </test-case>
                  <test-case id="3015" name="EvaluateConstructorOutOfBoundsIndxerWithError" fullname="Newtonsoft.Json.Tests.Linq.JsonPath.JPathExecuteTests.EvaluateConstructorOutOfBoundsIndxerWithError" methodname="EvaluateConstructorOutOfBoundsIndxerWithError" classname="Newtonsoft.Json.Tests.Linq.JsonPath.JPathExecuteTests" runstate="Runnable" seed="97961633" result="Passed" start-time="2019-11-12 05:39:16Z" end-time="2019-11-12 05:39:16Z" duration="0.001339" asserts="0">
                    <properties />
                  </test-case>
                  <test-case id="3001" name="EvaluateDollarString" fullname="Newtonsoft.Json.Tests.Linq.JsonPath.JPathExecuteTests.EvaluateDollarString" methodname="EvaluateDollarString" classname="Newtonsoft.Json.Tests.Linq.JsonPath.JPathExecuteTests" runstate="Runnable" seed="1458601796" result="Passed" start-time="2019-11-12 05:39:16Z" end-time="2019-11-12 05:39:16Z" duration="0.000478" asserts="0">
                    <properties />
                  </test-case>
                  <test-case id="3002" name="EvaluateDollarTypeString" fullname="Newtonsoft.Json.Tests.Linq.JsonPath.JPathExecuteTests.EvaluateDollarTypeString" methodname="EvaluateDollarTypeString" classname="Newtonsoft.Json.Tests.Linq.JsonPath.JPathExecuteTests" runstate="Runnable" seed="2114582924" result="Passed" start-time="2019-11-12 05:39:16Z" end-time="2019-11-12 05:39:16Z" duration="0.000679" asserts="0">
                    <properties />
                  </test-case>
                  <test-case id="2997" name="EvaluateEmptyPropertyIndexer" fullname="Newtonsoft.Json.Tests.Linq.JsonPath.JPathExecuteTests.EvaluateEmptyPropertyIndexer" methodname="EvaluateEmptyPropertyIndexer" classname="Newtonsoft.Json.Tests.Linq.JsonPath.JPathExecuteTests" runstate="Runnable" seed="166875785" result="Passed" start-time="2019-11-12 05:39:16Z" end-time="2019-11-12 05:39:16Z" duration="0.000774" asserts="0">
                    <properties />
                  </test-case>
                  <test-case id="2998" name="EvaluateEmptyString" fullname="Newtonsoft.Json.Tests.Linq.JsonPath.JPathExecuteTests.EvaluateEmptyString" methodname="EvaluateEmptyString" classname="Newtonsoft.Json.Tests.Linq.JsonPath.JPathExecuteTests" runstate="Runnable" seed="2025018703" result="Passed" start-time="2019-11-12 05:39:16Z" end-time="2019-11-12 05:39:16Z" duration="0.000579" asserts="0">
                    <properties />
                  </test-case>
                  <test-case id="2999" name="EvaluateEmptyStringWithMatchingEmptyProperty" fullname="Newtonsoft.Json.Tests.Linq.JsonPath.JPathExecuteTests.EvaluateEmptyStringWithMatchingEmptyProperty" methodname="EvaluateEmptyStringWithMatchingEmptyProperty" classname="Newtonsoft.Json.Tests.Linq.JsonPath.JPathExecuteTests" runstate="Runnable" seed="278860451" result="Passed" start-time="2019-11-12 05:39:16Z" end-time="2019-11-12 05:39:16Z" duration="0.000460" asserts="0">
                    <properties />
                  </test-case>
                  <test-case id="3007" name="EvaluateIndexerOnObject" fullname="Newtonsoft.Json.Tests.Linq.JsonPath.JPathExecuteTests.EvaluateIndexerOnObject" methodname="EvaluateIndexerOnObject" classname="Newtonsoft.Json.Tests.Linq.JsonPath.JPathExecuteTests" runstate="Runnable" seed="647004451" result="Passed" start-time="2019-11-12 05:39:16Z" end-time="2019-11-12 05:39:16Z" duration="0.000502" asserts="0">
                    <properties />
                  </test-case>
                  <test-case id="3008" name="EvaluateIndexerOnObjectWithError" fullname="Newtonsoft.Json.Tests.Linq.JsonPath.JPathExecuteTests.EvaluateIndexerOnObjectWithError" methodname="EvaluateIndexerOnObjectWithError" classname="Newtonsoft.Json.Tests.Linq.JsonPath.JPathExecuteTests" runstate="Runnable" seed="703667643" result="Passed" start-time="2019-11-12 05:39:16Z" end-time="2019-11-12 05:39:16Z" duration="0.000812" asserts="0">
                    <properties />
                  </test-case>
                  <test-case id="3033" name="EvaluateLastSingleCharacterProperty" fullname="Newtonsoft.Json.Tests.Linq.JsonPath.JPathExecuteTests.EvaluateLastSingleCharacterProperty" methodname="EvaluateLastSingleCharacterProperty" classname="Newtonsoft.Json.Tests.Linq.JsonPath.JPathExecuteTests" runstate="Runnable" seed="1162208836" result="Passed" start-time="2019-11-12 05:39:16Z" end-time="2019-11-12 05:39:16Z" duration="0.000634" asserts="0">
                    <properties />
                  </test-case>
                  <test-case id="3006" name="EvaluateMissingProperty" fullname="Newtonsoft.Json.Tests.Linq.JsonPath.JPathExecuteTests.EvaluateMissingProperty" methodname="EvaluateMissingProperty" classname="Newtonsoft.Json.Tests.Linq.JsonPath.JPathExecuteTests" runstate="Runnable" seed="2064522587" result="Passed" start-time="2019-11-12 05:39:16Z" end-time="2019-11-12 05:39:16Z" duration="0.000560" asserts="0">
                    <properties />
                  </test-case>
                  <test-case id="3019" name="EvaluateMissingPropertyIndexWithError" fullname="Newtonsoft.Json.Tests.Linq.JsonPath.JPathExecuteTests.EvaluateMissingPropertyIndexWithError" methodname="EvaluateMissingPropertyIndexWithError" classname="Newtonsoft.Json.Tests.Linq.JsonPath.JPathExecuteTests" runstate="Runnable" seed="99548661" result="Passed" start-time="2019-11-12 05:39:16Z" end-time="2019-11-12 05:39:16Z" duration="0.003083" asserts="0">
                    <properties />
                  </test-case>
                  <test-case id="3017" name="EvaluateMissingPropertyWithError" fullname="Newtonsoft.Json.Tests.Linq.JsonPath.JPathExecuteTests.EvaluateMissingPropertyWithError" methodname="EvaluateMissingPropertyWithError" classname="Newtonsoft.Json.Tests.Linq.JsonPath.JPathExecuteTests" runstate="Runnable" seed="1591182852" result="Passed" start-time="2019-11-12 05:39:16Z" end-time="2019-11-12 05:39:16Z" duration="0.000896" asserts="0">
                    <properties />
                  </test-case>
                  <test-case id="3012" name="EvaluateMultipleResultsError" fullname="Newtonsoft.Json.Tests.Linq.JsonPath.JPathExecuteTests.EvaluateMultipleResultsError" methodname="EvaluateMultipleResultsError" classname="Newtonsoft.Json.Tests.Linq.JsonPath.JPathExecuteTests" runstate="Runnable" seed="2008111142" result="Passed" start-time="2019-11-12 05:39:16Z" end-time="2019-11-12 05:39:16Z" duration="0.000896" asserts="0">
                    <properties />
                  </test-case>
                  <test-case id="3020" name="EvaluateMultiPropertyIndexOnArrayWithError" fullname="Newtonsoft.Json.Tests.Linq.JsonPath.JPathExecuteTests.EvaluateMultiPropertyIndexOnArrayWithError" methodname="EvaluateMultiPropertyIndexOnArrayWithError" classname="Newtonsoft.Json.Tests.Linq.JsonPath.JPathExecuteTests" runstate="Runnable" seed="712218212" result="Passed" start-time="2019-11-12 05:39:16Z" end-time="2019-11-12 05:39:16Z" duration="0.001522" asserts="0">
                    <properties />
                  </test-case>
                  <test-case id="3014" name="EvaluateNoResultsWithMultipleArrayIndexes" fullname="Newtonsoft.Json.Tests.Linq.JsonPath.JPathExecuteTests.EvaluateNoResultsWithMultipleArrayIndexes" methodname="EvaluateNoResultsWithMultipleArrayIndexes" classname="Newtonsoft.Json.Tests.Linq.JsonPath.JPathExecuteTests" runstate="Runnable" seed="957651337" result="Passed" start-time="2019-11-12 05:39:16Z" end-time="2019-11-12 05:39:16Z" duration="0.000771" asserts="0">
                    <properties />
                  </test-case>
                  <test-case id="3022" name="EvaluateOutOfBoundsIndxer" fullname="Newtonsoft.Json.Tests.Linq.JsonPath.JPathExecuteTests.EvaluateOutOfBoundsIndxer" methodname="EvaluateOutOfBoundsIndxer" classname="Newtonsoft.Json.Tests.Linq.JsonPath.JPathExecuteTests" runstate="Runnable" seed="1305413328" result="Passed" start-time="2019-11-12 05:39:16Z" end-time="2019-11-12 05:39:16Z" duration="0.000588" asserts="0">
                    <properties />
                  </test-case>
                  <test-case id="3011" name="EvaluatePropertyOnArray" fullname="Newtonsoft.Json.Tests.Linq.JsonPath.JPathExecuteTests.EvaluatePropertyOnArray" methodname="EvaluatePropertyOnArray" classname="Newtonsoft.Json.Tests.Linq.JsonPath.JPathExecuteTests" runstate="Runnable" seed="1809323161" result="Passed" start-time="2019-11-12 05:39:16Z" end-time="2019-11-12 05:39:16Z" duration="0.000552" asserts="0">
                    <properties />
                  </test-case>
                  <test-case id="3013" name="EvaluatePropertyOnArrayWithError" fullname="Newtonsoft.Json.Tests.Linq.JsonPath.JPathExecuteTests.EvaluatePropertyOnArrayWithError" methodname="EvaluatePropertyOnArrayWithError" classname="Newtonsoft.Json.Tests.Linq.JsonPath.JPathExecuteTests" runstate="Runnable" seed="248885681" result="Passed" start-time="2019-11-12 05:39:16Z" end-time="2019-11-12 05:39:16Z" duration="0.000969" asserts="0">
                    <properties />
                  </test-case>
                  <test-case id="3018" name="EvaluatePropertyWithoutError" fullname="Newtonsoft.Json.Tests.Linq.JsonPath.JPathExecuteTests.EvaluatePropertyWithoutError" methodname="EvaluatePropertyWithoutError" classname="Newtonsoft.Json.Tests.Linq.JsonPath.JPathExecuteTests" runstate="Runnable" seed="158664239" result="Passed" start-time="2019-11-12 05:39:16Z" end-time="2019-11-12 05:39:16Z" duration="0.000720" asserts="0">
                    <properties />
                  </test-case>
                  <test-case id="2996" name="EvaluatePropertyWithRequired" fullname="Newtonsoft.Json.Tests.Linq.JsonPath.JPathExecuteTests.EvaluatePropertyWithRequired" methodname="EvaluatePropertyWithRequired" classname="Newtonsoft.Json.Tests.Linq.JsonPath.JPathExecuteTests" runstate="Runnable" seed="415676048" result="Passed" start-time="2019-11-12 05:39:16Z" end-time="2019-11-12 05:39:16Z" duration="0.000824" asserts="0">
                    <properties />
                  </test-case>
                  <test-case id="3028" name="EvaluateScan" fullname="Newtonsoft.Json.Tests.Linq.JsonPath.JPathExecuteTests.EvaluateScan" methodname="EvaluateScan" classname="Newtonsoft.Json.Tests.Linq.JsonPath.JPathExecuteTests" runstate="Runnable" seed="1343160465" result="Passed" start-time="2019-11-12 05:39:16Z" end-time="2019-11-12 05:39:16Z" duration="0.001677" asserts="0">
                    <properties />
                  </test-case>
                  <test-case id="3030" name="EvaluateScanNestResults" fullname="Newtonsoft.Json.Tests.Linq.JsonPath.JPathExecuteTests.EvaluateScanNestResults" methodname="EvaluateScanNestResults" classname="Newtonsoft.Json.Tests.Linq.JsonPath.JPathExecuteTests" runstate="Runnable" seed="611302086" result="Passed" start-time="2019-11-12 05:39:16Z" end-time="2019-11-12 05:39:16Z" duration="0.001692" asserts="0">
                    <properties />
                  </test-case>
                  <test-case id="3003" name="EvaluateSingleProperty" fullname="Newtonsoft.Json.Tests.Linq.JsonPath.JPathExecuteTests.EvaluateSingleProperty" methodname="EvaluateSingleProperty" classname="Newtonsoft.Json.Tests.Linq.JsonPath.JPathExecuteTests" runstate="Runnable" seed="2001133469" result="Passed" start-time="2019-11-12 05:39:16Z" end-time="2019-11-12 05:39:16Z" duration="0.000710" asserts="0">
                    <properties />
                  </test-case>
                  <test-case id="3032" name="EvaluateSinglePropertyReturningArray" fullname="Newtonsoft.Json.Tests.Linq.JsonPath.JPathExecuteTests.EvaluateSinglePropertyReturningArray" methodname="EvaluateSinglePropertyReturningArray" classname="Newtonsoft.Json.Tests.Linq.JsonPath.JPathExecuteTests" runstate="Runnable" seed="135774390" result="Passed" start-time="2019-11-12 05:39:16Z" end-time="2019-11-12 05:39:16Z" duration="0.000834" asserts="0">
                    <properties />
                  </test-case>
                  <test-case id="3010" name="EvaluateSliceOnObjectWithError" fullname="Newtonsoft.Json.Tests.Linq.JsonPath.JPathExecuteTests.EvaluateSliceOnObjectWithError" methodname="EvaluateSliceOnObjectWithError" classname="Newtonsoft.Json.Tests.Linq.JsonPath.JPathExecuteTests" runstate="Runnable" seed="1679894528" result="Passed" start-time="2019-11-12 05:39:16Z" end-time="2019-11-12 05:39:16Z" duration="0.001414" asserts="0">
                    <properties />
                  </test-case>
                  <test-case id="3000" name="EvaluateWhitespaceString" fullname="Newtonsoft.Json.Tests.Linq.JsonPath.JPathExecuteTests.EvaluateWhitespaceString" methodname="EvaluateWhitespaceString" classname="Newtonsoft.Json.Tests.Linq.JsonPath.JPathExecuteTests" runstate="Runnable" seed="946708935" result="Passed" start-time="2019-11-12 05:39:16Z" end-time="2019-11-12 05:39:16Z" duration="0.000743" asserts="0">
                    <properties />
                  </test-case>
                  <test-case id="3026" name="EvaluateWildcardArray" fullname="Newtonsoft.Json.Tests.Linq.JsonPath.JPathExecuteTests.EvaluateWildcardArray" methodname="EvaluateWildcardArray" classname="Newtonsoft.Json.Tests.Linq.JsonPath.JPathExecuteTests" runstate="Runnable" seed="1483348504" result="Passed" start-time="2019-11-12 05:39:16Z" end-time="2019-11-12 05:39:16Z" duration="0.002054" asserts="0">
                    <properties />
                  </test-case>
                  <test-case id="3009" name="EvaluateWildcardIndexOnObjectWithError" fullname="Newtonsoft.Json.Tests.Linq.JsonPath.JPathExecuteTests.EvaluateWildcardIndexOnObjectWithError" methodname="EvaluateWildcardIndexOnObjectWithError" classname="Newtonsoft.Json.Tests.Linq.JsonPath.JPathExecuteTests" runstate="Runnable" seed="1396782783" result="Passed" start-time="2019-11-12 05:39:16Z" end-time="2019-11-12 05:39:16Z" duration="0.000760" asserts="0">
                    <properties />
                  </test-case>
                  <test-case id="3004" name="EvaluateWildcardProperty" fullname="Newtonsoft.Json.Tests.Linq.JsonPath.JPathExecuteTests.EvaluateWildcardProperty" methodname="EvaluateWildcardProperty" classname="Newtonsoft.Json.Tests.Linq.JsonPath.JPathExecuteTests" runstate="Runnable" seed="2021963091" result="Passed" start-time="2019-11-12 05:39:16Z" end-time="2019-11-12 05:39:16Z" duration="0.000846" asserts="0">
                    <properties />
                  </test-case>
                  <test-case id="3029" name="EvaluateWildcardScan" fullname="Newtonsoft.Json.Tests.Linq.JsonPath.JPathExecuteTests.EvaluateWildcardScan" methodname="EvaluateWildcardScan" classname="Newtonsoft.Json.Tests.Linq.JsonPath.JPathExecuteTests" runstate="Runnable" seed="1377685840" result="Passed" start-time="2019-11-12 05:39:16Z" end-time="2019-11-12 05:39:16Z" duration="0.001116" asserts="0">
                    <properties />
                  </test-case>
                  <test-case id="3031" name="EvaluateWildcardScanNestResults" fullname="Newtonsoft.Json.Tests.Linq.JsonPath.JPathExecuteTests.EvaluateWildcardScanNestResults" methodname="EvaluateWildcardScanNestResults" classname="Newtonsoft.Json.Tests.Linq.JsonPath.JPathExecuteTests" runstate="Runnable" seed="1370411130" result="Passed" start-time="2019-11-12 05:39:16Z" end-time="2019-11-12 05:39:16Z" duration="0.001132" asserts="0">
                    <properties />
                  </test-case>
                  <test-case id="3050" name="Example" fullname="Newtonsoft.Json.Tests.Linq.JsonPath.JPathExecuteTests.Example" methodname="Example" classname="Newtonsoft.Json.Tests.Linq.JsonPath.JPathExecuteTests" runstate="Runnable" seed="141593624" result="Passed" start-time="2019-11-12 05:39:16Z" end-time="2019-11-12 05:39:16Z" duration="0.028559" asserts="0">
                    <properties />
                  </test-case>
                  <test-case id="3047" name="Exists_Null" fullname="Newtonsoft.Json.Tests.Linq.JsonPath.JPathExecuteTests.Exists_Null" methodname="Exists_Null" classname="Newtonsoft.Json.Tests.Linq.JsonPath.JPathExecuteTests" runstate="Runnable" seed="2082303261" result="Passed" start-time="2019-11-12 05:39:16Z" end-time="2019-11-12 05:39:16Z" duration="0.001375" asserts="0">
                    <properties />
                  </test-case>
                  <test-case id="3046" name="Exists_True" fullname="Newtonsoft.Json.Tests.Linq.JsonPath.JPathExecuteTests.Exists_True" methodname="Exists_True" classname="Newtonsoft.Json.Tests.Linq.JsonPath.JPathExecuteTests" runstate="Runnable" seed="840199115" result="Passed" start-time="2019-11-12 05:39:16Z" end-time="2019-11-12 05:39:16Z" duration="0.001697" asserts="0">
                    <properties />
                  </test-case>
                  <test-case id="3034" name="ExistsQuery" fullname="Newtonsoft.Json.Tests.Linq.JsonPath.JPathExecuteTests.ExistsQuery" methodname="ExistsQuery" classname="Newtonsoft.Json.Tests.Linq.JsonPath.JPathExecuteTests" runstate="Runnable" seed="646180244" result="Passed" start-time="2019-11-12 05:39:16Z" end-time="2019-11-12 05:39:16Z" duration="0.001543" asserts="0">
                    <properties />
                  </test-case>
                  <test-case id="2990" name="FilterTrue" fullname="Newtonsoft.Json.Tests.Linq.JsonPath.JPathExecuteTests.FilterTrue" methodname="FilterTrue" classname="Newtonsoft.Json.Tests.Linq.JsonPath.JPathExecuteTests" runstate="Runnable" seed="1759675911" result="Passed" start-time="2019-11-12 05:39:16Z" end-time="2019-11-12 05:39:16Z" duration="0.001120" asserts="0">
                    <properties />
                  </test-case>
                  <test-case id="3042" name="GreaterOrEqualQuery" fullname="Newtonsoft.Json.Tests.Linq.JsonPath.JPathExecuteTests.GreaterOrEqualQuery" methodname="GreaterOrEqualQuery" classname="Newtonsoft.Json.Tests.Linq.JsonPath.JPathExecuteTests" runstate="Runnable" seed="251140844" result="Passed" start-time="2019-11-12 05:39:16Z" end-time="2019-11-12 05:39:16Z" duration="0.001115" asserts="0">
                    <properties />
                  </test-case>
                  <test-case id="3039" name="GreaterQuery" fullname="Newtonsoft.Json.Tests.Linq.JsonPath.JPathExecuteTests.GreaterQuery" methodname="GreaterQuery" classname="Newtonsoft.Json.Tests.Linq.JsonPath.JPathExecuteTests" runstate="Runnable" seed="2114680647" result="Passed" start-time="2019-11-12 05:39:16Z" end-time="2019-11-12 05:39:16Z" duration="0.000886" asserts="0">
                    <properties />
                  </test-case>
                  <test-case id="3041" name="GreaterQueryBigInteger" fullname="Newtonsoft.Json.Tests.Linq.JsonPath.JPathExecuteTests.GreaterQueryBigInteger" methodname="GreaterQueryBigInteger" classname="Newtonsoft.Json.Tests.Linq.JsonPath.JPathExecuteTests" runstate="Runnable" seed="91916376" result="Passed" start-time="2019-11-12 05:39:16Z" end-time="2019-11-12 05:39:16Z" duration="0.001464" asserts="0">
                    <properties />
                  </test-case>
                  <test-case id="2985" name="GreaterThanIssue1518" fullname="Newtonsoft.Json.Tests.Linq.JsonPath.JPathExecuteTests.GreaterThanIssue1518" methodname="GreaterThanIssue1518" classname="Newtonsoft.Json.Tests.Linq.JsonPath.JPathExecuteTests" runstate="Runnable" seed="2039295446" result="Passed" start-time="2019-11-12 05:39:16Z" end-time="2019-11-12 05:39:16Z" duration="0.004060" asserts="0">
                    <properties />
                  </test-case>
                  <test-case id="2986" name="GreaterThanWithIntegerParameterAndStringValue" fullname="Newtonsoft.Json.Tests.Linq.JsonPath.JPathExecuteTests.GreaterThanWithIntegerParameterAndStringValue" methodname="GreaterThanWithIntegerParameterAndStringValue" classname="Newtonsoft.Json.Tests.Linq.JsonPath.JPathExecuteTests" runstate="Runnable" seed="1196431421" result="Passed" start-time="2019-11-12 05:39:16Z" end-time="2019-11-12 05:39:16Z" duration="0.002187" asserts="0">
                    <properties />
                  </test-case>
                  <test-case id="2987" name="GreaterThanWithStringParameterAndIntegerValue" fullname="Newtonsoft.Json.Tests.Linq.JsonPath.JPathExecuteTests.GreaterThanWithStringParameterAndIntegerValue" methodname="GreaterThanWithStringParameterAndIntegerValue" classname="Newtonsoft.Json.Tests.Linq.JsonPath.JPathExecuteTests" runstate="Runnable" seed="804918294" result="Passed" start-time="2019-11-12 05:39:16Z" end-time="2019-11-12 05:39:16Z" duration="0.001000" asserts="0">
                    <properties />
                  </test-case>
                  <test-case id="3055" name="IdentityOperator" fullname="Newtonsoft.Json.Tests.Linq.JsonPath.JPathExecuteTests.IdentityOperator" methodname="IdentityOperator" classname="Newtonsoft.Json.Tests.Linq.JsonPath.JPathExecuteTests" runstate="Runnable" seed="1381012342" result="Passed" start-time="2019-11-12 05:39:16Z" end-time="2019-11-12 05:39:16Z" duration="0.002743" asserts="0">
                    <properties />
                  </test-case>
                  <test-case id="3040" name="LesserQuery_ValueFirst" fullname="Newtonsoft.Json.Tests.Linq.JsonPath.JPathExecuteTests.LesserQuery_ValueFirst" methodname="LesserQuery_ValueFirst" classname="Newtonsoft.Json.Tests.Linq.JsonPath.JPathExecuteTests" runstate="Runnable" seed="1094743265" result="Passed" start-time="2019-11-12 05:39:16Z" end-time="2019-11-12 05:39:16Z" duration="0.001007" asserts="0">
                    <properties />
                  </test-case>
                  <test-case id="3045" name="MultiplePaths" fullname="Newtonsoft.Json.Tests.Linq.JsonPath.JPathExecuteTests.MultiplePaths" methodname="MultiplePaths" classname="Newtonsoft.Json.Tests.Linq.JsonPath.JPathExecuteTests" runstate="Runnable" seed="632759273" result="Passed" start-time="2019-11-12 05:39:16Z" end-time="2019-11-12 05:39:16Z" duration="0.001080" asserts="0">
                    <properties />
                  </test-case>
                  <test-case id="3038" name="MultipleQueries" fullname="Newtonsoft.Json.Tests.Linq.JsonPath.JPathExecuteTests.MultipleQueries" methodname="MultipleQueries" classname="Newtonsoft.Json.Tests.Linq.JsonPath.JPathExecuteTests" runstate="Runnable" seed="230030762" result="Passed" start-time="2019-11-12 05:39:16Z" end-time="2019-11-12 05:39:16Z" duration="0.002287" asserts="0">
                    <properties />
                  </test-case>
                  <test-case id="3043" name="NestedQuery" fullname="Newtonsoft.Json.Tests.Linq.JsonPath.JPathExecuteTests.NestedQuery" methodname="NestedQuery" classname="Newtonsoft.Json.Tests.Linq.JsonPath.JPathExecuteTests" runstate="Runnable" seed="1563046806" result="Passed" start-time="2019-11-12 05:39:16Z" end-time="2019-11-12 05:39:16Z" duration="0.001673" asserts="0">
                    <properties />
                  </test-case>
                  <test-case id="3037" name="NoPathQuery" fullname="Newtonsoft.Json.Tests.Linq.JsonPath.JPathExecuteTests.NoPathQuery" methodname="NoPathQuery" classname="Newtonsoft.Json.Tests.Linq.JsonPath.JPathExecuteTests" runstate="Runnable" seed="851378542" result="Passed" start-time="2019-11-12 05:39:16Z" end-time="2019-11-12 05:39:16Z" duration="0.001142" asserts="0">
                    <properties />
                  </test-case>
                  <test-case id="3051" name="NotEqualsAndNonPrimativeValues" fullname="Newtonsoft.Json.Tests.Linq.JsonPath.JPathExecuteTests.NotEqualsAndNonPrimativeValues" methodname="NotEqualsAndNonPrimativeValues" classname="Newtonsoft.Json.Tests.Linq.JsonPath.JPathExecuteTests" runstate="Runnable" seed="1567855566" result="Passed" start-time="2019-11-12 05:39:16Z" end-time="2019-11-12 05:39:16Z" duration="0.001144" asserts="0">
                    <properties />
                  </test-case>
                  <test-case id="3036" name="NotEqualsQuery" fullname="Newtonsoft.Json.Tests.Linq.JsonPath.JPathExecuteTests.NotEqualsQuery" methodname="NotEqualsQuery" classname="Newtonsoft.Json.Tests.Linq.JsonPath.JPathExecuteTests" runstate="Runnable" seed="1550210793" result="Passed" start-time="2019-11-12 05:39:16Z" end-time="2019-11-12 05:39:16Z" duration="0.000770" asserts="0">
                    <properties />
                  </test-case>
                  <test-case id="2994" name="ParseWithEmptyArrayContent" fullname="Newtonsoft.Json.Tests.Linq.JsonPath.JPathExecuteTests.ParseWithEmptyArrayContent" methodname="ParseWithEmptyArrayContent" classname="Newtonsoft.Json.Tests.Linq.JsonPath.JPathExecuteTests" runstate="Runnable" seed="1212675698" result="Passed" start-time="2019-11-12 05:39:16Z" end-time="2019-11-12 05:39:16Z" duration="0.000857" asserts="0">
                    <properties />
                  </test-case>
                  <test-case id="3044" name="PathWithConstructor" fullname="Newtonsoft.Json.Tests.Linq.JsonPath.JPathExecuteTests.PathWithConstructor" methodname="PathWithConstructor" classname="Newtonsoft.Json.Tests.Linq.JsonPath.JPathExecuteTests" runstate="Runnable" seed="1456609905" result="Passed" start-time="2019-11-12 05:39:16Z" end-time="2019-11-12 05:39:16Z" duration="0.000828" asserts="0">
                    <properties />
                  </test-case>
                  <test-case id="3049" name="QueryAgainstNonStringValues" fullname="Newtonsoft.Json.Tests.Linq.JsonPath.JPathExecuteTests.QueryAgainstNonStringValues" methodname="QueryAgainstNonStringValues" classname="Newtonsoft.Json.Tests.Linq.JsonPath.JPathExecuteTests" runstate="Runnable" seed="409507152" result="Passed" start-time="2019-11-12 05:39:16Z" end-time="2019-11-12 05:39:16Z" duration="0.004662" asserts="0">
                    <properties />
                  </test-case>
                  <test-case id="3005" name="QuoteName" fullname="Newtonsoft.Json.Tests.Linq.JsonPath.JPathExecuteTests.QuoteName" methodname="QuoteName" classname="Newtonsoft.Json.Tests.Linq.JsonPath.JPathExecuteTests" runstate="Runnable" seed="60240528" result="Passed" start-time="2019-11-12 05:39:16Z" end-time="2019-11-12 05:39:16Z" duration="0.001075" asserts="0">
                    <properties />
                  </test-case>
                  <test-case id="2988" name="RecursiveWildcard" fullname="Newtonsoft.Json.Tests.Linq.JsonPath.JPathExecuteTests.RecursiveWildcard" methodname="RecursiveWildcard" classname="Newtonsoft.Json.Tests.Linq.JsonPath.JPathExecuteTests" runstate="Runnable" seed="1698822291" result="Passed" start-time="2019-11-12 05:39:16Z" end-time="2019-11-12 05:39:16Z" duration="0.001339" asserts="0">
                    <properties />
                  </test-case>
                  <test-case id="3052" name="RootInFilter" fullname="Newtonsoft.Json.Tests.Linq.JsonPath.JPathExecuteTests.RootInFilter" methodname="RootInFilter" classname="Newtonsoft.Json.Tests.Linq.JsonPath.JPathExecuteTests" runstate="Runnable" seed="929887302" result="Passed" start-time="2019-11-12 05:39:16Z" end-time="2019-11-12 05:39:16Z" duration="0.001261" asserts="0">
                    <properties />
                  </test-case>
                  <test-case id="3054" name="RootInFilterWithInitializers" fullname="Newtonsoft.Json.Tests.Linq.JsonPath.JPathExecuteTests.RootInFilterWithInitializers" methodname="RootInFilterWithInitializers" classname="Newtonsoft.Json.Tests.Linq.JsonPath.JPathExecuteTests" runstate="Runnable" seed="2121778008" result="Passed" start-time="2019-11-12 05:39:16Z" end-time="2019-11-12 05:39:16Z" duration="0.001058" asserts="0">
                    <properties />
                  </test-case>
                  <test-case id="3053" name="RootInFilterWithRootObject" fullname="Newtonsoft.Json.Tests.Linq.JsonPath.JPathExecuteTests.RootInFilterWithRootObject" methodname="RootInFilterWithRootObject" classname="Newtonsoft.Json.Tests.Linq.JsonPath.JPathExecuteTests" runstate="Runnable" seed="738742842" result="Passed" start-time="2019-11-12 05:39:16Z" end-time="2019-11-12 05:39:16Z" duration="0.002446" asserts="0">
                    <properties />
                  </test-case>
                  <test-case id="2989" name="ScanFilter" fullname="Newtonsoft.Json.Tests.Linq.JsonPath.JPathExecuteTests.ScanFilter" methodname="ScanFilter" classname="Newtonsoft.Json.Tests.Linq.JsonPath.JPathExecuteTests" runstate="Runnable" seed="1115503918" result="Passed" start-time="2019-11-12 05:39:16Z" end-time="2019-11-12 05:39:16Z" duration="0.001361" asserts="0">
                    <properties />
                  </test-case>
                  <test-case id="2991" name="ScanFilterTrue" fullname="Newtonsoft.Json.Tests.Linq.JsonPath.JPathExecuteTests.ScanFilterTrue" methodname="ScanFilterTrue" classname="Newtonsoft.Json.Tests.Linq.JsonPath.JPathExecuteTests" runstate="Runnable" seed="740598295" result="Passed" start-time="2019-11-12 05:39:16Z" end-time="2019-11-12 05:39:16Z" duration="0.001267" asserts="0">
                    <properties />
                  </test-case>
                  <test-case id="2993" name="ScanMultipleQuoted" fullname="Newtonsoft.Json.Tests.Linq.JsonPath.JPathExecuteTests.ScanMultipleQuoted" methodname="ScanMultipleQuoted" classname="Newtonsoft.Json.Tests.Linq.JsonPath.JPathExecuteTests" runstate="Runnable" seed="903249766" result="Passed" start-time="2019-11-12 05:39:16Z" end-time="2019-11-12 05:39:16Z" duration="0.002144" asserts="0">
                    <properties />
                  </test-case>
                  <test-case id="2992" name="ScanQuoted" fullname="Newtonsoft.Json.Tests.Linq.JsonPath.JPathExecuteTests.ScanQuoted" methodname="ScanQuoted" classname="Newtonsoft.Json.Tests.Linq.JsonPath.JPathExecuteTests" runstate="Runnable" seed="1857057929" result="Passed" start-time="2019-11-12 05:39:16Z" end-time="2019-11-12 05:39:16Z" duration="0.000766" asserts="0">
                    <properties />
                  </test-case>
                  <test-case id="2995" name="SelectTokenAfterEmptyContainer" fullname="Newtonsoft.Json.Tests.Linq.JsonPath.JPathExecuteTests.SelectTokenAfterEmptyContainer" methodname="SelectTokenAfterEmptyContainer" classname="Newtonsoft.Json.Tests.Linq.JsonPath.JPathExecuteTests" runstate="Runnable" seed="66628693" result="Passed" start-time="2019-11-12 05:39:16Z" end-time="2019-11-12 05:39:16Z" duration="0.000629" asserts="0">
                    <properties />
                  </test-case>
                  <test-case id="3048" name="WildcardWithProperty" fullname="Newtonsoft.Json.Tests.Linq.JsonPath.JPathExecuteTests.WildcardWithProperty" methodname="WildcardWithProperty" classname="Newtonsoft.Json.Tests.Linq.JsonPath.JPathExecuteTests" runstate="Runnable" seed="606080523" result="Passed" start-time="2019-11-12 05:39:16Z" end-time="2019-11-12 05:39:16Z" duration="0.001750" asserts="0">
                    <properties />
                  </test-case>
                </test-suite>
                <test-suite type="TestFixture" id="3076" name="JPathParseTests" fullname="Newtonsoft.Json.Tests.Linq.JsonPath.JPathParseTests" classname="Newtonsoft.Json.Tests.Linq.JsonPath.JPathParseTests" runstate="Runnable" testcasecount="80" result="Passed" start-time="2019-11-12 05:39:17Z" end-time="2019-11-12 05:39:17Z" duration="0.321353" total="80" passed="80" failed="0" inconclusive="0" skipped="0" asserts="0">
                  <properties />
                  <test-case id="3154" name="AdjacentIndexers" fullname="Newtonsoft.Json.Tests.Linq.JsonPath.JPathParseTests.AdjacentIndexers" methodname="AdjacentIndexers" classname="Newtonsoft.Json.Tests.Linq.JsonPath.JPathParseTests" runstate="Runnable" seed="1804563226" result="Passed" start-time="2019-11-12 05:39:17Z" end-time="2019-11-12 05:39:17Z" duration="0.001146" asserts="0">
                    <properties />
                  </test-case>
                  <test-case id="3138" name="BadCharactersInIndexer" fullname="Newtonsoft.Json.Tests.Linq.JsonPath.JPathParseTests.BadCharactersInIndexer" methodname="BadCharactersInIndexer" classname="Newtonsoft.Json.Tests.Linq.JsonPath.JPathParseTests" runstate="Runnable" seed="1576290813" result="Passed" start-time="2019-11-12 05:39:17Z" end-time="2019-11-12 05:39:17Z" duration="0.000876" asserts="0">
                    <properties />
                  </test-case>
                  <test-case id="3129" name="BaddOr2" fullname="Newtonsoft.Json.Tests.Linq.JsonPath.JPathParseTests.BaddOr2" methodname="BaddOr2" classname="Newtonsoft.Json.Tests.Linq.JsonPath.JPathParseTests" runstate="Runnable" seed="598131549" result="Passed" start-time="2019-11-12 05:39:17Z" end-time="2019-11-12 05:39:17Z" duration="0.001009" asserts="0">
                    <properties />
                  </test-case>
                  <test-case id="3130" name="BaddOr3" fullname="Newtonsoft.Json.Tests.Linq.JsonPath.JPathParseTests.BaddOr3" methodname="BaddOr3" classname="Newtonsoft.Json.Tests.Linq.JsonPath.JPathParseTests" runstate="Runnable" seed="2116804596" result="Passed" start-time="2019-11-12 05:39:17Z" end-time="2019-11-12 05:39:17Z" duration="0.000631" asserts="0">
                    <properties />
                  </test-case>
                  <test-case id="3131" name="BaddOr4" fullname="Newtonsoft.Json.Tests.Linq.JsonPath.JPathParseTests.BaddOr4" methodname="BaddOr4" classname="Newtonsoft.Json.Tests.Linq.JsonPath.JPathParseTests" runstate="Runnable" seed="2018758357" result="Passed" start-time="2019-11-12 05:39:17Z" end-time="2019-11-12 05:39:17Z" duration="0.001177" asserts="0">
                    <properties />
                  </test-case>
                  <test-case id="3128" name="BadOr1" fullname="Newtonsoft.Json.Tests.Linq.JsonPath.JPathParseTests.BadOr1" methodname="BadOr1" classname="Newtonsoft.Json.Tests.Linq.JsonPath.JPathParseTests" runstate="Runnable" seed="790560637" result="Passed" start-time="2019-11-12 05:39:17Z" end-time="2019-11-12 05:39:17Z" duration="0.001137" asserts="0">
                    <properties />
                  </test-case>
                  <test-case id="3078" name="BooleanQuery_TwoPaths" fullname="Newtonsoft.Json.Tests.Linq.JsonPath.JPathParseTests.BooleanQuery_TwoPaths" methodname="BooleanQuery_TwoPaths" classname="Newtonsoft.Json.Tests.Linq.JsonPath.JPathParseTests" runstate="Runnable" seed="1382408742" result="Passed" start-time="2019-11-12 05:39:17Z" end-time="2019-11-12 05:39:17Z" duration="0.001195" asserts="0">
                    <properties />
                  </test-case>
                  <test-case id="3077" name="BooleanQuery_TwoValues" fullname="Newtonsoft.Json.Tests.Linq.JsonPath.JPathParseTests.BooleanQuery_TwoValues" methodname="BooleanQuery_TwoValues" classname="Newtonsoft.Json.Tests.Linq.JsonPath.JPathParseTests" runstate="Runnable" seed="770225098" result="Passed" start-time="2019-11-12 05:39:17Z" end-time="2019-11-12 05:39:17Z" duration="0.000945" asserts="0">
                    <properties />
                  </test-case>
                  <test-case id="3152" name="EmptyIndexer" fullname="Newtonsoft.Json.Tests.Linq.JsonPath.JPathParseTests.EmptyIndexer" methodname="EmptyIndexer" classname="Newtonsoft.Json.Tests.Linq.JsonPath.JPathParseTests" runstate="Runnable" seed="882713129" result="Passed" start-time="2019-11-12 05:39:17Z" end-time="2019-11-12 05:39:17Z" duration="0.000659" asserts="0">
                    <properties />
                  </test-case>
                  <test-case id="3125" name="FilterExistWithAnd" fullname="Newtonsoft.Json.Tests.Linq.JsonPath.JPathParseTests.FilterExistWithAnd" methodname="FilterExistWithAnd" classname="Newtonsoft.Json.Tests.Linq.JsonPath.JPathParseTests" runstate="Runnable" seed="331427095" result="Passed" start-time="2019-11-12 05:39:17Z" end-time="2019-11-12 05:39:17Z" duration="0.000911" asserts="0">
                    <properties />
                  </test-case>
                  <test-case id="3126" name="FilterExistWithAndOr" fullname="Newtonsoft.Json.Tests.Linq.JsonPath.JPathParseTests.FilterExistWithAndOr" methodname="FilterExistWithAndOr" classname="Newtonsoft.Json.Tests.Linq.JsonPath.JPathParseTests" runstate="Runnable" seed="1486174073" result="Passed" start-time="2019-11-12 05:39:17Z" end-time="2019-11-12 05:39:17Z" duration="0.001109" asserts="0">
                    <properties />
                  </test-case>
                  <test-case id="3124" name="FilterWithFloat" fullname="Newtonsoft.Json.Tests.Linq.JsonPath.JPathParseTests.FilterWithFloat" methodname="FilterWithFloat" classname="Newtonsoft.Json.Tests.Linq.JsonPath.JPathParseTests" runstate="Runnable" seed="209055246" result="Passed" start-time="2019-11-12 05:39:17Z" end-time="2019-11-12 05:39:17Z" duration="0.000569" asserts="0">
                    <properties />
                  </test-case>
                  <test-case id="3136" name="FilterWithFloatExp" fullname="Newtonsoft.Json.Tests.Linq.JsonPath.JPathParseTests.FilterWithFloatExp" methodname="FilterWithFloatExp" classname="Newtonsoft.Json.Tests.Linq.JsonPath.JPathParseTests" runstate="Runnable" seed="2092977235" result="Passed" start-time="2019-11-12 05:39:17Z" end-time="2019-11-12 05:39:17Z" duration="0.000576" asserts="0">
                    <properties />
                  </test-case>
                  <test-case id="3120" name="FilterWithGreaterThan" fullname="Newtonsoft.Json.Tests.Linq.JsonPath.JPathParseTests.FilterWithGreaterThan" methodname="FilterWithGreaterThan" classname="Newtonsoft.Json.Tests.Linq.JsonPath.JPathParseTests" runstate="Runnable" seed="481389252" result="Passed" start-time="2019-11-12 05:39:17Z" end-time="2019-11-12 05:39:17Z" duration="0.000596" asserts="0">
                    <properties />
                  </test-case>
                  <test-case id="3121" name="FilterWithGreaterThanOrEquals" fullname="Newtonsoft.Json.Tests.Linq.JsonPath.JPathParseTests.FilterWithGreaterThanOrEquals" methodname="FilterWithGreaterThanOrEquals" classname="Newtonsoft.Json.Tests.Linq.JsonPath.JPathParseTests" runstate="Runnable" seed="891588257" result="Passed" start-time="2019-11-12 05:39:17Z" end-time="2019-11-12 05:39:17Z" duration="0.000782" asserts="0">
                    <properties />
                  </test-case>
                  <test-case id="3122" name="FilterWithInteger" fullname="Newtonsoft.Json.Tests.Linq.JsonPath.JPathParseTests.FilterWithInteger" methodname="FilterWithInteger" classname="Newtonsoft.Json.Tests.Linq.JsonPath.JPathParseTests" runstate="Runnable" seed="867522213" result="Passed" start-time="2019-11-12 05:39:17Z" end-time="2019-11-12 05:39:17Z" duration="0.000801" asserts="0">
                    <properties />
                  </test-case>
                  <test-case id="3118" name="FilterWithLessThan" fullname="Newtonsoft.Json.Tests.Linq.JsonPath.JPathParseTests.FilterWithLessThan" methodname="FilterWithLessThan" classname="Newtonsoft.Json.Tests.Linq.JsonPath.JPathParseTests" runstate="Runnable" seed="249644286" result="Passed" start-time="2019-11-12 05:39:17Z" end-time="2019-11-12 05:39:17Z" duration="0.000628" asserts="0">
                    <properties />
                  </test-case>
                  <test-case id="3119" name="FilterWithLessThanOrEquals" fullname="Newtonsoft.Json.Tests.Linq.JsonPath.JPathParseTests.FilterWithLessThanOrEquals" methodname="FilterWithLessThanOrEquals" classname="Newtonsoft.Json.Tests.Linq.JsonPath.JPathParseTests" runstate="Runnable" seed="461313564" result="Passed" start-time="2019-11-12 05:39:17Z" end-time="2019-11-12 05:39:17Z" duration="0.000636" asserts="0">
                    <properties />
                  </test-case>
                  <test-case id="3123" name="FilterWithNegativeInteger" fullname="Newtonsoft.Json.Tests.Linq.JsonPath.JPathParseTests.FilterWithNegativeInteger" methodname="FilterWithNegativeInteger" classname="Newtonsoft.Json.Tests.Linq.JsonPath.JPathParseTests" runstate="Runnable" seed="449352597" result="Passed" start-time="2019-11-12 05:39:17Z" end-time="2019-11-12 05:39:17Z" duration="0.000537" asserts="0">
                    <properties />
                  </test-case>
                  <test-case id="3116" name="FilterWithNotEquals" fullname="Newtonsoft.Json.Tests.Linq.JsonPath.JPathParseTests.FilterWithNotEquals" methodname="FilterWithNotEquals" classname="Newtonsoft.Json.Tests.Linq.JsonPath.JPathParseTests" runstate="Runnable" seed="56247746" result="Passed" start-time="2019-11-12 05:39:17Z" end-time="2019-11-12 05:39:17Z" duration="0.000665" asserts="0">
                    <properties />
                  </test-case>
                  <test-case id="3117" name="FilterWithNotEquals2" fullname="Newtonsoft.Json.Tests.Linq.JsonPath.JPathParseTests.FilterWithNotEquals2" methodname="FilterWithNotEquals2" classname="Newtonsoft.Json.Tests.Linq.JsonPath.JPathParseTests" runstate="Runnable" seed="1022671703" result="Passed" start-time="2019-11-12 05:39:17Z" end-time="2019-11-12 05:39:17Z" duration="0.000558" asserts="0">
                    <properties />
                  </test-case>
                  <test-case id="3127" name="FilterWithRoot" fullname="Newtonsoft.Json.Tests.Linq.JsonPath.JPathParseTests.FilterWithRoot" methodname="FilterWithRoot" classname="Newtonsoft.Json.Tests.Linq.JsonPath.JPathParseTests" runstate="Runnable" seed="480942566" result="Passed" start-time="2019-11-12 05:39:17Z" end-time="2019-11-12 05:39:17Z" duration="0.000758" asserts="0">
                    <properties />
                  </test-case>
                  <test-case id="3115" name="FilterWithScan" fullname="Newtonsoft.Json.Tests.Linq.JsonPath.JPathParseTests.FilterWithScan" methodname="FilterWithScan" classname="Newtonsoft.Json.Tests.Linq.JsonPath.JPathParseTests" runstate="Runnable" seed="1961607114" result="Passed" start-time="2019-11-12 05:39:17Z" end-time="2019-11-12 05:39:17Z" duration="0.000537" asserts="0">
                    <properties />
                  </test-case>
                  <test-case id="3153" name="IndexerCloseInProperty" fullname="Newtonsoft.Json.Tests.Linq.JsonPath.JPathParseTests.IndexerCloseInProperty" methodname="IndexerCloseInProperty" classname="Newtonsoft.Json.Tests.Linq.JsonPath.JPathParseTests" runstate="Runnable" seed="1841687219" result="Passed" start-time="2019-11-12 05:39:17Z" end-time="2019-11-12 05:39:17Z" duration="0.000784" asserts="0">
                    <properties />
                  </test-case>
                  <test-case id="3140" name="IndexerOnly" fullname="Newtonsoft.Json.Tests.Linq.JsonPath.JPathParseTests.IndexerOnly" methodname="IndexerOnly" classname="Newtonsoft.Json.Tests.Linq.JsonPath.JPathParseTests" runstate="Runnable" seed="859185794" result="Passed" start-time="2019-11-12 05:39:17Z" end-time="2019-11-12 05:39:17Z" duration="0.001763" asserts="0">
                    <properties />
                  </test-case>
                  <test-case id="3141" name="IndexerOnlyWithWhitespace" fullname="Newtonsoft.Json.Tests.Linq.JsonPath.JPathParseTests.IndexerOnlyWithWhitespace" methodname="IndexerOnlyWithWhitespace" classname="Newtonsoft.Json.Tests.Linq.JsonPath.JPathParseTests" runstate="Runnable" seed="1583122038" result="Passed" start-time="2019-11-12 05:39:17Z" end-time="2019-11-12 05:39:17Z" duration="0.000909" asserts="0">
                    <properties />
                  </test-case>
                  <test-case id="3155" name="MissingDotAfterIndexer" fullname="Newtonsoft.Json.Tests.Linq.JsonPath.JPathParseTests.MissingDotAfterIndexer" methodname="MissingDotAfterIndexer" classname="Newtonsoft.Json.Tests.Linq.JsonPath.JPathParseTests" runstate="Runnable" seed="2026072994" result="Passed" start-time="2019-11-12 05:39:17Z" end-time="2019-11-12 05:39:17Z" duration="0.000857" asserts="0">
                    <properties />
                  </test-case>
                  <test-case id="3142" name="MultipleIndexes" fullname="Newtonsoft.Json.Tests.Linq.JsonPath.JPathParseTests.MultipleIndexes" methodname="MultipleIndexes" classname="Newtonsoft.Json.Tests.Linq.JsonPath.JPathParseTests" runstate="Runnable" seed="780391606" result="Passed" start-time="2019-11-12 05:39:17Z" end-time="2019-11-12 05:39:17Z" duration="0.001003" asserts="0">
                    <properties />
                  </test-case>
                  <test-case id="3143" name="MultipleIndexesWithWhitespace" fullname="Newtonsoft.Json.Tests.Linq.JsonPath.JPathParseTests.MultipleIndexesWithWhitespace" methodname="MultipleIndexesWithWhitespace" classname="Newtonsoft.Json.Tests.Linq.JsonPath.JPathParseTests" runstate="Runnable" seed="1438754511" result="Passed" start-time="2019-11-12 05:39:17Z" end-time="2019-11-12 05:39:17Z" duration="0.000943" asserts="0">
                    <properties />
                  </test-case>
                  <test-case id="3137" name="MultiplePropertiesAndIndexers" fullname="Newtonsoft.Json.Tests.Linq.JsonPath.JPathParseTests.MultiplePropertiesAndIndexers" methodname="MultiplePropertiesAndIndexers" classname="Newtonsoft.Json.Tests.Linq.JsonPath.JPathParseTests" runstate="Runnable" seed="1277000253" result="Passed" start-time="2019-11-12 05:39:17Z" end-time="2019-11-12 05:39:17Z" duration="0.001128" asserts="0">
                    <properties />
                  </test-case>
                  <test-case id="3144" name="MultipleQuotedIndexes" fullname="Newtonsoft.Json.Tests.Linq.JsonPath.JPathParseTests.MultipleQuotedIndexes" methodname="MultipleQuotedIndexes" classname="Newtonsoft.Json.Tests.Linq.JsonPath.JPathParseTests" runstate="Runnable" seed="1330028941" result="Passed" start-time="2019-11-12 05:39:17Z" end-time="2019-11-12 05:39:17Z" duration="0.000986" asserts="0">
                    <properties />
                  </test-case>
                  <test-case id="3145" name="MultipleQuotedIndexesWithWhitespace" fullname="Newtonsoft.Json.Tests.Linq.JsonPath.JPathParseTests.MultipleQuotedIndexesWithWhitespace" methodname="MultipleQuotedIndexesWithWhitespace" classname="Newtonsoft.Json.Tests.Linq.JsonPath.JPathParseTests" runstate="Runnable" seed="1456274735" result="Passed" start-time="2019-11-12 05:39:17Z" end-time="2019-11-12 05:39:17Z" duration="0.001789" asserts="0">
                    <properties />
                  </test-case>
                  <test-case id="3132" name="NoAtAfterOr" fullname="Newtonsoft.Json.Tests.Linq.JsonPath.JPathParseTests.NoAtAfterOr" methodname="NoAtAfterOr" classname="Newtonsoft.Json.Tests.Linq.JsonPath.JPathParseTests" runstate="Runnable" seed="1702854027" result="Passed" start-time="2019-11-12 05:39:17Z" end-time="2019-11-12 05:39:17Z" duration="0.000938" asserts="0">
                    <properties />
                  </test-case>
                  <test-case id="3087" name="NoFieldNameAfterDot" fullname="Newtonsoft.Json.Tests.Linq.JsonPath.JPathParseTests.NoFieldNameAfterDot" methodname="NoFieldNameAfterDot" classname="Newtonsoft.Json.Tests.Linq.JsonPath.JPathParseTests" runstate="Runnable" seed="2005259555" result="Passed" start-time="2019-11-12 05:39:17Z" end-time="2019-11-12 05:39:17Z" duration="0.000683" asserts="0">
                    <properties />
                  </test-case>
                  <test-case id="3133" name="NoPathAfterAt" fullname="Newtonsoft.Json.Tests.Linq.JsonPath.JPathParseTests.NoPathAfterAt" methodname="NoPathAfterAt" classname="Newtonsoft.Json.Tests.Linq.JsonPath.JPathParseTests" runstate="Runnable" seed="1696146113" result="Passed" start-time="2019-11-12 05:39:17Z" end-time="2019-11-12 05:39:17Z" duration="0.000810" asserts="0">
                    <properties />
                  </test-case>
                  <test-case id="3134" name="NoPathAfterDot" fullname="Newtonsoft.Json.Tests.Linq.JsonPath.JPathParseTests.NoPathAfterDot" methodname="NoPathAfterDot" classname="Newtonsoft.Json.Tests.Linq.JsonPath.JPathParseTests" runstate="Runnable" seed="114209032" result="Passed" start-time="2019-11-12 05:39:17Z" end-time="2019-11-12 05:39:17Z" duration="0.000795" asserts="0">
                    <properties />
                  </test-case>
                  <test-case id="3135" name="NoPathAfterDot2" fullname="Newtonsoft.Json.Tests.Linq.JsonPath.JPathParseTests.NoPathAfterDot2" methodname="NoPathAfterDot2" classname="Newtonsoft.Json.Tests.Linq.JsonPath.JPathParseTests" runstate="Runnable" seed="1265619336" result="Passed" start-time="2019-11-12 05:39:17Z" end-time="2019-11-12 05:39:17Z" duration="0.000616" asserts="0">
                    <properties />
                  </test-case>
                  <test-case id="3101" name="OnePropertyOneScan" fullname="Newtonsoft.Json.Tests.Linq.JsonPath.JPathParseTests.OnePropertyOneScan" methodname="OnePropertyOneScan" classname="Newtonsoft.Json.Tests.Linq.JsonPath.JPathParseTests" runstate="Runnable" seed="999755704" result="Passed" start-time="2019-11-12 05:39:17Z" end-time="2019-11-12 05:39:17Z" duration="0.000656" asserts="0">
                    <properties />
                  </test-case>
                  <test-case id="3156" name="PropertyFollowingEscapedPropertyName" fullname="Newtonsoft.Json.Tests.Linq.JsonPath.JPathParseTests.PropertyFollowingEscapedPropertyName" methodname="PropertyFollowingEscapedPropertyName" classname="Newtonsoft.Json.Tests.Linq.JsonPath.JPathParseTests" runstate="Runnable" seed="474882712" result="Passed" start-time="2019-11-12 05:39:17Z" end-time="2019-11-12 05:39:17Z" duration="0.000872" asserts="0">
                    <properties />
                  </test-case>
                  <test-case id="3096" name="QueryTrue" fullname="Newtonsoft.Json.Tests.Linq.JsonPath.JPathParseTests.QueryTrue" methodname="QueryTrue" classname="Newtonsoft.Json.Tests.Linq.JsonPath.JPathParseTests" runstate="Runnable" seed="1819536927" result="Passed" start-time="2019-11-12 05:39:17Z" end-time="2019-11-12 05:39:17Z" duration="0.000595" asserts="0">
                    <properties />
                  </test-case>
                  <test-case id="3094" name="QuotedWildcardPropertyWithRoot" fullname="Newtonsoft.Json.Tests.Linq.JsonPath.JPathParseTests.QuotedWildcardPropertyWithRoot" methodname="QuotedWildcardPropertyWithRoot" classname="Newtonsoft.Json.Tests.Linq.JsonPath.JPathParseTests" runstate="Runnable" seed="1138824906" result="Passed" start-time="2019-11-12 05:39:17Z" end-time="2019-11-12 05:39:17Z" duration="0.000820" asserts="0">
                    <properties />
                  </test-case>
                  <test-case id="3091" name="RootArrayNoDot" fullname="Newtonsoft.Json.Tests.Linq.JsonPath.JPathParseTests.RootArrayNoDot" methodname="RootArrayNoDot" classname="Newtonsoft.Json.Tests.Linq.JsonPath.JPathParseTests" runstate="Runnable" seed="1606358006" result="Passed" start-time="2019-11-12 05:39:17Z" end-time="2019-11-12 05:39:17Z" duration="0.000764" asserts="0">
                    <properties />
                  </test-case>
                  <test-case id="3086" name="RootWithBadWhitespace" fullname="Newtonsoft.Json.Tests.Linq.JsonPath.JPathParseTests.RootWithBadWhitespace" methodname="RootWithBadWhitespace" classname="Newtonsoft.Json.Tests.Linq.JsonPath.JPathParseTests" runstate="Runnable" seed="114446440" result="Passed" start-time="2019-11-12 05:39:17Z" end-time="2019-11-12 05:39:17Z" duration="0.000851" asserts="0">
                    <properties />
                  </test-case>
                  <test-case id="3088" name="RootWithBadWhitespace2" fullname="Newtonsoft.Json.Tests.Linq.JsonPath.JPathParseTests.RootWithBadWhitespace2" methodname="RootWithBadWhitespace2" classname="Newtonsoft.Json.Tests.Linq.JsonPath.JPathParseTests" runstate="Runnable" seed="1051733978" result="Passed" start-time="2019-11-12 05:39:17Z" end-time="2019-11-12 05:39:17Z" duration="0.001091" asserts="0">
                    <properties />
                  </test-case>
                  <test-case id="3097" name="ScanQuery" fullname="Newtonsoft.Json.Tests.Linq.JsonPath.JPathParseTests.ScanQuery" methodname="ScanQuery" classname="Newtonsoft.Json.Tests.Linq.JsonPath.JPathParseTests" runstate="Runnable" seed="905512415" result="Passed" start-time="2019-11-12 05:39:17Z" end-time="2019-11-12 05:39:17Z" duration="0.000774" asserts="0">
                    <properties />
                  </test-case>
                  <test-case id="3079" name="SingleProperty" fullname="Newtonsoft.Json.Tests.Linq.JsonPath.JPathParseTests.SingleProperty" methodname="SingleProperty" classname="Newtonsoft.Json.Tests.Linq.JsonPath.JPathParseTests" runstate="Runnable" seed="853251068" result="Passed" start-time="2019-11-12 05:39:17Z" end-time="2019-11-12 05:39:17Z" duration="0.000557" asserts="0">
                    <properties />
                  </test-case>
                  <test-case id="3103" name="SinglePropertyAndExistsQuery" fullname="Newtonsoft.Json.Tests.Linq.JsonPath.JPathParseTests.SinglePropertyAndExistsQuery" methodname="SinglePropertyAndExistsQuery" classname="Newtonsoft.Json.Tests.Linq.JsonPath.JPathParseTests" runstate="Runnable" seed="686712154" result="Passed" start-time="2019-11-12 05:39:17Z" end-time="2019-11-12 05:39:17Z" duration="0.000821" asserts="0">
                    <properties />
                  </test-case>
                  <test-case id="3106" name="SinglePropertyAndFilterWithDoubleEscape" fullname="Newtonsoft.Json.Tests.Linq.JsonPath.JPathParseTests.SinglePropertyAndFilterWithDoubleEscape" methodname="SinglePropertyAndFilterWithDoubleEscape" classname="Newtonsoft.Json.Tests.Linq.JsonPath.JPathParseTests" runstate="Runnable" seed="1428149792" result="Passed" start-time="2019-11-12 05:39:17Z" end-time="2019-11-12 05:39:17Z" duration="0.000761" asserts="0">
                    <properties />
                  </test-case>
                  <test-case id="3109" name="SinglePropertyAndFilterWithEscapedRegex" fullname="Newtonsoft.Json.Tests.Linq.JsonPath.JPathParseTests.SinglePropertyAndFilterWithEscapedRegex" methodname="SinglePropertyAndFilterWithEscapedRegex" classname="Newtonsoft.Json.Tests.Linq.JsonPath.JPathParseTests" runstate="Runnable" seed="1462324395" result="Passed" start-time="2019-11-12 05:39:17Z" end-time="2019-11-12 05:39:17Z" duration="0.000867" asserts="0">
                    <properties />
                  </test-case>
                  <test-case id="3105" name="SinglePropertyAndFilterWithEscapeQuote" fullname="Newtonsoft.Json.Tests.Linq.JsonPath.JPathParseTests.SinglePropertyAndFilterWithEscapeQuote" methodname="SinglePropertyAndFilterWithEscapeQuote" classname="Newtonsoft.Json.Tests.Linq.JsonPath.JPathParseTests" runstate="Runnable" seed="1060821260" result="Passed" start-time="2019-11-12 05:39:17Z" end-time="2019-11-12 05:39:17Z" duration="0.001805" asserts="0">
                    <properties />
                  </test-case>
                  <test-case id="3112" name="SinglePropertyAndFilterWithFalse" fullname="Newtonsoft.Json.Tests.Linq.JsonPath.JPathParseTests.SinglePropertyAndFilterWithFalse" methodname="SinglePropertyAndFilterWithFalse" classname="Newtonsoft.Json.Tests.Linq.JsonPath.JPathParseTests" runstate="Runnable" seed="1298601653" result="Passed" start-time="2019-11-12 05:39:17Z" end-time="2019-11-12 05:39:17Z" duration="0.000934" asserts="0">
                    <properties />
                  </test-case>
                  <test-case id="3114" name="SinglePropertyAndFilterWithNull" fullname="Newtonsoft.Json.Tests.Linq.JsonPath.JPathParseTests.SinglePropertyAndFilterWithNull" methodname="SinglePropertyAndFilterWithNull" classname="Newtonsoft.Json.Tests.Linq.JsonPath.JPathParseTests" runstate="Runnable" seed="1615163258" result="Passed" start-time="2019-11-12 05:39:17Z" end-time="2019-11-12 05:39:17Z" duration="0.000826" asserts="0">
                    <properties />
                  </test-case>
                  <test-case id="3110" name="SinglePropertyAndFilterWithOpenRegex" fullname="Newtonsoft.Json.Tests.Linq.JsonPath.JPathParseTests.SinglePropertyAndFilterWithOpenRegex" methodname="SinglePropertyAndFilterWithOpenRegex" classname="Newtonsoft.Json.Tests.Linq.JsonPath.JPathParseTests" runstate="Runnable" seed="1450223502" result="Passed" start-time="2019-11-12 05:39:17Z" end-time="2019-11-12 05:39:17Z" duration="0.000751" asserts="0">
                    <properties />
                  </test-case>
                  <test-case id="3108" name="SinglePropertyAndFilterWithRegex" fullname="Newtonsoft.Json.Tests.Linq.JsonPath.JPathParseTests.SinglePropertyAndFilterWithRegex" methodname="SinglePropertyAndFilterWithRegex" classname="Newtonsoft.Json.Tests.Linq.JsonPath.JPathParseTests" runstate="Runnable" seed="219772242" result="Passed" start-time="2019-11-12 05:39:17Z" end-time="2019-11-12 05:39:17Z" duration="0.000753" asserts="0">
                    <properties />
                  </test-case>
                  <test-case id="3107" name="SinglePropertyAndFilterWithRegexAndOptions" fullname="Newtonsoft.Json.Tests.Linq.JsonPath.JPathParseTests.SinglePropertyAndFilterWithRegexAndOptions" methodname="SinglePropertyAndFilterWithRegexAndOptions" classname="Newtonsoft.Json.Tests.Linq.JsonPath.JPathParseTests" runstate="Runnable" seed="1415222715" result="Passed" start-time="2019-11-12 05:39:17Z" end-time="2019-11-12 05:39:17Z" duration="0.000755" asserts="0">
                    <properties />
                  </test-case>
                  <test-case id="3113" name="SinglePropertyAndFilterWithTrue" fullname="Newtonsoft.Json.Tests.Linq.JsonPath.JPathParseTests.SinglePropertyAndFilterWithTrue" methodname="SinglePropertyAndFilterWithTrue" classname="Newtonsoft.Json.Tests.Linq.JsonPath.JPathParseTests" runstate="Runnable" seed="369172659" result="Passed" start-time="2019-11-12 05:39:17Z" end-time="2019-11-12 05:39:17Z" duration="0.000897" asserts="0">
                    <properties />
                  </test-case>
                  <test-case id="3111" name="SinglePropertyAndFilterWithUnknownEscape" fullname="Newtonsoft.Json.Tests.Linq.JsonPath.JPathParseTests.SinglePropertyAndFilterWithUnknownEscape" methodname="SinglePropertyAndFilterWithUnknownEscape" classname="Newtonsoft.Json.Tests.Linq.JsonPath.JPathParseTests" runstate="Runnable" seed="1974485973" result="Passed" start-time="2019-11-12 05:39:17Z" end-time="2019-11-12 05:39:17Z" duration="0.001292" asserts="0">
                    <properties />
                  </test-case>
                  <test-case id="3104" name="SinglePropertyAndFilterWithWhitespace" fullname="Newtonsoft.Json.Tests.Linq.JsonPath.JPathParseTests.SinglePropertyAndFilterWithWhitespace" methodname="SinglePropertyAndFilterWithWhitespace" classname="Newtonsoft.Json.Tests.Linq.JsonPath.JPathParseTests" runstate="Runnable" seed="271252508" result="Passed" start-time="2019-11-12 05:39:17Z" end-time="2019-11-12 05:39:17Z" duration="0.001533" asserts="0">
                    <properties />
                  </test-case>
                  <test-case id="3102" name="SinglePropertyAndIndexer" fullname="Newtonsoft.Json.Tests.Linq.JsonPath.JPathParseTests.SinglePropertyAndIndexer" methodname="SinglePropertyAndIndexer" classname="Newtonsoft.Json.Tests.Linq.JsonPath.JPathParseTests" runstate="Runnable" seed="981816370" result="Passed" start-time="2019-11-12 05:39:17Z" end-time="2019-11-12 05:39:17Z" duration="0.000770" asserts="0">
                    <properties />
                  </test-case>
                  <test-case id="3084" name="SinglePropertyWithRoot" fullname="Newtonsoft.Json.Tests.Linq.JsonPath.JPathParseTests.SinglePropertyWithRoot" methodname="SinglePropertyWithRoot" classname="Newtonsoft.Json.Tests.Linq.JsonPath.JPathParseTests" runstate="Runnable" seed="373669761" result="Passed" start-time="2019-11-12 05:39:17Z" end-time="2019-11-12 05:39:17Z" duration="0.000597" asserts="0">
                    <properties />
                  </test-case>
                  <test-case id="3085" name="SinglePropertyWithRootWithStartAndEndWhitespace" fullname="Newtonsoft.Json.Tests.Linq.JsonPath.JPathParseTests.SinglePropertyWithRootWithStartAndEndWhitespace" methodname="SinglePropertyWithRootWithStartAndEndWhitespace" classname="Newtonsoft.Json.Tests.Linq.JsonPath.JPathParseTests" runstate="Runnable" seed="941121928" result="Passed" start-time="2019-11-12 05:39:17Z" end-time="2019-11-12 05:39:17Z" duration="0.000706" asserts="0">
                    <properties />
                  </test-case>
                  <test-case id="3080" name="SingleQuotedProperty" fullname="Newtonsoft.Json.Tests.Linq.JsonPath.JPathParseTests.SingleQuotedProperty" methodname="SingleQuotedProperty" classname="Newtonsoft.Json.Tests.Linq.JsonPath.JPathParseTests" runstate="Runnable" seed="1157599794" result="Passed" start-time="2019-11-12 05:39:17Z" end-time="2019-11-12 05:39:17Z" duration="0.001181" asserts="0">
                    <properties />
                  </test-case>
                  <test-case id="3083" name="SingleQuotedPropertyWithBrackets" fullname="Newtonsoft.Json.Tests.Linq.JsonPath.JPathParseTests.SingleQuotedPropertyWithBrackets" methodname="SingleQuotedPropertyWithBrackets" classname="Newtonsoft.Json.Tests.Linq.JsonPath.JPathParseTests" runstate="Runnable" seed="303310591" result="Passed" start-time="2019-11-12 05:39:17Z" end-time="2019-11-12 05:39:17Z" duration="0.000667" asserts="0">
                    <properties />
                  </test-case>
                  <test-case id="3082" name="SingleQuotedPropertyWithDots" fullname="Newtonsoft.Json.Tests.Linq.JsonPath.JPathParseTests.SingleQuotedPropertyWithDots" methodname="SingleQuotedPropertyWithDots" classname="Newtonsoft.Json.Tests.Linq.JsonPath.JPathParseTests" runstate="Runnable" seed="212965140" result="Passed" start-time="2019-11-12 05:39:17Z" end-time="2019-11-12 05:39:17Z" duration="0.000827" asserts="0">
                    <properties />
                  </test-case>
                  <test-case id="3081" name="SingleQuotedPropertyWithWhitespace" fullname="Newtonsoft.Json.Tests.Linq.JsonPath.JPathParseTests.SingleQuotedPropertyWithWhitespace" methodname="SingleQuotedPropertyWithWhitespace" classname="Newtonsoft.Json.Tests.Linq.JsonPath.JPathParseTests" runstate="Runnable" seed="2014700265" result="Passed" start-time="2019-11-12 05:39:17Z" end-time="2019-11-12 05:39:17Z" duration="0.000986" asserts="0">
                    <properties />
                  </test-case>
                  <test-case id="3095" name="SingleScanWithRoot" fullname="Newtonsoft.Json.Tests.Linq.JsonPath.JPathParseTests.SingleScanWithRoot" methodname="SingleScanWithRoot" classname="Newtonsoft.Json.Tests.Linq.JsonPath.JPathParseTests" runstate="Runnable" seed="1601061125" result="Passed" start-time="2019-11-12 05:39:17Z" end-time="2019-11-12 05:39:17Z" duration="0.000682" asserts="0">
                    <properties />
                  </test-case>
                  <test-case id="3147" name="SlicingIndex" fullname="Newtonsoft.Json.Tests.Linq.JsonPath.JPathParseTests.SlicingIndex" methodname="SlicingIndex" classname="Newtonsoft.Json.Tests.Linq.JsonPath.JPathParseTests" runstate="Runnable" seed="2034390191" result="Passed" start-time="2019-11-12 05:39:17Z" end-time="2019-11-12 05:39:17Z" duration="0.000833" asserts="0">
                    <properties />
                  </test-case>
                  <test-case id="3146" name="SlicingIndexAll" fullname="Newtonsoft.Json.Tests.Linq.JsonPath.JPathParseTests.SlicingIndexAll" methodname="SlicingIndexAll" classname="Newtonsoft.Json.Tests.Linq.JsonPath.JPathParseTests" runstate="Runnable" seed="664656211" result="Passed" start-time="2019-11-12 05:39:17Z" end-time="2019-11-12 05:39:17Z" duration="0.000775" asserts="0">
                    <properties />
                  </test-case>
                  <test-case id="3150" name="SlicingIndexEmptyStart" fullname="Newtonsoft.Json.Tests.Linq.JsonPath.JPathParseTests.SlicingIndexEmptyStart" methodname="SlicingIndexEmptyStart" classname="Newtonsoft.Json.Tests.Linq.JsonPath.JPathParseTests" runstate="Runnable" seed="250965706" result="Passed" start-time="2019-11-12 05:39:17Z" end-time="2019-11-12 05:39:17Z" duration="0.000869" asserts="0">
                    <properties />
                  </test-case>
                  <test-case id="3149" name="SlicingIndexEmptyStop" fullname="Newtonsoft.Json.Tests.Linq.JsonPath.JPathParseTests.SlicingIndexEmptyStop" methodname="SlicingIndexEmptyStop" classname="Newtonsoft.Json.Tests.Linq.JsonPath.JPathParseTests" runstate="Runnable" seed="544346599" result="Passed" start-time="2019-11-12 05:39:17Z" end-time="2019-11-12 05:39:17Z" duration="0.000828" asserts="0">
                    <properties />
                  </test-case>
                  <test-case id="3148" name="SlicingIndexNegative" fullname="Newtonsoft.Json.Tests.Linq.JsonPath.JPathParseTests.SlicingIndexNegative" methodname="SlicingIndexNegative" classname="Newtonsoft.Json.Tests.Linq.JsonPath.JPathParseTests" runstate="Runnable" seed="1516350143" result="Passed" start-time="2019-11-12 05:39:17Z" end-time="2019-11-12 05:39:17Z" duration="0.000954" asserts="0">
                    <properties />
                  </test-case>
                  <test-case id="3151" name="SlicingIndexWhitespace" fullname="Newtonsoft.Json.Tests.Linq.JsonPath.JPathParseTests.SlicingIndexWhitespace" methodname="SlicingIndexWhitespace" classname="Newtonsoft.Json.Tests.Linq.JsonPath.JPathParseTests" runstate="Runnable" seed="352027520" result="Passed" start-time="2019-11-12 05:39:17Z" end-time="2019-11-12 05:39:17Z" duration="0.001551" asserts="0">
                    <properties />
                  </test-case>
                  <test-case id="3100" name="TwoProperties" fullname="Newtonsoft.Json.Tests.Linq.JsonPath.JPathParseTests.TwoProperties" methodname="TwoProperties" classname="Newtonsoft.Json.Tests.Linq.JsonPath.JPathParseTests" runstate="Runnable" seed="758244076" result="Passed" start-time="2019-11-12 05:39:17Z" end-time="2019-11-12 05:39:17Z" duration="0.000991" asserts="0">
                    <properties />
                  </test-case>
                  <test-case id="3139" name="UnclosedIndexer" fullname="Newtonsoft.Json.Tests.Linq.JsonPath.JPathParseTests.UnclosedIndexer" methodname="UnclosedIndexer" classname="Newtonsoft.Json.Tests.Linq.JsonPath.JPathParseTests" runstate="Runnable" seed="438529497" result="Passed" start-time="2019-11-12 05:39:17Z" end-time="2019-11-12 05:39:17Z" duration="0.000670" asserts="0">
                    <properties />
                  </test-case>
                  <test-case id="3092" name="WildcardArray" fullname="Newtonsoft.Json.Tests.Linq.JsonPath.JPathParseTests.WildcardArray" methodname="WildcardArray" classname="Newtonsoft.Json.Tests.Linq.JsonPath.JPathParseTests" runstate="Runnable" seed="1826931980" result="Passed" start-time="2019-11-12 05:39:17Z" end-time="2019-11-12 05:39:17Z" duration="0.000840" asserts="0">
                    <properties />
                  </test-case>
                  <test-case id="3093" name="WildcardArrayWithProperty" fullname="Newtonsoft.Json.Tests.Linq.JsonPath.JPathParseTests.WildcardArrayWithProperty" methodname="WildcardArrayWithProperty" classname="Newtonsoft.Json.Tests.Linq.JsonPath.JPathParseTests" runstate="Runnable" seed="1748465585" result="Passed" start-time="2019-11-12 05:39:17Z" end-time="2019-11-12 05:39:17Z" duration="0.000882" asserts="0">
                    <properties />
                  </test-case>
                  <test-case id="3090" name="WildcardArrayWithRoot" fullname="Newtonsoft.Json.Tests.Linq.JsonPath.JPathParseTests.WildcardArrayWithRoot" methodname="WildcardArrayWithRoot" classname="Newtonsoft.Json.Tests.Linq.JsonPath.JPathParseTests" runstate="Runnable" seed="1626461236" result="Passed" start-time="2019-11-12 05:39:17Z" end-time="2019-11-12 05:39:17Z" duration="0.000695" asserts="0">
                    <properties />
                  </test-case>
                  <test-case id="3089" name="WildcardPropertyWithRoot" fullname="Newtonsoft.Json.Tests.Linq.JsonPath.JPathParseTests.WildcardPropertyWithRoot" methodname="WildcardPropertyWithRoot" classname="Newtonsoft.Json.Tests.Linq.JsonPath.JPathParseTests" runstate="Runnable" seed="324163922" result="Passed" start-time="2019-11-12 05:39:17Z" end-time="2019-11-12 05:39:17Z" duration="0.000671" asserts="0">
                    <properties />
                  </test-case>
                  <test-case id="3098" name="WildcardScanWithRoot" fullname="Newtonsoft.Json.Tests.Linq.JsonPath.JPathParseTests.WildcardScanWithRoot" methodname="WildcardScanWithRoot" classname="Newtonsoft.Json.Tests.Linq.JsonPath.JPathParseTests" runstate="Runnable" seed="30064058" result="Passed" start-time="2019-11-12 05:39:17Z" end-time="2019-11-12 05:39:17Z" duration="0.000720" asserts="0">
                    <properties />
                  </test-case>
                  <test-case id="3099" name="WildcardScanWithRootWithWhitespace" fullname="Newtonsoft.Json.Tests.Linq.JsonPath.JPathParseTests.WildcardScanWithRootWithWhitespace" methodname="WildcardScanWithRootWithWhitespace" classname="Newtonsoft.Json.Tests.Linq.JsonPath.JPathParseTests" runstate="Runnable" seed="1755804684" result="Passed" start-time="2019-11-12 05:39:17Z" end-time="2019-11-12 05:39:17Z" duration="0.000840" asserts="0">
                    <properties />
                  </test-case>
                </test-suite>
                <test-suite type="TestFixture" id="3157" name="QueryExpressionTests" fullname="Newtonsoft.Json.Tests.Linq.JsonPath.QueryExpressionTests" classname="Newtonsoft.Json.Tests.Linq.JsonPath.QueryExpressionTests" runstate="Runnable" testcasecount="7" result="Passed" start-time="2019-11-12 05:39:17Z" end-time="2019-11-12 05:39:17Z" duration="0.026621" total="7" passed="7" failed="0" inconclusive="0" skipped="0" asserts="0">
                  <properties />
                  <test-case id="3158" name="AndExpressionTest" fullname="Newtonsoft.Json.Tests.Linq.JsonPath.QueryExpressionTests.AndExpressionTest" methodname="AndExpressionTest" classname="Newtonsoft.Json.Tests.Linq.JsonPath.QueryExpressionTests" runstate="Runnable" seed="1333468832" result="Passed" start-time="2019-11-12 05:39:17Z" end-time="2019-11-12 05:39:17Z" duration="0.001873" asserts="0">
                    <properties />
                  </test-case>
                  <test-case id="3162" name="BooleanExpressionTest" fullname="Newtonsoft.Json.Tests.Linq.JsonPath.QueryExpressionTests.BooleanExpressionTest" methodname="BooleanExpressionTest" classname="Newtonsoft.Json.Tests.Linq.JsonPath.QueryExpressionTests" runstate="Runnable" seed="599900704" result="Passed" start-time="2019-11-12 05:39:17Z" end-time="2019-11-12 05:39:17Z" duration="0.001426" asserts="0">
                    <properties />
                  </test-case>
                  <test-case id="3163" name="BooleanExpressionTest_GreaterThanOperator" fullname="Newtonsoft.Json.Tests.Linq.JsonPath.QueryExpressionTests.BooleanExpressionTest_GreaterThanOperator" methodname="BooleanExpressionTest_GreaterThanOperator" classname="Newtonsoft.Json.Tests.Linq.JsonPath.QueryExpressionTests" runstate="Runnable" seed="390113320" result="Passed" start-time="2019-11-12 05:39:17Z" end-time="2019-11-12 05:39:17Z" duration="0.000845" asserts="0">
                    <properties />
                  </test-case>
                  <test-case id="3164" name="BooleanExpressionTest_GreaterThanOrEqualsOperator" fullname="Newtonsoft.Json.Tests.Linq.JsonPath.QueryExpressionTests.BooleanExpressionTest_GreaterThanOrEqualsOperator" methodname="BooleanExpressionTest_GreaterThanOrEqualsOperator" classname="Newtonsoft.Json.Tests.Linq.JsonPath.QueryExpressionTests" runstate="Runnable" seed="2133157152" result="Passed" start-time="2019-11-12 05:39:17Z" end-time="2019-11-12 05:39:17Z" duration="0.000983" asserts="0">
                    <properties />
                  </test-case>
                  <test-case id="3160" name="BooleanExpressionTest_RegexEqualsOperator" fullname="Newtonsoft.Json.Tests.Linq.JsonPath.QueryExpressionTests.BooleanExpressionTest_RegexEqualsOperator" methodname="BooleanExpressionTest_RegexEqualsOperator" classname="Newtonsoft.Json.Tests.Linq.JsonPath.QueryExpressionTests" runstate="Runnable" seed="1626367441" result="Passed" start-time="2019-11-12 05:39:17Z" end-time="2019-11-12 05:39:17Z" duration="0.001780" asserts="0">
                    <properties />
                  </test-case>
                  <test-case id="3161" name="BooleanExpressionTest_RegexEqualsOperator_CornerCase" fullname="Newtonsoft.Json.Tests.Linq.JsonPath.QueryExpressionTests.BooleanExpressionTest_RegexEqualsOperator_CornerCase" methodname="BooleanExpressionTest_RegexEqualsOperator_CornerCase" classname="Newtonsoft.Json.Tests.Linq.JsonPath.QueryExpressionTests" runstate="Runnable" seed="1795640553" result="Passed" start-time="2019-11-12 05:39:17Z" end-time="2019-11-12 05:39:17Z" duration="0.000996" asserts="0">
                    <properties />
                  </test-case>
                  <test-case id="3159" name="OrExpressionTest" fullname="Newtonsoft.Json.Tests.Linq.JsonPath.QueryExpressionTests.OrExpressionTest" methodname="OrExpressionTest" classname="Newtonsoft.Json.Tests.Linq.JsonPath.QueryExpressionTests" runstate="Runnable" seed="384391149" result="Passed" start-time="2019-11-12 05:39:17Z" end-time="2019-11-12 05:39:17Z" duration="0.000838" asserts="0">
                    <properties />
                  </test-case>
                </test-suite>
              </test-suite>
              <test-suite type="TestFixture" id="2707" name="JTokenEqualityComparerTests" fullname="Newtonsoft.Json.Tests.Linq.JTokenEqualityComparerTests" classname="Newtonsoft.Json.Tests.Linq.JTokenEqualityComparerTests" runstate="Runnable" testcasecount="5" result="Passed" start-time="2019-11-12 05:39:18Z" end-time="2019-11-12 05:39:18Z" duration="0.022885" total="5" passed="5" failed="0" inconclusive="0" skipped="0" asserts="0">
                <properties />
                <test-case id="2708" name="CompareEmptyProperties" fullname="Newtonsoft.Json.Tests.Linq.JTokenEqualityComparerTests.CompareEmptyProperties" methodname="CompareEmptyProperties" classname="Newtonsoft.Json.Tests.Linq.JTokenEqualityComparerTests" runstate="Runnable" seed="1764259745" result="Passed" start-time="2019-11-12 05:39:18Z" end-time="2019-11-12 05:39:18Z" duration="0.001076" asserts="0">
                  <properties />
                </test-case>
                <test-case id="2710" name="JArrayDictionary" fullname="Newtonsoft.Json.Tests.Linq.JTokenEqualityComparerTests.JArrayDictionary" methodname="JArrayDictionary" classname="Newtonsoft.Json.Tests.Linq.JTokenEqualityComparerTests" runstate="Runnable" seed="273588542" result="Passed" start-time="2019-11-12 05:39:18Z" end-time="2019-11-12 05:39:18Z" duration="0.003824" asserts="0">
                  <properties />
                </test-case>
                <test-case id="2712" name="JConstructorDictionary" fullname="Newtonsoft.Json.Tests.Linq.JTokenEqualityComparerTests.JConstructorDictionary" methodname="JConstructorDictionary" classname="Newtonsoft.Json.Tests.Linq.JTokenEqualityComparerTests" runstate="Runnable" seed="1346067203" result="Passed" start-time="2019-11-12 05:39:18Z" end-time="2019-11-12 05:39:18Z" duration="0.001425" asserts="0">
                  <properties />
                </test-case>
                <test-case id="2711" name="JObjectDictionary" fullname="Newtonsoft.Json.Tests.Linq.JTokenEqualityComparerTests.JObjectDictionary" methodname="JObjectDictionary" classname="Newtonsoft.Json.Tests.Linq.JTokenEqualityComparerTests" runstate="Runnable" seed="461184461" result="Passed" start-time="2019-11-12 05:39:18Z" end-time="2019-11-12 05:39:18Z" duration="0.001113" asserts="0">
                  <properties />
                </test-case>
                <test-case id="2709" name="JValueDictionary" fullname="Newtonsoft.Json.Tests.Linq.JTokenEqualityComparerTests.JValueDictionary" methodname="JValueDictionary" classname="Newtonsoft.Json.Tests.Linq.JTokenEqualityComparerTests" runstate="Runnable" seed="1491938280" result="Passed" start-time="2019-11-12 05:39:18Z" end-time="2019-11-12 05:39:18Z" duration="0.000730" asserts="0">
                  <properties />
                </test-case>
              </test-suite>
              <test-suite type="TestFixture" id="2713" name="JTokenReaderTest" fullname="Newtonsoft.Json.Tests.Linq.JTokenReaderTest" classname="Newtonsoft.Json.Tests.Linq.JTokenReaderTest" runstate="Runnable" testcasecount="49" result="Passed" start-time="2019-11-12 05:39:18Z" end-time="2019-11-12 05:39:18Z" duration="0.180913" total="49" passed="49" failed="0" inconclusive="0" skipped="0" asserts="0">
                <properties />
                <test-case id="2715" name="ConvertBigIntegerToDecimal" fullname="Newtonsoft.Json.Tests.Linq.JTokenReaderTest.ConvertBigIntegerToDecimal" methodname="ConvertBigIntegerToDecimal" classname="Newtonsoft.Json.Tests.Linq.JTokenReaderTest" runstate="Runnable" seed="1689092600" result="Passed" start-time="2019-11-12 05:39:18Z" end-time="2019-11-12 05:39:18Z" duration="0.000931" asserts="0">
                  <properties />
                </test-case>
                <test-case id="2714" name="ConvertBigIntegerToDouble" fullname="Newtonsoft.Json.Tests.Linq.JTokenReaderTest.ConvertBigIntegerToDouble" methodname="ConvertBigIntegerToDouble" classname="Newtonsoft.Json.Tests.Linq.JTokenReaderTest" runstate="Runnable" seed="645238787" result="Passed" start-time="2019-11-12 05:39:18Z" end-time="2019-11-12 05:39:18Z" duration="0.001383" asserts="0">
                  <properties />
                </test-case>
                <test-case id="2727" name="DeserializeByteArrayWithTypeNameHandling" fullname="Newtonsoft.Json.Tests.Linq.JTokenReaderTest.DeserializeByteArrayWithTypeNameHandling" methodname="DeserializeByteArrayWithTypeNameHandling" classname="Newtonsoft.Json.Tests.Linq.JTokenReaderTest" runstate="Runnable" seed="778380732" result="Passed" start-time="2019-11-12 05:39:18Z" end-time="2019-11-12 05:39:18Z" duration="0.000959" asserts="0">
                  <properties />
                </test-case>
                <test-case id="2728" name="DeserializeStringInt" fullname="Newtonsoft.Json.Tests.Linq.JTokenReaderTest.DeserializeStringInt" methodname="DeserializeStringInt" classname="Newtonsoft.Json.Tests.Linq.JTokenReaderTest" runstate="Runnable" seed="2023965866" result="Passed" start-time="2019-11-12 05:39:18Z" end-time="2019-11-12 05:39:18Z" duration="0.002517" asserts="0">
                  <properties />
                </test-case>
                <test-case id="2716" name="ErrorTokenIndex" fullname="Newtonsoft.Json.Tests.Linq.JTokenReaderTest.ErrorTokenIndex" methodname="ErrorTokenIndex" classname="Newtonsoft.Json.Tests.Linq.JTokenReaderTest" runstate="Runnable" seed="2026732986" result="Passed" start-time="2019-11-12 05:39:18Z" end-time="2019-11-12 05:39:18Z" duration="0.006278" asserts="0">
                  <properties />
                </test-case>
                <test-case id="2740" name="InitialPath_ArrayBase_ArrayToken" fullname="Newtonsoft.Json.Tests.Linq.JTokenReaderTest.InitialPath_ArrayBase_ArrayToken" methodname="InitialPath_ArrayBase_ArrayToken" classname="Newtonsoft.Json.Tests.Linq.JTokenReaderTest" runstate="Runnable" seed="1283215534" result="Passed" start-time="2019-11-12 05:39:18Z" end-time="2019-11-12 05:39:18Z" duration="0.001017" asserts="0">
                  <properties />
                </test-case>
                <test-case id="2738" name="InitialPath_ArrayBase_PropertyToken" fullname="Newtonsoft.Json.Tests.Linq.JTokenReaderTest.InitialPath_ArrayBase_PropertyToken" methodname="InitialPath_ArrayBase_PropertyToken" classname="Newtonsoft.Json.Tests.Linq.JTokenReaderTest" runstate="Runnable" seed="1481028318" result="Passed" start-time="2019-11-12 05:39:18Z" end-time="2019-11-12 05:39:18Z" duration="0.001008" asserts="0">
                  <properties />
                </test-case>
                <test-case id="2739" name="InitialPath_PropertyBase_ArrayToken" fullname="Newtonsoft.Json.Tests.Linq.JTokenReaderTest.InitialPath_PropertyBase_ArrayToken" methodname="InitialPath_PropertyBase_ArrayToken" classname="Newtonsoft.Json.Tests.Linq.JTokenReaderTest" runstate="Runnable" seed="640967795" result="Passed" start-time="2019-11-12 05:39:18Z" end-time="2019-11-12 05:39:18Z" duration="0.000741" asserts="0">
                  <properties />
                </test-case>
                <test-case id="2737" name="InitialPath_PropertyBase_PropertyToken" fullname="Newtonsoft.Json.Tests.Linq.JTokenReaderTest.InitialPath_PropertyBase_PropertyToken" methodname="InitialPath_PropertyBase_PropertyToken" classname="Newtonsoft.Json.Tests.Linq.JTokenReaderTest" runstate="Runnable" seed="1784365089" result="Passed" start-time="2019-11-12 05:39:18Z" end-time="2019-11-12 05:39:18Z" duration="0.000645" asserts="0">
                  <properties />
                </test-case>
                <test-case id="2752" name="ReadAsBoolean_BigInteger_Success" fullname="Newtonsoft.Json.Tests.Linq.JTokenReaderTest.ReadAsBoolean_BigInteger_Success" methodname="ReadAsBoolean_BigInteger_Success" classname="Newtonsoft.Json.Tests.Linq.JTokenReaderTest" runstate="Runnable" seed="933635919" result="Passed" start-time="2019-11-12 05:39:18Z" end-time="2019-11-12 05:39:18Z" duration="0.000754" asserts="0">
                  <properties />
                </test-case>
                <test-case id="2755" name="ReadAsBoolean_Integer_Success" fullname="Newtonsoft.Json.Tests.Linq.JTokenReaderTest.ReadAsBoolean_Integer_Success" methodname="ReadAsBoolean_Integer_Success" classname="Newtonsoft.Json.Tests.Linq.JTokenReaderTest" runstate="Runnable" seed="1335875930" result="Passed" start-time="2019-11-12 05:39:18Z" end-time="2019-11-12 05:39:18Z" duration="0.000960" asserts="0">
                  <properties />
                </test-case>
                <test-case id="2742" name="ReadAsBoolean_InvalidToken" fullname="Newtonsoft.Json.Tests.Linq.JTokenReaderTest.ReadAsBoolean_InvalidToken" methodname="ReadAsBoolean_InvalidToken" classname="Newtonsoft.Json.Tests.Linq.JTokenReaderTest" runstate="Runnable" seed="1075142715" result="Passed" start-time="2019-11-12 05:39:18Z" end-time="2019-11-12 05:39:18Z" duration="0.001125" asserts="0">
                  <properties />
                </test-case>
                <test-case id="2754" name="ReadAsBoolean_Null_Success" fullname="Newtonsoft.Json.Tests.Linq.JTokenReaderTest.ReadAsBoolean_Null_Success" methodname="ReadAsBoolean_Null_Success" classname="Newtonsoft.Json.Tests.Linq.JTokenReaderTest" runstate="Runnable" seed="684313332" result="Passed" start-time="2019-11-12 05:39:18Z" end-time="2019-11-12 05:39:18Z" duration="0.000741" asserts="0">
                  <properties />
                </test-case>
                <test-case id="2753" name="ReadAsBoolean_String_Success" fullname="Newtonsoft.Json.Tests.Linq.JTokenReaderTest.ReadAsBoolean_String_Success" methodname="ReadAsBoolean_String_Success" classname="Newtonsoft.Json.Tests.Linq.JTokenReaderTest" runstate="Runnable" seed="299294879" result="Passed" start-time="2019-11-12 05:39:18Z" end-time="2019-11-12 05:39:18Z" duration="0.000973" asserts="0">
                  <properties />
                </test-case>
                <test-case id="2761" name="ReadAsBytes_Array" fullname="Newtonsoft.Json.Tests.Linq.JTokenReaderTest.ReadAsBytes_Array" methodname="ReadAsBytes_Array" classname="Newtonsoft.Json.Tests.Linq.JTokenReaderTest" runstate="Runnable" seed="1162687085" result="Passed" start-time="2019-11-12 05:39:18Z" end-time="2019-11-12 05:39:18Z" duration="0.001484" asserts="0">
                  <properties />
                </test-case>
                <test-case id="2760" name="ReadAsBytes_Integer_Success" fullname="Newtonsoft.Json.Tests.Linq.JTokenReaderTest.ReadAsBytes_Integer_Success" methodname="ReadAsBytes_Integer_Success" classname="Newtonsoft.Json.Tests.Linq.JTokenReaderTest" runstate="Runnable" seed="207113774" result="Passed" start-time="2019-11-12 05:39:18Z" end-time="2019-11-12 05:39:18Z" duration="0.000718" asserts="0">
                  <properties />
                </test-case>
                <test-case id="2762" name="ReadAsBytes_Null" fullname="Newtonsoft.Json.Tests.Linq.JTokenReaderTest.ReadAsBytes_Null" methodname="ReadAsBytes_Null" classname="Newtonsoft.Json.Tests.Linq.JTokenReaderTest" runstate="Runnable" seed="400883685" result="Passed" start-time="2019-11-12 05:39:18Z" end-time="2019-11-12 05:39:18Z" duration="0.000960" asserts="0">
                  <properties />
                </test-case>
                <test-case id="2726" name="ReadAsBytesNull" fullname="Newtonsoft.Json.Tests.Linq.JTokenReaderTest.ReadAsBytesNull" methodname="ReadAsBytesNull" classname="Newtonsoft.Json.Tests.Linq.JTokenReaderTest" runstate="Runnable" seed="1922181829" result="Passed" start-time="2019-11-12 05:39:18Z" end-time="2019-11-12 05:39:18Z" duration="0.001747" asserts="0">
                  <properties />
                </test-case>
                <test-case id="2747" name="ReadAsDateTime_DateTimeOffset" fullname="Newtonsoft.Json.Tests.Linq.JTokenReaderTest.ReadAsDateTime_DateTimeOffset" methodname="ReadAsDateTime_DateTimeOffset" classname="Newtonsoft.Json.Tests.Linq.JTokenReaderTest" runstate="Runnable" seed="408616813" result="Passed" start-time="2019-11-12 05:39:18Z" end-time="2019-11-12 05:39:18Z" duration="0.001909" asserts="0">
                  <properties />
                </test-case>
                <test-case id="2743" name="ReadAsDateTime_InvalidToken" fullname="Newtonsoft.Json.Tests.Linq.JTokenReaderTest.ReadAsDateTime_InvalidToken" methodname="ReadAsDateTime_InvalidToken" classname="Newtonsoft.Json.Tests.Linq.JTokenReaderTest" runstate="Runnable" seed="821595498" result="Passed" start-time="2019-11-12 05:39:18Z" end-time="2019-11-12 05:39:18Z" duration="0.000953" asserts="0">
                  <properties />
                </test-case>
                <test-case id="2756" name="ReadAsDateTime_Null_Success" fullname="Newtonsoft.Json.Tests.Linq.JTokenReaderTest.ReadAsDateTime_Null_Success" methodname="ReadAsDateTime_Null_Success" classname="Newtonsoft.Json.Tests.Linq.JTokenReaderTest" runstate="Runnable" seed="73336424" result="Passed" start-time="2019-11-12 05:39:18Z" end-time="2019-11-12 05:39:18Z" duration="0.000598" asserts="0">
                  <properties />
                </test-case>
                <test-case id="2748" name="ReadAsDateTime_String" fullname="Newtonsoft.Json.Tests.Linq.JTokenReaderTest.ReadAsDateTime_String" methodname="ReadAsDateTime_String" classname="Newtonsoft.Json.Tests.Linq.JTokenReaderTest" runstate="Runnable" seed="994601130" result="Passed" start-time="2019-11-12 05:39:18Z" end-time="2019-11-12 05:39:18Z" duration="0.000691" asserts="0">
                  <properties />
                </test-case>
                <test-case id="2745" name="ReadAsDateTimeOffset_DateTime" fullname="Newtonsoft.Json.Tests.Linq.JTokenReaderTest.ReadAsDateTimeOffset_DateTime" methodname="ReadAsDateTimeOffset_DateTime" classname="Newtonsoft.Json.Tests.Linq.JTokenReaderTest" runstate="Runnable" seed="363768660" result="Passed" start-time="2019-11-12 05:39:18Z" end-time="2019-11-12 05:39:18Z" duration="0.001139" asserts="0">
                  <properties />
                </test-case>
                <test-case id="2744" name="ReadAsDateTimeOffset_InvalidToken" fullname="Newtonsoft.Json.Tests.Linq.JTokenReaderTest.ReadAsDateTimeOffset_InvalidToken" methodname="ReadAsDateTimeOffset_InvalidToken" classname="Newtonsoft.Json.Tests.Linq.JTokenReaderTest" runstate="Runnable" seed="338378334" result="Passed" start-time="2019-11-12 05:39:18Z" end-time="2019-11-12 05:39:18Z" duration="0.000749" asserts="0">
                  <properties />
                </test-case>
                <test-case id="2757" name="ReadAsDateTimeOffset_Null_Success" fullname="Newtonsoft.Json.Tests.Linq.JTokenReaderTest.ReadAsDateTimeOffset_Null_Success" methodname="ReadAsDateTimeOffset_Null_Success" classname="Newtonsoft.Json.Tests.Linq.JTokenReaderTest" runstate="Runnable" seed="1165441203" result="Passed" start-time="2019-11-12 05:39:18Z" end-time="2019-11-12 05:39:18Z" duration="0.000578" asserts="0">
                  <properties />
                </test-case>
                <test-case id="2746" name="ReadAsDateTimeOffset_String" fullname="Newtonsoft.Json.Tests.Linq.JTokenReaderTest.ReadAsDateTimeOffset_String" methodname="ReadAsDateTimeOffset_String" classname="Newtonsoft.Json.Tests.Linq.JTokenReaderTest" runstate="Runnable" seed="200596287" result="Passed" start-time="2019-11-12 05:39:18Z" end-time="2019-11-12 05:39:18Z" duration="0.000519" asserts="0">
                  <properties />
                </test-case>
                <test-case id="2718" name="ReadAsDateTimeOffsetBadString" fullname="Newtonsoft.Json.Tests.Linq.JTokenReaderTest.ReadAsDateTimeOffsetBadString" methodname="ReadAsDateTimeOffsetBadString" classname="Newtonsoft.Json.Tests.Linq.JTokenReaderTest" runstate="Runnable" seed="839804108" result="Passed" start-time="2019-11-12 05:39:18Z" end-time="2019-11-12 05:39:18Z" duration="0.001875" asserts="0">
                  <properties />
                </test-case>
                <test-case id="2719" name="ReadAsDateTimeOffsetBoolean" fullname="Newtonsoft.Json.Tests.Linq.JTokenReaderTest.ReadAsDateTimeOffsetBoolean" methodname="ReadAsDateTimeOffsetBoolean" classname="Newtonsoft.Json.Tests.Linq.JTokenReaderTest" runstate="Runnable" seed="784527171" result="Passed" start-time="2019-11-12 05:39:18Z" end-time="2019-11-12 05:39:18Z" duration="0.001069" asserts="0">
                  <properties />
                </test-case>
                <test-case id="2720" name="ReadAsDateTimeOffsetString" fullname="Newtonsoft.Json.Tests.Linq.JTokenReaderTest.ReadAsDateTimeOffsetString" methodname="ReadAsDateTimeOffsetString" classname="Newtonsoft.Json.Tests.Linq.JTokenReaderTest" runstate="Runnable" seed="167189779" result="Passed" start-time="2019-11-12 05:39:18Z" end-time="2019-11-12 05:39:18Z" duration="0.000890" asserts="0">
                  <properties />
                </test-case>
                <test-case id="2734" name="ReadAsDecimalBadString" fullname="Newtonsoft.Json.Tests.Linq.JTokenReaderTest.ReadAsDecimalBadString" methodname="ReadAsDecimalBadString" classname="Newtonsoft.Json.Tests.Linq.JTokenReaderTest" runstate="Runnable" seed="766748079" result="Passed" start-time="2019-11-12 05:39:18Z" end-time="2019-11-12 05:39:18Z" duration="0.000924" asserts="0">
                  <properties />
                </test-case>
                <test-case id="2735" name="ReadAsDecimalBoolean" fullname="Newtonsoft.Json.Tests.Linq.JTokenReaderTest.ReadAsDecimalBoolean" methodname="ReadAsDecimalBoolean" classname="Newtonsoft.Json.Tests.Linq.JTokenReaderTest" runstate="Runnable" seed="1341233732" result="Passed" start-time="2019-11-12 05:39:18Z" end-time="2019-11-12 05:39:18Z" duration="0.000897" asserts="0">
                  <properties />
                </test-case>
                <test-case id="2729" name="ReadAsDecimalInt" fullname="Newtonsoft.Json.Tests.Linq.JTokenReaderTest.ReadAsDecimalInt" methodname="ReadAsDecimalInt" classname="Newtonsoft.Json.Tests.Linq.JTokenReaderTest" runstate="Runnable" seed="1090856861" result="Passed" start-time="2019-11-12 05:39:18Z" end-time="2019-11-12 05:39:18Z" duration="0.000649" asserts="0">
                  <properties />
                </test-case>
                <test-case id="2736" name="ReadAsDecimalNull" fullname="Newtonsoft.Json.Tests.Linq.JTokenReaderTest.ReadAsDecimalNull" methodname="ReadAsDecimalNull" classname="Newtonsoft.Json.Tests.Linq.JTokenReaderTest" runstate="Runnable" seed="601510720" result="Passed" start-time="2019-11-12 05:39:18Z" end-time="2019-11-12 05:39:18Z" duration="0.000682" asserts="0">
                  <properties />
                </test-case>
                <test-case id="2733" name="ReadAsDecimalString" fullname="Newtonsoft.Json.Tests.Linq.JTokenReaderTest.ReadAsDecimalString" methodname="ReadAsDecimalString" classname="Newtonsoft.Json.Tests.Linq.JTokenReaderTest" runstate="Runnable" seed="341419832" result="Passed" start-time="2019-11-12 05:39:18Z" end-time="2019-11-12 05:39:18Z" duration="0.000702" asserts="0">
                  <properties />
                </test-case>
                <test-case id="2751" name="ReadAsDouble_Integer_Success" fullname="Newtonsoft.Json.Tests.Linq.JTokenReaderTest.ReadAsDouble_Integer_Success" methodname="ReadAsDouble_Integer_Success" classname="Newtonsoft.Json.Tests.Linq.JTokenReaderTest" runstate="Runnable" seed="2000844057" result="Passed" start-time="2019-11-12 05:39:18Z" end-time="2019-11-12 05:39:18Z" duration="0.000606" asserts="0">
                  <properties />
                </test-case>
                <test-case id="2741" name="ReadAsDouble_InvalidToken" fullname="Newtonsoft.Json.Tests.Linq.JTokenReaderTest.ReadAsDouble_InvalidToken" methodname="ReadAsDouble_InvalidToken" classname="Newtonsoft.Json.Tests.Linq.JTokenReaderTest" runstate="Runnable" seed="1313137120" result="Passed" start-time="2019-11-12 05:39:18Z" end-time="2019-11-12 05:39:18Z" duration="0.001041" asserts="0">
                  <properties />
                </test-case>
                <test-case id="2750" name="ReadAsDouble_Null_Success" fullname="Newtonsoft.Json.Tests.Linq.JTokenReaderTest.ReadAsDouble_Null_Success" methodname="ReadAsDouble_Null_Success" classname="Newtonsoft.Json.Tests.Linq.JTokenReaderTest" runstate="Runnable" seed="1189252162" result="Passed" start-time="2019-11-12 05:39:18Z" end-time="2019-11-12 05:39:18Z" duration="0.000505" asserts="0">
                  <properties />
                </test-case>
                <test-case id="2749" name="ReadAsDouble_String_Success" fullname="Newtonsoft.Json.Tests.Linq.JTokenReaderTest.ReadAsDouble_String_Success" methodname="ReadAsDouble_String_Success" classname="Newtonsoft.Json.Tests.Linq.JTokenReaderTest" runstate="Runnable" seed="363342678" result="Passed" start-time="2019-11-12 05:39:18Z" end-time="2019-11-12 05:39:18Z" duration="0.000592" asserts="0">
                  <properties />
                </test-case>
                <test-case id="2731" name="ReadAsInt32BadString" fullname="Newtonsoft.Json.Tests.Linq.JTokenReaderTest.ReadAsInt32BadString" methodname="ReadAsInt32BadString" classname="Newtonsoft.Json.Tests.Linq.JTokenReaderTest" runstate="Runnable" seed="519770096" result="Passed" start-time="2019-11-12 05:39:18Z" end-time="2019-11-12 05:39:18Z" duration="0.000913" asserts="0">
                  <properties />
                </test-case>
                <test-case id="2732" name="ReadAsInt32Boolean" fullname="Newtonsoft.Json.Tests.Linq.JTokenReaderTest.ReadAsInt32Boolean" methodname="ReadAsInt32Boolean" classname="Newtonsoft.Json.Tests.Linq.JTokenReaderTest" runstate="Runnable" seed="1014351537" result="Passed" start-time="2019-11-12 05:39:18Z" end-time="2019-11-12 05:39:18Z" duration="0.000852" asserts="0">
                  <properties />
                </test-case>
                <test-case id="2730" name="ReadAsInt32Int" fullname="Newtonsoft.Json.Tests.Linq.JTokenReaderTest.ReadAsInt32Int" methodname="ReadAsInt32Int" classname="Newtonsoft.Json.Tests.Linq.JTokenReaderTest" runstate="Runnable" seed="1404642710" result="Passed" start-time="2019-11-12 05:39:18Z" end-time="2019-11-12 05:39:18Z" duration="0.000696" asserts="0">
                  <properties />
                </test-case>
                <test-case id="2759" name="ReadAsString_Guid_Success" fullname="Newtonsoft.Json.Tests.Linq.JTokenReaderTest.ReadAsString_Guid_Success" methodname="ReadAsString_Guid_Success" classname="Newtonsoft.Json.Tests.Linq.JTokenReaderTest" runstate="Runnable" seed="535672500" result="Passed" start-time="2019-11-12 05:39:18Z" end-time="2019-11-12 05:39:18Z" duration="0.000633" asserts="0">
                  <properties />
                </test-case>
                <test-case id="2758" name="ReadAsString_Integer_Success" fullname="Newtonsoft.Json.Tests.Linq.JTokenReaderTest.ReadAsString_Integer_Success" methodname="ReadAsString_Integer_Success" classname="Newtonsoft.Json.Tests.Linq.JTokenReaderTest" runstate="Runnable" seed="1340106860" result="Passed" start-time="2019-11-12 05:39:18Z" end-time="2019-11-12 05:39:18Z" duration="0.000576" asserts="0">
                  <properties />
                </test-case>
                <test-case id="2722" name="ReadBytes" fullname="Newtonsoft.Json.Tests.Linq.JTokenReaderTest.ReadBytes" methodname="ReadBytes" classname="Newtonsoft.Json.Tests.Linq.JTokenReaderTest" runstate="Runnable" seed="214926752" result="Passed" start-time="2019-11-12 05:39:18Z" end-time="2019-11-12 05:39:18Z" duration="0.000873" asserts="0">
                  <properties />
                </test-case>
                <test-case id="2723" name="ReadBytesFailure" fullname="Newtonsoft.Json.Tests.Linq.JTokenReaderTest.ReadBytesFailure" methodname="ReadBytesFailure" classname="Newtonsoft.Json.Tests.Linq.JTokenReaderTest" runstate="Runnable" seed="737785057" result="Passed" start-time="2019-11-12 05:39:18Z" end-time="2019-11-12 05:39:18Z" duration="0.001051" asserts="0">
                  <properties />
                </test-case>
                <test-case id="2725" name="ReadBytesFromEmptyString" fullname="Newtonsoft.Json.Tests.Linq.JTokenReaderTest.ReadBytesFromEmptyString" methodname="ReadBytesFromEmptyString" classname="Newtonsoft.Json.Tests.Linq.JTokenReaderTest" runstate="Runnable" seed="1580272116" result="Passed" start-time="2019-11-12 05:39:18Z" end-time="2019-11-12 05:39:18Z" duration="0.002091" asserts="0">
                  <properties />
                </test-case>
                <test-case id="2724" name="ReadBytesFromString" fullname="Newtonsoft.Json.Tests.Linq.JTokenReaderTest.ReadBytesFromString" methodname="ReadBytesFromString" classname="Newtonsoft.Json.Tests.Linq.JTokenReaderTest" runstate="Runnable" seed="1066757074" result="Passed" start-time="2019-11-12 05:39:18Z" end-time="2019-11-12 05:39:18Z" duration="0.000857" asserts="0">
                  <properties />
                </test-case>
                <test-case id="2721" name="ReadLineInfo" fullname="Newtonsoft.Json.Tests.Linq.JTokenReaderTest.ReadLineInfo" methodname="ReadLineInfo" classname="Newtonsoft.Json.Tests.Linq.JTokenReaderTest" runstate="Runnable" seed="1495780574" result="Passed" start-time="2019-11-12 05:39:18Z" end-time="2019-11-12 05:39:18Z" duration="0.002770" asserts="0">
                  <properties />
                </test-case>
                <test-case id="2717" name="YahooFinance" fullname="Newtonsoft.Json.Tests.Linq.JTokenReaderTest.YahooFinance" methodname="YahooFinance" classname="Newtonsoft.Json.Tests.Linq.JTokenReaderTest" runstate="Runnable" seed="80910532" result="Passed" start-time="2019-11-12 05:39:18Z" end-time="2019-11-12 05:39:18Z" duration="0.002405" asserts="0">
                  <properties />
                </test-case>
              </test-suite>
              <test-suite type="TestFixture" id="2763" name="JTokenTests" fullname="Newtonsoft.Json.Tests.Linq.JTokenTests" classname="Newtonsoft.Json.Tests.Linq.JTokenTests" runstate="Runnable" testcasecount="57" result="Passed" start-time="2019-11-12 05:39:18Z" end-time="2019-11-12 05:39:18Z" duration="0.251012" total="57" passed="57" failed="0" inconclusive="0" skipped="0" asserts="0">
                <properties />
                <test-case id="2798" name="AddAfterSelf" fullname="Newtonsoft.Json.Tests.Linq.JTokenTests.AddAfterSelf" methodname="AddAfterSelf" classname="Newtonsoft.Json.Tests.Linq.JTokenTests" runstate="Runnable" seed="322068835" result="Passed" start-time="2019-11-12 05:39:18Z" end-time="2019-11-12 05:39:18Z" duration="0.001213" asserts="0">
                  <properties />
                </test-case>
                <test-case id="2799" name="AddBeforeSelf" fullname="Newtonsoft.Json.Tests.Linq.JTokenTests.AddBeforeSelf" methodname="AddBeforeSelf" classname="Newtonsoft.Json.Tests.Linq.JTokenTests" runstate="Runnable" seed="277694368" result="Passed" start-time="2019-11-12 05:39:18Z" end-time="2019-11-12 05:39:18Z" duration="0.001157" asserts="0">
                  <properties />
                </test-case>
                <test-case id="2791" name="AddFirst" fullname="Newtonsoft.Json.Tests.Linq.JTokenTests.AddFirst" methodname="AddFirst" classname="Newtonsoft.Json.Tests.Linq.JTokenTests" runstate="Runnable" seed="1374204687" result="Passed" start-time="2019-11-12 05:39:18Z" end-time="2019-11-12 05:39:18Z" duration="0.000938" asserts="0">
                  <properties />
                </test-case>
                <test-case id="2793" name="AddPropertyToArray" fullname="Newtonsoft.Json.Tests.Linq.JTokenTests.AddPropertyToArray" methodname="AddPropertyToArray" classname="Newtonsoft.Json.Tests.Linq.JTokenTests" runstate="Runnable" seed="569603658" result="Passed" start-time="2019-11-12 05:39:18Z" end-time="2019-11-12 05:39:18Z" duration="0.000863" asserts="0">
                  <properties />
                </test-case>
                <test-case id="2794" name="AddValueToObject" fullname="Newtonsoft.Json.Tests.Linq.JTokenTests.AddValueToObject" methodname="AddValueToObject" classname="Newtonsoft.Json.Tests.Linq.JTokenTests" runstate="Runnable" seed="1103287168" result="Passed" start-time="2019-11-12 05:39:18Z" end-time="2019-11-12 05:39:18Z" duration="0.000573" asserts="0">
                  <properties />
                </test-case>
                <test-case id="2779" name="AfterSelf" fullname="Newtonsoft.Json.Tests.Linq.JTokenTests.AfterSelf" methodname="AfterSelf" classname="Newtonsoft.Json.Tests.Linq.JTokenTests" runstate="Runnable" seed="416484096" result="Passed" start-time="2019-11-12 05:39:18Z" end-time="2019-11-12 05:39:18Z" duration="0.001399" asserts="0">
                  <properties />
                </test-case>
                <test-case id="2782" name="Ancestors" fullname="Newtonsoft.Json.Tests.Linq.JTokenTests.Ancestors" methodname="Ancestors" classname="Newtonsoft.Json.Tests.Linq.JTokenTests" runstate="Runnable" seed="494910078" result="Passed" start-time="2019-11-12 05:39:18Z" end-time="2019-11-12 05:39:18Z" duration="0.001295" asserts="0">
                  <properties />
                </test-case>
                <test-case id="2785" name="Ancestors_Many" fullname="Newtonsoft.Json.Tests.Linq.JTokenTests.Ancestors_Many" methodname="Ancestors_Many" classname="Newtonsoft.Json.Tests.Linq.JTokenTests" runstate="Runnable" seed="1673032510" result="Passed" start-time="2019-11-12 05:39:18Z" end-time="2019-11-12 05:39:18Z" duration="0.001860" asserts="0">
                  <properties />
                </test-case>
                <test-case id="2783" name="AncestorsAndSelf" fullname="Newtonsoft.Json.Tests.Linq.JTokenTests.AncestorsAndSelf" methodname="AncestorsAndSelf" classname="Newtonsoft.Json.Tests.Linq.JTokenTests" runstate="Runnable" seed="1151647037" result="Passed" start-time="2019-11-12 05:39:18Z" end-time="2019-11-12 05:39:18Z" duration="0.000806" asserts="0">
                  <properties />
                </test-case>
                <test-case id="2784" name="AncestorsAndSelf_Many" fullname="Newtonsoft.Json.Tests.Linq.JTokenTests.AncestorsAndSelf_Many" methodname="AncestorsAndSelf_Many" classname="Newtonsoft.Json.Tests.Linq.JTokenTests" runstate="Runnable" seed="1669770087" result="Passed" start-time="2019-11-12 05:39:18Z" end-time="2019-11-12 05:39:18Z" duration="0.001747" asserts="0">
                  <properties />
                </test-case>
                <test-case id="2772" name="BeforeAfter" fullname="Newtonsoft.Json.Tests.Linq.JTokenTests.BeforeAfter" methodname="BeforeAfter" classname="Newtonsoft.Json.Tests.Linq.JTokenTests" runstate="Runnable" seed="1651776651" result="Passed" start-time="2019-11-12 05:39:18Z" end-time="2019-11-12 05:39:18Z" duration="0.001171" asserts="0">
                  <properties />
                </test-case>
                <test-case id="2780" name="BeforeSelf" fullname="Newtonsoft.Json.Tests.Linq.JTokenTests.BeforeSelf" methodname="BeforeSelf" classname="Newtonsoft.Json.Tests.Linq.JTokenTests" runstate="Runnable" seed="1395236167" result="Passed" start-time="2019-11-12 05:39:18Z" end-time="2019-11-12 05:39:18Z" duration="0.000920" asserts="0">
                  <properties />
                </test-case>
                <test-case id="2773" name="Casting" fullname="Newtonsoft.Json.Tests.Linq.JTokenTests.Casting" methodname="Casting" classname="Newtonsoft.Json.Tests.Linq.JTokenTests" runstate="Runnable" seed="1081221793" result="Passed" start-time="2019-11-12 05:39:18Z" end-time="2019-11-12 05:39:18Z" duration="0.020776" asserts="0">
                  <properties />
                </test-case>
                <test-case id="2771" name="Children" fullname="Newtonsoft.Json.Tests.Linq.JTokenTests.Children" methodname="Children" classname="Newtonsoft.Json.Tests.Linq.JTokenTests" runstate="Runnable" seed="1957558965" result="Passed" start-time="2019-11-12 05:39:18Z" end-time="2019-11-12 05:39:18Z" duration="0.001647" asserts="0">
                  <properties />
                </test-case>
                <test-case id="2801" name="Clone" fullname="Newtonsoft.Json.Tests.Linq.JTokenTests.Clone" methodname="Clone" classname="Newtonsoft.Json.Tests.Linq.JTokenTests" runstate="Runnable" seed="212310798" result="Passed" start-time="2019-11-12 05:39:18Z" end-time="2019-11-12 05:39:18Z" duration="0.001177" asserts="0">
                  <properties />
                </test-case>
                <test-case id="2790" name="CreateWriter" fullname="Newtonsoft.Json.Tests.Linq.JTokenTests.CreateWriter" methodname="CreateWriter" classname="Newtonsoft.Json.Tests.Linq.JTokenTests" runstate="Runnable" seed="116478895" result="Passed" start-time="2019-11-12 05:39:18Z" end-time="2019-11-12 05:39:18Z" duration="0.000945" asserts="0">
                  <properties />
                </test-case>
                <test-case id="2800" name="DeepClone" fullname="Newtonsoft.Json.Tests.Linq.JTokenTests.DeepClone" methodname="DeepClone" classname="Newtonsoft.Json.Tests.Linq.JTokenTests" runstate="Runnable" seed="275302743" result="Passed" start-time="2019-11-12 05:39:18Z" end-time="2019-11-12 05:39:18Z" duration="0.001516" asserts="0">
                  <properties />
                </test-case>
                <test-case id="2764" name="DeepEqualsObjectOrder" fullname="Newtonsoft.Json.Tests.Linq.JTokenTests.DeepEqualsObjectOrder" methodname="DeepEqualsObjectOrder" classname="Newtonsoft.Json.Tests.Linq.JTokenTests" runstate="Runnable" seed="989728287" result="Passed" start-time="2019-11-12 05:39:18Z" end-time="2019-11-12 05:39:18Z" duration="0.000529" asserts="0">
                  <properties />
                </test-case>
                <test-case id="2786" name="Descendants" fullname="Newtonsoft.Json.Tests.Linq.JTokenTests.Descendants" methodname="Descendants" classname="Newtonsoft.Json.Tests.Linq.JTokenTests" runstate="Runnable" seed="148748637" result="Passed" start-time="2019-11-12 05:39:18Z" end-time="2019-11-12 05:39:18Z" duration="0.001047" asserts="0">
                  <properties />
                </test-case>
                <test-case id="2787" name="Descendants_Many" fullname="Newtonsoft.Json.Tests.Linq.JTokenTests.Descendants_Many" methodname="Descendants_Many" classname="Newtonsoft.Json.Tests.Linq.JTokenTests" runstate="Runnable" seed="360408117" result="Passed" start-time="2019-11-12 05:39:18Z" end-time="2019-11-12 05:39:18Z" duration="0.002883" asserts="0">
                  <properties />
                </test-case>
                <test-case id="2788" name="DescendantsAndSelf" fullname="Newtonsoft.Json.Tests.Linq.JTokenTests.DescendantsAndSelf" methodname="DescendantsAndSelf" classname="Newtonsoft.Json.Tests.Linq.JTokenTests" runstate="Runnable" seed="1928231373" result="Passed" start-time="2019-11-12 05:39:18Z" end-time="2019-11-12 05:39:18Z" duration="0.001483" asserts="0">
                  <properties />
                </test-case>
                <test-case id="2789" name="DescendantsAndSelf_Many" fullname="Newtonsoft.Json.Tests.Linq.JTokenTests.DescendantsAndSelf_Many" methodname="DescendantsAndSelf_Many" classname="Newtonsoft.Json.Tests.Linq.JTokenTests" runstate="Runnable" seed="907223981" result="Passed" start-time="2019-11-12 05:39:18Z" end-time="2019-11-12 05:39:18Z" duration="0.002013" asserts="0">
                  <properties />
                </test-case>
                <test-case id="2802" name="DoubleDeepEquals" fullname="Newtonsoft.Json.Tests.Linq.JTokenTests.DoubleDeepEquals" methodname="DoubleDeepEquals" classname="Newtonsoft.Json.Tests.Linq.JTokenTests" runstate="Runnable" seed="1141964839" result="Passed" start-time="2019-11-12 05:39:18Z" end-time="2019-11-12 05:39:18Z" duration="0.000648" asserts="0">
                  <properties />
                </test-case>
                <test-case id="2774" name="FailedCasting" fullname="Newtonsoft.Json.Tests.Linq.JTokenTests.FailedCasting" methodname="FailedCasting" classname="Newtonsoft.Json.Tests.Linq.JTokenTests" runstate="Runnable" seed="347104144" result="Passed" start-time="2019-11-12 05:39:18Z" end-time="2019-11-12 05:39:18Z" duration="0.010721" asserts="0">
                  <properties />
                </test-case>
                <test-case id="2781" name="HasValues" fullname="Newtonsoft.Json.Tests.Linq.JTokenTests.HasValues" methodname="HasValues" classname="Newtonsoft.Json.Tests.Linq.JTokenTests" runstate="Runnable" seed="1659806401" result="Passed" start-time="2019-11-12 05:39:18Z" end-time="2019-11-12 05:39:18Z" duration="0.001007" asserts="0">
                  <properties />
                </test-case>
                <test-case id="2776" name="ImplicitCastingTo" fullname="Newtonsoft.Json.Tests.Linq.JTokenTests.ImplicitCastingTo" methodname="ImplicitCastingTo" classname="Newtonsoft.Json.Tests.Linq.JTokenTests" runstate="Runnable" seed="1477932503" result="Passed" start-time="2019-11-12 05:39:18Z" end-time="2019-11-12 05:39:18Z" duration="0.006856" asserts="0">
                  <properties />
                </test-case>
                <test-case id="2766" name="Load" fullname="Newtonsoft.Json.Tests.Linq.JTokenTests.Load" methodname="Load" classname="Newtonsoft.Json.Tests.Linq.JTokenTests" runstate="Runnable" seed="1283899027" result="Passed" start-time="2019-11-12 05:39:18Z" end-time="2019-11-12 05:39:18Z" duration="0.000805" asserts="0">
                  <properties />
                </test-case>
                <test-case id="2769" name="Next" fullname="Newtonsoft.Json.Tests.Linq.JTokenTests.Next" methodname="Next" classname="Newtonsoft.Json.Tests.Linq.JTokenTests" runstate="Runnable" seed="1583406505" result="Passed" start-time="2019-11-12 05:39:18Z" end-time="2019-11-12 05:39:18Z" duration="0.000822" asserts="0">
                  <properties />
                </test-case>
                <test-case id="2768" name="Parent" fullname="Newtonsoft.Json.Tests.Linq.JTokenTests.Parent" methodname="Parent" classname="Newtonsoft.Json.Tests.Linq.JTokenTests" runstate="Runnable" seed="1849601800" result="Passed" start-time="2019-11-12 05:39:18Z" end-time="2019-11-12 05:39:18Z" duration="0.001450" asserts="0">
                  <properties />
                </test-case>
                <test-case id="2767" name="Parse" fullname="Newtonsoft.Json.Tests.Linq.JTokenTests.Parse" methodname="Parse" classname="Newtonsoft.Json.Tests.Linq.JTokenTests" runstate="Runnable" seed="1218320746" result="Passed" start-time="2019-11-12 05:39:18Z" end-time="2019-11-12 05:39:18Z" duration="0.000503" asserts="0">
                  <properties />
                </test-case>
                <test-case id="2807" name="Parse_ExcessiveContent" fullname="Newtonsoft.Json.Tests.Linq.JTokenTests.Parse_ExcessiveContent" methodname="Parse_ExcessiveContent" classname="Newtonsoft.Json.Tests.Linq.JTokenTests" runstate="Runnable" seed="1940255171" result="Passed" start-time="2019-11-12 05:39:18Z" end-time="2019-11-12 05:39:18Z" duration="0.000894" asserts="0">
                  <properties />
                </test-case>
                <test-case id="2806" name="Parse_ExcessiveContentJustComments" fullname="Newtonsoft.Json.Tests.Linq.JTokenTests.Parse_ExcessiveContentJustComments" methodname="Parse_ExcessiveContentJustComments" classname="Newtonsoft.Json.Tests.Linq.JTokenTests" runstate="Runnable" seed="223587883" result="Passed" start-time="2019-11-12 05:39:18Z" end-time="2019-11-12 05:39:18Z" duration="0.000703" asserts="0">
                  <properties />
                </test-case>
                <test-case id="2805" name="Parse_NoComments" fullname="Newtonsoft.Json.Tests.Linq.JTokenTests.Parse_NoComments" methodname="Parse_NoComments" classname="Newtonsoft.Json.Tests.Linq.JTokenTests" runstate="Runnable" seed="1581444095" result="Passed" start-time="2019-11-12 05:39:18Z" end-time="2019-11-12 05:39:18Z" duration="0.000649" asserts="0">
                  <properties />
                </test-case>
                <test-case id="2803" name="ParseAdditionalContent" fullname="Newtonsoft.Json.Tests.Linq.JTokenTests.ParseAdditionalContent" methodname="ParseAdditionalContent" classname="Newtonsoft.Json.Tests.Linq.JTokenTests" runstate="Runnable" seed="1582415070" result="Passed" start-time="2019-11-12 05:39:18Z" end-time="2019-11-12 05:39:18Z" duration="0.000973" asserts="0">
                  <properties />
                </test-case>
                <test-case id="2804" name="Path" fullname="Newtonsoft.Json.Tests.Linq.JTokenTests.Path" methodname="Path" classname="Newtonsoft.Json.Tests.Linq.JTokenTests" runstate="Runnable" seed="1931196771" result="Passed" start-time="2019-11-12 05:39:18Z" end-time="2019-11-12 05:39:18Z" duration="0.002376" asserts="0">
                  <properties />
                </test-case>
                <test-suite type="ParameterizedMethod" id="2821" name="PathEscapingTest" fullname="Newtonsoft.Json.Tests.Linq.JTokenTests.PathEscapingTest" classname="Newtonsoft.Json.Tests.Linq.JTokenTests" runstate="Runnable" testcasecount="13" result="Passed" start-time="2019-11-12 05:39:18Z" end-time="2019-11-12 05:39:18Z" duration="0.041242" total="13" passed="13" failed="0" inconclusive="0" skipped="0" asserts="0">
                  <properties />
                  <test-case id="2808" name="PathEscapingTest(&quot;test customer&quot;,&quot;['test customer']&quot;)" fullname="Newtonsoft.Json.Tests.Linq.JTokenTests.PathEscapingTest(&quot;test customer&quot;,&quot;['test customer']&quot;)" methodname="PathEscapingTest" classname="Newtonsoft.Json.Tests.Linq.JTokenTests" runstate="Runnable" seed="246265537" result="Passed" start-time="2019-11-12 05:39:18Z" end-time="2019-11-12 05:39:18Z" duration="0.001297" asserts="0">
                    <properties />
                  </test-case>
                  <test-case id="2809" name="PathEscapingTest(&quot;test customer's&quot;,&quot;['test customer\\'s']&quot;)" fullname="Newtonsoft.Json.Tests.Linq.JTokenTests.PathEscapingTest(&quot;test customer's&quot;,&quot;['test customer\\'s']&quot;)" methodname="PathEscapingTest" classname="Newtonsoft.Json.Tests.Linq.JTokenTests" runstate="Runnable" seed="86194364" result="Passed" start-time="2019-11-12 05:39:18Z" end-time="2019-11-12 05:39:18Z" duration="0.000571" asserts="0">
                    <properties />
                  </test-case>
                  <test-case id="2810" name="PathEscapingTest(&quot;testcustomer's&quot;,&quot;['testcustomer\\'s']&quot;)" fullname="Newtonsoft.Json.Tests.Linq.JTokenTests.PathEscapingTest(&quot;testcustomer's&quot;,&quot;['testcustomer\\'s']&quot;)" methodname="PathEscapingTest" classname="Newtonsoft.Json.Tests.Linq.JTokenTests" runstate="Runnable" seed="379668995" result="Passed" start-time="2019-11-12 05:39:18Z" end-time="2019-11-12 05:39:18Z" duration="0.000544" asserts="0">
                    <properties />
                  </test-case>
                  <test-case id="2811" name="PathEscapingTest(&quot;testcustomer&quot;,&quot;testcustomer&quot;)" fullname="Newtonsoft.Json.Tests.Linq.JTokenTests.PathEscapingTest(&quot;testcustomer&quot;,&quot;testcustomer&quot;)" methodname="PathEscapingTest" classname="Newtonsoft.Json.Tests.Linq.JTokenTests" runstate="Runnable" seed="402283781" result="Passed" start-time="2019-11-12 05:39:18Z" end-time="2019-11-12 05:39:18Z" duration="0.000376" asserts="0">
                    <properties />
                  </test-case>
                  <test-case id="2812" name="PathEscapingTest(&quot;test.customer&quot;,&quot;['test.customer']&quot;)" fullname="Newtonsoft.Json.Tests.Linq.JTokenTests.PathEscapingTest(&quot;test.customer&quot;,&quot;['test.customer']&quot;)" methodname="PathEscapingTest" classname="Newtonsoft.Json.Tests.Linq.JTokenTests" runstate="Runnable" seed="464247751" result="Passed" start-time="2019-11-12 05:39:18Z" end-time="2019-11-12 05:39:18Z" duration="0.000422" asserts="0">
                    <properties />
                  </test-case>
                  <test-case id="2813" name="PathEscapingTest(&quot;test\rcustomer&quot;,&quot;['test\\rcustomer']&quot;)" fullname="Newtonsoft.Json.Tests.Linq.JTokenTests.PathEscapingTest(&quot;test\rcustomer&quot;,&quot;['test\\rcustomer']&quot;)" methodname="PathEscapingTest" classname="Newtonsoft.Json.Tests.Linq.JTokenTests" runstate="Runnable" seed="210753122" result="Passed" start-time="2019-11-12 05:39:18Z" end-time="2019-11-12 05:39:18Z" duration="0.000340" asserts="0">
                    <properties />
                  </test-case>
                  <test-case id="2814" name="PathEscapingTest(&quot;test\ncustomer&quot;,&quot;['test\\ncustomer']&quot;)" fullname="Newtonsoft.Json.Tests.Linq.JTokenTests.PathEscapingTest(&quot;test\ncustomer&quot;,&quot;['test\\ncustomer']&quot;)" methodname="PathEscapingTest" classname="Newtonsoft.Json.Tests.Linq.JTokenTests" runstate="Runnable" seed="448093033" result="Passed" start-time="2019-11-12 05:39:18Z" end-time="2019-11-12 05:39:18Z" duration="0.000656" asserts="0">
                    <properties />
                  </test-case>
                  <test-case id="2815" name="PathEscapingTest(&quot;test\tcustomer&quot;,&quot;['test\\tcustomer']&quot;)" fullname="Newtonsoft.Json.Tests.Linq.JTokenTests.PathEscapingTest(&quot;test\tcustomer&quot;,&quot;['test\\tcustomer']&quot;)" methodname="PathEscapingTest" classname="Newtonsoft.Json.Tests.Linq.JTokenTests" runstate="Runnable" seed="1083046697" result="Passed" start-time="2019-11-12 05:39:18Z" end-time="2019-11-12 05:39:18Z" duration="0.000340" asserts="0">
                    <properties />
                  </test-case>
                  <test-case id="2816" name="PathEscapingTest(&quot;test\bcustomer&quot;,&quot;['test\\bcustomer']&quot;)" fullname="Newtonsoft.Json.Tests.Linq.JTokenTests.PathEscapingTest(&quot;test\bcustomer&quot;,&quot;['test\\bcustomer']&quot;)" methodname="PathEscapingTest" classname="Newtonsoft.Json.Tests.Linq.JTokenTests" runstate="Runnable" seed="515318261" result="Passed" start-time="2019-11-12 05:39:18Z" end-time="2019-11-12 05:39:18Z" duration="0.000404" asserts="0">
                    <properties />
                  </test-case>
                  <test-case id="2817" name="PathEscapingTest(&quot;test\fcustomer&quot;,&quot;['test\\fcustomer']&quot;)" fullname="Newtonsoft.Json.Tests.Linq.JTokenTests.PathEscapingTest(&quot;test\fcustomer&quot;,&quot;['test\\fcustomer']&quot;)" methodname="PathEscapingTest" classname="Newtonsoft.Json.Tests.Linq.JTokenTests" runstate="Runnable" seed="821324627" result="Passed" start-time="2019-11-12 05:39:18Z" end-time="2019-11-12 05:39:18Z" duration="0.000418" asserts="0">
                    <properties />
                  </test-case>
                  <test-case id="2818" name="PathEscapingTest(&quot;test/customer&quot;,&quot;['test/customer']&quot;)" fullname="Newtonsoft.Json.Tests.Linq.JTokenTests.PathEscapingTest(&quot;test/customer&quot;,&quot;['test/customer']&quot;)" methodname="PathEscapingTest" classname="Newtonsoft.Json.Tests.Linq.JTokenTests" runstate="Runnable" seed="1853896461" result="Passed" start-time="2019-11-12 05:39:18Z" end-time="2019-11-12 05:39:18Z" duration="0.000483" asserts="0">
                    <properties />
                  </test-case>
                  <test-case id="2819" name="PathEscapingTest(&quot;test\\customer&quot;,&quot;['test\\\\customer']&quot;)" fullname="Newtonsoft.Json.Tests.Linq.JTokenTests.PathEscapingTest(&quot;test\\customer&quot;,&quot;['test\\\\customer']&quot;)" methodname="PathEscapingTest" classname="Newtonsoft.Json.Tests.Linq.JTokenTests" runstate="Runnable" seed="1047132703" result="Passed" start-time="2019-11-12 05:39:18Z" end-time="2019-11-12 05:39:18Z" duration="0.000529" asserts="0">
                    <properties />
                  </test-case>
                  <test-case id="2820" name="PathEscapingTest(&quot;\&quot;test\&quot;customer&quot;,&quot;['\&quot;test\&quot;customer']&quot;)" fullname="Newtonsoft.Json.Tests.Linq.JTokenTests.PathEscapingTest(&quot;\&quot;test\&quot;customer&quot;,&quot;['\&quot;test\&quot;customer']&quot;)" methodname="PathEscapingTest" classname="Newtonsoft.Json.Tests.Linq.JTokenTests" runstate="Runnable" seed="923814530" result="Passed" start-time="2019-11-12 05:39:18Z" end-time="2019-11-12 05:39:18Z" duration="0.000794" asserts="0">
                    <properties />
                  </test-case>
                </test-suite>
                <test-case id="2770" name="Previous" fullname="Newtonsoft.Json.Tests.Linq.JTokenTests.Previous" methodname="Previous" classname="Newtonsoft.Json.Tests.Linq.JTokenTests" runstate="Runnable" seed="72849096" result="Passed" start-time="2019-11-12 05:39:18Z" end-time="2019-11-12 05:39:18Z" duration="0.000988" asserts="0">
                  <properties />
                </test-case>
                <test-case id="2765" name="ReadFrom" fullname="Newtonsoft.Json.Tests.Linq.JTokenTests.ReadFrom" methodname="ReadFrom" classname="Newtonsoft.Json.Tests.Linq.JTokenTests" runstate="Runnable" seed="1460896954" result="Passed" start-time="2019-11-12 05:39:18Z" end-time="2019-11-12 05:39:18Z" duration="0.002422" asserts="0">
                  <properties />
                </test-case>
                <test-case id="2778" name="Remove" fullname="Newtonsoft.Json.Tests.Linq.JTokenTests.Remove" methodname="Remove" classname="Newtonsoft.Json.Tests.Linq.JTokenTests" runstate="Runnable" seed="1921160960" result="Passed" start-time="2019-11-12 05:39:18Z" end-time="2019-11-12 05:39:18Z" duration="0.001613" asserts="0">
                  <properties />
                </test-case>
                <test-case id="2792" name="RemoveAll" fullname="Newtonsoft.Json.Tests.Linq.JTokenTests.RemoveAll" methodname="RemoveAll" classname="Newtonsoft.Json.Tests.Linq.JTokenTests" runstate="Runnable" seed="1948629166" result="Passed" start-time="2019-11-12 05:39:18Z" end-time="2019-11-12 05:39:18Z" duration="0.001455" asserts="0">
                  <properties />
                </test-case>
                <test-case id="2795" name="Replace" fullname="Newtonsoft.Json.Tests.Linq.JTokenTests.Replace" methodname="Replace" classname="Newtonsoft.Json.Tests.Linq.JTokenTests" runstate="Runnable" seed="1217170513" result="Passed" start-time="2019-11-12 05:39:18Z" end-time="2019-11-12 05:39:18Z" duration="0.002141" asserts="0">
                  <properties />
                </test-case>
                <test-case id="2777" name="Root" fullname="Newtonsoft.Json.Tests.Linq.JTokenTests.Root" methodname="Root" classname="Newtonsoft.Json.Tests.Linq.JTokenTests" runstate="Runnable" seed="2123527392" result="Passed" start-time="2019-11-12 05:39:18Z" end-time="2019-11-12 05:39:18Z" duration="0.001012" asserts="0">
                  <properties />
                </test-case>
                <test-case id="2775" name="ToObject" fullname="Newtonsoft.Json.Tests.Linq.JTokenTests.ToObject" methodname="ToObject" classname="Newtonsoft.Json.Tests.Linq.JTokenTests" runstate="Runnable" seed="1717616979" result="Passed" start-time="2019-11-12 05:39:18Z" end-time="2019-11-12 05:39:18Z" duration="0.005344" asserts="0">
                  <properties />
                </test-case>
                <test-case id="2796" name="ToStringWithConverters" fullname="Newtonsoft.Json.Tests.Linq.JTokenTests.ToStringWithConverters" methodname="ToStringWithConverters" classname="Newtonsoft.Json.Tests.Linq.JTokenTests" runstate="Runnable" seed="1070512991" result="Passed" start-time="2019-11-12 05:39:18Z" end-time="2019-11-12 05:39:18Z" duration="0.001481" asserts="0">
                  <properties />
                </test-case>
                <test-case id="2797" name="ToStringWithNoIndenting" fullname="Newtonsoft.Json.Tests.Linq.JTokenTests.ToStringWithNoIndenting" methodname="ToStringWithNoIndenting" classname="Newtonsoft.Json.Tests.Linq.JTokenTests" runstate="Runnable" seed="1589880077" result="Passed" start-time="2019-11-12 05:39:18Z" end-time="2019-11-12 05:39:18Z" duration="0.000975" asserts="0">
                  <properties />
                </test-case>
              </test-suite>
              <test-suite type="TestFixture" id="2822" name="JTokenWriterTest" fullname="Newtonsoft.Json.Tests.Linq.JTokenWriterTest" classname="Newtonsoft.Json.Tests.Linq.JTokenWriterTest" runstate="Runnable" testcasecount="13" result="Passed" start-time="2019-11-12 05:39:18Z" end-time="2019-11-12 05:39:18Z" duration="0.043449" total="13" passed="13" failed="0" inconclusive="0" skipped="0" asserts="0">
                <properties />
                <test-case id="2825" name="CurrentToken" fullname="Newtonsoft.Json.Tests.Linq.JTokenWriterTest.CurrentToken" methodname="CurrentToken" classname="Newtonsoft.Json.Tests.Linq.JTokenWriterTest" runstate="Runnable" seed="1311754522" result="Passed" start-time="2019-11-12 05:39:18Z" end-time="2019-11-12 05:39:18Z" duration="0.001996" asserts="0">
                  <properties />
                </test-case>
                <test-case id="2835" name="DateTimeZoneHandling" fullname="Newtonsoft.Json.Tests.Linq.JTokenWriterTest.DateTimeZoneHandling" methodname="DateTimeZoneHandling" classname="Newtonsoft.Json.Tests.Linq.JTokenWriterTest" runstate="Runnable" seed="1044451687" result="Passed" start-time="2019-11-12 05:39:18Z" end-time="2019-11-12 05:39:18Z" duration="0.000682" asserts="0">
                  <properties />
                </test-case>
                <test-case id="2824" name="State" fullname="Newtonsoft.Json.Tests.Linq.JTokenWriterTest.State" methodname="State" classname="Newtonsoft.Json.Tests.Linq.JTokenWriterTest" runstate="Runnable" seed="1990521944" result="Passed" start-time="2019-11-12 05:39:18Z" end-time="2019-11-12 05:39:18Z" duration="0.001192" asserts="0">
                  <properties />
                </test-case>
                <test-case id="2823" name="ValueFormatting" fullname="Newtonsoft.Json.Tests.Linq.JTokenWriterTest.ValueFormatting" methodname="ValueFormatting" classname="Newtonsoft.Json.Tests.Linq.JTokenWriterTest" runstate="Runnable" seed="1568233948" result="Passed" start-time="2019-11-12 05:39:18Z" end-time="2019-11-12 05:39:18Z" duration="0.002069" asserts="0">
                  <properties />
                </test-case>
                <test-case id="2827" name="WriteBigInteger" fullname="Newtonsoft.Json.Tests.Linq.JTokenWriterTest.WriteBigInteger" methodname="WriteBigInteger" classname="Newtonsoft.Json.Tests.Linq.JTokenWriterTest" runstate="Runnable" seed="1283465385" result="Passed" start-time="2019-11-12 05:39:18Z" end-time="2019-11-12 05:39:18Z" duration="0.000870" asserts="0">
                  <properties />
                </test-case>
                <test-case id="2826" name="WriteComment" fullname="Newtonsoft.Json.Tests.Linq.JTokenWriterTest.WriteComment" methodname="WriteComment" classname="Newtonsoft.Json.Tests.Linq.JTokenWriterTest" runstate="Runnable" seed="792642941" result="Passed" start-time="2019-11-12 05:39:18Z" end-time="2019-11-12 05:39:18Z" duration="0.000767" asserts="0">
                  <properties />
                </test-case>
                <test-case id="2834" name="WriteDuplicatePropertyName" fullname="Newtonsoft.Json.Tests.Linq.JTokenWriterTest.WriteDuplicatePropertyName" methodname="WriteDuplicatePropertyName" classname="Newtonsoft.Json.Tests.Linq.JTokenWriterTest" runstate="Runnable" seed="2047666758" result="Passed" start-time="2019-11-12 05:39:18Z" end-time="2019-11-12 05:39:18Z" duration="0.000685" asserts="0">
                  <properties />
                </test-case>
                <test-case id="2832" name="WriteEmptyToken" fullname="Newtonsoft.Json.Tests.Linq.JTokenWriterTest.WriteEmptyToken" methodname="WriteEmptyToken" classname="Newtonsoft.Json.Tests.Linq.JTokenWriterTest" runstate="Runnable" seed="492824396" result="Passed" start-time="2019-11-12 05:39:18Z" end-time="2019-11-12 05:39:18Z" duration="0.000843" asserts="0">
                  <properties />
                </test-case>
                <test-case id="2828" name="WriteRaw" fullname="Newtonsoft.Json.Tests.Linq.JTokenWriterTest.WriteRaw" methodname="WriteRaw" classname="Newtonsoft.Json.Tests.Linq.JTokenWriterTest" runstate="Runnable" seed="1644022876" result="Passed" start-time="2019-11-12 05:39:18Z" end-time="2019-11-12 05:39:18Z" duration="0.000810" asserts="0">
                  <properties />
                </test-case>
                <test-case id="2833" name="WriteRawValue" fullname="Newtonsoft.Json.Tests.Linq.JTokenWriterTest.WriteRawValue" methodname="WriteRawValue" classname="Newtonsoft.Json.Tests.Linq.JTokenWriterTest" runstate="Runnable" seed="981336309" result="Passed" start-time="2019-11-12 05:39:18Z" end-time="2019-11-12 05:39:18Z" duration="0.000899" asserts="0">
                  <properties />
                </test-case>
                <test-case id="2829" name="WriteTokenWithParent" fullname="Newtonsoft.Json.Tests.Linq.JTokenWriterTest.WriteTokenWithParent" methodname="WriteTokenWithParent" classname="Newtonsoft.Json.Tests.Linq.JTokenWriterTest" runstate="Runnable" seed="767097308" result="Passed" start-time="2019-11-12 05:39:18Z" end-time="2019-11-12 05:39:18Z" duration="0.001864" asserts="0">
                  <properties />
                </test-case>
                <test-case id="2830" name="WriteTokenWithPropertyParent" fullname="Newtonsoft.Json.Tests.Linq.JTokenWriterTest.WriteTokenWithPropertyParent" methodname="WriteTokenWithPropertyParent" classname="Newtonsoft.Json.Tests.Linq.JTokenWriterTest" runstate="Runnable" seed="1313349845" result="Passed" start-time="2019-11-12 05:39:18Z" end-time="2019-11-12 05:39:18Z" duration="0.001615" asserts="0">
                  <properties />
                </test-case>
                <test-case id="2831" name="WriteValueTokenWithParent" fullname="Newtonsoft.Json.Tests.Linq.JTokenWriterTest.WriteValueTokenWithParent" methodname="WriteValueTokenWithParent" classname="Newtonsoft.Json.Tests.Linq.JTokenWriterTest" runstate="Runnable" seed="1277645931" result="Passed" start-time="2019-11-12 05:39:18Z" end-time="2019-11-12 05:39:18Z" duration="0.000815" asserts="0">
                  <properties />
                </test-case>
              </test-suite>
              <test-suite type="TestFixture" id="2836" name="JValueTests" fullname="Newtonsoft.Json.Tests.Linq.JValueTests" classname="Newtonsoft.Json.Tests.Linq.JValueTests" runstate="Runnable" testcasecount="65" result="Passed" start-time="2019-11-12 05:39:18Z" end-time="2019-11-12 05:39:19Z" duration="0.251300" total="65" passed="65" failed="0" inconclusive="0" skipped="0" asserts="0">
                <properties />
                <test-case id="2859" name="CastNullValueToNonNullable" fullname="Newtonsoft.Json.Tests.Linq.JValueTests.CastNullValueToNonNullable" methodname="CastNullValueToNonNullable" classname="Newtonsoft.Json.Tests.Linq.JValueTests" runstate="Runnable" seed="1893795558" result="Passed" start-time="2019-11-12 05:39:18Z" end-time="2019-11-12 05:39:18Z" duration="0.001215" asserts="0">
                  <properties />
                </test-case>
                <test-case id="2841" name="ChangeValue" fullname="Newtonsoft.Json.Tests.Linq.JValueTests.ChangeValue" methodname="ChangeValue" classname="Newtonsoft.Json.Tests.Linq.JValueTests" runstate="Runnable" seed="1716312768" result="Passed" start-time="2019-11-12 05:39:18Z" end-time="2019-11-12 05:39:18Z" duration="0.002075" asserts="0">
                  <properties />
                </test-case>
                <test-case id="2848" name="Children" fullname="Newtonsoft.Json.Tests.Linq.JValueTests.Children" methodname="Children" classname="Newtonsoft.Json.Tests.Linq.JValueTests" runstate="Runnable" seed="1502552859" result="Passed" start-time="2019-11-12 05:39:18Z" end-time="2019-11-12 05:39:18Z" duration="0.000922" asserts="0">
                  <properties />
                </test-case>
                <test-case id="2901" name="CompareTo_MismatchedTypes" fullname="Newtonsoft.Json.Tests.Linq.JValueTests.CompareTo_MismatchedTypes" methodname="CompareTo_MismatchedTypes" classname="Newtonsoft.Json.Tests.Linq.JValueTests" runstate="Runnable" seed="142695991" result="Passed" start-time="2019-11-12 05:39:18Z" end-time="2019-11-12 05:39:18Z" duration="0.003160" asserts="0">
                  <properties />
                </test-case>
                <test-case id="2869" name="ConvertsToBoolean" fullname="Newtonsoft.Json.Tests.Linq.JValueTests.ConvertsToBoolean" methodname="ConvertsToBoolean" classname="Newtonsoft.Json.Tests.Linq.JValueTests" runstate="Runnable" seed="2073127310" result="Passed" start-time="2019-11-12 05:39:18Z" end-time="2019-11-12 05:39:18Z" duration="0.001115" asserts="0">
                  <properties />
                </test-case>
                <test-case id="2870" name="ConvertsToBoolean_String" fullname="Newtonsoft.Json.Tests.Linq.JValueTests.ConvertsToBoolean_String" methodname="ConvertsToBoolean_String" classname="Newtonsoft.Json.Tests.Linq.JValueTests" runstate="Runnable" seed="1753698210" result="Passed" start-time="2019-11-12 05:39:18Z" end-time="2019-11-12 05:39:18Z" duration="0.000568" asserts="0">
                  <properties />
                </test-case>
                <test-case id="2875" name="ConvertsToByte" fullname="Newtonsoft.Json.Tests.Linq.JValueTests.ConvertsToByte" methodname="ConvertsToByte" classname="Newtonsoft.Json.Tests.Linq.JValueTests" runstate="Runnable" seed="1763577710" result="Passed" start-time="2019-11-12 05:39:18Z" end-time="2019-11-12 05:39:18Z" duration="0.000703" asserts="0">
                  <properties />
                </test-case>
                <test-case id="2873" name="ConvertsToChar" fullname="Newtonsoft.Json.Tests.Linq.JValueTests.ConvertsToChar" methodname="ConvertsToChar" classname="Newtonsoft.Json.Tests.Linq.JValueTests" runstate="Runnable" seed="727900295" result="Passed" start-time="2019-11-12 05:39:18Z" end-time="2019-11-12 05:39:18Z" duration="0.000850" asserts="0">
                  <properties />
                </test-case>
                <test-case id="2890" name="ConvertsToDateTime" fullname="Newtonsoft.Json.Tests.Linq.JValueTests.ConvertsToDateTime" methodname="ConvertsToDateTime" classname="Newtonsoft.Json.Tests.Linq.JValueTests" runstate="Runnable" seed="1146923668" result="Passed" start-time="2019-11-12 05:39:18Z" end-time="2019-11-12 05:39:18Z" duration="0.000897" asserts="0">
                  <properties />
                </test-case>
                <test-case id="2891" name="ConvertsToDateTime_DateTimeOffset" fullname="Newtonsoft.Json.Tests.Linq.JValueTests.ConvertsToDateTime_DateTimeOffset" methodname="ConvertsToDateTime_DateTimeOffset" classname="Newtonsoft.Json.Tests.Linq.JValueTests" runstate="Runnable" seed="1557710629" result="Passed" start-time="2019-11-12 05:39:18Z" end-time="2019-11-12 05:39:18Z" duration="0.000727" asserts="0">
                  <properties />
                </test-case>
                <test-case id="2883" name="ConvertsToDecimal" fullname="Newtonsoft.Json.Tests.Linq.JValueTests.ConvertsToDecimal" methodname="ConvertsToDecimal" classname="Newtonsoft.Json.Tests.Linq.JValueTests" runstate="Runnable" seed="495053911" result="Passed" start-time="2019-11-12 05:39:18Z" end-time="2019-11-12 05:39:18Z" duration="0.000682" asserts="0">
                  <properties />
                </test-case>
                <test-case id="2884" name="ConvertsToDecimal_Int64" fullname="Newtonsoft.Json.Tests.Linq.JValueTests.ConvertsToDecimal_Int64" methodname="ConvertsToDecimal_Int64" classname="Newtonsoft.Json.Tests.Linq.JValueTests" runstate="Runnable" seed="1486955213" result="Passed" start-time="2019-11-12 05:39:18Z" end-time="2019-11-12 05:39:18Z" duration="0.000518" asserts="0">
                  <properties />
                </test-case>
                <test-case id="2882" name="ConvertsToDouble" fullname="Newtonsoft.Json.Tests.Linq.JValueTests.ConvertsToDouble" methodname="ConvertsToDouble" classname="Newtonsoft.Json.Tests.Linq.JValueTests" runstate="Runnable" seed="1002009591" result="Passed" start-time="2019-11-12 05:39:18Z" end-time="2019-11-12 05:39:18Z" duration="0.000584" asserts="0">
                  <properties />
                </test-case>
                <test-case id="2876" name="ConvertsToInt16" fullname="Newtonsoft.Json.Tests.Linq.JValueTests.ConvertsToInt16" methodname="ConvertsToInt16" classname="Newtonsoft.Json.Tests.Linq.JValueTests" runstate="Runnable" seed="926872238" result="Passed" start-time="2019-11-12 05:39:18Z" end-time="2019-11-12 05:39:18Z" duration="0.000620" asserts="0">
                  <properties />
                </test-case>
                <test-case id="2871" name="ConvertsToInt32" fullname="Newtonsoft.Json.Tests.Linq.JValueTests.ConvertsToInt32" methodname="ConvertsToInt32" classname="Newtonsoft.Json.Tests.Linq.JValueTests" runstate="Runnable" seed="1254895800" result="Passed" start-time="2019-11-12 05:39:18Z" end-time="2019-11-12 05:39:18Z" duration="0.000484" asserts="0">
                  <properties />
                </test-case>
                <test-case id="2872" name="ConvertsToInt32_BigInteger" fullname="Newtonsoft.Json.Tests.Linq.JValueTests.ConvertsToInt32_BigInteger" methodname="ConvertsToInt32_BigInteger" classname="Newtonsoft.Json.Tests.Linq.JValueTests" runstate="Runnable" seed="359474424" result="Passed" start-time="2019-11-12 05:39:18Z" end-time="2019-11-12 05:39:18Z" duration="0.000515" asserts="0">
                  <properties />
                </test-case>
                <test-case id="2879" name="ConvertsToInt64" fullname="Newtonsoft.Json.Tests.Linq.JValueTests.ConvertsToInt64" methodname="ConvertsToInt64" classname="Newtonsoft.Json.Tests.Linq.JValueTests" runstate="Runnable" seed="580857581" result="Passed" start-time="2019-11-12 05:39:18Z" end-time="2019-11-12 05:39:18Z" duration="0.000580" asserts="0">
                  <properties />
                </test-case>
                <test-case id="2874" name="ConvertsToSByte" fullname="Newtonsoft.Json.Tests.Linq.JValueTests.ConvertsToSByte" methodname="ConvertsToSByte" classname="Newtonsoft.Json.Tests.Linq.JValueTests" runstate="Runnable" seed="967491833" result="Passed" start-time="2019-11-12 05:39:18Z" end-time="2019-11-12 05:39:18Z" duration="0.000612" asserts="0">
                  <properties />
                </test-case>
                <test-case id="2881" name="ConvertsToSingle" fullname="Newtonsoft.Json.Tests.Linq.JValueTests.ConvertsToSingle" methodname="ConvertsToSingle" classname="Newtonsoft.Json.Tests.Linq.JValueTests" runstate="Runnable" seed="1263447425" result="Passed" start-time="2019-11-12 05:39:18Z" end-time="2019-11-12 05:39:18Z" duration="0.000602" asserts="0">
                  <properties />
                </test-case>
                <test-case id="2885" name="ConvertsToString_Decimal" fullname="Newtonsoft.Json.Tests.Linq.JValueTests.ConvertsToString_Decimal" methodname="ConvertsToString_Decimal" classname="Newtonsoft.Json.Tests.Linq.JValueTests" runstate="Runnable" seed="1738426896" result="Passed" start-time="2019-11-12 05:39:18Z" end-time="2019-11-12 05:39:18Z" duration="0.000744" asserts="0">
                  <properties />
                </test-case>
                <test-case id="2888" name="ConvertsToString_Guid" fullname="Newtonsoft.Json.Tests.Linq.JValueTests.ConvertsToString_Guid" methodname="ConvertsToString_Guid" classname="Newtonsoft.Json.Tests.Linq.JValueTests" runstate="Runnable" seed="1923731279" result="Passed" start-time="2019-11-12 05:39:18Z" end-time="2019-11-12 05:39:18Z" duration="0.000867" asserts="0">
                  <properties />
                </test-case>
                <test-case id="2887" name="ConvertsToString_Null" fullname="Newtonsoft.Json.Tests.Linq.JValueTests.ConvertsToString_Null" methodname="ConvertsToString_Null" classname="Newtonsoft.Json.Tests.Linq.JValueTests" runstate="Runnable" seed="1349390955" result="Passed" start-time="2019-11-12 05:39:18Z" end-time="2019-11-12 05:39:18Z" duration="0.000573" asserts="0">
                  <properties />
                </test-case>
                <test-case id="2886" name="ConvertsToString_Uri" fullname="Newtonsoft.Json.Tests.Linq.JValueTests.ConvertsToString_Uri" methodname="ConvertsToString_Uri" classname="Newtonsoft.Json.Tests.Linq.JValueTests" runstate="Runnable" seed="1071611620" result="Passed" start-time="2019-11-12 05:39:18Z" end-time="2019-11-12 05:39:18Z" duration="0.000524" asserts="0">
                  <properties />
                </test-case>
                <test-case id="2889" name="ConvertsToType" fullname="Newtonsoft.Json.Tests.Linq.JValueTests.ConvertsToType" methodname="ConvertsToType" classname="Newtonsoft.Json.Tests.Linq.JValueTests" runstate="Runnable" seed="486690201" result="Passed" start-time="2019-11-12 05:39:18Z" end-time="2019-11-12 05:39:18Z" duration="0.000466" asserts="0">
                  <properties />
                </test-case>
                <test-case id="2877" name="ConvertsToUInt16" fullname="Newtonsoft.Json.Tests.Linq.JValueTests.ConvertsToUInt16" methodname="ConvertsToUInt16" classname="Newtonsoft.Json.Tests.Linq.JValueTests" runstate="Runnable" seed="1690110119" result="Passed" start-time="2019-11-12 05:39:18Z" end-time="2019-11-12 05:39:18Z" duration="0.000634" asserts="0">
                  <properties />
                </test-case>
                <test-case id="2878" name="ConvertsToUInt32" fullname="Newtonsoft.Json.Tests.Linq.JValueTests.ConvertsToUInt32" methodname="ConvertsToUInt32" classname="Newtonsoft.Json.Tests.Linq.JValueTests" runstate="Runnable" seed="684522699" result="Passed" start-time="2019-11-12 05:39:18Z" end-time="2019-11-12 05:39:18Z" duration="0.000817" asserts="0">
                  <properties />
                </test-case>
                <test-case id="2880" name="ConvertsToUInt64" fullname="Newtonsoft.Json.Tests.Linq.JValueTests.ConvertsToUInt64" methodname="ConvertsToUInt64" classname="Newtonsoft.Json.Tests.Linq.JValueTests" runstate="Runnable" seed="197778967" result="Passed" start-time="2019-11-12 05:39:18Z" end-time="2019-11-12 05:39:18Z" duration="0.000574" asserts="0">
                  <properties />
                </test-case>
                <test-case id="2860" name="ConvertValueToCompatibleType" fullname="Newtonsoft.Json.Tests.Linq.JValueTests.ConvertValueToCompatibleType" methodname="ConvertValueToCompatibleType" classname="Newtonsoft.Json.Tests.Linq.JValueTests" runstate="Runnable" seed="1143940675" result="Passed" start-time="2019-11-12 05:39:18Z" end-time="2019-11-12 05:39:18Z" duration="0.000821" asserts="0">
                  <properties />
                </test-case>
                <test-case id="2861" name="ConvertValueToFormattableType" fullname="Newtonsoft.Json.Tests.Linq.JValueTests.ConvertValueToFormattableType" methodname="ConvertValueToFormattableType" classname="Newtonsoft.Json.Tests.Linq.JValueTests" runstate="Runnable" seed="1247472173" result="Passed" start-time="2019-11-12 05:39:18Z" end-time="2019-11-12 05:39:18Z" duration="0.000605" asserts="0">
                  <properties />
                </test-case>
                <test-case id="2842" name="CreateComment" fullname="Newtonsoft.Json.Tests.Linq.JValueTests.CreateComment" methodname="CreateComment" classname="Newtonsoft.Json.Tests.Linq.JValueTests" runstate="Runnable" seed="1814479649" result="Passed" start-time="2019-11-12 05:39:18Z" end-time="2019-11-12 05:39:18Z" duration="0.000542" asserts="0">
                  <properties />
                </test-case>
                <test-case id="2843" name="CreateString" fullname="Newtonsoft.Json.Tests.Linq.JValueTests.CreateString" methodname="CreateString" classname="Newtonsoft.Json.Tests.Linq.JValueTests" runstate="Runnable" seed="124987912" result="Passed" start-time="2019-11-12 05:39:18Z" end-time="2019-11-12 05:39:18Z" duration="0.000669" asserts="0">
                  <properties />
                </test-case>
                <test-case id="2856" name="DeepEquals" fullname="Newtonsoft.Json.Tests.Linq.JValueTests.DeepEquals" methodname="DeepEquals" classname="Newtonsoft.Json.Tests.Linq.JValueTests" runstate="Runnable" seed="434815746" result="Passed" start-time="2019-11-12 05:39:18Z" end-time="2019-11-12 05:39:18Z" duration="0.000638" asserts="0">
                  <properties />
                </test-case>
                <test-case id="2900" name="EnumTests" fullname="Newtonsoft.Json.Tests.Linq.JValueTests.EnumTests" methodname="EnumTests" classname="Newtonsoft.Json.Tests.Linq.JValueTests" runstate="Runnable" seed="1615473928" result="Passed" start-time="2019-11-12 05:39:18Z" end-time="2019-11-12 05:39:18Z" duration="0.019648" asserts="0">
                  <properties />
                </test-case>
                <test-case id="2892" name="ExpicitConversionTest" fullname="Newtonsoft.Json.Tests.Linq.JValueTests.ExpicitConversionTest" methodname="ExpicitConversionTest" classname="Newtonsoft.Json.Tests.Linq.JValueTests" runstate="Runnable" seed="2070762115" result="Passed" start-time="2019-11-12 05:39:18Z" end-time="2019-11-12 05:39:18Z" duration="0.014867" asserts="0">
                  <properties />
                </test-case>
                <test-case id="2849" name="First" fullname="Newtonsoft.Json.Tests.Linq.JValueTests.First" methodname="First" classname="Newtonsoft.Json.Tests.Linq.JValueTests" runstate="Runnable" seed="1034383229" result="Passed" start-time="2019-11-12 05:39:18Z" end-time="2019-11-12 05:39:18Z" duration="0.001008" asserts="0">
                  <properties />
                </test-case>
                <test-case id="2839" name="FloatParseHandling" fullname="Newtonsoft.Json.Tests.Linq.JValueTests.FloatParseHandling" methodname="FloatParseHandling" classname="Newtonsoft.Json.Tests.Linq.JValueTests" runstate="Runnable" seed="724223194" result="Passed" start-time="2019-11-12 05:39:18Z" end-time="2019-11-12 05:39:18Z" duration="0.000981" asserts="0">
                  <properties />
                </test-case>
                <test-case id="2893" name="GetTypeCode" fullname="Newtonsoft.Json.Tests.Linq.JValueTests.GetTypeCode" methodname="GetTypeCode" classname="Newtonsoft.Json.Tests.Linq.JValueTests" runstate="Runnable" seed="456652617" result="Passed" start-time="2019-11-12 05:39:18Z" end-time="2019-11-12 05:39:18Z" duration="0.001037" asserts="0">
                  <properties />
                </test-case>
                <test-case id="2857" name="HasValues" fullname="Newtonsoft.Json.Tests.Linq.JValueTests.HasValues" methodname="HasValues" classname="Newtonsoft.Json.Tests.Linq.JValueTests" runstate="Runnable" seed="1463934440" result="Passed" start-time="2019-11-12 05:39:18Z" end-time="2019-11-12 05:39:18Z" duration="0.000511" asserts="0">
                  <properties />
                </test-case>
                <test-case id="2850" name="Item" fullname="Newtonsoft.Json.Tests.Linq.JValueTests.Item" methodname="Item" classname="Newtonsoft.Json.Tests.Linq.JValueTests" runstate="Runnable" seed="109228162" result="Passed" start-time="2019-11-12 05:39:18Z" end-time="2019-11-12 05:39:18Z" duration="0.000776" asserts="0">
                  <properties />
                </test-case>
                <test-case id="2846" name="JValueIConvertable" fullname="Newtonsoft.Json.Tests.Linq.JValueTests.JValueIConvertable" methodname="JValueIConvertable" classname="Newtonsoft.Json.Tests.Linq.JValueTests" runstate="Runnable" seed="795394173" result="Passed" start-time="2019-11-12 05:39:18Z" end-time="2019-11-12 05:39:18Z" duration="0.000479" asserts="0">
                  <properties />
                </test-case>
                <test-case id="2845" name="JValueParse" fullname="Newtonsoft.Json.Tests.Linq.JValueTests.JValueParse" methodname="JValueParse" classname="Newtonsoft.Json.Tests.Linq.JValueTests" runstate="Runnable" seed="1370902178" result="Passed" start-time="2019-11-12 05:39:18Z" end-time="2019-11-12 05:39:18Z" duration="0.000983" asserts="0">
                  <properties />
                </test-case>
                <test-case id="2844" name="JValueToString" fullname="Newtonsoft.Json.Tests.Linq.JValueTests.JValueToString" methodname="JValueToString" classname="Newtonsoft.Json.Tests.Linq.JValueTests" runstate="Runnable" seed="231042025" result="Passed" start-time="2019-11-12 05:39:18Z" end-time="2019-11-12 05:39:18Z" duration="0.001450" asserts="0">
                  <properties />
                </test-case>
                <test-case id="2847" name="Last" fullname="Newtonsoft.Json.Tests.Linq.JValueTests.Last" methodname="Last" classname="Newtonsoft.Json.Tests.Linq.JValueTests" runstate="Runnable" seed="11683088" result="Passed" start-time="2019-11-12 05:39:18Z" end-time="2019-11-12 05:39:18Z" duration="0.000980" asserts="0">
                  <properties />
                </test-case>
                <test-case id="2855" name="Next" fullname="Newtonsoft.Json.Tests.Linq.JValueTests.Next" methodname="Next" classname="Newtonsoft.Json.Tests.Linq.JValueTests" runstate="Runnable" seed="501367082" result="Passed" start-time="2019-11-12 05:39:18Z" end-time="2019-11-12 05:39:18Z" duration="0.000570" asserts="0">
                  <properties />
                </test-case>
                <test-case id="2862" name="Ordering" fullname="Newtonsoft.Json.Tests.Linq.JValueTests.Ordering" methodname="Ordering" classname="Newtonsoft.Json.Tests.Linq.JValueTests" runstate="Runnable" seed="1150760932" result="Passed" start-time="2019-11-12 05:39:18Z" end-time="2019-11-12 05:39:18Z" duration="0.002415" asserts="0">
                  <properties />
                </test-case>
                <test-case id="2867" name="ParseAndConvertDateTimeOffset" fullname="Newtonsoft.Json.Tests.Linq.JValueTests.ParseAndConvertDateTimeOffset" methodname="ParseAndConvertDateTimeOffset" classname="Newtonsoft.Json.Tests.Linq.JValueTests" runstate="Runnable" seed="586177714" result="Passed" start-time="2019-11-12 05:39:18Z" end-time="2019-11-12 05:39:18Z" duration="0.001048" asserts="0">
                  <properties />
                </test-case>
                <test-case id="2898" name="ParseIsoTimeZones" fullname="Newtonsoft.Json.Tests.Linq.JValueTests.ParseIsoTimeZones" methodname="ParseIsoTimeZones" classname="Newtonsoft.Json.Tests.Linq.JValueTests" runstate="Runnable" seed="366241341" result="Passed" start-time="2019-11-12 05:39:18Z" end-time="2019-11-12 05:39:18Z" duration="0.000812" asserts="0">
                  <properties />
                </test-case>
                <test-case id="2854" name="Previous" fullname="Newtonsoft.Json.Tests.Linq.JValueTests.Previous" methodname="Previous" classname="Newtonsoft.Json.Tests.Linq.JValueTests" runstate="Runnable" seed="129689330" result="Passed" start-time="2019-11-12 05:39:18Z" end-time="2019-11-12 05:39:18Z" duration="0.000465" asserts="0">
                  <properties />
                </test-case>
                <test-case id="2868" name="ReadDatesAsDateTimeOffsetViaJsonConvert" fullname="Newtonsoft.Json.Tests.Linq.JValueTests.ReadDatesAsDateTimeOffsetViaJsonConvert" methodname="ReadDatesAsDateTimeOffsetViaJsonConvert" classname="Newtonsoft.Json.Tests.Linq.JValueTests" runstate="Runnable" seed="705448986" result="Passed" start-time="2019-11-12 05:39:18Z" end-time="2019-11-12 05:39:18Z" duration="0.000822" asserts="0">
                  <properties />
                </test-case>
                <test-case id="2899" name="ReadOnlyConverterTest" fullname="Newtonsoft.Json.Tests.Linq.JValueTests.ReadOnlyConverterTest" methodname="ReadOnlyConverterTest" classname="Newtonsoft.Json.Tests.Linq.JValueTests" runstate="Runnable" seed="66883164" result="Passed" start-time="2019-11-12 05:39:18Z" end-time="2019-11-12 05:39:18Z" duration="0.000899" asserts="0">
                  <properties />
                </test-case>
                <test-case id="2852" name="RemoveParentNull" fullname="Newtonsoft.Json.Tests.Linq.JValueTests.RemoveParentNull" methodname="RemoveParentNull" classname="Newtonsoft.Json.Tests.Linq.JValueTests" runstate="Runnable" seed="1244774259" result="Passed" start-time="2019-11-12 05:39:18Z" end-time="2019-11-12 05:39:18Z" duration="0.000746" asserts="0">
                  <properties />
                </test-case>
                <test-case id="2853" name="Root" fullname="Newtonsoft.Json.Tests.Linq.JValueTests.Root" methodname="Root" classname="Newtonsoft.Json.Tests.Linq.JValueTests" runstate="Runnable" seed="970151464" result="Passed" start-time="2019-11-12 05:39:18Z" end-time="2019-11-12 05:39:18Z" duration="0.000438" asserts="0">
                  <properties />
                </test-case>
                <test-case id="2865" name="RoundTripDecimal" fullname="Newtonsoft.Json.Tests.Linq.JValueTests.RoundTripDecimal" methodname="RoundTripDecimal" classname="Newtonsoft.Json.Tests.Linq.JValueTests" runstate="Runnable" seed="791407605" result="Passed" start-time="2019-11-12 05:39:18Z" end-time="2019-11-12 05:39:18Z" duration="0.001941" asserts="0">
                  <properties />
                </test-case>
                <test-case id="2866" name="SetDateTimeOffsetProperty" fullname="Newtonsoft.Json.Tests.Linq.JValueTests.SetDateTimeOffsetProperty" methodname="SetDateTimeOffsetProperty" classname="Newtonsoft.Json.Tests.Linq.JValueTests" runstate="Runnable" seed="1114604046" result="Passed" start-time="2019-11-12 05:39:18Z" end-time="2019-11-12 05:39:18Z" duration="0.001859" asserts="0">
                  <properties />
                </test-case>
                <test-case id="2858" name="SetValue" fullname="Newtonsoft.Json.Tests.Linq.JValueTests.SetValue" methodname="SetValue" classname="Newtonsoft.Json.Tests.Linq.JValueTests" runstate="Runnable" seed="962661464" result="Passed" start-time="2019-11-12 05:39:19Z" end-time="2019-11-12 05:39:19Z" duration="0.000853" asserts="0">
                  <properties />
                </test-case>
                <test-case id="2838" name="ToObjectEnum" fullname="Newtonsoft.Json.Tests.Linq.JValueTests.ToObjectEnum" methodname="ToObjectEnum" classname="Newtonsoft.Json.Tests.Linq.JValueTests" runstate="Runnable" seed="1169236386" result="Passed" start-time="2019-11-12 05:39:19Z" end-time="2019-11-12 05:39:19Z" duration="0.001806" asserts="0">
                  <properties />
                </test-case>
                <test-case id="2840" name="ToObjectWithDefaultSettings" fullname="Newtonsoft.Json.Tests.Linq.JValueTests.ToObjectWithDefaultSettings" methodname="ToObjectWithDefaultSettings" classname="Newtonsoft.Json.Tests.Linq.JValueTests" runstate="Runnable" seed="736897297" result="Passed" start-time="2019-11-12 05:39:19Z" end-time="2019-11-12 05:39:19Z" duration="0.001063" asserts="0">
                  <properties />
                </test-case>
                <test-case id="2895" name="ToStringFormat" fullname="Newtonsoft.Json.Tests.Linq.JValueTests.ToStringFormat" methodname="ToStringFormat" classname="Newtonsoft.Json.Tests.Linq.JValueTests" runstate="Runnable" seed="1403039396" result="Passed" start-time="2019-11-12 05:39:19Z" end-time="2019-11-12 05:39:19Z" duration="0.000678" asserts="0">
                  <properties />
                </test-case>
                <test-case id="2896" name="ToStringNewTypes" fullname="Newtonsoft.Json.Tests.Linq.JValueTests.ToStringNewTypes" methodname="ToStringNewTypes" classname="Newtonsoft.Json.Tests.Linq.JValueTests" runstate="Runnable" seed="1269073698" result="Passed" start-time="2019-11-12 05:39:19Z" end-time="2019-11-12 05:39:19Z" duration="0.000876" asserts="0">
                  <properties />
                </test-case>
                <test-case id="2897" name="ToStringUri" fullname="Newtonsoft.Json.Tests.Linq.JValueTests.ToStringUri" methodname="ToStringUri" classname="Newtonsoft.Json.Tests.Linq.JValueTests" runstate="Runnable" seed="232588799" result="Passed" start-time="2019-11-12 05:39:19Z" end-time="2019-11-12 05:39:19Z" duration="0.000568" asserts="0">
                  <properties />
                </test-case>
                <test-case id="2894" name="ToType" fullname="Newtonsoft.Json.Tests.Linq.JValueTests.ToType" methodname="ToType" classname="Newtonsoft.Json.Tests.Linq.JValueTests" runstate="Runnable" seed="1664149938" result="Passed" start-time="2019-11-12 05:39:19Z" end-time="2019-11-12 05:39:19Z" duration="0.001291" asserts="0">
                  <properties />
                </test-case>
                <test-case id="2837" name="UndefinedTests" fullname="Newtonsoft.Json.Tests.Linq.JValueTests.UndefinedTests" methodname="UndefinedTests" classname="Newtonsoft.Json.Tests.Linq.JValueTests" runstate="Runnable" seed="494106561" result="Passed" start-time="2019-11-12 05:39:19Z" end-time="2019-11-12 05:39:19Z" duration="0.000787" asserts="0">
                  <properties />
                </test-case>
                <test-case id="2851" name="Values" fullname="Newtonsoft.Json.Tests.Linq.JValueTests.Values" methodname="Values" classname="Newtonsoft.Json.Tests.Linq.JValueTests" runstate="Runnable" seed="557615849" result="Passed" start-time="2019-11-12 05:39:19Z" end-time="2019-11-12 05:39:19Z" duration="0.000742" asserts="0">
                  <properties />
                </test-case>
                <test-case id="2864" name="WriteFullDecimalPrecision" fullname="Newtonsoft.Json.Tests.Linq.JValueTests.WriteFullDecimalPrecision" methodname="WriteFullDecimalPrecision" classname="Newtonsoft.Json.Tests.Linq.JValueTests" runstate="Runnable" seed="1087493657" result="Passed" start-time="2019-11-12 05:39:19Z" end-time="2019-11-12 05:39:19Z" duration="0.000540" asserts="0">
                  <properties />
                </test-case>
                <test-case id="2863" name="WriteSingle" fullname="Newtonsoft.Json.Tests.Linq.JValueTests.WriteSingle" methodname="WriteSingle" classname="Newtonsoft.Json.Tests.Linq.JValueTests" runstate="Runnable" seed="1342783947" result="Passed" start-time="2019-11-12 05:39:19Z" end-time="2019-11-12 05:39:19Z" duration="0.000474" asserts="0">
                  <properties />
                </test-case>
              </test-suite>
              <test-suite type="TestFixture" id="2902" name="LinqToJsonTest" fullname="Newtonsoft.Json.Tests.Linq.LinqToJsonTest" classname="Newtonsoft.Json.Tests.Linq.LinqToJsonTest" runstate="Runnable" testcasecount="59" result="Passed" start-time="2019-11-12 05:39:19Z" end-time="2019-11-12 05:39:19Z" duration="0.268616" total="59" passed="59" failed="0" inconclusive="0" skipped="0" asserts="0">
                <properties />
                <test-case id="2950" name="AsJEnumerable" fullname="Newtonsoft.Json.Tests.Linq.LinqToJsonTest.AsJEnumerable" methodname="AsJEnumerable" classname="Newtonsoft.Json.Tests.Linq.LinqToJsonTest" runstate="Runnable" seed="1431689532" result="Passed" start-time="2019-11-12 05:39:19Z" end-time="2019-11-12 05:39:19Z" duration="0.002364" asserts="0">
                  <properties />
                </test-case>
                <test-case id="2942" name="BasicQuerying" fullname="Newtonsoft.Json.Tests.Linq.LinqToJsonTest.BasicQuerying" methodname="BasicQuerying" classname="Newtonsoft.Json.Tests.Linq.LinqToJsonTest" runstate="Runnable" seed="545104132" result="Passed" start-time="2019-11-12 05:39:19Z" end-time="2019-11-12 05:39:19Z" duration="0.001372" asserts="0">
                  <properties />
                </test-case>
                <test-case id="2953" name="ChildrenExtension" fullname="Newtonsoft.Json.Tests.Linq.LinqToJsonTest.ChildrenExtension" methodname="ChildrenExtension" classname="Newtonsoft.Json.Tests.Linq.LinqToJsonTest" runstate="Runnable" seed="313372552" result="Passed" start-time="2019-11-12 05:39:19Z" end-time="2019-11-12 05:39:19Z" duration="0.003496" asserts="0">
                  <properties />
                </test-case>
                <test-case id="2920" name="CommentsAndReadFrom" fullname="Newtonsoft.Json.Tests.Linq.LinqToJsonTest.CommentsAndReadFrom" methodname="CommentsAndReadFrom" classname="Newtonsoft.Json.Tests.Linq.LinqToJsonTest" runstate="Runnable" seed="1813325243" result="Passed" start-time="2019-11-12 05:39:19Z" end-time="2019-11-12 05:39:19Z" duration="0.000823" asserts="0">
                  <properties />
                </test-case>
                <test-case id="2921" name="CommentsAndReadFrom_IgnoreComments" fullname="Newtonsoft.Json.Tests.Linq.LinqToJsonTest.CommentsAndReadFrom_IgnoreComments" methodname="CommentsAndReadFrom_IgnoreComments" classname="Newtonsoft.Json.Tests.Linq.LinqToJsonTest" runstate="Runnable" seed="1036685177" result="Passed" start-time="2019-11-12 05:39:19Z" end-time="2019-11-12 05:39:19Z" duration="0.000568" asserts="0">
                  <properties />
                </test-case>
                <test-case id="2951" name="CovariantIJEnumerable" fullname="Newtonsoft.Json.Tests.Linq.LinqToJsonTest.CovariantIJEnumerable" methodname="CovariantIJEnumerable" classname="Newtonsoft.Json.Tests.Linq.LinqToJsonTest" runstate="Runnable" seed="172821488" result="Passed" start-time="2019-11-12 05:39:19Z" end-time="2019-11-12 05:39:19Z" duration="0.004510" asserts="0">
                  <properties />
                </test-case>
                <test-case id="2938" name="CreateJTokenTree" fullname="Newtonsoft.Json.Tests.Linq.LinqToJsonTest.CreateJTokenTree" methodname="CreateJTokenTree" classname="Newtonsoft.Json.Tests.Linq.LinqToJsonTest" runstate="Runnable" seed="1146664022" result="Passed" start-time="2019-11-12 05:39:19Z" end-time="2019-11-12 05:39:19Z" duration="0.001248" asserts="0">
                  <properties />
                </test-case>
                <test-case id="2941" name="CreateJTokenTreeNested" fullname="Newtonsoft.Json.Tests.Linq.LinqToJsonTest.CreateJTokenTreeNested" methodname="CreateJTokenTreeNested" classname="Newtonsoft.Json.Tests.Linq.LinqToJsonTest" runstate="Runnable" seed="1712088405" result="Passed" start-time="2019-11-12 05:39:19Z" end-time="2019-11-12 05:39:19Z" duration="0.006941" asserts="0">
                  <properties />
                </test-case>
                <test-case id="2934" name="CreateLongArray" fullname="Newtonsoft.Json.Tests.Linq.LinqToJsonTest.CreateLongArray" methodname="CreateLongArray" classname="Newtonsoft.Json.Tests.Linq.LinqToJsonTest" runstate="Runnable" seed="886234295" result="Passed" start-time="2019-11-12 05:39:19Z" end-time="2019-11-12 05:39:19Z" duration="0.003790" asserts="0">
                  <properties />
                </test-case>
                <test-case id="2947" name="DateTimeOffset" fullname="Newtonsoft.Json.Tests.Linq.LinqToJsonTest.DateTimeOffset" methodname="DateTimeOffset" classname="Newtonsoft.Json.Tests.Linq.LinqToJsonTest" runstate="Runnable" seed="931338295" result="Passed" start-time="2019-11-12 05:39:19Z" end-time="2019-11-12 05:39:19Z" duration="0.006573" asserts="0">
                  <properties />
                </test-case>
                <test-case id="2930" name="DoubleValue" fullname="Newtonsoft.Json.Tests.Linq.LinqToJsonTest.DoubleValue" methodname="DoubleValue" classname="Newtonsoft.Json.Tests.Linq.LinqToJsonTest" runstate="Runnable" seed="1871979501" result="Passed" start-time="2019-11-12 05:39:19Z" end-time="2019-11-12 05:39:19Z" duration="0.000826" asserts="0">
                  <properties />
                </test-case>
                <test-case id="2917" name="EmptyJEnumerableAsEnumerable" fullname="Newtonsoft.Json.Tests.Linq.LinqToJsonTest.EmptyJEnumerableAsEnumerable" methodname="EmptyJEnumerableAsEnumerable" classname="Newtonsoft.Json.Tests.Linq.LinqToJsonTest" runstate="Runnable" seed="493747681" result="Passed" start-time="2019-11-12 05:39:19Z" end-time="2019-11-12 05:39:19Z" duration="0.000506" asserts="0">
                  <properties />
                </test-case>
                <test-case id="2916" name="EmptyJEnumerableCount" fullname="Newtonsoft.Json.Tests.Linq.LinqToJsonTest.EmptyJEnumerableCount" methodname="EmptyJEnumerableCount" classname="Newtonsoft.Json.Tests.Linq.LinqToJsonTest" runstate="Runnable" seed="375482824" result="Passed" start-time="2019-11-12 05:39:19Z" end-time="2019-11-12 05:39:19Z" duration="0.000691" asserts="0">
                  <properties />
                </test-case>
                <test-case id="2918" name="EmptyJEnumerableEquals" fullname="Newtonsoft.Json.Tests.Linq.LinqToJsonTest.EmptyJEnumerableEquals" methodname="EmptyJEnumerableEquals" classname="Newtonsoft.Json.Tests.Linq.LinqToJsonTest" runstate="Runnable" seed="382503316" result="Passed" start-time="2019-11-12 05:39:19Z" end-time="2019-11-12 05:39:19Z" duration="0.000898" asserts="0">
                  <properties />
                </test-case>
                <test-case id="2919" name="EmptyJEnumerableGetHashCode" fullname="Newtonsoft.Json.Tests.Linq.LinqToJsonTest.EmptyJEnumerableGetHashCode" methodname="EmptyJEnumerableGetHashCode" classname="Newtonsoft.Json.Tests.Linq.LinqToJsonTest" runstate="Runnable" seed="1288690853" result="Passed" start-time="2019-11-12 05:39:19Z" end-time="2019-11-12 05:39:19Z" duration="0.000571" asserts="0">
                  <properties />
                </test-case>
                <test-case id="2927" name="EscapedPath" fullname="Newtonsoft.Json.Tests.Linq.LinqToJsonTest.EscapedPath" methodname="EscapedPath" classname="Newtonsoft.Json.Tests.Linq.LinqToJsonTest" runstate="Runnable" seed="1012014334" result="Passed" start-time="2019-11-12 05:39:19Z" end-time="2019-11-12 05:39:19Z" duration="0.000778" asserts="0">
                  <properties />
                </test-case>
                <test-case id="2928" name="EscapedPathTests" fullname="Newtonsoft.Json.Tests.Linq.LinqToJsonTest.EscapedPathTests" methodname="EscapedPathTests" classname="Newtonsoft.Json.Tests.Linq.LinqToJsonTest" runstate="Runnable" seed="1322239792" result="Passed" start-time="2019-11-12 05:39:19Z" end-time="2019-11-12 05:39:19Z" duration="0.001082" asserts="0">
                  <properties />
                </test-case>
                <test-case id="2903" name="EscapedQuotePath" fullname="Newtonsoft.Json.Tests.Linq.LinqToJsonTest.EscapedQuotePath" methodname="EscapedQuotePath" classname="Newtonsoft.Json.Tests.Linq.LinqToJsonTest" runstate="Runnable" seed="1488840130" result="Passed" start-time="2019-11-12 05:39:19Z" end-time="2019-11-12 05:39:19Z" duration="0.001427" asserts="0">
                  <properties />
                </test-case>
                <test-case id="2957" name="ExceptionFromOverloadWithJValue" fullname="Newtonsoft.Json.Tests.Linq.LinqToJsonTest.ExceptionFromOverloadWithJValue" methodname="ExceptionFromOverloadWithJValue" classname="Newtonsoft.Json.Tests.Linq.LinqToJsonTest" runstate="Runnable" seed="1175176398" result="Passed" start-time="2019-11-12 05:39:19Z" end-time="2019-11-12 05:39:19Z" duration="0.009479" asserts="0">
                  <properties />
                </test-case>
                <test-case id="2929" name="ForEach" fullname="Newtonsoft.Json.Tests.Linq.LinqToJsonTest.ForEach" methodname="ForEach" classname="Newtonsoft.Json.Tests.Linq.LinqToJsonTest" runstate="Runnable" seed="241796778" result="Passed" start-time="2019-11-12 05:39:19Z" end-time="2019-11-12 05:39:19Z" duration="0.000928" asserts="0">
                  <properties />
                </test-case>
                <test-case id="2949" name="FromAnonDictionary" fullname="Newtonsoft.Json.Tests.Linq.LinqToJsonTest.FromAnonDictionary" methodname="FromAnonDictionary" classname="Newtonsoft.Json.Tests.Linq.LinqToJsonTest" runstate="Runnable" seed="96183951" result="Passed" start-time="2019-11-12 05:39:19Z" end-time="2019-11-12 05:39:19Z" duration="0.006516" asserts="0">
                  <properties />
                </test-case>
                <test-case id="2948" name="FromObject" fullname="Newtonsoft.Json.Tests.Linq.LinqToJsonTest.FromObject" methodname="FromObject" classname="Newtonsoft.Json.Tests.Linq.LinqToJsonTest" runstate="Runnable" seed="1180255005" result="Passed" start-time="2019-11-12 05:39:19Z" end-time="2019-11-12 05:39:19Z" duration="0.002056" asserts="0">
                  <properties />
                </test-case>
                <test-case id="2913" name="FromObject_ByteMaxValue" fullname="Newtonsoft.Json.Tests.Linq.LinqToJsonTest.FromObject_ByteMaxValue" methodname="FromObject_ByteMaxValue" classname="Newtonsoft.Json.Tests.Linq.LinqToJsonTest" runstate="Runnable" seed="933565846" result="Passed" start-time="2019-11-12 05:39:19Z" end-time="2019-11-12 05:39:19Z" duration="0.002100" asserts="0">
                  <properties />
                </test-case>
                <test-case id="2912" name="FromObject_ULongMaxValue" fullname="Newtonsoft.Json.Tests.Linq.LinqToJsonTest.FromObject_ULongMaxValue" methodname="FromObject_ULongMaxValue" classname="Newtonsoft.Json.Tests.Linq.LinqToJsonTest" runstate="Runnable" seed="400774235" result="Passed" start-time="2019-11-12 05:39:19Z" end-time="2019-11-12 05:39:19Z" duration="0.002528" asserts="0">
                  <properties />
                </test-case>
                <test-case id="2939" name="FromObjectExample" fullname="Newtonsoft.Json.Tests.Linq.LinqToJsonTest.FromObjectExample" methodname="FromObjectExample" classname="Newtonsoft.Json.Tests.Linq.LinqToJsonTest" runstate="Runnable" seed="568457078" result="Passed" start-time="2019-11-12 05:39:19Z" end-time="2019-11-12 05:39:19Z" duration="0.003696" asserts="0">
                  <properties />
                </test-case>
                <test-case id="2908" name="FromObjectGuid" fullname="Newtonsoft.Json.Tests.Linq.LinqToJsonTest.FromObjectGuid" methodname="FromObjectGuid" classname="Newtonsoft.Json.Tests.Linq.LinqToJsonTest" runstate="Runnable" seed="777212049" result="Passed" start-time="2019-11-12 05:39:19Z" end-time="2019-11-12 05:39:19Z" duration="0.001030" asserts="0">
                  <properties />
                </test-case>
                <test-case id="2909" name="FromObjectTimeSpan" fullname="Newtonsoft.Json.Tests.Linq.LinqToJsonTest.FromObjectTimeSpan" methodname="FromObjectTimeSpan" classname="Newtonsoft.Json.Tests.Linq.LinqToJsonTest" runstate="Runnable" seed="326446768" result="Passed" start-time="2019-11-12 05:39:19Z" end-time="2019-11-12 05:39:19Z" duration="0.000694" asserts="0">
                  <properties />
                </test-case>
                <test-case id="2910" name="FromObjectUri" fullname="Newtonsoft.Json.Tests.Linq.LinqToJsonTest.FromObjectUri" methodname="FromObjectUri" classname="Newtonsoft.Json.Tests.Linq.LinqToJsonTest" runstate="Runnable" seed="603581187" result="Passed" start-time="2019-11-12 05:39:19Z" end-time="2019-11-12 05:39:19Z" duration="0.000860" asserts="0">
                  <properties />
                </test-case>
                <test-case id="2935" name="GoogleSearchAPI" fullname="Newtonsoft.Json.Tests.Linq.LinqToJsonTest.GoogleSearchAPI" methodname="GoogleSearchAPI" classname="Newtonsoft.Json.Tests.Linq.LinqToJsonTest" runstate="Runnable" seed="602938931" result="Passed" start-time="2019-11-12 05:39:19Z" end-time="2019-11-12 05:39:19Z" duration="0.003449" asserts="0">
                  <properties />
                </test-case>
                <test-case id="2961" name="HashCodeTests" fullname="Newtonsoft.Json.Tests.Linq.LinqToJsonTest.HashCodeTests" methodname="HashCodeTests" classname="Newtonsoft.Json.Tests.Linq.LinqToJsonTest" runstate="Runnable" seed="136728672" result="Passed" start-time="2019-11-12 05:39:19Z" end-time="2019-11-12 05:39:19Z" duration="0.001205" asserts="0">
                  <properties />
                </test-case>
                <test-case id="2915" name="IncompleteContainers" fullname="Newtonsoft.Json.Tests.Linq.LinqToJsonTest.IncompleteContainers" methodname="IncompleteContainers" classname="Newtonsoft.Json.Tests.Linq.LinqToJsonTest" runstate="Runnable" seed="2038950246" result="Passed" start-time="2019-11-12 05:39:19Z" end-time="2019-11-12 05:39:19Z" duration="0.001240" asserts="0">
                  <properties />
                </test-case>
                <test-case id="2944" name="JArrayStringIndex" fullname="Newtonsoft.Json.Tests.Linq.LinqToJsonTest.JArrayStringIndex" methodname="JArrayStringIndex" classname="Newtonsoft.Json.Tests.Linq.LinqToJsonTest" runstate="Runnable" seed="1757467030" result="Passed" start-time="2019-11-12 05:39:19Z" end-time="2019-11-12 05:39:19Z" duration="0.000966" asserts="0">
                  <properties />
                </test-case>
                <test-case id="2945" name="JConstructorStringIndex" fullname="Newtonsoft.Json.Tests.Linq.LinqToJsonTest.JConstructorStringIndex" methodname="JConstructorStringIndex" classname="Newtonsoft.Json.Tests.Linq.LinqToJsonTest" runstate="Runnable" seed="143312983" result="Passed" start-time="2019-11-12 05:39:19Z" end-time="2019-11-12 05:39:19Z" duration="0.000706" asserts="0">
                  <properties />
                </test-case>
                <test-case id="2943" name="JObjectIntIndex" fullname="Newtonsoft.Json.Tests.Linq.LinqToJsonTest.JObjectIntIndex" methodname="JObjectIntIndex" classname="Newtonsoft.Json.Tests.Linq.LinqToJsonTest" runstate="Runnable" seed="687935144" result="Passed" start-time="2019-11-12 05:39:19Z" end-time="2019-11-12 05:39:19Z" duration="0.000735" asserts="0">
                  <properties />
                </test-case>
                <test-case id="2926" name="JPropertyPath" fullname="Newtonsoft.Json.Tests.Linq.LinqToJsonTest.JPropertyPath" methodname="JPropertyPath" classname="Newtonsoft.Json.Tests.Linq.LinqToJsonTest" runstate="Runnable" seed="1350473283" result="Passed" start-time="2019-11-12 05:39:19Z" end-time="2019-11-12 05:39:19Z" duration="0.000532" asserts="0">
                  <properties />
                </test-case>
                <test-case id="2936" name="JTokenToString" fullname="Newtonsoft.Json.Tests.Linq.LinqToJsonTest.JTokenToString" methodname="JTokenToString" classname="Newtonsoft.Json.Tests.Linq.LinqToJsonTest" runstate="Runnable" seed="1293272337" result="Passed" start-time="2019-11-12 05:39:19Z" end-time="2019-11-12 05:39:19Z" duration="0.000891" asserts="0">
                  <properties />
                </test-case>
                <test-case id="2937" name="JTokenToStringTypes" fullname="Newtonsoft.Json.Tests.Linq.LinqToJsonTest.JTokenToStringTypes" methodname="JTokenToStringTypes" classname="Newtonsoft.Json.Tests.Linq.LinqToJsonTest" runstate="Runnable" seed="1638137144" result="Passed" start-time="2019-11-12 05:39:19Z" end-time="2019-11-12 05:39:19Z" duration="0.001454" asserts="0">
                  <properties />
                </test-case>
                <test-case id="2952" name="LinqCast" fullname="Newtonsoft.Json.Tests.Linq.LinqToJsonTest.LinqCast" methodname="LinqCast" classname="Newtonsoft.Json.Tests.Linq.LinqToJsonTest" runstate="Runnable" seed="101491501" result="Passed" start-time="2019-11-12 05:39:19Z" end-time="2019-11-12 05:39:19Z" duration="0.002577" asserts="0">
                  <properties />
                </test-case>
                <test-case id="2932" name="LinqToJsonDeserialize" fullname="Newtonsoft.Json.Tests.Linq.LinqToJsonTest.LinqToJsonDeserialize" methodname="LinqToJsonDeserialize" classname="Newtonsoft.Json.Tests.Linq.LinqToJsonTest" runstate="Runnable" seed="261654430" result="Passed" start-time="2019-11-12 05:39:19Z" end-time="2019-11-12 05:39:19Z" duration="0.001018" asserts="0">
                  <properties />
                </test-case>
                <test-case id="2931" name="Manual" fullname="Newtonsoft.Json.Tests.Linq.LinqToJsonTest.Manual" methodname="Manual" classname="Newtonsoft.Json.Tests.Linq.LinqToJsonTest" runstate="Runnable" seed="908298964" result="Passed" start-time="2019-11-12 05:39:19Z" end-time="2019-11-12 05:39:19Z" duration="0.000807" asserts="0">
                  <properties />
                </test-case>
                <test-case id="2933" name="ObjectParse" fullname="Newtonsoft.Json.Tests.Linq.LinqToJsonTest.ObjectParse" methodname="ObjectParse" classname="Newtonsoft.Json.Tests.Linq.LinqToJsonTest" runstate="Runnable" seed="1773168130" result="Passed" start-time="2019-11-12 05:39:19Z" end-time="2019-11-12 05:39:19Z" duration="0.003191" asserts="0">
                  <properties />
                </test-case>
                <test-case id="2956" name="ParseWithPrecendingComments" fullname="Newtonsoft.Json.Tests.Linq.LinqToJsonTest.ParseWithPrecendingComments" methodname="ParseWithPrecendingComments" classname="Newtonsoft.Json.Tests.Linq.LinqToJsonTest" runstate="Runnable" seed="381665465" result="Passed" start-time="2019-11-12 05:39:19Z" end-time="2019-11-12 05:39:19Z" duration="0.000594" asserts="0">
                  <properties />
                </test-case>
                <test-case id="2940" name="QueryingExample" fullname="Newtonsoft.Json.Tests.Linq.LinqToJsonTest.QueryingExample" methodname="QueryingExample" classname="Newtonsoft.Json.Tests.Linq.LinqToJsonTest" runstate="Runnable" seed="1510825626" result="Passed" start-time="2019-11-12 05:39:19Z" end-time="2019-11-12 05:39:19Z" duration="0.001921" asserts="0">
                  <properties />
                </test-case>
                <test-case id="2960" name="SerializeWithNoRedundentIdPropertiesTest" fullname="Newtonsoft.Json.Tests.Linq.LinqToJsonTest.SerializeWithNoRedundentIdPropertiesTest" methodname="SerializeWithNoRedundentIdPropertiesTest" classname="Newtonsoft.Json.Tests.Linq.LinqToJsonTest" runstate="Runnable" seed="752459372" result="Passed" start-time="2019-11-12 05:39:19Z" end-time="2019-11-12 05:39:19Z" duration="0.004834" asserts="0">
                  <properties />
                </test-case>
                <test-case id="2922" name="StartingCommentAndReadFrom" fullname="Newtonsoft.Json.Tests.Linq.LinqToJsonTest.StartingCommentAndReadFrom" methodname="StartingCommentAndReadFrom" classname="Newtonsoft.Json.Tests.Linq.LinqToJsonTest" runstate="Runnable" seed="595608667" result="Passed" start-time="2019-11-12 05:39:19Z" end-time="2019-11-12 05:39:19Z" duration="0.000874" asserts="0">
                  <properties />
                </test-case>
                <test-case id="2923" name="StartingCommentAndReadFrom_IgnoreComments" fullname="Newtonsoft.Json.Tests.Linq.LinqToJsonTest.StartingCommentAndReadFrom_IgnoreComments" methodname="StartingCommentAndReadFrom_IgnoreComments" classname="Newtonsoft.Json.Tests.Linq.LinqToJsonTest" runstate="Runnable" seed="1439253105" result="Passed" start-time="2019-11-12 05:39:19Z" end-time="2019-11-12 05:39:19Z" duration="0.000687" asserts="0">
                  <properties />
                </test-case>
                <test-case id="2925" name="StartingEndArrayAndReadFrom" fullname="Newtonsoft.Json.Tests.Linq.LinqToJsonTest.StartingEndArrayAndReadFrom" methodname="StartingEndArrayAndReadFrom" classname="Newtonsoft.Json.Tests.Linq.LinqToJsonTest" runstate="Runnable" seed="10487407" result="Passed" start-time="2019-11-12 05:39:19Z" end-time="2019-11-12 05:39:19Z" duration="0.000934" asserts="0">
                  <properties />
                </test-case>
                <test-case id="2924" name="StartingUndefinedAndReadFrom" fullname="Newtonsoft.Json.Tests.Linq.LinqToJsonTest.StartingUndefinedAndReadFrom" methodname="StartingUndefinedAndReadFrom" classname="Newtonsoft.Json.Tests.Linq.LinqToJsonTest" runstate="Runnable" seed="150471036" result="Passed" start-time="2019-11-12 05:39:19Z" end-time="2019-11-12 05:39:19Z" duration="0.000772" asserts="0">
                  <properties />
                </test-case>
                <test-case id="2914" name="ToObject_Base64AndGuid" fullname="Newtonsoft.Json.Tests.Linq.LinqToJsonTest.ToObject_Base64AndGuid" methodname="ToObject_Base64AndGuid" classname="Newtonsoft.Json.Tests.Linq.LinqToJsonTest" runstate="Runnable" seed="890940412" result="Passed" start-time="2019-11-12 05:39:19Z" end-time="2019-11-12 05:39:19Z" duration="0.000967" asserts="0">
                  <properties />
                </test-case>
                <test-case id="2958" name="ToObject_Enum_Converter" fullname="Newtonsoft.Json.Tests.Linq.LinqToJsonTest.ToObject_Enum_Converter" methodname="ToObject_Enum_Converter" classname="Newtonsoft.Json.Tests.Linq.LinqToJsonTest" runstate="Runnable" seed="420980475" result="Passed" start-time="2019-11-12 05:39:19Z" end-time="2019-11-12 05:39:19Z" duration="0.001931" asserts="0">
                  <properties />
                </test-case>
                <test-case id="2959" name="ToObject_Enum_NoConverter" fullname="Newtonsoft.Json.Tests.Linq.LinqToJsonTest.ToObject_Enum_NoConverter" methodname="ToObject_Enum_NoConverter" classname="Newtonsoft.Json.Tests.Linq.LinqToJsonTest" runstate="Runnable" seed="1823389511" result="Passed" start-time="2019-11-12 05:39:19Z" end-time="2019-11-12 05:39:19Z" duration="0.002472" asserts="0">
                  <properties />
                </test-case>
                <test-case id="2911" name="ToObject_Guid" fullname="Newtonsoft.Json.Tests.Linq.LinqToJsonTest.ToObject_Guid" methodname="ToObject_Guid" classname="Newtonsoft.Json.Tests.Linq.LinqToJsonTest" runstate="Runnable" seed="1415990850" result="Passed" start-time="2019-11-12 05:39:19Z" end-time="2019-11-12 05:39:19Z" duration="0.005200" asserts="0">
                  <properties />
                </test-case>
                <test-case id="2904" name="ToObjectDecimal" fullname="Newtonsoft.Json.Tests.Linq.LinqToJsonTest.ToObjectDecimal" methodname="ToObjectDecimal" classname="Newtonsoft.Json.Tests.Linq.LinqToJsonTest" runstate="Runnable" seed="1227260327" result="Passed" start-time="2019-11-12 05:39:19Z" end-time="2019-11-12 05:39:19Z" duration="0.005133" asserts="0">
                  <properties />
                </test-case>
                <test-case id="2905" name="ToObjectFromGuidToString" fullname="Newtonsoft.Json.Tests.Linq.LinqToJsonTest.ToObjectFromGuidToString" methodname="ToObjectFromGuidToString" classname="Newtonsoft.Json.Tests.Linq.LinqToJsonTest" runstate="Runnable" seed="27070902" result="Passed" start-time="2019-11-12 05:39:19Z" end-time="2019-11-12 05:39:19Z" duration="0.000768" asserts="0">
                  <properties />
                </test-case>
                <test-case id="2906" name="ToObjectFromIntegerToString" fullname="Newtonsoft.Json.Tests.Linq.LinqToJsonTest.ToObjectFromIntegerToString" methodname="ToObjectFromIntegerToString" classname="Newtonsoft.Json.Tests.Linq.LinqToJsonTest" runstate="Runnable" seed="1244836563" result="Passed" start-time="2019-11-12 05:39:19Z" end-time="2019-11-12 05:39:19Z" duration="0.000422" asserts="0">
                  <properties />
                </test-case>
                <test-case id="2907" name="ToObjectFromStringToInteger" fullname="Newtonsoft.Json.Tests.Linq.LinqToJsonTest.ToObjectFromStringToInteger" methodname="ToObjectFromStringToInteger" classname="Newtonsoft.Json.Tests.Linq.LinqToJsonTest" runstate="Runnable" seed="2080287429" result="Passed" start-time="2019-11-12 05:39:19Z" end-time="2019-11-12 05:39:19Z" duration="0.000697" asserts="0">
                  <properties />
                </test-case>
                <test-case id="2946" name="ToStringJsonConverter" fullname="Newtonsoft.Json.Tests.Linq.LinqToJsonTest.ToStringJsonConverter" methodname="ToStringJsonConverter" classname="Newtonsoft.Json.Tests.Linq.LinqToJsonTest" runstate="Runnable" seed="1519205532" result="Passed" start-time="2019-11-12 05:39:19Z" end-time="2019-11-12 05:39:19Z" duration="0.001331" asserts="0">
                  <properties />
                </test-case>
                <test-case id="2954" name="UriGuidTimeSpanTestClassEmptyTest" fullname="Newtonsoft.Json.Tests.Linq.LinqToJsonTest.UriGuidTimeSpanTestClassEmptyTest" methodname="UriGuidTimeSpanTestClassEmptyTest" classname="Newtonsoft.Json.Tests.Linq.LinqToJsonTest" runstate="Runnable" seed="1367925357" result="Passed" start-time="2019-11-12 05:39:19Z" end-time="2019-11-12 05:39:19Z" duration="0.001297" asserts="0">
                  <properties />
                </test-case>
                <test-case id="2955" name="UriGuidTimeSpanTestClassValuesTest" fullname="Newtonsoft.Json.Tests.Linq.LinqToJsonTest.UriGuidTimeSpanTestClassValuesTest" methodname="UriGuidTimeSpanTestClassValuesTest" classname="Newtonsoft.Json.Tests.Linq.LinqToJsonTest" runstate="Runnable" seed="1664657" result="Passed" start-time="2019-11-12 05:39:19Z" end-time="2019-11-12 05:39:19Z" duration="0.001803" asserts="0">
                  <properties />
                </test-case>
              </test-suite>
              <test-suite type="TestFixture" id="2962" name="MergeTests" fullname="Newtonsoft.Json.Tests.Linq.MergeTests" classname="Newtonsoft.Json.Tests.Linq.MergeTests" runstate="Runnable" testcasecount="21" result="Passed" start-time="2019-11-12 05:39:19Z" end-time="2019-11-12 05:39:19Z" duration="0.105160" total="21" passed="21" failed="0" inconclusive="0" skipped="0" asserts="0">
                <properties />
                <test-case id="2969" name="ConcatArray" fullname="Newtonsoft.Json.Tests.Linq.MergeTests.ConcatArray" methodname="ConcatArray" classname="Newtonsoft.Json.Tests.Linq.MergeTests" runstate="Runnable" seed="1816108680" result="Passed" start-time="2019-11-12 05:39:19Z" end-time="2019-11-12 05:39:19Z" duration="0.008294" asserts="0">
                  <properties />
                </test-case>
                <test-case id="2982" name="Merge_IgnorePropertyCase" fullname="Newtonsoft.Json.Tests.Linq.MergeTests.Merge_IgnorePropertyCase" methodname="Merge_IgnorePropertyCase" classname="Newtonsoft.Json.Tests.Linq.MergeTests" runstate="Runnable" seed="228227485" result="Passed" start-time="2019-11-12 05:39:19Z" end-time="2019-11-12 05:39:19Z" duration="0.001353" asserts="0">
                  <properties />
                </test-case>
                <test-case id="2968" name="MergeArray" fullname="Newtonsoft.Json.Tests.Linq.MergeTests.MergeArray" methodname="MergeArray" classname="Newtonsoft.Json.Tests.Linq.MergeTests" runstate="Runnable" seed="1274114032" result="Passed" start-time="2019-11-12 05:39:19Z" end-time="2019-11-12 05:39:19Z" duration="0.015219" asserts="0">
                  <properties />
                </test-case>
                <test-case id="2972" name="MergeArrayOverwrite_Nested" fullname="Newtonsoft.Json.Tests.Linq.MergeTests.MergeArrayOverwrite_Nested" methodname="MergeArrayOverwrite_Nested" classname="Newtonsoft.Json.Tests.Linq.MergeTests" runstate="Runnable" seed="1120508726" result="Passed" start-time="2019-11-12 05:39:19Z" end-time="2019-11-12 05:39:19Z" duration="0.001138" asserts="0">
                  <properties />
                </test-case>
                <test-case id="2973" name="MergeArrayOverwrite_Root" fullname="Newtonsoft.Json.Tests.Linq.MergeTests.MergeArrayOverwrite_Root" methodname="MergeArrayOverwrite_Root" classname="Newtonsoft.Json.Tests.Linq.MergeTests" runstate="Runnable" seed="643308584" result="Passed" start-time="2019-11-12 05:39:19Z" end-time="2019-11-12 05:39:19Z" duration="0.000763" asserts="0">
                  <properties />
                </test-case>
                <test-case id="2965" name="MergeChildObject" fullname="Newtonsoft.Json.Tests.Linq.MergeTests.MergeChildObject" methodname="MergeChildObject" classname="Newtonsoft.Json.Tests.Linq.MergeTests" runstate="Runnable" seed="617944879" result="Passed" start-time="2019-11-12 05:39:19Z" end-time="2019-11-12 05:39:19Z" duration="0.006550" asserts="0">
                  <properties />
                </test-case>
                <test-case id="2977" name="MergeDefaultContainers" fullname="Newtonsoft.Json.Tests.Linq.MergeTests.MergeDefaultContainers" methodname="MergeDefaultContainers" classname="Newtonsoft.Json.Tests.Linq.MergeTests" runstate="Runnable" seed="1755528187" result="Passed" start-time="2019-11-12 05:39:19Z" end-time="2019-11-12 05:39:19Z" duration="0.001341" asserts="0">
                  <properties />
                </test-case>
                <test-case id="2976" name="MergeJConstructor" fullname="Newtonsoft.Json.Tests.Linq.MergeTests.MergeJConstructor" methodname="MergeJConstructor" classname="Newtonsoft.Json.Tests.Linq.MergeTests" runstate="Runnable" seed="1676881935" result="Passed" start-time="2019-11-12 05:39:19Z" end-time="2019-11-12 05:39:19Z" duration="0.001952" asserts="0">
                  <properties />
                </test-case>
                <test-case id="2975" name="MergeJProperty" fullname="Newtonsoft.Json.Tests.Linq.MergeTests.MergeJProperty" methodname="MergeJProperty" classname="Newtonsoft.Json.Tests.Linq.MergeTests" runstate="Runnable" seed="2028791284" result="Passed" start-time="2019-11-12 05:39:19Z" end-time="2019-11-12 05:39:19Z" duration="0.000728" asserts="0">
                  <properties />
                </test-case>
                <test-case id="2966" name="MergeMismatchedTypesRoot" fullname="Newtonsoft.Json.Tests.Linq.MergeTests.MergeMismatchedTypesRoot" methodname="MergeMismatchedTypesRoot" classname="Newtonsoft.Json.Tests.Linq.MergeTests" runstate="Runnable" seed="1123008484" result="Passed" start-time="2019-11-12 05:39:19Z" end-time="2019-11-12 05:39:19Z" duration="0.000616" asserts="0">
                  <properties />
                </test-case>
                <test-case id="2970" name="MergeMismatchingTypesInArray" fullname="Newtonsoft.Json.Tests.Linq.MergeTests.MergeMismatchingTypesInArray" methodname="MergeMismatchingTypesInArray" classname="Newtonsoft.Json.Tests.Linq.MergeTests" runstate="Runnable" seed="1311436559" result="Passed" start-time="2019-11-12 05:39:19Z" end-time="2019-11-12 05:39:19Z" duration="0.001036" asserts="0">
                  <properties />
                </test-case>
                <test-case id="2971" name="MergeMismatchingTypesInObject" fullname="Newtonsoft.Json.Tests.Linq.MergeTests.MergeMismatchingTypesInObject" methodname="MergeMismatchingTypesInObject" classname="Newtonsoft.Json.Tests.Linq.MergeTests" runstate="Runnable" seed="1985181183" result="Passed" start-time="2019-11-12 05:39:19Z" end-time="2019-11-12 05:39:19Z" duration="0.012271" asserts="0">
                  <properties />
                </test-case>
                <test-case id="2967" name="MergeMultipleObjects" fullname="Newtonsoft.Json.Tests.Linq.MergeTests.MergeMultipleObjects" methodname="MergeMultipleObjects" classname="Newtonsoft.Json.Tests.Linq.MergeTests" runstate="Runnable" seed="590702247" result="Passed" start-time="2019-11-12 05:39:19Z" end-time="2019-11-12 05:39:19Z" duration="0.003422" asserts="0">
                  <properties />
                </test-case>
                <test-case id="2978" name="MergeNull" fullname="Newtonsoft.Json.Tests.Linq.MergeTests.MergeNull" methodname="MergeNull" classname="Newtonsoft.Json.Tests.Linq.MergeTests" runstate="Runnable" seed="1785100818" result="Passed" start-time="2019-11-12 05:39:19Z" end-time="2019-11-12 05:39:19Z" duration="0.000857" asserts="0">
                  <properties />
                </test-case>
                <test-case id="2963" name="MergeNullString" fullname="Newtonsoft.Json.Tests.Linq.MergeTests.MergeNullString" methodname="MergeNullString" classname="Newtonsoft.Json.Tests.Linq.MergeTests" runstate="Runnable" seed="996757441" result="Passed" start-time="2019-11-12 05:39:19Z" end-time="2019-11-12 05:39:19Z" duration="0.000645" asserts="0">
                  <properties />
                </test-case>
                <test-case id="2979" name="MergeNullValue" fullname="Newtonsoft.Json.Tests.Linq.MergeTests.MergeNullValue" methodname="MergeNullValue" classname="Newtonsoft.Json.Tests.Linq.MergeTests" runstate="Runnable" seed="1939505977" result="Passed" start-time="2019-11-12 05:39:19Z" end-time="2019-11-12 05:39:19Z" duration="0.001374" asserts="0">
                  <properties />
                </test-case>
                <test-case id="2980" name="MergeNullValueHandling_Array" fullname="Newtonsoft.Json.Tests.Linq.MergeTests.MergeNullValueHandling_Array" methodname="MergeNullValueHandling_Array" classname="Newtonsoft.Json.Tests.Linq.MergeTests" runstate="Runnable" seed="345846201" result="Passed" start-time="2019-11-12 05:39:19Z" end-time="2019-11-12 05:39:19Z" duration="0.001010" asserts="0">
                  <properties />
                </test-case>
                <test-case id="2981" name="MergeNullValueHandling_Object" fullname="Newtonsoft.Json.Tests.Linq.MergeTests.MergeNullValueHandling_Object" methodname="MergeNullValueHandling_Object" classname="Newtonsoft.Json.Tests.Linq.MergeTests" runstate="Runnable" seed="1610212152" result="Passed" start-time="2019-11-12 05:39:19Z" end-time="2019-11-12 05:39:19Z" duration="0.001045" asserts="0">
                  <properties />
                </test-case>
                <test-case id="2964" name="MergeObjectProperty" fullname="Newtonsoft.Json.Tests.Linq.MergeTests.MergeObjectProperty" methodname="MergeObjectProperty" classname="Newtonsoft.Json.Tests.Linq.MergeTests" runstate="Runnable" seed="1601417028" result="Passed" start-time="2019-11-12 05:39:19Z" end-time="2019-11-12 05:39:19Z" duration="0.000592" asserts="0">
                  <properties />
                </test-case>
                <test-case id="2983" name="MergeSettingsComparisonDefault" fullname="Newtonsoft.Json.Tests.Linq.MergeTests.MergeSettingsComparisonDefault" methodname="MergeSettingsComparisonDefault" classname="Newtonsoft.Json.Tests.Linq.MergeTests" runstate="Runnable" seed="1022365141" result="Passed" start-time="2019-11-12 05:39:19Z" end-time="2019-11-12 05:39:19Z" duration="0.000690" asserts="0">
                  <properties />
                </test-case>
                <test-case id="2974" name="UnionArrays" fullname="Newtonsoft.Json.Tests.Linq.MergeTests.UnionArrays" methodname="UnionArrays" classname="Newtonsoft.Json.Tests.Linq.MergeTests" runstate="Runnable" seed="953866372" result="Passed" start-time="2019-11-12 05:39:19Z" end-time="2019-11-12 05:39:19Z" duration="0.001093" asserts="0">
                  <properties />
                </test-case>
              </test-suite>
            </test-suite>
            <test-suite type="TestSuite" id="4112" name="Schema" fullname="Newtonsoft.Json.Tests.Schema" runstate="Runnable" testcasecount="289" result="Passed" start-time="2019-11-12 05:39:21Z" end-time="2019-11-12 05:39:28Z" duration="6.838829" total="289" passed="289" failed="0" inconclusive="0" skipped="0" asserts="0">
              <properties />
              <test-suite type="TestFixture" id="2184" name="ExtensionsTests" fullname="Newtonsoft.Json.Tests.Schema.ExtensionsTests" classname="Newtonsoft.Json.Tests.Schema.ExtensionsTests" runstate="Runnable" testcasecount="22" result="Passed" start-time="2019-11-12 05:39:21Z" end-time="2019-11-12 05:39:21Z" duration="0.147623" total="22" passed="22" failed="0" inconclusive="0" skipped="0" asserts="0">
                <properties />
                <test-case id="2191" name="Blog" fullname="Newtonsoft.Json.Tests.Schema.ExtensionsTests.Blog" methodname="Blog" classname="Newtonsoft.Json.Tests.Schema.ExtensionsTests" runstate="Runnable" seed="859246120" result="Passed" start-time="2019-11-12 05:39:21Z" end-time="2019-11-12 05:39:21Z" duration="0.002501" asserts="0">
                  <properties />
                </test-case>
                <test-case id="2199" name="DivisibleBy_Approx" fullname="Newtonsoft.Json.Tests.Schema.ExtensionsTests.DivisibleBy_Approx" methodname="DivisibleBy_Approx" classname="Newtonsoft.Json.Tests.Schema.ExtensionsTests" runstate="Runnable" seed="1706003419" result="Passed" start-time="2019-11-12 05:39:21Z" end-time="2019-11-12 05:39:21Z" duration="0.001117" asserts="0">
                  <properties />
                </test-case>
                <test-case id="2198" name="DivisibleBy_Int" fullname="Newtonsoft.Json.Tests.Schema.ExtensionsTests.DivisibleBy_Int" methodname="DivisibleBy_Int" classname="Newtonsoft.Json.Tests.Schema.ExtensionsTests" runstate="Runnable" seed="1285296191" result="Passed" start-time="2019-11-12 05:39:21Z" end-time="2019-11-12 05:39:21Z" duration="0.001383" asserts="0">
                  <properties />
                </test-case>
                <test-case id="2204" name="Enum_Properties" fullname="Newtonsoft.Json.Tests.Schema.ExtensionsTests.Enum_Properties" methodname="Enum_Properties" classname="Newtonsoft.Json.Tests.Schema.ExtensionsTests" runstate="Runnable" seed="1556798109" result="Passed" start-time="2019-11-12 05:39:21Z" end-time="2019-11-12 05:39:21Z" duration="0.001683" asserts="0">
                  <properties />
                </test-case>
                <test-case id="2195" name="ExclusiveMaximum_Float" fullname="Newtonsoft.Json.Tests.Schema.ExtensionsTests.ExclusiveMaximum_Float" methodname="ExclusiveMaximum_Float" classname="Newtonsoft.Json.Tests.Schema.ExtensionsTests" runstate="Runnable" seed="1575156330" result="Passed" start-time="2019-11-12 05:39:21Z" end-time="2019-11-12 05:39:21Z" duration="0.001139" asserts="0">
                  <properties />
                </test-case>
                <test-case id="2194" name="ExclusiveMaximum_Int" fullname="Newtonsoft.Json.Tests.Schema.ExtensionsTests.ExclusiveMaximum_Int" methodname="ExclusiveMaximum_Int" classname="Newtonsoft.Json.Tests.Schema.ExtensionsTests" runstate="Runnable" seed="1886256862" result="Passed" start-time="2019-11-12 05:39:21Z" end-time="2019-11-12 05:39:21Z" duration="0.001123" asserts="0">
                  <properties />
                </test-case>
                <test-case id="2197" name="ExclusiveMinimum_Float" fullname="Newtonsoft.Json.Tests.Schema.ExtensionsTests.ExclusiveMinimum_Float" methodname="ExclusiveMinimum_Float" classname="Newtonsoft.Json.Tests.Schema.ExtensionsTests" runstate="Runnable" seed="1473921259" result="Passed" start-time="2019-11-12 05:39:21Z" end-time="2019-11-12 05:39:21Z" duration="0.002290" asserts="0">
                  <properties />
                </test-case>
                <test-case id="2196" name="ExclusiveMinimum_Int" fullname="Newtonsoft.Json.Tests.Schema.ExtensionsTests.ExclusiveMinimum_Int" methodname="ExclusiveMinimum_Int" classname="Newtonsoft.Json.Tests.Schema.ExtensionsTests" runstate="Runnable" seed="1360590519" result="Passed" start-time="2019-11-12 05:39:21Z" end-time="2019-11-12 05:39:21Z" duration="0.001883" asserts="0">
                  <properties />
                </test-case>
                <test-case id="2192" name="GenerateSchemaAndSerializeFromTypeTests" fullname="Newtonsoft.Json.Tests.Schema.ExtensionsTests.GenerateSchemaAndSerializeFromTypeTests" methodname="GenerateSchemaAndSerializeFromTypeTests" classname="Newtonsoft.Json.Tests.Schema.ExtensionsTests" runstate="Runnable" seed="246727838" result="Passed" start-time="2019-11-12 05:39:21Z" end-time="2019-11-12 05:39:21Z" duration="0.056845" asserts="0">
                  <properties />
                </test-case>
                <test-case id="2185" name="IsValid" fullname="Newtonsoft.Json.Tests.Schema.ExtensionsTests.IsValid" methodname="IsValid" classname="Newtonsoft.Json.Tests.Schema.ExtensionsTests" runstate="Runnable" seed="2023523490" result="Passed" start-time="2019-11-12 05:39:21Z" end-time="2019-11-12 05:39:21Z" duration="0.002321" asserts="0">
                  <properties />
                </test-case>
                <test-case id="2206" name="Items_Positional" fullname="Newtonsoft.Json.Tests.Schema.ExtensionsTests.Items_Positional" methodname="Items_Positional" classname="Newtonsoft.Json.Tests.Schema.ExtensionsTests" runstate="Runnable" seed="1517642492" result="Passed" start-time="2019-11-12 05:39:21Z" end-time="2019-11-12 05:39:21Z" duration="0.001663" asserts="0">
                  <properties />
                </test-case>
                <test-case id="2193" name="UndefinedPropertyOnNoPropertySchema" fullname="Newtonsoft.Json.Tests.Schema.ExtensionsTests.UndefinedPropertyOnNoPropertySchema" methodname="UndefinedPropertyOnNoPropertySchema" classname="Newtonsoft.Json.Tests.Schema.ExtensionsTests" runstate="Runnable" seed="737098976" result="Passed" start-time="2019-11-12 05:39:21Z" end-time="2019-11-12 05:39:21Z" duration="0.001580" asserts="0">
                  <properties />
                </test-case>
                <test-case id="2202" name="UniqueItems_ComplexDuplicate" fullname="Newtonsoft.Json.Tests.Schema.ExtensionsTests.UniqueItems_ComplexDuplicate" methodname="UniqueItems_ComplexDuplicate" classname="Newtonsoft.Json.Tests.Schema.ExtensionsTests" runstate="Runnable" seed="200570796" result="Passed" start-time="2019-11-12 05:39:21Z" end-time="2019-11-12 05:39:21Z" duration="0.002412" asserts="0">
                  <properties />
                </test-case>
                <test-case id="2203" name="UniqueItems_NestedDuplicate" fullname="Newtonsoft.Json.Tests.Schema.ExtensionsTests.UniqueItems_NestedDuplicate" methodname="UniqueItems_NestedDuplicate" classname="Newtonsoft.Json.Tests.Schema.ExtensionsTests" runstate="Runnable" seed="589020553" result="Passed" start-time="2019-11-12 05:39:21Z" end-time="2019-11-12 05:39:21Z" duration="0.001489" asserts="0">
                  <properties />
                </test-case>
                <test-case id="2205" name="UniqueItems_Property" fullname="Newtonsoft.Json.Tests.Schema.ExtensionsTests.UniqueItems_Property" methodname="UniqueItems_Property" classname="Newtonsoft.Json.Tests.Schema.ExtensionsTests" runstate="Runnable" seed="2095139060" result="Passed" start-time="2019-11-12 05:39:21Z" end-time="2019-11-12 05:39:21Z" duration="0.000954" asserts="0">
                  <properties />
                </test-case>
                <test-case id="2201" name="UniqueItems_SimpleDuplicate" fullname="Newtonsoft.Json.Tests.Schema.ExtensionsTests.UniqueItems_SimpleDuplicate" methodname="UniqueItems_SimpleDuplicate" classname="Newtonsoft.Json.Tests.Schema.ExtensionsTests" runstate="Runnable" seed="2094058144" result="Passed" start-time="2019-11-12 05:39:21Z" end-time="2019-11-12 05:39:21Z" duration="0.000996" asserts="0">
                  <properties />
                </test-case>
                <test-case id="2200" name="UniqueItems_SimpleUnique" fullname="Newtonsoft.Json.Tests.Schema.ExtensionsTests.UniqueItems_SimpleUnique" methodname="UniqueItems_SimpleUnique" classname="Newtonsoft.Json.Tests.Schema.ExtensionsTests" runstate="Runnable" seed="603612363" result="Passed" start-time="2019-11-12 05:39:21Z" end-time="2019-11-12 05:39:21Z" duration="0.001678" asserts="0">
                  <properties />
                </test-case>
                <test-case id="2189" name="ValidateFailureWithOutLineInfoBecauseOfEndToken" fullname="Newtonsoft.Json.Tests.Schema.ExtensionsTests.ValidateFailureWithOutLineInfoBecauseOfEndToken" methodname="ValidateFailureWithOutLineInfoBecauseOfEndToken" classname="Newtonsoft.Json.Tests.Schema.ExtensionsTests" runstate="Runnable" seed="1622806268" result="Passed" start-time="2019-11-12 05:39:21Z" end-time="2019-11-12 05:39:21Z" duration="0.001829" asserts="0">
                  <properties />
                </test-case>
                <test-case id="2190" name="ValidateRequiredFieldsWithLineInfo" fullname="Newtonsoft.Json.Tests.Schema.ExtensionsTests.ValidateRequiredFieldsWithLineInfo" methodname="ValidateRequiredFieldsWithLineInfo" classname="Newtonsoft.Json.Tests.Schema.ExtensionsTests" runstate="Runnable" seed="1429202797" result="Passed" start-time="2019-11-12 05:39:21Z" end-time="2019-11-12 05:39:21Z" duration="0.001726" asserts="0">
                  <properties />
                </test-case>
                <test-case id="2186" name="ValidateWithEventHandler" fullname="Newtonsoft.Json.Tests.Schema.ExtensionsTests.ValidateWithEventHandler" methodname="ValidateWithEventHandler" classname="Newtonsoft.Json.Tests.Schema.ExtensionsTests" runstate="Runnable" seed="467114030" result="Passed" start-time="2019-11-12 05:39:21Z" end-time="2019-11-12 05:39:21Z" duration="0.001791" asserts="0">
                  <properties />
                </test-case>
                <test-case id="2187" name="ValidateWithOutEventHandlerFailure" fullname="Newtonsoft.Json.Tests.Schema.ExtensionsTests.ValidateWithOutEventHandlerFailure" methodname="ValidateWithOutEventHandlerFailure" classname="Newtonsoft.Json.Tests.Schema.ExtensionsTests" runstate="Runnable" seed="493405152" result="Passed" start-time="2019-11-12 05:39:21Z" end-time="2019-11-12 05:39:21Z" duration="0.001170" asserts="0">
                  <properties />
                </test-case>
                <test-case id="2188" name="ValidateWithOutEventHandlerSuccess" fullname="Newtonsoft.Json.Tests.Schema.ExtensionsTests.ValidateWithOutEventHandlerSuccess" methodname="ValidateWithOutEventHandlerSuccess" classname="Newtonsoft.Json.Tests.Schema.ExtensionsTests" runstate="Runnable" seed="487140164" result="Passed" start-time="2019-11-12 05:39:21Z" end-time="2019-11-12 05:39:21Z" duration="0.001302" asserts="0">
                  <properties />
                </test-case>
              </test-suite>
              <test-suite type="TestFixture" id="2207" name="JsonSchemaBuilderTests" fullname="Newtonsoft.Json.Tests.Schema.JsonSchemaBuilderTests" classname="Newtonsoft.Json.Tests.Schema.JsonSchemaBuilderTests" runstate="Runnable" testcasecount="34" result="Passed" start-time="2019-11-12 05:39:21Z" end-time="2019-11-12 05:39:21Z" duration="0.119601" total="34" passed="34" failed="0" inconclusive="0" skipped="0" asserts="0">
                <properties />
                <test-case id="2230" name="AdditionalItems" fullname="Newtonsoft.Json.Tests.Schema.JsonSchemaBuilderTests.AdditionalItems" methodname="AdditionalItems" classname="Newtonsoft.Json.Tests.Schema.JsonSchemaBuilderTests" runstate="Runnable" seed="1363420734" result="Passed" start-time="2019-11-12 05:39:21Z" end-time="2019-11-12 05:39:21Z" duration="0.001480" asserts="0">
                  <properties />
                </test-case>
                <test-case id="2211" name="AdditionalProperties" fullname="Newtonsoft.Json.Tests.Schema.JsonSchemaBuilderTests.AdditionalProperties" methodname="AdditionalProperties" classname="Newtonsoft.Json.Tests.Schema.JsonSchemaBuilderTests" runstate="Runnable" seed="100319965" result="Passed" start-time="2019-11-12 05:39:21Z" end-time="2019-11-12 05:39:21Z" duration="0.001320" asserts="0">
                  <properties />
                </test-case>
                <test-case id="2232" name="AllowAdditionalItems" fullname="Newtonsoft.Json.Tests.Schema.JsonSchemaBuilderTests.AllowAdditionalItems" methodname="AllowAdditionalItems" classname="Newtonsoft.Json.Tests.Schema.JsonSchemaBuilderTests" runstate="Runnable" seed="835405846" result="Passed" start-time="2019-11-12 05:39:21Z" end-time="2019-11-12 05:39:21Z" duration="0.001040" asserts="0">
                  <properties />
                </test-case>
                <test-case id="2227" name="CircularReference" fullname="Newtonsoft.Json.Tests.Schema.JsonSchemaBuilderTests.CircularReference" methodname="CircularReference" classname="Newtonsoft.Json.Tests.Schema.JsonSchemaBuilderTests" runstate="Runnable" seed="1727550105" result="Passed" start-time="2019-11-12 05:39:21Z" end-time="2019-11-12 05:39:21Z" duration="0.001058" asserts="0">
                  <properties />
                </test-case>
                <test-case id="2225" name="DefaultComplexType" fullname="Newtonsoft.Json.Tests.Schema.JsonSchemaBuilderTests.DefaultComplexType" methodname="DefaultComplexType" classname="Newtonsoft.Json.Tests.Schema.JsonSchemaBuilderTests" runstate="Runnable" seed="602750030" result="Passed" start-time="2019-11-12 05:39:21Z" end-time="2019-11-12 05:39:21Z" duration="0.000722" asserts="0">
                  <properties />
                </test-case>
                <test-case id="2224" name="DefaultPrimitiveType" fullname="Newtonsoft.Json.Tests.Schema.JsonSchemaBuilderTests.DefaultPrimitiveType" methodname="DefaultPrimitiveType" classname="Newtonsoft.Json.Tests.Schema.JsonSchemaBuilderTests" runstate="Runnable" seed="2008691935" result="Passed" start-time="2019-11-12 05:39:21Z" end-time="2019-11-12 05:39:21Z" duration="0.000668" asserts="0">
                  <properties />
                </test-case>
                <test-case id="2231" name="DisallowAdditionalItems" fullname="Newtonsoft.Json.Tests.Schema.JsonSchemaBuilderTests.DisallowAdditionalItems" methodname="DisallowAdditionalItems" classname="Newtonsoft.Json.Tests.Schema.JsonSchemaBuilderTests" runstate="Runnable" seed="1932001260" result="Passed" start-time="2019-11-12 05:39:21Z" end-time="2019-11-12 05:39:21Z" duration="0.000681" asserts="0">
                  <properties />
                </test-case>
                <test-case id="2223" name="DisallowMultipleTypes" fullname="Newtonsoft.Json.Tests.Schema.JsonSchemaBuilderTests.DisallowMultipleTypes" methodname="DisallowMultipleTypes" classname="Newtonsoft.Json.Tests.Schema.JsonSchemaBuilderTests" runstate="Runnable" seed="1348363480" result="Passed" start-time="2019-11-12 05:39:21Z" end-time="2019-11-12 05:39:21Z" duration="0.000750" asserts="0">
                  <properties />
                </test-case>
                <test-case id="2222" name="DisallowSingleType" fullname="Newtonsoft.Json.Tests.Schema.JsonSchemaBuilderTests.DisallowSingleType" methodname="DisallowSingleType" classname="Newtonsoft.Json.Tests.Schema.JsonSchemaBuilderTests" runstate="Runnable" seed="502380101" result="Passed" start-time="2019-11-12 05:39:21Z" end-time="2019-11-12 05:39:21Z" duration="0.000730" asserts="0">
                  <properties />
                </test-case>
                <test-case id="2226" name="Enum" fullname="Newtonsoft.Json.Tests.Schema.JsonSchemaBuilderTests.Enum" methodname="Enum" classname="Newtonsoft.Json.Tests.Schema.JsonSchemaBuilderTests" runstate="Runnable" seed="461194929" result="Passed" start-time="2019-11-12 05:39:21Z" end-time="2019-11-12 05:39:21Z" duration="0.000899" asserts="0">
                  <properties />
                </test-case>
                <test-case id="2237" name="EscapedReferences" fullname="Newtonsoft.Json.Tests.Schema.JsonSchemaBuilderTests.EscapedReferences" methodname="EscapedReferences" classname="Newtonsoft.Json.Tests.Schema.JsonSchemaBuilderTests" runstate="Runnable" seed="1132875773" result="Passed" start-time="2019-11-12 05:39:21Z" end-time="2019-11-12 05:39:21Z" duration="0.002404" asserts="0">
                  <properties />
                </test-case>
                <test-case id="2213" name="ExclusiveMinimum_ExclusiveMaximum" fullname="Newtonsoft.Json.Tests.Schema.JsonSchemaBuilderTests.ExclusiveMinimum_ExclusiveMaximum" methodname="ExclusiveMinimum_ExclusiveMaximum" classname="Newtonsoft.Json.Tests.Schema.JsonSchemaBuilderTests" runstate="Runnable" seed="1351794264" result="Passed" start-time="2019-11-12 05:39:21Z" end-time="2019-11-12 05:39:21Z" duration="0.001124" asserts="0">
                  <properties />
                </test-case>
                <test-case id="2219" name="Format" fullname="Newtonsoft.Json.Tests.Schema.JsonSchemaBuilderTests.Format" methodname="Format" classname="Newtonsoft.Json.Tests.Schema.JsonSchemaBuilderTests" runstate="Runnable" seed="13914699" result="Passed" start-time="2019-11-12 05:39:21Z" end-time="2019-11-12 05:39:21Z" duration="0.001087" asserts="0">
                  <properties />
                </test-case>
                <test-case id="2215" name="Hidden" fullname="Newtonsoft.Json.Tests.Schema.JsonSchemaBuilderTests.Hidden" methodname="Hidden" classname="Newtonsoft.Json.Tests.Schema.JsonSchemaBuilderTests" runstate="Runnable" seed="183681865" result="Passed" start-time="2019-11-12 05:39:21Z" end-time="2019-11-12 05:39:21Z" duration="0.001012" asserts="0">
                  <properties />
                </test-case>
                <test-case id="2216" name="Id" fullname="Newtonsoft.Json.Tests.Schema.JsonSchemaBuilderTests.Id" methodname="Id" classname="Newtonsoft.Json.Tests.Schema.JsonSchemaBuilderTests" runstate="Runnable" seed="1476718696" result="Passed" start-time="2019-11-12 05:39:21Z" end-time="2019-11-12 05:39:21Z" duration="0.001220" asserts="0">
                  <properties />
                </test-case>
                <test-case id="2233" name="Location" fullname="Newtonsoft.Json.Tests.Schema.JsonSchemaBuilderTests.Location" methodname="Location" classname="Newtonsoft.Json.Tests.Schema.JsonSchemaBuilderTests" runstate="Runnable" seed="1716371096" result="Passed" start-time="2019-11-12 05:39:21Z" end-time="2019-11-12 05:39:21Z" duration="0.001754" asserts="0">
                  <properties />
                </test-case>
                <test-case id="2221" name="MinimumMaximum" fullname="Newtonsoft.Json.Tests.Schema.JsonSchemaBuilderTests.MinimumMaximum" methodname="MinimumMaximum" classname="Newtonsoft.Json.Tests.Schema.JsonSchemaBuilderTests" runstate="Runnable" seed="99395742" result="Passed" start-time="2019-11-12 05:39:21Z" end-time="2019-11-12 05:39:21Z" duration="0.001795" asserts="0">
                  <properties />
                </test-case>
                <test-case id="2210" name="MultipleItems" fullname="Newtonsoft.Json.Tests.Schema.JsonSchemaBuilderTests.MultipleItems" methodname="MultipleItems" classname="Newtonsoft.Json.Tests.Schema.JsonSchemaBuilderTests" runstate="Runnable" seed="1133545475" result="Passed" start-time="2019-11-12 05:39:21Z" end-time="2019-11-12 05:39:21Z" duration="0.000855" asserts="0">
                  <properties />
                </test-case>
                <test-case id="2209" name="MultipleTypes" fullname="Newtonsoft.Json.Tests.Schema.JsonSchemaBuilderTests.MultipleTypes" methodname="MultipleTypes" classname="Newtonsoft.Json.Tests.Schema.JsonSchemaBuilderTests" runstate="Runnable" seed="1514877084" result="Passed" start-time="2019-11-12 05:39:21Z" end-time="2019-11-12 05:39:21Z" duration="0.000720" asserts="0">
                  <properties />
                </test-case>
                <test-case id="2218" name="Pattern" fullname="Newtonsoft.Json.Tests.Schema.JsonSchemaBuilderTests.Pattern" methodname="Pattern" classname="Newtonsoft.Json.Tests.Schema.JsonSchemaBuilderTests" runstate="Runnable" seed="1747956473" result="Passed" start-time="2019-11-12 05:39:21Z" end-time="2019-11-12 05:39:21Z" duration="0.000705" asserts="0">
                  <properties />
                </test-case>
                <test-case id="2229" name="PatternProperties" fullname="Newtonsoft.Json.Tests.Schema.JsonSchemaBuilderTests.PatternProperties" methodname="PatternProperties" classname="Newtonsoft.Json.Tests.Schema.JsonSchemaBuilderTests" runstate="Runnable" seed="1667243546" result="Passed" start-time="2019-11-12 05:39:21Z" end-time="2019-11-12 05:39:21Z" duration="0.000756" asserts="0">
                  <properties />
                </test-case>
                <test-case id="2214" name="ReadOnly" fullname="Newtonsoft.Json.Tests.Schema.JsonSchemaBuilderTests.ReadOnly" methodname="ReadOnly" classname="Newtonsoft.Json.Tests.Schema.JsonSchemaBuilderTests" runstate="Runnable" seed="786697433" result="Passed" start-time="2019-11-12 05:39:21Z" end-time="2019-11-12 05:39:21Z" duration="0.000866" asserts="0">
                  <properties />
                </test-case>
                <test-case id="2234" name="Reference_BackwardsLocation" fullname="Newtonsoft.Json.Tests.Schema.JsonSchemaBuilderTests.Reference_BackwardsLocation" methodname="Reference_BackwardsLocation" classname="Newtonsoft.Json.Tests.Schema.JsonSchemaBuilderTests" runstate="Runnable" seed="517600869" result="Passed" start-time="2019-11-12 05:39:21Z" end-time="2019-11-12 05:39:21Z" duration="0.000759" asserts="0">
                  <properties />
                </test-case>
                <test-case id="2235" name="Reference_ForwardsLocation" fullname="Newtonsoft.Json.Tests.Schema.JsonSchemaBuilderTests.Reference_ForwardsLocation" methodname="Reference_ForwardsLocation" classname="Newtonsoft.Json.Tests.Schema.JsonSchemaBuilderTests" runstate="Runnable" seed="1497755073" result="Passed" start-time="2019-11-12 05:39:21Z" end-time="2019-11-12 05:39:21Z" duration="0.000622" asserts="0">
                  <properties />
                </test-case>
                <test-case id="2236" name="Reference_NonStandardLocation" fullname="Newtonsoft.Json.Tests.Schema.JsonSchemaBuilderTests.Reference_NonStandardLocation" methodname="Reference_NonStandardLocation" classname="Newtonsoft.Json.Tests.Schema.JsonSchemaBuilderTests" runstate="Runnable" seed="1832250151" result="Passed" start-time="2019-11-12 05:39:21Z" end-time="2019-11-12 05:39:21Z" duration="0.000754" asserts="0">
                  <properties />
                </test-case>
                <test-case id="2238" name="References_Array" fullname="Newtonsoft.Json.Tests.Schema.JsonSchemaBuilderTests.References_Array" methodname="References_Array" classname="Newtonsoft.Json.Tests.Schema.JsonSchemaBuilderTests" runstate="Runnable" seed="739672375" result="Passed" start-time="2019-11-12 05:39:21Z" end-time="2019-11-12 05:39:21Z" duration="0.001409" asserts="0">
                  <properties />
                </test-case>
                <test-case id="2240" name="References_IndexNegative" fullname="Newtonsoft.Json.Tests.Schema.JsonSchemaBuilderTests.References_IndexNegative" methodname="References_IndexNegative" classname="Newtonsoft.Json.Tests.Schema.JsonSchemaBuilderTests" runstate="Runnable" seed="916752436" result="Passed" start-time="2019-11-12 05:39:21Z" end-time="2019-11-12 05:39:21Z" duration="0.001577" asserts="0">
                  <properties />
                </test-case>
                <test-case id="2241" name="References_IndexNotInteger" fullname="Newtonsoft.Json.Tests.Schema.JsonSchemaBuilderTests.References_IndexNotInteger" methodname="References_IndexNotInteger" classname="Newtonsoft.Json.Tests.Schema.JsonSchemaBuilderTests" runstate="Runnable" seed="780750858" result="Passed" start-time="2019-11-12 05:39:21Z" end-time="2019-11-12 05:39:21Z" duration="0.000920" asserts="0">
                  <properties />
                </test-case>
                <test-case id="2239" name="References_IndexTooBig" fullname="Newtonsoft.Json.Tests.Schema.JsonSchemaBuilderTests.References_IndexTooBig" methodname="References_IndexTooBig" classname="Newtonsoft.Json.Tests.Schema.JsonSchemaBuilderTests" runstate="Runnable" seed="1236916131" result="Passed" start-time="2019-11-12 05:39:21Z" end-time="2019-11-12 05:39:21Z" duration="0.000946" asserts="0">
                  <properties />
                </test-case>
                <test-case id="2212" name="Required" fullname="Newtonsoft.Json.Tests.Schema.JsonSchemaBuilderTests.Required" methodname="Required" classname="Newtonsoft.Json.Tests.Schema.JsonSchemaBuilderTests" runstate="Runnable" seed="1693082159" result="Passed" start-time="2019-11-12 05:39:21Z" end-time="2019-11-12 05:39:21Z" duration="0.000910" asserts="0">
                  <properties />
                </test-case>
                <test-case id="2220" name="Requires" fullname="Newtonsoft.Json.Tests.Schema.JsonSchemaBuilderTests.Requires" methodname="Requires" classname="Newtonsoft.Json.Tests.Schema.JsonSchemaBuilderTests" runstate="Runnable" seed="339002124" result="Passed" start-time="2019-11-12 05:39:21Z" end-time="2019-11-12 05:39:21Z" duration="0.000639" asserts="0">
                  <properties />
                </test-case>
                <test-case id="2208" name="Simple" fullname="Newtonsoft.Json.Tests.Schema.JsonSchemaBuilderTests.Simple" methodname="Simple" classname="Newtonsoft.Json.Tests.Schema.JsonSchemaBuilderTests" runstate="Runnable" seed="1821811295" result="Passed" start-time="2019-11-12 05:39:21Z" end-time="2019-11-12 05:39:21Z" duration="0.001041" asserts="0">
                  <properties />
                </test-case>
                <test-case id="2217" name="Title" fullname="Newtonsoft.Json.Tests.Schema.JsonSchemaBuilderTests.Title" methodname="Title" classname="Newtonsoft.Json.Tests.Schema.JsonSchemaBuilderTests" runstate="Runnable" seed="749752677" result="Passed" start-time="2019-11-12 05:39:21Z" end-time="2019-11-12 05:39:21Z" duration="0.000710" asserts="0">
                  <properties />
                </test-case>
                <test-case id="2228" name="UnresolvedReference" fullname="Newtonsoft.Json.Tests.Schema.JsonSchemaBuilderTests.UnresolvedReference" methodname="UnresolvedReference" classname="Newtonsoft.Json.Tests.Schema.JsonSchemaBuilderTests" runstate="Runnable" seed="1993733349" result="Passed" start-time="2019-11-12 05:39:21Z" end-time="2019-11-12 05:39:21Z" duration="0.001125" asserts="0">
                  <properties />
                </test-case>
              </test-suite>
              <test-suite type="TestFixture" id="2242" name="JsonSchemaGeneratorTests" fullname="Newtonsoft.Json.Tests.Schema.JsonSchemaGeneratorTests" classname="Newtonsoft.Json.Tests.Schema.JsonSchemaGeneratorTests" runstate="Runnable" testcasecount="20" result="Passed" start-time="2019-11-12 05:39:21Z" end-time="2019-11-12 05:39:22Z" duration="0.124338" total="20" passed="20" failed="0" inconclusive="0" skipped="0" asserts="0">
                <properties />
                <test-case id="2259" name="CircularCollectionReferences" fullname="Newtonsoft.Json.Tests.Schema.JsonSchemaGeneratorTests.CircularCollectionReferences" methodname="CircularCollectionReferences" classname="Newtonsoft.Json.Tests.Schema.JsonSchemaGeneratorTests" runstate="Runnable" seed="347725285" result="Passed" start-time="2019-11-12 05:39:21Z" end-time="2019-11-12 05:39:21Z" duration="0.021419" asserts="0">
                  <properties />
                </test-case>
                <test-case id="2250" name="CircularReferenceError" fullname="Newtonsoft.Json.Tests.Schema.JsonSchemaGeneratorTests.CircularReferenceError" methodname="CircularReferenceError" classname="Newtonsoft.Json.Tests.Schema.JsonSchemaGeneratorTests" runstate="Runnable" seed="604440784" result="Passed" start-time="2019-11-12 05:39:21Z" end-time="2019-11-12 05:39:21Z" duration="0.001277" asserts="0">
                  <properties />
                </test-case>
                <test-case id="2252" name="CircularReferenceWithExplicitId" fullname="Newtonsoft.Json.Tests.Schema.JsonSchemaGeneratorTests.CircularReferenceWithExplicitId" methodname="CircularReferenceWithExplicitId" classname="Newtonsoft.Json.Tests.Schema.JsonSchemaGeneratorTests" runstate="Runnable" seed="211730559" result="Passed" start-time="2019-11-12 05:39:21Z" end-time="2019-11-12 05:39:21Z" duration="0.000762" asserts="0">
                  <properties />
                </test-case>
                <test-case id="2260" name="CircularReferenceWithMixedRequires" fullname="Newtonsoft.Json.Tests.Schema.JsonSchemaGeneratorTests.CircularReferenceWithMixedRequires" methodname="CircularReferenceWithMixedRequires" classname="Newtonsoft.Json.Tests.Schema.JsonSchemaGeneratorTests" runstate="Runnable" seed="1434806878" result="Passed" start-time="2019-11-12 05:39:21Z" end-time="2019-11-12 05:39:21Z" duration="0.000955" asserts="0">
                  <properties />
                </test-case>
                <test-case id="2251" name="CircularReferenceWithTypeNameId" fullname="Newtonsoft.Json.Tests.Schema.JsonSchemaGeneratorTests.CircularReferenceWithTypeNameId" methodname="CircularReferenceWithTypeNameId" classname="Newtonsoft.Json.Tests.Schema.JsonSchemaGeneratorTests" runstate="Runnable" seed="1158085261" result="Passed" start-time="2019-11-12 05:39:21Z" end-time="2019-11-12 05:39:21Z" duration="0.000894" asserts="0">
                  <properties />
                </test-case>
                <test-case id="2244" name="Generate_DefaultValueAttributeTestClass" fullname="Newtonsoft.Json.Tests.Schema.JsonSchemaGeneratorTests.Generate_DefaultValueAttributeTestClass" methodname="Generate_DefaultValueAttributeTestClass" classname="Newtonsoft.Json.Tests.Schema.JsonSchemaGeneratorTests" runstate="Runnable" seed="1326939730" result="Passed" start-time="2019-11-12 05:39:21Z" end-time="2019-11-12 05:39:21Z" duration="0.003304" asserts="0">
                  <properties />
                </test-case>
                <test-case id="2243" name="Generate_GenericDictionary" fullname="Newtonsoft.Json.Tests.Schema.JsonSchemaGeneratorTests.Generate_GenericDictionary" methodname="Generate_GenericDictionary" classname="Newtonsoft.Json.Tests.Schema.JsonSchemaGeneratorTests" runstate="Runnable" seed="1636286221" result="Passed" start-time="2019-11-12 05:39:21Z" end-time="2019-11-12 05:39:21Z" duration="0.004446" asserts="0">
                  <properties />
                </test-case>
                <test-case id="2245" name="Generate_Person" fullname="Newtonsoft.Json.Tests.Schema.JsonSchemaGeneratorTests.Generate_Person" methodname="Generate_Person" classname="Newtonsoft.Json.Tests.Schema.JsonSchemaGeneratorTests" runstate="Runnable" seed="304419379" result="Passed" start-time="2019-11-12 05:39:21Z" end-time="2019-11-12 05:39:21Z" duration="0.001098" asserts="0">
                  <properties />
                </test-case>
                <test-case id="2247" name="Generate_RequiredMembersClass" fullname="Newtonsoft.Json.Tests.Schema.JsonSchemaGeneratorTests.Generate_RequiredMembersClass" methodname="Generate_RequiredMembersClass" classname="Newtonsoft.Json.Tests.Schema.JsonSchemaGeneratorTests" runstate="Runnable" seed="2055573822" result="Passed" start-time="2019-11-12 05:39:21Z" end-time="2019-11-12 05:39:21Z" duration="0.002695" asserts="0">
                  <properties />
                </test-case>
                <test-case id="2248" name="Generate_Store" fullname="Newtonsoft.Json.Tests.Schema.JsonSchemaGeneratorTests.Generate_Store" methodname="Generate_Store" classname="Newtonsoft.Json.Tests.Schema.JsonSchemaGeneratorTests" runstate="Runnable" seed="1394588941" result="Passed" start-time="2019-11-12 05:39:21Z" end-time="2019-11-12 05:39:21Z" duration="0.001470" asserts="0">
                  <properties />
                </test-case>
                <test-case id="2246" name="Generate_UserNullable" fullname="Newtonsoft.Json.Tests.Schema.JsonSchemaGeneratorTests.Generate_UserNullable" methodname="Generate_UserNullable" classname="Newtonsoft.Json.Tests.Schema.JsonSchemaGeneratorTests" runstate="Runnable" seed="622061135" result="Passed" start-time="2019-11-12 05:39:22Z" end-time="2019-11-12 05:39:22Z" duration="0.004400" asserts="0">
                  <properties />
                </test-case>
                <test-case id="2262" name="GenerateForNullableInt32" fullname="Newtonsoft.Json.Tests.Schema.JsonSchemaGeneratorTests.GenerateForNullableInt32" methodname="GenerateForNullableInt32" classname="Newtonsoft.Json.Tests.Schema.JsonSchemaGeneratorTests" runstate="Runnable" seed="1808243101" result="Passed" start-time="2019-11-12 05:39:22Z" end-time="2019-11-12 05:39:22Z" duration="0.001667" asserts="0">
                  <properties />
                </test-case>
                <test-case id="2256" name="GenerateSchemaCamelCase" fullname="Newtonsoft.Json.Tests.Schema.JsonSchemaGeneratorTests.GenerateSchemaCamelCase" methodname="GenerateSchemaCamelCase" classname="Newtonsoft.Json.Tests.Schema.JsonSchemaGeneratorTests" runstate="Runnable" seed="1658084193" result="Passed" start-time="2019-11-12 05:39:22Z" end-time="2019-11-12 05:39:22Z" duration="0.007944" asserts="0">
                  <properties />
                </test-case>
                <test-case id="2255" name="GenerateSchemaForDBNull" fullname="Newtonsoft.Json.Tests.Schema.JsonSchemaGeneratorTests.GenerateSchemaForDBNull" methodname="GenerateSchemaForDBNull" classname="Newtonsoft.Json.Tests.Schema.JsonSchemaGeneratorTests" runstate="Runnable" seed="952785395" result="Passed" start-time="2019-11-12 05:39:22Z" end-time="2019-11-12 05:39:22Z" duration="0.000778" asserts="0">
                  <properties />
                </test-case>
                <test-case id="2254" name="GenerateSchemaForISerializable" fullname="Newtonsoft.Json.Tests.Schema.JsonSchemaGeneratorTests.GenerateSchemaForISerializable" methodname="GenerateSchemaForISerializable" classname="Newtonsoft.Json.Tests.Schema.JsonSchemaGeneratorTests" runstate="Runnable" seed="475191214" result="Passed" start-time="2019-11-12 05:39:22Z" end-time="2019-11-12 05:39:22Z" duration="0.001543" asserts="0">
                  <properties />
                </test-case>
                <test-case id="2253" name="GenerateSchemaForType" fullname="Newtonsoft.Json.Tests.Schema.JsonSchemaGeneratorTests.GenerateSchemaForType" methodname="GenerateSchemaForType" classname="Newtonsoft.Json.Tests.Schema.JsonSchemaGeneratorTests" runstate="Runnable" seed="1296445557" result="Passed" start-time="2019-11-12 05:39:22Z" end-time="2019-11-12 05:39:22Z" duration="0.013564" asserts="0">
                  <properties />
                </test-case>
                <test-case id="2257" name="GenerateSchemaSerializable" fullname="Newtonsoft.Json.Tests.Schema.JsonSchemaGeneratorTests.GenerateSchemaSerializable" methodname="GenerateSchemaSerializable" classname="Newtonsoft.Json.Tests.Schema.JsonSchemaGeneratorTests" runstate="Runnable" seed="320515756" result="Passed" start-time="2019-11-12 05:39:22Z" end-time="2019-11-12 05:39:22Z" duration="0.006359" asserts="0">
                  <properties />
                </test-case>
                <test-case id="2258" name="GenerateSchemaWithNegativeEnum" fullname="Newtonsoft.Json.Tests.Schema.JsonSchemaGeneratorTests.GenerateSchemaWithNegativeEnum" methodname="GenerateSchemaWithNegativeEnum" classname="Newtonsoft.Json.Tests.Schema.JsonSchemaGeneratorTests" runstate="Runnable" seed="137007887" result="Passed" start-time="2019-11-12 05:39:22Z" end-time="2019-11-12 05:39:22Z" duration="0.002926" asserts="0">
                  <properties />
                </test-case>
                <test-case id="2261" name="JsonPropertyWithHandlingValues" fullname="Newtonsoft.Json.Tests.Schema.JsonSchemaGeneratorTests.JsonPropertyWithHandlingValues" methodname="JsonPropertyWithHandlingValues" classname="Newtonsoft.Json.Tests.Schema.JsonSchemaGeneratorTests" runstate="Runnable" seed="2081625529" result="Passed" start-time="2019-11-12 05:39:22Z" end-time="2019-11-12 05:39:22Z" duration="0.001902" asserts="0">
                  <properties />
                </test-case>
                <test-case id="2249" name="MissingSchemaIdHandlingTest" fullname="Newtonsoft.Json.Tests.Schema.JsonSchemaGeneratorTests.MissingSchemaIdHandlingTest" methodname="MissingSchemaIdHandlingTest" classname="Newtonsoft.Json.Tests.Schema.JsonSchemaGeneratorTests" runstate="Runnable" seed="1790140507" result="Passed" start-time="2019-11-12 05:39:22Z" end-time="2019-11-12 05:39:22Z" duration="0.003789" asserts="0">
                  <properties />
                </test-case>
              </test-suite>
              <test-suite type="TestFixture" id="2263" name="JsonSchemaModelBuilderTests" fullname="Newtonsoft.Json.Tests.Schema.JsonSchemaModelBuilderTests" classname="Newtonsoft.Json.Tests.Schema.JsonSchemaModelBuilderTests" runstate="Runnable" testcasecount="3" result="Passed" start-time="2019-11-12 05:39:22Z" end-time="2019-11-12 05:39:22Z" duration="0.015106" total="3" passed="3" failed="0" inconclusive="0" skipped="0" asserts="0">
                <properties />
                <test-case id="2265" name="CircularReference" fullname="Newtonsoft.Json.Tests.Schema.JsonSchemaModelBuilderTests.CircularReference" methodname="CircularReference" classname="Newtonsoft.Json.Tests.Schema.JsonSchemaModelBuilderTests" runstate="Runnable" seed="885211124" result="Passed" start-time="2019-11-12 05:39:22Z" end-time="2019-11-12 05:39:22Z" duration="0.001035" asserts="0">
                  <properties />
                </test-case>
                <test-case id="2264" name="ExtendedComplex" fullname="Newtonsoft.Json.Tests.Schema.JsonSchemaModelBuilderTests.ExtendedComplex" methodname="ExtendedComplex" classname="Newtonsoft.Json.Tests.Schema.JsonSchemaModelBuilderTests" runstate="Runnable" seed="1652284366" result="Passed" start-time="2019-11-12 05:39:22Z" end-time="2019-11-12 05:39:22Z" duration="0.003013" asserts="0">
                  <properties />
                </test-case>
                <test-case id="2266" name="Required" fullname="Newtonsoft.Json.Tests.Schema.JsonSchemaModelBuilderTests.Required" methodname="Required" classname="Newtonsoft.Json.Tests.Schema.JsonSchemaModelBuilderTests" runstate="Runnable" seed="992494507" result="Passed" start-time="2019-11-12 05:39:22Z" end-time="2019-11-12 05:39:22Z" duration="0.001296" asserts="0">
                  <properties />
                </test-case>
              </test-suite>
              <test-suite type="TestFixture" id="2267" name="JsonSchemaNodeTests" fullname="Newtonsoft.Json.Tests.Schema.JsonSchemaNodeTests" classname="Newtonsoft.Json.Tests.Schema.JsonSchemaNodeTests" runstate="Runnable" testcasecount="2" result="Passed" start-time="2019-11-12 05:39:22Z" end-time="2019-11-12 05:39:22Z" duration="0.014907" total="2" passed="2" failed="0" inconclusive="0" skipped="0" asserts="0">
                <properties />
                <test-case id="2268" name="AddSchema" fullname="Newtonsoft.Json.Tests.Schema.JsonSchemaNodeTests.AddSchema" methodname="AddSchema" classname="Newtonsoft.Json.Tests.Schema.JsonSchemaNodeTests" runstate="Runnable" seed="1683857630" result="Passed" start-time="2019-11-12 05:39:22Z" end-time="2019-11-12 05:39:22Z" duration="0.004312" asserts="0">
                  <properties />
                </test-case>
                <test-case id="2269" name="CircularReference" fullname="Newtonsoft.Json.Tests.Schema.JsonSchemaNodeTests.CircularReference" methodname="CircularReference" classname="Newtonsoft.Json.Tests.Schema.JsonSchemaNodeTests" runstate="Runnable" seed="730663652" result="Passed" start-time="2019-11-12 05:39:22Z" end-time="2019-11-12 05:39:22Z" duration="0.001549" asserts="0">
                  <properties />
                </test-case>
              </test-suite>
              <test-suite type="TestFixture" id="2270" name="JsonSchemaSpecTests" fullname="Newtonsoft.Json.Tests.Schema.JsonSchemaSpecTests" classname="Newtonsoft.Json.Tests.Schema.JsonSchemaSpecTests" runstate="Runnable" testcasecount="191" result="Passed" start-time="2019-11-12 05:39:22Z" end-time="2019-11-12 05:39:23Z" duration="1.147143" total="191" passed="191" failed="0" inconclusive="0" skipped="0" asserts="0">
                <properties />
                <test-suite type="ParameterizedMethod" id="2462" name="SpecTest" fullname="Newtonsoft.Json.Tests.Schema.JsonSchemaSpecTests.SpecTest" classname="Newtonsoft.Json.Tests.Schema.JsonSchemaSpecTests" runstate="Runnable" testcasecount="191" result="Passed" start-time="2019-11-12 05:39:22Z" end-time="2019-11-12 05:39:22Z" duration="0.657380" total="191" passed="191" failed="0" inconclusive="0" skipped="0" asserts="0">
                  <properties />
                  <test-case id="2271" name="SpecTest(additionalItems.json - additionalItems as schema - additional items match schema)" fullname="Newtonsoft.Json.Tests.Schema.JsonSchemaSpecTests.SpecTest(additionalItems.json - additionalItems as schema - additional items match schema)" methodname="SpecTest" classname="Newtonsoft.Json.Tests.Schema.JsonSchemaSpecTests" runstate="Runnable" seed="116981943" result="Passed" start-time="2019-11-12 05:39:22Z" end-time="2019-11-12 05:39:22Z" duration="0.002098" asserts="0">
                    <properties />
                  </test-case>
                  <test-case id="2272" name="SpecTest(additionalItems.json - additionalItems as schema - additional items do not match schema)" fullname="Newtonsoft.Json.Tests.Schema.JsonSchemaSpecTests.SpecTest(additionalItems.json - additionalItems as schema - additional items do not match schema)" methodname="SpecTest" classname="Newtonsoft.Json.Tests.Schema.JsonSchemaSpecTests" runstate="Runnable" seed="1743069174" result="Passed" start-time="2019-11-12 05:39:22Z" end-time="2019-11-12 05:39:22Z" duration="0.001186" asserts="0">
                    <properties />
                  </test-case>
                  <test-case id="2273" name="SpecTest(additionalItems.json - items is schema, no additionalItems - all items match schema)" fullname="Newtonsoft.Json.Tests.Schema.JsonSchemaSpecTests.SpecTest(additionalItems.json - items is schema, no additionalItems - all items match schema)" methodname="SpecTest" classname="Newtonsoft.Json.Tests.Schema.JsonSchemaSpecTests" runstate="Runnable" seed="321766766" result="Passed" start-time="2019-11-12 05:39:22Z" end-time="2019-11-12 05:39:22Z" duration="0.000858" asserts="0">
                    <properties />
                  </test-case>
                  <test-case id="2274" name="SpecTest(additionalItems.json - array of items with no additionalItems - no additional items present)" fullname="Newtonsoft.Json.Tests.Schema.JsonSchemaSpecTests.SpecTest(additionalItems.json - array of items with no additionalItems - no additional items present)" methodname="SpecTest" classname="Newtonsoft.Json.Tests.Schema.JsonSchemaSpecTests" runstate="Runnable" seed="1768535713" result="Passed" start-time="2019-11-12 05:39:22Z" end-time="2019-11-12 05:39:22Z" duration="0.001759" asserts="0">
                    <properties />
                  </test-case>
                  <test-case id="2275" name="SpecTest(additionalItems.json - array of items with no additionalItems - additional items are not permitted)" fullname="Newtonsoft.Json.Tests.Schema.JsonSchemaSpecTests.SpecTest(additionalItems.json - array of items with no additionalItems - additional items are not permitted)" methodname="SpecTest" classname="Newtonsoft.Json.Tests.Schema.JsonSchemaSpecTests" runstate="Runnable" seed="1072489721" result="Passed" start-time="2019-11-12 05:39:22Z" end-time="2019-11-12 05:39:22Z" duration="0.001548" asserts="0">
                    <properties />
                  </test-case>
                  <test-case id="2276" name="SpecTest(additionalItems.json - additionalItems as false without items - items defaults to empty schema so everything is valid)" fullname="Newtonsoft.Json.Tests.Schema.JsonSchemaSpecTests.SpecTest(additionalItems.json - additionalItems as false without items - items defaults to empty schema so everything is valid)" methodname="SpecTest" classname="Newtonsoft.Json.Tests.Schema.JsonSchemaSpecTests" runstate="Runnable" seed="1823329543" result="Passed" start-time="2019-11-12 05:39:22Z" end-time="2019-11-12 05:39:22Z" duration="0.000619" asserts="0">
                    <properties />
                  </test-case>
                  <test-case id="2277" name="SpecTest(additionalItems.json - additionalItems as false without items - ignores non-arrays)" fullname="Newtonsoft.Json.Tests.Schema.JsonSchemaSpecTests.SpecTest(additionalItems.json - additionalItems as false without items - ignores non-arrays)" methodname="SpecTest" classname="Newtonsoft.Json.Tests.Schema.JsonSchemaSpecTests" runstate="Runnable" seed="1323326209" result="Passed" start-time="2019-11-12 05:39:22Z" end-time="2019-11-12 05:39:22Z" duration="0.002066" asserts="0">
                    <properties />
                  </test-case>
                  <test-case id="2278" name="SpecTest(additionalItems.json - additionalItems are allowed by default - only the first items are validated)" fullname="Newtonsoft.Json.Tests.Schema.JsonSchemaSpecTests.SpecTest(additionalItems.json - additionalItems are allowed by default - only the first items are validated)" methodname="SpecTest" classname="Newtonsoft.Json.Tests.Schema.JsonSchemaSpecTests" runstate="Runnable" seed="2137937766" result="Passed" start-time="2019-11-12 05:39:22Z" end-time="2019-11-12 05:39:22Z" duration="0.001206" asserts="0">
                    <properties />
                  </test-case>
                  <test-case id="2279" name="SpecTest(additionalProperties.json - additionalProperties being false does not allow other properties - no additional properties is valid)" fullname="Newtonsoft.Json.Tests.Schema.JsonSchemaSpecTests.SpecTest(additionalProperties.json - additionalProperties being false does not allow other properties - no additional properties is valid)" methodname="SpecTest" classname="Newtonsoft.Json.Tests.Schema.JsonSchemaSpecTests" runstate="Runnable" seed="316060039" result="Passed" start-time="2019-11-12 05:39:22Z" end-time="2019-11-12 05:39:22Z" duration="0.001288" asserts="0">
                    <properties />
                  </test-case>
                  <test-case id="2280" name="SpecTest(additionalProperties.json - additionalProperties being false does not allow other properties - an additional property is invalid)" fullname="Newtonsoft.Json.Tests.Schema.JsonSchemaSpecTests.SpecTest(additionalProperties.json - additionalProperties being false does not allow other properties - an additional property is invalid)" methodname="SpecTest" classname="Newtonsoft.Json.Tests.Schema.JsonSchemaSpecTests" runstate="Runnable" seed="954695541" result="Passed" start-time="2019-11-12 05:39:22Z" end-time="2019-11-12 05:39:22Z" duration="0.001643" asserts="0">
                    <properties />
                  </test-case>
                  <test-case id="2281" name="SpecTest(additionalProperties.json - additionalProperties being false does not allow other properties - ignores non-objects)" fullname="Newtonsoft.Json.Tests.Schema.JsonSchemaSpecTests.SpecTest(additionalProperties.json - additionalProperties being false does not allow other properties - ignores non-objects)" methodname="SpecTest" classname="Newtonsoft.Json.Tests.Schema.JsonSchemaSpecTests" runstate="Runnable" seed="1034753248" result="Passed" start-time="2019-11-12 05:39:22Z" end-time="2019-11-12 05:39:22Z" duration="0.001579" asserts="0">
                    <properties />
                  </test-case>
                  <test-case id="2282" name="SpecTest(additionalProperties.json - additionalProperties allows a schema which should validate - no additional properties is valid)" fullname="Newtonsoft.Json.Tests.Schema.JsonSchemaSpecTests.SpecTest(additionalProperties.json - additionalProperties allows a schema which should validate - no additional properties is valid)" methodname="SpecTest" classname="Newtonsoft.Json.Tests.Schema.JsonSchemaSpecTests" runstate="Runnable" seed="1226120193" result="Passed" start-time="2019-11-12 05:39:22Z" end-time="2019-11-12 05:39:22Z" duration="0.001967" asserts="0">
                    <properties />
                  </test-case>
                  <test-case id="2283" name="SpecTest(additionalProperties.json - additionalProperties allows a schema which should validate - an additional valid property is valid)" fullname="Newtonsoft.Json.Tests.Schema.JsonSchemaSpecTests.SpecTest(additionalProperties.json - additionalProperties allows a schema which should validate - an additional valid property is valid)" methodname="SpecTest" classname="Newtonsoft.Json.Tests.Schema.JsonSchemaSpecTests" runstate="Runnable" seed="2058264981" result="Passed" start-time="2019-11-12 05:39:22Z" end-time="2019-11-12 05:39:22Z" duration="0.001338" asserts="0">
                    <properties />
                  </test-case>
                  <test-case id="2284" name="SpecTest(additionalProperties.json - additionalProperties allows a schema which should validate - an additional invalid property is invalid)" fullname="Newtonsoft.Json.Tests.Schema.JsonSchemaSpecTests.SpecTest(additionalProperties.json - additionalProperties allows a schema which should validate - an additional invalid property is invalid)" methodname="SpecTest" classname="Newtonsoft.Json.Tests.Schema.JsonSchemaSpecTests" runstate="Runnable" seed="1473742717" result="Passed" start-time="2019-11-12 05:39:22Z" end-time="2019-11-12 05:39:22Z" duration="0.000812" asserts="0">
                    <properties />
                  </test-case>
                  <test-case id="2285" name="SpecTest(additionalProperties.json - additionalProperties are allowed by default - additional properties are allowed)" fullname="Newtonsoft.Json.Tests.Schema.JsonSchemaSpecTests.SpecTest(additionalProperties.json - additionalProperties are allowed by default - additional properties are allowed)" methodname="SpecTest" classname="Newtonsoft.Json.Tests.Schema.JsonSchemaSpecTests" runstate="Runnable" seed="1694485085" result="Passed" start-time="2019-11-12 05:39:22Z" end-time="2019-11-12 05:39:22Z" duration="0.000859" asserts="0">
                    <properties />
                  </test-case>
                  <test-case id="2286" name="SpecTest(disallow.json - disallow - allowed)" fullname="Newtonsoft.Json.Tests.Schema.JsonSchemaSpecTests.SpecTest(disallow.json - disallow - allowed)" methodname="SpecTest" classname="Newtonsoft.Json.Tests.Schema.JsonSchemaSpecTests" runstate="Runnable" seed="278267787" result="Passed" start-time="2019-11-12 05:39:22Z" end-time="2019-11-12 05:39:22Z" duration="0.000833" asserts="0">
                    <properties />
                  </test-case>
                  <test-case id="2287" name="SpecTest(disallow.json - disallow - disallowed)" fullname="Newtonsoft.Json.Tests.Schema.JsonSchemaSpecTests.SpecTest(disallow.json - disallow - disallowed)" methodname="SpecTest" classname="Newtonsoft.Json.Tests.Schema.JsonSchemaSpecTests" runstate="Runnable" seed="1508712385" result="Passed" start-time="2019-11-12 05:39:22Z" end-time="2019-11-12 05:39:22Z" duration="0.001874" asserts="0">
                    <properties />
                  </test-case>
                  <test-case id="2288" name="SpecTest(disallow.json - multiple disallow - valid)" fullname="Newtonsoft.Json.Tests.Schema.JsonSchemaSpecTests.SpecTest(disallow.json - multiple disallow - valid)" methodname="SpecTest" classname="Newtonsoft.Json.Tests.Schema.JsonSchemaSpecTests" runstate="Runnable" seed="1859714778" result="Passed" start-time="2019-11-12 05:39:22Z" end-time="2019-11-12 05:39:22Z" duration="0.000928" asserts="0">
                    <properties />
                  </test-case>
                  <test-case id="2289" name="SpecTest(disallow.json - multiple disallow - mismatch)" fullname="Newtonsoft.Json.Tests.Schema.JsonSchemaSpecTests.SpecTest(disallow.json - multiple disallow - mismatch)" methodname="SpecTest" classname="Newtonsoft.Json.Tests.Schema.JsonSchemaSpecTests" runstate="Runnable" seed="437881029" result="Passed" start-time="2019-11-12 05:39:22Z" end-time="2019-11-12 05:39:22Z" duration="0.000754" asserts="0">
                    <properties />
                  </test-case>
                  <test-case id="2290" name="SpecTest(disallow.json - multiple disallow - other mismatch)" fullname="Newtonsoft.Json.Tests.Schema.JsonSchemaSpecTests.SpecTest(disallow.json - multiple disallow - other mismatch)" methodname="SpecTest" classname="Newtonsoft.Json.Tests.Schema.JsonSchemaSpecTests" runstate="Runnable" seed="818612796" result="Passed" start-time="2019-11-12 05:39:22Z" end-time="2019-11-12 05:39:22Z" duration="0.001145" asserts="0">
                    <properties />
                  </test-case>
                  <test-case id="2291" name="SpecTest(divisibleBy.json - by int - int by int)" fullname="Newtonsoft.Json.Tests.Schema.JsonSchemaSpecTests.SpecTest(divisibleBy.json - by int - int by int)" methodname="SpecTest" classname="Newtonsoft.Json.Tests.Schema.JsonSchemaSpecTests" runstate="Runnable" seed="224079938" result="Passed" start-time="2019-11-12 05:39:22Z" end-time="2019-11-12 05:39:22Z" duration="0.001148" asserts="0">
                    <properties />
                  </test-case>
                  <test-case id="2292" name="SpecTest(divisibleBy.json - by int - int by int fail)" fullname="Newtonsoft.Json.Tests.Schema.JsonSchemaSpecTests.SpecTest(divisibleBy.json - by int - int by int fail)" methodname="SpecTest" classname="Newtonsoft.Json.Tests.Schema.JsonSchemaSpecTests" runstate="Runnable" seed="2126341591" result="Passed" start-time="2019-11-12 05:39:22Z" end-time="2019-11-12 05:39:22Z" duration="0.000971" asserts="0">
                    <properties />
                  </test-case>
                  <test-case id="2293" name="SpecTest(divisibleBy.json - by int - ignores non-numbers)" fullname="Newtonsoft.Json.Tests.Schema.JsonSchemaSpecTests.SpecTest(divisibleBy.json - by int - ignores non-numbers)" methodname="SpecTest" classname="Newtonsoft.Json.Tests.Schema.JsonSchemaSpecTests" runstate="Runnable" seed="601974379" result="Passed" start-time="2019-11-12 05:39:22Z" end-time="2019-11-12 05:39:22Z" duration="0.000861" asserts="0">
                    <properties />
                  </test-case>
                  <test-case id="2294" name="SpecTest(divisibleBy.json - by number - zero is divisible by anything (except 0))" fullname="Newtonsoft.Json.Tests.Schema.JsonSchemaSpecTests.SpecTest(divisibleBy.json - by number - zero is divisible by anything (except 0))" methodname="SpecTest" classname="Newtonsoft.Json.Tests.Schema.JsonSchemaSpecTests" runstate="Runnable" seed="446572561" result="Passed" start-time="2019-11-12 05:39:22Z" end-time="2019-11-12 05:39:22Z" duration="0.000971" asserts="0">
                    <properties />
                  </test-case>
                  <test-case id="2295" name="SpecTest(divisibleBy.json - by number - 4.5 is divisible by 1.5)" fullname="Newtonsoft.Json.Tests.Schema.JsonSchemaSpecTests.SpecTest(divisibleBy.json - by number - 4.5 is divisible by 1.5)" methodname="SpecTest" classname="Newtonsoft.Json.Tests.Schema.JsonSchemaSpecTests" runstate="Runnable" seed="1301532778" result="Passed" start-time="2019-11-12 05:39:22Z" end-time="2019-11-12 05:39:22Z" duration="0.000817" asserts="0">
                    <properties />
                  </test-case>
                  <test-case id="2296" name="SpecTest(divisibleBy.json - by number - 35 is not divisible by 1.5)" fullname="Newtonsoft.Json.Tests.Schema.JsonSchemaSpecTests.SpecTest(divisibleBy.json - by number - 35 is not divisible by 1.5)" methodname="SpecTest" classname="Newtonsoft.Json.Tests.Schema.JsonSchemaSpecTests" runstate="Runnable" seed="170684978" result="Passed" start-time="2019-11-12 05:39:22Z" end-time="2019-11-12 05:39:22Z" duration="0.000790" asserts="0">
                    <properties />
                  </test-case>
                  <test-case id="2297" name="SpecTest(divisibleBy.json - by small number - 0.0075 is divisible by 0.0001)" fullname="Newtonsoft.Json.Tests.Schema.JsonSchemaSpecTests.SpecTest(divisibleBy.json - by small number - 0.0075 is divisible by 0.0001)" methodname="SpecTest" classname="Newtonsoft.Json.Tests.Schema.JsonSchemaSpecTests" runstate="Runnable" seed="1043175651" result="Passed" start-time="2019-11-12 05:39:22Z" end-time="2019-11-12 05:39:22Z" duration="0.000714" asserts="0">
                    <properties />
                  </test-case>
                  <test-case id="2298" name="SpecTest(divisibleBy.json - by small number - 0.00751 is not divisible by 0.0001)" fullname="Newtonsoft.Json.Tests.Schema.JsonSchemaSpecTests.SpecTest(divisibleBy.json - by small number - 0.00751 is not divisible by 0.0001)" methodname="SpecTest" classname="Newtonsoft.Json.Tests.Schema.JsonSchemaSpecTests" runstate="Runnable" seed="1231460195" result="Passed" start-time="2019-11-12 05:39:22Z" end-time="2019-11-12 05:39:22Z" duration="0.000935" asserts="0">
                    <properties />
                  </test-case>
                  <test-case id="2299" name="SpecTest(enum.json - simple enum validation - one of the enum is valid)" fullname="Newtonsoft.Json.Tests.Schema.JsonSchemaSpecTests.SpecTest(enum.json - simple enum validation - one of the enum is valid)" methodname="SpecTest" classname="Newtonsoft.Json.Tests.Schema.JsonSchemaSpecTests" runstate="Runnable" seed="1871301981" result="Passed" start-time="2019-11-12 05:39:22Z" end-time="2019-11-12 05:39:22Z" duration="0.001551" asserts="0">
                    <properties />
                  </test-case>
                  <test-case id="2300" name="SpecTest(enum.json - simple enum validation - something else is invalid)" fullname="Newtonsoft.Json.Tests.Schema.JsonSchemaSpecTests.SpecTest(enum.json - simple enum validation - something else is invalid)" methodname="SpecTest" classname="Newtonsoft.Json.Tests.Schema.JsonSchemaSpecTests" runstate="Runnable" seed="1929519755" result="Passed" start-time="2019-11-12 05:39:22Z" end-time="2019-11-12 05:39:22Z" duration="0.000967" asserts="0">
                    <properties />
                  </test-case>
                  <test-case id="2301" name="SpecTest(enum.json - heterogeneous enum validation - one of the enum is valid)" fullname="Newtonsoft.Json.Tests.Schema.JsonSchemaSpecTests.SpecTest(enum.json - heterogeneous enum validation - one of the enum is valid)" methodname="SpecTest" classname="Newtonsoft.Json.Tests.Schema.JsonSchemaSpecTests" runstate="Runnable" seed="1795304407" result="Passed" start-time="2019-11-12 05:39:22Z" end-time="2019-11-12 05:39:22Z" duration="0.001061" asserts="0">
                    <properties />
                  </test-case>
                  <test-case id="2302" name="SpecTest(enum.json - heterogeneous enum validation - something else is invalid)" fullname="Newtonsoft.Json.Tests.Schema.JsonSchemaSpecTests.SpecTest(enum.json - heterogeneous enum validation - something else is invalid)" methodname="SpecTest" classname="Newtonsoft.Json.Tests.Schema.JsonSchemaSpecTests" runstate="Runnable" seed="192724762" result="Passed" start-time="2019-11-12 05:39:22Z" end-time="2019-11-12 05:39:22Z" duration="0.000822" asserts="0">
                    <properties />
                  </test-case>
                  <test-case id="2303" name="SpecTest(enum.json - heterogeneous enum validation - objects are deep compared)" fullname="Newtonsoft.Json.Tests.Schema.JsonSchemaSpecTests.SpecTest(enum.json - heterogeneous enum validation - objects are deep compared)" methodname="SpecTest" classname="Newtonsoft.Json.Tests.Schema.JsonSchemaSpecTests" runstate="Runnable" seed="514871573" result="Passed" start-time="2019-11-12 05:39:22Z" end-time="2019-11-12 05:39:22Z" duration="0.000921" asserts="0">
                    <properties />
                  </test-case>
                  <test-case id="2304" name="SpecTest(extends.json - extends - extends)" fullname="Newtonsoft.Json.Tests.Schema.JsonSchemaSpecTests.SpecTest(extends.json - extends - extends)" methodname="SpecTest" classname="Newtonsoft.Json.Tests.Schema.JsonSchemaSpecTests" runstate="Runnable" seed="1486220687" result="Passed" start-time="2019-11-12 05:39:22Z" end-time="2019-11-12 05:39:22Z" duration="0.000934" asserts="0">
                    <properties />
                  </test-case>
                  <test-case id="2305" name="SpecTest(extends.json - extends - mismatch extends)" fullname="Newtonsoft.Json.Tests.Schema.JsonSchemaSpecTests.SpecTest(extends.json - extends - mismatch extends)" methodname="SpecTest" classname="Newtonsoft.Json.Tests.Schema.JsonSchemaSpecTests" runstate="Runnable" seed="1618778402" result="Passed" start-time="2019-11-12 05:39:22Z" end-time="2019-11-12 05:39:22Z" duration="0.001152" asserts="0">
                    <properties />
                  </test-case>
                  <test-case id="2306" name="SpecTest(extends.json - extends - mismatch extended)" fullname="Newtonsoft.Json.Tests.Schema.JsonSchemaSpecTests.SpecTest(extends.json - extends - mismatch extended)" methodname="SpecTest" classname="Newtonsoft.Json.Tests.Schema.JsonSchemaSpecTests" runstate="Runnable" seed="1964456835" result="Passed" start-time="2019-11-12 05:39:22Z" end-time="2019-11-12 05:39:22Z" duration="0.001630" asserts="0">
                    <properties />
                  </test-case>
                  <test-case id="2307" name="SpecTest(extends.json - extends - wrong type)" fullname="Newtonsoft.Json.Tests.Schema.JsonSchemaSpecTests.SpecTest(extends.json - extends - wrong type)" methodname="SpecTest" classname="Newtonsoft.Json.Tests.Schema.JsonSchemaSpecTests" runstate="Runnable" seed="308628635" result="Passed" start-time="2019-11-12 05:39:22Z" end-time="2019-11-12 05:39:22Z" duration="0.001116" asserts="0">
                    <properties />
                  </test-case>
                  <test-case id="2308" name="SpecTest(extends.json - multiple extends - valid)" fullname="Newtonsoft.Json.Tests.Schema.JsonSchemaSpecTests.SpecTest(extends.json - multiple extends - valid)" methodname="SpecTest" classname="Newtonsoft.Json.Tests.Schema.JsonSchemaSpecTests" runstate="Runnable" seed="523700628" result="Passed" start-time="2019-11-12 05:39:22Z" end-time="2019-11-12 05:39:22Z" duration="0.001054" asserts="0">
                    <properties />
                  </test-case>
                  <test-case id="2309" name="SpecTest(extends.json - multiple extends - mismatch first extends)" fullname="Newtonsoft.Json.Tests.Schema.JsonSchemaSpecTests.SpecTest(extends.json - multiple extends - mismatch first extends)" methodname="SpecTest" classname="Newtonsoft.Json.Tests.Schema.JsonSchemaSpecTests" runstate="Runnable" seed="631483483" result="Passed" start-time="2019-11-12 05:39:22Z" end-time="2019-11-12 05:39:22Z" duration="0.001319" asserts="0">
                    <properties />
                  </test-case>
                  <test-case id="2310" name="SpecTest(extends.json - multiple extends - mismatch second extends)" fullname="Newtonsoft.Json.Tests.Schema.JsonSchemaSpecTests.SpecTest(extends.json - multiple extends - mismatch second extends)" methodname="SpecTest" classname="Newtonsoft.Json.Tests.Schema.JsonSchemaSpecTests" runstate="Runnable" seed="182057407" result="Passed" start-time="2019-11-12 05:39:22Z" end-time="2019-11-12 05:39:22Z" duration="0.001443" asserts="0">
                    <properties />
                  </test-case>
                  <test-case id="2311" name="SpecTest(extends.json - multiple extends - mismatch both)" fullname="Newtonsoft.Json.Tests.Schema.JsonSchemaSpecTests.SpecTest(extends.json - multiple extends - mismatch both)" methodname="SpecTest" classname="Newtonsoft.Json.Tests.Schema.JsonSchemaSpecTests" runstate="Runnable" seed="923928629" result="Passed" start-time="2019-11-12 05:39:22Z" end-time="2019-11-12 05:39:22Z" duration="0.002154" asserts="0">
                    <properties />
                  </test-case>
                  <test-case id="2312" name="SpecTest(extends.json - extends simple types - valid)" fullname="Newtonsoft.Json.Tests.Schema.JsonSchemaSpecTests.SpecTest(extends.json - extends simple types - valid)" methodname="SpecTest" classname="Newtonsoft.Json.Tests.Schema.JsonSchemaSpecTests" runstate="Runnable" seed="200267770" result="Passed" start-time="2019-11-12 05:39:22Z" end-time="2019-11-12 05:39:22Z" duration="0.000918" asserts="0">
                    <properties />
                  </test-case>
                  <test-case id="2313" name="SpecTest(extends.json - extends simple types - mismatch extends)" fullname="Newtonsoft.Json.Tests.Schema.JsonSchemaSpecTests.SpecTest(extends.json - extends simple types - mismatch extends)" methodname="SpecTest" classname="Newtonsoft.Json.Tests.Schema.JsonSchemaSpecTests" runstate="Runnable" seed="1351864958" result="Passed" start-time="2019-11-12 05:39:22Z" end-time="2019-11-12 05:39:22Z" duration="0.000837" asserts="0">
                    <properties />
                  </test-case>
                  <test-case id="2314" name="SpecTest(items.json - a schema given for items - valid items)" fullname="Newtonsoft.Json.Tests.Schema.JsonSchemaSpecTests.SpecTest(items.json - a schema given for items - valid items)" methodname="SpecTest" classname="Newtonsoft.Json.Tests.Schema.JsonSchemaSpecTests" runstate="Runnable" seed="150621947" result="Passed" start-time="2019-11-12 05:39:22Z" end-time="2019-11-12 05:39:22Z" duration="0.000858" asserts="0">
                    <properties />
                  </test-case>
                  <test-case id="2315" name="SpecTest(items.json - a schema given for items - wrong type of items)" fullname="Newtonsoft.Json.Tests.Schema.JsonSchemaSpecTests.SpecTest(items.json - a schema given for items - wrong type of items)" methodname="SpecTest" classname="Newtonsoft.Json.Tests.Schema.JsonSchemaSpecTests" runstate="Runnable" seed="764905369" result="Passed" start-time="2019-11-12 05:39:22Z" end-time="2019-11-12 05:39:22Z" duration="0.001111" asserts="0">
                    <properties />
                  </test-case>
                  <test-case id="2316" name="SpecTest(items.json - a schema given for items - ignores non-arrays)" fullname="Newtonsoft.Json.Tests.Schema.JsonSchemaSpecTests.SpecTest(items.json - a schema given for items - ignores non-arrays)" methodname="SpecTest" classname="Newtonsoft.Json.Tests.Schema.JsonSchemaSpecTests" runstate="Runnable" seed="1482546832" result="Passed" start-time="2019-11-12 05:39:22Z" end-time="2019-11-12 05:39:22Z" duration="0.000959" asserts="0">
                    <properties />
                  </test-case>
                  <test-case id="2317" name="SpecTest(items.json - an array of schemas for items - correct types)" fullname="Newtonsoft.Json.Tests.Schema.JsonSchemaSpecTests.SpecTest(items.json - an array of schemas for items - correct types)" methodname="SpecTest" classname="Newtonsoft.Json.Tests.Schema.JsonSchemaSpecTests" runstate="Runnable" seed="1191548793" result="Passed" start-time="2019-11-12 05:39:22Z" end-time="2019-11-12 05:39:22Z" duration="0.000927" asserts="0">
                    <properties />
                  </test-case>
                  <test-case id="2318" name="SpecTest(items.json - an array of schemas for items - wrong types)" fullname="Newtonsoft.Json.Tests.Schema.JsonSchemaSpecTests.SpecTest(items.json - an array of schemas for items - wrong types)" methodname="SpecTest" classname="Newtonsoft.Json.Tests.Schema.JsonSchemaSpecTests" runstate="Runnable" seed="374535142" result="Passed" start-time="2019-11-12 05:39:22Z" end-time="2019-11-12 05:39:22Z" duration="0.001743" asserts="0">
                    <properties />
                  </test-case>
                  <test-case id="2319" name="SpecTest(maxItems.json - maxItems validation - shorter is valid)" fullname="Newtonsoft.Json.Tests.Schema.JsonSchemaSpecTests.SpecTest(maxItems.json - maxItems validation - shorter is valid)" methodname="SpecTest" classname="Newtonsoft.Json.Tests.Schema.JsonSchemaSpecTests" runstate="Runnable" seed="1030409878" result="Passed" start-time="2019-11-12 05:39:22Z" end-time="2019-11-12 05:39:22Z" duration="0.001054" asserts="0">
                    <properties />
                  </test-case>
                  <test-case id="2320" name="SpecTest(maxItems.json - maxItems validation - exact length is valid)" fullname="Newtonsoft.Json.Tests.Schema.JsonSchemaSpecTests.SpecTest(maxItems.json - maxItems validation - exact length is valid)" methodname="SpecTest" classname="Newtonsoft.Json.Tests.Schema.JsonSchemaSpecTests" runstate="Runnable" seed="1910864337" result="Passed" start-time="2019-11-12 05:39:22Z" end-time="2019-11-12 05:39:22Z" duration="0.000741" asserts="0">
                    <properties />
                  </test-case>
                  <test-case id="2321" name="SpecTest(maxItems.json - maxItems validation - too long is invalid)" fullname="Newtonsoft.Json.Tests.Schema.JsonSchemaSpecTests.SpecTest(maxItems.json - maxItems validation - too long is invalid)" methodname="SpecTest" classname="Newtonsoft.Json.Tests.Schema.JsonSchemaSpecTests" runstate="Runnable" seed="1915518087" result="Passed" start-time="2019-11-12 05:39:22Z" end-time="2019-11-12 05:39:22Z" duration="0.000858" asserts="0">
                    <properties />
                  </test-case>
                  <test-case id="2322" name="SpecTest(maxItems.json - maxItems validation - ignores non-arrays)" fullname="Newtonsoft.Json.Tests.Schema.JsonSchemaSpecTests.SpecTest(maxItems.json - maxItems validation - ignores non-arrays)" methodname="SpecTest" classname="Newtonsoft.Json.Tests.Schema.JsonSchemaSpecTests" runstate="Runnable" seed="82111939" result="Passed" start-time="2019-11-12 05:39:22Z" end-time="2019-11-12 05:39:22Z" duration="0.000837" asserts="0">
                    <properties />
                  </test-case>
                  <test-case id="2323" name="SpecTest(maxLength.json - maxLength validation - shorter is valid)" fullname="Newtonsoft.Json.Tests.Schema.JsonSchemaSpecTests.SpecTest(maxLength.json - maxLength validation - shorter is valid)" methodname="SpecTest" classname="Newtonsoft.Json.Tests.Schema.JsonSchemaSpecTests" runstate="Runnable" seed="864267475" result="Passed" start-time="2019-11-12 05:39:22Z" end-time="2019-11-12 05:39:22Z" duration="0.001040" asserts="0">
                    <properties />
                  </test-case>
                  <test-case id="2324" name="SpecTest(maxLength.json - maxLength validation - exact length is valid)" fullname="Newtonsoft.Json.Tests.Schema.JsonSchemaSpecTests.SpecTest(maxLength.json - maxLength validation - exact length is valid)" methodname="SpecTest" classname="Newtonsoft.Json.Tests.Schema.JsonSchemaSpecTests" runstate="Runnable" seed="976337590" result="Passed" start-time="2019-11-12 05:39:22Z" end-time="2019-11-12 05:39:22Z" duration="0.001084" asserts="0">
                    <properties />
                  </test-case>
                  <test-case id="2325" name="SpecTest(maxLength.json - maxLength validation - too long is invalid)" fullname="Newtonsoft.Json.Tests.Schema.JsonSchemaSpecTests.SpecTest(maxLength.json - maxLength validation - too long is invalid)" methodname="SpecTest" classname="Newtonsoft.Json.Tests.Schema.JsonSchemaSpecTests" runstate="Runnable" seed="242395547" result="Passed" start-time="2019-11-12 05:39:22Z" end-time="2019-11-12 05:39:22Z" duration="0.000913" asserts="0">
                    <properties />
                  </test-case>
                  <test-case id="2326" name="SpecTest(maxLength.json - maxLength validation - ignores non-strings)" fullname="Newtonsoft.Json.Tests.Schema.JsonSchemaSpecTests.SpecTest(maxLength.json - maxLength validation - ignores non-strings)" methodname="SpecTest" classname="Newtonsoft.Json.Tests.Schema.JsonSchemaSpecTests" runstate="Runnable" seed="138123999" result="Passed" start-time="2019-11-12 05:39:22Z" end-time="2019-11-12 05:39:22Z" duration="0.000727" asserts="0">
                    <properties />
                  </test-case>
                  <test-case id="2327" name="SpecTest(maximum.json - maximum validation - below the maximum is valid)" fullname="Newtonsoft.Json.Tests.Schema.JsonSchemaSpecTests.SpecTest(maximum.json - maximum validation - below the maximum is valid)" methodname="SpecTest" classname="Newtonsoft.Json.Tests.Schema.JsonSchemaSpecTests" runstate="Runnable" seed="1141094795" result="Passed" start-time="2019-11-12 05:39:22Z" end-time="2019-11-12 05:39:22Z" duration="0.000680" asserts="0">
                    <properties />
                  </test-case>
                  <test-case id="2328" name="SpecTest(maximum.json - maximum validation - above the maximum is invalid)" fullname="Newtonsoft.Json.Tests.Schema.JsonSchemaSpecTests.SpecTest(maximum.json - maximum validation - above the maximum is invalid)" methodname="SpecTest" classname="Newtonsoft.Json.Tests.Schema.JsonSchemaSpecTests" runstate="Runnable" seed="2022677852" result="Passed" start-time="2019-11-12 05:39:22Z" end-time="2019-11-12 05:39:22Z" duration="0.000799" asserts="0">
                    <properties />
                  </test-case>
                  <test-case id="2329" name="SpecTest(maximum.json - maximum validation - ignores non-numbers)" fullname="Newtonsoft.Json.Tests.Schema.JsonSchemaSpecTests.SpecTest(maximum.json - maximum validation - ignores non-numbers)" methodname="SpecTest" classname="Newtonsoft.Json.Tests.Schema.JsonSchemaSpecTests" runstate="Runnable" seed="467002935" result="Passed" start-time="2019-11-12 05:39:22Z" end-time="2019-11-12 05:39:22Z" duration="0.000654" asserts="0">
                    <properties />
                  </test-case>
                  <test-case id="2330" name="SpecTest(maximum.json - exclusiveMaximum validation - below the maximum is still valid)" fullname="Newtonsoft.Json.Tests.Schema.JsonSchemaSpecTests.SpecTest(maximum.json - exclusiveMaximum validation - below the maximum is still valid)" methodname="SpecTest" classname="Newtonsoft.Json.Tests.Schema.JsonSchemaSpecTests" runstate="Runnable" seed="901804743" result="Passed" start-time="2019-11-12 05:39:22Z" end-time="2019-11-12 05:39:22Z" duration="0.000880" asserts="0">
                    <properties />
                  </test-case>
                  <test-case id="2331" name="SpecTest(maximum.json - exclusiveMaximum validation - boundary point is invalid)" fullname="Newtonsoft.Json.Tests.Schema.JsonSchemaSpecTests.SpecTest(maximum.json - exclusiveMaximum validation - boundary point is invalid)" methodname="SpecTest" classname="Newtonsoft.Json.Tests.Schema.JsonSchemaSpecTests" runstate="Runnable" seed="780153892" result="Passed" start-time="2019-11-12 05:39:22Z" end-time="2019-11-12 05:39:22Z" duration="0.001215" asserts="0">
                    <properties />
                  </test-case>
                  <test-case id="2332" name="SpecTest(minItems.json - minItems validation - longer is valid)" fullname="Newtonsoft.Json.Tests.Schema.JsonSchemaSpecTests.SpecTest(minItems.json - minItems validation - longer is valid)" methodname="SpecTest" classname="Newtonsoft.Json.Tests.Schema.JsonSchemaSpecTests" runstate="Runnable" seed="91866014" result="Passed" start-time="2019-11-12 05:39:22Z" end-time="2019-11-12 05:39:22Z" duration="0.001445" asserts="0">
                    <properties />
                  </test-case>
                  <test-case id="2333" name="SpecTest(minItems.json - minItems validation - exact length is valid)" fullname="Newtonsoft.Json.Tests.Schema.JsonSchemaSpecTests.SpecTest(minItems.json - minItems validation - exact length is valid)" methodname="SpecTest" classname="Newtonsoft.Json.Tests.Schema.JsonSchemaSpecTests" runstate="Runnable" seed="266635785" result="Passed" start-time="2019-11-12 05:39:22Z" end-time="2019-11-12 05:39:22Z" duration="0.001815" asserts="0">
                    <properties />
                  </test-case>
                  <test-case id="2334" name="SpecTest(minItems.json - minItems validation - too short is invalid)" fullname="Newtonsoft.Json.Tests.Schema.JsonSchemaSpecTests.SpecTest(minItems.json - minItems validation - too short is invalid)" methodname="SpecTest" classname="Newtonsoft.Json.Tests.Schema.JsonSchemaSpecTests" runstate="Runnable" seed="534023931" result="Passed" start-time="2019-11-12 05:39:22Z" end-time="2019-11-12 05:39:22Z" duration="0.001287" asserts="0">
                    <properties />
                  </test-case>
                  <test-case id="2335" name="SpecTest(minItems.json - minItems validation - ignores non-arrays)" fullname="Newtonsoft.Json.Tests.Schema.JsonSchemaSpecTests.SpecTest(minItems.json - minItems validation - ignores non-arrays)" methodname="SpecTest" classname="Newtonsoft.Json.Tests.Schema.JsonSchemaSpecTests" runstate="Runnable" seed="1306874781" result="Passed" start-time="2019-11-12 05:39:22Z" end-time="2019-11-12 05:39:22Z" duration="0.000850" asserts="0">
                    <properties />
                  </test-case>
                  <test-case id="2336" name="SpecTest(minLength.json - minLength validation - longer is valid)" fullname="Newtonsoft.Json.Tests.Schema.JsonSchemaSpecTests.SpecTest(minLength.json - minLength validation - longer is valid)" methodname="SpecTest" classname="Newtonsoft.Json.Tests.Schema.JsonSchemaSpecTests" runstate="Runnable" seed="842028486" result="Passed" start-time="2019-11-12 05:39:22Z" end-time="2019-11-12 05:39:22Z" duration="0.001257" asserts="0">
                    <properties />
                  </test-case>
                  <test-case id="2337" name="SpecTest(minLength.json - minLength validation - exact length is valid)" fullname="Newtonsoft.Json.Tests.Schema.JsonSchemaSpecTests.SpecTest(minLength.json - minLength validation - exact length is valid)" methodname="SpecTest" classname="Newtonsoft.Json.Tests.Schema.JsonSchemaSpecTests" runstate="Runnable" seed="711248620" result="Passed" start-time="2019-11-12 05:39:22Z" end-time="2019-11-12 05:39:22Z" duration="0.000881" asserts="0">
                    <properties />
                  </test-case>
                  <test-case id="2338" name="SpecTest(minLength.json - minLength validation - too short is invalid)" fullname="Newtonsoft.Json.Tests.Schema.JsonSchemaSpecTests.SpecTest(minLength.json - minLength validation - too short is invalid)" methodname="SpecTest" classname="Newtonsoft.Json.Tests.Schema.JsonSchemaSpecTests" runstate="Runnable" seed="572044294" result="Passed" start-time="2019-11-12 05:39:22Z" end-time="2019-11-12 05:39:22Z" duration="0.002106" asserts="0">
                    <properties />
                  </test-case>
                  <test-case id="2339" name="SpecTest(minLength.json - minLength validation - ignores non-strings)" fullname="Newtonsoft.Json.Tests.Schema.JsonSchemaSpecTests.SpecTest(minLength.json - minLength validation - ignores non-strings)" methodname="SpecTest" classname="Newtonsoft.Json.Tests.Schema.JsonSchemaSpecTests" runstate="Runnable" seed="2002447962" result="Passed" start-time="2019-11-12 05:39:22Z" end-time="2019-11-12 05:39:22Z" duration="0.001133" asserts="0">
                    <properties />
                  </test-case>
                  <test-case id="2340" name="SpecTest(minimum.json - minimum validation - above the minimum is valid)" fullname="Newtonsoft.Json.Tests.Schema.JsonSchemaSpecTests.SpecTest(minimum.json - minimum validation - above the minimum is valid)" methodname="SpecTest" classname="Newtonsoft.Json.Tests.Schema.JsonSchemaSpecTests" runstate="Runnable" seed="1877511897" result="Passed" start-time="2019-11-12 05:39:22Z" end-time="2019-11-12 05:39:22Z" duration="0.000700" asserts="0">
                    <properties />
                  </test-case>
                  <test-case id="2341" name="SpecTest(minimum.json - minimum validation - below the minimum is invalid)" fullname="Newtonsoft.Json.Tests.Schema.JsonSchemaSpecTests.SpecTest(minimum.json - minimum validation - below the minimum is invalid)" methodname="SpecTest" classname="Newtonsoft.Json.Tests.Schema.JsonSchemaSpecTests" runstate="Runnable" seed="2117122799" result="Passed" start-time="2019-11-12 05:39:22Z" end-time="2019-11-12 05:39:22Z" duration="0.000760" asserts="0">
                    <properties />
                  </test-case>
                  <test-case id="2342" name="SpecTest(minimum.json - minimum validation - ignores non-numbers)" fullname="Newtonsoft.Json.Tests.Schema.JsonSchemaSpecTests.SpecTest(minimum.json - minimum validation - ignores non-numbers)" methodname="SpecTest" classname="Newtonsoft.Json.Tests.Schema.JsonSchemaSpecTests" runstate="Runnable" seed="985011757" result="Passed" start-time="2019-11-12 05:39:22Z" end-time="2019-11-12 05:39:22Z" duration="0.001872" asserts="0">
                    <properties />
                  </test-case>
                  <test-case id="2343" name="SpecTest(minimum.json - exclusiveMinimum validation - above the minimum is still valid)" fullname="Newtonsoft.Json.Tests.Schema.JsonSchemaSpecTests.SpecTest(minimum.json - exclusiveMinimum validation - above the minimum is still valid)" methodname="SpecTest" classname="Newtonsoft.Json.Tests.Schema.JsonSchemaSpecTests" runstate="Runnable" seed="1228231295" result="Passed" start-time="2019-11-12 05:39:22Z" end-time="2019-11-12 05:39:22Z" duration="0.001031" asserts="0">
                    <properties />
                  </test-case>
                  <test-case id="2344" name="SpecTest(minimum.json - exclusiveMinimum validation - boundary point is invalid)" fullname="Newtonsoft.Json.Tests.Schema.JsonSchemaSpecTests.SpecTest(minimum.json - exclusiveMinimum validation - boundary point is invalid)" methodname="SpecTest" classname="Newtonsoft.Json.Tests.Schema.JsonSchemaSpecTests" runstate="Runnable" seed="255823622" result="Passed" start-time="2019-11-12 05:39:22Z" end-time="2019-11-12 05:39:22Z" duration="0.000935" asserts="0">
                    <properties />
                  </test-case>
                  <test-case id="2345" name="SpecTest(pattern.json - pattern validation - a matching pattern is valid)" fullname="Newtonsoft.Json.Tests.Schema.JsonSchemaSpecTests.SpecTest(pattern.json - pattern validation - a matching pattern is valid)" methodname="SpecTest" classname="Newtonsoft.Json.Tests.Schema.JsonSchemaSpecTests" runstate="Runnable" seed="2042167814" result="Passed" start-time="2019-11-12 05:39:22Z" end-time="2019-11-12 05:39:22Z" duration="0.001202" asserts="0">
                    <properties />
                  </test-case>
                  <test-case id="2346" name="SpecTest(pattern.json - pattern validation - a non-matching pattern is invalid)" fullname="Newtonsoft.Json.Tests.Schema.JsonSchemaSpecTests.SpecTest(pattern.json - pattern validation - a non-matching pattern is invalid)" methodname="SpecTest" classname="Newtonsoft.Json.Tests.Schema.JsonSchemaSpecTests" runstate="Runnable" seed="23812168" result="Passed" start-time="2019-11-12 05:39:22Z" end-time="2019-11-12 05:39:22Z" duration="0.001093" asserts="0">
                    <properties />
                  </test-case>
                  <test-case id="2347" name="SpecTest(pattern.json - pattern validation - ignores non-strings)" fullname="Newtonsoft.Json.Tests.Schema.JsonSchemaSpecTests.SpecTest(pattern.json - pattern validation - ignores non-strings)" methodname="SpecTest" classname="Newtonsoft.Json.Tests.Schema.JsonSchemaSpecTests" runstate="Runnable" seed="774476633" result="Passed" start-time="2019-11-12 05:39:22Z" end-time="2019-11-12 05:39:22Z" duration="0.001281" asserts="0">
                    <properties />
                  </test-case>
                  <test-case id="2348" name="SpecTest(patternProperties.json - patternProperties validates properties matching a regex - a single valid match is valid)" fullname="Newtonsoft.Json.Tests.Schema.JsonSchemaSpecTests.SpecTest(patternProperties.json - patternProperties validates properties matching a regex - a single valid match is valid)" methodname="SpecTest" classname="Newtonsoft.Json.Tests.Schema.JsonSchemaSpecTests" runstate="Runnable" seed="451352432" result="Passed" start-time="2019-11-12 05:39:22Z" end-time="2019-11-12 05:39:22Z" duration="0.001296" asserts="0">
                    <properties />
                  </test-case>
                  <test-case id="2349" name="SpecTest(patternProperties.json - patternProperties validates properties matching a regex - multiple valid matches is valid)" fullname="Newtonsoft.Json.Tests.Schema.JsonSchemaSpecTests.SpecTest(patternProperties.json - patternProperties validates properties matching a regex - multiple valid matches is valid)" methodname="SpecTest" classname="Newtonsoft.Json.Tests.Schema.JsonSchemaSpecTests" runstate="Runnable" seed="1829150839" result="Passed" start-time="2019-11-12 05:39:22Z" end-time="2019-11-12 05:39:22Z" duration="0.000978" asserts="0">
                    <properties />
                  </test-case>
                  <test-case id="2350" name="SpecTest(patternProperties.json - patternProperties validates properties matching a regex - a single invalid match is invalid)" fullname="Newtonsoft.Json.Tests.Schema.JsonSchemaSpecTests.SpecTest(patternProperties.json - patternProperties validates properties matching a regex - a single invalid match is invalid)" methodname="SpecTest" classname="Newtonsoft.Json.Tests.Schema.JsonSchemaSpecTests" runstate="Runnable" seed="1966469593" result="Passed" start-time="2019-11-12 05:39:22Z" end-time="2019-11-12 05:39:22Z" duration="0.001008" asserts="0">
                    <properties />
                  </test-case>
                  <test-case id="2351" name="SpecTest(patternProperties.json - patternProperties validates properties matching a regex - multiple invalid matches is invalid)" fullname="Newtonsoft.Json.Tests.Schema.JsonSchemaSpecTests.SpecTest(patternProperties.json - patternProperties validates properties matching a regex - multiple invalid matches is invalid)" methodname="SpecTest" classname="Newtonsoft.Json.Tests.Schema.JsonSchemaSpecTests" runstate="Runnable" seed="1126619832" result="Passed" start-time="2019-11-12 05:39:22Z" end-time="2019-11-12 05:39:22Z" duration="0.001289" asserts="0">
                    <properties />
                  </test-case>
                  <test-case id="2352" name="SpecTest(patternProperties.json - patternProperties validates properties matching a regex - ignores non-objects)" fullname="Newtonsoft.Json.Tests.Schema.JsonSchemaSpecTests.SpecTest(patternProperties.json - patternProperties validates properties matching a regex - ignores non-objects)" methodname="SpecTest" classname="Newtonsoft.Json.Tests.Schema.JsonSchemaSpecTests" runstate="Runnable" seed="668640509" result="Passed" start-time="2019-11-12 05:39:22Z" end-time="2019-11-12 05:39:22Z" duration="0.001009" asserts="0">
                    <properties />
                  </test-case>
                  <test-case id="2353" name="SpecTest(patternProperties.json - multiple simultaneous patternProperties are validated - a single valid match is valid)" fullname="Newtonsoft.Json.Tests.Schema.JsonSchemaSpecTests.SpecTest(patternProperties.json - multiple simultaneous patternProperties are validated - a single valid match is valid)" methodname="SpecTest" classname="Newtonsoft.Json.Tests.Schema.JsonSchemaSpecTests" runstate="Runnable" seed="201050317" result="Passed" start-time="2019-11-12 05:39:22Z" end-time="2019-11-12 05:39:22Z" duration="0.001991" asserts="0">
                    <properties />
                  </test-case>
                  <test-case id="2354" name="SpecTest(patternProperties.json - multiple simultaneous patternProperties are validated - a simultaneous match is valid)" fullname="Newtonsoft.Json.Tests.Schema.JsonSchemaSpecTests.SpecTest(patternProperties.json - multiple simultaneous patternProperties are validated - a simultaneous match is valid)" methodname="SpecTest" classname="Newtonsoft.Json.Tests.Schema.JsonSchemaSpecTests" runstate="Runnable" seed="2107921291" result="Passed" start-time="2019-11-12 05:39:22Z" end-time="2019-11-12 05:39:22Z" duration="0.001560" asserts="0">
                    <properties />
                  </test-case>
                  <test-case id="2355" name="SpecTest(patternProperties.json - multiple simultaneous patternProperties are validated - multiple matches is valid)" fullname="Newtonsoft.Json.Tests.Schema.JsonSchemaSpecTests.SpecTest(patternProperties.json - multiple simultaneous patternProperties are validated - multiple matches is valid)" methodname="SpecTest" classname="Newtonsoft.Json.Tests.Schema.JsonSchemaSpecTests" runstate="Runnable" seed="14001668" result="Passed" start-time="2019-11-12 05:39:22Z" end-time="2019-11-12 05:39:22Z" duration="0.001171" asserts="0">
                    <properties />
                  </test-case>
                  <test-case id="2356" name="SpecTest(patternProperties.json - multiple simultaneous patternProperties are validated - an invalid due to one is invalid)" fullname="Newtonsoft.Json.Tests.Schema.JsonSchemaSpecTests.SpecTest(patternProperties.json - multiple simultaneous patternProperties are validated - an invalid due to one is invalid)" methodname="SpecTest" classname="Newtonsoft.Json.Tests.Schema.JsonSchemaSpecTests" runstate="Runnable" seed="1713192468" result="Passed" start-time="2019-11-12 05:39:22Z" end-time="2019-11-12 05:39:22Z" duration="0.000974" asserts="0">
                    <properties />
                  </test-case>
                  <test-case id="2357" name="SpecTest(patternProperties.json - multiple simultaneous patternProperties are validated - an invalid due to the other is invalid)" fullname="Newtonsoft.Json.Tests.Schema.JsonSchemaSpecTests.SpecTest(patternProperties.json - multiple simultaneous patternProperties are validated - an invalid due to the other is invalid)" methodname="SpecTest" classname="Newtonsoft.Json.Tests.Schema.JsonSchemaSpecTests" runstate="Runnable" seed="1475940934" result="Passed" start-time="2019-11-12 05:39:22Z" end-time="2019-11-12 05:39:22Z" duration="0.001812" asserts="0">
                    <properties />
                  </test-case>
                  <test-case id="2358" name="SpecTest(patternProperties.json - multiple simultaneous patternProperties are validated - an invalid due to both is invalid)" fullname="Newtonsoft.Json.Tests.Schema.JsonSchemaSpecTests.SpecTest(patternProperties.json - multiple simultaneous patternProperties are validated - an invalid due to both is invalid)" methodname="SpecTest" classname="Newtonsoft.Json.Tests.Schema.JsonSchemaSpecTests" runstate="Runnable" seed="1686017630" result="Passed" start-time="2019-11-12 05:39:22Z" end-time="2019-11-12 05:39:22Z" duration="0.001069" asserts="0">
                    <properties />
                  </test-case>
                  <test-case id="2359" name="SpecTest(properties.json - object properties validation - both properties present and valid is valid)" fullname="Newtonsoft.Json.Tests.Schema.JsonSchemaSpecTests.SpecTest(properties.json - object properties validation - both properties present and valid is valid)" methodname="SpecTest" classname="Newtonsoft.Json.Tests.Schema.JsonSchemaSpecTests" runstate="Runnable" seed="1243825140" result="Passed" start-time="2019-11-12 05:39:22Z" end-time="2019-11-12 05:39:22Z" duration="0.001067" asserts="0">
                    <properties />
                  </test-case>
                  <test-case id="2360" name="SpecTest(properties.json - object properties validation - one property invalid is invalid)" fullname="Newtonsoft.Json.Tests.Schema.JsonSchemaSpecTests.SpecTest(properties.json - object properties validation - one property invalid is invalid)" methodname="SpecTest" classname="Newtonsoft.Json.Tests.Schema.JsonSchemaSpecTests" runstate="Runnable" seed="1480654403" result="Passed" start-time="2019-11-12 05:39:22Z" end-time="2019-11-12 05:39:22Z" duration="0.001334" asserts="0">
                    <properties />
                  </test-case>
                  <test-case id="2361" name="SpecTest(properties.json - object properties validation - both properties invalid is invalid)" fullname="Newtonsoft.Json.Tests.Schema.JsonSchemaSpecTests.SpecTest(properties.json - object properties validation - both properties invalid is invalid)" methodname="SpecTest" classname="Newtonsoft.Json.Tests.Schema.JsonSchemaSpecTests" runstate="Runnable" seed="823362040" result="Passed" start-time="2019-11-12 05:39:22Z" end-time="2019-11-12 05:39:22Z" duration="0.001778" asserts="0">
                    <properties />
                  </test-case>
                  <test-case id="2362" name="SpecTest(properties.json - object properties validation - doesn't invalidate other properties)" fullname="Newtonsoft.Json.Tests.Schema.JsonSchemaSpecTests.SpecTest(properties.json - object properties validation - doesn't invalidate other properties)" methodname="SpecTest" classname="Newtonsoft.Json.Tests.Schema.JsonSchemaSpecTests" runstate="Runnable" seed="433434430" result="Passed" start-time="2019-11-12 05:39:22Z" end-time="2019-11-12 05:39:22Z" duration="0.002234" asserts="0">
                    <properties />
                  </test-case>
                  <test-case id="2363" name="SpecTest(properties.json - object properties validation - ignores non-objects)" fullname="Newtonsoft.Json.Tests.Schema.JsonSchemaSpecTests.SpecTest(properties.json - object properties validation - ignores non-objects)" methodname="SpecTest" classname="Newtonsoft.Json.Tests.Schema.JsonSchemaSpecTests" runstate="Runnable" seed="56697693" result="Passed" start-time="2019-11-12 05:39:22Z" end-time="2019-11-12 05:39:22Z" duration="0.000934" asserts="0">
                    <properties />
                  </test-case>
                  <test-case id="2364" name="SpecTest(properties.json - properties, patternProperties, additionalProperties interaction - property validates property)" fullname="Newtonsoft.Json.Tests.Schema.JsonSchemaSpecTests.SpecTest(properties.json - properties, patternProperties, additionalProperties interaction - property validates property)" methodname="SpecTest" classname="Newtonsoft.Json.Tests.Schema.JsonSchemaSpecTests" runstate="Runnable" seed="1877162387" result="Passed" start-time="2019-11-12 05:39:22Z" end-time="2019-11-12 05:39:22Z" duration="0.001657" asserts="0">
                    <properties />
                  </test-case>
                  <test-case id="2365" name="SpecTest(properties.json - properties, patternProperties, additionalProperties interaction - property invalidates property)" fullname="Newtonsoft.Json.Tests.Schema.JsonSchemaSpecTests.SpecTest(properties.json - properties, patternProperties, additionalProperties interaction - property invalidates property)" methodname="SpecTest" classname="Newtonsoft.Json.Tests.Schema.JsonSchemaSpecTests" runstate="Runnable" seed="1549387162" result="Passed" start-time="2019-11-12 05:39:22Z" end-time="2019-11-12 05:39:22Z" duration="0.001579" asserts="0">
                    <properties />
                  </test-case>
                  <test-case id="2366" name="SpecTest(properties.json - properties, patternProperties, additionalProperties interaction - patternProperty invalidates property)" fullname="Newtonsoft.Json.Tests.Schema.JsonSchemaSpecTests.SpecTest(properties.json - properties, patternProperties, additionalProperties interaction - patternProperty invalidates property)" methodname="SpecTest" classname="Newtonsoft.Json.Tests.Schema.JsonSchemaSpecTests" runstate="Runnable" seed="832062615" result="Passed" start-time="2019-11-12 05:39:22Z" end-time="2019-11-12 05:39:22Z" duration="0.001721" asserts="0">
                    <properties />
                  </test-case>
                  <test-case id="2367" name="SpecTest(properties.json - properties, patternProperties, additionalProperties interaction - patternProperty validates nonproperty)" fullname="Newtonsoft.Json.Tests.Schema.JsonSchemaSpecTests.SpecTest(properties.json - properties, patternProperties, additionalProperties interaction - patternProperty validates nonproperty)" methodname="SpecTest" classname="Newtonsoft.Json.Tests.Schema.JsonSchemaSpecTests" runstate="Runnable" seed="2081115632" result="Passed" start-time="2019-11-12 05:39:22Z" end-time="2019-11-12 05:39:22Z" duration="0.001678" asserts="0">
                    <properties />
                  </test-case>
                  <test-case id="2368" name="SpecTest(properties.json - properties, patternProperties, additionalProperties interaction - patternProperty invalidates nonproperty)" fullname="Newtonsoft.Json.Tests.Schema.JsonSchemaSpecTests.SpecTest(properties.json - properties, patternProperties, additionalProperties interaction - patternProperty invalidates nonproperty)" methodname="SpecTest" classname="Newtonsoft.Json.Tests.Schema.JsonSchemaSpecTests" runstate="Runnable" seed="817841027" result="Passed" start-time="2019-11-12 05:39:22Z" end-time="2019-11-12 05:39:22Z" duration="0.002410" asserts="0">
                    <properties />
                  </test-case>
                  <test-case id="2369" name="SpecTest(properties.json - properties, patternProperties, additionalProperties interaction - additionalProperty ignores property)" fullname="Newtonsoft.Json.Tests.Schema.JsonSchemaSpecTests.SpecTest(properties.json - properties, patternProperties, additionalProperties interaction - additionalProperty ignores property)" methodname="SpecTest" classname="Newtonsoft.Json.Tests.Schema.JsonSchemaSpecTests" runstate="Runnable" seed="991230813" result="Passed" start-time="2019-11-12 05:39:22Z" end-time="2019-11-12 05:39:22Z" duration="0.001594" asserts="0">
                    <properties />
                  </test-case>
                  <test-case id="2370" name="SpecTest(properties.json - properties, patternProperties, additionalProperties interaction - additionalProperty validates others)" fullname="Newtonsoft.Json.Tests.Schema.JsonSchemaSpecTests.SpecTest(properties.json - properties, patternProperties, additionalProperties interaction - additionalProperty validates others)" methodname="SpecTest" classname="Newtonsoft.Json.Tests.Schema.JsonSchemaSpecTests" runstate="Runnable" seed="2070360530" result="Passed" start-time="2019-11-12 05:39:22Z" end-time="2019-11-12 05:39:22Z" duration="0.001912" asserts="0">
                    <properties />
                  </test-case>
                  <test-case id="2371" name="SpecTest(properties.json - properties, patternProperties, additionalProperties interaction - additionalProperty invalidates others)" fullname="Newtonsoft.Json.Tests.Schema.JsonSchemaSpecTests.SpecTest(properties.json - properties, patternProperties, additionalProperties interaction - additionalProperty invalidates others)" methodname="SpecTest" classname="Newtonsoft.Json.Tests.Schema.JsonSchemaSpecTests" runstate="Runnable" seed="771298212" result="Passed" start-time="2019-11-12 05:39:22Z" end-time="2019-11-12 05:39:22Z" duration="0.002046" asserts="0">
                    <properties />
                  </test-case>
                  <test-case id="2372" name="SpecTest(ref.json - root pointer ref - match)" fullname="Newtonsoft.Json.Tests.Schema.JsonSchemaSpecTests.SpecTest(ref.json - root pointer ref - match)" methodname="SpecTest" classname="Newtonsoft.Json.Tests.Schema.JsonSchemaSpecTests" runstate="Runnable" seed="619504499" result="Passed" start-time="2019-11-12 05:39:22Z" end-time="2019-11-12 05:39:22Z" duration="0.001422" asserts="0">
                    <properties />
                  </test-case>
                  <test-case id="2373" name="SpecTest(ref.json - root pointer ref - recursive match)" fullname="Newtonsoft.Json.Tests.Schema.JsonSchemaSpecTests.SpecTest(ref.json - root pointer ref - recursive match)" methodname="SpecTest" classname="Newtonsoft.Json.Tests.Schema.JsonSchemaSpecTests" runstate="Runnable" seed="519570827" result="Passed" start-time="2019-11-12 05:39:22Z" end-time="2019-11-12 05:39:22Z" duration="0.001502" asserts="0">
                    <properties />
                  </test-case>
                  <test-case id="2374" name="SpecTest(ref.json - root pointer ref - mismatch)" fullname="Newtonsoft.Json.Tests.Schema.JsonSchemaSpecTests.SpecTest(ref.json - root pointer ref - mismatch)" methodname="SpecTest" classname="Newtonsoft.Json.Tests.Schema.JsonSchemaSpecTests" runstate="Runnable" seed="1300381628" result="Passed" start-time="2019-11-12 05:39:22Z" end-time="2019-11-12 05:39:22Z" duration="0.001210" asserts="0">
                    <properties />
                  </test-case>
                  <test-case id="2375" name="SpecTest(ref.json - root pointer ref - recursive mismatch)" fullname="Newtonsoft.Json.Tests.Schema.JsonSchemaSpecTests.SpecTest(ref.json - root pointer ref - recursive mismatch)" methodname="SpecTest" classname="Newtonsoft.Json.Tests.Schema.JsonSchemaSpecTests" runstate="Runnable" seed="1941225185" result="Passed" start-time="2019-11-12 05:39:22Z" end-time="2019-11-12 05:39:22Z" duration="0.000981" asserts="0">
                    <properties />
                  </test-case>
                  <test-case id="2376" name="SpecTest(ref.json - relative pointer ref - match)" fullname="Newtonsoft.Json.Tests.Schema.JsonSchemaSpecTests.SpecTest(ref.json - relative pointer ref - match)" methodname="SpecTest" classname="Newtonsoft.Json.Tests.Schema.JsonSchemaSpecTests" runstate="Runnable" seed="930506330" result="Passed" start-time="2019-11-12 05:39:22Z" end-time="2019-11-12 05:39:22Z" duration="0.001162" asserts="0">
                    <properties />
                  </test-case>
                  <test-case id="2377" name="SpecTest(ref.json - relative pointer ref - mismatch)" fullname="Newtonsoft.Json.Tests.Schema.JsonSchemaSpecTests.SpecTest(ref.json - relative pointer ref - mismatch)" methodname="SpecTest" classname="Newtonsoft.Json.Tests.Schema.JsonSchemaSpecTests" runstate="Runnable" seed="1001364291" result="Passed" start-time="2019-11-12 05:39:22Z" end-time="2019-11-12 05:39:22Z" duration="0.001537" asserts="0">
                    <properties />
                  </test-case>
                  <test-case id="2378" name="SpecTest(ref.json - escaped pointer ref - slash)" fullname="Newtonsoft.Json.Tests.Schema.JsonSchemaSpecTests.SpecTest(ref.json - escaped pointer ref - slash)" methodname="SpecTest" classname="Newtonsoft.Json.Tests.Schema.JsonSchemaSpecTests" runstate="Runnable" seed="608443853" result="Passed" start-time="2019-11-12 05:39:22Z" end-time="2019-11-12 05:39:22Z" duration="0.001623" asserts="0">
                    <properties />
                  </test-case>
                  <test-case id="2379" name="SpecTest(ref.json - escaped pointer ref - tilda)" fullname="Newtonsoft.Json.Tests.Schema.JsonSchemaSpecTests.SpecTest(ref.json - escaped pointer ref - tilda)" methodname="SpecTest" classname="Newtonsoft.Json.Tests.Schema.JsonSchemaSpecTests" runstate="Runnable" seed="1081653423" result="Passed" start-time="2019-11-12 05:39:22Z" end-time="2019-11-12 05:39:22Z" duration="0.001961" asserts="0">
                    <properties />
                  </test-case>
                  <test-case id="2380" name="SpecTest(ref.json - escaped pointer ref - percent)" fullname="Newtonsoft.Json.Tests.Schema.JsonSchemaSpecTests.SpecTest(ref.json - escaped pointer ref - percent)" methodname="SpecTest" classname="Newtonsoft.Json.Tests.Schema.JsonSchemaSpecTests" runstate="Runnable" seed="218583379" result="Passed" start-time="2019-11-12 05:39:22Z" end-time="2019-11-12 05:39:22Z" duration="0.002152" asserts="0">
                    <properties />
                  </test-case>
                  <test-case id="2381" name="SpecTest(required.json - required validation - present required property is valid)" fullname="Newtonsoft.Json.Tests.Schema.JsonSchemaSpecTests.SpecTest(required.json - required validation - present required property is valid)" methodname="SpecTest" classname="Newtonsoft.Json.Tests.Schema.JsonSchemaSpecTests" runstate="Runnable" seed="1511131013" result="Passed" start-time="2019-11-12 05:39:22Z" end-time="2019-11-12 05:39:22Z" duration="0.001668" asserts="0">
                    <properties />
                  </test-case>
                  <test-case id="2382" name="SpecTest(required.json - required validation - non-present required property is invalid)" fullname="Newtonsoft.Json.Tests.Schema.JsonSchemaSpecTests.SpecTest(required.json - required validation - non-present required property is invalid)" methodname="SpecTest" classname="Newtonsoft.Json.Tests.Schema.JsonSchemaSpecTests" runstate="Runnable" seed="689742363" result="Passed" start-time="2019-11-12 05:39:22Z" end-time="2019-11-12 05:39:22Z" duration="0.001181" asserts="0">
                    <properties />
                  </test-case>
                  <test-case id="2383" name="SpecTest(required.json - required default validation - not required by default)" fullname="Newtonsoft.Json.Tests.Schema.JsonSchemaSpecTests.SpecTest(required.json - required default validation - not required by default)" methodname="SpecTest" classname="Newtonsoft.Json.Tests.Schema.JsonSchemaSpecTests" runstate="Runnable" seed="193527013" result="Passed" start-time="2019-11-12 05:39:22Z" end-time="2019-11-12 05:39:22Z" duration="0.001121" asserts="0">
                    <properties />
                  </test-case>
                  <test-case id="2384" name="SpecTest(required.json - required explicitly false validation - not required if required is false)" fullname="Newtonsoft.Json.Tests.Schema.JsonSchemaSpecTests.SpecTest(required.json - required explicitly false validation - not required if required is false)" methodname="SpecTest" classname="Newtonsoft.Json.Tests.Schema.JsonSchemaSpecTests" runstate="Runnable" seed="648016989" result="Passed" start-time="2019-11-12 05:39:22Z" end-time="2019-11-12 05:39:22Z" duration="0.000968" asserts="0">
                    <properties />
                  </test-case>
                  <test-case id="2385" name="SpecTest(type.json - integer type matches integers - an integer is an integer)" fullname="Newtonsoft.Json.Tests.Schema.JsonSchemaSpecTests.SpecTest(type.json - integer type matches integers - an integer is an integer)" methodname="SpecTest" classname="Newtonsoft.Json.Tests.Schema.JsonSchemaSpecTests" runstate="Runnable" seed="1922668558" result="Passed" start-time="2019-11-12 05:39:22Z" end-time="2019-11-12 05:39:22Z" duration="0.000831" asserts="0">
                    <properties />
                  </test-case>
                  <test-case id="2386" name="SpecTest(type.json - integer type matches integers - a float is not an integer)" fullname="Newtonsoft.Json.Tests.Schema.JsonSchemaSpecTests.SpecTest(type.json - integer type matches integers - a float is not an integer)" methodname="SpecTest" classname="Newtonsoft.Json.Tests.Schema.JsonSchemaSpecTests" runstate="Runnable" seed="111513383" result="Passed" start-time="2019-11-12 05:39:22Z" end-time="2019-11-12 05:39:22Z" duration="0.001315" asserts="0">
                    <properties />
                  </test-case>
                  <test-case id="2387" name="SpecTest(type.json - integer type matches integers - a float is not an integer even without fractional part)" fullname="Newtonsoft.Json.Tests.Schema.JsonSchemaSpecTests.SpecTest(type.json - integer type matches integers - a float is not an integer even without fractional part)" methodname="SpecTest" classname="Newtonsoft.Json.Tests.Schema.JsonSchemaSpecTests" runstate="Runnable" seed="2038299344" result="Passed" start-time="2019-11-12 05:39:22Z" end-time="2019-11-12 05:39:22Z" duration="0.001403" asserts="0">
                    <properties />
                  </test-case>
                  <test-case id="2388" name="SpecTest(type.json - integer type matches integers - a string is not an integer)" fullname="Newtonsoft.Json.Tests.Schema.JsonSchemaSpecTests.SpecTest(type.json - integer type matches integers - a string is not an integer)" methodname="SpecTest" classname="Newtonsoft.Json.Tests.Schema.JsonSchemaSpecTests" runstate="Runnable" seed="306198141" result="Passed" start-time="2019-11-12 05:39:22Z" end-time="2019-11-12 05:39:22Z" duration="0.001415" asserts="0">
                    <properties />
                  </test-case>
                  <test-case id="2389" name="SpecTest(type.json - integer type matches integers - an object is not an integer)" fullname="Newtonsoft.Json.Tests.Schema.JsonSchemaSpecTests.SpecTest(type.json - integer type matches integers - an object is not an integer)" methodname="SpecTest" classname="Newtonsoft.Json.Tests.Schema.JsonSchemaSpecTests" runstate="Runnable" seed="520022263" result="Passed" start-time="2019-11-12 05:39:22Z" end-time="2019-11-12 05:39:22Z" duration="0.000812" asserts="0">
                    <properties />
                  </test-case>
                  <test-case id="2390" name="SpecTest(type.json - integer type matches integers - an array is not an integer)" fullname="Newtonsoft.Json.Tests.Schema.JsonSchemaSpecTests.SpecTest(type.json - integer type matches integers - an array is not an integer)" methodname="SpecTest" classname="Newtonsoft.Json.Tests.Schema.JsonSchemaSpecTests" runstate="Runnable" seed="1741165960" result="Passed" start-time="2019-11-12 05:39:22Z" end-time="2019-11-12 05:39:22Z" duration="0.001292" asserts="0">
                    <properties />
                  </test-case>
                  <test-case id="2391" name="SpecTest(type.json - integer type matches integers - a boolean is not an integer)" fullname="Newtonsoft.Json.Tests.Schema.JsonSchemaSpecTests.SpecTest(type.json - integer type matches integers - a boolean is not an integer)" methodname="SpecTest" classname="Newtonsoft.Json.Tests.Schema.JsonSchemaSpecTests" runstate="Runnable" seed="1513571199" result="Passed" start-time="2019-11-12 05:39:22Z" end-time="2019-11-12 05:39:22Z" duration="0.000867" asserts="0">
                    <properties />
                  </test-case>
                  <test-case id="2392" name="SpecTest(type.json - integer type matches integers - null is not an integer)" fullname="Newtonsoft.Json.Tests.Schema.JsonSchemaSpecTests.SpecTest(type.json - integer type matches integers - null is not an integer)" methodname="SpecTest" classname="Newtonsoft.Json.Tests.Schema.JsonSchemaSpecTests" runstate="Runnable" seed="1172714637" result="Passed" start-time="2019-11-12 05:39:22Z" end-time="2019-11-12 05:39:22Z" duration="0.001124" asserts="0">
                    <properties />
                  </test-case>
                  <test-case id="2393" name="SpecTest(type.json - number type matches numbers - an integer is a number)" fullname="Newtonsoft.Json.Tests.Schema.JsonSchemaSpecTests.SpecTest(type.json - number type matches numbers - an integer is a number)" methodname="SpecTest" classname="Newtonsoft.Json.Tests.Schema.JsonSchemaSpecTests" runstate="Runnable" seed="1475702801" result="Passed" start-time="2019-11-12 05:39:22Z" end-time="2019-11-12 05:39:22Z" duration="0.000907" asserts="0">
                    <properties />
                  </test-case>
                  <test-case id="2394" name="SpecTest(type.json - number type matches numbers - a float is a number)" fullname="Newtonsoft.Json.Tests.Schema.JsonSchemaSpecTests.SpecTest(type.json - number type matches numbers - a float is a number)" methodname="SpecTest" classname="Newtonsoft.Json.Tests.Schema.JsonSchemaSpecTests" runstate="Runnable" seed="521793559" result="Passed" start-time="2019-11-12 05:39:22Z" end-time="2019-11-12 05:39:22Z" duration="0.000998" asserts="0">
                    <properties />
                  </test-case>
                  <test-case id="2395" name="SpecTest(type.json - number type matches numbers - a string is not a number)" fullname="Newtonsoft.Json.Tests.Schema.JsonSchemaSpecTests.SpecTest(type.json - number type matches numbers - a string is not a number)" methodname="SpecTest" classname="Newtonsoft.Json.Tests.Schema.JsonSchemaSpecTests" runstate="Runnable" seed="1054149857" result="Passed" start-time="2019-11-12 05:39:22Z" end-time="2019-11-12 05:39:22Z" duration="0.000785" asserts="0">
                    <properties />
                  </test-case>
                  <test-case id="2396" name="SpecTest(type.json - number type matches numbers - an object is not a number)" fullname="Newtonsoft.Json.Tests.Schema.JsonSchemaSpecTests.SpecTest(type.json - number type matches numbers - an object is not a number)" methodname="SpecTest" classname="Newtonsoft.Json.Tests.Schema.JsonSchemaSpecTests" runstate="Runnable" seed="1683688369" result="Passed" start-time="2019-11-12 05:39:22Z" end-time="2019-11-12 05:39:22Z" duration="0.001013" asserts="0">
                    <properties />
                  </test-case>
                  <test-case id="2397" name="SpecTest(type.json - number type matches numbers - an array is not a number)" fullname="Newtonsoft.Json.Tests.Schema.JsonSchemaSpecTests.SpecTest(type.json - number type matches numbers - an array is not a number)" methodname="SpecTest" classname="Newtonsoft.Json.Tests.Schema.JsonSchemaSpecTests" runstate="Runnable" seed="928314064" result="Passed" start-time="2019-11-12 05:39:22Z" end-time="2019-11-12 05:39:22Z" duration="0.001257" asserts="0">
                    <properties />
                  </test-case>
                  <test-case id="2398" name="SpecTest(type.json - number type matches numbers - a boolean is not a number)" fullname="Newtonsoft.Json.Tests.Schema.JsonSchemaSpecTests.SpecTest(type.json - number type matches numbers - a boolean is not a number)" methodname="SpecTest" classname="Newtonsoft.Json.Tests.Schema.JsonSchemaSpecTests" runstate="Runnable" seed="1498552555" result="Passed" start-time="2019-11-12 05:39:22Z" end-time="2019-11-12 05:39:22Z" duration="0.001931" asserts="0">
                    <properties />
                  </test-case>
                  <test-case id="2399" name="SpecTest(type.json - number type matches numbers - null is not a number)" fullname="Newtonsoft.Json.Tests.Schema.JsonSchemaSpecTests.SpecTest(type.json - number type matches numbers - null is not a number)" methodname="SpecTest" classname="Newtonsoft.Json.Tests.Schema.JsonSchemaSpecTests" runstate="Runnable" seed="853920107" result="Passed" start-time="2019-11-12 05:39:22Z" end-time="2019-11-12 05:39:22Z" duration="0.000908" asserts="0">
                    <properties />
                  </test-case>
                  <test-case id="2400" name="SpecTest(type.json - string type matches strings - 1 is not a string)" fullname="Newtonsoft.Json.Tests.Schema.JsonSchemaSpecTests.SpecTest(type.json - string type matches strings - 1 is not a string)" methodname="SpecTest" classname="Newtonsoft.Json.Tests.Schema.JsonSchemaSpecTests" runstate="Runnable" seed="1210105199" result="Passed" start-time="2019-11-12 05:39:22Z" end-time="2019-11-12 05:39:22Z" duration="0.000888" asserts="0">
                    <properties />
                  </test-case>
                  <test-case id="2401" name="SpecTest(type.json - string type matches strings - a float is not a string)" fullname="Newtonsoft.Json.Tests.Schema.JsonSchemaSpecTests.SpecTest(type.json - string type matches strings - a float is not a string)" methodname="SpecTest" classname="Newtonsoft.Json.Tests.Schema.JsonSchemaSpecTests" runstate="Runnable" seed="90180183" result="Passed" start-time="2019-11-12 05:39:22Z" end-time="2019-11-12 05:39:22Z" duration="0.000754" asserts="0">
                    <properties />
                  </test-case>
                  <test-case id="2402" name="SpecTest(type.json - string type matches strings - a string is a string)" fullname="Newtonsoft.Json.Tests.Schema.JsonSchemaSpecTests.SpecTest(type.json - string type matches strings - a string is a string)" methodname="SpecTest" classname="Newtonsoft.Json.Tests.Schema.JsonSchemaSpecTests" runstate="Runnable" seed="2104119253" result="Passed" start-time="2019-11-12 05:39:22Z" end-time="2019-11-12 05:39:22Z" duration="0.000862" asserts="0">
                    <properties />
                  </test-case>
                  <test-case id="2403" name="SpecTest(type.json - string type matches strings - an object is not a string)" fullname="Newtonsoft.Json.Tests.Schema.JsonSchemaSpecTests.SpecTest(type.json - string type matches strings - an object is not a string)" methodname="SpecTest" classname="Newtonsoft.Json.Tests.Schema.JsonSchemaSpecTests" runstate="Runnable" seed="1607605266" result="Passed" start-time="2019-11-12 05:39:22Z" end-time="2019-11-12 05:39:22Z" duration="0.001256" asserts="0">
                    <properties />
                  </test-case>
                  <test-case id="2404" name="SpecTest(type.json - string type matches strings - an array is not a string)" fullname="Newtonsoft.Json.Tests.Schema.JsonSchemaSpecTests.SpecTest(type.json - string type matches strings - an array is not a string)" methodname="SpecTest" classname="Newtonsoft.Json.Tests.Schema.JsonSchemaSpecTests" runstate="Runnable" seed="1906273956" result="Passed" start-time="2019-11-12 05:39:22Z" end-time="2019-11-12 05:39:22Z" duration="0.002410" asserts="0">
                    <properties />
                  </test-case>
                  <test-case id="2405" name="SpecTest(type.json - string type matches strings - a boolean is not a string)" fullname="Newtonsoft.Json.Tests.Schema.JsonSchemaSpecTests.SpecTest(type.json - string type matches strings - a boolean is not a string)" methodname="SpecTest" classname="Newtonsoft.Json.Tests.Schema.JsonSchemaSpecTests" runstate="Runnable" seed="1195171381" result="Passed" start-time="2019-11-12 05:39:22Z" end-time="2019-11-12 05:39:22Z" duration="0.001090" asserts="0">
                    <properties />
                  </test-case>
                  <test-case id="2406" name="SpecTest(type.json - string type matches strings - null is not a string)" fullname="Newtonsoft.Json.Tests.Schema.JsonSchemaSpecTests.SpecTest(type.json - string type matches strings - null is not a string)" methodname="SpecTest" classname="Newtonsoft.Json.Tests.Schema.JsonSchemaSpecTests" runstate="Runnable" seed="507115333" result="Passed" start-time="2019-11-12 05:39:22Z" end-time="2019-11-12 05:39:22Z" duration="0.000803" asserts="0">
                    <properties />
                  </test-case>
                  <test-case id="2407" name="SpecTest(type.json - object type matches objects - an integer is not an object)" fullname="Newtonsoft.Json.Tests.Schema.JsonSchemaSpecTests.SpecTest(type.json - object type matches objects - an integer is not an object)" methodname="SpecTest" classname="Newtonsoft.Json.Tests.Schema.JsonSchemaSpecTests" runstate="Runnable" seed="149069682" result="Passed" start-time="2019-11-12 05:39:22Z" end-time="2019-11-12 05:39:22Z" duration="0.000891" asserts="0">
                    <properties />
                  </test-case>
                  <test-case id="2408" name="SpecTest(type.json - object type matches objects - a float is not an object)" fullname="Newtonsoft.Json.Tests.Schema.JsonSchemaSpecTests.SpecTest(type.json - object type matches objects - a float is not an object)" methodname="SpecTest" classname="Newtonsoft.Json.Tests.Schema.JsonSchemaSpecTests" runstate="Runnable" seed="1048152336" result="Passed" start-time="2019-11-12 05:39:22Z" end-time="2019-11-12 05:39:22Z" duration="0.001484" asserts="0">
                    <properties />
                  </test-case>
                  <test-case id="2409" name="SpecTest(type.json - object type matches objects - a string is not an object)" fullname="Newtonsoft.Json.Tests.Schema.JsonSchemaSpecTests.SpecTest(type.json - object type matches objects - a string is not an object)" methodname="SpecTest" classname="Newtonsoft.Json.Tests.Schema.JsonSchemaSpecTests" runstate="Runnable" seed="166696106" result="Passed" start-time="2019-11-12 05:39:22Z" end-time="2019-11-12 05:39:22Z" duration="0.001521" asserts="0">
                    <properties />
                  </test-case>
                  <test-case id="2410" name="SpecTest(type.json - object type matches objects - an object is an object)" fullname="Newtonsoft.Json.Tests.Schema.JsonSchemaSpecTests.SpecTest(type.json - object type matches objects - an object is an object)" methodname="SpecTest" classname="Newtonsoft.Json.Tests.Schema.JsonSchemaSpecTests" runstate="Runnable" seed="1230978985" result="Passed" start-time="2019-11-12 05:39:22Z" end-time="2019-11-12 05:39:22Z" duration="0.000949" asserts="0">
                    <properties />
                  </test-case>
                  <test-case id="2411" name="SpecTest(type.json - object type matches objects - an array is not an object)" fullname="Newtonsoft.Json.Tests.Schema.JsonSchemaSpecTests.SpecTest(type.json - object type matches objects - an array is not an object)" methodname="SpecTest" classname="Newtonsoft.Json.Tests.Schema.JsonSchemaSpecTests" runstate="Runnable" seed="711828177" result="Passed" start-time="2019-11-12 05:39:22Z" end-time="2019-11-12 05:39:22Z" duration="0.000865" asserts="0">
                    <properties />
                  </test-case>
                  <test-case id="2412" name="SpecTest(type.json - object type matches objects - a boolean is not an object)" fullname="Newtonsoft.Json.Tests.Schema.JsonSchemaSpecTests.SpecTest(type.json - object type matches objects - a boolean is not an object)" methodname="SpecTest" classname="Newtonsoft.Json.Tests.Schema.JsonSchemaSpecTests" runstate="Runnable" seed="867497081" result="Passed" start-time="2019-11-12 05:39:22Z" end-time="2019-11-12 05:39:22Z" duration="0.000920" asserts="0">
                    <properties />
                  </test-case>
                  <test-case id="2413" name="SpecTest(type.json - object type matches objects - null is not an object)" fullname="Newtonsoft.Json.Tests.Schema.JsonSchemaSpecTests.SpecTest(type.json - object type matches objects - null is not an object)" methodname="SpecTest" classname="Newtonsoft.Json.Tests.Schema.JsonSchemaSpecTests" runstate="Runnable" seed="604364207" result="Passed" start-time="2019-11-12 05:39:22Z" end-time="2019-11-12 05:39:22Z" duration="0.001340" asserts="0">
                    <properties />
                  </test-case>
                  <test-case id="2414" name="SpecTest(type.json - array type matches arrays - an integer is not an array)" fullname="Newtonsoft.Json.Tests.Schema.JsonSchemaSpecTests.SpecTest(type.json - array type matches arrays - an integer is not an array)" methodname="SpecTest" classname="Newtonsoft.Json.Tests.Schema.JsonSchemaSpecTests" runstate="Runnable" seed="1025241761" result="Passed" start-time="2019-11-12 05:39:22Z" end-time="2019-11-12 05:39:22Z" duration="0.001237" asserts="0">
                    <properties />
                  </test-case>
                  <test-case id="2415" name="SpecTest(type.json - array type matches arrays - a float is not an array)" fullname="Newtonsoft.Json.Tests.Schema.JsonSchemaSpecTests.SpecTest(type.json - array type matches arrays - a float is not an array)" methodname="SpecTest" classname="Newtonsoft.Json.Tests.Schema.JsonSchemaSpecTests" runstate="Runnable" seed="2117007037" result="Passed" start-time="2019-11-12 05:39:22Z" end-time="2019-11-12 05:39:22Z" duration="0.001338" asserts="0">
                    <properties />
                  </test-case>
                  <test-case id="2416" name="SpecTest(type.json - array type matches arrays - a string is not an array)" fullname="Newtonsoft.Json.Tests.Schema.JsonSchemaSpecTests.SpecTest(type.json - array type matches arrays - a string is not an array)" methodname="SpecTest" classname="Newtonsoft.Json.Tests.Schema.JsonSchemaSpecTests" runstate="Runnable" seed="133619677" result="Passed" start-time="2019-11-12 05:39:22Z" end-time="2019-11-12 05:39:22Z" duration="0.001440" asserts="0">
                    <properties />
                  </test-case>
                  <test-case id="2417" name="SpecTest(type.json - array type matches arrays - an object is not an array)" fullname="Newtonsoft.Json.Tests.Schema.JsonSchemaSpecTests.SpecTest(type.json - array type matches arrays - an object is not an array)" methodname="SpecTest" classname="Newtonsoft.Json.Tests.Schema.JsonSchemaSpecTests" runstate="Runnable" seed="239907417" result="Passed" start-time="2019-11-12 05:39:22Z" end-time="2019-11-12 05:39:22Z" duration="0.001991" asserts="0">
                    <properties />
                  </test-case>
                  <test-case id="2418" name="SpecTest(type.json - array type matches arrays - an array is not an array)" fullname="Newtonsoft.Json.Tests.Schema.JsonSchemaSpecTests.SpecTest(type.json - array type matches arrays - an array is not an array)" methodname="SpecTest" classname="Newtonsoft.Json.Tests.Schema.JsonSchemaSpecTests" runstate="Runnable" seed="1556164351" result="Passed" start-time="2019-11-12 05:39:22Z" end-time="2019-11-12 05:39:22Z" duration="0.001297" asserts="0">
                    <properties />
                  </test-case>
                  <test-case id="2419" name="SpecTest(type.json - array type matches arrays - a boolean is not an array)" fullname="Newtonsoft.Json.Tests.Schema.JsonSchemaSpecTests.SpecTest(type.json - array type matches arrays - a boolean is not an array)" methodname="SpecTest" classname="Newtonsoft.Json.Tests.Schema.JsonSchemaSpecTests" runstate="Runnable" seed="2101977476" result="Passed" start-time="2019-11-12 05:39:22Z" end-time="2019-11-12 05:39:22Z" duration="0.000842" asserts="0">
                    <properties />
                  </test-case>
                  <test-case id="2420" name="SpecTest(type.json - array type matches arrays - null is not an array)" fullname="Newtonsoft.Json.Tests.Schema.JsonSchemaSpecTests.SpecTest(type.json - array type matches arrays - null is not an array)" methodname="SpecTest" classname="Newtonsoft.Json.Tests.Schema.JsonSchemaSpecTests" runstate="Runnable" seed="1437873779" result="Passed" start-time="2019-11-12 05:39:22Z" end-time="2019-11-12 05:39:22Z" duration="0.001633" asserts="0">
                    <properties />
                  </test-case>
                  <test-case id="2421" name="SpecTest(type.json - boolean type matches booleans - an integer is not a boolean)" fullname="Newtonsoft.Json.Tests.Schema.JsonSchemaSpecTests.SpecTest(type.json - boolean type matches booleans - an integer is not a boolean)" methodname="SpecTest" classname="Newtonsoft.Json.Tests.Schema.JsonSchemaSpecTests" runstate="Runnable" seed="941246918" result="Passed" start-time="2019-11-12 05:39:22Z" end-time="2019-11-12 05:39:22Z" duration="0.001021" asserts="0">
                    <properties />
                  </test-case>
                  <test-case id="2422" name="SpecTest(type.json - boolean type matches booleans - a float is not a boolean)" fullname="Newtonsoft.Json.Tests.Schema.JsonSchemaSpecTests.SpecTest(type.json - boolean type matches booleans - a float is not a boolean)" methodname="SpecTest" classname="Newtonsoft.Json.Tests.Schema.JsonSchemaSpecTests" runstate="Runnable" seed="1774917491" result="Passed" start-time="2019-11-12 05:39:22Z" end-time="2019-11-12 05:39:22Z" duration="0.001204" asserts="0">
                    <properties />
                  </test-case>
                  <test-case id="2423" name="SpecTest(type.json - boolean type matches booleans - a string is not a boolean)" fullname="Newtonsoft.Json.Tests.Schema.JsonSchemaSpecTests.SpecTest(type.json - boolean type matches booleans - a string is not a boolean)" methodname="SpecTest" classname="Newtonsoft.Json.Tests.Schema.JsonSchemaSpecTests" runstate="Runnable" seed="297818764" result="Passed" start-time="2019-11-12 05:39:22Z" end-time="2019-11-12 05:39:22Z" duration="0.000912" asserts="0">
                    <properties />
                  </test-case>
                  <test-case id="2424" name="SpecTest(type.json - boolean type matches booleans - an object is not a boolean)" fullname="Newtonsoft.Json.Tests.Schema.JsonSchemaSpecTests.SpecTest(type.json - boolean type matches booleans - an object is not a boolean)" methodname="SpecTest" classname="Newtonsoft.Json.Tests.Schema.JsonSchemaSpecTests" runstate="Runnable" seed="1397548500" result="Passed" start-time="2019-11-12 05:39:22Z" end-time="2019-11-12 05:39:22Z" duration="0.001039" asserts="0">
                    <properties />
                  </test-case>
                  <test-case id="2425" name="SpecTest(type.json - boolean type matches booleans - an array is not a boolean)" fullname="Newtonsoft.Json.Tests.Schema.JsonSchemaSpecTests.SpecTest(type.json - boolean type matches booleans - an array is not a boolean)" methodname="SpecTest" classname="Newtonsoft.Json.Tests.Schema.JsonSchemaSpecTests" runstate="Runnable" seed="556789331" result="Passed" start-time="2019-11-12 05:39:22Z" end-time="2019-11-12 05:39:22Z" duration="0.000689" asserts="0">
                    <properties />
                  </test-case>
                  <test-case id="2426" name="SpecTest(type.json - boolean type matches booleans - a boolean is not a boolean)" fullname="Newtonsoft.Json.Tests.Schema.JsonSchemaSpecTests.SpecTest(type.json - boolean type matches booleans - a boolean is not a boolean)" methodname="SpecTest" classname="Newtonsoft.Json.Tests.Schema.JsonSchemaSpecTests" runstate="Runnable" seed="1746067222" result="Passed" start-time="2019-11-12 05:39:22Z" end-time="2019-11-12 05:39:22Z" duration="0.000740" asserts="0">
                    <properties />
                  </test-case>
                  <test-case id="2427" name="SpecTest(type.json - boolean type matches booleans - null is not a boolean)" fullname="Newtonsoft.Json.Tests.Schema.JsonSchemaSpecTests.SpecTest(type.json - boolean type matches booleans - null is not a boolean)" methodname="SpecTest" classname="Newtonsoft.Json.Tests.Schema.JsonSchemaSpecTests" runstate="Runnable" seed="1291285345" result="Passed" start-time="2019-11-12 05:39:22Z" end-time="2019-11-12 05:39:22Z" duration="0.000924" asserts="0">
                    <properties />
                  </test-case>
                  <test-case id="2428" name="SpecTest(type.json - null type matches only the null object - an integer is not null)" fullname="Newtonsoft.Json.Tests.Schema.JsonSchemaSpecTests.SpecTest(type.json - null type matches only the null object - an integer is not null)" methodname="SpecTest" classname="Newtonsoft.Json.Tests.Schema.JsonSchemaSpecTests" runstate="Runnable" seed="2145260915" result="Passed" start-time="2019-11-12 05:39:22Z" end-time="2019-11-12 05:39:22Z" duration="0.000750" asserts="0">
                    <properties />
                  </test-case>
                  <test-case id="2429" name="SpecTest(type.json - null type matches only the null object - a float is not null)" fullname="Newtonsoft.Json.Tests.Schema.JsonSchemaSpecTests.SpecTest(type.json - null type matches only the null object - a float is not null)" methodname="SpecTest" classname="Newtonsoft.Json.Tests.Schema.JsonSchemaSpecTests" runstate="Runnable" seed="246231771" result="Passed" start-time="2019-11-12 05:39:22Z" end-time="2019-11-12 05:39:22Z" duration="0.000678" asserts="0">
                    <properties />
                  </test-case>
                  <test-case id="2430" name="SpecTest(type.json - null type matches only the null object - a string is not null)" fullname="Newtonsoft.Json.Tests.Schema.JsonSchemaSpecTests.SpecTest(type.json - null type matches only the null object - a string is not null)" methodname="SpecTest" classname="Newtonsoft.Json.Tests.Schema.JsonSchemaSpecTests" runstate="Runnable" seed="257536816" result="Passed" start-time="2019-11-12 05:39:22Z" end-time="2019-11-12 05:39:22Z" duration="0.000742" asserts="0">
                    <properties />
                  </test-case>
                  <test-case id="2431" name="SpecTest(type.json - null type matches only the null object - an object is not null)" fullname="Newtonsoft.Json.Tests.Schema.JsonSchemaSpecTests.SpecTest(type.json - null type matches only the null object - an object is not null)" methodname="SpecTest" classname="Newtonsoft.Json.Tests.Schema.JsonSchemaSpecTests" runstate="Runnable" seed="2192266" result="Passed" start-time="2019-11-12 05:39:22Z" end-time="2019-11-12 05:39:22Z" duration="0.000738" asserts="0">
                    <properties />
                  </test-case>
                  <test-case id="2432" name="SpecTest(type.json - null type matches only the null object - an array is not null)" fullname="Newtonsoft.Json.Tests.Schema.JsonSchemaSpecTests.SpecTest(type.json - null type matches only the null object - an array is not null)" methodname="SpecTest" classname="Newtonsoft.Json.Tests.Schema.JsonSchemaSpecTests" runstate="Runnable" seed="1650295383" result="Passed" start-time="2019-11-12 05:39:22Z" end-time="2019-11-12 05:39:22Z" duration="0.000890" asserts="0">
                    <properties />
                  </test-case>
                  <test-case id="2433" name="SpecTest(type.json - null type matches only the null object - a boolean is not null)" fullname="Newtonsoft.Json.Tests.Schema.JsonSchemaSpecTests.SpecTest(type.json - null type matches only the null object - a boolean is not null)" methodname="SpecTest" classname="Newtonsoft.Json.Tests.Schema.JsonSchemaSpecTests" runstate="Runnable" seed="1902007393" result="Passed" start-time="2019-11-12 05:39:22Z" end-time="2019-11-12 05:39:22Z" duration="0.000784" asserts="0">
                    <properties />
                  </test-case>
                  <test-case id="2434" name="SpecTest(type.json - null type matches only the null object - null is null)" fullname="Newtonsoft.Json.Tests.Schema.JsonSchemaSpecTests.SpecTest(type.json - null type matches only the null object - null is null)" methodname="SpecTest" classname="Newtonsoft.Json.Tests.Schema.JsonSchemaSpecTests" runstate="Runnable" seed="2019031871" result="Passed" start-time="2019-11-12 05:39:22Z" end-time="2019-11-12 05:39:22Z" duration="0.001640" asserts="0">
                    <properties />
                  </test-case>
                  <test-case id="2435" name="SpecTest(type.json - any type matches any type - any type includes integers)" fullname="Newtonsoft.Json.Tests.Schema.JsonSchemaSpecTests.SpecTest(type.json - any type matches any type - any type includes integers)" methodname="SpecTest" classname="Newtonsoft.Json.Tests.Schema.JsonSchemaSpecTests" runstate="Runnable" seed="128403196" result="Passed" start-time="2019-11-12 05:39:22Z" end-time="2019-11-12 05:39:22Z" duration="0.001024" asserts="0">
                    <properties />
                  </test-case>
                  <test-case id="2436" name="SpecTest(type.json - any type matches any type - any type includes float)" fullname="Newtonsoft.Json.Tests.Schema.JsonSchemaSpecTests.SpecTest(type.json - any type matches any type - any type includes float)" methodname="SpecTest" classname="Newtonsoft.Json.Tests.Schema.JsonSchemaSpecTests" runstate="Runnable" seed="1554495407" result="Passed" start-time="2019-11-12 05:39:22Z" end-time="2019-11-12 05:39:22Z" duration="0.000876" asserts="0">
                    <properties />
                  </test-case>
                  <test-case id="2437" name="SpecTest(type.json - any type matches any type - any type includes string)" fullname="Newtonsoft.Json.Tests.Schema.JsonSchemaSpecTests.SpecTest(type.json - any type matches any type - any type includes string)" methodname="SpecTest" classname="Newtonsoft.Json.Tests.Schema.JsonSchemaSpecTests" runstate="Runnable" seed="1229620744" result="Passed" start-time="2019-11-12 05:39:22Z" end-time="2019-11-12 05:39:22Z" duration="0.000657" asserts="0">
                    <properties />
                  </test-case>
                  <test-case id="2438" name="SpecTest(type.json - any type matches any type - any type includes object)" fullname="Newtonsoft.Json.Tests.Schema.JsonSchemaSpecTests.SpecTest(type.json - any type matches any type - any type includes object)" methodname="SpecTest" classname="Newtonsoft.Json.Tests.Schema.JsonSchemaSpecTests" runstate="Runnable" seed="434736704" result="Passed" start-time="2019-11-12 05:39:22Z" end-time="2019-11-12 05:39:22Z" duration="0.000684" asserts="0">
                    <properties />
                  </test-case>
                  <test-case id="2439" name="SpecTest(type.json - any type matches any type - any type includes array)" fullname="Newtonsoft.Json.Tests.Schema.JsonSchemaSpecTests.SpecTest(type.json - any type matches any type - any type includes array)" methodname="SpecTest" classname="Newtonsoft.Json.Tests.Schema.JsonSchemaSpecTests" runstate="Runnable" seed="1600329255" result="Passed" start-time="2019-11-12 05:39:22Z" end-time="2019-11-12 05:39:22Z" duration="0.000761" asserts="0">
                    <properties />
                  </test-case>
                  <test-case id="2440" name="SpecTest(type.json - any type matches any type - any type includes boolean)" fullname="Newtonsoft.Json.Tests.Schema.JsonSchemaSpecTests.SpecTest(type.json - any type matches any type - any type includes boolean)" methodname="SpecTest" classname="Newtonsoft.Json.Tests.Schema.JsonSchemaSpecTests" runstate="Runnable" seed="1415553225" result="Passed" start-time="2019-11-12 05:39:22Z" end-time="2019-11-12 05:39:22Z" duration="0.002491" asserts="0">
                    <properties />
                  </test-case>
                  <test-case id="2441" name="SpecTest(type.json - any type matches any type - any type includes null)" fullname="Newtonsoft.Json.Tests.Schema.JsonSchemaSpecTests.SpecTest(type.json - any type matches any type - any type includes null)" methodname="SpecTest" classname="Newtonsoft.Json.Tests.Schema.JsonSchemaSpecTests" runstate="Runnable" seed="2109927348" result="Passed" start-time="2019-11-12 05:39:22Z" end-time="2019-11-12 05:39:22Z" duration="0.001123" asserts="0">
                    <properties />
                  </test-case>
                  <test-case id="2442" name="SpecTest(type.json - multiple types can be specified in an array - an integer is valid)" fullname="Newtonsoft.Json.Tests.Schema.JsonSchemaSpecTests.SpecTest(type.json - multiple types can be specified in an array - an integer is valid)" methodname="SpecTest" classname="Newtonsoft.Json.Tests.Schema.JsonSchemaSpecTests" runstate="Runnable" seed="990147008" result="Passed" start-time="2019-11-12 05:39:22Z" end-time="2019-11-12 05:39:22Z" duration="0.000653" asserts="0">
                    <properties />
                  </test-case>
                  <test-case id="2443" name="SpecTest(type.json - multiple types can be specified in an array - a string is valid)" fullname="Newtonsoft.Json.Tests.Schema.JsonSchemaSpecTests.SpecTest(type.json - multiple types can be specified in an array - a string is valid)" methodname="SpecTest" classname="Newtonsoft.Json.Tests.Schema.JsonSchemaSpecTests" runstate="Runnable" seed="139502035" result="Passed" start-time="2019-11-12 05:39:22Z" end-time="2019-11-12 05:39:22Z" duration="0.000640" asserts="0">
                    <properties />
                  </test-case>
                  <test-case id="2444" name="SpecTest(type.json - multiple types can be specified in an array - a float is invalid)" fullname="Newtonsoft.Json.Tests.Schema.JsonSchemaSpecTests.SpecTest(type.json - multiple types can be specified in an array - a float is invalid)" methodname="SpecTest" classname="Newtonsoft.Json.Tests.Schema.JsonSchemaSpecTests" runstate="Runnable" seed="1436526925" result="Passed" start-time="2019-11-12 05:39:22Z" end-time="2019-11-12 05:39:22Z" duration="0.000629" asserts="0">
                    <properties />
                  </test-case>
                  <test-case id="2445" name="SpecTest(type.json - multiple types can be specified in an array - an object is invalid)" fullname="Newtonsoft.Json.Tests.Schema.JsonSchemaSpecTests.SpecTest(type.json - multiple types can be specified in an array - an object is invalid)" methodname="SpecTest" classname="Newtonsoft.Json.Tests.Schema.JsonSchemaSpecTests" runstate="Runnable" seed="1029337783" result="Passed" start-time="2019-11-12 05:39:22Z" end-time="2019-11-12 05:39:22Z" duration="0.000707" asserts="0">
                    <properties />
                  </test-case>
                  <test-case id="2446" name="SpecTest(type.json - multiple types can be specified in an array - an array is invalid)" fullname="Newtonsoft.Json.Tests.Schema.JsonSchemaSpecTests.SpecTest(type.json - multiple types can be specified in an array - an array is invalid)" methodname="SpecTest" classname="Newtonsoft.Json.Tests.Schema.JsonSchemaSpecTests" runstate="Runnable" seed="646074118" result="Passed" start-time="2019-11-12 05:39:22Z" end-time="2019-11-12 05:39:22Z" duration="0.000830" asserts="0">
                    <properties />
                  </test-case>
                  <test-case id="2447" name="SpecTest(type.json - multiple types can be specified in an array - a boolean is invalid)" fullname="Newtonsoft.Json.Tests.Schema.JsonSchemaSpecTests.SpecTest(type.json - multiple types can be specified in an array - a boolean is invalid)" methodname="SpecTest" classname="Newtonsoft.Json.Tests.Schema.JsonSchemaSpecTests" runstate="Runnable" seed="568350430" result="Passed" start-time="2019-11-12 05:39:22Z" end-time="2019-11-12 05:39:22Z" duration="0.001291" asserts="0">
                    <properties />
                  </test-case>
                  <test-case id="2448" name="SpecTest(type.json - multiple types can be specified in an array - null is invalid)" fullname="Newtonsoft.Json.Tests.Schema.JsonSchemaSpecTests.SpecTest(type.json - multiple types can be specified in an array - null is invalid)" methodname="SpecTest" classname="Newtonsoft.Json.Tests.Schema.JsonSchemaSpecTests" runstate="Runnable" seed="450461040" result="Passed" start-time="2019-11-12 05:39:22Z" end-time="2019-11-12 05:39:22Z" duration="0.000548" asserts="0">
                    <properties />
                  </test-case>
                  <test-case id="2449" name="SpecTest(uniqueItems.json - uniqueItems validation - unique array of integers is valid)" fullname="Newtonsoft.Json.Tests.Schema.JsonSchemaSpecTests.SpecTest(uniqueItems.json - uniqueItems validation - unique array of integers is valid)" methodname="SpecTest" classname="Newtonsoft.Json.Tests.Schema.JsonSchemaSpecTests" runstate="Runnable" seed="552270169" result="Passed" start-time="2019-11-12 05:39:22Z" end-time="2019-11-12 05:39:22Z" duration="0.000620" asserts="0">
                    <properties />
                  </test-case>
                  <test-case id="2450" name="SpecTest(uniqueItems.json - uniqueItems validation - non-unique array of integers is invalid)" fullname="Newtonsoft.Json.Tests.Schema.JsonSchemaSpecTests.SpecTest(uniqueItems.json - uniqueItems validation - non-unique array of integers is invalid)" methodname="SpecTest" classname="Newtonsoft.Json.Tests.Schema.JsonSchemaSpecTests" runstate="Runnable" seed="920530180" result="Passed" start-time="2019-11-12 05:39:22Z" end-time="2019-11-12 05:39:22Z" duration="0.000551" asserts="0">
                    <properties />
                  </test-case>
                  <test-case id="2451" name="SpecTest(uniqueItems.json - uniqueItems validation - numbers are unique if mathematically unequal)" fullname="Newtonsoft.Json.Tests.Schema.JsonSchemaSpecTests.SpecTest(uniqueItems.json - uniqueItems validation - numbers are unique if mathematically unequal)" methodname="SpecTest" classname="Newtonsoft.Json.Tests.Schema.JsonSchemaSpecTests" runstate="Runnable" seed="1443780952" result="Passed" start-time="2019-11-12 05:39:22Z" end-time="2019-11-12 05:39:22Z" duration="0.000622" asserts="0">
                    <properties />
                  </test-case>
                  <test-case id="2452" name="SpecTest(uniqueItems.json - uniqueItems validation - unique array of objects is valid)" fullname="Newtonsoft.Json.Tests.Schema.JsonSchemaSpecTests.SpecTest(uniqueItems.json - uniqueItems validation - unique array of objects is valid)" methodname="SpecTest" classname="Newtonsoft.Json.Tests.Schema.JsonSchemaSpecTests" runstate="Runnable" seed="1519633360" result="Passed" start-time="2019-11-12 05:39:22Z" end-time="2019-11-12 05:39:22Z" duration="0.000563" asserts="0">
                    <properties />
                  </test-case>
                  <test-case id="2453" name="SpecTest(uniqueItems.json - uniqueItems validation - non-unique array of objects is invalid)" fullname="Newtonsoft.Json.Tests.Schema.JsonSchemaSpecTests.SpecTest(uniqueItems.json - uniqueItems validation - non-unique array of objects is invalid)" methodname="SpecTest" classname="Newtonsoft.Json.Tests.Schema.JsonSchemaSpecTests" runstate="Runnable" seed="1544058726" result="Passed" start-time="2019-11-12 05:39:22Z" end-time="2019-11-12 05:39:22Z" duration="0.000633" asserts="0">
                    <properties />
                  </test-case>
                  <test-case id="2454" name="SpecTest(uniqueItems.json - uniqueItems validation - unique array of nested objects is valid)" fullname="Newtonsoft.Json.Tests.Schema.JsonSchemaSpecTests.SpecTest(uniqueItems.json - uniqueItems validation - unique array of nested objects is valid)" methodname="SpecTest" classname="Newtonsoft.Json.Tests.Schema.JsonSchemaSpecTests" runstate="Runnable" seed="1563529975" result="Passed" start-time="2019-11-12 05:39:22Z" end-time="2019-11-12 05:39:22Z" duration="0.001030" asserts="0">
                    <properties />
                  </test-case>
                  <test-case id="2455" name="SpecTest(uniqueItems.json - uniqueItems validation - non-unique array of nested objects is invalid)" fullname="Newtonsoft.Json.Tests.Schema.JsonSchemaSpecTests.SpecTest(uniqueItems.json - uniqueItems validation - non-unique array of nested objects is invalid)" methodname="SpecTest" classname="Newtonsoft.Json.Tests.Schema.JsonSchemaSpecTests" runstate="Runnable" seed="268858281" result="Passed" start-time="2019-11-12 05:39:22Z" end-time="2019-11-12 05:39:22Z" duration="0.001391" asserts="0">
                    <properties />
                  </test-case>
                  <test-case id="2456" name="SpecTest(uniqueItems.json - uniqueItems validation - unique array of arrays is valid)" fullname="Newtonsoft.Json.Tests.Schema.JsonSchemaSpecTests.SpecTest(uniqueItems.json - uniqueItems validation - unique array of arrays is valid)" methodname="SpecTest" classname="Newtonsoft.Json.Tests.Schema.JsonSchemaSpecTests" runstate="Runnable" seed="462746339" result="Passed" start-time="2019-11-12 05:39:22Z" end-time="2019-11-12 05:39:22Z" duration="0.000815" asserts="0">
                    <properties />
                  </test-case>
                  <test-case id="2457" name="SpecTest(uniqueItems.json - uniqueItems validation - non-unique array of arrays is invalid)" fullname="Newtonsoft.Json.Tests.Schema.JsonSchemaSpecTests.SpecTest(uniqueItems.json - uniqueItems validation - non-unique array of arrays is invalid)" methodname="SpecTest" classname="Newtonsoft.Json.Tests.Schema.JsonSchemaSpecTests" runstate="Runnable" seed="1806300489" result="Passed" start-time="2019-11-12 05:39:22Z" end-time="2019-11-12 05:39:22Z" duration="0.000727" asserts="0">
                    <properties />
                  </test-case>
                  <test-case id="2458" name="SpecTest(uniqueItems.json - uniqueItems validation - 1 and true are unique)" fullname="Newtonsoft.Json.Tests.Schema.JsonSchemaSpecTests.SpecTest(uniqueItems.json - uniqueItems validation - 1 and true are unique)" methodname="SpecTest" classname="Newtonsoft.Json.Tests.Schema.JsonSchemaSpecTests" runstate="Runnable" seed="210056766" result="Passed" start-time="2019-11-12 05:39:22Z" end-time="2019-11-12 05:39:22Z" duration="0.000662" asserts="0">
                    <properties />
                  </test-case>
                  <test-case id="2459" name="SpecTest(uniqueItems.json - uniqueItems validation - 0 and false are unique)" fullname="Newtonsoft.Json.Tests.Schema.JsonSchemaSpecTests.SpecTest(uniqueItems.json - uniqueItems validation - 0 and false are unique)" methodname="SpecTest" classname="Newtonsoft.Json.Tests.Schema.JsonSchemaSpecTests" runstate="Runnable" seed="1349484625" result="Passed" start-time="2019-11-12 05:39:22Z" end-time="2019-11-12 05:39:22Z" duration="0.000532" asserts="0">
                    <properties />
                  </test-case>
                  <test-case id="2460" name="SpecTest(uniqueItems.json - uniqueItems validation - unique heterogeneous types are valid)" fullname="Newtonsoft.Json.Tests.Schema.JsonSchemaSpecTests.SpecTest(uniqueItems.json - uniqueItems validation - unique heterogeneous types are valid)" methodname="SpecTest" classname="Newtonsoft.Json.Tests.Schema.JsonSchemaSpecTests" runstate="Runnable" seed="1596587806" result="Passed" start-time="2019-11-12 05:39:22Z" end-time="2019-11-12 05:39:22Z" duration="0.000565" asserts="0">
                    <properties />
                  </test-case>
                  <test-case id="2461" name="SpecTest(uniqueItems.json - uniqueItems validation - non-unique heterogeneous types are invalid)" fullname="Newtonsoft.Json.Tests.Schema.JsonSchemaSpecTests.SpecTest(uniqueItems.json - uniqueItems validation - non-unique heterogeneous types are invalid)" methodname="SpecTest" classname="Newtonsoft.Json.Tests.Schema.JsonSchemaSpecTests" runstate="Runnable" seed="1363313635" result="Passed" start-time="2019-11-12 05:39:22Z" end-time="2019-11-12 05:39:22Z" duration="0.001204" asserts="0">
                    <properties />
                  </test-case>
                </test-suite>
              </test-suite>
              <test-suite type="TestFixture" id="2463" name="JsonSchemaTests" fullname="Newtonsoft.Json.Tests.Schema.JsonSchemaTests" classname="Newtonsoft.Json.Tests.Schema.JsonSchemaTests" runstate="Runnable" testcasecount="16" result="Passed" start-time="2019-11-12 05:39:23Z" end-time="2019-11-12 05:39:23Z" duration="0.048020" total="16" passed="16" failed="0" inconclusive="0" skipped="0" asserts="0">
                <properties />
                <test-case id="2464" name="Extends" fullname="Newtonsoft.Json.Tests.Schema.JsonSchemaTests.Extends" methodname="Extends" classname="Newtonsoft.Json.Tests.Schema.JsonSchemaTests" runstate="Runnable" seed="1134469448" result="Passed" start-time="2019-11-12 05:39:23Z" end-time="2019-11-12 05:39:23Z" duration="0.001744" asserts="0">
                  <properties />
                </test-case>
                <test-case id="2465" name="Extends_Multiple" fullname="Newtonsoft.Json.Tests.Schema.JsonSchemaTests.Extends_Multiple" methodname="Extends_Multiple" classname="Newtonsoft.Json.Tests.Schema.JsonSchemaTests" runstate="Runnable" seed="1999046958" result="Passed" start-time="2019-11-12 05:39:23Z" end-time="2019-11-12 05:39:23Z" duration="0.001684" asserts="0">
                  <properties />
                </test-case>
                <test-case id="2479" name="IntegerValidatesAgainstFloatFlags" fullname="Newtonsoft.Json.Tests.Schema.JsonSchemaTests.IntegerValidatesAgainstFloatFlags" methodname="IntegerValidatesAgainstFloatFlags" classname="Newtonsoft.Json.Tests.Schema.JsonSchemaTests" runstate="Runnable" seed="474849840" result="Passed" start-time="2019-11-12 05:39:23Z" end-time="2019-11-12 05:39:23Z" duration="0.001030" asserts="0">
                  <properties />
                </test-case>
                <test-case id="2475" name="ToString_AdditionalItems" fullname="Newtonsoft.Json.Tests.Schema.JsonSchemaTests.ToString_AdditionalItems" methodname="ToString_AdditionalItems" classname="Newtonsoft.Json.Tests.Schema.JsonSchemaTests" runstate="Runnable" seed="1593515911" result="Passed" start-time="2019-11-12 05:39:23Z" end-time="2019-11-12 05:39:23Z" duration="0.000592" asserts="0">
                  <properties />
                </test-case>
                <test-case id="2466" name="WriteTo_AdditionalProperties" fullname="Newtonsoft.Json.Tests.Schema.JsonSchemaTests.WriteTo_AdditionalProperties" methodname="WriteTo_AdditionalProperties" classname="Newtonsoft.Json.Tests.Schema.JsonSchemaTests" runstate="Runnable" seed="123240019" result="Passed" start-time="2019-11-12 05:39:23Z" end-time="2019-11-12 05:39:23Z" duration="0.000859" asserts="0">
                  <properties />
                </test-case>
                <test-case id="2469" name="WriteTo_CircularReference" fullname="Newtonsoft.Json.Tests.Schema.JsonSchemaTests.WriteTo_CircularReference" methodname="WriteTo_CircularReference" classname="Newtonsoft.Json.Tests.Schema.JsonSchemaTests" runstate="Runnable" seed="992852706" result="Passed" start-time="2019-11-12 05:39:23Z" end-time="2019-11-12 05:39:23Z" duration="0.000939" asserts="0">
                  <properties />
                </test-case>
                <test-case id="2470" name="WriteTo_DisallowMultiple" fullname="Newtonsoft.Json.Tests.Schema.JsonSchemaTests.WriteTo_DisallowMultiple" methodname="WriteTo_DisallowMultiple" classname="Newtonsoft.Json.Tests.Schema.JsonSchemaTests" runstate="Runnable" seed="79457562" result="Passed" start-time="2019-11-12 05:39:23Z" end-time="2019-11-12 05:39:23Z" duration="0.001014" asserts="0">
                  <properties />
                </test-case>
                <test-case id="2471" name="WriteTo_DisallowSingle" fullname="Newtonsoft.Json.Tests.Schema.JsonSchemaTests.WriteTo_DisallowSingle" methodname="WriteTo_DisallowSingle" classname="Newtonsoft.Json.Tests.Schema.JsonSchemaTests" runstate="Runnable" seed="798183042" result="Passed" start-time="2019-11-12 05:39:23Z" end-time="2019-11-12 05:39:23Z" duration="0.000858" asserts="0">
                  <properties />
                </test-case>
                <test-case id="2468" name="WriteTo_Enum" fullname="Newtonsoft.Json.Tests.Schema.JsonSchemaTests.WriteTo_Enum" methodname="WriteTo_Enum" classname="Newtonsoft.Json.Tests.Schema.JsonSchemaTests" runstate="Runnable" seed="1618136590" result="Passed" start-time="2019-11-12 05:39:23Z" end-time="2019-11-12 05:39:23Z" duration="0.000991" asserts="0">
                  <properties />
                </test-case>
                <test-case id="2473" name="WriteTo_ExclusiveMinimum_ExclusiveMaximum" fullname="Newtonsoft.Json.Tests.Schema.JsonSchemaTests.WriteTo_ExclusiveMinimum_ExclusiveMaximum" methodname="WriteTo_ExclusiveMinimum_ExclusiveMaximum" classname="Newtonsoft.Json.Tests.Schema.JsonSchemaTests" runstate="Runnable" seed="326924378" result="Passed" start-time="2019-11-12 05:39:23Z" end-time="2019-11-12 05:39:23Z" duration="0.000720" asserts="0">
                  <properties />
                </test-case>
                <test-case id="2472" name="WriteTo_MultipleItems" fullname="Newtonsoft.Json.Tests.Schema.JsonSchemaTests.WriteTo_MultipleItems" methodname="WriteTo_MultipleItems" classname="Newtonsoft.Json.Tests.Schema.JsonSchemaTests" runstate="Runnable" seed="521949566" result="Passed" start-time="2019-11-12 05:39:23Z" end-time="2019-11-12 05:39:23Z" duration="0.000703" asserts="0">
                  <properties />
                </test-case>
                <test-case id="2474" name="WriteTo_PatternProperties" fullname="Newtonsoft.Json.Tests.Schema.JsonSchemaTests.WriteTo_PatternProperties" methodname="WriteTo_PatternProperties" classname="Newtonsoft.Json.Tests.Schema.JsonSchemaTests" runstate="Runnable" seed="550510107" result="Passed" start-time="2019-11-12 05:39:23Z" end-time="2019-11-12 05:39:23Z" duration="0.000763" asserts="0">
                  <properties />
                </test-case>
                <test-case id="2478" name="WriteTo_PositionalItemsValidation_FalseWithItemsSchema" fullname="Newtonsoft.Json.Tests.Schema.JsonSchemaTests.WriteTo_PositionalItemsValidation_FalseWithItemsSchema" methodname="WriteTo_PositionalItemsValidation_FalseWithItemsSchema" classname="Newtonsoft.Json.Tests.Schema.JsonSchemaTests" runstate="Runnable" seed="462981964" result="Passed" start-time="2019-11-12 05:39:23Z" end-time="2019-11-12 05:39:23Z" duration="0.000803" asserts="0">
                  <properties />
                </test-case>
                <test-case id="2476" name="WriteTo_PositionalItemsValidation_True" fullname="Newtonsoft.Json.Tests.Schema.JsonSchemaTests.WriteTo_PositionalItemsValidation_True" methodname="WriteTo_PositionalItemsValidation_True" classname="Newtonsoft.Json.Tests.Schema.JsonSchemaTests" runstate="Runnable" seed="824235954" result="Passed" start-time="2019-11-12 05:39:23Z" end-time="2019-11-12 05:39:23Z" duration="0.000682" asserts="0">
                  <properties />
                </test-case>
                <test-case id="2477" name="WriteTo_PositionalItemsValidation_TrueWithItemsSchema" fullname="Newtonsoft.Json.Tests.Schema.JsonSchemaTests.WriteTo_PositionalItemsValidation_TrueWithItemsSchema" methodname="WriteTo_PositionalItemsValidation_TrueWithItemsSchema" classname="Newtonsoft.Json.Tests.Schema.JsonSchemaTests" runstate="Runnable" seed="936971563" result="Passed" start-time="2019-11-12 05:39:23Z" end-time="2019-11-12 05:39:23Z" duration="0.000707" asserts="0">
                  <properties />
                </test-case>
                <test-case id="2467" name="WriteTo_Properties" fullname="Newtonsoft.Json.Tests.Schema.JsonSchemaTests.WriteTo_Properties" methodname="WriteTo_Properties" classname="Newtonsoft.Json.Tests.Schema.JsonSchemaTests" runstate="Runnable" seed="1371824905" result="Passed" start-time="2019-11-12 05:39:23Z" end-time="2019-11-12 05:39:23Z" duration="0.000897" asserts="0">
                  <properties />
                </test-case>
              </test-suite>
              <test-suite type="TestFixture" id="2480" name="PerformanceTests" fullname="Newtonsoft.Json.Tests.Schema.PerformanceTests" classname="Newtonsoft.Json.Tests.Schema.PerformanceTests" runstate="Runnable" testcasecount="1" result="Passed" start-time="2019-11-12 05:39:24Z" end-time="2019-11-12 05:39:28Z" duration="4.388435" total="1" passed="1" failed="0" inconclusive="0" skipped="0" asserts="0">
                <properties />
                <test-case id="2481" name="ReaderPerformance" fullname="Newtonsoft.Json.Tests.Schema.PerformanceTests.ReaderPerformance" methodname="ReaderPerformance" classname="Newtonsoft.Json.Tests.Schema.PerformanceTests" runstate="Runnable" seed="2082952645" result="Passed" start-time="2019-11-12 05:39:24Z" end-time="2019-11-12 05:39:28Z" duration="4.380761" asserts="0">
                  <properties />
                </test-case>
              </test-suite>
            </test-suite>
            <test-suite type="TestSuite" id="4111" name="Serialization" fullname="Newtonsoft.Json.Tests.Serialization" runstate="Runnable" testcasecount="841" result="Failed" site="Child" start-time="2019-11-12 05:39:29Z" end-time="2019-11-12 05:39:39Z" duration="10.252048" total="841" passed="839" failed="2" inconclusive="0" skipped="0" asserts="0">
              <properties />
              <failure>
                <message><![CDATA[One or more child tests had errors]]></message>
              </failure>
              <test-suite type="TestFixture" id="1317" name="CamelCaseNamingStrategyTests" fullname="Newtonsoft.Json.Tests.Serialization.CamelCaseNamingStrategyTests" classname="Newtonsoft.Json.Tests.Serialization.CamelCaseNamingStrategyTests" runstate="Runnable" testcasecount="9" result="Passed" start-time="2019-11-12 05:39:29Z" end-time="2019-11-12 05:39:29Z" duration="0.087690" total="9" passed="9" failed="0" inconclusive="0" skipped="0" asserts="0">
                <properties />
                <test-case id="1320" name="BlogPostExample" fullname="Newtonsoft.Json.Tests.Serialization.CamelCaseNamingStrategyTests.BlogPostExample" methodname="BlogPostExample" classname="Newtonsoft.Json.Tests.Serialization.CamelCaseNamingStrategyTests" runstate="Runnable" seed="1162402897" result="Passed" start-time="2019-11-12 05:39:29Z" end-time="2019-11-12 05:39:29Z" duration="0.009273" asserts="0">
                  <properties />
                </test-case>
                <test-case id="1322" name="DictionaryCamelCasePropertyNames_Disabled" fullname="Newtonsoft.Json.Tests.Serialization.CamelCaseNamingStrategyTests.DictionaryCamelCasePropertyNames_Disabled" methodname="DictionaryCamelCasePropertyNames_Disabled" classname="Newtonsoft.Json.Tests.Serialization.CamelCaseNamingStrategyTests" runstate="Runnable" seed="1351364345" result="Passed" start-time="2019-11-12 05:39:29Z" end-time="2019-11-12 05:39:29Z" duration="0.004568" asserts="0">
                  <properties />
                </test-case>
                <test-case id="1323" name="DictionaryCamelCasePropertyNames_Enabled" fullname="Newtonsoft.Json.Tests.Serialization.CamelCaseNamingStrategyTests.DictionaryCamelCasePropertyNames_Enabled" methodname="DictionaryCamelCasePropertyNames_Enabled" classname="Newtonsoft.Json.Tests.Serialization.CamelCaseNamingStrategyTests" runstate="Runnable" seed="567897025" result="Passed" start-time="2019-11-12 05:39:29Z" end-time="2019-11-12 05:39:29Z" duration="0.004484" asserts="0">
                  <properties />
                </test-case>
                <test-case id="1321" name="DynamicCamelCasePropertyNames" fullname="Newtonsoft.Json.Tests.Serialization.CamelCaseNamingStrategyTests.DynamicCamelCasePropertyNames" methodname="DynamicCamelCasePropertyNames" classname="Newtonsoft.Json.Tests.Serialization.CamelCaseNamingStrategyTests" runstate="Runnable" seed="1588865368" result="Passed" start-time="2019-11-12 05:39:29Z" end-time="2019-11-12 05:39:29Z" duration="0.030585" asserts="0">
                  <properties />
                </test-case>
                <test-case id="1318" name="JsonConvertSerializerSettings" fullname="Newtonsoft.Json.Tests.Serialization.CamelCaseNamingStrategyTests.JsonConvertSerializerSettings" methodname="JsonConvertSerializerSettings" classname="Newtonsoft.Json.Tests.Serialization.CamelCaseNamingStrategyTests" runstate="Runnable" seed="791723106" result="Passed" start-time="2019-11-12 05:39:29Z" end-time="2019-11-12 05:39:29Z" duration="0.007090" asserts="0">
                  <properties />
                </test-case>
                <test-case id="1326" name="JsonDictionaryAttribute_NamingStrategyType" fullname="Newtonsoft.Json.Tests.Serialization.CamelCaseNamingStrategyTests.JsonDictionaryAttribute_NamingStrategyType" methodname="JsonDictionaryAttribute_NamingStrategyType" classname="Newtonsoft.Json.Tests.Serialization.CamelCaseNamingStrategyTests" runstate="Runnable" seed="1274688971" result="Passed" start-time="2019-11-12 05:39:29Z" end-time="2019-11-12 05:39:29Z" duration="0.003127" asserts="0">
                  <properties />
                </test-case>
                <test-case id="1325" name="JsonObjectAttribute_NamingStrategyType" fullname="Newtonsoft.Json.Tests.Serialization.CamelCaseNamingStrategyTests.JsonObjectAttribute_NamingStrategyType" methodname="JsonObjectAttribute_NamingStrategyType" classname="Newtonsoft.Json.Tests.Serialization.CamelCaseNamingStrategyTests" runstate="Runnable" seed="501850604" result="Passed" start-time="2019-11-12 05:39:29Z" end-time="2019-11-12 05:39:29Z" duration="0.002647" asserts="0">
                  <properties />
                </test-case>
                <test-case id="1324" name="JsonPropertyAttribute_NamingStrategyType" fullname="Newtonsoft.Json.Tests.Serialization.CamelCaseNamingStrategyTests.JsonPropertyAttribute_NamingStrategyType" methodname="JsonPropertyAttribute_NamingStrategyType" classname="Newtonsoft.Json.Tests.Serialization.CamelCaseNamingStrategyTests" runstate="Runnable" seed="1956477922" result="Passed" start-time="2019-11-12 05:39:29Z" end-time="2019-11-12 05:39:29Z" duration="0.002158" asserts="0">
                  <properties />
                </test-case>
                <test-case id="1319" name="JTokenWriter_OverrideSpecifiedName" fullname="Newtonsoft.Json.Tests.Serialization.CamelCaseNamingStrategyTests.JTokenWriter_OverrideSpecifiedName" methodname="JTokenWriter_OverrideSpecifiedName" classname="Newtonsoft.Json.Tests.Serialization.CamelCaseNamingStrategyTests" runstate="Runnable" seed="1059372256" result="Passed" start-time="2019-11-12 05:39:29Z" end-time="2019-11-12 05:39:29Z" duration="0.002959" asserts="0">
                  <properties />
                </test-case>
              </test-suite>
              <test-suite type="TestFixture" id="1327" name="CamelCasePropertyNamesContractResolverTests" fullname="Newtonsoft.Json.Tests.Serialization.CamelCasePropertyNamesContractResolverTests" classname="Newtonsoft.Json.Tests.Serialization.CamelCasePropertyNamesContractResolverTests" runstate="Runnable" testcasecount="7" result="Passed" start-time="2019-11-12 05:39:29Z" end-time="2019-11-12 05:39:29Z" duration="0.045570" total="7" passed="7" failed="0" inconclusive="0" skipped="0" asserts="0">
                <properties />
                <test-case id="1332" name="BlogPostExample" fullname="Newtonsoft.Json.Tests.Serialization.CamelCasePropertyNamesContractResolverTests.BlogPostExample" methodname="BlogPostExample" classname="Newtonsoft.Json.Tests.Serialization.CamelCasePropertyNamesContractResolverTests" runstate="Runnable" seed="1319293549" result="Passed" start-time="2019-11-12 05:39:29Z" end-time="2019-11-12 05:39:29Z" duration="0.000988" asserts="0">
                  <properties />
                </test-case>
                <test-case id="1334" name="DictionaryCamelCasePropertyNames" fullname="Newtonsoft.Json.Tests.Serialization.CamelCasePropertyNamesContractResolverTests.DictionaryCamelCasePropertyNames" methodname="DictionaryCamelCasePropertyNames" classname="Newtonsoft.Json.Tests.Serialization.CamelCasePropertyNamesContractResolverTests" runstate="Runnable" seed="1478546553" result="Passed" start-time="2019-11-12 05:39:29Z" end-time="2019-11-12 05:39:29Z" duration="0.002497" asserts="0">
                  <properties />
                </test-case>
                <test-case id="1333" name="DynamicCamelCasePropertyNames" fullname="Newtonsoft.Json.Tests.Serialization.CamelCasePropertyNamesContractResolverTests.DynamicCamelCasePropertyNames" methodname="DynamicCamelCasePropertyNames" classname="Newtonsoft.Json.Tests.Serialization.CamelCasePropertyNamesContractResolverTests" runstate="Runnable" seed="1257078954" result="Passed" start-time="2019-11-12 05:39:29Z" end-time="2019-11-12 05:39:29Z" duration="0.016288" asserts="0">
                  <properties />
                </test-case>
                <test-case id="1328" name="EnsureContractsShared" fullname="Newtonsoft.Json.Tests.Serialization.CamelCasePropertyNamesContractResolverTests.EnsureContractsShared" methodname="EnsureContractsShared" classname="Newtonsoft.Json.Tests.Serialization.CamelCasePropertyNamesContractResolverTests" runstate="Runnable" seed="1414151098" result="Passed" start-time="2019-11-12 05:39:29Z" end-time="2019-11-12 05:39:29Z" duration="0.001912" asserts="0">
                  <properties />
                </test-case>
                <test-case id="1329" name="JsonConvertSerializerSettings" fullname="Newtonsoft.Json.Tests.Serialization.CamelCasePropertyNamesContractResolverTests.JsonConvertSerializerSettings" methodname="JsonConvertSerializerSettings" classname="Newtonsoft.Json.Tests.Serialization.CamelCasePropertyNamesContractResolverTests" runstate="Runnable" seed="335651805" result="Passed" start-time="2019-11-12 05:39:29Z" end-time="2019-11-12 05:39:29Z" duration="0.001733" asserts="0">
                  <properties />
                </test-case>
                <test-case id="1330" name="JTokenWriter" fullname="Newtonsoft.Json.Tests.Serialization.CamelCasePropertyNamesContractResolverTests.JTokenWriter" methodname="JTokenWriter" classname="Newtonsoft.Json.Tests.Serialization.CamelCasePropertyNamesContractResolverTests" runstate="Runnable" seed="45566926" result="Passed" start-time="2019-11-12 05:39:29Z" end-time="2019-11-12 05:39:29Z" duration="0.002264" asserts="0">
                  <properties />
                </test-case>
                <test-case id="1331" name="MemberSearchFlags" fullname="Newtonsoft.Json.Tests.Serialization.CamelCasePropertyNamesContractResolverTests.MemberSearchFlags" methodname="MemberSearchFlags" classname="Newtonsoft.Json.Tests.Serialization.CamelCasePropertyNamesContractResolverTests" runstate="Runnable" seed="1502561331" result="Passed" start-time="2019-11-12 05:39:29Z" end-time="2019-11-12 05:39:29Z" duration="0.002992" asserts="0">
                  <properties />
                </test-case>
              </test-suite>
              <test-suite type="TestFixture" id="1335" name="ConstructorHandlingTests" fullname="Newtonsoft.Json.Tests.Serialization.ConstructorHandlingTests" classname="Newtonsoft.Json.Tests.Serialization.ConstructorHandlingTests" runstate="Runnable" testcasecount="13" result="Passed" start-time="2019-11-12 05:39:29Z" end-time="2019-11-12 05:39:29Z" duration="0.059434" total="13" passed="13" failed="0" inconclusive="0" skipped="0" asserts="0">
                <properties />
                <test-case id="1348" name="ConstructorParametersRespectDefaultValueTest" fullname="Newtonsoft.Json.Tests.Serialization.ConstructorHandlingTests.ConstructorParametersRespectDefaultValueTest" methodname="ConstructorParametersRespectDefaultValueTest" classname="Newtonsoft.Json.Tests.Serialization.ConstructorHandlingTests" runstate="Runnable" seed="415154937" result="Passed" start-time="2019-11-12 05:39:29Z" end-time="2019-11-12 05:39:29Z" duration="0.006161" asserts="0">
                  <properties />
                </test-case>
                <test-case id="1347" name="ConstructorParametersRespectDefaultValueTest_Attrbutes" fullname="Newtonsoft.Json.Tests.Serialization.ConstructorHandlingTests.ConstructorParametersRespectDefaultValueTest_Attrbutes" methodname="ConstructorParametersRespectDefaultValueTest_Attrbutes" classname="Newtonsoft.Json.Tests.Serialization.ConstructorHandlingTests" runstate="Runnable" seed="1926504069" result="Passed" start-time="2019-11-12 05:39:29Z" end-time="2019-11-12 05:39:29Z" duration="0.003526" asserts="0">
                  <properties />
                </test-case>
                <test-case id="1338" name="FailWithPrivateConstructorPlusParameterizedAndDefault" fullname="Newtonsoft.Json.Tests.Serialization.ConstructorHandlingTests.FailWithPrivateConstructorPlusParameterizedAndDefault" methodname="FailWithPrivateConstructorPlusParameterizedAndDefault" classname="Newtonsoft.Json.Tests.Serialization.ConstructorHandlingTests" runstate="Runnable" seed="2047574570" result="Passed" start-time="2019-11-12 05:39:29Z" end-time="2019-11-12 05:39:29Z" duration="0.002362" asserts="0">
                  <properties />
                </test-case>
                <test-case id="1346" name="PublicParameterizedConstructorWithPropertyNameConflictWithAttribute" fullname="Newtonsoft.Json.Tests.Serialization.ConstructorHandlingTests.PublicParameterizedConstructorWithPropertyNameConflictWithAttribute" methodname="PublicParameterizedConstructorWithPropertyNameConflictWithAttribute" classname="Newtonsoft.Json.Tests.Serialization.ConstructorHandlingTests" runstate="Runnable" seed="559953814" result="Passed" start-time="2019-11-12 05:39:29Z" end-time="2019-11-12 05:39:29Z" duration="0.001919" asserts="0">
                  <properties />
                </test-case>
                <test-case id="1337" name="SuccessWithPrivateConstructorAndAllowNonPublic" fullname="Newtonsoft.Json.Tests.Serialization.ConstructorHandlingTests.SuccessWithPrivateConstructorAndAllowNonPublic" methodname="SuccessWithPrivateConstructorAndAllowNonPublic" classname="Newtonsoft.Json.Tests.Serialization.ConstructorHandlingTests" runstate="Runnable" seed="1113399901" result="Passed" start-time="2019-11-12 05:39:29Z" end-time="2019-11-12 05:39:29Z" duration="0.001960" asserts="0">
                  <properties />
                </test-case>
                <test-case id="1339" name="SuccessWithPrivateConstructorPlusParameterizedAndAllowNonPublic" fullname="Newtonsoft.Json.Tests.Serialization.ConstructorHandlingTests.SuccessWithPrivateConstructorPlusParameterizedAndAllowNonPublic" methodname="SuccessWithPrivateConstructorPlusParameterizedAndAllowNonPublic" classname="Newtonsoft.Json.Tests.Serialization.ConstructorHandlingTests" runstate="Runnable" seed="187930878" result="Passed" start-time="2019-11-12 05:39:29Z" end-time="2019-11-12 05:39:29Z" duration="0.001123" asserts="0">
                  <properties />
                </test-case>
                <test-case id="1340" name="SuccessWithPublicParameterizedConstructor" fullname="Newtonsoft.Json.Tests.Serialization.ConstructorHandlingTests.SuccessWithPublicParameterizedConstructor" methodname="SuccessWithPublicParameterizedConstructor" classname="Newtonsoft.Json.Tests.Serialization.ConstructorHandlingTests" runstate="Runnable" seed="83462516" result="Passed" start-time="2019-11-12 05:39:29Z" end-time="2019-11-12 05:39:29Z" duration="0.001745" asserts="0">
                  <properties />
                </test-case>
                <test-case id="1341" name="SuccessWithPublicParameterizedConstructorWhenParameterIsNotAProperty" fullname="Newtonsoft.Json.Tests.Serialization.ConstructorHandlingTests.SuccessWithPublicParameterizedConstructorWhenParameterIsNotAProperty" methodname="SuccessWithPublicParameterizedConstructorWhenParameterIsNotAProperty" classname="Newtonsoft.Json.Tests.Serialization.ConstructorHandlingTests" runstate="Runnable" seed="201336988" result="Passed" start-time="2019-11-12 05:39:29Z" end-time="2019-11-12 05:39:29Z" duration="0.001563" asserts="0">
                  <properties />
                </test-case>
                <test-case id="1345" name="SuccessWithPublicParameterizedConstructorWhenParameterNameConflictsWithPropertyName" fullname="Newtonsoft.Json.Tests.Serialization.ConstructorHandlingTests.SuccessWithPublicParameterizedConstructorWhenParameterNameConflictsWithPropertyName" methodname="SuccessWithPublicParameterizedConstructorWhenParameterNameConflictsWithPropertyName" classname="Newtonsoft.Json.Tests.Serialization.ConstructorHandlingTests" runstate="Runnable" seed="146172494" result="Passed" start-time="2019-11-12 05:39:29Z" end-time="2019-11-12 05:39:29Z" duration="0.001879" asserts="0">
                  <properties />
                </test-case>
                <test-case id="1342" name="SuccessWithPublicParameterizedConstructorWhenParameterRequiresAConverter" fullname="Newtonsoft.Json.Tests.Serialization.ConstructorHandlingTests.SuccessWithPublicParameterizedConstructorWhenParameterRequiresAConverter" methodname="SuccessWithPublicParameterizedConstructorWhenParameterRequiresAConverter" classname="Newtonsoft.Json.Tests.Serialization.ConstructorHandlingTests" runstate="Runnable" seed="1323102832" result="Passed" start-time="2019-11-12 05:39:29Z" end-time="2019-11-12 05:39:29Z" duration="0.002750" asserts="0">
                  <properties />
                </test-case>
                <test-case id="1343" name="SuccessWithPublicParameterizedConstructorWhenParameterRequiresAConverterWithParameterAttribute" fullname="Newtonsoft.Json.Tests.Serialization.ConstructorHandlingTests.SuccessWithPublicParameterizedConstructorWhenParameterRequiresAConverterWithParameterAttribute" methodname="SuccessWithPublicParameterizedConstructorWhenParameterRequiresAConverterWithParameterAttribute" classname="Newtonsoft.Json.Tests.Serialization.ConstructorHandlingTests" runstate="Runnable" seed="588706122" result="Passed" start-time="2019-11-12 05:39:29Z" end-time="2019-11-12 05:39:29Z" duration="0.001899" asserts="0">
                  <properties />
                </test-case>
                <test-case id="1344" name="SuccessWithPublicParameterizedConstructorWhenParameterRequiresAConverterWithPropertyAttribute" fullname="Newtonsoft.Json.Tests.Serialization.ConstructorHandlingTests.SuccessWithPublicParameterizedConstructorWhenParameterRequiresAConverterWithPropertyAttribute" methodname="SuccessWithPublicParameterizedConstructorWhenParameterRequiresAConverterWithPropertyAttribute" classname="Newtonsoft.Json.Tests.Serialization.ConstructorHandlingTests" runstate="Runnable" seed="1198375693" result="Passed" start-time="2019-11-12 05:39:29Z" end-time="2019-11-12 05:39:29Z" duration="0.001611" asserts="0">
                  <properties />
                </test-case>
                <test-case id="1336" name="UsePrivateConstructorIfThereAreMultipleConstructorsWithParametersAndNothingToFallbackTo" fullname="Newtonsoft.Json.Tests.Serialization.ConstructorHandlingTests.UsePrivateConstructorIfThereAreMultipleConstructorsWithParametersAndNothingToFallbackTo" methodname="UsePrivateConstructorIfThereAreMultipleConstructorsWithParametersAndNothingToFallbackTo" classname="Newtonsoft.Json.Tests.Serialization.ConstructorHandlingTests" runstate="Runnable" seed="1974207782" result="Passed" start-time="2019-11-12 05:39:29Z" end-time="2019-11-12 05:39:29Z" duration="0.000578" asserts="0">
                  <properties />
                </test-case>
              </test-suite>
              <test-suite type="TestFixture" id="1349" name="ContractResolverTests" fullname="Newtonsoft.Json.Tests.Serialization.ContractResolverTests" classname="Newtonsoft.Json.Tests.Serialization.ContractResolverTests" runstate="Runnable" testcasecount="31" result="Passed" start-time="2019-11-12 05:39:29Z" end-time="2019-11-12 05:39:29Z" duration="0.202415" total="31" passed="31" failed="0" inconclusive="0" skipped="0" asserts="0">
                <properties />
                <test-case id="1360" name="AbstractDictionaryTestClass" fullname="Newtonsoft.Json.Tests.Serialization.ContractResolverTests.AbstractDictionaryTestClass" methodname="AbstractDictionaryTestClass" classname="Newtonsoft.Json.Tests.Serialization.ContractResolverTests" runstate="Runnable" seed="1345777597" result="Passed" start-time="2019-11-12 05:39:29Z" end-time="2019-11-12 05:39:29Z" duration="0.007661" asserts="0">
                  <properties />
                </test-case>
                <test-case id="1357" name="AbstractListTestClass" fullname="Newtonsoft.Json.Tests.Serialization.ContractResolverTests.AbstractListTestClass" methodname="AbstractListTestClass" classname="Newtonsoft.Json.Tests.Serialization.ContractResolverTests" runstate="Runnable" seed="1313513975" result="Passed" start-time="2019-11-12 05:39:29Z" end-time="2019-11-12 05:39:29Z" duration="0.004454" asserts="0">
                  <properties />
                </test-case>
                <test-case id="1356" name="AbstractTestClass" fullname="Newtonsoft.Json.Tests.Serialization.ContractResolverTests.AbstractTestClass" methodname="AbstractTestClass" classname="Newtonsoft.Json.Tests.Serialization.ContractResolverTests" runstate="Runnable" seed="1474619754" result="Passed" start-time="2019-11-12 05:39:29Z" end-time="2019-11-12 05:39:29Z" duration="0.004407" asserts="0">
                  <properties />
                </test-case>
                <test-case id="1363" name="CalculatingPropertyNameEscapedSkipping" fullname="Newtonsoft.Json.Tests.Serialization.ContractResolverTests.CalculatingPropertyNameEscapedSkipping" methodname="CalculatingPropertyNameEscapedSkipping" classname="Newtonsoft.Json.Tests.Serialization.ContractResolverTests" runstate="Runnable" seed="1645516772" result="Passed" start-time="2019-11-12 05:39:29Z" end-time="2019-11-12 05:39:29Z" duration="0.001063" asserts="0">
                  <properties />
                </test-case>
                <test-case id="1368" name="CustomOverrideCreator" fullname="Newtonsoft.Json.Tests.Serialization.ContractResolverTests.CustomOverrideCreator" methodname="CustomOverrideCreator" classname="Newtonsoft.Json.Tests.Serialization.ContractResolverTests" runstate="Runnable" seed="1759440339" result="Passed" start-time="2019-11-12 05:39:29Z" end-time="2019-11-12 05:39:29Z" duration="0.005868" asserts="0">
                  <properties />
                </test-case>
                <test-case id="1375" name="DefaultContractResolverIgnoreIsSpecifiedTrue" fullname="Newtonsoft.Json.Tests.Serialization.ContractResolverTests.DefaultContractResolverIgnoreIsSpecifiedTrue" methodname="DefaultContractResolverIgnoreIsSpecifiedTrue" classname="Newtonsoft.Json.Tests.Serialization.ContractResolverTests" runstate="Runnable" seed="210688674" result="Passed" start-time="2019-11-12 05:39:29Z" end-time="2019-11-12 05:39:29Z" duration="0.003720" asserts="0">
                  <properties />
                </test-case>
                <test-case id="1376" name="DefaultContractResolverIgnoreIsSpecifiedUnset" fullname="Newtonsoft.Json.Tests.Serialization.ContractResolverTests.DefaultContractResolverIgnoreIsSpecifiedUnset" methodname="DefaultContractResolverIgnoreIsSpecifiedUnset" classname="Newtonsoft.Json.Tests.Serialization.ContractResolverTests" runstate="Runnable" seed="1569204474" result="Passed" start-time="2019-11-12 05:39:29Z" end-time="2019-11-12 05:39:29Z" duration="0.003606" asserts="0">
                  <properties />
                </test-case>
                <test-case id="1373" name="DefaultContractResolverIgnoreShouldSerializeTrue" fullname="Newtonsoft.Json.Tests.Serialization.ContractResolverTests.DefaultContractResolverIgnoreShouldSerializeTrue" methodname="DefaultContractResolverIgnoreShouldSerializeTrue" classname="Newtonsoft.Json.Tests.Serialization.ContractResolverTests" runstate="Runnable" seed="867217817" result="Passed" start-time="2019-11-12 05:39:29Z" end-time="2019-11-12 05:39:29Z" duration="0.001658" asserts="0">
                  <properties />
                </test-case>
                <test-case id="1374" name="DefaultContractResolverIgnoreShouldSerializeUnset" fullname="Newtonsoft.Json.Tests.Serialization.ContractResolverTests.DefaultContractResolverIgnoreShouldSerializeUnset" methodname="DefaultContractResolverIgnoreShouldSerializeUnset" classname="Newtonsoft.Json.Tests.Serialization.ContractResolverTests" runstate="Runnable" seed="345790813" result="Passed" start-time="2019-11-12 05:39:29Z" end-time="2019-11-12 05:39:29Z" duration="0.001636" asserts="0">
                  <properties />
                </test-case>
                <test-case id="1364" name="DeserializeDataMemberClassWithNoDataContract" fullname="Newtonsoft.Json.Tests.Serialization.ContractResolverTests.DeserializeDataMemberClassWithNoDataContract" methodname="DeserializeDataMemberClassWithNoDataContract" classname="Newtonsoft.Json.Tests.Serialization.ContractResolverTests" runstate="Runnable" seed="908427915" result="Passed" start-time="2019-11-12 05:39:29Z" end-time="2019-11-12 05:39:29Z" duration="0.001334" asserts="0">
                  <properties />
                </test-case>
                <test-case id="1359" name="DictionaryInterfaceDefaultCreator" fullname="Newtonsoft.Json.Tests.Serialization.ContractResolverTests.DictionaryInterfaceDefaultCreator" methodname="DictionaryInterfaceDefaultCreator" classname="Newtonsoft.Json.Tests.Serialization.ContractResolverTests" runstate="Runnable" seed="1864037640" result="Passed" start-time="2019-11-12 05:39:29Z" end-time="2019-11-12 05:39:29Z" duration="0.005017" asserts="0">
                  <properties />
                </test-case>
                <test-case id="1372" name="ExtensionDataGetterCanBeIteratedMultipleTimes" fullname="Newtonsoft.Json.Tests.Serialization.ContractResolverTests.ExtensionDataGetterCanBeIteratedMultipleTimes" methodname="ExtensionDataGetterCanBeIteratedMultipleTimes" classname="Newtonsoft.Json.Tests.Serialization.ContractResolverTests" runstate="Runnable" seed="2146361766" result="Passed" start-time="2019-11-12 05:39:29Z" end-time="2019-11-12 05:39:29Z" duration="0.004302" asserts="0">
                  <properties />
                </test-case>
                <test-case id="1379" name="InternalConverter_Object_NotSet" fullname="Newtonsoft.Json.Tests.Serialization.ContractResolverTests.InternalConverter_Object_NotSet" methodname="InternalConverter_Object_NotSet" classname="Newtonsoft.Json.Tests.Serialization.ContractResolverTests" runstate="Runnable" seed="1472875525" result="Passed" start-time="2019-11-12 05:39:29Z" end-time="2019-11-12 05:39:29Z" duration="0.000848" asserts="0">
                  <properties />
                </test-case>
                <test-case id="1380" name="InternalConverter_Regex_Set" fullname="Newtonsoft.Json.Tests.Serialization.ContractResolverTests.InternalConverter_Regex_Set" methodname="InternalConverter_Regex_Set" classname="Newtonsoft.Json.Tests.Serialization.ContractResolverTests" runstate="Runnable" seed="350087016" result="Passed" start-time="2019-11-12 05:39:29Z" end-time="2019-11-12 05:39:29Z" duration="0.001716" asserts="0">
                  <properties />
                </test-case>
                <test-case id="1378" name="JsonPropertyAttribute_Required" fullname="Newtonsoft.Json.Tests.Serialization.ContractResolverTests.JsonPropertyAttribute_Required" methodname="JsonPropertyAttribute_Required" classname="Newtonsoft.Json.Tests.Serialization.ContractResolverTests" runstate="Runnable" seed="162399470" result="Passed" start-time="2019-11-12 05:39:29Z" end-time="2019-11-12 05:39:29Z" duration="0.002631" asserts="0">
                  <properties />
                </test-case>
                <test-case id="1353" name="JsonPropertyDefaultValue" fullname="Newtonsoft.Json.Tests.Serialization.ContractResolverTests.JsonPropertyDefaultValue" methodname="JsonPropertyDefaultValue" classname="Newtonsoft.Json.Tests.Serialization.ContractResolverTests" runstate="Runnable" seed="392655263" result="Passed" start-time="2019-11-12 05:39:29Z" end-time="2019-11-12 05:39:29Z" duration="0.001011" asserts="0">
                  <properties />
                </test-case>
                <test-case id="1377" name="JsonRequiredAttribute" fullname="Newtonsoft.Json.Tests.Serialization.ContractResolverTests.JsonRequiredAttribute" methodname="JsonRequiredAttribute" classname="Newtonsoft.Json.Tests.Serialization.ContractResolverTests" runstate="Runnable" seed="330726242" result="Passed" start-time="2019-11-12 05:39:29Z" end-time="2019-11-12 05:39:29Z" duration="0.001683" asserts="0">
                  <properties />
                </test-case>
                <test-case id="1354" name="ListInterface" fullname="Newtonsoft.Json.Tests.Serialization.ContractResolverTests.ListInterface" methodname="ListInterface" classname="Newtonsoft.Json.Tests.Serialization.ContractResolverTests" runstate="Runnable" seed="613467150" result="Passed" start-time="2019-11-12 05:39:29Z" end-time="2019-11-12 05:39:29Z" duration="0.000968" asserts="0">
                  <properties />
                </test-case>
                <test-case id="1358" name="ListInterfaceDefaultCreator" fullname="Newtonsoft.Json.Tests.Serialization.ContractResolverTests.ListInterfaceDefaultCreator" methodname="ListInterfaceDefaultCreator" classname="Newtonsoft.Json.Tests.Serialization.ContractResolverTests" runstate="Runnable" seed="1187572610" result="Passed" start-time="2019-11-12 05:39:29Z" end-time="2019-11-12 05:39:29Z" duration="0.002410" asserts="0">
                  <properties />
                </test-case>
                <test-case id="1367" name="OverrideCreator" fullname="Newtonsoft.Json.Tests.Serialization.ContractResolverTests.OverrideCreator" methodname="OverrideCreator" classname="Newtonsoft.Json.Tests.Serialization.ContractResolverTests" runstate="Runnable" seed="453636705" result="Passed" start-time="2019-11-12 05:39:29Z" end-time="2019-11-12 05:39:29Z" duration="0.002177" asserts="0">
                  <properties />
                </test-case>
                <test-case id="1366" name="ParameterizedCreator" fullname="Newtonsoft.Json.Tests.Serialization.ContractResolverTests.ParameterizedCreator" methodname="ParameterizedCreator" classname="Newtonsoft.Json.Tests.Serialization.ContractResolverTests" runstate="Runnable" seed="1369473421" result="Passed" start-time="2019-11-12 05:39:29Z" end-time="2019-11-12 05:39:29Z" duration="0.001429" asserts="0">
                  <properties />
                </test-case>
                <test-case id="1355" name="PropertyAttributeProvider" fullname="Newtonsoft.Json.Tests.Serialization.ContractResolverTests.PropertyAttributeProvider" methodname="PropertyAttributeProvider" classname="Newtonsoft.Json.Tests.Serialization.ContractResolverTests" runstate="Runnable" seed="797613559" result="Passed" start-time="2019-11-12 05:39:29Z" end-time="2019-11-12 05:39:29Z" duration="0.003750" asserts="0">
                  <properties />
                </test-case>
                <test-case id="1352" name="ResolveObjectContractWithFieldsSerialization" fullname="Newtonsoft.Json.Tests.Serialization.ContractResolverTests.ResolveObjectContractWithFieldsSerialization" methodname="ResolveObjectContractWithFieldsSerialization" classname="Newtonsoft.Json.Tests.Serialization.ContractResolverTests" runstate="Runnable" seed="1356344404" result="Passed" start-time="2019-11-12 05:39:29Z" end-time="2019-11-12 05:39:29Z" duration="0.003146" asserts="0">
                  <properties />
                </test-case>
                <test-case id="1365" name="ResolveProperties_IgnoreStatic" fullname="Newtonsoft.Json.Tests.Serialization.ContractResolverTests.ResolveProperties_IgnoreStatic" methodname="ResolveProperties_IgnoreStatic" classname="Newtonsoft.Json.Tests.Serialization.ContractResolverTests" runstate="Runnable" seed="1304147667" result="Passed" start-time="2019-11-12 05:39:29Z" end-time="2019-11-12 05:39:29Z" duration="0.014348" asserts="0">
                  <properties />
                </test-case>
                <test-case id="1350" name="ResolveSerializableContract" fullname="Newtonsoft.Json.Tests.Serialization.ContractResolverTests.ResolveSerializableContract" methodname="ResolveSerializableContract" classname="Newtonsoft.Json.Tests.Serialization.ContractResolverTests" runstate="Runnable" seed="1681838123" result="Passed" start-time="2019-11-12 05:39:29Z" end-time="2019-11-12 05:39:29Z" duration="0.001100" asserts="0">
                  <properties />
                </test-case>
                <test-case id="1351" name="ResolveSerializableWithoutAttributeContract" fullname="Newtonsoft.Json.Tests.Serialization.ContractResolverTests.ResolveSerializableWithoutAttributeContract" methodname="ResolveSerializableWithoutAttributeContract" classname="Newtonsoft.Json.Tests.Serialization.ContractResolverTests" runstate="Runnable" seed="522538665" result="Passed" start-time="2019-11-12 05:39:29Z" end-time="2019-11-12 05:39:29Z" duration="0.001383" asserts="0">
                  <properties />
                </test-case>
                <test-case id="1371" name="SerializeCompilerGeneratedMembers" fullname="Newtonsoft.Json.Tests.Serialization.ContractResolverTests.SerializeCompilerGeneratedMembers" methodname="SerializeCompilerGeneratedMembers" classname="Newtonsoft.Json.Tests.Serialization.ContractResolverTests" runstate="Runnable" seed="623024792" result="Passed" start-time="2019-11-12 05:39:29Z" end-time="2019-11-12 05:39:29Z" duration="0.013041" asserts="0">
                  <properties />
                </test-case>
                <test-case id="1369" name="SerializeInterface" fullname="Newtonsoft.Json.Tests.Serialization.ContractResolverTests.SerializeInterface" methodname="SerializeInterface" classname="Newtonsoft.Json.Tests.Serialization.ContractResolverTests" runstate="Runnable" seed="121367728" result="Passed" start-time="2019-11-12 05:39:29Z" end-time="2019-11-12 05:39:29Z" duration="0.011893" asserts="0">
                  <properties />
                </test-case>
                <test-case id="1361" name="SerializeWithEscapedPropertyName" fullname="Newtonsoft.Json.Tests.Serialization.ContractResolverTests.SerializeWithEscapedPropertyName" methodname="SerializeWithEscapedPropertyName" classname="Newtonsoft.Json.Tests.Serialization.ContractResolverTests" runstate="Runnable" seed="979520307" result="Passed" start-time="2019-11-12 05:39:29Z" end-time="2019-11-12 05:39:29Z" duration="0.005304" asserts="0">
                  <properties />
                </test-case>
                <test-case id="1362" name="SerializeWithHtmlEscapedPropertyName" fullname="Newtonsoft.Json.Tests.Serialization.ContractResolverTests.SerializeWithHtmlEscapedPropertyName" methodname="SerializeWithHtmlEscapedPropertyName" classname="Newtonsoft.Json.Tests.Serialization.ContractResolverTests" runstate="Runnable" seed="430423622" result="Passed" start-time="2019-11-12 05:39:29Z" end-time="2019-11-12 05:39:29Z" duration="0.004403" asserts="0">
                  <properties />
                </test-case>
                <test-case id="1370" name="SingleTypeWithMultipleContractResolvers" fullname="Newtonsoft.Json.Tests.Serialization.ContractResolverTests.SingleTypeWithMultipleContractResolvers" methodname="SingleTypeWithMultipleContractResolvers" classname="Newtonsoft.Json.Tests.Serialization.ContractResolverTests" runstate="Runnable" seed="1943862135" result="Passed" start-time="2019-11-12 05:39:29Z" end-time="2019-11-12 05:39:29Z" duration="0.013605" asserts="0">
                  <properties />
                </test-case>
              </test-suite>
              <test-suite type="TestFixture" id="1381" name="DateTimeZoneHandlingTests" fullname="Newtonsoft.Json.Tests.Serialization.DateTimeZoneHandlingTests" classname="Newtonsoft.Json.Tests.Serialization.DateTimeZoneHandlingTests" runstate="Runnable" testcasecount="2" result="Passed" start-time="2019-11-12 05:39:30Z" end-time="2019-11-12 05:39:30Z" duration="0.013118" total="2" passed="2" failed="0" inconclusive="0" skipped="0" asserts="0">
                <properties />
                <test-case id="1383" name="DeserializeFromJObject" fullname="Newtonsoft.Json.Tests.Serialization.DateTimeZoneHandlingTests.DeserializeFromJObject" methodname="DeserializeFromJObject" classname="Newtonsoft.Json.Tests.Serialization.DateTimeZoneHandlingTests" runstate="Runnable" seed="1844998669" result="Passed" start-time="2019-11-12 05:39:30Z" end-time="2019-11-12 05:39:30Z" duration="0.002971" asserts="0">
                  <properties />
                </test-case>
                <test-case id="1382" name="DeserializeObject" fullname="Newtonsoft.Json.Tests.Serialization.DateTimeZoneHandlingTests.DeserializeObject" methodname="DeserializeObject" classname="Newtonsoft.Json.Tests.Serialization.DateTimeZoneHandlingTests" runstate="Runnable" seed="1261250183" result="Passed" start-time="2019-11-12 05:39:30Z" end-time="2019-11-12 05:39:30Z" duration="0.001329" asserts="0">
                  <properties />
                </test-case>
              </test-suite>
              <test-suite type="TestFixture" id="1384" name="DefaultValueHandlingTests" fullname="Newtonsoft.Json.Tests.Serialization.DefaultValueHandlingTests" classname="Newtonsoft.Json.Tests.Serialization.DefaultValueHandlingTests" runstate="Runnable" testcasecount="17" result="Passed" start-time="2019-11-12 05:39:30Z" end-time="2019-11-12 05:39:30Z" duration="0.092710" total="17" passed="17" failed="0" inconclusive="0" skipped="0" asserts="0">
                <properties />
                <test-case id="1394" name="ApproxEquals" fullname="Newtonsoft.Json.Tests.Serialization.DefaultValueHandlingTests.ApproxEquals" methodname="ApproxEquals" classname="Newtonsoft.Json.Tests.Serialization.DefaultValueHandlingTests" runstate="Runnable" seed="1687043891" result="Passed" start-time="2019-11-12 05:39:30Z" end-time="2019-11-12 05:39:30Z" duration="0.001001" asserts="0">
                  <properties />
                </test-case>
                <test-case id="1396" name="DefaultValueHandlingPropertyTest" fullname="Newtonsoft.Json.Tests.Serialization.DefaultValueHandlingTests.DefaultValueHandlingPropertyTest" methodname="DefaultValueHandlingPropertyTest" classname="Newtonsoft.Json.Tests.Serialization.DefaultValueHandlingTests" runstate="Runnable" seed="137750941" result="Passed" start-time="2019-11-12 05:39:30Z" end-time="2019-11-12 05:39:30Z" duration="0.002860" asserts="0">
                  <properties />
                </test-case>
                <test-case id="1385" name="DefaultValueWithConstructorAndRenameTest" fullname="Newtonsoft.Json.Tests.Serialization.DefaultValueHandlingTests.DefaultValueWithConstructorAndRenameTest" methodname="DefaultValueWithConstructorAndRenameTest" classname="Newtonsoft.Json.Tests.Serialization.DefaultValueHandlingTests" runstate="Runnable" seed="396782414" result="Passed" start-time="2019-11-12 05:39:30Z" end-time="2019-11-12 05:39:30Z" duration="0.001976" asserts="0">
                  <properties />
                </test-case>
                <test-case id="1386" name="DefaultValueWithConstructorTest" fullname="Newtonsoft.Json.Tests.Serialization.DefaultValueHandlingTests.DefaultValueWithConstructorTest" methodname="DefaultValueWithConstructorTest" classname="Newtonsoft.Json.Tests.Serialization.DefaultValueHandlingTests" runstate="Runnable" seed="1620848301" result="Passed" start-time="2019-11-12 05:39:30Z" end-time="2019-11-12 05:39:30Z" duration="0.002168" asserts="0">
                  <properties />
                </test-case>
                <test-case id="1391" name="DeserializeDefaultValueAttributeTest" fullname="Newtonsoft.Json.Tests.Serialization.DefaultValueHandlingTests.DeserializeDefaultValueAttributeTest" methodname="DeserializeDefaultValueAttributeTest" classname="Newtonsoft.Json.Tests.Serialization.DefaultValueHandlingTests" runstate="Runnable" seed="1861815967" result="Passed" start-time="2019-11-12 05:39:30Z" end-time="2019-11-12 05:39:30Z" duration="0.001176" asserts="0">
                  <properties />
                </test-case>
                <test-case id="1392" name="DeserializeIgnoreAndPopulate" fullname="Newtonsoft.Json.Tests.Serialization.DefaultValueHandlingTests.DeserializeIgnoreAndPopulate" methodname="DeserializeIgnoreAndPopulate" classname="Newtonsoft.Json.Tests.Serialization.DefaultValueHandlingTests" runstate="Runnable" seed="1973462421" result="Passed" start-time="2019-11-12 05:39:30Z" end-time="2019-11-12 05:39:30Z" duration="0.002302" asserts="0">
                  <properties />
                </test-case>
                <test-case id="1397" name="DeserializeWithIgnore" fullname="Newtonsoft.Json.Tests.Serialization.DefaultValueHandlingTests.DeserializeWithIgnore" methodname="DeserializeWithIgnore" classname="Newtonsoft.Json.Tests.Serialization.DefaultValueHandlingTests" runstate="Runnable" seed="1551904161" result="Passed" start-time="2019-11-12 05:39:30Z" end-time="2019-11-12 05:39:30Z" duration="0.002696" asserts="0">
                  <properties />
                </test-case>
                <test-case id="1398" name="DeserializeWithPopulate" fullname="Newtonsoft.Json.Tests.Serialization.DefaultValueHandlingTests.DeserializeWithPopulate" methodname="DeserializeWithPopulate" classname="Newtonsoft.Json.Tests.Serialization.DefaultValueHandlingTests" runstate="Runnable" seed="196406899" result="Passed" start-time="2019-11-12 05:39:30Z" end-time="2019-11-12 05:39:30Z" duration="0.003716" asserts="0">
                  <properties />
                </test-case>
                <test-case id="1401" name="DontSetPropertiesDefaultValueUsedInConstructor" fullname="Newtonsoft.Json.Tests.Serialization.DefaultValueHandlingTests.DontSetPropertiesDefaultValueUsedInConstructor" methodname="DontSetPropertiesDefaultValueUsedInConstructor" classname="Newtonsoft.Json.Tests.Serialization.DefaultValueHandlingTests" runstate="Runnable" seed="1795597937" result="Passed" start-time="2019-11-12 05:39:30Z" end-time="2019-11-12 05:39:30Z" duration="0.004932" asserts="0">
                  <properties />
                </test-case>
                <test-case id="1399" name="EmitDefaultValueIgnoreAndPopulate" fullname="Newtonsoft.Json.Tests.Serialization.DefaultValueHandlingTests.EmitDefaultValueIgnoreAndPopulate" methodname="EmitDefaultValueIgnoreAndPopulate" classname="Newtonsoft.Json.Tests.Serialization.DefaultValueHandlingTests" runstate="Runnable" seed="1378407496" result="Passed" start-time="2019-11-12 05:39:30Z" end-time="2019-11-12 05:39:30Z" duration="0.002163" asserts="0">
                  <properties />
                </test-case>
                <test-case id="1395" name="EmitDefaultValueTest" fullname="Newtonsoft.Json.Tests.Serialization.DefaultValueHandlingTests.EmitDefaultValueTest" methodname="EmitDefaultValueTest" classname="Newtonsoft.Json.Tests.Serialization.DefaultValueHandlingTests" runstate="Runnable" seed="1679278483" result="Passed" start-time="2019-11-12 05:39:30Z" end-time="2019-11-12 05:39:30Z" duration="0.015190" asserts="0">
                  <properties />
                </test-case>
                <test-case id="1393" name="IgnoreNumberTypeDifferencesWithDefaultValue" fullname="Newtonsoft.Json.Tests.Serialization.DefaultValueHandlingTests.IgnoreNumberTypeDifferencesWithDefaultValue" methodname="IgnoreNumberTypeDifferencesWithDefaultValue" classname="Newtonsoft.Json.Tests.Serialization.DefaultValueHandlingTests" runstate="Runnable" seed="1617729589" result="Passed" start-time="2019-11-12 05:39:30Z" end-time="2019-11-12 05:39:30Z" duration="0.004566" asserts="0">
                  <properties />
                </test-case>
                <test-case id="1388" name="Include" fullname="Newtonsoft.Json.Tests.Serialization.DefaultValueHandlingTests.Include" methodname="Include" classname="Newtonsoft.Json.Tests.Serialization.DefaultValueHandlingTests" runstate="Runnable" seed="1522833634" result="Passed" start-time="2019-11-12 05:39:30Z" end-time="2019-11-12 05:39:30Z" duration="0.004326" asserts="0">
                  <properties />
                </test-case>
                <test-case id="1400" name="PopulateTest" fullname="Newtonsoft.Json.Tests.Serialization.DefaultValueHandlingTests.PopulateTest" methodname="PopulateTest" classname="Newtonsoft.Json.Tests.Serialization.DefaultValueHandlingTests" runstate="Runnable" seed="1169004539" result="Passed" start-time="2019-11-12 05:39:30Z" end-time="2019-11-12 05:39:30Z" duration="0.001767" asserts="0">
                  <properties />
                </test-case>
                <test-case id="1387" name="PopulateWithJsonIgnoreAttribute" fullname="Newtonsoft.Json.Tests.Serialization.DefaultValueHandlingTests.PopulateWithJsonIgnoreAttribute" methodname="PopulateWithJsonIgnoreAttribute" classname="Newtonsoft.Json.Tests.Serialization.DefaultValueHandlingTests" runstate="Runnable" seed="342564424" result="Passed" start-time="2019-11-12 05:39:30Z" end-time="2019-11-12 05:39:30Z" duration="0.002153" asserts="0">
                  <properties />
                </test-case>
                <test-case id="1390" name="SerializeDefaultValueAttributeTest" fullname="Newtonsoft.Json.Tests.Serialization.DefaultValueHandlingTests.SerializeDefaultValueAttributeTest" methodname="SerializeDefaultValueAttributeTest" classname="Newtonsoft.Json.Tests.Serialization.DefaultValueHandlingTests" runstate="Runnable" seed="557338091" result="Passed" start-time="2019-11-12 05:39:30Z" end-time="2019-11-12 05:39:30Z" duration="0.001078" asserts="0">
                  <properties />
                </test-case>
                <test-case id="1389" name="SerializeInvoice" fullname="Newtonsoft.Json.Tests.Serialization.DefaultValueHandlingTests.SerializeInvoice" methodname="SerializeInvoice" classname="Newtonsoft.Json.Tests.Serialization.DefaultValueHandlingTests" runstate="Runnable" seed="1011136658" result="Passed" start-time="2019-11-12 05:39:30Z" end-time="2019-11-12 05:39:30Z" duration="0.001053" asserts="0">
                  <properties />
                </test-case>
              </test-suite>
              <test-suite type="TestFixture" id="1402" name="DynamicConcreteTests" fullname="Newtonsoft.Json.Tests.Serialization.DynamicConcreteTests" classname="Newtonsoft.Json.Tests.Serialization.DynamicConcreteTests" runstate="Runnable" testcasecount="3" result="Passed" start-time="2019-11-12 05:39:30Z" end-time="2019-11-12 05:39:30Z" duration="0.037914" total="3" passed="3" failed="0" inconclusive="0" skipped="0" asserts="0">
                <properties />
                <test-case id="1405" name="AnyMethodsExposedByDynamicConcreteAreHarmless" fullname="Newtonsoft.Json.Tests.Serialization.DynamicConcreteTests.AnyMethodsExposedByDynamicConcreteAreHarmless" methodname="AnyMethodsExposedByDynamicConcreteAreHarmless" classname="Newtonsoft.Json.Tests.Serialization.DynamicConcreteTests" runstate="Runnable" seed="1562714258" result="Passed" start-time="2019-11-12 05:39:30Z" end-time="2019-11-12 05:39:30Z" duration="0.018117" asserts="0">
                  <properties />
                </test-case>
                <test-case id="1404" name="UseDynamicConcreteIfTargetObjectTypeIsAnAbstractClassWithNoConcrete" fullname="Newtonsoft.Json.Tests.Serialization.DynamicConcreteTests.UseDynamicConcreteIfTargetObjectTypeIsAnAbstractClassWithNoConcrete" methodname="UseDynamicConcreteIfTargetObjectTypeIsAnAbstractClassWithNoConcrete" classname="Newtonsoft.Json.Tests.Serialization.DynamicConcreteTests" runstate="Runnable" seed="2130399186" result="Passed" start-time="2019-11-12 05:39:30Z" end-time="2019-11-12 05:39:30Z" duration="0.005075" asserts="0">
                  <properties />
                </test-case>
                <test-case id="1403" name="UseDynamicConcreteIfTargetObjectTypeIsAnInterfaceWithNoBackingClass" fullname="Newtonsoft.Json.Tests.Serialization.DynamicConcreteTests.UseDynamicConcreteIfTargetObjectTypeIsAnInterfaceWithNoBackingClass" methodname="UseDynamicConcreteIfTargetObjectTypeIsAnInterfaceWithNoBackingClass" classname="Newtonsoft.Json.Tests.Serialization.DynamicConcreteTests" runstate="Runnable" seed="1961689151" result="Passed" start-time="2019-11-12 05:39:30Z" end-time="2019-11-12 05:39:30Z" duration="0.003651" asserts="0">
                  <properties />
                </test-case>
              </test-suite>
              <test-suite type="TestFixture" id="1406" name="DynamicTests" fullname="Newtonsoft.Json.Tests.Serialization.DynamicTests" classname="Newtonsoft.Json.Tests.Serialization.DynamicTests" runstate="Runnable" testcasecount="7" result="Passed" start-time="2019-11-12 05:39:30Z" end-time="2019-11-12 05:39:30Z" duration="0.208410" total="7" passed="7" failed="0" inconclusive="0" skipped="0" asserts="0">
                <properties />
                <test-case id="1410" name="AllowNonPublicDefaultConstructor" fullname="Newtonsoft.Json.Tests.Serialization.DynamicTests.AllowNonPublicDefaultConstructor" methodname="AllowNonPublicDefaultConstructor" classname="Newtonsoft.Json.Tests.Serialization.DynamicTests" runstate="Runnable" seed="1850199247" result="Passed" start-time="2019-11-12 05:39:30Z" end-time="2019-11-12 05:39:30Z" duration="0.042320" asserts="0">
                  <properties />
                </test-case>
                <test-case id="1409" name="NoPublicDefaultConstructor" fullname="Newtonsoft.Json.Tests.Serialization.DynamicTests.NoPublicDefaultConstructor" methodname="NoPublicDefaultConstructor" classname="Newtonsoft.Json.Tests.Serialization.DynamicTests" runstate="Runnable" seed="914846421" result="Passed" start-time="2019-11-12 05:39:30Z" end-time="2019-11-12 05:39:30Z" duration="0.002026" asserts="0">
                  <properties />
                </test-case>
                <test-case id="1407" name="SerializeDynamicObject" fullname="Newtonsoft.Json.Tests.Serialization.DynamicTests.SerializeDynamicObject" methodname="SerializeDynamicObject" classname="Newtonsoft.Json.Tests.Serialization.DynamicTests" runstate="Runnable" seed="266954366" result="Passed" start-time="2019-11-12 05:39:30Z" end-time="2019-11-12 05:39:30Z" duration="0.053336" asserts="0">
                  <properties />
                </test-case>
                <test-case id="1413" name="SerializeDynamicObjectWithDefaultValueHandlingIgnore" fullname="Newtonsoft.Json.Tests.Serialization.DynamicTests.SerializeDynamicObjectWithDefaultValueHandlingIgnore" methodname="SerializeDynamicObjectWithDefaultValueHandlingIgnore" classname="Newtonsoft.Json.Tests.Serialization.DynamicTests" runstate="Runnable" seed="15674923" result="Passed" start-time="2019-11-12 05:39:30Z" end-time="2019-11-12 05:39:30Z" duration="0.021589" asserts="0">
                  <properties />
                </test-case>
                <test-case id="1411" name="SerializeDynamicObjectWithNullValueHandlingIgnore" fullname="Newtonsoft.Json.Tests.Serialization.DynamicTests.SerializeDynamicObjectWithNullValueHandlingIgnore" methodname="SerializeDynamicObjectWithNullValueHandlingIgnore" classname="Newtonsoft.Json.Tests.Serialization.DynamicTests" runstate="Runnable" seed="742125046" result="Passed" start-time="2019-11-12 05:39:30Z" end-time="2019-11-12 05:39:30Z" duration="0.015539" asserts="0">
                  <properties />
                </test-case>
                <test-case id="1412" name="SerializeDynamicObjectWithNullValueHandlingInclude" fullname="Newtonsoft.Json.Tests.Serialization.DynamicTests.SerializeDynamicObjectWithNullValueHandlingInclude" methodname="SerializeDynamicObjectWithNullValueHandlingInclude" classname="Newtonsoft.Json.Tests.Serialization.DynamicTests" runstate="Runnable" seed="1526250972" result="Passed" start-time="2019-11-12 05:39:30Z" end-time="2019-11-12 05:39:30Z" duration="0.015785" asserts="0">
                  <properties />
                </test-case>
                <test-case id="1408" name="SerializeDynamicObjectWithObjectTracking" fullname="Newtonsoft.Json.Tests.Serialization.DynamicTests.SerializeDynamicObjectWithObjectTracking" methodname="SerializeDynamicObjectWithObjectTracking" classname="Newtonsoft.Json.Tests.Serialization.DynamicTests" runstate="Runnable" seed="895725787" result="Passed" start-time="2019-11-12 05:39:30Z" end-time="2019-11-12 05:39:30Z" duration="0.039793" asserts="0">
                  <properties />
                </test-case>
              </test-suite>
              <test-suite type="TestFixture" id="1414" name="ExtensionDataTests" fullname="Newtonsoft.Json.Tests.Serialization.ExtensionDataTests" classname="Newtonsoft.Json.Tests.Serialization.ExtensionDataTests" runstate="Runnable" testcasecount="35" result="Passed" start-time="2019-11-12 05:39:30Z" end-time="2019-11-12 05:39:30Z" duration="0.292161" total="35" passed="35" failed="0" inconclusive="0" skipped="0" asserts="0">
                <properties />
                <test-case id="1415" name="DataBagDoesNotInheritFromDictionaryClass" fullname="Newtonsoft.Json.Tests.Serialization.ExtensionDataTests.DataBagDoesNotInheritFromDictionaryClass" methodname="DataBagDoesNotInheritFromDictionaryClass" classname="Newtonsoft.Json.Tests.Serialization.ExtensionDataTests" runstate="Runnable" seed="299569576" result="Passed" start-time="2019-11-12 05:39:30Z" end-time="2019-11-12 05:39:30Z" duration="0.003763" asserts="0">
                  <properties />
                </test-case>
                <test-case id="1448" name="Deserialize_WriteJsonDirectlyToJToken" fullname="Newtonsoft.Json.Tests.Serialization.ExtensionDataTests.Deserialize_WriteJsonDirectlyToJToken" methodname="Deserialize_WriteJsonDirectlyToJToken" classname="Newtonsoft.Json.Tests.Serialization.ExtensionDataTests" runstate="Runnable" seed="1051293707" result="Passed" start-time="2019-11-12 05:39:30Z" end-time="2019-11-12 05:39:30Z" duration="0.005065" asserts="0">
                  <properties />
                </test-case>
                <test-case id="1427" name="DeserializeDirectoryAccount" fullname="Newtonsoft.Json.Tests.Serialization.ExtensionDataTests.DeserializeDirectoryAccount" methodname="DeserializeDirectoryAccount" classname="Newtonsoft.Json.Tests.Serialization.ExtensionDataTests" runstate="Runnable" seed="88583072" result="Passed" start-time="2019-11-12 05:39:30Z" end-time="2019-11-12 05:39:30Z" duration="0.005203" asserts="0">
                  <properties />
                </test-case>
                <test-case id="1445" name="DeserializeExtensionData_NoSetterAndNoExtensionData" fullname="Newtonsoft.Json.Tests.Serialization.ExtensionDataTests.DeserializeExtensionData_NoSetterAndNoExtensionData" methodname="DeserializeExtensionData_NoSetterAndNoExtensionData" classname="Newtonsoft.Json.Tests.Serialization.ExtensionDataTests" runstate="Runnable" seed="757896156" result="Passed" start-time="2019-11-12 05:39:30Z" end-time="2019-11-12 05:39:30Z" duration="0.005408" asserts="0">
                  <properties />
                </test-case>
                <test-case id="1446" name="DeserializeExtensionData_NoSetterAndWithExtensionData" fullname="Newtonsoft.Json.Tests.Serialization.ExtensionDataTests.DeserializeExtensionData_NoSetterAndWithExtensionData" methodname="DeserializeExtensionData_NoSetterAndWithExtensionData" classname="Newtonsoft.Json.Tests.Serialization.ExtensionDataTests" runstate="Runnable" seed="1762588477" result="Passed" start-time="2019-11-12 05:39:30Z" end-time="2019-11-12 05:39:30Z" duration="0.001772" asserts="0">
                  <properties />
                </test-case>
                <test-case id="1431" name="DeserializeNoReadPublicExtensionData" fullname="Newtonsoft.Json.Tests.Serialization.ExtensionDataTests.DeserializeNoReadPublicExtensionData" methodname="DeserializeNoReadPublicExtensionData" classname="Newtonsoft.Json.Tests.Serialization.ExtensionDataTests" runstate="Runnable" seed="1959190884" result="Passed" start-time="2019-11-12 05:39:30Z" end-time="2019-11-12 05:39:30Z" duration="0.006020" asserts="0">
                  <properties />
                </test-case>
                <test-case id="1442" name="DeserializeNullableProperty" fullname="Newtonsoft.Json.Tests.Serialization.ExtensionDataTests.DeserializeNullableProperty" methodname="DeserializeNullableProperty" classname="Newtonsoft.Json.Tests.Serialization.ExtensionDataTests" runstate="Runnable" seed="988569835" result="Passed" start-time="2019-11-12 05:39:30Z" end-time="2019-11-12 05:39:30Z" duration="0.005741" asserts="0">
                  <properties />
                </test-case>
                <test-case id="1437" name="DeserializePublicExtensionData" fullname="Newtonsoft.Json.Tests.Serialization.ExtensionDataTests.DeserializePublicExtensionData" methodname="DeserializePublicExtensionData" classname="Newtonsoft.Json.Tests.Serialization.ExtensionDataTests" runstate="Runnable" seed="258610627" result="Passed" start-time="2019-11-12 05:39:30Z" end-time="2019-11-12 05:39:30Z" duration="0.007002" asserts="0">
                  <properties />
                </test-case>
                <test-case id="1434" name="DeserializePublicExtensionDataTypeNamdHandling" fullname="Newtonsoft.Json.Tests.Serialization.ExtensionDataTests.DeserializePublicExtensionDataTypeNamdHandling" methodname="DeserializePublicExtensionDataTypeNamdHandling" classname="Newtonsoft.Json.Tests.Serialization.ExtensionDataTests" runstate="Runnable" seed="1482570077" result="Passed" start-time="2019-11-12 05:39:30Z" end-time="2019-11-12 05:39:30Z" duration="0.004844" asserts="0">
                  <properties />
                </test-case>
                <test-case id="1435" name="DeserializePublicExtensionDataTypeNamdHandlingNonDefaultConstructor" fullname="Newtonsoft.Json.Tests.Serialization.ExtensionDataTests.DeserializePublicExtensionDataTypeNamdHandlingNonDefaultConstructor" methodname="DeserializePublicExtensionDataTypeNamdHandlingNonDefaultConstructor" classname="Newtonsoft.Json.Tests.Serialization.ExtensionDataTests" runstate="Runnable" seed="1391514425" result="Passed" start-time="2019-11-12 05:39:30Z" end-time="2019-11-12 05:39:30Z" duration="0.006986" asserts="0">
                  <properties />
                </test-case>
                <test-case id="1433" name="DeserializePublicJTokenExtensionDataCircularReference" fullname="Newtonsoft.Json.Tests.Serialization.ExtensionDataTests.DeserializePublicJTokenExtensionDataCircularReference" methodname="DeserializePublicJTokenExtensionDataCircularReference" classname="Newtonsoft.Json.Tests.Serialization.ExtensionDataTests" runstate="Runnable" seed="255759074" result="Passed" start-time="2019-11-12 05:39:30Z" end-time="2019-11-12 05:39:30Z" duration="0.004146" asserts="0">
                  <properties />
                </test-case>
                <test-case id="1449" name="DeserializeWithConstructor_WriteJsonDirectlyToJToken" fullname="Newtonsoft.Json.Tests.Serialization.ExtensionDataTests.DeserializeWithConstructor_WriteJsonDirectlyToJToken" methodname="DeserializeWithConstructor_WriteJsonDirectlyToJToken" classname="Newtonsoft.Json.Tests.Serialization.ExtensionDataTests" runstate="Runnable" seed="941163247" result="Passed" start-time="2019-11-12 05:39:30Z" end-time="2019-11-12 05:39:30Z" duration="0.007139" asserts="0">
                  <properties />
                </test-case>
                <test-case id="1441" name="ExtensionDataAttributesInheritanceTest" fullname="Newtonsoft.Json.Tests.Serialization.ExtensionDataTests.ExtensionDataAttributesInheritanceTest" methodname="ExtensionDataAttributesInheritanceTest" classname="Newtonsoft.Json.Tests.Serialization.ExtensionDataTests" runstate="Runnable" seed="162539930" result="Passed" start-time="2019-11-12 05:39:30Z" end-time="2019-11-12 05:39:30Z" duration="0.004104" asserts="0">
                  <properties />
                </test-case>
                <test-case id="1416" name="ExtensionDataDeserializeWithNonDefaultConstructorTest" fullname="Newtonsoft.Json.Tests.Serialization.ExtensionDataTests.ExtensionDataDeserializeWithNonDefaultConstructorTest" methodname="ExtensionDataDeserializeWithNonDefaultConstructorTest" classname="Newtonsoft.Json.Tests.Serialization.ExtensionDataTests" runstate="Runnable" seed="2019266326" result="Passed" start-time="2019-11-12 05:39:30Z" end-time="2019-11-12 05:39:30Z" duration="0.005190" asserts="0">
                  <properties />
                </test-case>
                <test-case id="1419" name="ExtensionDataExample" fullname="Newtonsoft.Json.Tests.Serialization.ExtensionDataTests.ExtensionDataExample" methodname="ExtensionDataExample" classname="Newtonsoft.Json.Tests.Serialization.ExtensionDataTests" runstate="Runnable" seed="263774697" result="Passed" start-time="2019-11-12 05:39:30Z" end-time="2019-11-12 05:39:30Z" duration="0.004249" asserts="0">
                  <properties />
                </test-case>
                <test-case id="1418" name="ExtensionDataFloatParseHandling" fullname="Newtonsoft.Json.Tests.Serialization.ExtensionDataTests.ExtensionDataFloatParseHandling" methodname="ExtensionDataFloatParseHandling" classname="Newtonsoft.Json.Tests.Serialization.ExtensionDataTests" runstate="Runnable" seed="1099455333" result="Passed" start-time="2019-11-12 05:39:30Z" end-time="2019-11-12 05:39:30Z" duration="0.002661" asserts="0">
                  <properties />
                </test-case>
                <test-case id="1421" name="ExtensionDataTest" fullname="Newtonsoft.Json.Tests.Serialization.ExtensionDataTests.ExtensionDataTest" methodname="ExtensionDataTest" classname="Newtonsoft.Json.Tests.Serialization.ExtensionDataTests" runstate="Runnable" seed="401598022" result="Passed" start-time="2019-11-12 05:39:30Z" end-time="2019-11-12 05:39:30Z" duration="0.007236" asserts="0">
                  <properties />
                </test-case>
                <test-case id="1422" name="ExtensionDataTest_DeserializeWithNamingStrategy" fullname="Newtonsoft.Json.Tests.Serialization.ExtensionDataTests.ExtensionDataTest_DeserializeWithNamingStrategy" methodname="ExtensionDataTest_DeserializeWithNamingStrategy" classname="Newtonsoft.Json.Tests.Serialization.ExtensionDataTests" runstate="Runnable" seed="12270735" result="Passed" start-time="2019-11-12 05:39:30Z" end-time="2019-11-12 05:39:30Z" duration="0.013265" asserts="0">
                  <properties />
                </test-case>
                <test-case id="1424" name="ExtensionDataTest_SerializeWithNamingStrategy_Disabled" fullname="Newtonsoft.Json.Tests.Serialization.ExtensionDataTests.ExtensionDataTest_SerializeWithNamingStrategy_Disabled" methodname="ExtensionDataTest_SerializeWithNamingStrategy_Disabled" classname="Newtonsoft.Json.Tests.Serialization.ExtensionDataTests" runstate="Runnable" seed="1714523452" result="Passed" start-time="2019-11-12 05:39:30Z" end-time="2019-11-12 05:39:30Z" duration="0.019507" asserts="0">
                  <properties />
                </test-case>
                <test-case id="1423" name="ExtensionDataTest_SerializeWithNamingStrategy_Enabled" fullname="Newtonsoft.Json.Tests.Serialization.ExtensionDataTests.ExtensionDataTest_SerializeWithNamingStrategy_Enabled" methodname="ExtensionDataTest_SerializeWithNamingStrategy_Enabled" classname="Newtonsoft.Json.Tests.Serialization.ExtensionDataTests" runstate="Runnable" seed="1280239803" result="Passed" start-time="2019-11-12 05:39:30Z" end-time="2019-11-12 05:39:30Z" duration="0.018535" asserts="0">
                  <properties />
                </test-case>
                <test-case id="1425" name="ExtensionDataTest_SerializeWithNamingStrategyAttribute" fullname="Newtonsoft.Json.Tests.Serialization.ExtensionDataTests.ExtensionDataTest_SerializeWithNamingStrategyAttribute" methodname="ExtensionDataTest_SerializeWithNamingStrategyAttribute" classname="Newtonsoft.Json.Tests.Serialization.ExtensionDataTests" runstate="Runnable" seed="1996575987" result="Passed" start-time="2019-11-12 05:39:30Z" end-time="2019-11-12 05:39:30Z" duration="0.005583" asserts="0">
                  <properties />
                </test-case>
                <test-case id="1417" name="ExtensionDataWithNull" fullname="Newtonsoft.Json.Tests.Serialization.ExtensionDataTests.ExtensionDataWithNull" methodname="ExtensionDataWithNull" classname="Newtonsoft.Json.Tests.Serialization.ExtensionDataTests" runstate="Runnable" seed="710288913" result="Passed" start-time="2019-11-12 05:39:30Z" end-time="2019-11-12 05:39:30Z" duration="0.001290" asserts="0">
                  <properties />
                </test-case>
                <test-case id="1439" name="FieldExtensionDataAttributeTest_Deserialize" fullname="Newtonsoft.Json.Tests.Serialization.ExtensionDataTests.FieldExtensionDataAttributeTest_Deserialize" methodname="FieldExtensionDataAttributeTest_Deserialize" classname="Newtonsoft.Json.Tests.Serialization.ExtensionDataTests" runstate="Runnable" seed="579941324" result="Passed" start-time="2019-11-12 05:39:30Z" end-time="2019-11-12 05:39:30Z" duration="0.004601" asserts="0">
                  <properties />
                </test-case>
                <test-case id="1438" name="FieldExtensionDataAttributeTest_Serialize" fullname="Newtonsoft.Json.Tests.Serialization.ExtensionDataTests.FieldExtensionDataAttributeTest_Serialize" methodname="FieldExtensionDataAttributeTest_Serialize" classname="Newtonsoft.Json.Tests.Serialization.ExtensionDataTests" runstate="Runnable" seed="1578005619" result="Passed" start-time="2019-11-12 05:39:30Z" end-time="2019-11-12 05:39:30Z" duration="0.001606" asserts="0">
                  <properties />
                </test-case>
                <test-case id="1440" name="MultipleExtensionDataAttributesTest" fullname="Newtonsoft.Json.Tests.Serialization.ExtensionDataTests.MultipleExtensionDataAttributesTest" methodname="MultipleExtensionDataAttributesTest" classname="Newtonsoft.Json.Tests.Serialization.ExtensionDataTests" runstate="Runnable" seed="1312770999" result="Passed" start-time="2019-11-12 05:39:30Z" end-time="2019-11-12 05:39:30Z" duration="0.004461" asserts="0">
                  <properties />
                </test-case>
                <test-case id="1426" name="PopulateWithExtensionData" fullname="Newtonsoft.Json.Tests.Serialization.ExtensionDataTests.PopulateWithExtensionData" methodname="PopulateWithExtensionData" classname="Newtonsoft.Json.Tests.Serialization.ExtensionDataTests" runstate="Runnable" seed="671881620" result="Passed" start-time="2019-11-12 05:39:30Z" end-time="2019-11-12 05:39:30Z" duration="0.005913" asserts="0">
                  <properties />
                </test-case>
                <test-case id="1420" name="RoundTripJObjectExtensionData" fullname="Newtonsoft.Json.Tests.Serialization.ExtensionDataTests.RoundTripJObjectExtensionData" methodname="RoundTripJObjectExtensionData" classname="Newtonsoft.Json.Tests.Serialization.ExtensionDataTests" runstate="Runnable" seed="468590214" result="Passed" start-time="2019-11-12 05:39:30Z" end-time="2019-11-12 05:39:30Z" duration="0.005236" asserts="0">
                  <properties />
                </test-case>
                <test-case id="1447" name="SerializeExtensionData_NoGetter" fullname="Newtonsoft.Json.Tests.Serialization.ExtensionDataTests.SerializeExtensionData_NoGetter" methodname="SerializeExtensionData_NoGetter" classname="Newtonsoft.Json.Tests.Serialization.ExtensionDataTests" runstate="Runnable" seed="411264410" result="Passed" start-time="2019-11-12 05:39:30Z" end-time="2019-11-12 05:39:30Z" duration="0.003192" asserts="0">
                  <properties />
                </test-case>
                <test-case id="1443" name="SerializeExtensionData_NoSetter" fullname="Newtonsoft.Json.Tests.Serialization.ExtensionDataTests.SerializeExtensionData_NoSetter" methodname="SerializeExtensionData_NoSetter" classname="Newtonsoft.Json.Tests.Serialization.ExtensionDataTests" runstate="Runnable" seed="1085354434" result="Passed" start-time="2019-11-12 05:39:30Z" end-time="2019-11-12 05:39:30Z" duration="0.001468" asserts="0">
                  <properties />
                </test-case>
                <test-case id="1444" name="SerializeExtensionData_NoSetterAndNoValue" fullname="Newtonsoft.Json.Tests.Serialization.ExtensionDataTests.SerializeExtensionData_NoSetterAndNoValue" methodname="SerializeExtensionData_NoSetterAndNoValue" classname="Newtonsoft.Json.Tests.Serialization.ExtensionDataTests" runstate="Runnable" seed="474851015" result="Passed" start-time="2019-11-12 05:39:30Z" end-time="2019-11-12 05:39:30Z" duration="0.000999" asserts="0">
                  <properties />
                </test-case>
                <test-case id="1428" name="SerializePublicExtensionData" fullname="Newtonsoft.Json.Tests.Serialization.ExtensionDataTests.SerializePublicExtensionData" methodname="SerializePublicExtensionData" classname="Newtonsoft.Json.Tests.Serialization.ExtensionDataTests" runstate="Runnable" seed="1107178827" result="Passed" start-time="2019-11-12 05:39:30Z" end-time="2019-11-12 05:39:30Z" duration="0.001047" asserts="0">
                  <properties />
                </test-case>
                <test-case id="1432" name="SerializePublicExtensionDataCircularReference" fullname="Newtonsoft.Json.Tests.Serialization.ExtensionDataTests.SerializePublicExtensionDataCircularReference" methodname="SerializePublicExtensionDataCircularReference" classname="Newtonsoft.Json.Tests.Serialization.ExtensionDataTests" runstate="Runnable" seed="215799163" result="Passed" start-time="2019-11-12 05:39:30Z" end-time="2019-11-12 05:39:30Z" duration="0.001266" asserts="0">
                  <properties />
                </test-case>
                <test-case id="1429" name="SerializePublicExtensionDataNull" fullname="Newtonsoft.Json.Tests.Serialization.ExtensionDataTests.SerializePublicExtensionDataNull" methodname="SerializePublicExtensionDataNull" classname="Newtonsoft.Json.Tests.Serialization.ExtensionDataTests" runstate="Runnable" seed="1866843989" result="Passed" start-time="2019-11-12 05:39:30Z" end-time="2019-11-12 05:39:30Z" duration="0.000999" asserts="0">
                  <properties />
                </test-case>
                <test-case id="1436" name="SerializePublicExtensionDataTypeNamdHandling" fullname="Newtonsoft.Json.Tests.Serialization.ExtensionDataTests.SerializePublicExtensionDataTypeNamdHandling" methodname="SerializePublicExtensionDataTypeNamdHandling" classname="Newtonsoft.Json.Tests.Serialization.ExtensionDataTests" runstate="Runnable" seed="1988557142" result="Passed" start-time="2019-11-12 05:39:30Z" end-time="2019-11-12 05:39:30Z" duration="0.002171" asserts="0">
                  <properties />
                </test-case>
                <test-case id="1430" name="SerializePublicNoWriteExtensionData" fullname="Newtonsoft.Json.Tests.Serialization.ExtensionDataTests.SerializePublicNoWriteExtensionData" methodname="SerializePublicNoWriteExtensionData" classname="Newtonsoft.Json.Tests.Serialization.ExtensionDataTests" runstate="Runnable" seed="1131551739" result="Passed" start-time="2019-11-12 05:39:30Z" end-time="2019-11-12 05:39:30Z" duration="0.004629" asserts="0">
                  <properties />
                </test-case>
              </test-suite>
              <test-suite type="TestFixture" id="1450" name="JsonPropertyCollectionTests" fullname="Newtonsoft.Json.Tests.Serialization.JsonPropertyCollectionTests" classname="Newtonsoft.Json.Tests.Serialization.JsonPropertyCollectionTests" runstate="Runnable" testcasecount="1" result="Passed" start-time="2019-11-12 05:39:30Z" end-time="2019-11-12 05:39:30Z" duration="0.012847" total="1" passed="1" failed="0" inconclusive="0" skipped="0" asserts="0">
                <properties />
                <test-case id="1451" name="AddPropertyIncludesPrivateImplementations" fullname="Newtonsoft.Json.Tests.Serialization.JsonPropertyCollectionTests.AddPropertyIncludesPrivateImplementations" methodname="AddPropertyIncludesPrivateImplementations" classname="Newtonsoft.Json.Tests.Serialization.JsonPropertyCollectionTests" runstate="Runnable" seed="1195453385" result="Passed" start-time="2019-11-12 05:39:30Z" end-time="2019-11-12 05:39:30Z" duration="0.005189" asserts="0">
                  <properties />
                </test-case>
              </test-suite>
              <test-suite type="TestFixture" id="1452" name="JsonSerializerCollectionsTests" fullname="Newtonsoft.Json.Tests.Serialization.JsonSerializerCollectionsTests" classname="Newtonsoft.Json.Tests.Serialization.JsonSerializerCollectionsTests" runstate="Runnable" testcasecount="86" result="Passed" start-time="2019-11-12 05:39:30Z" end-time="2019-11-12 05:39:31Z" duration="0.694993" total="86" passed="86" failed="0" inconclusive="0" skipped="0" asserts="0">
                <properties />
                <test-case id="1464" name="CollectionJsonConstructorBadIEnumerableParameter" fullname="Newtonsoft.Json.Tests.Serialization.JsonSerializerCollectionsTests.CollectionJsonConstructorBadIEnumerableParameter" methodname="CollectionJsonConstructorBadIEnumerableParameter" classname="Newtonsoft.Json.Tests.Serialization.JsonSerializerCollectionsTests" runstate="Runnable" seed="885246370" result="Passed" start-time="2019-11-12 05:39:31Z" end-time="2019-11-12 05:39:31Z" duration="0.006307" asserts="0">
                  <properties />
                </test-case>
                <test-case id="1463" name="CollectionJsonConstructorMultipleParameters" fullname="Newtonsoft.Json.Tests.Serialization.JsonSerializerCollectionsTests.CollectionJsonConstructorMultipleParameters" methodname="CollectionJsonConstructorMultipleParameters" classname="Newtonsoft.Json.Tests.Serialization.JsonSerializerCollectionsTests" runstate="Runnable" seed="1557030884" result="Passed" start-time="2019-11-12 05:39:31Z" end-time="2019-11-12 05:39:31Z" duration="0.003135" asserts="0">
                  <properties />
                </test-case>
                <test-case id="1465" name="CollectionJsonConstructorNonGeneric" fullname="Newtonsoft.Json.Tests.Serialization.JsonSerializerCollectionsTests.CollectionJsonConstructorNonGeneric" methodname="CollectionJsonConstructorNonGeneric" classname="Newtonsoft.Json.Tests.Serialization.JsonSerializerCollectionsTests" runstate="Runnable" seed="993062041" result="Passed" start-time="2019-11-12 05:39:31Z" end-time="2019-11-12 05:39:31Z" duration="0.006026" asserts="0">
                  <properties />
                </test-case>
                <test-case id="1462" name="CollectionJsonConstructorPrivate" fullname="Newtonsoft.Json.Tests.Serialization.JsonSerializerCollectionsTests.CollectionJsonConstructorPrivate" methodname="CollectionJsonConstructorPrivate" classname="Newtonsoft.Json.Tests.Serialization.JsonSerializerCollectionsTests" runstate="Runnable" seed="933742849" result="Passed" start-time="2019-11-12 05:39:31Z" end-time="2019-11-12 05:39:31Z" duration="0.004541" asserts="0">
                  <properties />
                </test-case>
                <test-case id="1461" name="CollectionJsonConstructorPrivateParameterized" fullname="Newtonsoft.Json.Tests.Serialization.JsonSerializerCollectionsTests.CollectionJsonConstructorPrivateParameterized" methodname="CollectionJsonConstructorPrivateParameterized" classname="Newtonsoft.Json.Tests.Serialization.JsonSerializerCollectionsTests" runstate="Runnable" seed="835342498" result="Passed" start-time="2019-11-12 05:39:31Z" end-time="2019-11-12 05:39:31Z" duration="0.002751" asserts="0">
                  <properties />
                </test-case>
                <test-case id="1524" name="ComplexValuesInObjectArray" fullname="Newtonsoft.Json.Tests.Serialization.JsonSerializerCollectionsTests.ComplexValuesInObjectArray" methodname="ComplexValuesInObjectArray" classname="Newtonsoft.Json.Tests.Serialization.JsonSerializerCollectionsTests" runstate="Runnable" seed="76562953" result="Passed" start-time="2019-11-12 05:39:31Z" end-time="2019-11-12 05:39:31Z" duration="0.005116" asserts="0">
                  <properties />
                </test-case>
                <test-case id="1527" name="CustomCollectionSerialization" fullname="Newtonsoft.Json.Tests.Serialization.JsonSerializerCollectionsTests.CustomCollectionSerialization" methodname="CustomCollectionSerialization" classname="Newtonsoft.Json.Tests.Serialization.JsonSerializerCollectionsTests" runstate="Runnable" seed="680767720" result="Passed" start-time="2019-11-12 05:39:31Z" end-time="2019-11-12 05:39:31Z" duration="0.004112" asserts="0">
                  <properties />
                </test-case>
                <test-case id="1508" name="DeserializeArray2D" fullname="Newtonsoft.Json.Tests.Serialization.JsonSerializerCollectionsTests.DeserializeArray2D" methodname="DeserializeArray2D" classname="Newtonsoft.Json.Tests.Serialization.JsonSerializerCollectionsTests" runstate="Runnable" seed="1814696812" result="Passed" start-time="2019-11-12 05:39:31Z" end-time="2019-11-12 05:39:31Z" duration="0.004866" asserts="0">
                  <properties />
                </test-case>
                <test-case id="1510" name="DeserializeArray2D_WithTooFewItems" fullname="Newtonsoft.Json.Tests.Serialization.JsonSerializerCollectionsTests.DeserializeArray2D_WithTooFewItems" methodname="DeserializeArray2D_WithTooFewItems" classname="Newtonsoft.Json.Tests.Serialization.JsonSerializerCollectionsTests" runstate="Runnable" seed="1140332773" result="Passed" start-time="2019-11-12 05:39:31Z" end-time="2019-11-12 05:39:31Z" duration="0.001322" asserts="0">
                  <properties />
                </test-case>
                <test-case id="1509" name="DeserializeArray2D_WithTooManyItems" fullname="Newtonsoft.Json.Tests.Serialization.JsonSerializerCollectionsTests.DeserializeArray2D_WithTooManyItems" methodname="DeserializeArray2D_WithTooManyItems" classname="Newtonsoft.Json.Tests.Serialization.JsonSerializerCollectionsTests" runstate="Runnable" seed="1577891766" result="Passed" start-time="2019-11-12 05:39:31Z" end-time="2019-11-12 05:39:31Z" duration="0.001385" asserts="0">
                  <properties />
                </test-case>
                <test-case id="1511" name="DeserializeArray3D" fullname="Newtonsoft.Json.Tests.Serialization.JsonSerializerCollectionsTests.DeserializeArray3D" methodname="DeserializeArray3D" classname="Newtonsoft.Json.Tests.Serialization.JsonSerializerCollectionsTests" runstate="Runnable" seed="1408526922" result="Passed" start-time="2019-11-12 05:39:31Z" end-time="2019-11-12 05:39:31Z" duration="0.007252" asserts="0">
                  <properties />
                </test-case>
                <test-case id="1513" name="DeserializeArray3D_WithBadItems" fullname="Newtonsoft.Json.Tests.Serialization.JsonSerializerCollectionsTests.DeserializeArray3D_WithBadItems" methodname="DeserializeArray3D_WithBadItems" classname="Newtonsoft.Json.Tests.Serialization.JsonSerializerCollectionsTests" runstate="Runnable" seed="2029163928" result="Passed" start-time="2019-11-12 05:39:31Z" end-time="2019-11-12 05:39:31Z" duration="0.001347" asserts="0">
                  <properties />
                </test-case>
                <test-case id="1514" name="DeserializeArray3D_WithTooFewItems" fullname="Newtonsoft.Json.Tests.Serialization.JsonSerializerCollectionsTests.DeserializeArray3D_WithTooFewItems" methodname="DeserializeArray3D_WithTooFewItems" classname="Newtonsoft.Json.Tests.Serialization.JsonSerializerCollectionsTests" runstate="Runnable" seed="1031534230" result="Passed" start-time="2019-11-12 05:39:31Z" end-time="2019-11-12 05:39:31Z" duration="0.001190" asserts="0">
                  <properties />
                </test-case>
                <test-case id="1512" name="DeserializeArray3D_WithTooManyItems" fullname="Newtonsoft.Json.Tests.Serialization.JsonSerializerCollectionsTests.DeserializeArray3D_WithTooManyItems" methodname="DeserializeArray3D_WithTooManyItems" classname="Newtonsoft.Json.Tests.Serialization.JsonSerializerCollectionsTests" runstate="Runnable" seed="1921448653" result="Passed" start-time="2019-11-12 05:39:31Z" end-time="2019-11-12 05:39:31Z" duration="0.001237" asserts="0">
                  <properties />
                </test-case>
                <test-case id="1507" name="DeserializeArray3DWithConverter" fullname="Newtonsoft.Json.Tests.Serialization.JsonSerializerCollectionsTests.DeserializeArray3DWithConverter" methodname="DeserializeArray3DWithConverter" classname="Newtonsoft.Json.Tests.Serialization.JsonSerializerCollectionsTests" runstate="Runnable" seed="632530092" result="Passed" start-time="2019-11-12 05:39:31Z" end-time="2019-11-12 05:39:31Z" duration="0.004431" asserts="0">
                  <properties />
                </test-case>
                <test-case id="1534" name="DeserializeCollectionWithConstructorArrayArgument" fullname="Newtonsoft.Json.Tests.Serialization.JsonSerializerCollectionsTests.DeserializeCollectionWithConstructorArrayArgument" methodname="DeserializeCollectionWithConstructorArrayArgument" classname="Newtonsoft.Json.Tests.Serialization.JsonSerializerCollectionsTests" runstate="Runnable" seed="2023103253" result="Passed" start-time="2019-11-12 05:39:31Z" end-time="2019-11-12 05:39:31Z" duration="0.004145" asserts="0">
                  <properties />
                </test-case>
                <test-case id="1492" name="DeserializeComplexKeyValuePair" fullname="Newtonsoft.Json.Tests.Serialization.JsonSerializerCollectionsTests.DeserializeComplexKeyValuePair" methodname="DeserializeComplexKeyValuePair" classname="Newtonsoft.Json.Tests.Serialization.JsonSerializerCollectionsTests" runstate="Runnable" seed="61068074" result="Passed" start-time="2019-11-12 05:39:31Z" end-time="2019-11-12 05:39:31Z" duration="0.012256" asserts="0">
                  <properties />
                </test-case>
                <test-case id="1498" name="DeserializeConcurrentDictionary" fullname="Newtonsoft.Json.Tests.Serialization.JsonSerializerCollectionsTests.DeserializeConcurrentDictionary" methodname="DeserializeConcurrentDictionary" classname="Newtonsoft.Json.Tests.Serialization.JsonSerializerCollectionsTests" runstate="Runnable" seed="1298014224" result="Passed" start-time="2019-11-12 05:39:31Z" end-time="2019-11-12 05:39:31Z" duration="0.009427" asserts="0">
                  <properties />
                </test-case>
                <test-case id="1453" name="DeserializeConcurrentDictionaryWithNullValue" fullname="Newtonsoft.Json.Tests.Serialization.JsonSerializerCollectionsTests.DeserializeConcurrentDictionaryWithNullValue" methodname="DeserializeConcurrentDictionaryWithNullValue" classname="Newtonsoft.Json.Tests.Serialization.JsonSerializerCollectionsTests" runstate="Runnable" seed="1553983994" result="Passed" start-time="2019-11-12 05:39:31Z" end-time="2019-11-12 05:39:31Z" duration="0.000882" asserts="0">
                  <properties />
                </test-case>
                <test-case id="1538" name="DeserializeConstructorWithReadonlyArrayProperty" fullname="Newtonsoft.Json.Tests.Serialization.JsonSerializerCollectionsTests.DeserializeConstructorWithReadonlyArrayProperty" methodname="DeserializeConstructorWithReadonlyArrayProperty" classname="Newtonsoft.Json.Tests.Serialization.JsonSerializerCollectionsTests" runstate="Runnable" seed="1999266903" result="Passed" start-time="2019-11-12 05:39:31Z" end-time="2019-11-12 05:39:31Z" duration="0.007282" asserts="0">
                  <properties />
                </test-case>
                <test-case id="1537" name="DeserializeCultureInfoKey" fullname="Newtonsoft.Json.Tests.Serialization.JsonSerializerCollectionsTests.DeserializeCultureInfoKey" methodname="DeserializeCultureInfoKey" classname="Newtonsoft.Json.Tests.Serialization.JsonSerializerCollectionsTests" runstate="Runnable" seed="1638785834" result="Passed" start-time="2019-11-12 05:39:31Z" end-time="2019-11-12 05:39:31Z" duration="0.030229" asserts="0">
                  <properties />
                </test-case>
                <test-case id="1516" name="DeserializeEmpty3DArray" fullname="Newtonsoft.Json.Tests.Serialization.JsonSerializerCollectionsTests.DeserializeEmpty3DArray" methodname="DeserializeEmpty3DArray" classname="Newtonsoft.Json.Tests.Serialization.JsonSerializerCollectionsTests" runstate="Runnable" seed="2106948302" result="Passed" start-time="2019-11-12 05:39:31Z" end-time="2019-11-12 05:39:31Z" duration="0.003299" asserts="0">
                  <properties />
                </test-case>
                <test-case id="1490" name="DeserializeExistingGenericList" fullname="Newtonsoft.Json.Tests.Serialization.JsonSerializerCollectionsTests.DeserializeExistingGenericList" methodname="DeserializeExistingGenericList" classname="Newtonsoft.Json.Tests.Serialization.JsonSerializerCollectionsTests" runstate="Runnable" seed="897776308" result="Passed" start-time="2019-11-12 05:39:31Z" end-time="2019-11-12 05:39:31Z" duration="0.002453" asserts="0">
                  <properties />
                </test-case>
                <test-case id="1532" name="DeserializeGenericList" fullname="Newtonsoft.Json.Tests.Serialization.JsonSerializerCollectionsTests.DeserializeGenericList" methodname="DeserializeGenericList" classname="Newtonsoft.Json.Tests.Serialization.JsonSerializerCollectionsTests" runstate="Runnable" seed="214930505" result="Passed" start-time="2019-11-12 05:39:31Z" end-time="2019-11-12 05:39:31Z" duration="0.001021" asserts="0">
                  <properties />
                </test-case>
                <test-case id="1495" name="DeserializeIDictionary" fullname="Newtonsoft.Json.Tests.Serialization.JsonSerializerCollectionsTests.DeserializeIDictionary" methodname="DeserializeIDictionary" classname="Newtonsoft.Json.Tests.Serialization.JsonSerializerCollectionsTests" runstate="Runnable" seed="1036023833" result="Passed" start-time="2019-11-12 05:39:31Z" end-time="2019-11-12 05:39:31Z" duration="0.000876" asserts="0">
                  <properties />
                </test-case>
                <test-case id="1476" name="DeserializeIEnumerableFromConstructor" fullname="Newtonsoft.Json.Tests.Serialization.JsonSerializerCollectionsTests.DeserializeIEnumerableFromConstructor" methodname="DeserializeIEnumerableFromConstructor" classname="Newtonsoft.Json.Tests.Serialization.JsonSerializerCollectionsTests" runstate="Runnable" seed="1780076709" result="Passed" start-time="2019-11-12 05:39:31Z" end-time="2019-11-12 05:39:31Z" duration="0.008431" asserts="0">
                  <properties />
                </test-case>
                <test-case id="1477" name="DeserializeIEnumerableFromConstructor_Failure" fullname="Newtonsoft.Json.Tests.Serialization.JsonSerializerCollectionsTests.DeserializeIEnumerableFromConstructor_Failure" methodname="DeserializeIEnumerableFromConstructor_Failure" classname="Newtonsoft.Json.Tests.Serialization.JsonSerializerCollectionsTests" runstate="Runnable" seed="1495975654" result="Passed" start-time="2019-11-12 05:39:31Z" end-time="2019-11-12 05:39:31Z" duration="0.002497" asserts="0">
                  <properties />
                </test-case>
                <test-case id="1496" name="DeserializeIList" fullname="Newtonsoft.Json.Tests.Serialization.JsonSerializerCollectionsTests.DeserializeIList" methodname="DeserializeIList" classname="Newtonsoft.Json.Tests.Serialization.JsonSerializerCollectionsTests" runstate="Runnable" seed="1355876017" result="Passed" start-time="2019-11-12 05:39:31Z" end-time="2019-11-12 05:39:31Z" duration="0.001383" asserts="0">
                  <properties />
                </test-case>
                <test-case id="1517" name="DeserializeIncomplete3DArray" fullname="Newtonsoft.Json.Tests.Serialization.JsonSerializerCollectionsTests.DeserializeIncomplete3DArray" methodname="DeserializeIncomplete3DArray" classname="Newtonsoft.Json.Tests.Serialization.JsonSerializerCollectionsTests" runstate="Runnable" seed="396808784" result="Passed" start-time="2019-11-12 05:39:31Z" end-time="2019-11-12 05:39:31Z" duration="0.001858" asserts="0">
                  <properties />
                </test-case>
                <test-case id="1518" name="DeserializeIncompleteNotTopLevel3DArray" fullname="Newtonsoft.Json.Tests.Serialization.JsonSerializerCollectionsTests.DeserializeIncompleteNotTopLevel3DArray" methodname="DeserializeIncompleteNotTopLevel3DArray" classname="Newtonsoft.Json.Tests.Serialization.JsonSerializerCollectionsTests" runstate="Runnable" seed="620611927" result="Passed" start-time="2019-11-12 05:39:31Z" end-time="2019-11-12 05:39:31Z" duration="0.002090" asserts="0">
                  <properties />
                </test-case>
                <test-case id="1499" name="DeserializeKeyValuePairArray" fullname="Newtonsoft.Json.Tests.Serialization.JsonSerializerCollectionsTests.DeserializeKeyValuePairArray" methodname="DeserializeKeyValuePairArray" classname="Newtonsoft.Json.Tests.Serialization.JsonSerializerCollectionsTests" runstate="Runnable" seed="1439141521" result="Passed" start-time="2019-11-12 05:39:31Z" end-time="2019-11-12 05:39:31Z" duration="0.008245" asserts="0">
                  <properties />
                </test-case>
                <test-case id="1471" name="DeserializeNameValueCollection" fullname="Newtonsoft.Json.Tests.Serialization.JsonSerializerCollectionsTests.DeserializeNameValueCollection" methodname="DeserializeNameValueCollection" classname="Newtonsoft.Json.Tests.Serialization.JsonSerializerCollectionsTests" runstate="Runnable" seed="1748560679" result="Passed" start-time="2019-11-12 05:39:31Z" end-time="2019-11-12 05:39:31Z" duration="0.004522" asserts="0">
                  <properties />
                </test-case>
                <test-case id="1481" name="DeserializeNonGenericList" fullname="Newtonsoft.Json.Tests.Serialization.JsonSerializerCollectionsTests.DeserializeNonGenericList" methodname="DeserializeNonGenericList" classname="Newtonsoft.Json.Tests.Serialization.JsonSerializerCollectionsTests" runstate="Runnable" seed="1666339548" result="Passed" start-time="2019-11-12 05:39:31Z" end-time="2019-11-12 05:39:31Z" duration="0.000898" asserts="0">
                  <properties />
                </test-case>
                <test-case id="1480" name="DeserializeNonIsoDateDictionaryKey" fullname="Newtonsoft.Json.Tests.Serialization.JsonSerializerCollectionsTests.DeserializeNonIsoDateDictionaryKey" methodname="DeserializeNonIsoDateDictionaryKey" classname="Newtonsoft.Json.Tests.Serialization.JsonSerializerCollectionsTests" runstate="Runnable" seed="499898931" result="Passed" start-time="2019-11-12 05:39:31Z" end-time="2019-11-12 05:39:31Z" duration="0.006381" asserts="0">
                  <properties />
                </test-case>
                <test-case id="1519" name="DeserializeNull3DArray" fullname="Newtonsoft.Json.Tests.Serialization.JsonSerializerCollectionsTests.DeserializeNull3DArray" methodname="DeserializeNull3DArray" classname="Newtonsoft.Json.Tests.Serialization.JsonSerializerCollectionsTests" runstate="Runnable" seed="134302925" result="Passed" start-time="2019-11-12 05:39:31Z" end-time="2019-11-12 05:39:31Z" duration="0.000797" asserts="0">
                  <properties />
                </test-case>
                <test-case id="1500" name="DeserializeNullableKeyValuePairArray" fullname="Newtonsoft.Json.Tests.Serialization.JsonSerializerCollectionsTests.DeserializeNullableKeyValuePairArray" methodname="DeserializeNullableKeyValuePairArray" classname="Newtonsoft.Json.Tests.Serialization.JsonSerializerCollectionsTests" runstate="Runnable" seed="1672037877" result="Passed" start-time="2019-11-12 05:39:31Z" end-time="2019-11-12 05:39:31Z" duration="0.008528" asserts="0">
                  <properties />
                </test-case>
                <test-case id="1501" name="DeserializeNullToNonNullableKeyValuePairArray" fullname="Newtonsoft.Json.Tests.Serialization.JsonSerializerCollectionsTests.DeserializeNullToNonNullableKeyValuePairArray" methodname="DeserializeNullToNonNullableKeyValuePairArray" classname="Newtonsoft.Json.Tests.Serialization.JsonSerializerCollectionsTests" runstate="Runnable" seed="293507987" result="Passed" start-time="2019-11-12 05:39:31Z" end-time="2019-11-12 05:39:31Z" duration="0.001199" asserts="0">
                  <properties />
                </test-case>
                <test-case id="1479" name="DeserializePrivateListConstructor" fullname="Newtonsoft.Json.Tests.Serialization.JsonSerializerCollectionsTests.DeserializePrivateListConstructor" methodname="DeserializePrivateListConstructor" classname="Newtonsoft.Json.Tests.Serialization.JsonSerializerCollectionsTests" runstate="Runnable" seed="452555363" result="Passed" start-time="2019-11-12 05:39:31Z" end-time="2019-11-12 05:39:31Z" duration="0.003589" asserts="0">
                  <properties />
                </test-case>
                <test-case id="1478" name="DeserializePrivateListCtor" fullname="Newtonsoft.Json.Tests.Serialization.JsonSerializerCollectionsTests.DeserializePrivateListCtor" methodname="DeserializePrivateListCtor" classname="Newtonsoft.Json.Tests.Serialization.JsonSerializerCollectionsTests" runstate="Runnable" seed="815972250" result="Passed" start-time="2019-11-12 05:39:31Z" end-time="2019-11-12 05:39:31Z" duration="0.003997" asserts="0">
                  <properties />
                </test-case>
                <test-case id="1484" name="DeserializeReadOnlyCollection" fullname="Newtonsoft.Json.Tests.Serialization.JsonSerializerCollectionsTests.DeserializeReadOnlyCollection" methodname="DeserializeReadOnlyCollection" classname="Newtonsoft.Json.Tests.Serialization.JsonSerializerCollectionsTests" runstate="Runnable" seed="1997123498" result="Passed" start-time="2019-11-12 05:39:31Z" end-time="2019-11-12 05:39:31Z" duration="0.004761" asserts="0">
                  <properties />
                </test-case>
                <test-case id="1483" name="DeserializeReadOnlyCollectionInterface" fullname="Newtonsoft.Json.Tests.Serialization.JsonSerializerCollectionsTests.DeserializeReadOnlyCollectionInterface" methodname="DeserializeReadOnlyCollectionInterface" classname="Newtonsoft.Json.Tests.Serialization.JsonSerializerCollectionsTests" runstate="Runnable" seed="1927262047" result="Passed" start-time="2019-11-12 05:39:31Z" end-time="2019-11-12 05:39:31Z" duration="0.002607" asserts="0">
                  <properties />
                </test-case>
                <test-case id="1486" name="DeserializeReadOnlyDictionary" fullname="Newtonsoft.Json.Tests.Serialization.JsonSerializerCollectionsTests.DeserializeReadOnlyDictionary" methodname="DeserializeReadOnlyDictionary" classname="Newtonsoft.Json.Tests.Serialization.JsonSerializerCollectionsTests" runstate="Runnable" seed="1499039296" result="Passed" start-time="2019-11-12 05:39:31Z" end-time="2019-11-12 05:39:31Z" duration="0.005166" asserts="0">
                  <properties />
                </test-case>
                <test-case id="1485" name="DeserializeReadOnlyDictionaryInterface" fullname="Newtonsoft.Json.Tests.Serialization.JsonSerializerCollectionsTests.DeserializeReadOnlyDictionaryInterface" methodname="DeserializeReadOnlyDictionaryInterface" classname="Newtonsoft.Json.Tests.Serialization.JsonSerializerCollectionsTests" runstate="Runnable" seed="1660257351" result="Passed" start-time="2019-11-12 05:39:31Z" end-time="2019-11-12 05:39:31Z" duration="0.002348" asserts="0">
                  <properties />
                </test-case>
                <test-case id="1482" name="DeserializeReadOnlyListInterface" fullname="Newtonsoft.Json.Tests.Serialization.JsonSerializerCollectionsTests.DeserializeReadOnlyListInterface" methodname="DeserializeReadOnlyListInterface" classname="Newtonsoft.Json.Tests.Serialization.JsonSerializerCollectionsTests" runstate="Runnable" seed="25097362" result="Passed" start-time="2019-11-12 05:39:31Z" end-time="2019-11-12 05:39:31Z" duration="0.002591" asserts="0">
                  <properties />
                </test-case>
                <test-case id="1520" name="DeserializeSemiEmpty3DArray" fullname="Newtonsoft.Json.Tests.Serialization.JsonSerializerCollectionsTests.DeserializeSemiEmpty3DArray" methodname="DeserializeSemiEmpty3DArray" classname="Newtonsoft.Json.Tests.Serialization.JsonSerializerCollectionsTests" runstate="Runnable" seed="1843564205" result="Passed" start-time="2019-11-12 05:39:31Z" end-time="2019-11-12 05:39:31Z" duration="0.001055" asserts="0">
                  <properties />
                </test-case>
                <test-case id="1491" name="DeserializeSimpleKeyValuePair" fullname="Newtonsoft.Json.Tests.Serialization.JsonSerializerCollectionsTests.DeserializeSimpleKeyValuePair" methodname="DeserializeSimpleKeyValuePair" classname="Newtonsoft.Json.Tests.Serialization.JsonSerializerCollectionsTests" runstate="Runnable" seed="767086792" result="Passed" start-time="2019-11-12 05:39:31Z" end-time="2019-11-12 05:39:31Z" duration="0.001065" asserts="0">
                  <properties />
                </test-case>
                <test-case id="1469" name="DictionaryJsonConstructorBadIEnumerableParameter" fullname="Newtonsoft.Json.Tests.Serialization.JsonSerializerCollectionsTests.DictionaryJsonConstructorBadIEnumerableParameter" methodname="DictionaryJsonConstructorBadIEnumerableParameter" classname="Newtonsoft.Json.Tests.Serialization.JsonSerializerCollectionsTests" runstate="Runnable" seed="1120671348" result="Passed" start-time="2019-11-12 05:39:31Z" end-time="2019-11-12 05:39:31Z" duration="0.004996" asserts="0">
                  <properties />
                </test-case>
                <test-case id="1468" name="DictionaryJsonConstructorMultipleParameters" fullname="Newtonsoft.Json.Tests.Serialization.JsonSerializerCollectionsTests.DictionaryJsonConstructorMultipleParameters" methodname="DictionaryJsonConstructorMultipleParameters" classname="Newtonsoft.Json.Tests.Serialization.JsonSerializerCollectionsTests" runstate="Runnable" seed="501293399" result="Passed" start-time="2019-11-12 05:39:31Z" end-time="2019-11-12 05:39:31Z" duration="0.003150" asserts="0">
                  <properties />
                </test-case>
                <test-case id="1470" name="DictionaryJsonConstructorNonGeneric" fullname="Newtonsoft.Json.Tests.Serialization.JsonSerializerCollectionsTests.DictionaryJsonConstructorNonGeneric" methodname="DictionaryJsonConstructorNonGeneric" classname="Newtonsoft.Json.Tests.Serialization.JsonSerializerCollectionsTests" runstate="Runnable" seed="230616891" result="Passed" start-time="2019-11-12 05:39:31Z" end-time="2019-11-12 05:39:31Z" duration="0.004018" asserts="0">
                  <properties />
                </test-case>
                <test-case id="1467" name="DictionaryJsonConstructorPrivate" fullname="Newtonsoft.Json.Tests.Serialization.JsonSerializerCollectionsTests.DictionaryJsonConstructorPrivate" methodname="DictionaryJsonConstructorPrivate" classname="Newtonsoft.Json.Tests.Serialization.JsonSerializerCollectionsTests" runstate="Runnable" seed="534679685" result="Passed" start-time="2019-11-12 05:39:31Z" end-time="2019-11-12 05:39:31Z" duration="0.004855" asserts="0">
                  <properties />
                </test-case>
                <test-case id="1466" name="DictionaryJsonConstructorPrivateParameterized" fullname="Newtonsoft.Json.Tests.Serialization.JsonSerializerCollectionsTests.DictionaryJsonConstructorPrivateParameterized" methodname="DictionaryJsonConstructorPrivateParameterized" classname="Newtonsoft.Json.Tests.Serialization.JsonSerializerCollectionsTests" runstate="Runnable" seed="872315358" result="Passed" start-time="2019-11-12 05:39:31Z" end-time="2019-11-12 05:39:31Z" duration="0.006855" asserts="0">
                  <properties />
                </test-case>
                <test-case id="1459" name="DoubleKey_MaxValue" fullname="Newtonsoft.Json.Tests.Serialization.JsonSerializerCollectionsTests.DoubleKey_MaxValue" methodname="DoubleKey_MaxValue" classname="Newtonsoft.Json.Tests.Serialization.JsonSerializerCollectionsTests" runstate="Runnable" seed="1138350339" result="Passed" start-time="2019-11-12 05:39:31Z" end-time="2019-11-12 05:39:31Z" duration="0.013074" asserts="0">
                  <properties />
                </test-case>
                <test-case id="1458" name="DoubleKey_WholeValue" fullname="Newtonsoft.Json.Tests.Serialization.JsonSerializerCollectionsTests.DoubleKey_WholeValue" methodname="DoubleKey_WholeValue" classname="Newtonsoft.Json.Tests.Serialization.JsonSerializerCollectionsTests" runstate="Runnable" seed="1186106046" result="Passed" start-time="2019-11-12 05:39:31Z" end-time="2019-11-12 05:39:31Z" duration="0.001014" asserts="0">
                  <properties />
                </test-case>
                <test-case id="1533" name="EmptyStringInHashtableIsDeserialized" fullname="Newtonsoft.Json.Tests.Serialization.JsonSerializerCollectionsTests.EmptyStringInHashtableIsDeserialized" methodname="EmptyStringInHashtableIsDeserialized" classname="Newtonsoft.Json.Tests.Serialization.JsonSerializerCollectionsTests" runstate="Runnable" seed="433825738" result="Passed" start-time="2019-11-12 05:39:31Z" end-time="2019-11-12 05:39:31Z" duration="0.003699" asserts="0">
                  <properties />
                </test-case>
                <test-case id="1460" name="FloatKey_MaxValue" fullname="Newtonsoft.Json.Tests.Serialization.JsonSerializerCollectionsTests.FloatKey_MaxValue" methodname="FloatKey_MaxValue" classname="Newtonsoft.Json.Tests.Serialization.JsonSerializerCollectionsTests" runstate="Runnable" seed="1974219092" result="Passed" start-time="2019-11-12 05:39:31Z" end-time="2019-11-12 05:39:31Z" duration="0.011126" asserts="0">
                  <properties />
                </test-case>
                <test-case id="1528" name="GenericCollectionInheritance" fullname="Newtonsoft.Json.Tests.Serialization.JsonSerializerCollectionsTests.GenericCollectionInheritance" methodname="GenericCollectionInheritance" classname="Newtonsoft.Json.Tests.Serialization.JsonSerializerCollectionsTests" runstate="Runnable" seed="154907945" result="Passed" start-time="2019-11-12 05:39:31Z" end-time="2019-11-12 05:39:31Z" duration="0.018009" asserts="0">
                  <properties />
                </test-case>
                <test-case id="1536" name="GenericIListAndOverrideConstructor" fullname="Newtonsoft.Json.Tests.Serialization.JsonSerializerCollectionsTests.GenericIListAndOverrideConstructor" methodname="GenericIListAndOverrideConstructor" classname="Newtonsoft.Json.Tests.Serialization.JsonSerializerCollectionsTests" runstate="Runnable" seed="1319269103" result="Passed" start-time="2019-11-12 05:39:31Z" end-time="2019-11-12 05:39:31Z" duration="0.004119" asserts="0">
                  <properties />
                </test-case>
                <test-case id="1529" name="InheritedListSerialize" fullname="Newtonsoft.Json.Tests.Serialization.JsonSerializerCollectionsTests.InheritedListSerialize" methodname="InheritedListSerialize" classname="Newtonsoft.Json.Tests.Serialization.JsonSerializerCollectionsTests" runstate="Runnable" seed="854810480" result="Passed" start-time="2019-11-12 05:39:31Z" end-time="2019-11-12 05:39:31Z" duration="0.006312" asserts="0">
                  <properties />
                </test-case>
                <test-case id="1475" name="MultiDObjectArray" fullname="Newtonsoft.Json.Tests.Serialization.JsonSerializerCollectionsTests.MultiDObjectArray" methodname="MultiDObjectArray" classname="Newtonsoft.Json.Tests.Serialization.JsonSerializerCollectionsTests" runstate="Runnable" seed="1129490488" result="Passed" start-time="2019-11-12 05:39:31Z" end-time="2019-11-12 05:39:31Z" duration="0.007144" asserts="0">
                  <properties />
                </test-case>
                <test-case id="1535" name="NonDefaultConstructor_DuplicateKeyInDictionary_Replace" fullname="Newtonsoft.Json.Tests.Serialization.JsonSerializerCollectionsTests.NonDefaultConstructor_DuplicateKeyInDictionary_Replace" methodname="NonDefaultConstructor_DuplicateKeyInDictionary_Replace" classname="Newtonsoft.Json.Tests.Serialization.JsonSerializerCollectionsTests" runstate="Runnable" seed="1565763857" result="Passed" start-time="2019-11-12 05:39:31Z" end-time="2019-11-12 05:39:31Z" duration="0.008573" asserts="0">
                  <properties />
                </test-case>
                <test-case id="1473" name="NonZeroBasedArray" fullname="Newtonsoft.Json.Tests.Serialization.JsonSerializerCollectionsTests.NonZeroBasedArray" methodname="NonZeroBasedArray" classname="Newtonsoft.Json.Tests.Serialization.JsonSerializerCollectionsTests" runstate="Runnable" seed="1915133548" result="Passed" start-time="2019-11-12 05:39:31Z" end-time="2019-11-12 05:39:31Z" duration="0.004225" asserts="0">
                  <properties />
                </test-case>
                <test-case id="1474" name="NonZeroBasedMultiArray" fullname="Newtonsoft.Json.Tests.Serialization.JsonSerializerCollectionsTests.NonZeroBasedMultiArray" methodname="NonZeroBasedMultiArray" classname="Newtonsoft.Json.Tests.Serialization.JsonSerializerCollectionsTests" runstate="Runnable" seed="1275231801" result="Passed" start-time="2019-11-12 05:39:31Z" end-time="2019-11-12 05:39:31Z" duration="0.001089" asserts="0">
                  <properties />
                </test-case>
                <test-case id="1497" name="NullableValueGenericDictionary" fullname="Newtonsoft.Json.Tests.Serialization.JsonSerializerCollectionsTests.NullableValueGenericDictionary" methodname="NullableValueGenericDictionary" classname="Newtonsoft.Json.Tests.Serialization.JsonSerializerCollectionsTests" runstate="Runnable" seed="157630646" result="Passed" start-time="2019-11-12 05:39:31Z" end-time="2019-11-12 05:39:31Z" duration="0.007531" asserts="0">
                  <properties />
                </test-case>
                <test-case id="1503" name="PopulateReadOnlyCollections" fullname="Newtonsoft.Json.Tests.Serialization.JsonSerializerCollectionsTests.PopulateReadOnlyCollections" methodname="PopulateReadOnlyCollections" classname="Newtonsoft.Json.Tests.Serialization.JsonSerializerCollectionsTests" runstate="Runnable" seed="151612399" result="Passed" start-time="2019-11-12 05:39:31Z" end-time="2019-11-12 05:39:31Z" duration="0.009051" asserts="0">
                  <properties />
                </test-case>
                <test-case id="1523" name="PrimitiveValuesInObjectArray" fullname="Newtonsoft.Json.Tests.Serialization.JsonSerializerCollectionsTests.PrimitiveValuesInObjectArray" methodname="PrimitiveValuesInObjectArray" classname="Newtonsoft.Json.Tests.Serialization.JsonSerializerCollectionsTests" runstate="Runnable" seed="323713521" result="Passed" start-time="2019-11-12 05:39:31Z" end-time="2019-11-12 05:39:31Z" duration="0.000935" asserts="0">
                  <properties />
                </test-case>
                <test-case id="1530" name="ReadOnlyCollectionSerialize" fullname="Newtonsoft.Json.Tests.Serialization.JsonSerializerCollectionsTests.ReadOnlyCollectionSerialize" methodname="ReadOnlyCollectionSerialize" classname="Newtonsoft.Json.Tests.Serialization.JsonSerializerCollectionsTests" runstate="Runnable" seed="824873363" result="Passed" start-time="2019-11-12 05:39:31Z" end-time="2019-11-12 05:39:31Z" duration="0.000777" asserts="0">
                  <properties />
                </test-case>
                <test-case id="1504" name="SerializeArray2D" fullname="Newtonsoft.Json.Tests.Serialization.JsonSerializerCollectionsTests.SerializeArray2D" methodname="SerializeArray2D" classname="Newtonsoft.Json.Tests.Serialization.JsonSerializerCollectionsTests" runstate="Runnable" seed="1414637351" result="Passed" start-time="2019-11-12 05:39:31Z" end-time="2019-11-12 05:39:31Z" duration="0.000827" asserts="0">
                  <properties />
                </test-case>
                <test-case id="1505" name="SerializeArray3D" fullname="Newtonsoft.Json.Tests.Serialization.JsonSerializerCollectionsTests.SerializeArray3D" methodname="SerializeArray3D" classname="Newtonsoft.Json.Tests.Serialization.JsonSerializerCollectionsTests" runstate="Runnable" seed="343696393" result="Passed" start-time="2019-11-12 05:39:31Z" end-time="2019-11-12 05:39:31Z" duration="0.001400" asserts="0">
                  <properties />
                </test-case>
                <test-case id="1506" name="SerializeArray3DWithConverter" fullname="Newtonsoft.Json.Tests.Serialization.JsonSerializerCollectionsTests.SerializeArray3DWithConverter" methodname="SerializeArray3DWithConverter" classname="Newtonsoft.Json.Tests.Serialization.JsonSerializerCollectionsTests" runstate="Runnable" seed="1754683689" result="Passed" start-time="2019-11-12 05:39:31Z" end-time="2019-11-12 05:39:31Z" duration="0.001883" asserts="0">
                  <properties />
                </test-case>
                <test-case id="1525" name="SerializeArrayAsArrayList" fullname="Newtonsoft.Json.Tests.Serialization.JsonSerializerCollectionsTests.SerializeArrayAsArrayList" methodname="SerializeArrayAsArrayList" classname="Newtonsoft.Json.Tests.Serialization.JsonSerializerCollectionsTests" runstate="Runnable" seed="379085530" result="Passed" start-time="2019-11-12 05:39:31Z" end-time="2019-11-12 05:39:31Z" duration="0.002212" asserts="0">
                  <properties />
                </test-case>
                <test-case id="1455" name="SerializeConcurrentBag" fullname="Newtonsoft.Json.Tests.Serialization.JsonSerializerCollectionsTests.SerializeConcurrentBag" methodname="SerializeConcurrentBag" classname="Newtonsoft.Json.Tests.Serialization.JsonSerializerCollectionsTests" runstate="Runnable" seed="800028439" result="Passed" start-time="2019-11-12 05:39:31Z" end-time="2019-11-12 05:39:31Z" duration="0.011153" asserts="0">
                  <properties />
                </test-case>
                <test-case id="1457" name="SerializeConcurrentDictionary" fullname="Newtonsoft.Json.Tests.Serialization.JsonSerializerCollectionsTests.SerializeConcurrentDictionary" methodname="SerializeConcurrentDictionary" classname="Newtonsoft.Json.Tests.Serialization.JsonSerializerCollectionsTests" runstate="Runnable" seed="735366077" result="Passed" start-time="2019-11-12 05:39:31Z" end-time="2019-11-12 05:39:31Z" duration="0.007088" asserts="0">
                  <properties />
                </test-case>
                <test-case id="1454" name="SerializeConcurrentQueue" fullname="Newtonsoft.Json.Tests.Serialization.JsonSerializerCollectionsTests.SerializeConcurrentQueue" methodname="SerializeConcurrentQueue" classname="Newtonsoft.Json.Tests.Serialization.JsonSerializerCollectionsTests" runstate="Runnable" seed="2450358" result="Passed" start-time="2019-11-12 05:39:31Z" end-time="2019-11-12 05:39:31Z" duration="0.006765" asserts="0">
                  <properties />
                </test-case>
                <test-case id="1456" name="SerializeConcurrentStack" fullname="Newtonsoft.Json.Tests.Serialization.JsonSerializerCollectionsTests.SerializeConcurrentStack" methodname="SerializeConcurrentStack" classname="Newtonsoft.Json.Tests.Serialization.JsonSerializerCollectionsTests" runstate="Runnable" seed="1029181715" result="Passed" start-time="2019-11-12 05:39:31Z" end-time="2019-11-12 05:39:31Z" duration="0.003913" asserts="0">
                  <properties />
                </test-case>
                <test-case id="1472" name="SerializeCustomConcurrentDictionary" fullname="Newtonsoft.Json.Tests.Serialization.JsonSerializerCollectionsTests.SerializeCustomConcurrentDictionary" methodname="SerializeCustomConcurrentDictionary" classname="Newtonsoft.Json.Tests.Serialization.JsonSerializerCollectionsTests" runstate="Runnable" seed="1620895823" result="Passed" start-time="2019-11-12 05:39:31Z" end-time="2019-11-12 05:39:31Z" duration="0.008648" asserts="0">
                  <properties />
                </test-case>
                <test-case id="1488" name="SerializeCustomReadOnlyCollection" fullname="Newtonsoft.Json.Tests.Serialization.JsonSerializerCollectionsTests.SerializeCustomReadOnlyCollection" methodname="SerializeCustomReadOnlyCollection" classname="Newtonsoft.Json.Tests.Serialization.JsonSerializerCollectionsTests" runstate="Runnable" seed="635847321" result="Passed" start-time="2019-11-12 05:39:31Z" end-time="2019-11-12 05:39:31Z" duration="0.002067" asserts="0">
                  <properties />
                </test-case>
                <test-case id="1487" name="SerializeCustomReadOnlyDictionary" fullname="Newtonsoft.Json.Tests.Serialization.JsonSerializerCollectionsTests.SerializeCustomReadOnlyDictionary" methodname="SerializeCustomReadOnlyDictionary" classname="Newtonsoft.Json.Tests.Serialization.JsonSerializerCollectionsTests" runstate="Runnable" seed="846137089" result="Passed" start-time="2019-11-12 05:39:31Z" end-time="2019-11-12 05:39:31Z" duration="0.003319" asserts="0">
                  <properties />
                </test-case>
                <test-case id="1515" name="SerializeEmpty3DArray" fullname="Newtonsoft.Json.Tests.Serialization.JsonSerializerCollectionsTests.SerializeEmpty3DArray" methodname="SerializeEmpty3DArray" classname="Newtonsoft.Json.Tests.Serialization.JsonSerializerCollectionsTests" runstate="Runnable" seed="1941647791" result="Passed" start-time="2019-11-12 05:39:31Z" end-time="2019-11-12 05:39:31Z" duration="0.000595" asserts="0">
                  <properties />
                </test-case>
                <test-case id="1531" name="SerializeGenericList" fullname="Newtonsoft.Json.Tests.Serialization.JsonSerializerCollectionsTests.SerializeGenericList" methodname="SerializeGenericList" classname="Newtonsoft.Json.Tests.Serialization.JsonSerializerCollectionsTests" runstate="Runnable" seed="93584392" result="Passed" start-time="2019-11-12 05:39:31Z" end-time="2019-11-12 05:39:31Z" duration="0.000986" asserts="0">
                  <properties />
                </test-case>
                <test-case id="1526" name="SerializeMemberGenericList" fullname="Newtonsoft.Json.Tests.Serialization.JsonSerializerCollectionsTests.SerializeMemberGenericList" methodname="SerializeMemberGenericList" classname="Newtonsoft.Json.Tests.Serialization.JsonSerializerCollectionsTests" runstate="Runnable" seed="1484976160" result="Passed" start-time="2019-11-12 05:39:31Z" end-time="2019-11-12 05:39:31Z" duration="0.008121" asserts="0">
                  <properties />
                </test-case>
                <test-case id="1502" name="SerializeReadOnlyCollections" fullname="Newtonsoft.Json.Tests.Serialization.JsonSerializerCollectionsTests.SerializeReadOnlyCollections" methodname="SerializeReadOnlyCollections" classname="Newtonsoft.Json.Tests.Serialization.JsonSerializerCollectionsTests" runstate="Runnable" seed="959711880" result="Passed" start-time="2019-11-12 05:39:31Z" end-time="2019-11-12 05:39:31Z" duration="0.001393" asserts="0">
                  <properties />
                </test-case>
                <test-case id="1521" name="SerializeReferenceTracked3DArray" fullname="Newtonsoft.Json.Tests.Serialization.JsonSerializerCollectionsTests.SerializeReferenceTracked3DArray" methodname="SerializeReferenceTracked3DArray" classname="Newtonsoft.Json.Tests.Serialization.JsonSerializerCollectionsTests" runstate="Runnable" seed="1635037258" result="Passed" start-time="2019-11-12 05:39:31Z" end-time="2019-11-12 05:39:31Z" duration="0.007040" asserts="0">
                  <properties />
                </test-case>
                <test-case id="1522" name="SerializeTypeName3DArray" fullname="Newtonsoft.Json.Tests.Serialization.JsonSerializerCollectionsTests.SerializeTypeName3DArray" methodname="SerializeTypeName3DArray" classname="Newtonsoft.Json.Tests.Serialization.JsonSerializerCollectionsTests" runstate="Runnable" seed="484267504" result="Passed" start-time="2019-11-12 05:39:31Z" end-time="2019-11-12 05:39:31Z" duration="0.004916" asserts="0">
                  <properties />
                </test-case>
                <test-case id="1494" name="StringAppenderConverterTest" fullname="Newtonsoft.Json.Tests.Serialization.JsonSerializerCollectionsTests.StringAppenderConverterTest" methodname="StringAppenderConverterTest" classname="Newtonsoft.Json.Tests.Serialization.JsonSerializerCollectionsTests" runstate="Runnable" seed="63568329" result="Passed" start-time="2019-11-12 05:39:31Z" end-time="2019-11-12 05:39:31Z" duration="0.001234" asserts="0">
                  <properties />
                </test-case>
                <test-case id="1493" name="StringListAppenderConverterTest" fullname="Newtonsoft.Json.Tests.Serialization.JsonSerializerCollectionsTests.StringListAppenderConverterTest" methodname="StringListAppenderConverterTest" classname="Newtonsoft.Json.Tests.Serialization.JsonSerializerCollectionsTests" runstate="Runnable" seed="1344208154" result="Passed" start-time="2019-11-12 05:39:31Z" end-time="2019-11-12 05:39:31Z" duration="0.001420" asserts="0">
                  <properties />
                </test-case>
                <test-case id="1489" name="TestEscapeDictionaryStrings" fullname="Newtonsoft.Json.Tests.Serialization.JsonSerializerCollectionsTests.TestEscapeDictionaryStrings" methodname="TestEscapeDictionaryStrings" classname="Newtonsoft.Json.Tests.Serialization.JsonSerializerCollectionsTests" runstate="Runnable" seed="571479693" result="Passed" start-time="2019-11-12 05:39:31Z" end-time="2019-11-12 05:39:31Z" duration="0.005476" asserts="0">
                  <properties />
                </test-case>
              </test-suite>
              <test-suite type="TestFixture" id="4104" name="JsonSerializerCollectionsTests+MultipleDefinedPropertySerialization" fullname="Newtonsoft.Json.Tests.Serialization.JsonSerializerCollectionsTests+MultipleDefinedPropertySerialization" classname="Newtonsoft.Json.Tests.Serialization.JsonSerializerCollectionsTests+MultipleDefinedPropertySerialization" runstate="Runnable" testcasecount="1" result="Passed" start-time="2019-11-12 05:39:31Z" end-time="2019-11-12 05:39:31Z" duration="0.015072" total="1" passed="1" failed="0" inconclusive="0" skipped="0" asserts="0">
                <properties />
                <test-case id="4105" name="SerializePropertyDefinedInMultipleInterfaces" fullname="Newtonsoft.Json.Tests.Serialization.JsonSerializerCollectionsTests+MultipleDefinedPropertySerialization.SerializePropertyDefinedInMultipleInterfaces" methodname="SerializePropertyDefinedInMultipleInterfaces" classname="Newtonsoft.Json.Tests.Serialization.JsonSerializerCollectionsTests+MultipleDefinedPropertySerialization" runstate="Runnable" seed="626666760" result="Passed" start-time="2019-11-12 05:39:31Z" end-time="2019-11-12 05:39:31Z" duration="0.007211" asserts="0">
                  <properties />
                </test-case>
              </test-suite>
              <test-suite type="TestFixture" id="1539" name="JsonSerializerTest" fullname="Newtonsoft.Json.Tests.Serialization.JsonSerializerTest" classname="Newtonsoft.Json.Tests.Serialization.JsonSerializerTest" runstate="Runnable" testcasecount="381" result="Passed" start-time="2019-11-12 05:39:31Z" end-time="2019-11-12 05:39:37Z" duration="5.324934" total="381" passed="381" failed="0" inconclusive="0" skipped="0" asserts="0">
                <properties />
                <test-case id="1861" name="AdditionalContentAfterComments" fullname="Newtonsoft.Json.Tests.Serialization.JsonSerializerTest.AdditionalContentAfterComments" methodname="AdditionalContentAfterComments" classname="Newtonsoft.Json.Tests.Serialization.JsonSerializerTest" runstate="Runnable" seed="1279896817" result="Passed" start-time="2019-11-12 05:39:35Z" end-time="2019-11-12 05:39:35Z" duration="0.003191" asserts="0">
                  <properties />
                </test-case>
                <test-case id="1860" name="AdditionalContentAfterCommentsCheckNotRequested" fullname="Newtonsoft.Json.Tests.Serialization.JsonSerializerTest.AdditionalContentAfterCommentsCheckNotRequested" methodname="AdditionalContentAfterCommentsCheckNotRequested" classname="Newtonsoft.Json.Tests.Serialization.JsonSerializerTest" runstate="Runnable" seed="1721157514" result="Passed" start-time="2019-11-12 05:39:35Z" end-time="2019-11-12 05:39:35Z" duration="0.000963" asserts="0">
                  <properties />
                </test-case>
                <test-case id="1858" name="AdditionalContentAfterFinish" fullname="Newtonsoft.Json.Tests.Serialization.JsonSerializerTest.AdditionalContentAfterFinish" methodname="AdditionalContentAfterFinish" classname="Newtonsoft.Json.Tests.Serialization.JsonSerializerTest" runstate="Runnable" seed="1175498816" result="Passed" start-time="2019-11-12 05:39:35Z" end-time="2019-11-12 05:39:35Z" duration="0.001071" asserts="0">
                  <properties />
                </test-case>
                <test-case id="1859" name="AdditionalContentAfterFinishCheckNotRequested" fullname="Newtonsoft.Json.Tests.Serialization.JsonSerializerTest.AdditionalContentAfterFinishCheckNotRequested" methodname="AdditionalContentAfterFinishCheckNotRequested" classname="Newtonsoft.Json.Tests.Serialization.JsonSerializerTest" runstate="Runnable" seed="477613121" result="Passed" start-time="2019-11-12 05:39:35Z" end-time="2019-11-12 05:39:35Z" duration="0.000787" asserts="0">
                  <properties />
                </test-case>
                <test-case id="1628" name="AnonymousObjectSerialization" fullname="Newtonsoft.Json.Tests.Serialization.JsonSerializerTest.AnonymousObjectSerialization" methodname="AnonymousObjectSerialization" classname="Newtonsoft.Json.Tests.Serialization.JsonSerializerTest" runstate="Runnable" seed="1028563526" result="Passed" start-time="2019-11-12 05:39:35Z" end-time="2019-11-12 05:39:35Z" duration="0.009715" asserts="0">
                  <properties />
                </test-case>
                <test-case id="1629" name="AnonymousObjectSerializationWithSetting" fullname="Newtonsoft.Json.Tests.Serialization.JsonSerializerTest.AnonymousObjectSerializationWithSetting" methodname="AnonymousObjectSerializationWithSetting" classname="Newtonsoft.Json.Tests.Serialization.JsonSerializerTest" runstate="Runnable" seed="631017793" result="Passed" start-time="2019-11-12 05:39:35Z" end-time="2019-11-12 05:39:35Z" duration="0.004756" asserts="0">
                  <properties />
                </test-case>
                <test-case id="1688" name="AnonymousPlusLinqToSql" fullname="Newtonsoft.Json.Tests.Serialization.JsonSerializerTest.AnonymousPlusLinqToSql" methodname="AnonymousPlusLinqToSql" classname="Newtonsoft.Json.Tests.Serialization.JsonSerializerTest" runstate="Runnable" seed="1691072327" result="Passed" start-time="2019-11-12 05:39:35Z" end-time="2019-11-12 05:39:35Z" duration="0.003961" asserts="0">
                  <properties />
                </test-case>
                <test-case id="1623" name="BackslashEqivilence" fullname="Newtonsoft.Json.Tests.Serialization.JsonSerializerTest.BackslashEqivilence" methodname="BackslashEqivilence" classname="Newtonsoft.Json.Tests.Serialization.JsonSerializerTest" runstate="Runnable" seed="1186499489" result="Passed" start-time="2019-11-12 05:39:35Z" end-time="2019-11-12 05:39:35Z" duration="0.059122" asserts="0">
                  <properties />
                </test-case>
                <test-case id="1620" name="BadJsonPropertyClassSerialize" fullname="Newtonsoft.Json.Tests.Serialization.JsonSerializerTest.BadJsonPropertyClassSerialize" methodname="BadJsonPropertyClassSerialize" classname="Newtonsoft.Json.Tests.Serialization.JsonSerializerTest" runstate="Runnable" seed="797761915" result="Passed" start-time="2019-11-12 05:39:35Z" end-time="2019-11-12 05:39:35Z" duration="0.002739" asserts="0">
                  <properties />
                </test-case>
                <test-case id="1596" name="BaseClassDeserializesAsExpected" fullname="Newtonsoft.Json.Tests.Serialization.JsonSerializerTest.BaseClassDeserializesAsExpected" methodname="BaseClassDeserializesAsExpected" classname="Newtonsoft.Json.Tests.Serialization.JsonSerializerTest" runstate="Runnable" seed="886534574" result="Passed" start-time="2019-11-12 05:39:35Z" end-time="2019-11-12 05:39:35Z" duration="0.002170" asserts="0">
                  <properties />
                </test-case>
                <test-case id="1595" name="BaseClassSerializesAsExpected" fullname="Newtonsoft.Json.Tests.Serialization.JsonSerializerTest.BaseClassSerializesAsExpected" methodname="BaseClassSerializesAsExpected" classname="Newtonsoft.Json.Tests.Serialization.JsonSerializerTest" runstate="Runnable" seed="353829302" result="Passed" start-time="2019-11-12 05:39:35Z" end-time="2019-11-12 05:39:35Z" duration="0.000962" asserts="0">
                  <properties />
                </test-case>
                <test-case id="1633" name="CanDeserializeIntArray_WhenArrayIsFirstPropertyInJson" fullname="Newtonsoft.Json.Tests.Serialization.JsonSerializerTest.CanDeserializeIntArray_WhenArrayIsFirstPropertyInJson" methodname="CanDeserializeIntArray_WhenArrayIsFirstPropertyInJson" classname="Newtonsoft.Json.Tests.Serialization.JsonSerializerTest" runstate="Runnable" seed="1520998040" result="Passed" start-time="2019-11-12 05:39:35Z" end-time="2019-11-12 05:39:35Z" duration="0.001768" asserts="0">
                  <properties />
                </test-case>
                <test-case id="1632" name="CanDeserializeIntArrayWhenNotFirstPropertyInJson" fullname="Newtonsoft.Json.Tests.Serialization.JsonSerializerTest.CanDeserializeIntArrayWhenNotFirstPropertyInJson" methodname="CanDeserializeIntArrayWhenNotFirstPropertyInJson" classname="Newtonsoft.Json.Tests.Serialization.JsonSerializerTest" runstate="Runnable" seed="1923715339" result="Passed" start-time="2019-11-12 05:39:35Z" end-time="2019-11-12 05:39:35Z" duration="0.000927" asserts="0">
                  <properties />
                </test-case>
                <test-case id="1635" name="CanDeserializeSerializedJson" fullname="Newtonsoft.Json.Tests.Serialization.JsonSerializerTest.CanDeserializeSerializedJson" methodname="CanDeserializeSerializedJson" classname="Newtonsoft.Json.Tests.Serialization.JsonSerializerTest" runstate="Runnable" seed="277800214" result="Passed" start-time="2019-11-12 05:39:35Z" end-time="2019-11-12 05:39:35Z" duration="0.001615" asserts="0">
                  <properties />
                </test-case>
                <test-case id="1699" name="CannotDeserializeArrayIntoDictionary" fullname="Newtonsoft.Json.Tests.Serialization.JsonSerializerTest.CannotDeserializeArrayIntoDictionary" methodname="CannotDeserializeArrayIntoDictionary" classname="Newtonsoft.Json.Tests.Serialization.JsonSerializerTest" runstate="Runnable" seed="1020489949" result="Passed" start-time="2019-11-12 05:39:35Z" end-time="2019-11-12 05:39:35Z" duration="0.001338" asserts="0">
                  <properties />
                </test-case>
                <test-case id="1701" name="CannotDeserializeArrayIntoDouble" fullname="Newtonsoft.Json.Tests.Serialization.JsonSerializerTest.CannotDeserializeArrayIntoDouble" methodname="CannotDeserializeArrayIntoDouble" classname="Newtonsoft.Json.Tests.Serialization.JsonSerializerTest" runstate="Runnable" seed="274398076" result="Passed" start-time="2019-11-12 05:39:35Z" end-time="2019-11-12 05:39:35Z" duration="0.001351" asserts="0">
                  <properties />
                </test-case>
                <test-case id="1702" name="CannotDeserializeArrayIntoDynamic" fullname="Newtonsoft.Json.Tests.Serialization.JsonSerializerTest.CannotDeserializeArrayIntoDynamic" methodname="CannotDeserializeArrayIntoDynamic" classname="Newtonsoft.Json.Tests.Serialization.JsonSerializerTest" runstate="Runnable" seed="2081723344" result="Passed" start-time="2019-11-12 05:39:35Z" end-time="2019-11-12 05:39:35Z" duration="0.001246" asserts="0">
                  <properties />
                </test-case>
                <test-case id="1703" name="CannotDeserializeArrayIntoLinqToJson" fullname="Newtonsoft.Json.Tests.Serialization.JsonSerializerTest.CannotDeserializeArrayIntoLinqToJson" methodname="CannotDeserializeArrayIntoLinqToJson" classname="Newtonsoft.Json.Tests.Serialization.JsonSerializerTest" runstate="Runnable" seed="1164683545" result="Passed" start-time="2019-11-12 05:39:35Z" end-time="2019-11-12 05:39:35Z" duration="0.000999" asserts="0">
                  <properties />
                </test-case>
                <test-case id="1698" name="CannotDeserializeArrayIntoObject" fullname="Newtonsoft.Json.Tests.Serialization.JsonSerializerTest.CannotDeserializeArrayIntoObject" methodname="CannotDeserializeArrayIntoObject" classname="Newtonsoft.Json.Tests.Serialization.JsonSerializerTest" runstate="Runnable" seed="1355330423" result="Passed" start-time="2019-11-12 05:39:35Z" end-time="2019-11-12 05:39:35Z" duration="0.001192" asserts="0">
                  <properties />
                </test-case>
                <test-case id="1700" name="CannotDeserializeArrayIntoSerializable" fullname="Newtonsoft.Json.Tests.Serialization.JsonSerializerTest.CannotDeserializeArrayIntoSerializable" methodname="CannotDeserializeArrayIntoSerializable" classname="Newtonsoft.Json.Tests.Serialization.JsonSerializerTest" runstate="Runnable" seed="495036957" result="Passed" start-time="2019-11-12 05:39:35Z" end-time="2019-11-12 05:39:35Z" duration="0.001452" asserts="0">
                  <properties />
                </test-case>
                <test-case id="1704" name="CannotDeserializeConstructorIntoObject" fullname="Newtonsoft.Json.Tests.Serialization.JsonSerializerTest.CannotDeserializeConstructorIntoObject" methodname="CannotDeserializeConstructorIntoObject" classname="Newtonsoft.Json.Tests.Serialization.JsonSerializerTest" runstate="Runnable" seed="57834407" result="Passed" start-time="2019-11-12 05:39:35Z" end-time="2019-11-12 05:39:35Z" duration="0.004626" asserts="0">
                  <properties />
                </test-case>
                <test-case id="1705" name="CannotDeserializeConstructorIntoObjectNested" fullname="Newtonsoft.Json.Tests.Serialization.JsonSerializerTest.CannotDeserializeConstructorIntoObjectNested" methodname="CannotDeserializeConstructorIntoObjectNested" classname="Newtonsoft.Json.Tests.Serialization.JsonSerializerTest" runstate="Runnable" seed="973538772" result="Passed" start-time="2019-11-12 05:39:35Z" end-time="2019-11-12 05:39:35Z" duration="0.004685" asserts="0">
                  <properties />
                </test-case>
                <test-case id="1706" name="CannotDeserializeObjectIntoArray" fullname="Newtonsoft.Json.Tests.Serialization.JsonSerializerTest.CannotDeserializeObjectIntoArray" methodname="CannotDeserializeObjectIntoArray" classname="Newtonsoft.Json.Tests.Serialization.JsonSerializerTest" runstate="Runnable" seed="979419919" result="Passed" start-time="2019-11-12 05:39:35Z" end-time="2019-11-12 05:39:35Z" duration="0.001172" asserts="0">
                  <properties />
                </test-case>
                <test-case id="1707" name="CannotPopulateArrayIntoObject" fullname="Newtonsoft.Json.Tests.Serialization.JsonSerializerTest.CannotPopulateArrayIntoObject" methodname="CannotPopulateArrayIntoObject" classname="Newtonsoft.Json.Tests.Serialization.JsonSerializerTest" runstate="Runnable" seed="2084699265" result="Passed" start-time="2019-11-12 05:39:35Z" end-time="2019-11-12 05:39:35Z" duration="0.000969" asserts="0">
                  <properties />
                </test-case>
                <test-case id="1708" name="CannotPopulateObjectIntoArray" fullname="Newtonsoft.Json.Tests.Serialization.JsonSerializerTest.CannotPopulateObjectIntoArray" methodname="CannotPopulateObjectIntoArray" classname="Newtonsoft.Json.Tests.Serialization.JsonSerializerTest" runstate="Runnable" seed="1209093830" result="Passed" start-time="2019-11-12 05:39:35Z" end-time="2019-11-12 05:39:35Z" duration="0.001426" asserts="0">
                  <properties />
                </test-case>
                <test-case id="1582" name="CanSerializedWithGenericClosedTypeAsArgument" fullname="Newtonsoft.Json.Tests.Serialization.JsonSerializerTest.CanSerializedWithGenericClosedTypeAsArgument" methodname="CanSerializedWithGenericClosedTypeAsArgument" classname="Newtonsoft.Json.Tests.Serialization.JsonSerializerTest" runstate="Runnable" seed="708300695" result="Passed" start-time="2019-11-12 05:39:35Z" end-time="2019-11-12 05:39:35Z" duration="0.006494" asserts="0">
                  <properties />
                </test-case>
                <test-case id="1579" name="CanSerializeWithBuiltInTypeAsGenericArgument" fullname="Newtonsoft.Json.Tests.Serialization.JsonSerializerTest.CanSerializeWithBuiltInTypeAsGenericArgument" methodname="CanSerializeWithBuiltInTypeAsGenericArgument" classname="Newtonsoft.Json.Tests.Serialization.JsonSerializerTest" runstate="Runnable" seed="254654210" result="Passed" start-time="2019-11-12 05:39:35Z" end-time="2019-11-12 05:39:35Z" duration="0.005259" asserts="0">
                  <properties />
                </test-case>
                <test-case id="1581" name="CanSerializeWithBuiltInTypeAsGenericArgumentOverride" fullname="Newtonsoft.Json.Tests.Serialization.JsonSerializerTest.CanSerializeWithBuiltInTypeAsGenericArgumentOverride" methodname="CanSerializeWithBuiltInTypeAsGenericArgumentOverride" classname="Newtonsoft.Json.Tests.Serialization.JsonSerializerTest" runstate="Runnable" seed="232409755" result="Passed" start-time="2019-11-12 05:39:35Z" end-time="2019-11-12 05:39:35Z" duration="0.006215" asserts="0">
                  <properties />
                </test-case>
                <test-case id="1580" name="CanSerializeWithBuiltInTypeAsGenericArgumentVirtual" fullname="Newtonsoft.Json.Tests.Serialization.JsonSerializerTest.CanSerializeWithBuiltInTypeAsGenericArgumentVirtual" methodname="CanSerializeWithBuiltInTypeAsGenericArgumentVirtual" classname="Newtonsoft.Json.Tests.Serialization.JsonSerializerTest" runstate="Runnable" seed="1264073832" result="Passed" start-time="2019-11-12 05:39:35Z" end-time="2019-11-12 05:39:35Z" duration="0.004253" asserts="0">
                  <properties />
                </test-case>
                <test-case id="1554" name="CaseInsensitiveRequiredPropertyConstructorCreation" fullname="Newtonsoft.Json.Tests.Serialization.JsonSerializerTest.CaseInsensitiveRequiredPropertyConstructorCreation" methodname="CaseInsensitiveRequiredPropertyConstructorCreation" classname="Newtonsoft.Json.Tests.Serialization.JsonSerializerTest" runstate="Runnable" seed="1844504606" result="Passed" start-time="2019-11-12 05:39:35Z" end-time="2019-11-12 05:39:35Z" duration="0.003116" asserts="0">
                  <properties />
                </test-case>
                <test-case id="1853" name="CheckAdditionalContent" fullname="Newtonsoft.Json.Tests.Serialization.JsonSerializerTest.CheckAdditionalContent" methodname="CheckAdditionalContent" classname="Newtonsoft.Json.Tests.Serialization.JsonSerializerTest" runstate="Runnable" seed="621603528" result="Passed" start-time="2019-11-12 05:39:35Z" end-time="2019-11-12 05:39:35Z" duration="0.001712" asserts="0">
                  <properties />
                </test-case>
                <test-case id="1856" name="CheckAdditionalContentCommentsThenAnotherObject" fullname="Newtonsoft.Json.Tests.Serialization.JsonSerializerTest.CheckAdditionalContentCommentsThenAnotherObject" methodname="CheckAdditionalContentCommentsThenAnotherObject" classname="Newtonsoft.Json.Tests.Serialization.JsonSerializerTest" runstate="Runnable" seed="511269678" result="Passed" start-time="2019-11-12 05:39:35Z" end-time="2019-11-12 05:39:35Z" duration="0.000973" asserts="0">
                  <properties />
                </test-case>
                <test-case id="1854" name="CheckAdditionalContentJustComment" fullname="Newtonsoft.Json.Tests.Serialization.JsonSerializerTest.CheckAdditionalContentJustComment" methodname="CheckAdditionalContentJustComment" classname="Newtonsoft.Json.Tests.Serialization.JsonSerializerTest" runstate="Runnable" seed="1233321971" result="Passed" start-time="2019-11-12 05:39:35Z" end-time="2019-11-12 05:39:35Z" duration="0.000796" asserts="0">
                  <properties />
                </test-case>
                <test-case id="1855" name="CheckAdditionalContentJustMultipleComments" fullname="Newtonsoft.Json.Tests.Serialization.JsonSerializerTest.CheckAdditionalContentJustMultipleComments" methodname="CheckAdditionalContentJustMultipleComments" classname="Newtonsoft.Json.Tests.Serialization.JsonSerializerTest" runstate="Runnable" seed="2100085152" result="Passed" start-time="2019-11-12 05:39:35Z" end-time="2019-11-12 05:39:35Z" duration="0.000951" asserts="0">
                  <properties />
                </test-case>
                <test-case id="1914" name="ChildClassWithProtectedOverridePlusJsonProperty_Serialize" fullname="Newtonsoft.Json.Tests.Serialization.JsonSerializerTest.ChildClassWithProtectedOverridePlusJsonProperty_Serialize" methodname="ChildClassWithProtectedOverridePlusJsonProperty_Serialize" classname="Newtonsoft.Json.Tests.Serialization.JsonSerializerTest" runstate="Runnable" seed="1770246576" result="Passed" start-time="2019-11-12 05:39:35Z" end-time="2019-11-12 05:39:35Z" duration="0.002723" asserts="0">
                  <properties />
                </test-case>
                <test-case id="1785" name="ChildDataContractTest" fullname="Newtonsoft.Json.Tests.Serialization.JsonSerializerTest.ChildDataContractTest" methodname="ChildDataContractTest" classname="Newtonsoft.Json.Tests.Serialization.JsonSerializerTest" runstate="Runnable" seed="209856262" result="Passed" start-time="2019-11-12 05:39:35Z" end-time="2019-11-12 05:39:35Z" duration="0.004586" asserts="0">
                  <properties />
                </test-case>
                <test-case id="1786" name="ChildDataContractTestWithDataContractSerializer" fullname="Newtonsoft.Json.Tests.Serialization.JsonSerializerTest.ChildDataContractTestWithDataContractSerializer" methodname="ChildDataContractTestWithDataContractSerializer" classname="Newtonsoft.Json.Tests.Serialization.JsonSerializerTest" runstate="Runnable" seed="1054985477" result="Passed" start-time="2019-11-12 05:39:35Z" end-time="2019-11-12 05:39:35Z" duration="0.010321" asserts="0">
                  <properties />
                </test-case>
                <test-case id="1602" name="ChildDataContractTestWithHidden" fullname="Newtonsoft.Json.Tests.Serialization.JsonSerializerTest.ChildDataContractTestWithHidden" methodname="ChildDataContractTestWithHidden" classname="Newtonsoft.Json.Tests.Serialization.JsonSerializerTest" runstate="Runnable" seed="790837457" result="Passed" start-time="2019-11-12 05:39:35Z" end-time="2019-11-12 05:39:35Z" duration="0.004873" asserts="0">
                  <properties />
                </test-case>
                <test-case id="1787" name="ChildObjectTest" fullname="Newtonsoft.Json.Tests.Serialization.JsonSerializerTest.ChildObjectTest" methodname="ChildObjectTest" classname="Newtonsoft.Json.Tests.Serialization.JsonSerializerTest" runstate="Runnable" seed="720118203" result="Passed" start-time="2019-11-12 05:39:35Z" end-time="2019-11-12 05:39:35Z" duration="0.003198" asserts="0">
                  <properties />
                </test-case>
                <test-case id="1788" name="ChildWithDifferentOverrideObjectTest" fullname="Newtonsoft.Json.Tests.Serialization.JsonSerializerTest.ChildWithDifferentOverrideObjectTest" methodname="ChildWithDifferentOverrideObjectTest" classname="Newtonsoft.Json.Tests.Serialization.JsonSerializerTest" runstate="Runnable" seed="893615812" result="Passed" start-time="2019-11-12 05:39:35Z" end-time="2019-11-12 05:39:35Z" duration="0.002957" asserts="0">
                  <properties />
                </test-case>
                <test-case id="1730" name="CircularConstructorDeserialize" fullname="Newtonsoft.Json.Tests.Serialization.JsonSerializerTest.CircularConstructorDeserialize" methodname="CircularConstructorDeserialize" classname="Newtonsoft.Json.Tests.Serialization.JsonSerializerTest" runstate="Runnable" seed="1757834901" result="Passed" start-time="2019-11-12 05:39:35Z" end-time="2019-11-12 05:39:35Z" duration="0.006199" asserts="0">
                  <properties />
                </test-case>
                <test-case id="1792" name="ClassAttributesInheritance" fullname="Newtonsoft.Json.Tests.Serialization.JsonSerializerTest.ClassAttributesInheritance" methodname="ClassAttributesInheritance" classname="Newtonsoft.Json.Tests.Serialization.JsonSerializerTest" runstate="Runnable" seed="337007717" result="Passed" start-time="2019-11-12 05:39:35Z" end-time="2019-11-12 05:39:35Z" duration="0.006674" asserts="0">
                  <properties />
                </test-case>
                <test-case id="1555" name="CoercedEmptyStringWithRequired" fullname="Newtonsoft.Json.Tests.Serialization.JsonSerializerTest.CoercedEmptyStringWithRequired" methodname="CoercedEmptyStringWithRequired" classname="Newtonsoft.Json.Tests.Serialization.JsonSerializerTest" runstate="Runnable" seed="342765760" result="Passed" start-time="2019-11-12 05:39:35Z" end-time="2019-11-12 05:39:35Z" duration="0.003038" asserts="0">
                  <properties />
                </test-case>
                <test-case id="1556" name="CoercedEmptyStringWithRequired_DisallowNull" fullname="Newtonsoft.Json.Tests.Serialization.JsonSerializerTest.CoercedEmptyStringWithRequired_DisallowNull" methodname="CoercedEmptyStringWithRequired_DisallowNull" classname="Newtonsoft.Json.Tests.Serialization.JsonSerializerTest" runstate="Runnable" seed="1525462474" result="Passed" start-time="2019-11-12 05:39:35Z" end-time="2019-11-12 05:39:35Z" duration="0.002580" asserts="0">
                  <properties />
                </test-case>
                <test-case id="1558" name="CoercedEmptyStringWithRequiredConstructor" fullname="Newtonsoft.Json.Tests.Serialization.JsonSerializerTest.CoercedEmptyStringWithRequiredConstructor" methodname="CoercedEmptyStringWithRequiredConstructor" classname="Newtonsoft.Json.Tests.Serialization.JsonSerializerTest" runstate="Runnable" seed="233185713" result="Passed" start-time="2019-11-12 05:39:35Z" end-time="2019-11-12 05:39:35Z" duration="0.001021" asserts="0">
                  <properties />
                </test-case>
                <test-case id="1782" name="CommentTestClassTest" fullname="Newtonsoft.Json.Tests.Serialization.JsonSerializerTest.CommentTestClassTest" methodname="CommentTestClassTest" classname="Newtonsoft.Json.Tests.Serialization.JsonSerializerTest" runstate="Runnable" seed="1027157817" result="Passed" start-time="2019-11-12 05:39:35Z" end-time="2019-11-12 05:39:35Z" duration="0.006047" asserts="0">
                  <properties />
                </test-case>
                <test-case id="1644" name="ConstructorCaseSensitivity" fullname="Newtonsoft.Json.Tests.Serialization.JsonSerializerTest.ConstructorCaseSensitivity" methodname="ConstructorCaseSensitivity" classname="Newtonsoft.Json.Tests.Serialization.JsonSerializerTest" runstate="Runnable" seed="158253656" result="Passed" start-time="2019-11-12 05:39:35Z" end-time="2019-11-12 05:39:35Z" duration="0.004288" asserts="0">
                  <properties />
                </test-case>
                <test-case id="1715" name="ConstructorReadonlyFieldsTest" fullname="Newtonsoft.Json.Tests.Serialization.JsonSerializerTest.ConstructorReadonlyFieldsTest" methodname="ConstructorReadonlyFieldsTest" classname="Newtonsoft.Json.Tests.Serialization.JsonSerializerTest" runstate="Runnable" seed="1523368530" result="Passed" start-time="2019-11-12 05:39:35Z" end-time="2019-11-12 05:39:35Z" duration="0.003119" asserts="0">
                  <properties />
                </test-case>
                <test-case id="1601" name="ConversionOperator" fullname="Newtonsoft.Json.Tests.Serialization.JsonSerializerTest.ConversionOperator" methodname="ConversionOperator" classname="Newtonsoft.Json.Tests.Serialization.JsonSerializerTest" runstate="Runnable" seed="909301417" result="Passed" start-time="2019-11-12 05:39:35Z" end-time="2019-11-12 05:39:35Z" duration="0.037483" asserts="0">
                  <properties />
                </test-case>
                <test-case id="1652" name="ConverterAttributeExample" fullname="Newtonsoft.Json.Tests.Serialization.JsonSerializerTest.ConverterAttributeExample" methodname="ConverterAttributeExample" classname="Newtonsoft.Json.Tests.Serialization.JsonSerializerTest" runstate="Runnable" seed="1134805345" result="Passed" start-time="2019-11-12 05:39:35Z" end-time="2019-11-12 05:39:35Z" duration="0.003610" asserts="0">
                  <properties />
                </test-case>
                <test-case id="1895" name="ConvertibleIdTest" fullname="Newtonsoft.Json.Tests.Serialization.JsonSerializerTest.ConvertibleIdTest" methodname="ConvertibleIdTest" classname="Newtonsoft.Json.Tests.Serialization.JsonSerializerTest" runstate="Runnable" seed="1687087485" result="Passed" start-time="2019-11-12 05:39:35Z" end-time="2019-11-12 05:39:35Z" duration="0.003774" asserts="0">
                  <properties />
                </test-case>
                <test-case id="1732" name="DataContractJsonSerializerTest" fullname="Newtonsoft.Json.Tests.Serialization.JsonSerializerTest.DataContractJsonSerializerTest" methodname="DataContractJsonSerializerTest" classname="Newtonsoft.Json.Tests.Serialization.JsonSerializerTest" runstate="Runnable" seed="2020416982" result="Passed" start-time="2019-11-12 05:39:35Z" end-time="2019-11-12 05:39:35Z" duration="0.032945" asserts="0">
                  <properties />
                </test-case>
                <test-case id="1872" name="DateFormatString" fullname="Newtonsoft.Json.Tests.Serialization.JsonSerializerTest.DateFormatString" methodname="DateFormatString" classname="Newtonsoft.Json.Tests.Serialization.JsonSerializerTest" runstate="Runnable" seed="1941752590" result="Passed" start-time="2019-11-12 05:39:35Z" end-time="2019-11-12 05:39:35Z" duration="0.001532" asserts="0">
                  <properties />
                </test-case>
                <test-case id="1873" name="DateFormatStringForInternetExplorer" fullname="Newtonsoft.Json.Tests.Serialization.JsonSerializerTest.DateFormatStringForInternetExplorer" methodname="DateFormatStringForInternetExplorer" classname="Newtonsoft.Json.Tests.Serialization.JsonSerializerTest" runstate="Runnable" seed="1491069902" result="Passed" start-time="2019-11-12 05:39:35Z" end-time="2019-11-12 05:39:35Z" duration="0.001022" asserts="0">
                  <properties />
                </test-case>
                <test-case id="1898" name="DateFormatStringWithDateTime" fullname="Newtonsoft.Json.Tests.Serialization.JsonSerializerTest.DateFormatStringWithDateTime" methodname="DateFormatStringWithDateTime" classname="Newtonsoft.Json.Tests.Serialization.JsonSerializerTest" runstate="Runnable" seed="1113923148" result="Passed" start-time="2019-11-12 05:39:35Z" end-time="2019-11-12 05:39:35Z" duration="0.002471" asserts="0">
                  <properties />
                </test-case>
                <test-case id="1899" name="DateFormatStringWithDateTimeAndCulture" fullname="Newtonsoft.Json.Tests.Serialization.JsonSerializerTest.DateFormatStringWithDateTimeAndCulture" methodname="DateFormatStringWithDateTimeAndCulture" classname="Newtonsoft.Json.Tests.Serialization.JsonSerializerTest" runstate="Runnable" seed="2006440341" result="Passed" start-time="2019-11-12 05:39:35Z" end-time="2019-11-12 05:39:35Z" duration="0.001965" asserts="0">
                  <properties />
                </test-case>
                <test-case id="1904" name="DateFormatStringWithDateTimeOffset" fullname="Newtonsoft.Json.Tests.Serialization.JsonSerializerTest.DateFormatStringWithDateTimeOffset" methodname="DateFormatStringWithDateTimeOffset" classname="Newtonsoft.Json.Tests.Serialization.JsonSerializerTest" runstate="Runnable" seed="1063081541" result="Passed" start-time="2019-11-12 05:39:35Z" end-time="2019-11-12 05:39:35Z" duration="0.002279" asserts="0">
                  <properties />
                </test-case>
                <test-case id="1900" name="DateFormatStringWithDictionaryKey_DateTime" fullname="Newtonsoft.Json.Tests.Serialization.JsonSerializerTest.DateFormatStringWithDictionaryKey_DateTime" methodname="DateFormatStringWithDictionaryKey_DateTime" classname="Newtonsoft.Json.Tests.Serialization.JsonSerializerTest" runstate="Runnable" seed="1162521987" result="Passed" start-time="2019-11-12 05:39:35Z" end-time="2019-11-12 05:39:35Z" duration="0.003592" asserts="0">
                  <properties />
                </test-case>
                <test-case id="1901" name="DateFormatStringWithDictionaryKey_DateTime_ReadAhead" fullname="Newtonsoft.Json.Tests.Serialization.JsonSerializerTest.DateFormatStringWithDictionaryKey_DateTime_ReadAhead" methodname="DateFormatStringWithDictionaryKey_DateTime_ReadAhead" classname="Newtonsoft.Json.Tests.Serialization.JsonSerializerTest" runstate="Runnable" seed="757515306" result="Passed" start-time="2019-11-12 05:39:35Z" end-time="2019-11-12 05:39:35Z" duration="0.001232" asserts="0">
                  <properties />
                </test-case>
                <test-case id="1902" name="DateFormatStringWithDictionaryKey_DateTimeOffset" fullname="Newtonsoft.Json.Tests.Serialization.JsonSerializerTest.DateFormatStringWithDictionaryKey_DateTimeOffset" methodname="DateFormatStringWithDictionaryKey_DateTimeOffset" classname="Newtonsoft.Json.Tests.Serialization.JsonSerializerTest" runstate="Runnable" seed="1965562973" result="Passed" start-time="2019-11-12 05:39:35Z" end-time="2019-11-12 05:39:35Z" duration="0.010783" asserts="0">
                  <properties />
                </test-case>
                <test-case id="1903" name="DateFormatStringWithDictionaryKey_DateTimeOffset_ReadAhead" fullname="Newtonsoft.Json.Tests.Serialization.JsonSerializerTest.DateFormatStringWithDictionaryKey_DateTimeOffset_ReadAhead" methodname="DateFormatStringWithDictionaryKey_DateTimeOffset_ReadAhead" classname="Newtonsoft.Json.Tests.Serialization.JsonSerializerTest" runstate="Runnable" seed="537314058" result="Passed" start-time="2019-11-12 05:39:35Z" end-time="2019-11-12 05:39:35Z" duration="0.001440" asserts="0">
                  <properties />
                </test-case>
                <test-case id="1845" name="DateTimeDictionaryKey_DateTime_Iso" fullname="Newtonsoft.Json.Tests.Serialization.JsonSerializerTest.DateTimeDictionaryKey_DateTime_Iso" methodname="DateTimeDictionaryKey_DateTime_Iso" classname="Newtonsoft.Json.Tests.Serialization.JsonSerializerTest" runstate="Runnable" seed="1663711981" result="Passed" start-time="2019-11-12 05:39:35Z" end-time="2019-11-12 05:39:35Z" duration="0.003586" asserts="0">
                  <properties />
                </test-case>
                <test-case id="1846" name="DateTimeDictionaryKey_DateTime_Iso_Local" fullname="Newtonsoft.Json.Tests.Serialization.JsonSerializerTest.DateTimeDictionaryKey_DateTime_Iso_Local" methodname="DateTimeDictionaryKey_DateTime_Iso_Local" classname="Newtonsoft.Json.Tests.Serialization.JsonSerializerTest" runstate="Runnable" seed="1135295558" result="Passed" start-time="2019-11-12 05:39:35Z" end-time="2019-11-12 05:39:35Z" duration="0.001721" asserts="0">
                  <properties />
                </test-case>
                <test-case id="1847" name="DateTimeDictionaryKey_DateTime_MS" fullname="Newtonsoft.Json.Tests.Serialization.JsonSerializerTest.DateTimeDictionaryKey_DateTime_MS" methodname="DateTimeDictionaryKey_DateTime_MS" classname="Newtonsoft.Json.Tests.Serialization.JsonSerializerTest" runstate="Runnable" seed="928151588" result="Passed" start-time="2019-11-12 05:39:35Z" end-time="2019-11-12 05:39:35Z" duration="0.001404" asserts="0">
                  <properties />
                </test-case>
                <test-case id="1843" name="DateTimeDictionaryKey_DateTimeOffset_Iso" fullname="Newtonsoft.Json.Tests.Serialization.JsonSerializerTest.DateTimeDictionaryKey_DateTimeOffset_Iso" methodname="DateTimeDictionaryKey_DateTimeOffset_Iso" classname="Newtonsoft.Json.Tests.Serialization.JsonSerializerTest" runstate="Runnable" seed="963954839" result="Passed" start-time="2019-11-12 05:39:35Z" end-time="2019-11-12 05:39:35Z" duration="0.009753" asserts="0">
                  <properties />
                </test-case>
                <test-case id="1844" name="DateTimeDictionaryKey_DateTimeOffset_MS" fullname="Newtonsoft.Json.Tests.Serialization.JsonSerializerTest.DateTimeDictionaryKey_DateTimeOffset_MS" methodname="DateTimeDictionaryKey_DateTimeOffset_MS" classname="Newtonsoft.Json.Tests.Serialization.JsonSerializerTest" runstate="Runnable" seed="1766011811" result="Passed" start-time="2019-11-12 05:39:35Z" end-time="2019-11-12 05:39:35Z" duration="0.011475" asserts="0">
                  <properties />
                </test-case>
                <test-case id="1625" name="DateTimeOffsetIso" fullname="Newtonsoft.Json.Tests.Serialization.JsonSerializerTest.DateTimeOffsetIso" methodname="DateTimeOffsetIso" classname="Newtonsoft.Json.Tests.Serialization.JsonSerializerTest" runstate="Runnable" seed="327463490" result="Passed" start-time="2019-11-12 05:39:35Z" end-time="2019-11-12 05:39:35Z" duration="0.001088" asserts="0">
                  <properties />
                </test-case>
                <test-case id="1626" name="DateTimeOffsetMsAjax" fullname="Newtonsoft.Json.Tests.Serialization.JsonSerializerTest.DateTimeOffsetMsAjax" methodname="DateTimeOffsetMsAjax" classname="Newtonsoft.Json.Tests.Serialization.JsonSerializerTest" runstate="Runnable" seed="1575547094" result="Passed" start-time="2019-11-12 05:39:35Z" end-time="2019-11-12 05:39:35Z" duration="0.000941" asserts="0">
                  <properties />
                </test-case>
                <test-case id="1624" name="DateTimeTest" fullname="Newtonsoft.Json.Tests.Serialization.JsonSerializerTest.DateTimeTest" methodname="DateTimeTest" classname="Newtonsoft.Json.Tests.Serialization.JsonSerializerTest" runstate="Runnable" seed="2026060219" result="Passed" start-time="2019-11-12 05:39:35Z" end-time="2019-11-12 05:39:35Z" duration="0.009883" asserts="0">
                  <properties />
                </test-case>
                <test-case id="1639" name="DateTimeTimeZone" fullname="Newtonsoft.Json.Tests.Serialization.JsonSerializerTest.DateTimeTimeZone" methodname="DateTimeTimeZone" classname="Newtonsoft.Json.Tests.Serialization.JsonSerializerTest" runstate="Runnable" seed="98192970" result="Passed" start-time="2019-11-12 05:39:35Z" end-time="2019-11-12 05:39:35Z" duration="0.000797" asserts="0">
                  <properties />
                </test-case>
                <test-case id="1881" name="DefaultDateStringFormatVsUnsetDateStringFormat" fullname="Newtonsoft.Json.Tests.Serialization.JsonSerializerTest.DefaultDateStringFormatVsUnsetDateStringFormat" methodname="DefaultDateStringFormatVsUnsetDateStringFormat" classname="Newtonsoft.Json.Tests.Serialization.JsonSerializerTest" runstate="Runnable" seed="1980234577" result="Passed" start-time="2019-11-12 05:39:35Z" end-time="2019-11-12 05:39:35Z" duration="0.001204" asserts="0">
                  <properties />
                </test-case>
                <test-case id="1598" name="DerivedClassHidingBasePropertyDeserializesAsExpected" fullname="Newtonsoft.Json.Tests.Serialization.JsonSerializerTest.DerivedClassHidingBasePropertyDeserializesAsExpected" methodname="DerivedClassHidingBasePropertyDeserializesAsExpected" classname="Newtonsoft.Json.Tests.Serialization.JsonSerializerTest" runstate="Runnable" seed="1498696080" result="Passed" start-time="2019-11-12 05:39:35Z" end-time="2019-11-12 05:39:35Z" duration="0.003487" asserts="0">
                  <properties />
                </test-case>
                <test-case id="1597" name="DerivedClassHidingBasePropertySerializesAsExpected" fullname="Newtonsoft.Json.Tests.Serialization.JsonSerializerTest.DerivedClassHidingBasePropertySerializesAsExpected" methodname="DerivedClassHidingBasePropertySerializesAsExpected" classname="Newtonsoft.Json.Tests.Serialization.JsonSerializerTest" runstate="Runnable" seed="767227955" result="Passed" start-time="2019-11-12 05:39:35Z" end-time="2019-11-12 05:39:35Z" duration="0.000929" asserts="0">
                  <properties />
                </test-case>
                <test-case id="1600" name="DerivedGenericClassHidingBasePropertyDeserializesAsExpected" fullname="Newtonsoft.Json.Tests.Serialization.JsonSerializerTest.DerivedGenericClassHidingBasePropertyDeserializesAsExpected" methodname="DerivedGenericClassHidingBasePropertyDeserializesAsExpected" classname="Newtonsoft.Json.Tests.Serialization.JsonSerializerTest" runstate="Runnable" seed="371976491" result="Passed" start-time="2019-11-12 05:39:35Z" end-time="2019-11-12 05:39:35Z" duration="0.003232" asserts="0">
                  <properties />
                </test-case>
                <test-case id="1599" name="DerivedGenericClassHidingBasePropertySerializesAsExpected" fullname="Newtonsoft.Json.Tests.Serialization.JsonSerializerTest.DerivedGenericClassHidingBasePropertySerializesAsExpected" methodname="DerivedGenericClassHidingBasePropertySerializesAsExpected" classname="Newtonsoft.Json.Tests.Serialization.JsonSerializerTest" runstate="Runnable" seed="2104075008" result="Passed" start-time="2019-11-12 05:39:35Z" end-time="2019-11-12 05:39:35Z" duration="0.000667" asserts="0">
                  <properties />
                </test-case>
                <test-case id="1542" name="DeserializeAlmostImmutableStruct" fullname="Newtonsoft.Json.Tests.Serialization.JsonSerializerTest.DeserializeAlmostImmutableStruct" methodname="DeserializeAlmostImmutableStruct" classname="Newtonsoft.Json.Tests.Serialization.JsonSerializerTest" runstate="Runnable" seed="1058435704" result="Passed" start-time="2019-11-12 05:39:35Z" end-time="2019-11-12 05:39:35Z" duration="0.002328" asserts="0">
                  <properties />
                </test-case>
                <test-case id="1722" name="DeserializeBaseReferenceWithDerivedValue" fullname="Newtonsoft.Json.Tests.Serialization.JsonSerializerTest.DeserializeBaseReferenceWithDerivedValue" methodname="DeserializeBaseReferenceWithDerivedValue" classname="Newtonsoft.Json.Tests.Serialization.JsonSerializerTest" runstate="Runnable" seed="42824550" result="Passed" start-time="2019-11-12 05:39:35Z" end-time="2019-11-12 05:39:35Z" duration="0.002308" asserts="0">
                  <properties />
                </test-case>
                <test-case id="1673" name="DeserializeBestMatchPropertyCase" fullname="Newtonsoft.Json.Tests.Serialization.JsonSerializerTest.DeserializeBestMatchPropertyCase" methodname="DeserializeBestMatchPropertyCase" classname="Newtonsoft.Json.Tests.Serialization.JsonSerializerTest" runstate="Runnable" seed="1015911246" result="Passed" start-time="2019-11-12 05:39:35Z" end-time="2019-11-12 05:39:35Z" duration="0.003113" asserts="0">
                  <properties />
                </test-case>
                <test-case id="1575" name="DeserializeBoolAsStringInDictionary" fullname="Newtonsoft.Json.Tests.Serialization.JsonSerializerTest.DeserializeBoolAsStringInDictionary" methodname="DeserializeBoolAsStringInDictionary" classname="Newtonsoft.Json.Tests.Serialization.JsonSerializerTest" runstate="Runnable" seed="866976201" result="Passed" start-time="2019-11-12 05:39:35Z" end-time="2019-11-12 05:39:35Z" duration="0.000702" asserts="0">
                  <properties />
                </test-case>
                <test-case id="1550" name="DeserializeBoolean_BadString" fullname="Newtonsoft.Json.Tests.Serialization.JsonSerializerTest.DeserializeBoolean_BadString" methodname="DeserializeBoolean_BadString" classname="Newtonsoft.Json.Tests.Serialization.JsonSerializerTest" runstate="Runnable" seed="1801396682" result="Passed" start-time="2019-11-12 05:39:35Z" end-time="2019-11-12 05:39:35Z" duration="0.002609" asserts="0">
                  <properties />
                </test-case>
                <test-case id="1549" name="DeserializeBoolean_DateTime" fullname="Newtonsoft.Json.Tests.Serialization.JsonSerializerTest.DeserializeBoolean_DateTime" methodname="DeserializeBoolean_DateTime" classname="Newtonsoft.Json.Tests.Serialization.JsonSerializerTest" runstate="Runnable" seed="745683075" result="Passed" start-time="2019-11-12 05:39:35Z" end-time="2019-11-12 05:39:35Z" duration="0.000816" asserts="0">
                  <properties />
                </test-case>
                <test-case id="1551" name="DeserializeBoolean_EmptyString" fullname="Newtonsoft.Json.Tests.Serialization.JsonSerializerTest.DeserializeBoolean_EmptyString" methodname="DeserializeBoolean_EmptyString" classname="Newtonsoft.Json.Tests.Serialization.JsonSerializerTest" runstate="Runnable" seed="1263688398" result="Passed" start-time="2019-11-12 05:39:35Z" end-time="2019-11-12 05:39:35Z" duration="0.000805" asserts="0">
                  <properties />
                </test-case>
                <test-case id="1548" name="DeserializeBoolean_Null" fullname="Newtonsoft.Json.Tests.Serialization.JsonSerializerTest.DeserializeBoolean_Null" methodname="DeserializeBoolean_Null" classname="Newtonsoft.Json.Tests.Serialization.JsonSerializerTest" runstate="Runnable" seed="1095136923" result="Passed" start-time="2019-11-12 05:39:35Z" end-time="2019-11-12 05:39:35Z" duration="0.000873" asserts="0">
                  <properties />
                </test-case>
                <test-case id="1552" name="DeserializeBooleans" fullname="Newtonsoft.Json.Tests.Serialization.JsonSerializerTest.DeserializeBooleans" methodname="DeserializeBooleans" classname="Newtonsoft.Json.Tests.Serialization.JsonSerializerTest" runstate="Runnable" seed="688999029" result="Passed" start-time="2019-11-12 05:39:35Z" end-time="2019-11-12 05:39:35Z" duration="0.002808" asserts="0">
                  <properties />
                </test-case>
                <test-case id="1816" name="DeserializeBoolInt" fullname="Newtonsoft.Json.Tests.Serialization.JsonSerializerTest.DeserializeBoolInt" methodname="DeserializeBoolInt" classname="Newtonsoft.Json.Tests.Serialization.JsonSerializerTest" runstate="Runnable" seed="1076196244" result="Passed" start-time="2019-11-12 05:39:35Z" end-time="2019-11-12 05:39:35Z" duration="0.001032" asserts="0">
                  <properties />
                </test-case>
                <test-case id="1754" name="DeserializeByteArray" fullname="Newtonsoft.Json.Tests.Serialization.JsonSerializerTest.DeserializeByteArray" methodname="DeserializeByteArray" classname="Newtonsoft.Json.Tests.Serialization.JsonSerializerTest" runstate="Runnable" seed="654749824" result="Passed" start-time="2019-11-12 05:39:35Z" end-time="2019-11-12 05:39:35Z" duration="0.005035" asserts="0">
                  <properties />
                </test-case>
                <test-case id="1829" name="DeserializeByteArrayFromEmptyString" fullname="Newtonsoft.Json.Tests.Serialization.JsonSerializerTest.DeserializeByteArrayFromEmptyString" methodname="DeserializeByteArrayFromEmptyString" classname="Newtonsoft.Json.Tests.Serialization.JsonSerializerTest" runstate="Runnable" seed="216962500" result="Passed" start-time="2019-11-12 05:39:35Z" end-time="2019-11-12 05:39:35Z" duration="0.000643" asserts="0">
                  <properties />
                </test-case>
                <test-case id="1803" name="DeserializeByteArrayWithTypeNameHandling" fullname="Newtonsoft.Json.Tests.Serialization.JsonSerializerTest.DeserializeByteArrayWithTypeNameHandling" methodname="DeserializeByteArrayWithTypeNameHandling" classname="Newtonsoft.Json.Tests.Serialization.JsonSerializerTest" runstate="Runnable" seed="721650656" result="Passed" start-time="2019-11-12 05:39:35Z" end-time="2019-11-12 05:39:35Z" duration="0.001153" asserts="0">
                  <properties />
                </test-case>
                <test-case id="1864" name="DeserializeCaseInsensitiveKeyValuePairConverter" fullname="Newtonsoft.Json.Tests.Serialization.JsonSerializerTest.DeserializeCaseInsensitiveKeyValuePairConverter" methodname="DeserializeCaseInsensitiveKeyValuePairConverter" classname="Newtonsoft.Json.Tests.Serialization.JsonSerializerTest" runstate="Runnable" seed="808191492" result="Passed" start-time="2019-11-12 05:39:35Z" end-time="2019-11-12 05:39:35Z" duration="0.003964" asserts="0">
                  <properties />
                </test-case>
                <test-case id="1741" name="DeserializeClassWithInheritedProtectedMember" fullname="Newtonsoft.Json.Tests.Serialization.JsonSerializerTest.DeserializeClassWithInheritedProtectedMember" methodname="DeserializeClassWithInheritedProtectedMember" classname="Newtonsoft.Json.Tests.Serialization.JsonSerializerTest" runstate="Runnable" seed="2063669389" result="Passed" start-time="2019-11-12 05:39:35Z" end-time="2019-11-12 05:39:35Z" duration="0.014200" asserts="0">
                  <properties />
                </test-case>
                <test-case id="1841" name="DeserializeCollectionItemConverter" fullname="Newtonsoft.Json.Tests.Serialization.JsonSerializerTest.DeserializeCollectionItemConverter" methodname="DeserializeCollectionItemConverter" classname="Newtonsoft.Json.Tests.Serialization.JsonSerializerTest" runstate="Runnable" seed="891410464" result="Passed" start-time="2019-11-12 05:39:35Z" end-time="2019-11-12 05:39:35Z" duration="0.002493" asserts="0">
                  <properties />
                </test-case>
                <test-case id="1586" name="DeserializeCommentTestObjectWithComments" fullname="Newtonsoft.Json.Tests.Serialization.JsonSerializerTest.DeserializeCommentTestObjectWithComments" methodname="DeserializeCommentTestObjectWithComments" classname="Newtonsoft.Json.Tests.Serialization.JsonSerializerTest" runstate="Runnable" seed="685390527" result="Passed" start-time="2019-11-12 05:39:35Z" end-time="2019-11-12 05:39:35Z" duration="0.001944" asserts="0">
                  <properties />
                </test-case>
                <test-case id="1905" name="DeserializeConstantProperty" fullname="Newtonsoft.Json.Tests.Serialization.JsonSerializerTest.DeserializeConstantProperty" methodname="DeserializeConstantProperty" classname="Newtonsoft.Json.Tests.Serialization.JsonSerializerTest" runstate="Runnable" seed="279078699" result="Passed" start-time="2019-11-12 05:39:35Z" end-time="2019-11-12 05:39:35Z" duration="0.001734" asserts="0">
                  <properties />
                </test-case>
                <test-case id="1891" name="DeserializeCustomReferenceResolver" fullname="Newtonsoft.Json.Tests.Serialization.JsonSerializerTest.DeserializeCustomReferenceResolver" methodname="DeserializeCustomReferenceResolver" classname="Newtonsoft.Json.Tests.Serialization.JsonSerializerTest" runstate="Runnable" seed="1213027227" result="Passed" start-time="2019-11-12 05:39:35Z" end-time="2019-11-12 05:39:35Z" duration="0.008405" asserts="0">
                  <properties />
                </test-case>
                <test-case id="1892" name="DeserializeCustomReferenceResolver_ViaProvider" fullname="Newtonsoft.Json.Tests.Serialization.JsonSerializerTest.DeserializeCustomReferenceResolver_ViaProvider" methodname="DeserializeCustomReferenceResolver_ViaProvider" classname="Newtonsoft.Json.Tests.Serialization.JsonSerializerTest" runstate="Runnable" seed="1654057345" result="Passed" start-time="2019-11-12 05:39:35Z" end-time="2019-11-12 05:39:35Z" duration="0.001346" asserts="0">
                  <properties />
                </test-case>
                <test-case id="1729" name="DeserializeDateTimeOffsetAndDateTime" fullname="Newtonsoft.Json.Tests.Serialization.JsonSerializerTest.DeserializeDateTimeOffsetAndDateTime" methodname="DeserializeDateTimeOffsetAndDateTime" classname="Newtonsoft.Json.Tests.Serialization.JsonSerializerTest" runstate="Runnable" seed="240968357" result="Passed" start-time="2019-11-12 05:39:35Z" end-time="2019-11-12 05:39:35Z" duration="0.003574" asserts="0">
                  <properties />
                </test-case>
                <test-case id="1910" name="DeserializedDerivedWithPrivate" fullname="Newtonsoft.Json.Tests.Serialization.JsonSerializerTest.DeserializedDerivedWithPrivate" methodname="DeserializedDerivedWithPrivate" classname="Newtonsoft.Json.Tests.Serialization.JsonSerializerTest" runstate="Runnable" seed="392215044" result="Passed" start-time="2019-11-12 05:39:35Z" end-time="2019-11-12 05:39:35Z" duration="0.003065" asserts="0">
                  <properties />
                </test-case>
                <test-case id="1884" name="DeserializeDecimal" fullname="Newtonsoft.Json.Tests.Serialization.JsonSerializerTest.DeserializeDecimal" methodname="DeserializeDecimal" classname="Newtonsoft.Json.Tests.Serialization.JsonSerializerTest" runstate="Runnable" seed="1612380501" result="Passed" start-time="2019-11-12 05:39:35Z" end-time="2019-11-12 05:39:35Z" duration="0.001299" asserts="0">
                  <properties />
                </test-case>
                <test-case id="1766" name="DeserializeDecimalArrayExact" fullname="Newtonsoft.Json.Tests.Serialization.JsonSerializerTest.DeserializeDecimalArrayExact" methodname="DeserializeDecimalArrayExact" classname="Newtonsoft.Json.Tests.Serialization.JsonSerializerTest" runstate="Runnable" seed="984193204" result="Passed" start-time="2019-11-12 05:39:35Z" end-time="2019-11-12 05:39:35Z" duration="0.000775" asserts="0">
                  <properties />
                </test-case>
                <test-case id="1767" name="DeserializeDecimalDictionaryExact" fullname="Newtonsoft.Json.Tests.Serialization.JsonSerializerTest.DeserializeDecimalDictionaryExact" methodname="DeserializeDecimalDictionaryExact" classname="Newtonsoft.Json.Tests.Serialization.JsonSerializerTest" runstate="Runnable" seed="2072325500" result="Passed" start-time="2019-11-12 05:39:35Z" end-time="2019-11-12 05:39:35Z" duration="0.004305" asserts="0">
                  <properties />
                </test-case>
                <test-case id="1763" name="DeserializeDecimalExact" fullname="Newtonsoft.Json.Tests.Serialization.JsonSerializerTest.DeserializeDecimalExact" methodname="DeserializeDecimalExact" classname="Newtonsoft.Json.Tests.Serialization.JsonSerializerTest" runstate="Runnable" seed="233572726" result="Passed" start-time="2019-11-12 05:39:35Z" end-time="2019-11-12 05:39:35Z" duration="0.000966" asserts="0">
                  <properties />
                </test-case>
                <test-case id="1765" name="DeserializeDecimalPropertyExact" fullname="Newtonsoft.Json.Tests.Serialization.JsonSerializerTest.DeserializeDecimalPropertyExact" methodname="DeserializeDecimalPropertyExact" classname="Newtonsoft.Json.Tests.Serialization.JsonSerializerTest" runstate="Runnable" seed="1239511571" result="Passed" start-time="2019-11-12 05:39:35Z" end-time="2019-11-12 05:39:35Z" duration="0.001015" asserts="0">
                  <properties />
                </test-case>
                <test-case id="1806" name="DeserializeDecimalsWithCulture" fullname="Newtonsoft.Json.Tests.Serialization.JsonSerializerTest.DeserializeDecimalsWithCulture" methodname="DeserializeDecimalsWithCulture" classname="Newtonsoft.Json.Tests.Serialization.JsonSerializerTest" runstate="Runnable" seed="1970069694" result="Passed" start-time="2019-11-12 05:39:35Z" end-time="2019-11-12 05:39:35Z" duration="0.003703" asserts="0">
                  <properties />
                </test-case>
                <test-case id="1683" name="DeserializeDictionaryInterface" fullname="Newtonsoft.Json.Tests.Serialization.JsonSerializerTest.DeserializeDictionaryInterface" methodname="DeserializeDictionaryInterface" classname="Newtonsoft.Json.Tests.Serialization.JsonSerializerTest" runstate="Runnable" seed="2121878895" result="Passed" start-time="2019-11-12 05:39:35Z" end-time="2019-11-12 05:39:35Z" duration="0.003991" asserts="0">
                  <properties />
                </test-case>
                <test-case id="1684" name="DeserializeDictionaryInterfaceWithExistingValues" fullname="Newtonsoft.Json.Tests.Serialization.JsonSerializerTest.DeserializeDictionaryInterfaceWithExistingValues" methodname="DeserializeDictionaryInterfaceWithExistingValues" classname="Newtonsoft.Json.Tests.Serialization.JsonSerializerTest" runstate="Runnable" seed="187387466" result="Passed" start-time="2019-11-12 05:39:35Z" end-time="2019-11-12 05:39:35Z" duration="0.004300" asserts="0">
                  <properties />
                </test-case>
                <test-case id="1863" name="DeserializeDictionaryItemConverter" fullname="Newtonsoft.Json.Tests.Serialization.JsonSerializerTest.DeserializeDictionaryItemConverter" methodname="DeserializeDictionaryItemConverter" classname="Newtonsoft.Json.Tests.Serialization.JsonSerializerTest" runstate="Runnable" seed="1580503955" result="Passed" start-time="2019-11-12 05:39:35Z" end-time="2019-11-12 05:39:35Z" duration="0.001049" asserts="0">
                  <properties />
                </test-case>
                <test-case id="1726" name="DeserializeDictionaryWithNoDefaultConstructor" fullname="Newtonsoft.Json.Tests.Serialization.JsonSerializerTest.DeserializeDictionaryWithNoDefaultConstructor" methodname="DeserializeDictionaryWithNoDefaultConstructor" classname="Newtonsoft.Json.Tests.Serialization.JsonSerializerTest" runstate="Runnable" seed="1703991659" result="Passed" start-time="2019-11-12 05:39:35Z" end-time="2019-11-12 05:39:35Z" duration="0.003622" asserts="0">
                  <properties />
                </test-case>
                <test-case id="1727" name="DeserializeDictionaryWithNoDefaultConstructor_PreserveReferences" fullname="Newtonsoft.Json.Tests.Serialization.JsonSerializerTest.DeserializeDictionaryWithNoDefaultConstructor_PreserveReferences" methodname="DeserializeDictionaryWithNoDefaultConstructor_PreserveReferences" classname="Newtonsoft.Json.Tests.Serialization.JsonSerializerTest" runstate="Runnable" seed="1619893897" result="Passed" start-time="2019-11-12 05:39:35Z" end-time="2019-11-12 05:39:35Z" duration="0.001185" asserts="0">
                  <properties />
                </test-case>
                <test-case id="1826" name="DeserializeDoubleFromEmptyString" fullname="Newtonsoft.Json.Tests.Serialization.JsonSerializerTest.DeserializeDoubleFromEmptyString" methodname="DeserializeDoubleFromEmptyString" classname="Newtonsoft.Json.Tests.Serialization.JsonSerializerTest" runstate="Runnable" seed="1075714708" result="Passed" start-time="2019-11-12 05:39:35Z" end-time="2019-11-12 05:39:35Z" duration="0.000666" asserts="0">
                  <properties />
                </test-case>
                <test-case id="1830" name="DeserializeDoubleFromNullString" fullname="Newtonsoft.Json.Tests.Serialization.JsonSerializerTest.DeserializeDoubleFromNullString" methodname="DeserializeDoubleFromNullString" classname="Newtonsoft.Json.Tests.Serialization.JsonSerializerTest" runstate="Runnable" seed="1197289342" result="Passed" start-time="2019-11-12 05:39:35Z" end-time="2019-11-12 05:39:35Z" duration="0.000759" asserts="0">
                  <properties />
                </test-case>
                <test-case id="1848" name="DeserializeEmptyJsonString" fullname="Newtonsoft.Json.Tests.Serialization.JsonSerializerTest.DeserializeEmptyJsonString" methodname="DeserializeEmptyJsonString" classname="Newtonsoft.Json.Tests.Serialization.JsonSerializerTest" runstate="Runnable" seed="1931956746" result="Passed" start-time="2019-11-12 05:39:35Z" end-time="2019-11-12 05:39:35Z" duration="0.000763" asserts="0">
                  <properties />
                </test-case>
                <test-case id="1709" name="DeserializeEmptyString" fullname="Newtonsoft.Json.Tests.Serialization.JsonSerializerTest.DeserializeEmptyString" methodname="DeserializeEmptyString" classname="Newtonsoft.Json.Tests.Serialization.JsonSerializerTest" runstate="Runnable" seed="240245988" result="Passed" start-time="2019-11-12 05:39:35Z" end-time="2019-11-12 05:39:35Z" duration="0.000595" asserts="0">
                  <properties />
                </test-case>
                <test-case id="1825" name="DeserializeEmptyStrings" fullname="Newtonsoft.Json.Tests.Serialization.JsonSerializerTest.DeserializeEmptyStrings" methodname="DeserializeEmptyStrings" classname="Newtonsoft.Json.Tests.Serialization.JsonSerializerTest" runstate="Runnable" seed="507966441" result="Passed" start-time="2019-11-12 05:39:35Z" end-time="2019-11-12 05:39:35Z" duration="0.002800" asserts="0">
                  <properties />
                </test-case>
                <test-case id="1693" name="DeserializeEmptyStringToNullableDateTime" fullname="Newtonsoft.Json.Tests.Serialization.JsonSerializerTest.DeserializeEmptyStringToNullableDateTime" methodname="DeserializeEmptyStringToNullableDateTime" classname="Newtonsoft.Json.Tests.Serialization.JsonSerializerTest" runstate="Runnable" seed="1208659203" result="Passed" start-time="2019-11-12 05:39:35Z" end-time="2019-11-12 05:39:35Z" duration="0.000817" asserts="0">
                  <properties />
                </test-case>
                <test-case id="1712" name="DeserializeEnsureTypeEmptyStringToIntError" fullname="Newtonsoft.Json.Tests.Serialization.JsonSerializerTest.DeserializeEnsureTypeEmptyStringToIntError" methodname="DeserializeEnsureTypeEmptyStringToIntError" classname="Newtonsoft.Json.Tests.Serialization.JsonSerializerTest" runstate="Runnable" seed="1254132479" result="Passed" start-time="2019-11-12 05:39:35Z" end-time="2019-11-12 05:39:35Z" duration="0.008653" asserts="0">
                  <properties />
                </test-case>
                <test-case id="1713" name="DeserializeEnsureTypeNullToIntError" fullname="Newtonsoft.Json.Tests.Serialization.JsonSerializerTest.DeserializeEnsureTypeNullToIntError" methodname="DeserializeEnsureTypeNullToIntError" classname="Newtonsoft.Json.Tests.Serialization.JsonSerializerTest" runstate="Runnable" seed="237911156" result="Passed" start-time="2019-11-12 05:39:35Z" end-time="2019-11-12 05:39:35Z" duration="0.008672" asserts="0">
                  <properties />
                </test-case>
                <test-case id="1776" name="DeserializeEnumerable" fullname="Newtonsoft.Json.Tests.Serialization.JsonSerializerTest.DeserializeEnumerable" methodname="DeserializeEnumerable" classname="Newtonsoft.Json.Tests.Serialization.JsonSerializerTest" runstate="Runnable" seed="428923309" result="Passed" start-time="2019-11-12 05:39:35Z" end-time="2019-11-12 05:39:35Z" duration="0.002361" asserts="0">
                  <properties />
                </test-case>
                <test-case id="1690" name="DeserializeEnumerableAsObject" fullname="Newtonsoft.Json.Tests.Serialization.JsonSerializerTest.DeserializeEnumerableAsObject" methodname="DeserializeEnumerableAsObject" classname="Newtonsoft.Json.Tests.Serialization.JsonSerializerTest" runstate="Runnable" seed="1793982583" result="Passed" start-time="2019-11-12 05:39:35Z" end-time="2019-11-12 05:39:35Z" duration="0.006266" asserts="0">
                  <properties />
                </test-case>
                <test-case id="1827" name="DeserializeEnumFromEmptyString" fullname="Newtonsoft.Json.Tests.Serialization.JsonSerializerTest.DeserializeEnumFromEmptyString" methodname="DeserializeEnumFromEmptyString" classname="Newtonsoft.Json.Tests.Serialization.JsonSerializerTest" runstate="Runnable" seed="1072464048" result="Passed" start-time="2019-11-12 05:39:35Z" end-time="2019-11-12 05:39:35Z" duration="0.001064" asserts="0">
                  <properties />
                </test-case>
                <test-case id="1565" name="DeserializeEnumsByName" fullname="Newtonsoft.Json.Tests.Serialization.JsonSerializerTest.DeserializeEnumsByName" methodname="DeserializeEnumsByName" classname="Newtonsoft.Json.Tests.Serialization.JsonSerializerTest" runstate="Runnable" seed="235246701" result="Passed" start-time="2019-11-12 05:39:35Z" end-time="2019-11-12 05:39:35Z" duration="0.002611" asserts="0">
                  <properties />
                </test-case>
                <test-case id="1857" name="DeserializeException" fullname="Newtonsoft.Json.Tests.Serialization.JsonSerializerTest.DeserializeException" methodname="DeserializeException" classname="Newtonsoft.Json.Tests.Serialization.JsonSerializerTest" runstate="Runnable" seed="1597362611" result="Passed" start-time="2019-11-12 05:39:35Z" end-time="2019-11-12 05:39:35Z" duration="0.006474" asserts="0">
                  <properties />
                </test-case>
                <test-case id="1749" name="DeserializeFloatAsDecimal" fullname="Newtonsoft.Json.Tests.Serialization.JsonSerializerTest.DeserializeFloatAsDecimal" methodname="DeserializeFloatAsDecimal" classname="Newtonsoft.Json.Tests.Serialization.JsonSerializerTest" runstate="Runnable" seed="44766473" result="Passed" start-time="2019-11-12 05:39:35Z" end-time="2019-11-12 05:39:35Z" duration="0.002349" asserts="0">
                  <properties />
                </test-case>
                <test-case id="1831" name="DeserializeFromNullString" fullname="Newtonsoft.Json.Tests.Serialization.JsonSerializerTest.DeserializeFromNullString" methodname="DeserializeFromNullString" classname="Newtonsoft.Json.Tests.Serialization.JsonSerializerTest" runstate="Runnable" seed="113985963" result="Passed" start-time="2019-11-12 05:39:35Z" end-time="2019-11-12 05:39:35Z" duration="0.001007" asserts="0">
                  <properties />
                </test-case>
                <test-case id="1692" name="DeserializeGenericDictionary" fullname="Newtonsoft.Json.Tests.Serialization.JsonSerializerTest.DeserializeGenericDictionary" methodname="DeserializeGenericDictionary" classname="Newtonsoft.Json.Tests.Serialization.JsonSerializerTest" runstate="Runnable" seed="493506289" result="Passed" start-time="2019-11-12 05:39:35Z" end-time="2019-11-12 05:39:35Z" duration="0.000801" asserts="0">
                  <properties />
                </test-case>
                <test-case id="1794" name="DeserializeGenericEnumerableProperty" fullname="Newtonsoft.Json.Tests.Serialization.JsonSerializerTest.DeserializeGenericEnumerableProperty" methodname="DeserializeGenericEnumerableProperty" classname="Newtonsoft.Json.Tests.Serialization.JsonSerializerTest" runstate="Runnable" seed="1658597467" result="Passed" start-time="2019-11-12 05:39:35Z" end-time="2019-11-12 05:39:35Z" duration="0.006637" asserts="0">
                  <properties />
                </test-case>
                <test-case id="1545" name="DeserializeGenericIEnumerableWithImplicitConversion" fullname="Newtonsoft.Json.Tests.Serialization.JsonSerializerTest.DeserializeGenericIEnumerableWithImplicitConversion" methodname="DeserializeGenericIEnumerableWithImplicitConversion" classname="Newtonsoft.Json.Tests.Serialization.JsonSerializerTest" runstate="Runnable" seed="463262321" result="Passed" start-time="2019-11-12 05:39:35Z" end-time="2019-11-12 05:39:35Z" duration="0.005687" asserts="0">
                  <properties />
                </test-case>
                <test-case id="1669" name="DeserializeGoogleGeoCode" fullname="Newtonsoft.Json.Tests.Serialization.JsonSerializerTest.DeserializeGoogleGeoCode" methodname="DeserializeGoogleGeoCode" classname="Newtonsoft.Json.Tests.Serialization.JsonSerializerTest" runstate="Runnable" seed="1048081057" result="Passed" start-time="2019-11-12 05:39:35Z" end-time="2019-11-12 05:39:35Z" duration="0.001130" asserts="0">
                  <properties />
                </test-case>
                <test-case id="1820" name="DeserializeGuid" fullname="Newtonsoft.Json.Tests.Serialization.JsonSerializerTest.DeserializeGuid" methodname="DeserializeGuid" classname="Newtonsoft.Json.Tests.Serialization.JsonSerializerTest" runstate="Runnable" seed="1919395792" result="Passed" start-time="2019-11-12 05:39:35Z" end-time="2019-11-12 05:39:35Z" duration="0.008952" asserts="0">
                  <properties />
                </test-case>
                <test-case id="1813" name="DeserializeIConvertible" fullname="Newtonsoft.Json.Tests.Serialization.JsonSerializerTest.DeserializeIConvertible" methodname="DeserializeIConvertible" classname="Newtonsoft.Json.Tests.Serialization.JsonSerializerTest" runstate="Runnable" seed="880174819" result="Passed" start-time="2019-11-12 05:39:35Z" end-time="2019-11-12 05:39:35Z" duration="0.005030" asserts="0">
                  <properties />
                </test-case>
                <test-case id="1748" name="DeserializeIgnoredPropertyInConstructor" fullname="Newtonsoft.Json.Tests.Serialization.JsonSerializerTest.DeserializeIgnoredPropertyInConstructor" methodname="DeserializeIgnoredPropertyInConstructor" classname="Newtonsoft.Json.Tests.Serialization.JsonSerializerTest" runstate="Runnable" seed="1342299897" result="Passed" start-time="2019-11-12 05:39:35Z" end-time="2019-11-12 05:39:35Z" duration="0.003002" asserts="0">
                  <properties />
                </test-case>
                <test-case id="1541" name="DeserializeImmutableStruct" fullname="Newtonsoft.Json.Tests.Serialization.JsonSerializerTest.DeserializeImmutableStruct" methodname="DeserializeImmutableStruct" classname="Newtonsoft.Json.Tests.Serialization.JsonSerializerTest" runstate="Runnable" seed="1189052570" result="Passed" start-time="2019-11-12 05:39:35Z" end-time="2019-11-12 05:39:35Z" duration="0.002891" asserts="0">
                  <properties />
                </test-case>
                <test-case id="1828" name="DeserializeInt32FromEmptyString" fullname="Newtonsoft.Json.Tests.Serialization.JsonSerializerTest.DeserializeInt32FromEmptyString" methodname="DeserializeInt32FromEmptyString" classname="Newtonsoft.Json.Tests.Serialization.JsonSerializerTest" runstate="Runnable" seed="236798410" result="Passed" start-time="2019-11-12 05:39:35Z" end-time="2019-11-12 05:39:35Z" duration="0.001309" asserts="0">
                  <properties />
                </test-case>
                <test-case id="1660" name="DeserializeInt64ToNullableDouble" fullname="Newtonsoft.Json.Tests.Serialization.JsonSerializerTest.DeserializeInt64ToNullableDouble" methodname="DeserializeInt64ToNullableDouble" classname="Newtonsoft.Json.Tests.Serialization.JsonSerializerTest" runstate="Runnable" seed="260646596" result="Passed" start-time="2019-11-12 05:39:35Z" end-time="2019-11-12 05:39:35Z" duration="0.005298" asserts="0">
                  <properties />
                </test-case>
                <test-case id="1670" name="DeserializeInterfaceProperty" fullname="Newtonsoft.Json.Tests.Serialization.JsonSerializerTest.DeserializeInterfaceProperty" methodname="DeserializeInterfaceProperty" classname="Newtonsoft.Json.Tests.Serialization.JsonSerializerTest" runstate="Runnable" seed="868648029" result="Passed" start-time="2019-11-12 05:39:35Z" end-time="2019-11-12 05:39:35Z" duration="0.004286" asserts="0">
                  <properties />
                </test-case>
                <test-case id="1909" name="DeserializeInvalidOctalRootError" fullname="Newtonsoft.Json.Tests.Serialization.JsonSerializerTest.DeserializeInvalidOctalRootError" methodname="DeserializeInvalidOctalRootError" classname="Newtonsoft.Json.Tests.Serialization.JsonSerializerTest" runstate="Runnable" seed="1710081484" result="Passed" start-time="2019-11-12 05:39:35Z" end-time="2019-11-12 05:39:35Z" duration="0.000752" asserts="0">
                  <properties />
                </test-case>
                <test-case id="1590" name="DeserializeISerializableIConvertible" fullname="Newtonsoft.Json.Tests.Serialization.JsonSerializerTest.DeserializeISerializableIConvertible" methodname="DeserializeISerializableIConvertible" classname="Newtonsoft.Json.Tests.Serialization.JsonSerializerTest" runstate="Runnable" seed="291221865" result="Passed" start-time="2019-11-12 05:39:35Z" end-time="2019-11-12 05:39:35Z" duration="0.003189" asserts="0">
                  <properties />
                </test-case>
                <test-case id="1736" name="DeserializeISerializableInPartialTrust" fullname="Newtonsoft.Json.Tests.Serialization.JsonSerializerTest.DeserializeISerializableInPartialTrust" methodname="DeserializeISerializableInPartialTrust" classname="Newtonsoft.Json.Tests.Serialization.JsonSerializerTest" runstate="Runnable" seed="1555435371" result="Passed" start-time="2019-11-12 05:39:35Z" end-time="2019-11-12 05:39:35Z" duration="0.001387" asserts="0">
                  <properties />
                </test-case>
                <test-case id="1832" name="DeserializeIsoDatesWithIsoConverter" fullname="Newtonsoft.Json.Tests.Serialization.JsonSerializerTest.DeserializeIsoDatesWithIsoConverter" methodname="DeserializeIsoDatesWithIsoConverter" classname="Newtonsoft.Json.Tests.Serialization.JsonSerializerTest" runstate="Runnable" seed="1304662016" result="Passed" start-time="2019-11-12 05:39:35Z" end-time="2019-11-12 05:39:35Z" duration="0.001023" asserts="0">
                  <properties />
                </test-case>
                <test-case id="1668" name="DeserializeJaggedArray" fullname="Newtonsoft.Json.Tests.Serialization.JsonSerializerTest.DeserializeJaggedArray" methodname="DeserializeJaggedArray" classname="Newtonsoft.Json.Tests.Serialization.JsonSerializerTest" runstate="Runnable" seed="2010360580" result="Passed" start-time="2019-11-12 05:39:35Z" end-time="2019-11-12 05:39:35Z" duration="0.007127" asserts="0">
                  <properties />
                </test-case>
                <test-case id="1610" name="DeserializeJavaScriptDate" fullname="Newtonsoft.Json.Tests.Serialization.JsonSerializerTest.DeserializeJavaScriptDate" methodname="DeserializeJavaScriptDate" classname="Newtonsoft.Json.Tests.Serialization.JsonSerializerTest" runstate="Runnable" seed="1510490939" result="Passed" start-time="2019-11-12 05:39:35Z" end-time="2019-11-12 05:39:35Z" duration="0.009547" asserts="0">
                  <properties />
                </test-case>
                <test-case id="1585" name="DeserializeJObjectWithComments" fullname="Newtonsoft.Json.Tests.Serialization.JsonSerializerTest.DeserializeJObjectWithComments" methodname="DeserializeJObjectWithComments" classname="Newtonsoft.Json.Tests.Serialization.JsonSerializerTest" runstate="Runnable" seed="263819926" result="Passed" start-time="2019-11-12 05:39:35Z" end-time="2019-11-12 05:39:35Z" duration="0.001590" asserts="0">
                  <properties />
                </test-case>
                <test-case id="1679" name="DeserializeJsonPropertyWithHandlingValues" fullname="Newtonsoft.Json.Tests.Serialization.JsonSerializerTest.DeserializeJsonPropertyWithHandlingValues" methodname="DeserializeJsonPropertyWithHandlingValues" classname="Newtonsoft.Json.Tests.Serialization.JsonSerializerTest" runstate="Runnable" seed="378817188" result="Passed" start-time="2019-11-12 05:39:35Z" end-time="2019-11-12 05:39:35Z" duration="0.000977" asserts="0">
                  <properties />
                </test-case>
                <test-case id="1658" name="DeserializeJsonRaw" fullname="Newtonsoft.Json.Tests.Serialization.JsonSerializerTest.DeserializeJsonRaw" methodname="DeserializeJsonRaw" classname="Newtonsoft.Json.Tests.Serialization.JsonSerializerTest" runstate="Runnable" seed="131269689" result="Passed" start-time="2019-11-12 05:39:35Z" end-time="2019-11-12 05:39:35Z" duration="0.000970" asserts="0">
                  <properties />
                </test-case>
                <test-case id="1771" name="DeserializeJToken" fullname="Newtonsoft.Json.Tests.Serialization.JsonSerializerTest.DeserializeJToken" methodname="DeserializeJToken" classname="Newtonsoft.Json.Tests.Serialization.JsonSerializerTest" runstate="Runnable" seed="601451208" result="Passed" start-time="2019-11-12 05:39:35Z" end-time="2019-11-12 05:39:35Z" duration="0.002931" asserts="0">
                  <properties />
                </test-case>
                <test-case id="1592" name="DeserializeLargeFloat" fullname="Newtonsoft.Json.Tests.Serialization.JsonSerializerTest.DeserializeLargeFloat" methodname="DeserializeLargeFloat" classname="Newtonsoft.Json.Tests.Serialization.JsonSerializerTest" runstate="Runnable" seed="1747345257" result="Passed" start-time="2019-11-12 05:39:35Z" end-time="2019-11-12 05:39:35Z" duration="0.000567" asserts="0">
                  <properties />
                </test-case>
                <test-case id="1772" name="DeserializeMinValueDecimal" fullname="Newtonsoft.Json.Tests.Serialization.JsonSerializerTest.DeserializeMinValueDecimal" methodname="DeserializeMinValueDecimal" classname="Newtonsoft.Json.Tests.Serialization.JsonSerializerTest" runstate="Runnable" seed="619431898" result="Passed" start-time="2019-11-12 05:39:35Z" end-time="2019-11-12 05:39:35Z" duration="0.002966" asserts="0">
                  <properties />
                </test-case>
                <test-case id="1547" name="DeserializeMSDateTimeOffset" fullname="Newtonsoft.Json.Tests.Serialization.JsonSerializerTest.DeserializeMSDateTimeOffset" methodname="DeserializeMSDateTimeOffset" classname="Newtonsoft.Json.Tests.Serialization.JsonSerializerTest" runstate="Runnable" seed="148739634" result="Passed" start-time="2019-11-12 05:39:35Z" end-time="2019-11-12 05:39:35Z" duration="0.000747" asserts="0">
                  <properties />
                </test-case>
                <test-case id="1656" name="DeserializeNullable" fullname="Newtonsoft.Json.Tests.Serialization.JsonSerializerTest.DeserializeNullable" methodname="DeserializeNullable" classname="Newtonsoft.Json.Tests.Serialization.JsonSerializerTest" runstate="Runnable" seed="27223660" result="Passed" start-time="2019-11-12 05:39:35Z" end-time="2019-11-12 05:39:35Z" duration="0.000460" asserts="0">
                  <properties />
                </test-case>
                <test-case id="1752" name="DeserializeNullableArray" fullname="Newtonsoft.Json.Tests.Serialization.JsonSerializerTest.DeserializeNullableArray" methodname="DeserializeNullableArray" classname="Newtonsoft.Json.Tests.Serialization.JsonSerializerTest" runstate="Runnable" seed="1442384446" result="Passed" start-time="2019-11-12 05:39:35Z" end-time="2019-11-12 05:39:35Z" duration="0.005573" asserts="0">
                  <properties />
                </test-case>
                <test-case id="1553" name="DeserializeNullableBooleans" fullname="Newtonsoft.Json.Tests.Serialization.JsonSerializerTest.DeserializeNullableBooleans" methodname="DeserializeNullableBooleans" classname="Newtonsoft.Json.Tests.Serialization.JsonSerializerTest" runstate="Runnable" seed="173104880" result="Passed" start-time="2019-11-12 05:39:35Z" end-time="2019-11-12 05:39:35Z" duration="0.005081" asserts="0">
                  <properties />
                </test-case>
                <test-case id="1764" name="DeserializeNullableDecimalExact" fullname="Newtonsoft.Json.Tests.Serialization.JsonSerializerTest.DeserializeNullableDecimalExact" methodname="DeserializeNullableDecimalExact" classname="Newtonsoft.Json.Tests.Serialization.JsonSerializerTest" runstate="Runnable" seed="1181554261" result="Passed" start-time="2019-11-12 05:39:35Z" end-time="2019-11-12 05:39:35Z" duration="0.000710" asserts="0">
                  <properties />
                </test-case>
                <test-case id="1822" name="DeserializeNullableEnum" fullname="Newtonsoft.Json.Tests.Serialization.JsonSerializerTest.DeserializeNullableEnum" methodname="DeserializeNullableEnum" classname="Newtonsoft.Json.Tests.Serialization.JsonSerializerTest" runstate="Runnable" seed="413795484" result="Passed" start-time="2019-11-12 05:39:35Z" end-time="2019-11-12 05:39:35Z" duration="0.004168" asserts="0">
                  <properties />
                </test-case>
                <test-case id="1818" name="DeserializeNullableGuid" fullname="Newtonsoft.Json.Tests.Serialization.JsonSerializerTest.DeserializeNullableGuid" methodname="DeserializeNullableGuid" classname="Newtonsoft.Json.Tests.Serialization.JsonSerializerTest" runstate="Runnable" seed="2045178459" result="Passed" start-time="2019-11-12 05:39:35Z" end-time="2019-11-12 05:39:35Z" duration="0.001835" asserts="0">
                  <properties />
                </test-case>
                <test-case id="1697" name="DeserializeNullableListWithNulls" fullname="Newtonsoft.Json.Tests.Serialization.JsonSerializerTest.DeserializeNullableListWithNulls" methodname="DeserializeNullableListWithNulls" classname="Newtonsoft.Json.Tests.Serialization.JsonSerializerTest" runstate="Runnable" seed="822206736" result="Passed" start-time="2019-11-12 05:39:35Z" end-time="2019-11-12 05:39:35Z" duration="0.007145" asserts="0">
                  <properties />
                </test-case>
                <test-case id="1659" name="DeserializeNullableMember" fullname="Newtonsoft.Json.Tests.Serialization.JsonSerializerTest.DeserializeNullableMember" methodname="DeserializeNullableMember" classname="Newtonsoft.Json.Tests.Serialization.JsonSerializerTest" runstate="Runnable" seed="1670103481" result="Passed" start-time="2019-11-12 05:39:35Z" end-time="2019-11-12 05:39:35Z" duration="0.002874" asserts="0">
                  <properties />
                </test-case>
                <test-case id="1770" name="DeserializeNullableStruct" fullname="Newtonsoft.Json.Tests.Serialization.JsonSerializerTest.DeserializeNullableStruct" methodname="DeserializeNullableStruct" classname="Newtonsoft.Json.Tests.Serialization.JsonSerializerTest" runstate="Runnable" seed="2121960126" result="Passed" start-time="2019-11-12 05:39:35Z" end-time="2019-11-12 05:39:35Z" duration="0.005898" asserts="0">
                  <properties />
                </test-case>
                <test-case id="1911" name="DeserializeNullableUnsignedLong" fullname="Newtonsoft.Json.Tests.Serialization.JsonSerializerTest.DeserializeNullableUnsignedLong" methodname="DeserializeNullableUnsignedLong" classname="Newtonsoft.Json.Tests.Serialization.JsonSerializerTest" runstate="Runnable" seed="2041886207" result="Passed" start-time="2019-11-12 05:39:35Z" end-time="2019-11-12 05:39:35Z" duration="0.002984" asserts="0">
                  <properties />
                </test-case>
                <test-case id="1815" name="DeserializeNullableWidgetStruct" fullname="Newtonsoft.Json.Tests.Serialization.JsonSerializerTest.DeserializeNullableWidgetStruct" methodname="DeserializeNullableWidgetStruct" classname="Newtonsoft.Json.Tests.Serialization.JsonSerializerTest" runstate="Runnable" seed="367018028" result="Passed" start-time="2019-11-12 05:39:35Z" end-time="2019-11-12 05:39:35Z" duration="0.003804" asserts="0">
                  <properties />
                </test-case>
                <test-case id="1779" name="DeserializeNullDateTimeValueTest" fullname="Newtonsoft.Json.Tests.Serialization.JsonSerializerTest.DeserializeNullDateTimeValueTest" methodname="DeserializeNullDateTimeValueTest" classname="Newtonsoft.Json.Tests.Serialization.JsonSerializerTest" runstate="Runnable" seed="2109512380" result="Passed" start-time="2019-11-12 05:39:35Z" end-time="2019-11-12 05:39:35Z" duration="0.000684" asserts="0">
                  <properties />
                </test-case>
                <test-case id="1811" name="DeserializeNullInt" fullname="Newtonsoft.Json.Tests.Serialization.JsonSerializerTest.DeserializeNullInt" methodname="DeserializeNullInt" classname="Newtonsoft.Json.Tests.Serialization.JsonSerializerTest" runstate="Runnable" seed="1711047619" result="Passed" start-time="2019-11-12 05:39:35Z" end-time="2019-11-12 05:39:35Z" duration="0.000921" asserts="0">
                  <properties />
                </test-case>
                <test-case id="1780" name="DeserializeNullNullableDateTimeValueTest" fullname="Newtonsoft.Json.Tests.Serialization.JsonSerializerTest.DeserializeNullNullableDateTimeValueTest" methodname="DeserializeNullNullableDateTimeValueTest" classname="Newtonsoft.Json.Tests.Serialization.JsonSerializerTest" runstate="Runnable" seed="1368392955" result="Passed" start-time="2019-11-12 05:39:35Z" end-time="2019-11-12 05:39:35Z" duration="0.000428" asserts="0">
                  <properties />
                </test-case>
                <test-case id="1571" name="DeserializeNullToJTokenProperty" fullname="Newtonsoft.Json.Tests.Serialization.JsonSerializerTest.DeserializeNullToJTokenProperty" methodname="DeserializeNullToJTokenProperty" classname="Newtonsoft.Json.Tests.Serialization.JsonSerializerTest" runstate="Runnable" seed="258992495" result="Passed" start-time="2019-11-12 05:39:35Z" end-time="2019-11-12 05:39:35Z" duration="0.004143" asserts="0">
                  <properties />
                </test-case>
                <test-case id="1821" name="DeserializeObjectDictionary" fullname="Newtonsoft.Json.Tests.Serialization.JsonSerializerTest.DeserializeObjectDictionary" methodname="DeserializeObjectDictionary" classname="Newtonsoft.Json.Tests.Serialization.JsonSerializerTest" runstate="Runnable" seed="1234459298" result="Passed" start-time="2019-11-12 05:39:35Z" end-time="2019-11-12 05:39:35Z" duration="0.000641" asserts="0">
                  <properties />
                </test-case>
                <test-case id="1695" name="DeserializeObjectSetOnlyProperty" fullname="Newtonsoft.Json.Tests.Serialization.JsonSerializerTest.DeserializeObjectSetOnlyProperty" methodname="DeserializeObjectSetOnlyProperty" classname="Newtonsoft.Json.Tests.Serialization.JsonSerializerTest" runstate="Runnable" seed="406685281" result="Passed" start-time="2019-11-12 05:39:35Z" end-time="2019-11-12 05:39:35Z" duration="0.001896" asserts="0">
                  <properties />
                </test-case>
                <test-case id="1573" name="DeserializeObservableCollection" fullname="Newtonsoft.Json.Tests.Serialization.JsonSerializerTest.DeserializeObservableCollection" methodname="DeserializeObservableCollection" classname="Newtonsoft.Json.Tests.Serialization.JsonSerializerTest" runstate="Runnable" seed="1461496779" result="Passed" start-time="2019-11-12 05:39:35Z" end-time="2019-11-12 05:39:35Z" duration="0.006743" asserts="0">
                  <properties />
                </test-case>
                <test-case id="1696" name="DeserializeOptInClasses" fullname="Newtonsoft.Json.Tests.Serialization.JsonSerializerTest.DeserializeOptInClasses" methodname="DeserializeOptInClasses" classname="Newtonsoft.Json.Tests.Serialization.JsonSerializerTest" runstate="Runnable" seed="581002308" result="Passed" start-time="2019-11-12 05:39:35Z" end-time="2019-11-12 05:39:35Z" duration="0.006096" asserts="0">
                  <properties />
                </test-case>
                <test-case id="1720" name="DeserializePersonKeyedDictionary" fullname="Newtonsoft.Json.Tests.Serialization.JsonSerializerTest.DeserializePersonKeyedDictionary" methodname="DeserializePersonKeyedDictionary" classname="Newtonsoft.Json.Tests.Serialization.JsonSerializerTest" runstate="Runnable" seed="1848293029" result="Passed" start-time="2019-11-12 05:39:35Z" end-time="2019-11-12 05:39:35Z" duration="0.003825" asserts="0">
                  <properties />
                </test-case>
                <test-case id="1723" name="DeserializePopulateDictionaryAndList" fullname="Newtonsoft.Json.Tests.Serialization.JsonSerializerTest.DeserializePopulateDictionaryAndList" methodname="DeserializePopulateDictionaryAndList" classname="Newtonsoft.Json.Tests.Serialization.JsonSerializerTest" runstate="Runnable" seed="1580157994" result="Passed" start-time="2019-11-12 05:39:35Z" end-time="2019-11-12 05:39:35Z" duration="0.005246" asserts="0">
                  <properties />
                </test-case>
                <test-case id="1676" name="DeserializePropertiesOnToNonDefaultConstructor" fullname="Newtonsoft.Json.Tests.Serialization.JsonSerializerTest.DeserializePropertiesOnToNonDefaultConstructor" methodname="DeserializePropertiesOnToNonDefaultConstructor" classname="Newtonsoft.Json.Tests.Serialization.JsonSerializerTest" runstate="Runnable" seed="1733277088" result="Passed" start-time="2019-11-12 05:39:35Z" end-time="2019-11-12 05:39:35Z" duration="0.002971" asserts="0">
                  <properties />
                </test-case>
                <test-case id="1677" name="DeserializePropertiesOnToNonDefaultConstructorWithReferenceTracking" fullname="Newtonsoft.Json.Tests.Serialization.JsonSerializerTest.DeserializePropertiesOnToNonDefaultConstructorWithReferenceTracking" methodname="DeserializePropertiesOnToNonDefaultConstructorWithReferenceTracking" classname="Newtonsoft.Json.Tests.Serialization.JsonSerializerTest" runstate="Runnable" seed="805315308" result="Passed" start-time="2019-11-12 05:39:35Z" end-time="2019-11-12 05:39:35Z" duration="0.000694" asserts="0">
                  <properties />
                </test-case>
                <test-case id="1758" name="DeserializePropertyNullableDateTimeOffsetExactIso" fullname="Newtonsoft.Json.Tests.Serialization.JsonSerializerTest.DeserializePropertyNullableDateTimeOffsetExactIso" methodname="DeserializePropertyNullableDateTimeOffsetExactIso" classname="Newtonsoft.Json.Tests.Serialization.JsonSerializerTest" runstate="Runnable" seed="1142847025" result="Passed" start-time="2019-11-12 05:39:35Z" end-time="2019-11-12 05:39:35Z" duration="0.000696" asserts="0">
                  <properties />
                </test-case>
                <test-case id="1760" name="DeserializePropertyNullableDateTimeOffsetExactMsAjax" fullname="Newtonsoft.Json.Tests.Serialization.JsonSerializerTest.DeserializePropertyNullableDateTimeOffsetExactMsAjax" methodname="DeserializePropertyNullableDateTimeOffsetExactMsAjax" classname="Newtonsoft.Json.Tests.Serialization.JsonSerializerTest" runstate="Runnable" seed="1930551626" result="Passed" start-time="2019-11-12 05:39:35Z" end-time="2019-11-12 05:39:35Z" duration="0.000619" asserts="0">
                  <properties />
                </test-case>
                <test-case id="1711" name="DeserializePropertySetError" fullname="Newtonsoft.Json.Tests.Serialization.JsonSerializerTest.DeserializePropertySetError" methodname="DeserializePropertySetError" classname="Newtonsoft.Json.Tests.Serialization.JsonSerializerTest" runstate="Runnable" seed="1966871942" result="Passed" start-time="2019-11-12 05:39:35Z" end-time="2019-11-12 05:39:35Z" duration="0.007697" asserts="0">
                  <properties />
                </test-case>
                <test-case id="1862" name="DeserializeRelativeUri" fullname="Newtonsoft.Json.Tests.Serialization.JsonSerializerTest.DeserializeRelativeUri" methodname="DeserializeRelativeUri" classname="Newtonsoft.Json.Tests.Serialization.JsonSerializerTest" runstate="Runnable" seed="1245197285" result="Passed" start-time="2019-11-12 05:39:35Z" end-time="2019-11-12 05:39:36Z" duration="0.002485" asserts="0">
                  <properties />
                </test-case>
                <test-case id="1664" name="DeserializeRequiredMembersClassNullRequiredValueProperty" fullname="Newtonsoft.Json.Tests.Serialization.JsonSerializerTest.DeserializeRequiredMembersClassNullRequiredValueProperty" methodname="DeserializeRequiredMembersClassNullRequiredValueProperty" classname="Newtonsoft.Json.Tests.Serialization.JsonSerializerTest" runstate="Runnable" seed="166226504" result="Passed" start-time="2019-11-12 05:39:36Z" end-time="2019-11-12 05:39:36Z" duration="0.001456" asserts="0">
                  <properties />
                </test-case>
                <test-case id="1663" name="DeserializeRequiredMembersClassWithNullValues" fullname="Newtonsoft.Json.Tests.Serialization.JsonSerializerTest.DeserializeRequiredMembersClassWithNullValues" methodname="DeserializeRequiredMembersClassWithNullValues" classname="Newtonsoft.Json.Tests.Serialization.JsonSerializerTest" runstate="Runnable" seed="1189353230" result="Passed" start-time="2019-11-12 05:39:36Z" end-time="2019-11-12 05:39:36Z" duration="0.000882" asserts="0">
                  <properties />
                </test-case>
                <test-case id="1778" name="DeserializeStringEnglish" fullname="Newtonsoft.Json.Tests.Serialization.JsonSerializerTest.DeserializeStringEnglish" methodname="DeserializeStringEnglish" classname="Newtonsoft.Json.Tests.Serialization.JsonSerializerTest" runstate="Runnable" seed="459297705" result="Passed" start-time="2019-11-12 05:39:36Z" end-time="2019-11-12 05:39:36Z" duration="0.003307" asserts="0">
                  <properties />
                </test-case>
                <test-case id="1796" name="DeserializeStringIntoNullableGuid" fullname="Newtonsoft.Json.Tests.Serialization.JsonSerializerTest.DeserializeStringIntoNullableGuid" methodname="DeserializeStringIntoNullableGuid" classname="Newtonsoft.Json.Tests.Serialization.JsonSerializerTest" runstate="Runnable" seed="1039329292" result="Passed" start-time="2019-11-12 05:39:36Z" end-time="2019-11-12 05:39:36Z" duration="0.001799" asserts="0">
                  <properties />
                </test-case>
                <test-case id="1768" name="DeserializeStructProperty" fullname="Newtonsoft.Json.Tests.Serialization.JsonSerializerTest.DeserializeStructProperty" methodname="DeserializeStructProperty" classname="Newtonsoft.Json.Tests.Serialization.JsonSerializerTest" runstate="Runnable" seed="1641940870" result="Passed" start-time="2019-11-12 05:39:36Z" end-time="2019-11-12 05:39:36Z" duration="0.004298" asserts="0">
                  <properties />
                </test-case>
                <test-case id="1570" name="DeserializeStructWithConstructorAttribute" fullname="Newtonsoft.Json.Tests.Serialization.JsonSerializerTest.DeserializeStructWithConstructorAttribute" methodname="DeserializeStructWithConstructorAttribute" classname="Newtonsoft.Json.Tests.Serialization.JsonSerializerTest" runstate="Runnable" seed="1197895481" result="Passed" start-time="2019-11-12 05:39:36Z" end-time="2019-11-12 05:39:36Z" duration="0.005105" asserts="0">
                  <properties />
                </test-case>
                <test-case id="1731" name="DeserializeToObjectProperty" fullname="Newtonsoft.Json.Tests.Serialization.JsonSerializerTest.DeserializeToObjectProperty" methodname="DeserializeToObjectProperty" classname="Newtonsoft.Json.Tests.Serialization.JsonSerializerTest" runstate="Runnable" seed="1486976962" result="Passed" start-time="2019-11-12 05:39:36Z" end-time="2019-11-12 05:39:36Z" duration="0.001971" asserts="0">
                  <properties />
                </test-case>
                <test-case id="1817" name="DeserializeUnexpectedEndInt" fullname="Newtonsoft.Json.Tests.Serialization.JsonSerializerTest.DeserializeUnexpectedEndInt" methodname="DeserializeUnexpectedEndInt" classname="Newtonsoft.Json.Tests.Serialization.JsonSerializerTest" runstate="Runnable" seed="904227922" result="Passed" start-time="2019-11-12 05:39:36Z" end-time="2019-11-12 05:39:36Z" duration="0.000805" asserts="0">
                  <properties />
                </test-case>
                <test-case id="1739" name="DeserializeUsingNonDefaultConstructorWithLeftOverValues" fullname="Newtonsoft.Json.Tests.Serialization.JsonSerializerTest.DeserializeUsingNonDefaultConstructorWithLeftOverValues" methodname="DeserializeUsingNonDefaultConstructorWithLeftOverValues" classname="Newtonsoft.Json.Tests.Serialization.JsonSerializerTest" runstate="Runnable" seed="1118952913" result="Passed" start-time="2019-11-12 05:39:36Z" end-time="2019-11-12 05:39:36Z" duration="0.006556" asserts="0">
                  <properties />
                </test-case>
                <test-case id="1833" name="DeserializeUTC" fullname="Newtonsoft.Json.Tests.Serialization.JsonSerializerTest.DeserializeUTC" methodname="DeserializeUTC" classname="Newtonsoft.Json.Tests.Serialization.JsonSerializerTest" runstate="Runnable" seed="1832508068" result="Passed" start-time="2019-11-12 05:39:36Z" end-time="2019-11-12 05:39:36Z" duration="0.002015" asserts="0">
                  <properties />
                </test-case>
                <test-case id="1583" name="DeserializeVersionString" fullname="Newtonsoft.Json.Tests.Serialization.JsonSerializerTest.DeserializeVersionString" methodname="DeserializeVersionString" classname="Newtonsoft.Json.Tests.Serialization.JsonSerializerTest" runstate="Runnable" seed="1433718553" result="Passed" start-time="2019-11-12 05:39:36Z" end-time="2019-11-12 05:39:36Z" duration="0.004874" asserts="0">
                  <properties />
                </test-case>
                <test-case id="1584" name="DeserializeVersionString_Fail" fullname="Newtonsoft.Json.Tests.Serialization.JsonSerializerTest.DeserializeVersionString_Fail" methodname="DeserializeVersionString_Fail" classname="Newtonsoft.Json.Tests.Serialization.JsonSerializerTest" runstate="Runnable" seed="1049516589" result="Passed" start-time="2019-11-12 05:39:36Z" end-time="2019-11-12 05:39:36Z" duration="0.001022" asserts="0">
                  <properties />
                </test-case>
                <test-case id="1887" name="DeserializeWithConstructor" fullname="Newtonsoft.Json.Tests.Serialization.JsonSerializerTest.DeserializeWithConstructor" methodname="DeserializeWithConstructor" classname="Newtonsoft.Json.Tests.Serialization.JsonSerializerTest" runstate="Runnable" seed="727102812" result="Passed" start-time="2019-11-12 05:39:36Z" end-time="2019-11-12 05:39:36Z" duration="0.001924" asserts="0">
                  <properties />
                </test-case>
                <test-case id="1563" name="DictionaryKeyContractResolverTest" fullname="Newtonsoft.Json.Tests.Serialization.JsonSerializerTest.DictionaryKeyContractResolverTest" methodname="DictionaryKeyContractResolverTest" classname="Newtonsoft.Json.Tests.Serialization.JsonSerializerTest" runstate="Runnable" seed="2042657845" result="Passed" start-time="2019-11-12 05:39:36Z" end-time="2019-11-12 05:39:36Z" duration="0.010770" asserts="0">
                  <properties />
                </test-case>
                <test-case id="1557" name="DisallowNull_NoValue" fullname="Newtonsoft.Json.Tests.Serialization.JsonSerializerTest.DisallowNull_NoValue" methodname="DisallowNull_NoValue" classname="Newtonsoft.Json.Tests.Serialization.JsonSerializerTest" runstate="Runnable" seed="886481049" result="Passed" start-time="2019-11-12 05:39:36Z" end-time="2019-11-12 05:39:36Z" duration="0.000779" asserts="0">
                  <properties />
                </test-case>
                <test-case id="1543" name="DontCloseInputOnDeserializeError" fullname="Newtonsoft.Json.Tests.Serialization.JsonSerializerTest.DontCloseInputOnDeserializeError" methodname="DontCloseInputOnDeserializeError" classname="Newtonsoft.Json.Tests.Serialization.JsonSerializerTest" runstate="Runnable" seed="1542574107" result="Passed" start-time="2019-11-12 05:39:36Z" end-time="2019-11-12 05:39:36Z" duration="0.016462" asserts="0">
                  <properties />
                </test-case>
                <test-case id="1885" name="DontSerializeStaticFields" fullname="Newtonsoft.Json.Tests.Serialization.JsonSerializerTest.DontSerializeStaticFields" methodname="DontSerializeStaticFields" classname="Newtonsoft.Json.Tests.Serialization.JsonSerializerTest" runstate="Runnable" seed="1895065733" result="Passed" start-time="2019-11-12 05:39:36Z" end-time="2019-11-12 05:39:36Z" duration="0.005843" asserts="0">
                  <properties />
                </test-case>
                <test-case id="1896" name="DuplicatePropertiesInNestedObject" fullname="Newtonsoft.Json.Tests.Serialization.JsonSerializerTest.DuplicatePropertiesInNestedObject" methodname="DuplicatePropertiesInNestedObject" classname="Newtonsoft.Json.Tests.Serialization.JsonSerializerTest" runstate="Runnable" seed="1710193943" result="Passed" start-time="2019-11-12 05:39:36Z" end-time="2019-11-12 05:39:36Z" duration="0.000818" asserts="0">
                  <properties />
                </test-case>
                <test-case id="1594" name="EmbedJValueStringInNewJObject" fullname="Newtonsoft.Json.Tests.Serialization.JsonSerializerTest.EmbedJValueStringInNewJObject" methodname="EmbedJValueStringInNewJObject" classname="Newtonsoft.Json.Tests.Serialization.JsonSerializerTest" runstate="Runnable" seed="81562475" result="Passed" start-time="2019-11-12 05:39:36Z" end-time="2019-11-12 05:39:36Z" duration="0.000611" asserts="0">
                  <properties />
                </test-case>
                <test-case id="1641" name="EnumTest" fullname="Newtonsoft.Json.Tests.Serialization.JsonSerializerTest.EnumTest" methodname="EnumTest" classname="Newtonsoft.Json.Tests.Serialization.JsonSerializerTest" runstate="Runnable" seed="244724360" result="Passed" start-time="2019-11-12 05:39:36Z" end-time="2019-11-12 05:39:36Z" duration="0.000540" asserts="0">
                  <properties />
                </test-case>
                <test-case id="1908" name="ErrorCreatingJsonConverter" fullname="Newtonsoft.Json.Tests.Serialization.JsonSerializerTest.ErrorCreatingJsonConverter" methodname="ErrorCreatingJsonConverter" classname="Newtonsoft.Json.Tests.Serialization.JsonSerializerTest" runstate="Runnable" seed="840457804" result="Passed" start-time="2019-11-12 05:39:36Z" end-time="2019-11-12 05:39:36Z" duration="0.001027" asserts="0">
                  <properties />
                </test-case>
                <test-case id="1694" name="FailWhenClassWithNoDefaultConstructorHasMultipleConstructorsWithArguments" fullname="Newtonsoft.Json.Tests.Serialization.JsonSerializerTest.FailWhenClassWithNoDefaultConstructorHasMultipleConstructorsWithArguments" methodname="FailWhenClassWithNoDefaultConstructorHasMultipleConstructorsWithArguments" classname="Newtonsoft.Json.Tests.Serialization.JsonSerializerTest" runstate="Runnable" seed="1499419489" result="Passed" start-time="2019-11-12 05:39:36Z" end-time="2019-11-12 05:39:36Z" duration="0.003508" asserts="0">
                  <properties />
                </test-case>
                <test-case id="1638" name="FormattingOverride" fullname="Newtonsoft.Json.Tests.Serialization.JsonSerializerTest.FormattingOverride" methodname="FormattingOverride" classname="Newtonsoft.Json.Tests.Serialization.JsonSerializerTest" runstate="Runnable" seed="1762363116" result="Passed" start-time="2019-11-12 05:39:36Z" end-time="2019-11-12 05:39:36Z" duration="0.002256" asserts="0">
                  <properties />
                </test-case>
                <test-case id="1744" name="FullClientMapSerialization" fullname="Newtonsoft.Json.Tests.Serialization.JsonSerializerTest.FullClientMapSerialization" methodname="FullClientMapSerialization" classname="Newtonsoft.Json.Tests.Serialization.JsonSerializerTest" runstate="Runnable" seed="1186435369" result="Passed" start-time="2019-11-12 05:39:36Z" end-time="2019-11-12 05:39:36Z" duration="0.005335" asserts="0">
                  <properties />
                </test-case>
                <test-case id="1655" name="GenericAbstractProperty" fullname="Newtonsoft.Json.Tests.Serialization.JsonSerializerTest.GenericAbstractProperty" methodname="GenericAbstractProperty" classname="Newtonsoft.Json.Tests.Serialization.JsonSerializerTest" runstate="Runnable" seed="1694667436" result="Passed" start-time="2019-11-12 05:39:36Z" end-time="2019-11-12 05:39:36Z" duration="0.002313" asserts="0">
                  <properties />
                </test-case>
                <test-case id="1672" name="GenericListAndDictionaryInterfaceProperties" fullname="Newtonsoft.Json.Tests.Serialization.JsonSerializerTest.GenericListAndDictionaryInterfaceProperties" methodname="GenericListAndDictionaryInterfaceProperties" classname="Newtonsoft.Json.Tests.Serialization.JsonSerializerTest" runstate="Runnable" seed="1101391462" result="Passed" start-time="2019-11-12 05:39:36Z" end-time="2019-11-12 05:39:36Z" duration="0.006028" asserts="0">
                  <properties />
                </test-case>
                <test-case id="1617" name="GoogleSearchAPI" fullname="Newtonsoft.Json.Tests.Serialization.JsonSerializerTest.GoogleSearchAPI" methodname="GoogleSearchAPI" classname="Newtonsoft.Json.Tests.Serialization.JsonSerializerTest" runstate="Runnable" seed="886776984" result="Passed" start-time="2019-11-12 05:39:36Z" end-time="2019-11-12 05:39:36Z" duration="0.001282" asserts="0">
                  <properties />
                </test-case>
                <test-case id="1640" name="GuidTest" fullname="Newtonsoft.Json.Tests.Serialization.JsonSerializerTest.GuidTest" methodname="GuidTest" classname="Newtonsoft.Json.Tests.Serialization.JsonSerializerTest" runstate="Runnable" seed="1138516511" result="Passed" start-time="2019-11-12 05:39:36Z" end-time="2019-11-12 05:39:36Z" duration="0.000817" asserts="0">
                  <properties />
                </test-case>
                <test-case id="1883" name="HashSetInterface" fullname="Newtonsoft.Json.Tests.Serialization.JsonSerializerTest.HashSetInterface" methodname="HashSetInterface" classname="Newtonsoft.Json.Tests.Serialization.JsonSerializerTest" runstate="Runnable" seed="789064096" result="Passed" start-time="2019-11-12 05:39:36Z" end-time="2019-11-12 05:39:36Z" duration="0.002479" asserts="0">
                  <properties />
                </test-case>
                <test-case id="1612" name="HashtableDeserialization" fullname="Newtonsoft.Json.Tests.Serialization.JsonSerializerTest.HashtableDeserialization" methodname="HashtableDeserialization" classname="Newtonsoft.Json.Tests.Serialization.JsonSerializerTest" runstate="Runnable" seed="442037961" result="Passed" start-time="2019-11-12 05:39:36Z" end-time="2019-11-12 05:39:36Z" duration="0.000810" asserts="0">
                  <properties />
                </test-case>
                <test-case id="1851" name="IgnoreDataMemberTest" fullname="Newtonsoft.Json.Tests.Serialization.JsonSerializerTest.IgnoreDataMemberTest" methodname="IgnoreDataMemberTest" classname="Newtonsoft.Json.Tests.Serialization.JsonSerializerTest" runstate="Runnable" seed="619274871" result="Passed" start-time="2019-11-12 05:39:36Z" end-time="2019-11-12 05:39:36Z" duration="0.002467" asserts="0">
                  <properties />
                </test-case>
                <test-case id="1724" name="IgnoreIndexedProperties" fullname="Newtonsoft.Json.Tests.Serialization.JsonSerializerTest.IgnoreIndexedProperties" methodname="IgnoreIndexedProperties" classname="Newtonsoft.Json.Tests.Serialization.JsonSerializerTest" runstate="Runnable" seed="1979499441" result="Passed" start-time="2019-11-12 05:39:36Z" end-time="2019-11-12 05:39:36Z" duration="0.011703" asserts="0">
                  <properties />
                </test-case>
                <test-case id="1789" name="ImplementInterfaceObjectTest" fullname="Newtonsoft.Json.Tests.Serialization.JsonSerializerTest.ImplementInterfaceObjectTest" methodname="ImplementInterfaceObjectTest" classname="Newtonsoft.Json.Tests.Serialization.JsonSerializerTest" runstate="Runnable" seed="1522628814" result="Passed" start-time="2019-11-12 05:39:36Z" end-time="2019-11-12 05:39:36Z" duration="0.003477" asserts="0">
                  <properties />
                </test-case>
                <test-case id="1654" name="IncompatibleJsonAttributeShouldThrow" fullname="Newtonsoft.Json.Tests.Serialization.JsonSerializerTest.IncompatibleJsonAttributeShouldThrow" methodname="IncompatibleJsonAttributeShouldThrow" classname="Newtonsoft.Json.Tests.Serialization.JsonSerializerTest" runstate="Runnable" seed="1177278493" result="Passed" start-time="2019-11-12 05:39:36Z" end-time="2019-11-12 05:39:36Z" duration="0.002670" asserts="0">
                  <properties />
                </test-case>
                <test-case id="1564" name="IncompleteContainers" fullname="Newtonsoft.Json.Tests.Serialization.JsonSerializerTest.IncompleteContainers" methodname="IncompleteContainers" classname="Newtonsoft.Json.Tests.Serialization.JsonSerializerTest" runstate="Runnable" seed="1006210321" result="Passed" start-time="2019-11-12 05:39:36Z" end-time="2019-11-12 05:39:36Z" duration="0.005132" asserts="0">
                  <properties />
                </test-case>
                <test-case id="1621" name="InvalidBackslash" fullname="Newtonsoft.Json.Tests.Serialization.JsonSerializerTest.InvalidBackslash" methodname="InvalidBackslash" classname="Newtonsoft.Json.Tests.Serialization.JsonSerializerTest" runstate="Runnable" seed="1175177693" result="Passed" start-time="2019-11-12 05:39:36Z" end-time="2019-11-12 05:39:36Z" duration="0.000994" asserts="0">
                  <properties />
                </test-case>
                <test-case id="1725" name="JRawValue" fullname="Newtonsoft.Json.Tests.Serialization.JsonSerializerTest.JRawValue" methodname="JRawValue" classname="Newtonsoft.Json.Tests.Serialization.JsonSerializerTest" runstate="Runnable" seed="50127066" result="Passed" start-time="2019-11-12 05:39:36Z" end-time="2019-11-12 05:39:36Z" duration="0.002312" asserts="0">
                  <properties />
                </test-case>
                <test-case id="1609" name="JsonConvertSerializer" fullname="Newtonsoft.Json.Tests.Serialization.JsonSerializerTest.JsonConvertSerializer" methodname="JsonConvertSerializer" classname="Newtonsoft.Json.Tests.Serialization.JsonSerializerTest" runstate="Runnable" seed="1736118840" result="Passed" start-time="2019-11-12 05:39:36Z" end-time="2019-11-12 05:39:36Z" duration="0.001008" asserts="0">
                  <properties />
                </test-case>
                <test-case id="1643" name="JsonIgnoreAttributeOnClassTest" fullname="Newtonsoft.Json.Tests.Serialization.JsonSerializerTest.JsonIgnoreAttributeOnClassTest" methodname="JsonIgnoreAttributeOnClassTest" classname="Newtonsoft.Json.Tests.Serialization.JsonSerializerTest" runstate="Runnable" seed="1722663542" result="Passed" start-time="2019-11-12 05:39:36Z" end-time="2019-11-12 05:39:36Z" duration="0.003303" asserts="0">
                  <properties />
                </test-case>
                <test-case id="1616" name="JsonIgnoreAttributeTest" fullname="Newtonsoft.Json.Tests.Serialization.JsonSerializerTest.JsonIgnoreAttributeTest" methodname="JsonIgnoreAttributeTest" classname="Newtonsoft.Json.Tests.Serialization.JsonSerializerTest" runstate="Runnable" seed="620042056" result="Passed" start-time="2019-11-12 05:39:36Z" end-time="2019-11-12 05:39:36Z" duration="0.003104" asserts="0">
                  <properties />
                </test-case>
                <test-case id="1619" name="JsonPropertyClassSerialize" fullname="Newtonsoft.Json.Tests.Serialization.JsonSerializerTest.JsonPropertyClassSerialize" methodname="JsonPropertyClassSerialize" classname="Newtonsoft.Json.Tests.Serialization.JsonSerializerTest" runstate="Runnable" seed="812163924" result="Passed" start-time="2019-11-12 05:39:36Z" end-time="2019-11-12 05:39:36Z" duration="0.003589" asserts="0">
                  <properties />
                </test-case>
                <test-case id="1915" name="JsonPropertyConverter" fullname="Newtonsoft.Json.Tests.Serialization.JsonSerializerTest.JsonPropertyConverter" methodname="JsonPropertyConverter" classname="Newtonsoft.Json.Tests.Serialization.JsonSerializerTest" runstate="Runnable" seed="1921198380" result="Passed" start-time="2019-11-12 05:39:36Z" end-time="2019-11-12 05:39:36Z" duration="0.005511" asserts="0">
                  <properties />
                </test-case>
                <test-case id="1795" name="JsonPropertyDataMemberOrder" fullname="Newtonsoft.Json.Tests.Serialization.JsonSerializerTest.JsonPropertyDataMemberOrder" methodname="JsonPropertyDataMemberOrder" classname="Newtonsoft.Json.Tests.Serialization.JsonSerializerTest" runstate="Runnable" seed="1165667930" result="Passed" start-time="2019-11-12 05:39:36Z" end-time="2019-11-12 05:39:36Z" duration="0.005292" asserts="0">
                  <properties />
                </test-case>
                <test-case id="1680" name="JsonPropertyWithHandlingValues_ReferenceLoopError" fullname="Newtonsoft.Json.Tests.Serialization.JsonSerializerTest.JsonPropertyWithHandlingValues_ReferenceLoopError" methodname="JsonPropertyWithHandlingValues_ReferenceLoopError" classname="Newtonsoft.Json.Tests.Serialization.JsonSerializerTest" runstate="Runnable" seed="1108421867" result="Passed" start-time="2019-11-12 05:39:36Z" end-time="2019-11-12 05:39:36Z" duration="0.000973" asserts="0">
                  <properties />
                </test-case>
                <test-case id="1874" name="JsonSerializerDateFormatString" fullname="Newtonsoft.Json.Tests.Serialization.JsonSerializerTest.JsonSerializerDateFormatString" methodname="JsonSerializerDateFormatString" classname="Newtonsoft.Json.Tests.Serialization.JsonSerializerTest" runstate="Runnable" seed="1147963761" result="Passed" start-time="2019-11-12 05:39:36Z" end-time="2019-11-12 05:39:36Z" duration="0.001287" asserts="0">
                  <properties />
                </test-case>
                <test-case id="1587" name="JsonSerializerProperties" fullname="Newtonsoft.Json.Tests.Serialization.JsonSerializerTest.JsonSerializerProperties" methodname="JsonSerializerProperties" classname="Newtonsoft.Json.Tests.Serialization.JsonSerializerTest" runstate="Runnable" seed="2058740822" result="Passed" start-time="2019-11-12 05:39:36Z" end-time="2019-11-12 05:39:36Z" duration="0.007318" asserts="0">
                  <properties />
                </test-case>
                <test-case id="1589" name="JsonSerializerProxyProperties" fullname="Newtonsoft.Json.Tests.Serialization.JsonSerializerTest.JsonSerializerProxyProperties" methodname="JsonSerializerProxyProperties" classname="Newtonsoft.Json.Tests.Serialization.JsonSerializerTest" runstate="Runnable" seed="1804575031" result="Passed" start-time="2019-11-12 05:39:36Z" end-time="2019-11-12 05:39:36Z" duration="0.007736" asserts="0">
                  <properties />
                </test-case>
                <test-case id="1588" name="JsonSerializerSettingsProperties" fullname="Newtonsoft.Json.Tests.Serialization.JsonSerializerTest.JsonSerializerSettingsProperties" methodname="JsonSerializerSettingsProperties" classname="Newtonsoft.Json.Tests.Serialization.JsonSerializerTest" runstate="Runnable" seed="588162371" result="Passed" start-time="2019-11-12 05:39:36Z" end-time="2019-11-12 05:39:36Z" duration="0.006136" asserts="0">
                  <properties />
                </test-case>
                <test-case id="1876" name="JsonSerializerStringEscapeHandling" fullname="Newtonsoft.Json.Tests.Serialization.JsonSerializerTest.JsonSerializerStringEscapeHandling" methodname="JsonSerializerStringEscapeHandling" classname="Newtonsoft.Json.Tests.Serialization.JsonSerializerTest" runstate="Runnable" seed="700597698" result="Passed" start-time="2019-11-12 05:39:36Z" end-time="2019-11-12 05:39:36Z" duration="0.003728" asserts="0">
                  <properties />
                </test-case>
                <test-case id="1546" name="LargeIntegerAsString" fullname="Newtonsoft.Json.Tests.Serialization.JsonSerializerTest.LargeIntegerAsString" methodname="LargeIntegerAsString" classname="Newtonsoft.Json.Tests.Serialization.JsonSerializerTest" runstate="Runnable" seed="217260013" result="Passed" start-time="2019-11-12 05:39:36Z" end-time="2019-11-12 05:39:36Z" duration="0.003916" asserts="0">
                  <properties />
                </test-case>
                <test-case id="1540" name="ListSourceSerialize" fullname="Newtonsoft.Json.Tests.Serialization.JsonSerializerTest.ListSourceSerialize" methodname="ListSourceSerialize" classname="Newtonsoft.Json.Tests.Serialization.JsonSerializerTest" runstate="Runnable" seed="892241212" result="Passed" start-time="2019-11-12 05:39:36Z" end-time="2019-11-12 05:39:36Z" duration="0.004862" asserts="0">
                  <properties />
                </test-case>
                <test-case id="1912" name="MailMessageConverterTest" fullname="Newtonsoft.Json.Tests.Serialization.JsonSerializerTest.MailMessageConverterTest" methodname="MailMessageConverterTest" classname="Newtonsoft.Json.Tests.Serialization.JsonSerializerTest" runstate="Runnable" seed="376522482" result="Passed" start-time="2019-11-12 05:39:36Z" end-time="2019-11-12 05:39:36Z" duration="0.020214" asserts="0">
                  <properties />
                </test-case>
                <test-case id="1894" name="Main" fullname="Newtonsoft.Json.Tests.Serialization.JsonSerializerTest.Main" methodname="Main" classname="Newtonsoft.Json.Tests.Serialization.JsonSerializerTest" runstate="Runnable" seed="653669123" result="Passed" start-time="2019-11-12 05:39:36Z" end-time="2019-11-12 05:39:36Z" duration="0.003036" asserts="0">
                  <properties />
                </test-case>
                <test-case id="1781" name="MultiIndexSuperTest" fullname="Newtonsoft.Json.Tests.Serialization.JsonSerializerTest.MultiIndexSuperTest" methodname="MultiIndexSuperTest" classname="Newtonsoft.Json.Tests.Serialization.JsonSerializerTest" runstate="Runnable" seed="384668803" result="Passed" start-time="2019-11-12 05:39:36Z" end-time="2019-11-12 05:39:36Z" duration="0.002674" asserts="0">
                  <properties />
                </test-case>
                <test-case id="1836" name="MultipleItems" fullname="Newtonsoft.Json.Tests.Serialization.JsonSerializerTest.MultipleItems" methodname="MultipleItems" classname="Newtonsoft.Json.Tests.Serialization.JsonSerializerTest" runstate="Runnable" seed="896618878" result="Passed" start-time="2019-11-12 05:39:36Z" end-time="2019-11-12 05:39:36Z" duration="0.004454" asserts="0">
                  <properties />
                </test-case>
                <test-case id="1775" name="MultipleParametrizedConstructorsJsonConstructorTest" fullname="Newtonsoft.Json.Tests.Serialization.JsonSerializerTest.MultipleParametrizedConstructorsJsonConstructorTest" methodname="MultipleParametrizedConstructorsJsonConstructorTest" classname="Newtonsoft.Json.Tests.Serialization.JsonSerializerTest" runstate="Runnable" seed="1338093744" result="Passed" start-time="2019-11-12 05:39:36Z" end-time="2019-11-12 05:39:36Z" duration="0.003187" asserts="0">
                  <properties />
                </test-case>
                <test-case id="1686" name="NestedInsideOuterObject" fullname="Newtonsoft.Json.Tests.Serialization.JsonSerializerTest.NestedInsideOuterObject" methodname="NestedInsideOuterObject" classname="Newtonsoft.Json.Tests.Serialization.JsonSerializerTest" runstate="Runnable" seed="434672552" result="Passed" start-time="2019-11-12 05:39:36Z" end-time="2019-11-12 05:39:36Z" duration="0.005586" asserts="0">
                  <properties />
                </test-case>
                <test-case id="1568" name="NeverResolveIgnoredPropertyTypes" fullname="Newtonsoft.Json.Tests.Serialization.JsonSerializerTest.NeverResolveIgnoredPropertyTypes" methodname="NeverResolveIgnoredPropertyTypes" classname="Newtonsoft.Json.Tests.Serialization.JsonSerializerTest" runstate="Runnable" seed="1907505492" result="Passed" start-time="2019-11-12 05:39:36Z" end-time="2019-11-12 05:39:36Z" duration="0.010330" asserts="0">
                  <properties />
                </test-case>
                <test-case id="1577" name="NewProperty" fullname="Newtonsoft.Json.Tests.Serialization.JsonSerializerTest.NewProperty" methodname="NewProperty" classname="Newtonsoft.Json.Tests.Serialization.JsonSerializerTest" runstate="Runnable" seed="1465545784" result="Passed" start-time="2019-11-12 05:39:36Z" end-time="2019-11-12 05:39:36Z" duration="0.002753" asserts="0">
                  <properties />
                </test-case>
                <test-case id="1578" name="NewPropertyVirtual" fullname="Newtonsoft.Json.Tests.Serialization.JsonSerializerTest.NewPropertyVirtual" methodname="NewPropertyVirtual" classname="Newtonsoft.Json.Tests.Serialization.JsonSerializerTest" runstate="Runnable" seed="1909868803" result="Passed" start-time="2019-11-12 05:39:36Z" end-time="2019-11-12 05:39:36Z" duration="0.002344" asserts="0">
                  <properties />
                </test-case>
                <test-case id="1877" name="NoConstructorReadOnlyCollectionTest" fullname="Newtonsoft.Json.Tests.Serialization.JsonSerializerTest.NoConstructorReadOnlyCollectionTest" methodname="NoConstructorReadOnlyCollectionTest" classname="Newtonsoft.Json.Tests.Serialization.JsonSerializerTest" runstate="Runnable" seed="900921678" result="Passed" start-time="2019-11-12 05:39:36Z" end-time="2019-11-12 05:39:36Z" duration="0.003031" asserts="0">
                  <properties />
                </test-case>
                <test-case id="1559" name="NoErrorWhenValueDoesNotMatchIgnoredProperty" fullname="Newtonsoft.Json.Tests.Serialization.JsonSerializerTest.NoErrorWhenValueDoesNotMatchIgnoredProperty" methodname="NoErrorWhenValueDoesNotMatchIgnoredProperty" classname="Newtonsoft.Json.Tests.Serialization.JsonSerializerTest" runstate="Runnable" seed="178407958" result="Passed" start-time="2019-11-12 05:39:36Z" end-time="2019-11-12 05:39:36Z" duration="0.002155" asserts="0">
                  <properties />
                </test-case>
                <test-case id="1790" name="NonDefaultConstructorWithReadOnlyCollectionPropertyTest" fullname="Newtonsoft.Json.Tests.Serialization.JsonSerializerTest.NonDefaultConstructorWithReadOnlyCollectionPropertyTest" methodname="NonDefaultConstructorWithReadOnlyCollectionPropertyTest" classname="Newtonsoft.Json.Tests.Serialization.JsonSerializerTest" runstate="Runnable" seed="1733182182" result="Passed" start-time="2019-11-12 05:39:36Z" end-time="2019-11-12 05:39:36Z" duration="0.003904" asserts="0">
                  <properties />
                </test-case>
                <test-case id="1791" name="NonDefaultConstructorWithReadOnlyDictionaryPropertyTest" fullname="Newtonsoft.Json.Tests.Serialization.JsonSerializerTest.NonDefaultConstructorWithReadOnlyDictionaryPropertyTest" methodname="NonDefaultConstructorWithReadOnlyDictionaryPropertyTest" classname="Newtonsoft.Json.Tests.Serialization.JsonSerializerTest" runstate="Runnable" seed="593882625" result="Passed" start-time="2019-11-12 05:39:36Z" end-time="2019-11-12 05:39:36Z" duration="0.003791" asserts="0">
                  <properties />
                </test-case>
                <test-case id="1773" name="NonPublicConstructorWithJsonConstructorTest" fullname="Newtonsoft.Json.Tests.Serialization.JsonSerializerTest.NonPublicConstructorWithJsonConstructorTest" methodname="NonPublicConstructorWithJsonConstructorTest" classname="Newtonsoft.Json.Tests.Serialization.JsonSerializerTest" runstate="Runnable" seed="133140940" result="Passed" start-time="2019-11-12 05:39:36Z" end-time="2019-11-12 05:39:36Z" duration="0.002028" asserts="0">
                  <properties />
                </test-case>
                <test-case id="1627" name="NonStringKeyDictionary" fullname="Newtonsoft.Json.Tests.Serialization.JsonSerializerTest.NonStringKeyDictionary" methodname="NonStringKeyDictionary" classname="Newtonsoft.Json.Tests.Serialization.JsonSerializerTest" runstate="Runnable" seed="1658863168" result="Passed" start-time="2019-11-12 05:39:36Z" end-time="2019-11-12 05:39:36Z" duration="0.008754" asserts="0">
                  <properties />
                </test-case>
                <test-case id="1919" name="NullableDecimalEmptyValue" fullname="Newtonsoft.Json.Tests.Serialization.JsonSerializerTest.NullableDecimalEmptyValue" methodname="NullableDecimalEmptyValue" classname="Newtonsoft.Json.Tests.Serialization.JsonSerializerTest" runstate="Runnable" seed="1510405704" result="Passed" start-time="2019-11-12 05:39:36Z" end-time="2019-11-12 05:39:36Z" duration="0.006010" asserts="0">
                  <properties />
                </test-case>
                <test-case id="1834" name="NullableDeserializeUTC" fullname="Newtonsoft.Json.Tests.Serialization.JsonSerializerTest.NullableDeserializeUTC" methodname="NullableDeserializeUTC" classname="Newtonsoft.Json.Tests.Serialization.JsonSerializerTest" runstate="Runnable" seed="1384550081" result="Passed" start-time="2019-11-12 05:39:36Z" end-time="2019-11-12 05:39:36Z" duration="0.001827" asserts="0">
                  <properties />
                </test-case>
                <test-case id="1920" name="NullableDoubleEmptyValue" fullname="Newtonsoft.Json.Tests.Serialization.JsonSerializerTest.NullableDoubleEmptyValue" methodname="NullableDoubleEmptyValue" classname="Newtonsoft.Json.Tests.Serialization.JsonSerializerTest" runstate="Runnable" seed="1842924862" result="Passed" start-time="2019-11-12 05:39:36Z" end-time="2019-11-12 05:39:36Z" duration="0.001449" asserts="0">
                  <properties />
                </test-case>
                <test-case id="1871" name="NullableFloatingPoint" fullname="Newtonsoft.Json.Tests.Serialization.JsonSerializerTest.NullableFloatingPoint" methodname="NullableFloatingPoint" classname="Newtonsoft.Json.Tests.Serialization.JsonSerializerTest" runstate="Runnable" seed="1426672565" result="Passed" start-time="2019-11-12 05:39:36Z" end-time="2019-11-12 05:39:36Z" duration="0.005411" asserts="0">
                  <properties />
                </test-case>
                <test-case id="1917" name="NullableIntEmptyValue" fullname="Newtonsoft.Json.Tests.Serialization.JsonSerializerTest.NullableIntEmptyValue" methodname="NullableIntEmptyValue" classname="Newtonsoft.Json.Tests.Serialization.JsonSerializerTest" runstate="Runnable" seed="801314283" result="Passed" start-time="2019-11-12 05:39:36Z" end-time="2019-11-12 05:39:36Z" duration="0.001038" asserts="0">
                  <properties />
                </test-case>
                <test-case id="1918" name="NullableLongEmptyValue" fullname="Newtonsoft.Json.Tests.Serialization.JsonSerializerTest.NullableLongEmptyValue" methodname="NullableLongEmptyValue" classname="Newtonsoft.Json.Tests.Serialization.JsonSerializerTest" runstate="Runnable" seed="764513155" result="Passed" start-time="2019-11-12 05:39:36Z" end-time="2019-11-12 05:39:36Z" duration="0.000844" asserts="0">
                  <properties />
                </test-case>
                <test-case id="1823" name="NullableStructWithConverter" fullname="Newtonsoft.Json.Tests.Serialization.JsonSerializerTest.NullableStructWithConverter" methodname="NullableStructWithConverter" classname="Newtonsoft.Json.Tests.Serialization.JsonSerializerTest" runstate="Runnable" seed="746099821" result="Passed" start-time="2019-11-12 05:39:36Z" end-time="2019-11-12 05:39:36Z" duration="0.005189" asserts="0">
                  <properties />
                </test-case>
                <test-case id="1889" name="NullReferenceResolver" fullname="Newtonsoft.Json.Tests.Serialization.JsonSerializerTest.NullReferenceResolver" methodname="NullReferenceResolver" classname="Newtonsoft.Json.Tests.Serialization.JsonSerializerTest" runstate="Runnable" seed="1818215674" result="Passed" start-time="2019-11-12 05:39:36Z" end-time="2019-11-12 05:39:36Z" duration="0.004253" asserts="0">
                  <properties />
                </test-case>
                <test-case id="1634" name="ObjectCreationHandlingReplace" fullname="Newtonsoft.Json.Tests.Serialization.JsonSerializerTest.ObjectCreationHandlingReplace" methodname="ObjectCreationHandlingReplace" classname="Newtonsoft.Json.Tests.Serialization.JsonSerializerTest" runstate="Runnable" seed="1893094459" result="Passed" start-time="2019-11-12 05:39:36Z" end-time="2019-11-12 05:39:36Z" duration="0.000622" asserts="0">
                  <properties />
                </test-case>
                <test-case id="1838" name="ObjectRequiredDeserializeMissing" fullname="Newtonsoft.Json.Tests.Serialization.JsonSerializerTest.ObjectRequiredDeserializeMissing" methodname="ObjectRequiredDeserializeMissing" classname="Newtonsoft.Json.Tests.Serialization.JsonSerializerTest" runstate="Runnable" seed="1267259668" result="Passed" start-time="2019-11-12 05:39:36Z" end-time="2019-11-12 05:39:36Z" duration="0.002994" asserts="0">
                  <properties />
                </test-case>
                <test-case id="1839" name="ObjectRequiredDeserializeNull" fullname="Newtonsoft.Json.Tests.Serialization.JsonSerializerTest.ObjectRequiredDeserializeNull" methodname="ObjectRequiredDeserializeNull" classname="Newtonsoft.Json.Tests.Serialization.JsonSerializerTest" runstate="Runnable" seed="208823534" result="Passed" start-time="2019-11-12 05:39:36Z" end-time="2019-11-12 05:39:36Z" duration="0.002843" asserts="0">
                  <properties />
                </test-case>
                <test-case id="1840" name="ObjectRequiredSerialize" fullname="Newtonsoft.Json.Tests.Serialization.JsonSerializerTest.ObjectRequiredSerialize" methodname="ObjectRequiredSerialize" classname="Newtonsoft.Json.Tests.Serialization.JsonSerializerTest" runstate="Runnable" seed="491877607" result="Passed" start-time="2019-11-12 05:39:36Z" end-time="2019-11-12 05:39:36Z" duration="0.002668" asserts="0">
                  <properties />
                </test-case>
                <test-case id="1761" name="OverridenPropertyMembers" fullname="Newtonsoft.Json.Tests.Serialization.JsonSerializerTest.OverridenPropertyMembers" methodname="OverridenPropertyMembers" classname="Newtonsoft.Json.Tests.Serialization.JsonSerializerTest" runstate="Runnable" seed="1455299893" result="Passed" start-time="2019-11-12 05:39:36Z" end-time="2019-11-12 05:39:36Z" duration="0.001907" asserts="0">
                  <properties />
                </test-case>
                <test-case id="1907" name="ParameterizedConstructorWithBasePrivateProperties" fullname="Newtonsoft.Json.Tests.Serialization.JsonSerializerTest.ParameterizedConstructorWithBasePrivateProperties" methodname="ParameterizedConstructorWithBasePrivateProperties" classname="Newtonsoft.Json.Tests.Serialization.JsonSerializerTest" runstate="Runnable" seed="2050910639" result="Passed" start-time="2019-11-12 05:39:36Z" end-time="2019-11-12 05:39:36Z" duration="0.003417" asserts="0">
                  <properties />
                </test-case>
                <test-case id="1913" name="ParametrizedConstructor_IncompleteJson" fullname="Newtonsoft.Json.Tests.Serialization.JsonSerializerTest.ParametrizedConstructor_IncompleteJson" methodname="ParametrizedConstructor_IncompleteJson" classname="Newtonsoft.Json.Tests.Serialization.JsonSerializerTest" runstate="Runnable" seed="2102164258" result="Passed" start-time="2019-11-12 05:39:36Z" end-time="2019-11-12 05:39:36Z" duration="0.004005" asserts="0">
                  <properties />
                </test-case>
                <test-case id="1681" name="PartialClassDeserialize" fullname="Newtonsoft.Json.Tests.Serialization.JsonSerializerTest.PartialClassDeserialize" methodname="PartialClassDeserialize" classname="Newtonsoft.Json.Tests.Serialization.JsonSerializerTest" runstate="Runnable" seed="1635757013" result="Passed" start-time="2019-11-12 05:39:36Z" end-time="2019-11-12 05:39:36Z" duration="0.005326" asserts="0">
                  <properties />
                </test-case>
                <test-case id="1607" name="PersonTypedObjectDeserialization" fullname="Newtonsoft.Json.Tests.Serialization.JsonSerializerTest.PersonTypedObjectDeserialization" methodname="PersonTypedObjectDeserialization" classname="Newtonsoft.Json.Tests.Serialization.JsonSerializerTest" runstate="Runnable" seed="609198411" result="Passed" start-time="2019-11-12 05:39:36Z" end-time="2019-11-12 05:39:36Z" duration="0.001704" asserts="0">
                  <properties />
                </test-case>
                <test-case id="1674" name="PopulateDefaultValueWhenUsingConstructor" fullname="Newtonsoft.Json.Tests.Serialization.JsonSerializerTest.PopulateDefaultValueWhenUsingConstructor" methodname="PopulateDefaultValueWhenUsingConstructor" classname="Newtonsoft.Json.Tests.Serialization.JsonSerializerTest" runstate="Runnable" seed="1069595797" result="Passed" start-time="2019-11-12 05:39:36Z" end-time="2019-11-12 05:39:36Z" duration="0.003873" asserts="0">
                  <properties />
                </test-case>
                <test-case id="1576" name="PopulateResetSettings" fullname="Newtonsoft.Json.Tests.Serialization.JsonSerializerTest.PopulateResetSettings" methodname="PopulateResetSettings" classname="Newtonsoft.Json.Tests.Serialization.JsonSerializerTest" runstate="Runnable" seed="1936998512" result="Passed" start-time="2019-11-12 05:39:36Z" end-time="2019-11-12 05:39:36Z" duration="0.001146" asserts="0">
                  <properties />
                </test-case>
                <test-case id="1783" name="PopulationBehaviourForOmittedPropertiesIsTheSameForParameterisedConstructorAsForDefaultConstructor" fullname="Newtonsoft.Json.Tests.Serialization.JsonSerializerTest.PopulationBehaviourForOmittedPropertiesIsTheSameForParameterisedConstructorAsForDefaultConstructor" methodname="PopulationBehaviourForOmittedPropertiesIsTheSameForParameterisedConstructorAsForDefaultConstructor" classname="Newtonsoft.Json.Tests.Serialization.JsonSerializerTest" runstate="Runnable" seed="1699558607" result="Passed" start-time="2019-11-12 05:39:36Z" end-time="2019-11-12 05:39:36Z" duration="0.004212" asserts="0">
                  <properties />
                </test-case>
                <test-case id="1591" name="PreserveReferencesCallbackTest" fullname="Newtonsoft.Json.Tests.Serialization.JsonSerializerTest.PreserveReferencesCallbackTest" methodname="PreserveReferencesCallbackTest" classname="Newtonsoft.Json.Tests.Serialization.JsonSerializerTest" runstate="Runnable" seed="1181939952" result="Passed" start-time="2019-11-12 05:39:36Z" end-time="2019-11-12 05:39:36Z" duration="0.003177" asserts="0">
                  <properties />
                </test-case>
                <test-case id="1835" name="PrivateConstructor" fullname="Newtonsoft.Json.Tests.Serialization.JsonSerializerTest.PrivateConstructor" methodname="PrivateConstructor" classname="Newtonsoft.Json.Tests.Serialization.JsonSerializerTest" runstate="Runnable" seed="743944197" result="Passed" start-time="2019-11-12 05:39:36Z" end-time="2019-11-12 05:39:36Z" duration="0.003826" asserts="0">
                  <properties />
                </test-case>
                <test-case id="1793" name="PrivateMembersClassWithAttributesTest" fullname="Newtonsoft.Json.Tests.Serialization.JsonSerializerTest.PrivateMembersClassWithAttributesTest" methodname="PrivateMembersClassWithAttributesTest" classname="Newtonsoft.Json.Tests.Serialization.JsonSerializerTest" runstate="Runnable" seed="90466334" result="Passed" start-time="2019-11-12 05:39:36Z" end-time="2019-11-12 05:39:36Z" duration="0.003151" asserts="0">
                  <properties />
                </test-case>
                <test-case id="1769" name="PrivateSetterOnBaseClassProperty" fullname="Newtonsoft.Json.Tests.Serialization.JsonSerializerTest.PrivateSetterOnBaseClassProperty" methodname="PrivateSetterOnBaseClassProperty" classname="Newtonsoft.Json.Tests.Serialization.JsonSerializerTest" runstate="Runnable" seed="1238065618" result="Passed" start-time="2019-11-12 05:39:36Z" end-time="2019-11-12 05:39:36Z" duration="0.005044" asserts="0">
                  <properties />
                </test-case>
                <test-case id="1850" name="PropertyItemConverter" fullname="Newtonsoft.Json.Tests.Serialization.JsonSerializerTest.PropertyItemConverter" methodname="PropertyItemConverter" classname="Newtonsoft.Json.Tests.Serialization.JsonSerializerTest" runstate="Runnable" seed="366185428" result="Passed" start-time="2019-11-12 05:39:36Z" end-time="2019-11-12 05:39:36Z" duration="0.001049" asserts="0">
                  <properties />
                </test-case>
                <test-case id="1774" name="PublicConstructorOverridenByJsonConstructorTest" fullname="Newtonsoft.Json.Tests.Serialization.JsonSerializerTest.PublicConstructorOverridenByJsonConstructorTest" methodname="PublicConstructorOverridenByJsonConstructorTest" classname="Newtonsoft.Json.Tests.Serialization.JsonSerializerTest" runstate="Runnable" seed="443677504" result="Passed" start-time="2019-11-12 05:39:36Z" end-time="2019-11-12 05:39:36Z" duration="0.002953" asserts="0">
                  <properties />
                </test-case>
                <test-case id="1809" name="ReadForTypeHackFixByteArray" fullname="Newtonsoft.Json.Tests.Serialization.JsonSerializerTest.ReadForTypeHackFixByteArray" methodname="ReadForTypeHackFixByteArray" classname="Newtonsoft.Json.Tests.Serialization.JsonSerializerTest" runstate="Runnable" seed="1436174557" result="Passed" start-time="2019-11-12 05:39:36Z" end-time="2019-11-12 05:39:36Z" duration="0.005222" asserts="0">
                  <properties />
                </test-case>
                <test-case id="1808" name="ReadForTypeHackFixDateTimeOffset" fullname="Newtonsoft.Json.Tests.Serialization.JsonSerializerTest.ReadForTypeHackFixDateTimeOffset" methodname="ReadForTypeHackFixDateTimeOffset" classname="Newtonsoft.Json.Tests.Serialization.JsonSerializerTest" runstate="Runnable" seed="97538541" result="Passed" start-time="2019-11-12 05:39:36Z" end-time="2019-11-12 05:39:36Z" duration="0.008068" asserts="0">
                  <properties />
                </test-case>
                <test-case id="1807" name="ReadForTypeHackFixDecimal" fullname="Newtonsoft.Json.Tests.Serialization.JsonSerializerTest.ReadForTypeHackFixDecimal" methodname="ReadForTypeHackFixDecimal" classname="Newtonsoft.Json.Tests.Serialization.JsonSerializerTest" runstate="Runnable" seed="1772256452" result="Passed" start-time="2019-11-12 05:39:36Z" end-time="2019-11-12 05:39:36Z" duration="0.001118" asserts="0">
                  <properties />
                </test-case>
                <test-case id="1572" name="ReadIntegerWithError" fullname="Newtonsoft.Json.Tests.Serialization.JsonSerializerTest.ReadIntegerWithError" methodname="ReadIntegerWithError" classname="Newtonsoft.Json.Tests.Serialization.JsonSerializerTest" runstate="Runnable" seed="1074378694" result="Passed" start-time="2019-11-12 05:39:36Z" end-time="2019-11-12 05:39:36Z" duration="0.002830" asserts="0">
                  <properties />
                </test-case>
                <test-case id="1880" name="ReadStringFloatingPointSymbols" fullname="Newtonsoft.Json.Tests.Serialization.JsonSerializerTest.ReadStringFloatingPointSymbols" methodname="ReadStringFloatingPointSymbols" classname="Newtonsoft.Json.Tests.Serialization.JsonSerializerTest" runstate="Runnable" seed="1939718277" result="Passed" start-time="2019-11-12 05:39:36Z" end-time="2019-11-12 05:39:36Z" duration="0.006319" asserts="0">
                  <properties />
                </test-case>
                <test-case id="1878" name="ReadTooLargeInteger" fullname="Newtonsoft.Json.Tests.Serialization.JsonSerializerTest.ReadTooLargeInteger" methodname="ReadTooLargeInteger" classname="Newtonsoft.Json.Tests.Serialization.JsonSerializerTest" runstate="Runnable" seed="340911600" result="Passed" start-time="2019-11-12 05:39:36Z" end-time="2019-11-12 05:39:36Z" duration="0.006062" asserts="0">
                  <properties />
                </test-case>
                <test-case id="1757" name="ReadWriteTimeZoneOffsetIso" fullname="Newtonsoft.Json.Tests.Serialization.JsonSerializerTest.ReadWriteTimeZoneOffsetIso" methodname="ReadWriteTimeZoneOffsetIso" classname="Newtonsoft.Json.Tests.Serialization.JsonSerializerTest" runstate="Runnable" seed="646381992" result="Passed" start-time="2019-11-12 05:39:36Z" end-time="2019-11-12 05:39:36Z" duration="0.002658" asserts="0">
                  <properties />
                </test-case>
                <test-case id="1759" name="ReadWriteTimeZoneOffsetMsAjax" fullname="Newtonsoft.Json.Tests.Serialization.JsonSerializerTest.ReadWriteTimeZoneOffsetMsAjax" methodname="ReadWriteTimeZoneOffsetMsAjax" classname="Newtonsoft.Json.Tests.Serialization.JsonSerializerTest" runstate="Runnable" seed="633892855" result="Passed" start-time="2019-11-12 05:39:36Z" end-time="2019-11-12 05:39:36Z" duration="0.001262" asserts="0">
                  <properties />
                </test-case>
                <test-case id="1662" name="RequiredMembersClass" fullname="Newtonsoft.Json.Tests.Serialization.JsonSerializerTest.RequiredMembersClass" methodname="RequiredMembersClass" classname="Newtonsoft.Json.Tests.Serialization.JsonSerializerTest" runstate="Runnable" seed="1899895185" result="Passed" start-time="2019-11-12 05:39:36Z" end-time="2019-11-12 05:39:36Z" duration="0.001655" asserts="0">
                  <properties />
                </test-case>
                <test-case id="1666" name="RequiredMembersClassMissingRequiredProperty" fullname="Newtonsoft.Json.Tests.Serialization.JsonSerializerTest.RequiredMembersClassMissingRequiredProperty" methodname="RequiredMembersClassMissingRequiredProperty" classname="Newtonsoft.Json.Tests.Serialization.JsonSerializerTest" runstate="Runnable" seed="373850923" result="Passed" start-time="2019-11-12 05:39:36Z" end-time="2019-11-12 05:39:36Z" duration="0.000786" asserts="0">
                  <properties />
                </test-case>
                <test-case id="1567" name="RequiredPropertyConstructorTest" fullname="Newtonsoft.Json.Tests.Serialization.JsonSerializerTest.RequiredPropertyConstructorTest" methodname="RequiredPropertyConstructorTest" classname="Newtonsoft.Json.Tests.Serialization.JsonSerializerTest" runstate="Runnable" seed="1814700376" result="Passed" start-time="2019-11-12 05:39:36Z" end-time="2019-11-12 05:39:36Z" duration="0.003908" asserts="0">
                  <properties />
                </test-case>
                <test-case id="1566" name="RequiredPropertyTest" fullname="Newtonsoft.Json.Tests.Serialization.JsonSerializerTest.RequiredPropertyTest" methodname="RequiredPropertyTest" classname="Newtonsoft.Json.Tests.Serialization.JsonSerializerTest" runstate="Runnable" seed="119108163" result="Passed" start-time="2019-11-12 05:39:36Z" end-time="2019-11-12 05:39:36Z" duration="0.004379" asserts="0">
                  <properties />
                </test-case>
                <test-case id="1675" name="RequiredWhenUsingConstructor" fullname="Newtonsoft.Json.Tests.Serialization.JsonSerializerTest.RequiredWhenUsingConstructor" methodname="RequiredWhenUsingConstructor" classname="Newtonsoft.Json.Tests.Serialization.JsonSerializerTest" runstate="Runnable" seed="667843327" result="Passed" start-time="2019-11-12 05:39:36Z" end-time="2019-11-12 05:39:36Z" duration="0.003774" asserts="0">
                  <properties />
                </test-case>
                <test-case id="1691" name="RoleTransferTest" fullname="Newtonsoft.Json.Tests.Serialization.JsonSerializerTest.RoleTransferTest" methodname="RoleTransferTest" classname="Newtonsoft.Json.Tests.Serialization.JsonSerializerTest" runstate="Runnable" seed="524332983" result="Passed" start-time="2019-11-12 05:39:36Z" end-time="2019-11-12 05:39:36Z" duration="0.006002" asserts="0">
                  <properties />
                </test-case>
                <test-case id="1870" name="RoundtripOfDateTimeOffset" fullname="Newtonsoft.Json.Tests.Serialization.JsonSerializerTest.RoundtripOfDateTimeOffset" methodname="RoundtripOfDateTimeOffset" classname="Newtonsoft.Json.Tests.Serialization.JsonSerializerTest" runstate="Runnable" seed="439495744" result="Passed" start-time="2019-11-12 05:39:36Z" end-time="2019-11-12 05:39:36Z" duration="0.001169" asserts="0">
                  <properties />
                </test-case>
                <test-case id="1897" name="RoundtripUriOriginalString" fullname="Newtonsoft.Json.Tests.Serialization.JsonSerializerTest.RoundtripUriOriginalString" methodname="RoundtripUriOriginalString" classname="Newtonsoft.Json.Tests.Serialization.JsonSerializerTest" runstate="Runnable" seed="2037056526" result="Passed" start-time="2019-11-12 05:39:36Z" end-time="2019-11-12 05:39:36Z" duration="0.001381" asserts="0">
                  <properties />
                </test-case>
                <test-case id="1562" name="Serialize_ItemRequired_DisallowedNull" fullname="Newtonsoft.Json.Tests.Serialization.JsonSerializerTest.Serialize_ItemRequired_DisallowedNull" methodname="Serialize_ItemRequired_DisallowedNull" classname="Newtonsoft.Json.Tests.Serialization.JsonSerializerTest" runstate="Runnable" seed="1752483700" result="Passed" start-time="2019-11-12 05:39:36Z" end-time="2019-11-12 05:39:36Z" duration="0.002283" asserts="0">
                  <properties />
                </test-case>
                <test-case id="1560" name="Serialize_Required_DisallowedNull" fullname="Newtonsoft.Json.Tests.Serialization.JsonSerializerTest.Serialize_Required_DisallowedNull" methodname="Serialize_Required_DisallowedNull" classname="Newtonsoft.Json.Tests.Serialization.JsonSerializerTest" runstate="Runnable" seed="1920476056" result="Passed" start-time="2019-11-12 05:39:36Z" end-time="2019-11-12 05:39:36Z" duration="0.001159" asserts="0">
                  <properties />
                </test-case>
                <test-case id="1561" name="Serialize_Required_DisallowedNull_NullValueHandlingIgnore" fullname="Newtonsoft.Json.Tests.Serialization.JsonSerializerTest.Serialize_Required_DisallowedNull_NullValueHandlingIgnore" methodname="Serialize_Required_DisallowedNull_NullValueHandlingIgnore" classname="Newtonsoft.Json.Tests.Serialization.JsonSerializerTest" runstate="Runnable" seed="742851431" result="Passed" start-time="2019-11-12 05:39:36Z" end-time="2019-11-12 05:39:36Z" duration="0.001102" asserts="0">
                  <properties />
                </test-case>
                <test-case id="1849" name="SerializeAndDeserializeWithAttributes" fullname="Newtonsoft.Json.Tests.Serialization.JsonSerializerTest.SerializeAndDeserializeWithAttributes" methodname="SerializeAndDeserializeWithAttributes" classname="Newtonsoft.Json.Tests.Serialization.JsonSerializerTest" runstate="Runnable" seed="1030246202" result="Passed" start-time="2019-11-12 05:39:36Z" end-time="2019-11-12 05:39:36Z" duration="0.012982" asserts="0">
                  <properties />
                </test-case>
                <test-case id="1777" name="SerializeAttributesOnBase" fullname="Newtonsoft.Json.Tests.Serialization.JsonSerializerTest.SerializeAttributesOnBase" methodname="SerializeAttributesOnBase" classname="Newtonsoft.Json.Tests.Serialization.JsonSerializerTest" runstate="Runnable" seed="1805252358" result="Passed" start-time="2019-11-12 05:39:36Z" end-time="2019-11-12 05:39:36Z" duration="0.002822" asserts="0">
                  <properties />
                </test-case>
                <test-case id="1886" name="SerializeBigInteger" fullname="Newtonsoft.Json.Tests.Serialization.JsonSerializerTest.SerializeBigInteger" methodname="SerializeBigInteger" classname="Newtonsoft.Json.Tests.Serialization.JsonSerializerTest" runstate="Runnable" seed="100683963" result="Passed" start-time="2019-11-12 05:39:36Z" end-time="2019-11-12 05:39:36Z" duration="0.004848" asserts="0">
                  <properties />
                </test-case>
                <test-case id="1740" name="SerializeClassWithInheritedProtectedMember" fullname="Newtonsoft.Json.Tests.Serialization.JsonSerializerTest.SerializeClassWithInheritedProtectedMember" methodname="SerializeClassWithInheritedProtectedMember" classname="Newtonsoft.Json.Tests.Serialization.JsonSerializerTest" runstate="Runnable" seed="2025580925" result="Passed" start-time="2019-11-12 05:39:36Z" end-time="2019-11-12 05:39:36Z" duration="0.004577" asserts="0">
                  <properties />
                </test-case>
                <test-case id="1842" name="SerializeCollectionItemConverter" fullname="Newtonsoft.Json.Tests.Serialization.JsonSerializerTest.SerializeCollectionItemConverter" methodname="SerializeCollectionItemConverter" classname="Newtonsoft.Json.Tests.Serialization.JsonSerializerTest" runstate="Runnable" seed="1467410860" result="Passed" start-time="2019-11-12 05:39:36Z" end-time="2019-11-12 05:39:36Z" duration="0.000967" asserts="0">
                  <properties />
                </test-case>
                <test-case id="1636" name="SerializeConverableObjects" fullname="Newtonsoft.Json.Tests.Serialization.JsonSerializerTest.SerializeConverableObjects" methodname="SerializeConverableObjects" classname="Newtonsoft.Json.Tests.Serialization.JsonSerializerTest" runstate="Runnable" seed="298168637" result="Passed" start-time="2019-11-12 05:39:36Z" end-time="2019-11-12 05:39:36Z" duration="0.012143" asserts="0">
                  <properties />
                </test-case>
                <test-case id="1888" name="SerializeCustomReferenceResolver" fullname="Newtonsoft.Json.Tests.Serialization.JsonSerializerTest.SerializeCustomReferenceResolver" methodname="SerializeCustomReferenceResolver" classname="Newtonsoft.Json.Tests.Serialization.JsonSerializerTest" runstate="Runnable" seed="1320119939" result="Passed" start-time="2019-11-12 05:39:36Z" end-time="2019-11-12 05:39:36Z" duration="0.002439" asserts="0">
                  <properties />
                </test-case>
                <test-case id="1867" name="SerializeCustomTupleWithSerializableAttribute" fullname="Newtonsoft.Json.Tests.Serialization.JsonSerializerTest.SerializeCustomTupleWithSerializableAttribute" methodname="SerializeCustomTupleWithSerializableAttribute" classname="Newtonsoft.Json.Tests.Serialization.JsonSerializerTest" runstate="Runnable" seed="941070462" result="Passed" start-time="2019-11-12 05:39:36Z" end-time="2019-11-12 05:39:36Z" duration="0.003518" asserts="0">
                  <properties />
                </test-case>
                <test-case id="1868" name="SerializeCustomTupleWithSerializableAttributeInPartialTrust" fullname="Newtonsoft.Json.Tests.Serialization.JsonSerializerTest.SerializeCustomTupleWithSerializableAttributeInPartialTrust" methodname="SerializeCustomTupleWithSerializableAttributeInPartialTrust" classname="Newtonsoft.Json.Tests.Serialization.JsonSerializerTest" runstate="Runnable" seed="661908699" result="Passed" start-time="2019-11-12 05:39:36Z" end-time="2019-11-12 05:39:36Z" duration="0.002469" asserts="0">
                  <properties />
                </test-case>
                <test-case id="1682" name="SerializeDataContractPrivateMembers" fullname="Newtonsoft.Json.Tests.Serialization.JsonSerializerTest.SerializeDataContractPrivateMembers" methodname="SerializeDataContractPrivateMembers" classname="Newtonsoft.Json.Tests.Serialization.JsonSerializerTest" runstate="Runnable" seed="383346255" result="Passed" start-time="2019-11-12 05:39:36Z" end-time="2019-11-12 05:39:36Z" duration="0.008017" asserts="0">
                  <properties />
                </test-case>
                <test-case id="1852" name="SerializeDataContractSerializationAttributes" fullname="Newtonsoft.Json.Tests.Serialization.JsonSerializerTest.SerializeDataContractSerializationAttributes" methodname="SerializeDataContractSerializationAttributes" classname="Newtonsoft.Json.Tests.Serialization.JsonSerializerTest" runstate="Runnable" seed="614770838" result="Passed" start-time="2019-11-12 05:39:36Z" end-time="2019-11-12 05:39:36Z" duration="0.006988" asserts="0">
                  <properties />
                </test-case>
                <test-case id="1750" name="SerializeDeserializeDictionaryKey" fullname="Newtonsoft.Json.Tests.Serialization.JsonSerializerTest.SerializeDeserializeDictionaryKey" methodname="SerializeDeserializeDictionaryKey" classname="Newtonsoft.Json.Tests.Serialization.JsonSerializerTest" runstate="Runnable" seed="968163033" result="Passed" start-time="2019-11-12 05:39:36Z" end-time="2019-11-12 05:39:36Z" duration="0.006548" asserts="0">
                  <properties />
                </test-case>
                <test-case id="1614" name="SerializeDeserializeGetOnlyProperty" fullname="Newtonsoft.Json.Tests.Serialization.JsonSerializerTest.SerializeDeserializeGetOnlyProperty" methodname="SerializeDeserializeGetOnlyProperty" classname="Newtonsoft.Json.Tests.Serialization.JsonSerializerTest" runstate="Runnable" seed="206128226" result="Passed" start-time="2019-11-12 05:39:36Z" end-time="2019-11-12 05:39:36Z" duration="0.002333" asserts="0">
                  <properties />
                </test-case>
                <test-case id="1593" name="SerializeDeserializeRegex" fullname="Newtonsoft.Json.Tests.Serialization.JsonSerializerTest.SerializeDeserializeRegex" methodname="SerializeDeserializeRegex" classname="Newtonsoft.Json.Tests.Serialization.JsonSerializerTest" runstate="Runnable" seed="119836376" result="Passed" start-time="2019-11-12 05:39:36Z" end-time="2019-11-12 05:39:36Z" duration="0.001149" asserts="0">
                  <properties />
                </test-case>
                <test-case id="1615" name="SerializeDeserializeSetOnlyProperty" fullname="Newtonsoft.Json.Tests.Serialization.JsonSerializerTest.SerializeDeserializeSetOnlyProperty" methodname="SerializeDeserializeSetOnlyProperty" classname="Newtonsoft.Json.Tests.Serialization.JsonSerializerTest" runstate="Runnable" seed="1467476410" result="Passed" start-time="2019-11-12 05:39:36Z" end-time="2019-11-12 05:39:36Z" duration="0.001901" asserts="0">
                  <properties />
                </test-case>
                <test-case id="1875" name="SerializeDeserializeTuple" fullname="Newtonsoft.Json.Tests.Serialization.JsonSerializerTest.SerializeDeserializeTuple" methodname="SerializeDeserializeTuple" classname="Newtonsoft.Json.Tests.Serialization.JsonSerializerTest" runstate="Runnable" seed="1376355326" result="Passed" start-time="2019-11-12 05:39:36Z" end-time="2019-11-12 05:39:36Z" duration="0.008095" asserts="0">
                  <properties />
                </test-case>
                <test-case id="1743" name="SerializeDeserializeXmlNodeProperties" fullname="Newtonsoft.Json.Tests.Serialization.JsonSerializerTest.SerializeDeserializeXmlNodeProperties" methodname="SerializeDeserializeXmlNodeProperties" classname="Newtonsoft.Json.Tests.Serialization.JsonSerializerTest" runstate="Runnable" seed="1593085133" result="Passed" start-time="2019-11-12 05:39:36Z" end-time="2019-11-12 05:39:36Z" duration="0.002898" asserts="0">
                  <properties />
                </test-case>
                <test-case id="1742" name="SerializeDeserializeXNodeProperties" fullname="Newtonsoft.Json.Tests.Serialization.JsonSerializerTest.SerializeDeserializeXNodeProperties" methodname="SerializeDeserializeXNodeProperties" classname="Newtonsoft.Json.Tests.Serialization.JsonSerializerTest" runstate="Runnable" seed="1171635288" result="Passed" start-time="2019-11-12 05:39:36Z" end-time="2019-11-12 05:39:36Z" duration="0.005223" asserts="0">
                  <properties />
                </test-case>
                <test-case id="1824" name="SerializeDictionaryStringStringAndStringObject" fullname="Newtonsoft.Json.Tests.Serialization.JsonSerializerTest.SerializeDictionaryStringStringAndStringObject" methodname="SerializeDictionaryStringStringAndStringObject" classname="Newtonsoft.Json.Tests.Serialization.JsonSerializerTest" runstate="Runnable" seed="581417582" result="Passed" start-time="2019-11-12 05:39:36Z" end-time="2019-11-12 05:39:36Z" duration="0.000843" asserts="0">
                  <properties />
                </test-case>
                <test-case id="1890" name="SerializeDictionaryWithStructKey_Custom" fullname="Newtonsoft.Json.Tests.Serialization.JsonSerializerTest.SerializeDictionaryWithStructKey_Custom" methodname="SerializeDictionaryWithStructKey_Custom" classname="Newtonsoft.Json.Tests.Serialization.JsonSerializerTest" runstate="Runnable" seed="480776091" result="Passed" start-time="2019-11-12 05:39:36Z" end-time="2019-11-12 05:39:36Z" duration="0.014215" asserts="0">
                  <properties />
                </test-case>
                <test-case id="1689" name="SerializeEnumerableAsObject" fullname="Newtonsoft.Json.Tests.Serialization.JsonSerializerTest.SerializeEnumerableAsObject" methodname="SerializeEnumerableAsObject" classname="Newtonsoft.Json.Tests.Serialization.JsonSerializerTest" runstate="Runnable" seed="1136306916" result="Passed" start-time="2019-11-12 05:39:36Z" end-time="2019-11-12 05:39:36Z" duration="0.001416" asserts="0">
                  <properties />
                </test-case>
                <test-case id="1797" name="SerializeException1" fullname="Newtonsoft.Json.Tests.Serialization.JsonSerializerTest.SerializeException1" methodname="SerializeException1" classname="Newtonsoft.Json.Tests.Serialization.JsonSerializerTest" runstate="Runnable" seed="1975403617" result="Passed" start-time="2019-11-12 05:39:36Z" end-time="2019-11-12 05:39:36Z" duration="0.008252" asserts="0">
                  <properties />
                </test-case>
                <test-case id="1762" name="SerializeExpandoObject" fullname="Newtonsoft.Json.Tests.Serialization.JsonSerializerTest.SerializeExpandoObject" methodname="SerializeExpandoObject" classname="Newtonsoft.Json.Tests.Serialization.JsonSerializerTest" runstate="Runnable" seed="1324134263" result="Passed" start-time="2019-11-12 05:39:36Z" end-time="2019-11-12 05:39:36Z" duration="0.041460" asserts="0">
                  <properties />
                </test-case>
                <test-case id="1866" name="SerializeFloatingPointHandling" fullname="Newtonsoft.Json.Tests.Serialization.JsonSerializerTest.SerializeFloatingPointHandling" methodname="SerializeFloatingPointHandling" classname="Newtonsoft.Json.Tests.Serialization.JsonSerializerTest" runstate="Runnable" seed="1649312389" result="Passed" start-time="2019-11-12 05:39:36Z" end-time="2019-11-12 05:39:36Z" duration="0.001169" asserts="0">
                  <properties />
                </test-case>
                <test-case id="1721" name="SerializeFragment" fullname="Newtonsoft.Json.Tests.Serialization.JsonSerializerTest.SerializeFragment" methodname="SerializeFragment" classname="Newtonsoft.Json.Tests.Serialization.JsonSerializerTest" runstate="Runnable" seed="2009747815" result="Passed" start-time="2019-11-12 05:39:36Z" end-time="2019-11-12 05:39:36Z" duration="0.004526" asserts="0">
                  <properties />
                </test-case>
                <test-case id="1714" name="SerializeGenericListOfStrings" fullname="Newtonsoft.Json.Tests.Serialization.JsonSerializerTest.SerializeGenericListOfStrings" methodname="SerializeGenericListOfStrings" classname="Newtonsoft.Json.Tests.Serialization.JsonSerializerTest" runstate="Runnable" seed="1899974482" result="Passed" start-time="2019-11-12 05:39:36Z" end-time="2019-11-12 05:39:36Z" duration="0.000948" asserts="0">
                  <properties />
                </test-case>
                <test-case id="1718" name="SerializeGuidKeyedDictionary" fullname="Newtonsoft.Json.Tests.Serialization.JsonSerializerTest.SerializeGuidKeyedDictionary" methodname="SerializeGuidKeyedDictionary" classname="Newtonsoft.Json.Tests.Serialization.JsonSerializerTest" runstate="Runnable" seed="224079500" result="Passed" start-time="2019-11-12 05:39:36Z" end-time="2019-11-12 05:39:36Z" duration="0.006204" asserts="0">
                  <properties />
                </test-case>
                <test-case id="1753" name="SerializeHashSet" fullname="Newtonsoft.Json.Tests.Serialization.JsonSerializerTest.SerializeHashSet" methodname="SerializeHashSet" classname="Newtonsoft.Json.Tests.Serialization.JsonSerializerTest" runstate="Runnable" seed="703782524" result="Passed" start-time="2019-11-12 05:39:36Z" end-time="2019-11-12 05:39:36Z" duration="0.001209" asserts="0">
                  <properties />
                </test-case>
                <test-case id="1812" name="SerializeIConvertible" fullname="Newtonsoft.Json.Tests.Serialization.JsonSerializerTest.SerializeIConvertible" methodname="SerializeIConvertible" classname="Newtonsoft.Json.Tests.Serialization.JsonSerializerTest" runstate="Runnable" seed="6370674" result="Passed" start-time="2019-11-12 05:39:36Z" end-time="2019-11-12 05:39:36Z" duration="0.002243" asserts="0">
                  <properties />
                </test-case>
                <test-case id="1810" name="SerializeInheritanceHierarchyWithDuplicateProperty" fullname="Newtonsoft.Json.Tests.Serialization.JsonSerializerTest.SerializeInheritanceHierarchyWithDuplicateProperty" methodname="SerializeInheritanceHierarchyWithDuplicateProperty" classname="Newtonsoft.Json.Tests.Serialization.JsonSerializerTest" runstate="Runnable" seed="363176641" result="Passed" start-time="2019-11-12 05:39:36Z" end-time="2019-11-12 05:39:36Z" duration="0.002581" asserts="0">
                  <properties />
                </test-case>
                <test-case id="1544" name="SerializeInterfaceWithHiddenProperties" fullname="Newtonsoft.Json.Tests.Serialization.JsonSerializerTest.SerializeInterfaceWithHiddenProperties" methodname="SerializeInterfaceWithHiddenProperties" classname="Newtonsoft.Json.Tests.Serialization.JsonSerializerTest" runstate="Runnable" seed="1723750571" result="Passed" start-time="2019-11-12 05:39:36Z" end-time="2019-11-12 05:39:36Z" duration="0.011036" asserts="0">
                  <properties />
                </test-case>
                <test-case id="1735" name="SerializeISerializableInPartialTrust" fullname="Newtonsoft.Json.Tests.Serialization.JsonSerializerTest.SerializeISerializableInPartialTrust" methodname="SerializeISerializableInPartialTrust" classname="Newtonsoft.Json.Tests.Serialization.JsonSerializerTest" runstate="Runnable" seed="1993218959" result="Passed" start-time="2019-11-12 05:39:36Z" end-time="2019-11-12 05:39:36Z" duration="0.001613" asserts="0">
                  <properties />
                </test-case>
                <test-case id="1734" name="SerializeISerializableInPartialTrustWithIgnoreInterface" fullname="Newtonsoft.Json.Tests.Serialization.JsonSerializerTest.SerializeISerializableInPartialTrustWithIgnoreInterface" methodname="SerializeISerializableInPartialTrustWithIgnoreInterface" classname="Newtonsoft.Json.Tests.Serialization.JsonSerializerTest" runstate="Runnable" seed="1617852083" result="Passed" start-time="2019-11-12 05:39:36Z" end-time="2019-11-12 05:39:36Z" duration="0.039583" asserts="0">
                  <properties />
                </test-case>
                <test-case id="1737" name="SerializeISerializableTestObject_IsoDate" fullname="Newtonsoft.Json.Tests.Serialization.JsonSerializerTest.SerializeISerializableTestObject_IsoDate" methodname="SerializeISerializableTestObject_IsoDate" classname="Newtonsoft.Json.Tests.Serialization.JsonSerializerTest" runstate="Runnable" seed="1259828079" result="Passed" start-time="2019-11-12 05:39:36Z" end-time="2019-11-12 05:39:36Z" duration="0.008912" asserts="0">
                  <properties />
                </test-case>
                <test-case id="1738" name="SerializeISerializableTestObject_MsAjax" fullname="Newtonsoft.Json.Tests.Serialization.JsonSerializerTest.SerializeISerializableTestObject_MsAjax" methodname="SerializeISerializableTestObject_MsAjax" classname="Newtonsoft.Json.Tests.Serialization.JsonSerializerTest" runstate="Runnable" seed="708312493" result="Passed" start-time="2019-11-12 05:39:36Z" end-time="2019-11-12 05:39:36Z" duration="0.002147" asserts="0">
                  <properties />
                </test-case>
                <test-case id="1667" name="SerializeJaggedArray" fullname="Newtonsoft.Json.Tests.Serialization.JsonSerializerTest.SerializeJaggedArray" methodname="SerializeJaggedArray" classname="Newtonsoft.Json.Tests.Serialization.JsonSerializerTest" runstate="Runnable" seed="623301330" result="Passed" start-time="2019-11-12 05:39:36Z" end-time="2019-11-12 05:39:36Z" duration="0.000704" asserts="0">
                  <properties />
                </test-case>
                <test-case id="1678" name="SerializeJsonPropertyWithHandlingValues" fullname="Newtonsoft.Json.Tests.Serialization.JsonSerializerTest.SerializeJsonPropertyWithHandlingValues" methodname="SerializeJsonPropertyWithHandlingValues" classname="Newtonsoft.Json.Tests.Serialization.JsonSerializerTest" runstate="Runnable" seed="710793235" result="Passed" start-time="2019-11-12 05:39:36Z" end-time="2019-11-12 05:39:36Z" duration="0.001186" asserts="0">
                  <properties />
                </test-case>
                <test-case id="1657" name="SerializeJsonRaw" fullname="Newtonsoft.Json.Tests.Serialization.JsonSerializerTest.SerializeJsonRaw" methodname="SerializeJsonRaw" classname="Newtonsoft.Json.Tests.Serialization.JsonSerializerTest" runstate="Runnable" seed="2110670456" result="Passed" start-time="2019-11-12 05:39:36Z" end-time="2019-11-12 05:39:36Z" duration="0.000955" asserts="0">
                  <properties />
                </test-case>
                <test-case id="1865" name="SerializeKeyValuePairConverterWithCamelCase" fullname="Newtonsoft.Json.Tests.Serialization.JsonSerializerTest.SerializeKeyValuePairConverterWithCamelCase" methodname="SerializeKeyValuePairConverterWithCamelCase" classname="Newtonsoft.Json.Tests.Serialization.JsonSerializerTest" runstate="Runnable" seed="840355204" result="Passed" start-time="2019-11-12 05:39:36Z" end-time="2019-11-12 05:39:36Z" duration="0.002412" asserts="0">
                  <properties />
                </test-case>
                <test-case id="1717" name="SerializeListWithJsonConverter" fullname="Newtonsoft.Json.Tests.Serialization.JsonSerializerTest.SerializeListWithJsonConverter" methodname="SerializeListWithJsonConverter" classname="Newtonsoft.Json.Tests.Serialization.JsonSerializerTest" runstate="Runnable" seed="1245716282" result="Passed" start-time="2019-11-12 05:39:36Z" end-time="2019-11-12 05:39:36Z" duration="0.007459" asserts="0">
                  <properties />
                </test-case>
                <test-case id="1733" name="SerializeNonIDictionary" fullname="Newtonsoft.Json.Tests.Serialization.JsonSerializerTest.SerializeNonIDictionary" methodname="SerializeNonIDictionary" classname="Newtonsoft.Json.Tests.Serialization.JsonSerializerTest" runstate="Runnable" seed="989571098" result="Passed" start-time="2019-11-12 05:39:36Z" end-time="2019-11-12 05:39:36Z" duration="0.001900" asserts="0">
                  <properties />
                </test-case>
                <test-case id="1728" name="SerializeNonPublicBaseJsonProperties" fullname="Newtonsoft.Json.Tests.Serialization.JsonSerializerTest.SerializeNonPublicBaseJsonProperties" methodname="SerializeNonPublicBaseJsonProperties" classname="Newtonsoft.Json.Tests.Serialization.JsonSerializerTest" runstate="Runnable" seed="501996900" result="Passed" start-time="2019-11-12 05:39:36Z" end-time="2019-11-12 05:39:36Z" duration="0.003488" asserts="0">
                  <properties />
                </test-case>
                <test-case id="1631" name="SerializeNull" fullname="Newtonsoft.Json.Tests.Serialization.JsonSerializerTest.SerializeNull" methodname="SerializeNull" classname="Newtonsoft.Json.Tests.Serialization.JsonSerializerTest" runstate="Runnable" seed="1449359686" result="Passed" start-time="2019-11-12 05:39:36Z" end-time="2019-11-12 05:39:36Z" duration="0.000754" asserts="0">
                  <properties />
                </test-case>
                <test-case id="1751" name="SerializeNullableArray" fullname="Newtonsoft.Json.Tests.Serialization.JsonSerializerTest.SerializeNullableArray" methodname="SerializeNullableArray" classname="Newtonsoft.Json.Tests.Serialization.JsonSerializerTest" runstate="Runnable" seed="739912408" result="Passed" start-time="2019-11-12 05:39:36Z" end-time="2019-11-12 05:39:36Z" duration="0.001010" asserts="0">
                  <properties />
                </test-case>
                <test-case id="1819" name="SerializeNullableGuidCustomWriterOverridesNullableGuid" fullname="Newtonsoft.Json.Tests.Serialization.JsonSerializerTest.SerializeNullableGuidCustomWriterOverridesNullableGuid" methodname="SerializeNullableGuidCustomWriterOverridesNullableGuid" classname="Newtonsoft.Json.Tests.Serialization.JsonSerializerTest" runstate="Runnable" seed="2104833036" result="Passed" start-time="2019-11-12 05:39:36Z" end-time="2019-11-12 05:39:36Z" duration="0.002300" asserts="0">
                  <properties />
                </test-case>
                <test-case id="1814" name="SerializeNullableWidgetStruct" fullname="Newtonsoft.Json.Tests.Serialization.JsonSerializerTest.SerializeNullableWidgetStruct" methodname="SerializeNullableWidgetStruct" classname="Newtonsoft.Json.Tests.Serialization.JsonSerializerTest" runstate="Runnable" seed="419422301" result="Passed" start-time="2019-11-12 05:39:36Z" end-time="2019-11-12 05:39:36Z" duration="0.000887" asserts="0">
                  <properties />
                </test-case>
                <test-case id="1630" name="SerializeObject" fullname="Newtonsoft.Json.Tests.Serialization.JsonSerializerTest.SerializeObject" methodname="SerializeObject" classname="Newtonsoft.Json.Tests.Serialization.JsonSerializerTest" runstate="Runnable" seed="533892887" result="Passed" start-time="2019-11-12 05:39:36Z" end-time="2019-11-12 05:39:36Z" duration="0.000591" asserts="0">
                  <properties />
                </test-case>
                <test-case id="1906" name="SerializeObjectWithEvent" fullname="Newtonsoft.Json.Tests.Serialization.JsonSerializerTest.SerializeObjectWithEvent" methodname="SerializeObjectWithEvent" classname="Newtonsoft.Json.Tests.Serialization.JsonSerializerTest" runstate="Runnable" seed="1379170638" result="Passed" start-time="2019-11-12 05:39:36Z" end-time="2019-11-12 05:39:36Z" duration="0.003613" asserts="0">
                  <properties />
                </test-case>
                <test-case id="1574" name="SerializeObservableCollection" fullname="Newtonsoft.Json.Tests.Serialization.JsonSerializerTest.SerializeObservableCollection" methodname="SerializeObservableCollection" classname="Newtonsoft.Json.Tests.Serialization.JsonSerializerTest" runstate="Runnable" seed="505477348" result="Passed" start-time="2019-11-12 05:39:36Z" end-time="2019-11-12 05:39:36Z" duration="0.000976" asserts="0">
                  <properties />
                </test-case>
                <test-case id="1719" name="SerializePersonKeyedDictionary" fullname="Newtonsoft.Json.Tests.Serialization.JsonSerializerTest.SerializePersonKeyedDictionary" methodname="SerializePersonKeyedDictionary" classname="Newtonsoft.Json.Tests.Serialization.JsonSerializerTest" runstate="Runnable" seed="905440919" result="Passed" start-time="2019-11-12 05:39:36Z" end-time="2019-11-12 05:39:36Z" duration="0.003427" asserts="0">
                  <properties />
                </test-case>
                <test-case id="1710" name="SerializePropertyGetError" fullname="Newtonsoft.Json.Tests.Serialization.JsonSerializerTest.SerializePropertyGetError" methodname="SerializePropertyGetError" classname="Newtonsoft.Json.Tests.Serialization.JsonSerializerTest" runstate="Runnable" seed="1113027157" result="Passed" start-time="2019-11-12 05:39:36Z" end-time="2019-11-12 05:39:36Z" duration="0.012309" asserts="0">
                  <properties />
                </test-case>
                <test-case id="1745" name="SerializeRefAdditionalContent" fullname="Newtonsoft.Json.Tests.Serialization.JsonSerializerTest.SerializeRefAdditionalContent" methodname="SerializeRefAdditionalContent" classname="Newtonsoft.Json.Tests.Serialization.JsonSerializerTest" runstate="Runnable" seed="1241072847" result="Passed" start-time="2019-11-12 05:39:36Z" end-time="2019-11-12 05:39:36Z" duration="0.001526" asserts="0">
                  <properties />
                </test-case>
                <test-case id="1746" name="SerializeRefBadType" fullname="Newtonsoft.Json.Tests.Serialization.JsonSerializerTest.SerializeRefBadType" methodname="SerializeRefBadType" classname="Newtonsoft.Json.Tests.Serialization.JsonSerializerTest" runstate="Runnable" seed="1831904744" result="Passed" start-time="2019-11-12 05:39:36Z" end-time="2019-11-12 05:39:36Z" duration="0.000939" asserts="0">
                  <properties />
                </test-case>
                <test-case id="1747" name="SerializeRefNull" fullname="Newtonsoft.Json.Tests.Serialization.JsonSerializerTest.SerializeRefNull" methodname="SerializeRefNull" classname="Newtonsoft.Json.Tests.Serialization.JsonSerializerTest" runstate="Runnable" seed="1691980589" result="Passed" start-time="2019-11-12 05:39:36Z" end-time="2019-11-12 05:39:36Z" duration="0.001167" asserts="0">
                  <properties />
                </test-case>
                <test-case id="1665" name="SerializeRequiredMembersClassNullRequiredValueProperty" fullname="Newtonsoft.Json.Tests.Serialization.JsonSerializerTest.SerializeRequiredMembersClassNullRequiredValueProperty" methodname="SerializeRequiredMembersClassNullRequiredValueProperty" classname="Newtonsoft.Json.Tests.Serialization.JsonSerializerTest" runstate="Runnable" seed="743609210" result="Passed" start-time="2019-11-12 05:39:36Z" end-time="2019-11-12 05:39:36Z" duration="0.000804" asserts="0">
                  <properties />
                </test-case>
                <test-case id="1645" name="SerializerShouldUseClassConverter" fullname="Newtonsoft.Json.Tests.Serialization.JsonSerializerTest.SerializerShouldUseClassConverter" methodname="SerializerShouldUseClassConverter" classname="Newtonsoft.Json.Tests.Serialization.JsonSerializerTest" runstate="Runnable" seed="1998365220" result="Passed" start-time="2019-11-12 05:39:36Z" end-time="2019-11-12 05:39:36Z" duration="0.002813" asserts="0">
                  <properties />
                </test-case>
                <test-case id="1646" name="SerializerShouldUseClassConverterOverArgumentConverter" fullname="Newtonsoft.Json.Tests.Serialization.JsonSerializerTest.SerializerShouldUseClassConverterOverArgumentConverter" methodname="SerializerShouldUseClassConverterOverArgumentConverter" classname="Newtonsoft.Json.Tests.Serialization.JsonSerializerTest" runstate="Runnable" seed="1744521003" result="Passed" start-time="2019-11-12 05:39:36Z" end-time="2019-11-12 05:39:36Z" duration="0.000810" asserts="0">
                  <properties />
                </test-case>
                <test-case id="1647" name="SerializerShouldUseMemberConverter_IsoDate" fullname="Newtonsoft.Json.Tests.Serialization.JsonSerializerTest.SerializerShouldUseMemberConverter_IsoDate" methodname="SerializerShouldUseMemberConverter_IsoDate" classname="Newtonsoft.Json.Tests.Serialization.JsonSerializerTest" runstate="Runnable" seed="351941040" result="Passed" start-time="2019-11-12 05:39:36Z" end-time="2019-11-12 05:39:36Z" duration="0.001514" asserts="0">
                  <properties />
                </test-case>
                <test-case id="1650" name="SerializerShouldUseMemberConverter_IsoDate_DateParseNone" fullname="Newtonsoft.Json.Tests.Serialization.JsonSerializerTest.SerializerShouldUseMemberConverter_IsoDate_DateParseNone" methodname="SerializerShouldUseMemberConverter_IsoDate_DateParseNone" classname="Newtonsoft.Json.Tests.Serialization.JsonSerializerTest" runstate="Runnable" seed="1981743294" result="Passed" start-time="2019-11-12 05:39:36Z" end-time="2019-11-12 05:39:36Z" duration="0.001042" asserts="0">
                  <properties />
                </test-case>
                <test-case id="1648" name="SerializerShouldUseMemberConverter_MsDate" fullname="Newtonsoft.Json.Tests.Serialization.JsonSerializerTest.SerializerShouldUseMemberConverter_MsDate" methodname="SerializerShouldUseMemberConverter_MsDate" classname="Newtonsoft.Json.Tests.Serialization.JsonSerializerTest" runstate="Runnable" seed="37485809" result="Passed" start-time="2019-11-12 05:39:36Z" end-time="2019-11-12 05:39:36Z" duration="0.001126" asserts="0">
                  <properties />
                </test-case>
                <test-case id="1649" name="SerializerShouldUseMemberConverter_MsDate_DateParseNone" fullname="Newtonsoft.Json.Tests.Serialization.JsonSerializerTest.SerializerShouldUseMemberConverter_MsDate_DateParseNone" methodname="SerializerShouldUseMemberConverter_MsDate_DateParseNone" classname="Newtonsoft.Json.Tests.Serialization.JsonSerializerTest" runstate="Runnable" seed="175465474" result="Passed" start-time="2019-11-12 05:39:36Z" end-time="2019-11-12 05:39:36Z" duration="0.000878" asserts="0">
                  <properties />
                </test-case>
                <test-case id="1651" name="SerializerShouldUseMemberConverterOverArgumentConverter" fullname="Newtonsoft.Json.Tests.Serialization.JsonSerializerTest.SerializerShouldUseMemberConverterOverArgumentConverter" methodname="SerializerShouldUseMemberConverterOverArgumentConverter" classname="Newtonsoft.Json.Tests.Serialization.JsonSerializerTest" runstate="Runnable" seed="831680919" result="Passed" start-time="2019-11-12 05:39:36Z" end-time="2019-11-12 05:39:36Z" duration="0.001277" asserts="0">
                  <properties />
                </test-case>
                <test-case id="1653" name="SerializerShouldUseMemberConverterOverClassAndArgumentConverter" fullname="Newtonsoft.Json.Tests.Serialization.JsonSerializerTest.SerializerShouldUseMemberConverterOverClassAndArgumentConverter" methodname="SerializerShouldUseMemberConverterOverClassAndArgumentConverter" classname="Newtonsoft.Json.Tests.Serialization.JsonSerializerTest" runstate="Runnable" seed="1778613526" result="Passed" start-time="2019-11-12 05:39:36Z" end-time="2019-11-12 05:39:36Z" duration="0.003500" asserts="0">
                  <properties />
                </test-case>
                <test-case id="1637" name="SerializeStack" fullname="Newtonsoft.Json.Tests.Serialization.JsonSerializerTest.SerializeStack" methodname="SerializeStack" classname="Newtonsoft.Json.Tests.Serialization.JsonSerializerTest" runstate="Runnable" seed="1339865937" result="Passed" start-time="2019-11-12 05:39:36Z" end-time="2019-11-12 05:39:36Z" duration="0.003055" asserts="0">
                  <properties />
                </test-case>
                <test-case id="1804" name="SerializeStaticDefault" fullname="Newtonsoft.Json.Tests.Serialization.JsonSerializerTest.SerializeStaticDefault" methodname="SerializeStaticDefault" classname="Newtonsoft.Json.Tests.Serialization.JsonSerializerTest" runstate="Runnable" seed="571075143" result="Passed" start-time="2019-11-12 05:39:36Z" end-time="2019-11-12 05:39:36Z" duration="0.003907" asserts="0">
                  <properties />
                </test-case>
                <test-case id="1805" name="SerializeStaticReflection" fullname="Newtonsoft.Json.Tests.Serialization.JsonSerializerTest.SerializeStaticReflection" methodname="SerializeStaticReflection" classname="Newtonsoft.Json.Tests.Serialization.JsonSerializerTest" runstate="Runnable" seed="1384340531" result="Passed" start-time="2019-11-12 05:39:36Z" end-time="2019-11-12 05:39:36Z" duration="0.004536" asserts="0">
                  <properties />
                </test-case>
                <test-case id="1716" name="SerializeStruct" fullname="Newtonsoft.Json.Tests.Serialization.JsonSerializerTest.SerializeStruct" methodname="SerializeStruct" classname="Newtonsoft.Json.Tests.Serialization.JsonSerializerTest" runstate="Runnable" seed="1916136667" result="Passed" start-time="2019-11-12 05:39:36Z" end-time="2019-11-12 05:39:36Z" duration="0.004328" asserts="0">
                  <properties />
                </test-case>
                <test-case id="1756" name="SerializeStructWithJsonObjectAttribute" fullname="Newtonsoft.Json.Tests.Serialization.JsonSerializerTest.SerializeStructWithJsonObjectAttribute" methodname="SerializeStructWithJsonObjectAttribute" classname="Newtonsoft.Json.Tests.Serialization.JsonSerializerTest" runstate="Runnable" seed="586509525" result="Passed" start-time="2019-11-12 05:39:36Z" end-time="2019-11-12 05:39:36Z" duration="0.004607" asserts="0">
                  <properties />
                </test-case>
                <test-case id="1879" name="SerializeStructWithSerializableAndDataContract" fullname="Newtonsoft.Json.Tests.Serialization.JsonSerializerTest.SerializeStructWithSerializableAndDataContract" methodname="SerializeStructWithSerializableAndDataContract" classname="Newtonsoft.Json.Tests.Serialization.JsonSerializerTest" runstate="Runnable" seed="1789638615" result="Passed" start-time="2019-11-12 05:39:36Z" end-time="2019-11-12 05:39:36Z" duration="0.008759" asserts="0">
                  <properties />
                </test-case>
                <test-case id="1869" name="SerializeTupleWithSerializableAttribute" fullname="Newtonsoft.Json.Tests.Serialization.JsonSerializerTest.SerializeTupleWithSerializableAttribute" methodname="SerializeTupleWithSerializableAttribute" classname="Newtonsoft.Json.Tests.Serialization.JsonSerializerTest" runstate="Runnable" seed="389574633" result="Passed" start-time="2019-11-12 05:39:36Z" end-time="2019-11-12 05:39:36Z" duration="0.003628" asserts="0">
                  <properties />
                </test-case>
                <test-case id="1661" name="SerializeTypeProperty" fullname="Newtonsoft.Json.Tests.Serialization.JsonSerializerTest.SerializeTypeProperty" methodname="SerializeTypeProperty" classname="Newtonsoft.Json.Tests.Serialization.JsonSerializerTest" runstate="Runnable" seed="472471841" result="Passed" start-time="2019-11-12 05:39:36Z" end-time="2019-11-12 05:39:36Z" duration="0.002688" asserts="0">
                  <properties />
                </test-case>
                <test-case id="1801" name="SerializeUriWithQuotes" fullname="Newtonsoft.Json.Tests.Serialization.JsonSerializerTest.SerializeUriWithQuotes" methodname="SerializeUriWithQuotes" classname="Newtonsoft.Json.Tests.Serialization.JsonSerializerTest" runstate="Runnable" seed="704514802" result="Passed" start-time="2019-11-12 05:39:36Z" end-time="2019-11-12 05:39:36Z" duration="0.000694" asserts="0">
                  <properties />
                </test-case>
                <test-case id="1802" name="SerializeUriWithSlashes" fullname="Newtonsoft.Json.Tests.Serialization.JsonSerializerTest.SerializeUriWithSlashes" methodname="SerializeUriWithSlashes" classname="Newtonsoft.Json.Tests.Serialization.JsonSerializerTest" runstate="Runnable" seed="1863801825" result="Passed" start-time="2019-11-12 05:39:36Z" end-time="2019-11-12 05:39:36Z" duration="0.000997" asserts="0">
                  <properties />
                </test-case>
                <test-case id="1569" name="SerializeValueTuple" fullname="Newtonsoft.Json.Tests.Serialization.JsonSerializerTest.SerializeValueTuple" methodname="SerializeValueTuple" classname="Newtonsoft.Json.Tests.Serialization.JsonSerializerTest" runstate="Runnable" seed="120042768" result="Passed" start-time="2019-11-12 05:39:36Z" end-time="2019-11-12 05:39:36Z" duration="0.006520" asserts="0">
                  <properties />
                </test-case>
                <test-case id="1784" name="SkipPopulatingArrayPropertyClass" fullname="Newtonsoft.Json.Tests.Serialization.JsonSerializerTest.SkipPopulatingArrayPropertyClass" methodname="SkipPopulatingArrayPropertyClass" classname="Newtonsoft.Json.Tests.Serialization.JsonSerializerTest" runstate="Runnable" seed="945350156" result="Passed" start-time="2019-11-12 05:39:36Z" end-time="2019-11-12 05:39:36Z" duration="0.002144" asserts="0">
                  <properties />
                </test-case>
                <test-case id="1755" name="StringDictionaryTest" fullname="Newtonsoft.Json.Tests.Serialization.JsonSerializerTest.StringDictionaryTest" methodname="StringDictionaryTest" classname="Newtonsoft.Json.Tests.Serialization.JsonSerializerTest" runstate="Runnable" seed="1638193986" result="Passed" start-time="2019-11-12 05:39:36Z" end-time="2019-11-12 05:39:36Z" duration="0.005317" asserts="0">
                  <properties />
                </test-case>
                <test-case id="1916" name="StringEmptyValue" fullname="Newtonsoft.Json.Tests.Serialization.JsonSerializerTest.StringEmptyValue" methodname="StringEmptyValue" classname="Newtonsoft.Json.Tests.Serialization.JsonSerializerTest" runstate="Runnable" seed="1467180953" result="Passed" start-time="2019-11-12 05:39:36Z" end-time="2019-11-12 05:39:36Z" duration="0.001000" asserts="0">
                  <properties />
                </test-case>
                <test-case id="1605" name="SubWithContractNewPropertiesTest" fullname="Newtonsoft.Json.Tests.Serialization.JsonSerializerTest.SubWithContractNewPropertiesTest" methodname="SubWithContractNewPropertiesTest" classname="Newtonsoft.Json.Tests.Serialization.JsonSerializerTest" runstate="Runnable" seed="1313703902" result="Passed" start-time="2019-11-12 05:39:36Z" end-time="2019-11-12 05:39:37Z" duration="0.010435" asserts="0">
                  <properties />
                </test-case>
                <test-case id="1606" name="SubWithContractVirtualPropertiesTest" fullname="Newtonsoft.Json.Tests.Serialization.JsonSerializerTest.SubWithContractVirtualPropertiesTest" methodname="SubWithContractVirtualPropertiesTest" classname="Newtonsoft.Json.Tests.Serialization.JsonSerializerTest" runstate="Runnable" seed="1755088214" result="Passed" start-time="2019-11-12 05:39:37Z" end-time="2019-11-12 05:39:37Z" duration="0.005402" asserts="0">
                  <properties />
                </test-case>
                <test-case id="1603" name="SubWithoutContractNewPropertiesTest" fullname="Newtonsoft.Json.Tests.Serialization.JsonSerializerTest.SubWithoutContractNewPropertiesTest" methodname="SubWithoutContractNewPropertiesTest" classname="Newtonsoft.Json.Tests.Serialization.JsonSerializerTest" runstate="Runnable" seed="321392580" result="Passed" start-time="2019-11-12 05:39:37Z" end-time="2019-11-12 05:39:37Z" duration="0.006642" asserts="0">
                  <properties />
                </test-case>
                <test-case id="1604" name="SubWithoutContractVirtualPropertiesTest" fullname="Newtonsoft.Json.Tests.Serialization.JsonSerializerTest.SubWithoutContractVirtualPropertiesTest" methodname="SubWithoutContractVirtualPropertiesTest" classname="Newtonsoft.Json.Tests.Serialization.JsonSerializerTest" runstate="Runnable" seed="511485606" result="Passed" start-time="2019-11-12 05:39:37Z" end-time="2019-11-12 05:39:37Z" duration="0.004253" asserts="0">
                  <properties />
                </test-case>
                <test-case id="1611" name="TestMethodExecutorObject" fullname="Newtonsoft.Json.Tests.Serialization.JsonSerializerTest.TestMethodExecutorObject" methodname="TestMethodExecutorObject" classname="Newtonsoft.Json.Tests.Serialization.JsonSerializerTest" runstate="Runnable" seed="1232708791" result="Passed" start-time="2019-11-12 05:39:37Z" end-time="2019-11-12 05:39:37Z" duration="0.003883" asserts="0">
                  <properties />
                </test-case>
                <test-case id="1882" name="TestStringToNullableDeserialization" fullname="Newtonsoft.Json.Tests.Serialization.JsonSerializerTest.TestStringToNullableDeserialization" methodname="TestStringToNullableDeserialization" classname="Newtonsoft.Json.Tests.Serialization.JsonSerializerTest" runstate="Runnable" seed="1368167644" result="Passed" start-time="2019-11-12 05:39:37Z" end-time="2019-11-12 05:39:37Z" duration="0.004579" asserts="0">
                  <properties />
                </test-case>
                <test-case id="1642" name="TimeSpanTest" fullname="Newtonsoft.Json.Tests.Serialization.JsonSerializerTest.TimeSpanTest" methodname="TimeSpanTest" classname="Newtonsoft.Json.Tests.Serialization.JsonSerializerTest" runstate="Runnable" seed="896689862" result="Passed" start-time="2019-11-12 05:39:37Z" end-time="2019-11-12 05:39:37Z" duration="0.002539" asserts="0">
                  <properties />
                </test-case>
                <test-case id="1837" name="TokenFromBson" fullname="Newtonsoft.Json.Tests.Serialization.JsonSerializerTest.TokenFromBson" methodname="TokenFromBson" classname="Newtonsoft.Json.Tests.Serialization.JsonSerializerTest" runstate="Runnable" seed="415204141" result="Passed" start-time="2019-11-12 05:39:37Z" end-time="2019-11-12 05:39:37Z" duration="0.001254" asserts="0">
                  <properties />
                </test-case>
                <test-case id="1618" name="TorrentDeserializeTest" fullname="Newtonsoft.Json.Tests.Serialization.JsonSerializerTest.TorrentDeserializeTest" methodname="TorrentDeserializeTest" classname="Newtonsoft.Json.Tests.Serialization.JsonSerializerTest" runstate="Runnable" seed="1208204064" result="Passed" start-time="2019-11-12 05:39:37Z" end-time="2019-11-12 05:39:37Z" duration="0.001476" asserts="0">
                  <properties />
                </test-case>
                <test-case id="1893" name="TypeConverterOnInterface" fullname="Newtonsoft.Json.Tests.Serialization.JsonSerializerTest.TypeConverterOnInterface" methodname="TypeConverterOnInterface" classname="Newtonsoft.Json.Tests.Serialization.JsonSerializerTest" runstate="Runnable" seed="1349902311" result="Passed" start-time="2019-11-12 05:39:37Z" end-time="2019-11-12 05:39:37Z" duration="0.022056" asserts="0">
                  <properties />
                </test-case>
                <test-case id="1613" name="TypedHashtableDeserialization" fullname="Newtonsoft.Json.Tests.Serialization.JsonSerializerTest.TypedHashtableDeserialization" methodname="TypedHashtableDeserialization" classname="Newtonsoft.Json.Tests.Serialization.JsonSerializerTest" runstate="Runnable" seed="1908039381" result="Passed" start-time="2019-11-12 05:39:37Z" end-time="2019-11-12 05:39:37Z" duration="0.002258" asserts="0">
                  <properties />
                </test-case>
                <test-case id="1608" name="TypedObjectDeserialization" fullname="Newtonsoft.Json.Tests.Serialization.JsonSerializerTest.TypedObjectDeserialization" methodname="TypedObjectDeserialization" classname="Newtonsoft.Json.Tests.Serialization.JsonSerializerTest" runstate="Runnable" seed="909896038" result="Passed" start-time="2019-11-12 05:39:37Z" end-time="2019-11-12 05:39:37Z" duration="0.001443" asserts="0">
                  <properties />
                </test-case>
                <test-case id="1685" name="TypedObjectDeserializationWithComments" fullname="Newtonsoft.Json.Tests.Serialization.JsonSerializerTest.TypedObjectDeserializationWithComments" methodname="TypedObjectDeserializationWithComments" classname="Newtonsoft.Json.Tests.Serialization.JsonSerializerTest" runstate="Runnable" seed="2011937965" result="Passed" start-time="2019-11-12 05:39:37Z" end-time="2019-11-12 05:39:37Z" duration="0.001337" asserts="0">
                  <properties />
                </test-case>
                <test-case id="1622" name="Unicode" fullname="Newtonsoft.Json.Tests.Serialization.JsonSerializerTest.Unicode" methodname="Unicode" classname="Newtonsoft.Json.Tests.Serialization.JsonSerializerTest" runstate="Runnable" seed="1966930772" result="Passed" start-time="2019-11-12 05:39:37Z" end-time="2019-11-12 05:39:37Z" duration="0.002028" asserts="0">
                  <properties />
                </test-case>
                <test-case id="1798" name="UriGuidTimeSpanTestClassEmptyTest" fullname="Newtonsoft.Json.Tests.Serialization.JsonSerializerTest.UriGuidTimeSpanTestClassEmptyTest" methodname="UriGuidTimeSpanTestClassEmptyTest" classname="Newtonsoft.Json.Tests.Serialization.JsonSerializerTest" runstate="Runnable" seed="1005783295" result="Passed" start-time="2019-11-12 05:39:37Z" end-time="2019-11-12 05:39:37Z" duration="0.001548" asserts="0">
                  <properties />
                </test-case>
                <test-case id="1799" name="UriGuidTimeSpanTestClassValuesTest" fullname="Newtonsoft.Json.Tests.Serialization.JsonSerializerTest.UriGuidTimeSpanTestClassValuesTest" methodname="UriGuidTimeSpanTestClassValuesTest" classname="Newtonsoft.Json.Tests.Serialization.JsonSerializerTest" runstate="Runnable" seed="567839548" result="Passed" start-time="2019-11-12 05:39:37Z" end-time="2019-11-12 05:39:37Z" duration="0.001482" asserts="0">
                  <properties />
                </test-case>
                <test-case id="1687" name="UriSerialization" fullname="Newtonsoft.Json.Tests.Serialization.JsonSerializerTest.UriSerialization" methodname="UriSerialization" classname="Newtonsoft.Json.Tests.Serialization.JsonSerializerTest" runstate="Runnable" seed="201230517" result="Passed" start-time="2019-11-12 05:39:37Z" end-time="2019-11-12 05:39:37Z" duration="0.000597" asserts="0">
                  <properties />
                </test-case>
                <test-case id="1800" name="UsingJsonTextWriter" fullname="Newtonsoft.Json.Tests.Serialization.JsonSerializerTest.UsingJsonTextWriter" methodname="UsingJsonTextWriter" classname="Newtonsoft.Json.Tests.Serialization.JsonSerializerTest" runstate="Runnable" seed="1538484063" result="Passed" start-time="2019-11-12 05:39:37Z" end-time="2019-11-12 05:39:37Z" duration="0.003288" asserts="0">
                  <properties />
                </test-case>
                <test-case id="1671" name="WriteJsonDates" fullname="Newtonsoft.Json.Tests.Serialization.JsonSerializerTest.WriteJsonDates" methodname="WriteJsonDates" classname="Newtonsoft.Json.Tests.Serialization.JsonSerializerTest" runstate="Runnable" seed="1029435506" result="Passed" start-time="2019-11-12 05:39:37Z" end-time="2019-11-12 05:39:37Z" duration="0.002479" asserts="0">
                  <properties />
                </test-case>
              </test-suite>
              <test-suite type="TestFixture" id="1921" name="MetadataPropertyHandlingTests" fullname="Newtonsoft.Json.Tests.Serialization.MetadataPropertyHandlingTests" classname="Newtonsoft.Json.Tests.Serialization.MetadataPropertyHandlingTests" runstate="Runnable" testcasecount="19" result="Passed" start-time="2019-11-12 05:39:37Z" end-time="2019-11-12 05:39:37Z" duration="0.083726" total="19" passed="19" failed="0" inconclusive="0" skipped="0" asserts="0">
                <properties />
                <test-case id="1922" name="Demo" fullname="Newtonsoft.Json.Tests.Serialization.MetadataPropertyHandlingTests.Demo" methodname="Demo" classname="Newtonsoft.Json.Tests.Serialization.MetadataPropertyHandlingTests" runstate="Runnable" seed="1704694560" result="Passed" start-time="2019-11-12 05:39:37Z" end-time="2019-11-12 05:39:37Z" duration="0.002348" asserts="0">
                  <properties />
                </test-case>
                <test-case id="1923" name="DeserializeArraysWithPreserveObjectReferences" fullname="Newtonsoft.Json.Tests.Serialization.MetadataPropertyHandlingTests.DeserializeArraysWithPreserveObjectReferences" methodname="DeserializeArraysWithPreserveObjectReferences" classname="Newtonsoft.Json.Tests.Serialization.MetadataPropertyHandlingTests" runstate="Runnable" seed="580790880" result="Passed" start-time="2019-11-12 05:39:37Z" end-time="2019-11-12 05:39:37Z" duration="0.003549" asserts="0">
                  <properties />
                </test-case>
                <test-case id="1940" name="DeserializeCircularReferencesWithConverter" fullname="Newtonsoft.Json.Tests.Serialization.MetadataPropertyHandlingTests.DeserializeCircularReferencesWithConverter" methodname="DeserializeCircularReferencesWithConverter" classname="Newtonsoft.Json.Tests.Serialization.MetadataPropertyHandlingTests" runstate="Runnable" seed="185744923" result="Passed" start-time="2019-11-12 05:39:37Z" end-time="2019-11-12 05:39:37Z" duration="0.003274" asserts="0">
                  <properties />
                </test-case>
                <test-case id="1929" name="DeserializeEmployeeReference" fullname="Newtonsoft.Json.Tests.Serialization.MetadataPropertyHandlingTests.DeserializeEmployeeReference" methodname="DeserializeEmployeeReference" classname="Newtonsoft.Json.Tests.Serialization.MetadataPropertyHandlingTests" runstate="Runnable" seed="1150496307" result="Passed" start-time="2019-11-12 05:39:37Z" end-time="2019-11-12 05:39:37Z" duration="0.003785" asserts="0">
                  <properties />
                </test-case>
                <test-case id="1930" name="DeserializeFromJToken" fullname="Newtonsoft.Json.Tests.Serialization.MetadataPropertyHandlingTests.DeserializeFromJToken" methodname="DeserializeFromJToken" classname="Newtonsoft.Json.Tests.Serialization.MetadataPropertyHandlingTests" runstate="Runnable" seed="689484951" result="Passed" start-time="2019-11-12 05:39:37Z" end-time="2019-11-12 05:39:37Z" duration="0.000951" asserts="0">
                  <properties />
                </test-case>
                <test-case id="1931" name="DeserializeGenericObjectListWithTypeName" fullname="Newtonsoft.Json.Tests.Serialization.MetadataPropertyHandlingTests.DeserializeGenericObjectListWithTypeName" methodname="DeserializeGenericObjectListWithTypeName" classname="Newtonsoft.Json.Tests.Serialization.MetadataPropertyHandlingTests" runstate="Runnable" seed="425712324" result="Passed" start-time="2019-11-12 05:39:37Z" end-time="2019-11-12 05:39:37Z" duration="0.001547" asserts="0">
                  <properties />
                </test-case>
                <test-case id="1925" name="DeserializeGuid" fullname="Newtonsoft.Json.Tests.Serialization.MetadataPropertyHandlingTests.DeserializeGuid" methodname="DeserializeGuid" classname="Newtonsoft.Json.Tests.Serialization.MetadataPropertyHandlingTests" runstate="Runnable" seed="836601926" result="Passed" start-time="2019-11-12 05:39:37Z" end-time="2019-11-12 05:39:37Z" duration="0.001456" asserts="0">
                  <properties />
                </test-case>
                <test-case id="1926" name="DeserializeListsWithPreserveObjectReferences" fullname="Newtonsoft.Json.Tests.Serialization.MetadataPropertyHandlingTests.DeserializeListsWithPreserveObjectReferences" methodname="DeserializeListsWithPreserveObjectReferences" classname="Newtonsoft.Json.Tests.Serialization.MetadataPropertyHandlingTests" runstate="Runnable" seed="1840259609" result="Passed" start-time="2019-11-12 05:39:37Z" end-time="2019-11-12 05:39:37Z" duration="0.003793" asserts="0">
                  <properties />
                </test-case>
                <test-case id="1927" name="DeserializeTypeNameOnly" fullname="Newtonsoft.Json.Tests.Serialization.MetadataPropertyHandlingTests.DeserializeTypeNameOnly" methodname="DeserializeTypeNameOnly" classname="Newtonsoft.Json.Tests.Serialization.MetadataPropertyHandlingTests" runstate="Runnable" seed="478854970" result="Passed" start-time="2019-11-12 05:39:37Z" end-time="2019-11-12 05:39:37Z" duration="0.000905" asserts="0">
                  <properties />
                </test-case>
                <test-case id="1933" name="MetadataPropertyHandlingIgnore" fullname="Newtonsoft.Json.Tests.Serialization.MetadataPropertyHandlingTests.MetadataPropertyHandlingIgnore" methodname="MetadataPropertyHandlingIgnore" classname="Newtonsoft.Json.Tests.Serialization.MetadataPropertyHandlingTests" runstate="Runnable" seed="1649575521" result="Passed" start-time="2019-11-12 05:39:37Z" end-time="2019-11-12 05:39:37Z" duration="0.002143" asserts="0">
                  <properties />
                </test-case>
                <test-case id="1934" name="MetadataPropertyHandlingIgnore_EmptyObject" fullname="Newtonsoft.Json.Tests.Serialization.MetadataPropertyHandlingTests.MetadataPropertyHandlingIgnore_EmptyObject" methodname="MetadataPropertyHandlingIgnore_EmptyObject" classname="Newtonsoft.Json.Tests.Serialization.MetadataPropertyHandlingTests" runstate="Runnable" seed="1950919056" result="Passed" start-time="2019-11-12 05:39:37Z" end-time="2019-11-12 05:39:37Z" duration="0.000468" asserts="0">
                  <properties />
                </test-case>
                <test-case id="1935" name="PrimitiveType_MetadataPropertyIgnore" fullname="Newtonsoft.Json.Tests.Serialization.MetadataPropertyHandlingTests.PrimitiveType_MetadataPropertyIgnore" methodname="PrimitiveType_MetadataPropertyIgnore" classname="Newtonsoft.Json.Tests.Serialization.MetadataPropertyHandlingTests" runstate="Runnable" seed="500567327" result="Passed" start-time="2019-11-12 05:39:37Z" end-time="2019-11-12 05:39:37Z" duration="0.000963" asserts="0">
                  <properties />
                </test-case>
                <test-case id="1939" name="PrimitiveType_MetadataPropertyIgnore_WithNoType" fullname="Newtonsoft.Json.Tests.Serialization.MetadataPropertyHandlingTests.PrimitiveType_MetadataPropertyIgnore_WithNoType" methodname="PrimitiveType_MetadataPropertyIgnore_WithNoType" classname="Newtonsoft.Json.Tests.Serialization.MetadataPropertyHandlingTests" runstate="Runnable" seed="2022971245" result="Passed" start-time="2019-11-12 05:39:37Z" end-time="2019-11-12 05:39:37Z" duration="0.001890" asserts="0">
                  <properties />
                </test-case>
                <test-case id="1938" name="ReadAhead_JArray_NoParent" fullname="Newtonsoft.Json.Tests.Serialization.MetadataPropertyHandlingTests.ReadAhead_JArray_NoParent" methodname="ReadAhead_JArray_NoParent" classname="Newtonsoft.Json.Tests.Serialization.MetadataPropertyHandlingTests" runstate="Runnable" seed="1370295379" result="Passed" start-time="2019-11-12 05:39:37Z" end-time="2019-11-12 05:39:37Z" duration="0.000504" asserts="0">
                  <properties />
                </test-case>
                <test-case id="1936" name="ReadAhead_JObject_NoParent" fullname="Newtonsoft.Json.Tests.Serialization.MetadataPropertyHandlingTests.ReadAhead_JObject_NoParent" methodname="ReadAhead_JObject_NoParent" classname="Newtonsoft.Json.Tests.Serialization.MetadataPropertyHandlingTests" runstate="Runnable" seed="627116547" result="Passed" start-time="2019-11-12 05:39:37Z" end-time="2019-11-12 05:39:37Z" duration="0.000594" asserts="0">
                  <properties />
                </test-case>
                <test-case id="1937" name="ReadAhead_TypedJValue_NoParent" fullname="Newtonsoft.Json.Tests.Serialization.MetadataPropertyHandlingTests.ReadAhead_TypedJValue_NoParent" methodname="ReadAhead_TypedJValue_NoParent" classname="Newtonsoft.Json.Tests.Serialization.MetadataPropertyHandlingTests" runstate="Runnable" seed="1551151816" result="Passed" start-time="2019-11-12 05:39:37Z" end-time="2019-11-12 05:39:37Z" duration="0.003114" asserts="0">
                  <properties />
                </test-case>
                <test-case id="1924" name="SerializeDeserialize_DictionaryContextContainsGuid_DeserializesItemAsGuid" fullname="Newtonsoft.Json.Tests.Serialization.MetadataPropertyHandlingTests.SerializeDeserialize_DictionaryContextContainsGuid_DeserializesItemAsGuid" methodname="SerializeDeserialize_DictionaryContextContainsGuid_DeserializesItemAsGuid" classname="Newtonsoft.Json.Tests.Serialization.MetadataPropertyHandlingTests" runstate="Runnable" seed="1462151763" result="Passed" start-time="2019-11-12 05:39:37Z" end-time="2019-11-12 05:39:37Z" duration="0.006881" asserts="0">
                  <properties />
                </test-case>
                <test-case id="1928" name="SerializeRefNull" fullname="Newtonsoft.Json.Tests.Serialization.MetadataPropertyHandlingTests.SerializeRefNull" methodname="SerializeRefNull" classname="Newtonsoft.Json.Tests.Serialization.MetadataPropertyHandlingTests" runstate="Runnable" seed="1802496077" result="Passed" start-time="2019-11-12 05:39:37Z" end-time="2019-11-12 05:39:37Z" duration="0.001349" asserts="0">
                  <properties />
                </test-case>
                <test-case id="1932" name="WriteListTypeNameForProperty" fullname="Newtonsoft.Json.Tests.Serialization.MetadataPropertyHandlingTests.WriteListTypeNameForProperty" methodname="WriteListTypeNameForProperty" classname="Newtonsoft.Json.Tests.Serialization.MetadataPropertyHandlingTests" runstate="Runnable" seed="1818834942" result="Passed" start-time="2019-11-12 05:39:37Z" end-time="2019-11-12 05:39:37Z" duration="0.003652" asserts="0">
                  <properties />
                </test-case>
              </test-suite>
              <test-suite type="TestFixture" id="1941" name="MissingMemberHandlingTests" fullname="Newtonsoft.Json.Tests.Serialization.MissingMemberHandlingTests" classname="Newtonsoft.Json.Tests.Serialization.MissingMemberHandlingTests" runstate="Runnable" testcasecount="8" result="Passed" start-time="2019-11-12 05:39:37Z" end-time="2019-11-12 05:39:37Z" duration="0.027652" total="8" passed="8" failed="0" inconclusive="0" skipped="0" asserts="0">
                <properties />
                <test-case id="1945" name="CaseInsensitive" fullname="Newtonsoft.Json.Tests.Serialization.MissingMemberHandlingTests.CaseInsensitive" methodname="CaseInsensitive" classname="Newtonsoft.Json.Tests.Serialization.MissingMemberHandlingTests" runstate="Runnable" seed="1750279634" result="Passed" start-time="2019-11-12 05:39:37Z" end-time="2019-11-12 05:39:37Z" duration="0.000876" asserts="0">
                  <properties />
                </test-case>
                <test-case id="1947" name="MissingJson" fullname="Newtonsoft.Json.Tests.Serialization.MissingMemberHandlingTests.MissingJson" methodname="MissingJson" classname="Newtonsoft.Json.Tests.Serialization.MissingMemberHandlingTests" runstate="Runnable" seed="714040649" result="Passed" start-time="2019-11-12 05:39:37Z" end-time="2019-11-12 05:39:37Z" duration="0.000543" asserts="0">
                  <properties />
                </test-case>
                <test-case id="1942" name="MissingMemberDeserialize" fullname="Newtonsoft.Json.Tests.Serialization.MissingMemberHandlingTests.MissingMemberDeserialize" methodname="MissingMemberDeserialize" classname="Newtonsoft.Json.Tests.Serialization.MissingMemberHandlingTests" runstate="Runnable" seed="1450901475" result="Passed" start-time="2019-11-12 05:39:37Z" end-time="2019-11-12 05:39:37Z" duration="0.002460" asserts="0">
                  <properties />
                </test-case>
                <test-case id="1943" name="MissingMemberDeserializeOkay" fullname="Newtonsoft.Json.Tests.Serialization.MissingMemberHandlingTests.MissingMemberDeserializeOkay" methodname="MissingMemberDeserializeOkay" classname="Newtonsoft.Json.Tests.Serialization.MissingMemberHandlingTests" runstate="Runnable" seed="448551338" result="Passed" start-time="2019-11-12 05:39:37Z" end-time="2019-11-12 05:39:37Z" duration="0.001288" asserts="0">
                  <properties />
                </test-case>
                <test-case id="1949" name="MissingMemberHandling_InnerObject" fullname="Newtonsoft.Json.Tests.Serialization.MissingMemberHandlingTests.MissingMemberHandling_InnerObject" methodname="MissingMemberHandling_InnerObject" classname="Newtonsoft.Json.Tests.Serialization.MissingMemberHandlingTests" runstate="Runnable" seed="697928681" result="Passed" start-time="2019-11-12 05:39:37Z" end-time="2019-11-12 05:39:37Z" duration="0.002912" asserts="0">
                  <properties />
                </test-case>
                <test-case id="1948" name="MissingMemberHandling_RootObject" fullname="Newtonsoft.Json.Tests.Serialization.MissingMemberHandlingTests.MissingMemberHandling_RootObject" methodname="MissingMemberHandling_RootObject" classname="Newtonsoft.Json.Tests.Serialization.MissingMemberHandlingTests" runstate="Runnable" seed="2082975306" result="Passed" start-time="2019-11-12 05:39:37Z" end-time="2019-11-12 05:39:37Z" duration="0.000830" asserts="0">
                  <properties />
                </test-case>
                <test-case id="1944" name="MissingMemberIgnoreComplexValue" fullname="Newtonsoft.Json.Tests.Serialization.MissingMemberHandlingTests.MissingMemberIgnoreComplexValue" methodname="MissingMemberIgnoreComplexValue" classname="Newtonsoft.Json.Tests.Serialization.MissingMemberHandlingTests" runstate="Runnable" seed="577362530" result="Passed" start-time="2019-11-12 05:39:37Z" end-time="2019-11-12 05:39:37Z" duration="0.000668" asserts="0">
                  <properties />
                </test-case>
                <test-case id="1946" name="MissingMemeber" fullname="Newtonsoft.Json.Tests.Serialization.MissingMemberHandlingTests.MissingMemeber" methodname="MissingMemeber" classname="Newtonsoft.Json.Tests.Serialization.MissingMemberHandlingTests" runstate="Runnable" seed="87531460" result="Passed" start-time="2019-11-12 05:39:37Z" end-time="2019-11-12 05:39:37Z" duration="0.000797" asserts="0">
                  <properties />
                </test-case>
              </test-suite>
              <test-suite type="TestFixture" id="1950" name="NamingStrategyEquality" fullname="Newtonsoft.Json.Tests.Serialization.NamingStrategyEquality" classname="Newtonsoft.Json.Tests.Serialization.NamingStrategyEquality" runstate="Runnable" testcasecount="7" result="Passed" start-time="2019-11-12 05:39:37Z" end-time="2019-11-12 05:39:37Z" duration="0.020862" total="7" passed="7" failed="0" inconclusive="0" skipped="0" asserts="0">
                <properties />
                <test-case id="1951" name="CamelCaseNamingStrategyEquality" fullname="Newtonsoft.Json.Tests.Serialization.NamingStrategyEquality.CamelCaseNamingStrategyEquality" methodname="CamelCaseNamingStrategyEquality" classname="Newtonsoft.Json.Tests.Serialization.NamingStrategyEquality" runstate="Runnable" seed="540893783" result="Passed" start-time="2019-11-12 05:39:37Z" end-time="2019-11-12 05:39:37Z" duration="0.000608" asserts="0">
                  <properties />
                </test-case>
                <test-case id="1952" name="CamelCaseNamingStrategyEqualityVariants" fullname="Newtonsoft.Json.Tests.Serialization.NamingStrategyEquality.CamelCaseNamingStrategyEqualityVariants" methodname="CamelCaseNamingStrategyEqualityVariants" classname="Newtonsoft.Json.Tests.Serialization.NamingStrategyEquality" runstate="Runnable" seed="1013057611" result="Passed" start-time="2019-11-12 05:39:37Z" end-time="2019-11-12 05:39:37Z" duration="0.000794" asserts="0">
                  <properties />
                </test-case>
                <test-case id="1953" name="DefaultNamingStrategyEquality" fullname="Newtonsoft.Json.Tests.Serialization.NamingStrategyEquality.DefaultNamingStrategyEquality" methodname="DefaultNamingStrategyEquality" classname="Newtonsoft.Json.Tests.Serialization.NamingStrategyEquality" runstate="Runnable" seed="2033178164" result="Passed" start-time="2019-11-12 05:39:37Z" end-time="2019-11-12 05:39:37Z" duration="0.000659" asserts="0">
                  <properties />
                </test-case>
                <test-case id="1954" name="DefaultNamingStrategyEqualityVariants" fullname="Newtonsoft.Json.Tests.Serialization.NamingStrategyEquality.DefaultNamingStrategyEqualityVariants" methodname="DefaultNamingStrategyEqualityVariants" classname="Newtonsoft.Json.Tests.Serialization.NamingStrategyEquality" runstate="Runnable" seed="1473585621" result="Passed" start-time="2019-11-12 05:39:37Z" end-time="2019-11-12 05:39:37Z" duration="0.000681" asserts="0">
                  <properties />
                </test-case>
                <test-case id="1957" name="DifferentStrategyEquality" fullname="Newtonsoft.Json.Tests.Serialization.NamingStrategyEquality.DifferentStrategyEquality" methodname="DifferentStrategyEquality" classname="Newtonsoft.Json.Tests.Serialization.NamingStrategyEquality" runstate="Runnable" seed="199858743" result="Passed" start-time="2019-11-12 05:39:37Z" end-time="2019-11-12 05:39:37Z" duration="0.000633" asserts="0">
                  <properties />
                </test-case>
                <test-case id="1956" name="SnakeCaseNamingStrategyEqualityVariants" fullname="Newtonsoft.Json.Tests.Serialization.NamingStrategyEquality.SnakeCaseNamingStrategyEqualityVariants" methodname="SnakeCaseNamingStrategyEqualityVariants" classname="Newtonsoft.Json.Tests.Serialization.NamingStrategyEquality" runstate="Runnable" seed="1744608238" result="Passed" start-time="2019-11-12 05:39:37Z" end-time="2019-11-12 05:39:37Z" duration="0.000756" asserts="0">
                  <properties />
                </test-case>
                <test-case id="1955" name="SnakeCaseStrategyEquality" fullname="Newtonsoft.Json.Tests.Serialization.NamingStrategyEquality.SnakeCaseStrategyEquality" methodname="SnakeCaseStrategyEquality" classname="Newtonsoft.Json.Tests.Serialization.NamingStrategyEquality" runstate="Runnable" seed="1455444339" result="Passed" start-time="2019-11-12 05:39:37Z" end-time="2019-11-12 05:39:37Z" duration="0.000447" asserts="0">
                  <properties />
                </test-case>
              </test-suite>
              <test-suite type="TestFixture" id="1958" name="NullValueHandlingTests" fullname="Newtonsoft.Json.Tests.Serialization.NullValueHandlingTests" classname="Newtonsoft.Json.Tests.Serialization.NullValueHandlingTests" runstate="Runnable" testcasecount="6" result="Passed" start-time="2019-11-12 05:39:37Z" end-time="2019-11-12 05:39:37Z" duration="0.026335" total="6" passed="6" failed="0" inconclusive="0" skipped="0" asserts="0">
                <properties />
                <test-case id="1960" name="DeserializeEmptyStringIntoDateTimeWithEmptyStringDefaultValue" fullname="Newtonsoft.Json.Tests.Serialization.NullValueHandlingTests.DeserializeEmptyStringIntoDateTimeWithEmptyStringDefaultValue" methodname="DeserializeEmptyStringIntoDateTimeWithEmptyStringDefaultValue" classname="Newtonsoft.Json.Tests.Serialization.NullValueHandlingTests" runstate="Runnable" seed="2116130066" result="Passed" start-time="2019-11-12 05:39:37Z" end-time="2019-11-12 05:39:37Z" duration="0.000864" asserts="0">
                  <properties />
                </test-case>
                <test-case id="1959" name="DeserializeNullIntoDateTime" fullname="Newtonsoft.Json.Tests.Serialization.NullValueHandlingTests.DeserializeNullIntoDateTime" methodname="DeserializeNullIntoDateTime" classname="Newtonsoft.Json.Tests.Serialization.NullValueHandlingTests" runstate="Runnable" seed="1847519889" result="Passed" start-time="2019-11-12 05:39:37Z" end-time="2019-11-12 05:39:37Z" duration="0.000693" asserts="0">
                  <properties />
                </test-case>
                <test-case id="1963" name="JsonObjectNullValueHandlingIgnore" fullname="Newtonsoft.Json.Tests.Serialization.NullValueHandlingTests.JsonObjectNullValueHandlingIgnore" methodname="JsonObjectNullValueHandlingIgnore" classname="Newtonsoft.Json.Tests.Serialization.NullValueHandlingTests" runstate="Runnable" seed="628997219" result="Passed" start-time="2019-11-12 05:39:37Z" end-time="2019-11-12 05:39:37Z" duration="0.003649" asserts="0">
                  <properties />
                </test-case>
                <test-case id="1964" name="JsonObjectNullValueHandlingInclude" fullname="Newtonsoft.Json.Tests.Serialization.NullValueHandlingTests.JsonObjectNullValueHandlingInclude" methodname="JsonObjectNullValueHandlingInclude" classname="Newtonsoft.Json.Tests.Serialization.NullValueHandlingTests" runstate="Runnable" seed="404114753" result="Passed" start-time="2019-11-12 05:39:37Z" end-time="2019-11-12 05:39:37Z" duration="0.003512" asserts="0">
                  <properties />
                </test-case>
                <test-case id="1962" name="NullValueHandlingBlogPost" fullname="Newtonsoft.Json.Tests.Serialization.NullValueHandlingTests.NullValueHandlingBlogPost" methodname="NullValueHandlingBlogPost" classname="Newtonsoft.Json.Tests.Serialization.NullValueHandlingTests" runstate="Runnable" seed="1097373501" result="Passed" start-time="2019-11-12 05:39:37Z" end-time="2019-11-12 05:39:37Z" duration="0.001532" asserts="0">
                  <properties />
                </test-case>
                <test-case id="1961" name="NullValueHandlingSerialization" fullname="Newtonsoft.Json.Tests.Serialization.NullValueHandlingTests.NullValueHandlingSerialization" methodname="NullValueHandlingSerialization" classname="Newtonsoft.Json.Tests.Serialization.NullValueHandlingTests" runstate="Runnable" seed="1167588357" result="Passed" start-time="2019-11-12 05:39:37Z" end-time="2019-11-12 05:39:37Z" duration="0.001233" asserts="0">
                  <properties />
                </test-case>
              </test-suite>
              <test-suite type="TestFixture" id="1965" name="PopulateTests" fullname="Newtonsoft.Json.Tests.Serialization.PopulateTests" classname="Newtonsoft.Json.Tests.Serialization.PopulateTests" runstate="Runnable" testcasecount="6" result="Passed" start-time="2019-11-12 05:39:37Z" end-time="2019-11-12 05:39:37Z" duration="0.018528" total="6" passed="6" failed="0" inconclusive="0" skipped="0" asserts="0">
                <properties />
                <test-case id="1967" name="PopulateArray" fullname="Newtonsoft.Json.Tests.Serialization.PopulateTests.PopulateArray" methodname="PopulateArray" classname="Newtonsoft.Json.Tests.Serialization.PopulateTests" runstate="Runnable" seed="855056406" result="Passed" start-time="2019-11-12 05:39:37Z" end-time="2019-11-12 05:39:37Z" duration="0.001360" asserts="0">
                  <properties />
                </test-case>
                <test-case id="1970" name="PopulateDictionary" fullname="Newtonsoft.Json.Tests.Serialization.PopulateTests.PopulateDictionary" methodname="PopulateDictionary" classname="Newtonsoft.Json.Tests.Serialization.PopulateTests" runstate="Runnable" seed="1617168855" result="Passed" start-time="2019-11-12 05:39:37Z" end-time="2019-11-12 05:39:37Z" duration="0.000761" asserts="0">
                  <properties />
                </test-case>
                <test-case id="1969" name="PopulateListOfPeople" fullname="Newtonsoft.Json.Tests.Serialization.PopulateTests.PopulateListOfPeople" methodname="PopulateListOfPeople" classname="Newtonsoft.Json.Tests.Serialization.PopulateTests" runstate="Runnable" seed="1549411637" result="Passed" start-time="2019-11-12 05:39:37Z" end-time="2019-11-12 05:39:37Z" duration="0.000685" asserts="0">
                  <properties />
                </test-case>
                <test-case id="1966" name="PopulatePerson" fullname="Newtonsoft.Json.Tests.Serialization.PopulateTests.PopulatePerson" methodname="PopulatePerson" classname="Newtonsoft.Json.Tests.Serialization.PopulateTests" runstate="Runnable" seed="1607406823" result="Passed" start-time="2019-11-12 05:39:37Z" end-time="2019-11-12 05:39:37Z" duration="0.000613" asserts="0">
                  <properties />
                </test-case>
                <test-case id="1968" name="PopulateStore" fullname="Newtonsoft.Json.Tests.Serialization.PopulateTests.PopulateStore" methodname="PopulateStore" classname="Newtonsoft.Json.Tests.Serialization.PopulateTests" runstate="Runnable" seed="1328496973" result="Passed" start-time="2019-11-12 05:39:37Z" end-time="2019-11-12 05:39:37Z" duration="0.000981" asserts="0">
                  <properties />
                </test-case>
                <test-case id="1971" name="PopulateWithBadJson" fullname="Newtonsoft.Json.Tests.Serialization.PopulateTests.PopulateWithBadJson" methodname="PopulateWithBadJson" classname="Newtonsoft.Json.Tests.Serialization.PopulateTests" runstate="Runnable" seed="1057975441" result="Passed" start-time="2019-11-12 05:39:37Z" end-time="2019-11-12 05:39:37Z" duration="0.000780" asserts="0">
                  <properties />
                </test-case>
              </test-suite>
              <test-suite type="TestFixture" id="1972" name="PreserveReferencesHandlingTests" fullname="Newtonsoft.Json.Tests.Serialization.PreserveReferencesHandlingTests" classname="Newtonsoft.Json.Tests.Serialization.PreserveReferencesHandlingTests" runstate="Runnable" testcasecount="35" result="Passed" start-time="2019-11-12 05:39:38Z" end-time="2019-11-12 05:39:38Z" duration="0.162488" total="35" passed="35" failed="0" inconclusive="0" skipped="0" asserts="0">
                <properties />
                <test-case id="1981" name="DeserializeArraysWithPreserveObjectReferences" fullname="Newtonsoft.Json.Tests.Serialization.PreserveReferencesHandlingTests.DeserializeArraysWithPreserveObjectReferences" methodname="DeserializeArraysWithPreserveObjectReferences" classname="Newtonsoft.Json.Tests.Serialization.PreserveReferencesHandlingTests" runstate="Runnable" seed="1252117356" result="Passed" start-time="2019-11-12 05:39:38Z" end-time="2019-11-12 05:39:38Z" duration="0.001058" asserts="0">
                  <properties />
                </test-case>
                <test-case id="1992" name="DeserializeCircularReference" fullname="Newtonsoft.Json.Tests.Serialization.PreserveReferencesHandlingTests.DeserializeCircularReference" methodname="DeserializeCircularReference" classname="Newtonsoft.Json.Tests.Serialization.PreserveReferencesHandlingTests" runstate="Runnable" seed="162050516" result="Passed" start-time="2019-11-12 05:39:38Z" end-time="2019-11-12 05:39:38Z" duration="0.001491" asserts="0">
                  <properties />
                </test-case>
                <test-case id="1986" name="DeserializeCircularReferencesWithConverter" fullname="Newtonsoft.Json.Tests.Serialization.PreserveReferencesHandlingTests.DeserializeCircularReferencesWithConverter" methodname="DeserializeCircularReferencesWithConverter" classname="Newtonsoft.Json.Tests.Serialization.PreserveReferencesHandlingTests" runstate="Runnable" seed="2095629629" result="Passed" start-time="2019-11-12 05:39:38Z" end-time="2019-11-12 05:39:38Z" duration="0.001443" asserts="0">
                  <properties />
                </test-case>
                <test-case id="1976" name="DeserializeDictionarysWithPreserveObjectReferences" fullname="Newtonsoft.Json.Tests.Serialization.PreserveReferencesHandlingTests.DeserializeDictionarysWithPreserveObjectReferences" methodname="DeserializeDictionarysWithPreserveObjectReferences" classname="Newtonsoft.Json.Tests.Serialization.PreserveReferencesHandlingTests" runstate="Runnable" seed="1984830568" result="Passed" start-time="2019-11-12 05:39:38Z" end-time="2019-11-12 05:39:38Z" duration="0.000769" asserts="0">
                  <properties />
                </test-case>
                <test-case id="1988" name="DeserializeEmployeeReference" fullname="Newtonsoft.Json.Tests.Serialization.PreserveReferencesHandlingTests.DeserializeEmployeeReference" methodname="DeserializeEmployeeReference" classname="Newtonsoft.Json.Tests.Serialization.PreserveReferencesHandlingTests" runstate="Runnable" seed="1871305168" result="Passed" start-time="2019-11-12 05:39:38Z" end-time="2019-11-12 05:39:38Z" duration="0.000850" asserts="0">
                  <properties />
                </test-case>
                <test-case id="1990" name="DeserializeIsReferenceReadonlyProperty" fullname="Newtonsoft.Json.Tests.Serialization.PreserveReferencesHandlingTests.DeserializeIsReferenceReadonlyProperty" methodname="DeserializeIsReferenceReadonlyProperty" classname="Newtonsoft.Json.Tests.Serialization.PreserveReferencesHandlingTests" runstate="Runnable" seed="667993246" result="Passed" start-time="2019-11-12 05:39:38Z" end-time="2019-11-12 05:39:38Z" duration="0.003618" asserts="0">
                  <properties />
                </test-case>
                <test-case id="1980" name="DeserializeListsWithPreserveObjectReferences" fullname="Newtonsoft.Json.Tests.Serialization.PreserveReferencesHandlingTests.DeserializeListsWithPreserveObjectReferences" methodname="DeserializeListsWithPreserveObjectReferences" classname="Newtonsoft.Json.Tests.Serialization.PreserveReferencesHandlingTests" runstate="Runnable" seed="2031707369" result="Passed" start-time="2019-11-12 05:39:38Z" end-time="2019-11-12 05:39:38Z" duration="0.000802" asserts="0">
                  <properties />
                </test-case>
                <test-case id="1996" name="DeserializeReferenceInDictionary" fullname="Newtonsoft.Json.Tests.Serialization.PreserveReferencesHandlingTests.DeserializeReferenceInDictionary" methodname="DeserializeReferenceInDictionary" classname="Newtonsoft.Json.Tests.Serialization.PreserveReferencesHandlingTests" runstate="Runnable" seed="1144295787" result="Passed" start-time="2019-11-12 05:39:38Z" end-time="2019-11-12 05:39:38Z" duration="0.004439" asserts="0">
                  <properties />
                </test-case>
                <test-case id="1994" name="DeserializeReferenceInList" fullname="Newtonsoft.Json.Tests.Serialization.PreserveReferencesHandlingTests.DeserializeReferenceInList" methodname="DeserializeReferenceInList" classname="Newtonsoft.Json.Tests.Serialization.PreserveReferencesHandlingTests" runstate="Runnable" seed="695946620" result="Passed" start-time="2019-11-12 05:39:38Z" end-time="2019-11-12 05:39:38Z" duration="0.000934" asserts="0">
                  <properties />
                </test-case>
                <test-case id="1999" name="DeserializeTypeWithDubiousGetHashcode" fullname="Newtonsoft.Json.Tests.Serialization.PreserveReferencesHandlingTests.DeserializeTypeWithDubiousGetHashcode" methodname="DeserializeTypeWithDubiousGetHashcode" classname="Newtonsoft.Json.Tests.Serialization.PreserveReferencesHandlingTests" runstate="Runnable" seed="718104249" result="Passed" start-time="2019-11-12 05:39:38Z" end-time="2019-11-12 05:39:38Z" duration="0.003314" asserts="0">
                  <properties />
                </test-case>
                <test-case id="2007" name="DuplicateId" fullname="Newtonsoft.Json.Tests.Serialization.PreserveReferencesHandlingTests.DuplicateId" methodname="DuplicateId" classname="Newtonsoft.Json.Tests.Serialization.PreserveReferencesHandlingTests" runstate="Runnable" seed="693887121" result="Passed" start-time="2019-11-12 05:39:38Z" end-time="2019-11-12 05:39:38Z" duration="0.004811" asserts="0">
                  <properties />
                </test-case>
                <test-case id="1998" name="ExampleWith" fullname="Newtonsoft.Json.Tests.Serialization.PreserveReferencesHandlingTests.ExampleWith" methodname="ExampleWith" classname="Newtonsoft.Json.Tests.Serialization.PreserveReferencesHandlingTests" runstate="Runnable" seed="1011227508" result="Passed" start-time="2019-11-12 05:39:38Z" end-time="2019-11-12 05:39:38Z" duration="0.001349" asserts="0">
                  <properties />
                </test-case>
                <test-case id="1997" name="ExampleWithout" fullname="Newtonsoft.Json.Tests.Serialization.PreserveReferencesHandlingTests.ExampleWithout" methodname="ExampleWithout" classname="Newtonsoft.Json.Tests.Serialization.PreserveReferencesHandlingTests" runstate="Runnable" seed="1212652874" result="Passed" start-time="2019-11-12 05:39:38Z" end-time="2019-11-12 05:39:38Z" duration="0.000738" asserts="0">
                  <properties />
                </test-case>
                <test-case id="2000" name="PreserveReferencesHandlingWithReusedJsonSerializer" fullname="Newtonsoft.Json.Tests.Serialization.PreserveReferencesHandlingTests.PreserveReferencesHandlingWithReusedJsonSerializer" methodname="PreserveReferencesHandlingWithReusedJsonSerializer" classname="Newtonsoft.Json.Tests.Serialization.PreserveReferencesHandlingTests" runstate="Runnable" seed="244117161" result="Passed" start-time="2019-11-12 05:39:38Z" end-time="2019-11-12 05:39:38Z" duration="0.006048" asserts="0">
                  <properties />
                </test-case>
                <test-case id="2006" name="PropertyItemIsReferenceObject" fullname="Newtonsoft.Json.Tests.Serialization.PreserveReferencesHandlingTests.PropertyItemIsReferenceObject" methodname="PropertyItemIsReferenceObject" classname="Newtonsoft.Json.Tests.Serialization.PreserveReferencesHandlingTests" runstate="Runnable" seed="1562681366" result="Passed" start-time="2019-11-12 05:39:38Z" end-time="2019-11-12 05:39:38Z" duration="0.006064" asserts="0">
                  <properties />
                </test-case>
                <test-case id="2004" name="ReferencedComponentDictionary" fullname="Newtonsoft.Json.Tests.Serialization.PreserveReferencesHandlingTests.ReferencedComponentDictionary" methodname="ReferencedComponentDictionary" classname="Newtonsoft.Json.Tests.Serialization.PreserveReferencesHandlingTests" runstate="Runnable" seed="1969792783" result="Passed" start-time="2019-11-12 05:39:38Z" end-time="2019-11-12 05:39:38Z" duration="0.004236" asserts="0">
                  <properties />
                </test-case>
                <test-case id="2002" name="ReferencedComponentList" fullname="Newtonsoft.Json.Tests.Serialization.PreserveReferencesHandlingTests.ReferencedComponentList" methodname="ReferencedComponentList" classname="Newtonsoft.Json.Tests.Serialization.PreserveReferencesHandlingTests" runstate="Runnable" seed="1760333066" result="Passed" start-time="2019-11-12 05:39:38Z" end-time="2019-11-12 05:39:38Z" duration="0.003104" asserts="0">
                  <properties />
                </test-case>
                <test-case id="2003" name="ReferencedIntDictionary" fullname="Newtonsoft.Json.Tests.Serialization.PreserveReferencesHandlingTests.ReferencedIntDictionary" methodname="ReferencedIntDictionary" classname="Newtonsoft.Json.Tests.Serialization.PreserveReferencesHandlingTests" runstate="Runnable" seed="689735749" result="Passed" start-time="2019-11-12 05:39:38Z" end-time="2019-11-12 05:39:38Z" duration="0.002231" asserts="0">
                  <properties />
                </test-case>
                <test-case id="2001" name="ReferencedIntList" fullname="Newtonsoft.Json.Tests.Serialization.PreserveReferencesHandlingTests.ReferencedIntList" methodname="ReferencedIntList" classname="Newtonsoft.Json.Tests.Serialization.PreserveReferencesHandlingTests" runstate="Runnable" seed="859693283" result="Passed" start-time="2019-11-12 05:39:38Z" end-time="2019-11-12 05:39:38Z" duration="0.002427" asserts="0">
                  <properties />
                </test-case>
                <test-case id="2005" name="ReferencedObjectItems" fullname="Newtonsoft.Json.Tests.Serialization.PreserveReferencesHandlingTests.ReferencedObjectItems" methodname="ReferencedObjectItems" classname="Newtonsoft.Json.Tests.Serialization.PreserveReferencesHandlingTests" runstate="Runnable" seed="78739411" result="Passed" start-time="2019-11-12 05:39:38Z" end-time="2019-11-12 05:39:38Z" duration="0.004497" asserts="0">
                  <properties />
                </test-case>
                <test-case id="1982" name="SerializeCircularDictionarysError" fullname="Newtonsoft.Json.Tests.Serialization.PreserveReferencesHandlingTests.SerializeCircularDictionarysError" methodname="SerializeCircularDictionarysError" classname="Newtonsoft.Json.Tests.Serialization.PreserveReferencesHandlingTests" runstate="Runnable" seed="942813310" result="Passed" start-time="2019-11-12 05:39:38Z" end-time="2019-11-12 05:39:38Z" duration="0.000896" asserts="0">
                  <properties />
                </test-case>
                <test-case id="1983" name="SerializeCircularDictionarysIgnore" fullname="Newtonsoft.Json.Tests.Serialization.PreserveReferencesHandlingTests.SerializeCircularDictionarysIgnore" methodname="SerializeCircularDictionarysIgnore" classname="Newtonsoft.Json.Tests.Serialization.PreserveReferencesHandlingTests" runstate="Runnable" seed="415464698" result="Passed" start-time="2019-11-12 05:39:38Z" end-time="2019-11-12 05:39:38Z" duration="0.000750" asserts="0">
                  <properties />
                </test-case>
                <test-case id="1977" name="SerializeCircularListsError" fullname="Newtonsoft.Json.Tests.Serialization.PreserveReferencesHandlingTests.SerializeCircularListsError" methodname="SerializeCircularListsError" classname="Newtonsoft.Json.Tests.Serialization.PreserveReferencesHandlingTests" runstate="Runnable" seed="2739344" result="Passed" start-time="2019-11-12 05:39:38Z" end-time="2019-11-12 05:39:38Z" duration="0.001162" asserts="0">
                  <properties />
                </test-case>
                <test-case id="1978" name="SerializeCircularListsIgnore" fullname="Newtonsoft.Json.Tests.Serialization.PreserveReferencesHandlingTests.SerializeCircularListsIgnore" methodname="SerializeCircularListsIgnore" classname="Newtonsoft.Json.Tests.Serialization.PreserveReferencesHandlingTests" runstate="Runnable" seed="941303519" result="Passed" start-time="2019-11-12 05:39:38Z" end-time="2019-11-12 05:39:38Z" duration="0.000822" asserts="0">
                  <properties />
                </test-case>
                <test-case id="1991" name="SerializeCircularReference" fullname="Newtonsoft.Json.Tests.Serialization.PreserveReferencesHandlingTests.SerializeCircularReference" methodname="SerializeCircularReference" classname="Newtonsoft.Json.Tests.Serialization.PreserveReferencesHandlingTests" runstate="Runnable" seed="730565548" result="Passed" start-time="2019-11-12 05:39:38Z" end-time="2019-11-12 05:39:38Z" duration="0.000866" asserts="0">
                  <properties />
                </test-case>
                <test-case id="1985" name="SerializeCircularReferencesWithConverter" fullname="Newtonsoft.Json.Tests.Serialization.PreserveReferencesHandlingTests.SerializeCircularReferencesWithConverter" methodname="SerializeCircularReferencesWithConverter" classname="Newtonsoft.Json.Tests.Serialization.PreserveReferencesHandlingTests" runstate="Runnable" seed="882030328" result="Passed" start-time="2019-11-12 05:39:38Z" end-time="2019-11-12 05:39:38Z" duration="0.001265" asserts="0">
                  <properties />
                </test-case>
                <test-case id="1975" name="SerializeDictionarysWithPreserveObjectReferences" fullname="Newtonsoft.Json.Tests.Serialization.PreserveReferencesHandlingTests.SerializeDictionarysWithPreserveObjectReferences" methodname="SerializeDictionarysWithPreserveObjectReferences" classname="Newtonsoft.Json.Tests.Serialization.PreserveReferencesHandlingTests" runstate="Runnable" seed="1109468101" result="Passed" start-time="2019-11-12 05:39:38Z" end-time="2019-11-12 05:39:38Z" duration="0.000812" asserts="0">
                  <properties />
                </test-case>
                <test-case id="1987" name="SerializeEmployeeReference" fullname="Newtonsoft.Json.Tests.Serialization.PreserveReferencesHandlingTests.SerializeEmployeeReference" methodname="SerializeEmployeeReference" classname="Newtonsoft.Json.Tests.Serialization.PreserveReferencesHandlingTests" runstate="Runnable" seed="1781663946" result="Passed" start-time="2019-11-12 05:39:38Z" end-time="2019-11-12 05:39:38Z" duration="0.001070" asserts="0">
                  <properties />
                </test-case>
                <test-case id="1989" name="SerializeIsReferenceReadonlyProperty" fullname="Newtonsoft.Json.Tests.Serialization.PreserveReferencesHandlingTests.SerializeIsReferenceReadonlyProperty" methodname="SerializeIsReferenceReadonlyProperty" classname="Newtonsoft.Json.Tests.Serialization.PreserveReferencesHandlingTests" runstate="Runnable" seed="746487088" result="Passed" start-time="2019-11-12 05:39:38Z" end-time="2019-11-12 05:39:38Z" duration="0.001238" asserts="0">
                  <properties />
                </test-case>
                <test-case id="1979" name="SerializeListsWithPreserveObjectReferences" fullname="Newtonsoft.Json.Tests.Serialization.PreserveReferencesHandlingTests.SerializeListsWithPreserveObjectReferences" methodname="SerializeListsWithPreserveObjectReferences" classname="Newtonsoft.Json.Tests.Serialization.PreserveReferencesHandlingTests" runstate="Runnable" seed="839877499" result="Passed" start-time="2019-11-12 05:39:38Z" end-time="2019-11-12 05:39:38Z" duration="0.000967" asserts="0">
                  <properties />
                </test-case>
                <test-case id="1974" name="SerializeReadOnlyProperty" fullname="Newtonsoft.Json.Tests.Serialization.PreserveReferencesHandlingTests.SerializeReadOnlyProperty" methodname="SerializeReadOnlyProperty" classname="Newtonsoft.Json.Tests.Serialization.PreserveReferencesHandlingTests" runstate="Runnable" seed="1926317840" result="Passed" start-time="2019-11-12 05:39:38Z" end-time="2019-11-12 05:39:38Z" duration="0.005921" asserts="0">
                  <properties />
                </test-case>
                <test-case id="1973" name="SerializeReferenceInConvert" fullname="Newtonsoft.Json.Tests.Serialization.PreserveReferencesHandlingTests.SerializeReferenceInConvert" methodname="SerializeReferenceInConvert" classname="Newtonsoft.Json.Tests.Serialization.PreserveReferencesHandlingTests" runstate="Runnable" seed="634929247" result="Passed" start-time="2019-11-12 05:39:38Z" end-time="2019-11-12 05:39:38Z" duration="0.011554" asserts="0">
                  <properties />
                </test-case>
                <test-case id="1995" name="SerializeReferenceInDictionary" fullname="Newtonsoft.Json.Tests.Serialization.PreserveReferencesHandlingTests.SerializeReferenceInDictionary" methodname="SerializeReferenceInDictionary" classname="Newtonsoft.Json.Tests.Serialization.PreserveReferencesHandlingTests" runstate="Runnable" seed="988509018" result="Passed" start-time="2019-11-12 05:39:38Z" end-time="2019-11-12 05:39:38Z" duration="0.000977" asserts="0">
                  <properties />
                </test-case>
                <test-case id="1993" name="SerializeReferenceInList" fullname="Newtonsoft.Json.Tests.Serialization.PreserveReferencesHandlingTests.SerializeReferenceInList" methodname="SerializeReferenceInList" classname="Newtonsoft.Json.Tests.Serialization.PreserveReferencesHandlingTests" runstate="Runnable" seed="90835568" result="Passed" start-time="2019-11-12 05:39:38Z" end-time="2019-11-12 05:39:38Z" duration="0.000939" asserts="0">
                  <properties />
                </test-case>
                <test-case id="1984" name="UnexpectedEnd" fullname="Newtonsoft.Json.Tests.Serialization.PreserveReferencesHandlingTests.UnexpectedEnd" methodname="UnexpectedEnd" classname="Newtonsoft.Json.Tests.Serialization.PreserveReferencesHandlingTests" runstate="Runnable" seed="1192203470" result="Passed" start-time="2019-11-12 05:39:38Z" end-time="2019-11-12 05:39:38Z" duration="0.000662" asserts="0">
                  <properties />
                </test-case>
              </test-suite>
              <test-suite type="TestFixture" id="2008" name="ReferenceLoopHandlingTests" fullname="Newtonsoft.Json.Tests.Serialization.ReferenceLoopHandlingTests" classname="Newtonsoft.Json.Tests.Serialization.ReferenceLoopHandlingTests" runstate="Runnable" testcasecount="11" result="Passed" start-time="2019-11-12 05:39:38Z" end-time="2019-11-12 05:39:38Z" duration="0.074567" total="11" passed="11" failed="0" inconclusive="0" skipped="0" asserts="0">
                <properties />
                <test-case id="2019" name="EqualityComparer" fullname="Newtonsoft.Json.Tests.Serialization.ReferenceLoopHandlingTests.EqualityComparer" methodname="EqualityComparer" classname="Newtonsoft.Json.Tests.Serialization.ReferenceLoopHandlingTests" runstate="Runnable" seed="1109825586" result="Passed" start-time="2019-11-12 05:39:38Z" end-time="2019-11-12 05:39:38Z" duration="0.003599" asserts="0">
                  <properties />
                </test-case>
                <test-case id="2017" name="ErrorDynamicCyclicReferenceLoop" fullname="Newtonsoft.Json.Tests.Serialization.ReferenceLoopHandlingTests.ErrorDynamicCyclicReferenceLoop" methodname="ErrorDynamicCyclicReferenceLoop" classname="Newtonsoft.Json.Tests.Serialization.ReferenceLoopHandlingTests" runstate="Runnable" seed="344599996" result="Passed" start-time="2019-11-12 05:39:38Z" end-time="2019-11-12 05:39:38Z" duration="0.012504" asserts="0">
                  <properties />
                </test-case>
                <test-case id="2015" name="ErrorISerializableCyclicReferenceLoop" fullname="Newtonsoft.Json.Tests.Serialization.ReferenceLoopHandlingTests.ErrorISerializableCyclicReferenceLoop" methodname="ErrorISerializableCyclicReferenceLoop" classname="Newtonsoft.Json.Tests.Serialization.ReferenceLoopHandlingTests" runstate="Runnable" seed="2014155584" result="Passed" start-time="2019-11-12 05:39:38Z" end-time="2019-11-12 05:39:38Z" duration="0.002819" asserts="0">
                  <properties />
                </test-case>
                <test-case id="2012" name="IgnoreArrayReferenceLoop" fullname="Newtonsoft.Json.Tests.Serialization.ReferenceLoopHandlingTests.IgnoreArrayReferenceLoop" methodname="IgnoreArrayReferenceLoop" classname="Newtonsoft.Json.Tests.Serialization.ReferenceLoopHandlingTests" runstate="Runnable" seed="1406313953" result="Passed" start-time="2019-11-12 05:39:38Z" end-time="2019-11-12 05:39:38Z" duration="0.003236" asserts="0">
                  <properties />
                </test-case>
                <test-case id="2013" name="IgnoreDictionaryReferenceLoop" fullname="Newtonsoft.Json.Tests.Serialization.ReferenceLoopHandlingTests.IgnoreDictionaryReferenceLoop" methodname="IgnoreDictionaryReferenceLoop" classname="Newtonsoft.Json.Tests.Serialization.ReferenceLoopHandlingTests" runstate="Runnable" seed="1395848883" result="Passed" start-time="2019-11-12 05:39:38Z" end-time="2019-11-12 05:39:38Z" duration="0.002832" asserts="0">
                  <properties />
                </test-case>
                <test-case id="2018" name="IgnoreDynamicCyclicReferenceLoop" fullname="Newtonsoft.Json.Tests.Serialization.ReferenceLoopHandlingTests.IgnoreDynamicCyclicReferenceLoop" methodname="IgnoreDynamicCyclicReferenceLoop" classname="Newtonsoft.Json.Tests.Serialization.ReferenceLoopHandlingTests" runstate="Runnable" seed="715018429" result="Passed" start-time="2019-11-12 05:39:38Z" end-time="2019-11-12 05:39:38Z" duration="0.013990" asserts="0">
                  <properties />
                </test-case>
                <test-case id="2016" name="IgnoreISerializableCyclicReferenceLoop" fullname="Newtonsoft.Json.Tests.Serialization.ReferenceLoopHandlingTests.IgnoreISerializableCyclicReferenceLoop" methodname="IgnoreISerializableCyclicReferenceLoop" classname="Newtonsoft.Json.Tests.Serialization.ReferenceLoopHandlingTests" runstate="Runnable" seed="802455637" result="Passed" start-time="2019-11-12 05:39:38Z" end-time="2019-11-12 05:39:38Z" duration="0.000885" asserts="0">
                  <properties />
                </test-case>
                <test-case id="2010" name="IgnoreObjectReferenceLoop" fullname="Newtonsoft.Json.Tests.Serialization.ReferenceLoopHandlingTests.IgnoreObjectReferenceLoop" methodname="IgnoreObjectReferenceLoop" classname="Newtonsoft.Json.Tests.Serialization.ReferenceLoopHandlingTests" runstate="Runnable" seed="1278933586" result="Passed" start-time="2019-11-12 05:39:38Z" end-time="2019-11-12 05:39:38Z" duration="0.001833" asserts="0">
                  <properties />
                </test-case>
                <test-case id="2011" name="IgnoreObjectReferenceLoopWithPropertyOverride" fullname="Newtonsoft.Json.Tests.Serialization.ReferenceLoopHandlingTests.IgnoreObjectReferenceLoopWithPropertyOverride" methodname="IgnoreObjectReferenceLoopWithPropertyOverride" classname="Newtonsoft.Json.Tests.Serialization.ReferenceLoopHandlingTests" runstate="Runnable" seed="1003541813" result="Passed" start-time="2019-11-12 05:39:38Z" end-time="2019-11-12 05:39:38Z" duration="0.001883" asserts="0">
                  <properties />
                </test-case>
                <test-case id="2009" name="ReferenceLoopHandlingTest" fullname="Newtonsoft.Json.Tests.Serialization.ReferenceLoopHandlingTests.ReferenceLoopHandlingTest" methodname="ReferenceLoopHandlingTest" classname="Newtonsoft.Json.Tests.Serialization.ReferenceLoopHandlingTests" runstate="Runnable" seed="1014935918" result="Passed" start-time="2019-11-12 05:39:38Z" end-time="2019-11-12 05:39:38Z" duration="0.000901" asserts="0">
                  <properties />
                </test-case>
                <test-case id="2014" name="SerializePropertyItemReferenceLoopHandling" fullname="Newtonsoft.Json.Tests.Serialization.ReferenceLoopHandlingTests.SerializePropertyItemReferenceLoopHandling" methodname="SerializePropertyItemReferenceLoopHandling" classname="Newtonsoft.Json.Tests.Serialization.ReferenceLoopHandlingTests" runstate="Runnable" seed="787771498" result="Passed" start-time="2019-11-12 05:39:38Z" end-time="2019-11-12 05:39:38Z" duration="0.006533" asserts="0">
                  <properties />
                </test-case>
              </test-suite>
              <test-suite type="TestFixture" id="2020" name="ReflectionAttributeProviderTests" fullname="Newtonsoft.Json.Tests.Serialization.ReflectionAttributeProviderTests" classname="Newtonsoft.Json.Tests.Serialization.ReflectionAttributeProviderTests" runstate="Runnable" testcasecount="3" result="Passed" start-time="2019-11-12 05:39:38Z" end-time="2019-11-12 05:39:38Z" duration="0.012001" total="3" passed="3" failed="0" inconclusive="0" skipped="0" asserts="0">
                <properties />
                <test-case id="2022" name="GetAttributes_Field" fullname="Newtonsoft.Json.Tests.Serialization.ReflectionAttributeProviderTests.GetAttributes_Field" methodname="GetAttributes_Field" classname="Newtonsoft.Json.Tests.Serialization.ReflectionAttributeProviderTests" runstate="Runnable" seed="154411781" result="Passed" start-time="2019-11-12 05:39:38Z" end-time="2019-11-12 05:39:38Z" duration="0.001088" asserts="0">
                  <properties />
                </test-case>
                <test-case id="2023" name="GetAttributes_Parameter" fullname="Newtonsoft.Json.Tests.Serialization.ReflectionAttributeProviderTests.GetAttributes_Parameter" methodname="GetAttributes_Parameter" classname="Newtonsoft.Json.Tests.Serialization.ReflectionAttributeProviderTests" runstate="Runnable" seed="688145444" result="Passed" start-time="2019-11-12 05:39:38Z" end-time="2019-11-12 05:39:38Z" duration="0.000906" asserts="0">
                  <properties />
                </test-case>
                <test-case id="2021" name="GetAttributes_Property" fullname="Newtonsoft.Json.Tests.Serialization.ReflectionAttributeProviderTests.GetAttributes_Property" methodname="GetAttributes_Property" classname="Newtonsoft.Json.Tests.Serialization.ReflectionAttributeProviderTests" runstate="Runnable" seed="1851726626" result="Passed" start-time="2019-11-12 05:39:38Z" end-time="2019-11-12 05:39:38Z" duration="0.000557" asserts="0">
                  <properties />
                </test-case>
              </test-suite>
              <test-suite type="TestFixture" id="2024" name="SerializationErrorHandlingTests" fullname="Newtonsoft.Json.Tests.Serialization.SerializationErrorHandlingTests" classname="Newtonsoft.Json.Tests.Serialization.SerializationErrorHandlingTests" runstate="Runnable" testcasecount="33" result="Passed" start-time="2019-11-12 05:39:38Z" end-time="2019-11-12 05:39:38Z" duration="0.227881" total="33" passed="33" failed="0" inconclusive="0" skipped="0" asserts="0">
                <properties />
                <test-case id="2042" name="ArrayHandling" fullname="Newtonsoft.Json.Tests.Serialization.SerializationErrorHandlingTests.ArrayHandling" methodname="ArrayHandling" classname="Newtonsoft.Json.Tests.Serialization.SerializationErrorHandlingTests" runstate="Runnable" seed="399622060" result="Passed" start-time="2019-11-12 05:39:38Z" end-time="2019-11-12 05:39:38Z" duration="0.001710" asserts="0">
                  <properties />
                </test-case>
                <test-case id="2043" name="ArrayHandling_JTokenReader" fullname="Newtonsoft.Json.Tests.Serialization.SerializationErrorHandlingTests.ArrayHandling_JTokenReader" methodname="ArrayHandling_JTokenReader" classname="Newtonsoft.Json.Tests.Serialization.SerializationErrorHandlingTests" runstate="Runnable" seed="1273699186" result="Passed" start-time="2019-11-12 05:39:38Z" end-time="2019-11-12 05:39:38Z" duration="0.001882" asserts="0">
                  <properties />
                </test-case>
                <test-case id="2044" name="ArrayHandlingInObject" fullname="Newtonsoft.Json.Tests.Serialization.SerializationErrorHandlingTests.ArrayHandlingInObject" methodname="ArrayHandlingInObject" classname="Newtonsoft.Json.Tests.Serialization.SerializationErrorHandlingTests" runstate="Runnable" seed="598901798" result="Passed" start-time="2019-11-12 05:39:38Z" end-time="2019-11-12 05:39:38Z" duration="0.005299" asserts="0">
                  <properties />
                </test-case>
                <test-case id="2036" name="DeserializeNestedUnhandled" fullname="Newtonsoft.Json.Tests.Serialization.SerializationErrorHandlingTests.DeserializeNestedUnhandled" methodname="DeserializeNestedUnhandled" classname="Newtonsoft.Json.Tests.Serialization.SerializationErrorHandlingTests" runstate="Runnable" seed="435940995" result="Passed" start-time="2019-11-12 05:39:38Z" end-time="2019-11-12 05:39:38Z" duration="0.005109" asserts="0">
                  <properties />
                </test-case>
                <test-case id="2054" name="DeserializeRootConverter" fullname="Newtonsoft.Json.Tests.Serialization.SerializationErrorHandlingTests.DeserializeRootConverter" methodname="DeserializeRootConverter" classname="Newtonsoft.Json.Tests.Serialization.SerializationErrorHandlingTests" runstate="Runnable" seed="569926183" result="Passed" start-time="2019-11-12 05:39:38Z" end-time="2019-11-12 05:39:38Z" duration="0.001851" asserts="0">
                  <properties />
                </test-case>
                <test-case id="2052" name="DeserializeWrappingErrorsAndErrorHandling" fullname="Newtonsoft.Json.Tests.Serialization.SerializationErrorHandlingTests.DeserializeWrappingErrorsAndErrorHandling" methodname="DeserializeWrappingErrorsAndErrorHandling" classname="Newtonsoft.Json.Tests.Serialization.SerializationErrorHandlingTests" runstate="Runnable" seed="657135178" result="Passed" start-time="2019-11-12 05:39:38Z" end-time="2019-11-12 05:39:38Z" duration="0.002285" asserts="0">
                  <properties />
                </test-case>
                <test-case id="2033" name="DeserializingErrorHandlingUsingEvent" fullname="Newtonsoft.Json.Tests.Serialization.SerializationErrorHandlingTests.DeserializingErrorHandlingUsingEvent" methodname="DeserializingErrorHandlingUsingEvent" classname="Newtonsoft.Json.Tests.Serialization.SerializationErrorHandlingTests" runstate="Runnable" seed="941875237" result="Passed" start-time="2019-11-12 05:39:38Z" end-time="2019-11-12 05:39:38Z" duration="0.002151" asserts="0">
                  <properties />
                </test-case>
                <test-case id="2029" name="DeserializingErrorInChildObject" fullname="Newtonsoft.Json.Tests.Serialization.SerializationErrorHandlingTests.DeserializingErrorInChildObject" methodname="DeserializingErrorInChildObject" classname="Newtonsoft.Json.Tests.Serialization.SerializationErrorHandlingTests" runstate="Runnable" seed="1573281857" result="Passed" start-time="2019-11-12 05:39:38Z" end-time="2019-11-12 05:39:38Z" duration="0.005519" asserts="0">
                  <properties />
                </test-case>
                <test-case id="2032" name="DeserializingErrorInDateTimeCollection" fullname="Newtonsoft.Json.Tests.Serialization.SerializationErrorHandlingTests.DeserializingErrorInDateTimeCollection" methodname="DeserializingErrorInDateTimeCollection" classname="Newtonsoft.Json.Tests.Serialization.SerializationErrorHandlingTests" runstate="Runnable" seed="935789194" result="Passed" start-time="2019-11-12 05:39:38Z" end-time="2019-11-12 05:39:38Z" duration="0.004198" asserts="0">
                  <properties />
                </test-case>
                <test-case id="2034" name="DeserializingErrorInDateTimeCollectionWithAttributeWithEventNotCalled" fullname="Newtonsoft.Json.Tests.Serialization.SerializationErrorHandlingTests.DeserializingErrorInDateTimeCollectionWithAttributeWithEventNotCalled" methodname="DeserializingErrorInDateTimeCollectionWithAttributeWithEventNotCalled" classname="Newtonsoft.Json.Tests.Serialization.SerializationErrorHandlingTests" runstate="Runnable" seed="1313677263" result="Passed" start-time="2019-11-12 05:39:38Z" end-time="2019-11-12 05:39:38Z" duration="0.001516" asserts="0">
                  <properties />
                </test-case>
                <test-case id="2027" name="ErrorDeserializingIntegerInObject" fullname="Newtonsoft.Json.Tests.Serialization.SerializationErrorHandlingTests.ErrorDeserializingIntegerInObject" methodname="ErrorDeserializingIntegerInObject" classname="Newtonsoft.Json.Tests.Serialization.SerializationErrorHandlingTests" runstate="Runnable" seed="1433250124" result="Passed" start-time="2019-11-12 05:39:38Z" end-time="2019-11-12 05:39:38Z" duration="0.002439" asserts="0">
                  <properties />
                </test-case>
                <test-case id="2028" name="ErrorDeserializingListHandled" fullname="Newtonsoft.Json.Tests.Serialization.SerializationErrorHandlingTests.ErrorDeserializingListHandled" methodname="ErrorDeserializingListHandled" classname="Newtonsoft.Json.Tests.Serialization.SerializationErrorHandlingTests" runstate="Runnable" seed="257735051" result="Passed" start-time="2019-11-12 05:39:38Z" end-time="2019-11-12 05:39:38Z" duration="0.004643" asserts="0">
                  <properties />
                </test-case>
                <test-case id="2040" name="ErrorHandlingAndAvoidingRecursiveDepthError" fullname="Newtonsoft.Json.Tests.Serialization.SerializationErrorHandlingTests.ErrorHandlingAndAvoidingRecursiveDepthError" methodname="ErrorHandlingAndAvoidingRecursiveDepthError" classname="Newtonsoft.Json.Tests.Serialization.SerializationErrorHandlingTests" runstate="Runnable" seed="1639246345" result="Passed" start-time="2019-11-12 05:39:38Z" end-time="2019-11-12 05:39:38Z" duration="0.003540" asserts="0">
                  <properties />
                </test-case>
                <test-case id="2045" name="ErrorHandlingEndOfContent" fullname="Newtonsoft.Json.Tests.Serialization.SerializationErrorHandlingTests.ErrorHandlingEndOfContent" methodname="ErrorHandlingEndOfContent" classname="Newtonsoft.Json.Tests.Serialization.SerializationErrorHandlingTests" runstate="Runnable" seed="2071283648" result="Passed" start-time="2019-11-12 05:39:38Z" end-time="2019-11-12 05:39:38Z" duration="0.009832" asserts="0">
                  <properties />
                </test-case>
                <test-case id="2046" name="ErrorHandlingEndOfContentDictionary" fullname="Newtonsoft.Json.Tests.Serialization.SerializationErrorHandlingTests.ErrorHandlingEndOfContentDictionary" methodname="ErrorHandlingEndOfContentDictionary" classname="Newtonsoft.Json.Tests.Serialization.SerializationErrorHandlingTests" runstate="Runnable" seed="637678725" result="Passed" start-time="2019-11-12 05:39:38Z" end-time="2019-11-12 05:39:38Z" duration="0.003242" asserts="0">
                  <properties />
                </test-case>
                <test-case id="2047" name="ErrorHandlingEndOfContentDynamic" fullname="Newtonsoft.Json.Tests.Serialization.SerializationErrorHandlingTests.ErrorHandlingEndOfContentDynamic" methodname="ErrorHandlingEndOfContentDynamic" classname="Newtonsoft.Json.Tests.Serialization.SerializationErrorHandlingTests" runstate="Runnable" seed="118919296" result="Passed" start-time="2019-11-12 05:39:38Z" end-time="2019-11-12 05:39:38Z" duration="0.015772" asserts="0">
                  <properties />
                </test-case>
                <test-case id="2025" name="ErrorHandlingMetadata" fullname="Newtonsoft.Json.Tests.Serialization.SerializationErrorHandlingTests.ErrorHandlingMetadata" methodname="ErrorHandlingMetadata" classname="Newtonsoft.Json.Tests.Serialization.SerializationErrorHandlingTests" runstate="Runnable" seed="2036521106" result="Passed" start-time="2019-11-12 05:39:38Z" end-time="2019-11-12 05:39:38Z" duration="0.003901" asserts="0">
                  <properties />
                </test-case>
                <test-case id="2026" name="ErrorHandlingMetadata_TopLevel" fullname="Newtonsoft.Json.Tests.Serialization.SerializationErrorHandlingTests.ErrorHandlingMetadata_TopLevel" methodname="ErrorHandlingMetadata_TopLevel" classname="Newtonsoft.Json.Tests.Serialization.SerializationErrorHandlingTests" runstate="Runnable" seed="1634479574" result="Passed" start-time="2019-11-12 05:39:38Z" end-time="2019-11-12 05:39:38Z" duration="0.001656" asserts="0">
                  <properties />
                </test-case>
                <test-case id="2057" name="HandleErrorInDictionaryObject" fullname="Newtonsoft.Json.Tests.Serialization.SerializationErrorHandlingTests.HandleErrorInDictionaryObject" methodname="HandleErrorInDictionaryObject" classname="Newtonsoft.Json.Tests.Serialization.SerializationErrorHandlingTests" runstate="Runnable" seed="2081866295" result="Passed" start-time="2019-11-12 05:39:38Z" end-time="2019-11-12 05:39:38Z" duration="0.007333" asserts="0">
                  <properties />
                </test-case>
                <test-case id="2038" name="HandlingArrayErrors" fullname="Newtonsoft.Json.Tests.Serialization.SerializationErrorHandlingTests.HandlingArrayErrors" methodname="HandlingArrayErrors" classname="Newtonsoft.Json.Tests.Serialization.SerializationErrorHandlingTests" runstate="Runnable" seed="550475033" result="Passed" start-time="2019-11-12 05:39:38Z" end-time="2019-11-12 05:39:38Z" duration="0.001158" asserts="0">
                  <properties />
                </test-case>
                <test-case id="2039" name="HandlingMultidimensionalArrayErrors" fullname="Newtonsoft.Json.Tests.Serialization.SerializationErrorHandlingTests.HandlingMultidimensionalArrayErrors" methodname="HandlingMultidimensionalArrayErrors" classname="Newtonsoft.Json.Tests.Serialization.SerializationErrorHandlingTests" runstate="Runnable" seed="858615557" result="Passed" start-time="2019-11-12 05:39:38Z" end-time="2019-11-12 05:39:38Z" duration="0.001103" asserts="0">
                  <properties />
                </test-case>
                <test-case id="2041" name="InfiniteErrorHandlingLoopFromInputError" fullname="Newtonsoft.Json.Tests.Serialization.SerializationErrorHandlingTests.InfiniteErrorHandlingLoopFromInputError" methodname="InfiniteErrorHandlingLoopFromInputError" classname="Newtonsoft.Json.Tests.Serialization.SerializationErrorHandlingTests" runstate="Runnable" seed="1367561838" result="Passed" start-time="2019-11-12 05:39:38Z" end-time="2019-11-12 05:39:38Z" duration="0.032971" asserts="0">
                  <properties />
                </test-case>
                <test-case id="2056" name="IntegerToLarge_ReadNextValue" fullname="Newtonsoft.Json.Tests.Serialization.SerializationErrorHandlingTests.IntegerToLarge_ReadNextValue" methodname="IntegerToLarge_ReadNextValue" classname="Newtonsoft.Json.Tests.Serialization.SerializationErrorHandlingTests" runstate="Runnable" seed="623357557" result="Passed" start-time="2019-11-12 05:39:38Z" end-time="2019-11-12 05:39:38Z" duration="0.002370" asserts="0">
                  <properties />
                </test-case>
                <test-case id="2037" name="MultipleRequiredPropertyErrors" fullname="Newtonsoft.Json.Tests.Serialization.SerializationErrorHandlingTests.MultipleRequiredPropertyErrors" methodname="MultipleRequiredPropertyErrors" classname="Newtonsoft.Json.Tests.Serialization.SerializationErrorHandlingTests" runstate="Runnable" seed="1621941301" result="Passed" start-time="2019-11-12 05:39:38Z" end-time="2019-11-12 05:39:38Z" duration="0.002345" asserts="0">
                  <properties />
                </test-case>
                <test-case id="2051" name="NoObjectWithAttribute" fullname="Newtonsoft.Json.Tests.Serialization.SerializationErrorHandlingTests.NoObjectWithAttribute" methodname="NoObjectWithAttribute" classname="Newtonsoft.Json.Tests.Serialization.SerializationErrorHandlingTests" runstate="Runnable" seed="1524263388" result="Passed" start-time="2019-11-12 05:39:38Z" end-time="2019-11-12 05:39:38Z" duration="0.001353" asserts="0">
                  <properties />
                </test-case>
                <test-case id="2050" name="NoObjectWithEvent" fullname="Newtonsoft.Json.Tests.Serialization.SerializationErrorHandlingTests.NoObjectWithEvent" methodname="NoObjectWithEvent" classname="Newtonsoft.Json.Tests.Serialization.SerializationErrorHandlingTests" runstate="Runnable" seed="79069794" result="Passed" start-time="2019-11-12 05:39:38Z" end-time="2019-11-12 05:39:38Z" duration="0.001760" asserts="0">
                  <properties />
                </test-case>
                <test-case id="2035" name="SerializePerson" fullname="Newtonsoft.Json.Tests.Serialization.SerializationErrorHandlingTests.SerializePerson" methodname="SerializePerson" classname="Newtonsoft.Json.Tests.Serialization.SerializationErrorHandlingTests" runstate="Runnable" seed="1770339027" result="Passed" start-time="2019-11-12 05:39:38Z" end-time="2019-11-12 05:39:38Z" duration="0.003648" asserts="0">
                  <properties />
                </test-case>
                <test-case id="2055" name="SerializeRootConverter" fullname="Newtonsoft.Json.Tests.Serialization.SerializationErrorHandlingTests.SerializeRootConverter" methodname="SerializeRootConverter" classname="Newtonsoft.Json.Tests.Serialization.SerializationErrorHandlingTests" runstate="Runnable" seed="1053945812" result="Passed" start-time="2019-11-12 05:39:38Z" end-time="2019-11-12 05:39:38Z" duration="0.000903" asserts="0">
                  <properties />
                </test-case>
                <test-case id="2053" name="SerializeWrappingErrorsAndErrorHandling" fullname="Newtonsoft.Json.Tests.Serialization.SerializationErrorHandlingTests.SerializeWrappingErrorsAndErrorHandling" methodname="SerializeWrappingErrorsAndErrorHandling" classname="Newtonsoft.Json.Tests.Serialization.SerializationErrorHandlingTests" runstate="Runnable" seed="622808944" result="Passed" start-time="2019-11-12 05:39:38Z" end-time="2019-11-12 05:39:38Z" duration="0.003143" asserts="0">
                  <properties />
                </test-case>
                <test-case id="2030" name="SerializingErrorIn3DArray" fullname="Newtonsoft.Json.Tests.Serialization.SerializationErrorHandlingTests.SerializingErrorIn3DArray" methodname="SerializingErrorIn3DArray" classname="Newtonsoft.Json.Tests.Serialization.SerializationErrorHandlingTests" runstate="Runnable" seed="748447904" result="Passed" start-time="2019-11-12 05:39:38Z" end-time="2019-11-12 05:39:38Z" duration="0.003546" asserts="0">
                  <properties />
                </test-case>
                <test-case id="2031" name="SerializingErrorInChildObject" fullname="Newtonsoft.Json.Tests.Serialization.SerializationErrorHandlingTests.SerializingErrorInChildObject" methodname="SerializingErrorInChildObject" classname="Newtonsoft.Json.Tests.Serialization.SerializationErrorHandlingTests" runstate="Runnable" seed="60000510" result="Passed" start-time="2019-11-12 05:39:38Z" end-time="2019-11-12 05:39:38Z" duration="0.001012" asserts="0">
                  <properties />
                </test-case>
                <test-case id="2048" name="WriteEndOnPropertyState" fullname="Newtonsoft.Json.Tests.Serialization.SerializationErrorHandlingTests.WriteEndOnPropertyState" methodname="WriteEndOnPropertyState" classname="Newtonsoft.Json.Tests.Serialization.SerializationErrorHandlingTests" runstate="Runnable" seed="189367540" result="Passed" start-time="2019-11-12 05:39:38Z" end-time="2019-11-12 05:39:38Z" duration="0.008296" asserts="0">
                  <properties />
                </test-case>
                <test-case id="2049" name="WriteEndOnPropertyState2" fullname="Newtonsoft.Json.Tests.Serialization.SerializationErrorHandlingTests.WriteEndOnPropertyState2" methodname="WriteEndOnPropertyState2" classname="Newtonsoft.Json.Tests.Serialization.SerializationErrorHandlingTests" runstate="Runnable" seed="91365631" result="Passed" start-time="2019-11-12 05:39:38Z" end-time="2019-11-12 05:39:38Z" duration="0.001534" asserts="0">
                  <properties />
                </test-case>
              </test-suite>
              <test-suite type="TestFixture" id="2058" name="SerializationEventAttributeTests" fullname="Newtonsoft.Json.Tests.Serialization.SerializationEventAttributeTests" classname="Newtonsoft.Json.Tests.Serialization.SerializationEventAttributeTests" runstate="Runnable" testcasecount="12" result="Passed" start-time="2019-11-12 05:39:38Z" end-time="2019-11-12 05:39:38Z" duration="0.092308" total="12" passed="12" failed="0" inconclusive="0" skipped="0" asserts="0">
                <properties />
                <test-case id="2068" name="DerivedDerivedSerializationEvents" fullname="Newtonsoft.Json.Tests.Serialization.SerializationEventAttributeTests.DerivedDerivedSerializationEvents" methodname="DerivedDerivedSerializationEvents" classname="Newtonsoft.Json.Tests.Serialization.SerializationEventAttributeTests" runstate="Runnable" seed="1027603620" result="Passed" start-time="2019-11-12 05:39:38Z" end-time="2019-11-12 05:39:38Z" duration="0.003547" asserts="0">
                  <properties />
                </test-case>
                <test-case id="2069" name="DerivedDerivedSerializationEvents_DataContractSerializer" fullname="Newtonsoft.Json.Tests.Serialization.SerializationEventAttributeTests.DerivedDerivedSerializationEvents_DataContractSerializer" methodname="DerivedDerivedSerializationEvents_DataContractSerializer" classname="Newtonsoft.Json.Tests.Serialization.SerializationEventAttributeTests" runstate="Runnable" seed="1704282692" result="Passed" start-time="2019-11-12 05:39:38Z" end-time="2019-11-12 05:39:38Z" duration="0.016959" asserts="0">
                  <properties />
                </test-case>
                <test-case id="2067" name="DerivedSerializationEvents" fullname="Newtonsoft.Json.Tests.Serialization.SerializationEventAttributeTests.DerivedSerializationEvents" methodname="DerivedSerializationEvents" classname="Newtonsoft.Json.Tests.Serialization.SerializationEventAttributeTests" runstate="Runnable" seed="695017274" result="Passed" start-time="2019-11-12 05:39:38Z" end-time="2019-11-12 05:39:38Z" duration="0.001590" asserts="0">
                  <properties />
                </test-case>
                <test-case id="2062" name="DictionaryEvents" fullname="Newtonsoft.Json.Tests.Serialization.SerializationEventAttributeTests.DictionaryEvents" methodname="DictionaryEvents" classname="Newtonsoft.Json.Tests.Serialization.SerializationEventAttributeTests" runstate="Runnable" seed="606741291" result="Passed" start-time="2019-11-12 05:39:38Z" end-time="2019-11-12 05:39:38Z" duration="0.009328" asserts="0">
                  <properties />
                </test-case>
                <test-case id="2061" name="ListEvents" fullname="Newtonsoft.Json.Tests.Serialization.SerializationEventAttributeTests.ListEvents" methodname="ListEvents" classname="Newtonsoft.Json.Tests.Serialization.SerializationEventAttributeTests" runstate="Runnable" seed="1867851975" result="Passed" start-time="2019-11-12 05:39:38Z" end-time="2019-11-12 05:39:38Z" duration="0.005995" asserts="0">
                  <properties />
                </test-case>
                <test-case id="2070" name="NoStreamingContextParameter" fullname="Newtonsoft.Json.Tests.Serialization.SerializationEventAttributeTests.NoStreamingContextParameter" methodname="NoStreamingContextParameter" classname="Newtonsoft.Json.Tests.Serialization.SerializationEventAttributeTests" runstate="Runnable" seed="1690416587" result="Passed" start-time="2019-11-12 05:39:38Z" end-time="2019-11-12 05:39:38Z" duration="0.003846" asserts="0">
                  <properties />
                </test-case>
                <test-case id="2059" name="ObjectEvents" fullname="Newtonsoft.Json.Tests.Serialization.SerializationEventAttributeTests.ObjectEvents" methodname="ObjectEvents" classname="Newtonsoft.Json.Tests.Serialization.SerializationEventAttributeTests" runstate="Runnable" seed="932438948" result="Passed" start-time="2019-11-12 05:39:38Z" end-time="2019-11-12 05:39:38Z" duration="0.011289" asserts="0">
                  <properties />
                </test-case>
                <test-case id="2063" name="ObjectEventsDocumentationExample" fullname="Newtonsoft.Json.Tests.Serialization.SerializationEventAttributeTests.ObjectEventsDocumentationExample" methodname="ObjectEventsDocumentationExample" classname="Newtonsoft.Json.Tests.Serialization.SerializationEventAttributeTests" runstate="Runnable" seed="634233956" result="Passed" start-time="2019-11-12 05:39:38Z" end-time="2019-11-12 05:39:38Z" duration="0.001351" asserts="0">
                  <properties />
                </test-case>
                <test-case id="2060" name="ObjectWithConstructorEvents" fullname="Newtonsoft.Json.Tests.Serialization.SerializationEventAttributeTests.ObjectWithConstructorEvents" methodname="ObjectWithConstructorEvents" classname="Newtonsoft.Json.Tests.Serialization.SerializationEventAttributeTests" runstate="Runnable" seed="590306197" result="Passed" start-time="2019-11-12 05:39:38Z" end-time="2019-11-12 05:39:38Z" duration="0.005711" asserts="0">
                  <properties />
                </test-case>
                <test-case id="2065" name="SerializationEventContextTest" fullname="Newtonsoft.Json.Tests.Serialization.SerializationEventAttributeTests.SerializationEventContextTest" methodname="SerializationEventContextTest" classname="Newtonsoft.Json.Tests.Serialization.SerializationEventAttributeTests" runstate="Runnable" seed="1574465327" result="Passed" start-time="2019-11-12 05:39:38Z" end-time="2019-11-12 05:39:38Z" duration="0.001977" asserts="0">
                  <properties />
                </test-case>
                <test-case id="2064" name="SerializationEventContextTestObjectSubClassTest" fullname="Newtonsoft.Json.Tests.Serialization.SerializationEventAttributeTests.SerializationEventContextTestObjectSubClassTest" methodname="SerializationEventContextTestObjectSubClassTest" classname="Newtonsoft.Json.Tests.Serialization.SerializationEventAttributeTests" runstate="Runnable" seed="826260369" result="Passed" start-time="2019-11-12 05:39:38Z" end-time="2019-11-12 05:39:38Z" duration="0.002037" asserts="0">
                  <properties />
                </test-case>
                <test-case id="2066" name="WhenSerializationErrorDetectedBySerializer_ThenCallbackIsCalled" fullname="Newtonsoft.Json.Tests.Serialization.SerializationEventAttributeTests.WhenSerializationErrorDetectedBySerializer_ThenCallbackIsCalled" methodname="WhenSerializationErrorDetectedBySerializer_ThenCallbackIsCalled" classname="Newtonsoft.Json.Tests.Serialization.SerializationEventAttributeTests" runstate="Runnable" seed="1108588659" result="Passed" start-time="2019-11-12 05:39:38Z" end-time="2019-11-12 05:39:38Z" duration="0.002555" asserts="0">
                  <properties />
                </test-case>
              </test-suite>
              <test-suite type="TestFixture" id="2071" name="ShouldSerializeTests" fullname="Newtonsoft.Json.Tests.Serialization.ShouldSerializeTests" classname="Newtonsoft.Json.Tests.Serialization.ShouldSerializeTests" runstate="Runnable" testcasecount="9" result="Passed" start-time="2019-11-12 05:39:38Z" end-time="2019-11-12 05:39:38Z" duration="0.076508" total="9" passed="9" failed="0" inconclusive="0" skipped="0" asserts="0">
                <properties />
                <test-case id="2080" name="ShouldDeserialize_False" fullname="Newtonsoft.Json.Tests.Serialization.ShouldSerializeTests.ShouldDeserialize_False" methodname="ShouldDeserialize_False" classname="Newtonsoft.Json.Tests.Serialization.ShouldSerializeTests" runstate="Runnable" seed="252360254" result="Passed" start-time="2019-11-12 05:39:38Z" end-time="2019-11-12 05:39:38Z" duration="0.005949" asserts="0">
                  <properties />
                </test-case>
                <test-case id="2079" name="ShouldDeserialize_True" fullname="Newtonsoft.Json.Tests.Serialization.ShouldSerializeTests.ShouldDeserialize_True" methodname="ShouldDeserialize_True" classname="Newtonsoft.Json.Tests.Serialization.ShouldSerializeTests" runstate="Runnable" seed="1454884469" result="Passed" start-time="2019-11-12 05:39:38Z" end-time="2019-11-12 05:39:38Z" duration="0.003657" asserts="0">
                  <properties />
                </test-case>
                <test-case id="2075" name="ShouldSerializeExample" fullname="Newtonsoft.Json.Tests.Serialization.ShouldSerializeTests.ShouldSerializeExample" methodname="ShouldSerializeExample" classname="Newtonsoft.Json.Tests.Serialization.ShouldSerializeTests" runstate="Runnable" seed="1360512992" result="Passed" start-time="2019-11-12 05:39:38Z" end-time="2019-11-12 05:39:38Z" duration="0.005081" asserts="0">
                  <properties />
                </test-case>
                <test-case id="2078" name="ShouldSerializeInheritedClassTest" fullname="Newtonsoft.Json.Tests.Serialization.ShouldSerializeTests.ShouldSerializeInheritedClassTest" methodname="ShouldSerializeInheritedClassTest" classname="Newtonsoft.Json.Tests.Serialization.ShouldSerializeTests" runstate="Runnable" seed="1383445835" result="Passed" start-time="2019-11-12 05:39:38Z" end-time="2019-11-12 05:39:38Z" duration="0.002513" asserts="0">
                  <properties />
                </test-case>
                <test-case id="2074" name="ShouldSerializeTest" fullname="Newtonsoft.Json.Tests.Serialization.ShouldSerializeTests.ShouldSerializeTest" methodname="ShouldSerializeTest" classname="Newtonsoft.Json.Tests.Serialization.ShouldSerializeTests" runstate="Runnable" seed="1674691610" result="Passed" start-time="2019-11-12 05:39:38Z" end-time="2019-11-12 05:39:38Z" duration="0.003030" asserts="0">
                  <properties />
                </test-case>
                <test-case id="2077" name="SpecifiedExample" fullname="Newtonsoft.Json.Tests.Serialization.ShouldSerializeTests.SpecifiedExample" methodname="SpecifiedExample" classname="Newtonsoft.Json.Tests.Serialization.ShouldSerializeTests" runstate="Runnable" seed="1765662597" result="Passed" start-time="2019-11-12 05:39:38Z" end-time="2019-11-12 05:39:38Z" duration="0.005988" asserts="0">
                  <properties />
                </test-case>
                <test-case id="2076" name="SpecifiedTest" fullname="Newtonsoft.Json.Tests.Serialization.ShouldSerializeTests.SpecifiedTest" methodname="SpecifiedTest" classname="Newtonsoft.Json.Tests.Serialization.ShouldSerializeTests" runstate="Runnable" seed="772122108" result="Passed" start-time="2019-11-12 05:39:38Z" end-time="2019-11-12 05:39:38Z" duration="0.006834" asserts="0">
                  <properties />
                </test-case>
                <test-case id="2073" name="VirtualShouldSerialize" fullname="Newtonsoft.Json.Tests.Serialization.ShouldSerializeTests.VirtualShouldSerialize" methodname="VirtualShouldSerialize" classname="Newtonsoft.Json.Tests.Serialization.ShouldSerializeTests" runstate="Runnable" seed="474572437" result="Passed" start-time="2019-11-12 05:39:38Z" end-time="2019-11-12 05:39:38Z" duration="0.021979" asserts="0">
                  <properties />
                </test-case>
                <test-case id="2072" name="VirtualShouldSerializeSimple" fullname="Newtonsoft.Json.Tests.Serialization.ShouldSerializeTests.VirtualShouldSerializeSimple" methodname="VirtualShouldSerializeSimple" classname="Newtonsoft.Json.Tests.Serialization.ShouldSerializeTests" runstate="Runnable" seed="327516673" result="Passed" start-time="2019-11-12 05:39:38Z" end-time="2019-11-12 05:39:38Z" duration="0.001848" asserts="0">
                  <properties />
                </test-case>
              </test-suite>
              <test-suite type="TestFixture" id="2081" name="SnakeCaseNamingStrategyTests" fullname="Newtonsoft.Json.Tests.Serialization.SnakeCaseNamingStrategyTests" classname="Newtonsoft.Json.Tests.Serialization.SnakeCaseNamingStrategyTests" runstate="Runnable" testcasecount="9" result="Passed" start-time="2019-11-12 05:39:38Z" end-time="2019-11-12 05:39:38Z" duration="0.082600" total="9" passed="9" failed="0" inconclusive="0" skipped="0" asserts="0">
                <properties />
                <test-case id="2084" name="BlogPostExample" fullname="Newtonsoft.Json.Tests.Serialization.SnakeCaseNamingStrategyTests.BlogPostExample" methodname="BlogPostExample" classname="Newtonsoft.Json.Tests.Serialization.SnakeCaseNamingStrategyTests" runstate="Runnable" seed="817648208" result="Passed" start-time="2019-11-12 05:39:38Z" end-time="2019-11-12 05:39:38Z" duration="0.009432" asserts="0">
                  <properties />
                </test-case>
                <test-case id="2086" name="DictionarySnakeCasePropertyNames_Disabled" fullname="Newtonsoft.Json.Tests.Serialization.SnakeCaseNamingStrategyTests.DictionarySnakeCasePropertyNames_Disabled" methodname="DictionarySnakeCasePropertyNames_Disabled" classname="Newtonsoft.Json.Tests.Serialization.SnakeCaseNamingStrategyTests" runstate="Runnable" seed="1272114888" result="Passed" start-time="2019-11-12 05:39:38Z" end-time="2019-11-12 05:39:38Z" duration="0.005002" asserts="0">
                  <properties />
                </test-case>
                <test-case id="2087" name="DictionarySnakeCasePropertyNames_Enabled" fullname="Newtonsoft.Json.Tests.Serialization.SnakeCaseNamingStrategyTests.DictionarySnakeCasePropertyNames_Enabled" methodname="DictionarySnakeCasePropertyNames_Enabled" classname="Newtonsoft.Json.Tests.Serialization.SnakeCaseNamingStrategyTests" runstate="Runnable" seed="2009628847" result="Passed" start-time="2019-11-12 05:39:38Z" end-time="2019-11-12 05:39:38Z" duration="0.004515" asserts="0">
                  <properties />
                </test-case>
                <test-case id="2085" name="DynamicSnakeCasePropertyNames" fullname="Newtonsoft.Json.Tests.Serialization.SnakeCaseNamingStrategyTests.DynamicSnakeCasePropertyNames" methodname="DynamicSnakeCasePropertyNames" classname="Newtonsoft.Json.Tests.Serialization.SnakeCaseNamingStrategyTests" runstate="Runnable" seed="1908781359" result="Passed" start-time="2019-11-12 05:39:38Z" end-time="2019-11-12 05:39:38Z" duration="0.021859" asserts="0">
                  <properties />
                </test-case>
                <test-case id="2082" name="JsonConvertSerializerSettings" fullname="Newtonsoft.Json.Tests.Serialization.SnakeCaseNamingStrategyTests.JsonConvertSerializerSettings" methodname="JsonConvertSerializerSettings" classname="Newtonsoft.Json.Tests.Serialization.SnakeCaseNamingStrategyTests" runstate="Runnable" seed="579433369" result="Passed" start-time="2019-11-12 05:39:38Z" end-time="2019-11-12 05:39:38Z" duration="0.007862" asserts="0">
                  <properties />
                </test-case>
                <test-case id="2090" name="JsonDictionaryAttribute_NamingStrategyType" fullname="Newtonsoft.Json.Tests.Serialization.SnakeCaseNamingStrategyTests.JsonDictionaryAttribute_NamingStrategyType" methodname="JsonDictionaryAttribute_NamingStrategyType" classname="Newtonsoft.Json.Tests.Serialization.SnakeCaseNamingStrategyTests" runstate="Runnable" seed="1665530747" result="Passed" start-time="2019-11-12 05:39:38Z" end-time="2019-11-12 05:39:38Z" duration="0.003709" asserts="0">
                  <properties />
                </test-case>
                <test-case id="2089" name="JsonObjectAttribute_NamingStrategyType" fullname="Newtonsoft.Json.Tests.Serialization.SnakeCaseNamingStrategyTests.JsonObjectAttribute_NamingStrategyType" methodname="JsonObjectAttribute_NamingStrategyType" classname="Newtonsoft.Json.Tests.Serialization.SnakeCaseNamingStrategyTests" runstate="Runnable" seed="1209765300" result="Passed" start-time="2019-11-12 05:39:38Z" end-time="2019-11-12 05:39:38Z" duration="0.002645" asserts="0">
                  <properties />
                </test-case>
                <test-case id="2088" name="JsonPropertyAttribute_NamingStrategyType" fullname="Newtonsoft.Json.Tests.Serialization.SnakeCaseNamingStrategyTests.JsonPropertyAttribute_NamingStrategyType" methodname="JsonPropertyAttribute_NamingStrategyType" classname="Newtonsoft.Json.Tests.Serialization.SnakeCaseNamingStrategyTests" runstate="Runnable" seed="1229919429" result="Passed" start-time="2019-11-12 05:39:38Z" end-time="2019-11-12 05:39:38Z" duration="0.002480" asserts="0">
                  <properties />
                </test-case>
                <test-case id="2083" name="JTokenWriter_OverrideSpecifiedName" fullname="Newtonsoft.Json.Tests.Serialization.SnakeCaseNamingStrategyTests.JTokenWriter_OverrideSpecifiedName" methodname="JTokenWriter_OverrideSpecifiedName" classname="Newtonsoft.Json.Tests.Serialization.SnakeCaseNamingStrategyTests" runstate="Runnable" seed="872301854" result="Passed" start-time="2019-11-12 05:39:38Z" end-time="2019-11-12 05:39:38Z" duration="0.003070" asserts="0">
                  <properties />
                </test-case>
              </test-suite>
              <test-suite type="TestFixture" id="2091" name="TraceWriterTests" fullname="Newtonsoft.Json.Tests.Serialization.TraceWriterTests" classname="Newtonsoft.Json.Tests.Serialization.TraceWriterTests" runstate="Runnable" testcasecount="31" result="Failed" site="Child" start-time="2019-11-12 05:39:38Z" end-time="2019-11-12 05:39:39Z" duration="0.207350" total="31" passed="29" failed="2" inconclusive="0" skipped="0" asserts="0">
                <properties />
                <failure>
                  <message><![CDATA[One or more child tests had errors]]></message>
                </failure>
                <test-case id="2105" name="Deserialize" fullname="Newtonsoft.Json.Tests.Serialization.TraceWriterTests.Deserialize" methodname="Deserialize" classname="Newtonsoft.Json.Tests.Serialization.TraceWriterTests" runstate="Runnable" seed="59477423" result="Passed" start-time="2019-11-12 05:39:38Z" end-time="2019-11-12 05:39:39Z" duration="0.005858" asserts="0">
                  <properties />
                </test-case>
                <test-case id="2113" name="DeserializeConverter" fullname="Newtonsoft.Json.Tests.Serialization.TraceWriterTests.DeserializeConverter" methodname="DeserializeConverter" classname="Newtonsoft.Json.Tests.Serialization.TraceWriterTests" runstate="Runnable" seed="119274423" result="Passed" start-time="2019-11-12 05:39:39Z" end-time="2019-11-12 05:39:39Z" duration="0.001055" asserts="0">
                  <properties />
                </test-case>
                <test-case id="2110" name="DeserializeDictionarysWithPreserveObjectReferences" fullname="Newtonsoft.Json.Tests.Serialization.TraceWriterTests.DeserializeDictionarysWithPreserveObjectReferences" methodname="DeserializeDictionarysWithPreserveObjectReferences" classname="Newtonsoft.Json.Tests.Serialization.TraceWriterTests" runstate="Runnable" seed="1808450901" result="Passed" start-time="2019-11-12 05:39:39Z" end-time="2019-11-12 05:39:39Z" duration="0.001546" asserts="0">
                  <properties />
                </test-case>
                <test-case id="2092" name="DeserializedJsonWithAlreadyReadReader" fullname="Newtonsoft.Json.Tests.Serialization.TraceWriterTests.DeserializedJsonWithAlreadyReadReader" methodname="DeserializedJsonWithAlreadyReadReader" classname="Newtonsoft.Json.Tests.Serialization.TraceWriterTests" runstate="Runnable" seed="1095616285" result="Passed" start-time="2019-11-12 05:39:39Z" end-time="2019-11-12 05:39:39Z" duration="0.003350" asserts="0">
                  <properties />
                </test-case>
                <test-case id="2115" name="DeserializeMissingMember" fullname="Newtonsoft.Json.Tests.Serialization.TraceWriterTests.DeserializeMissingMember" methodname="DeserializeMissingMember" classname="Newtonsoft.Json.Tests.Serialization.TraceWriterTests" runstate="Runnable" seed="1031780738" result="Passed" start-time="2019-11-12 05:39:39Z" end-time="2019-11-12 05:39:39Z" duration="0.001241" asserts="0">
                  <properties />
                </test-case>
                <test-case id="2116" name="DeserializeMissingMemberConstructor" fullname="Newtonsoft.Json.Tests.Serialization.TraceWriterTests.DeserializeMissingMemberConstructor" methodname="DeserializeMissingMemberConstructor" classname="Newtonsoft.Json.Tests.Serialization.TraceWriterTests" runstate="Runnable" seed="1498686417" result="Passed" start-time="2019-11-12 05:39:39Z" end-time="2019-11-12 05:39:39Z" duration="0.001572" asserts="0">
                  <properties />
                </test-case>
                <test-case id="2114" name="DeserializeTypeName" fullname="Newtonsoft.Json.Tests.Serialization.TraceWriterTests.DeserializeTypeName" methodname="DeserializeTypeName" classname="Newtonsoft.Json.Tests.Serialization.TraceWriterTests" runstate="Runnable" seed="1334555865" result="Passed" start-time="2019-11-12 05:39:39Z" end-time="2019-11-12 05:39:39Z" duration="0.001739" asserts="0">
                  <properties />
                </test-case>
                <test-case id="2093" name="DiagnosticsTraceWriterTest" fullname="Newtonsoft.Json.Tests.Serialization.TraceWriterTests.DiagnosticsTraceWriterTest" methodname="DiagnosticsTraceWriterTest" classname="Newtonsoft.Json.Tests.Serialization.TraceWriterTests" runstate="Runnable" seed="1645464160" result="Passed" start-time="2019-11-12 05:39:39Z" end-time="2019-11-12 05:39:39Z" duration="0.010795" asserts="0">
                  <properties />
                </test-case>
                <test-case id="2107" name="ErrorDeserializing" fullname="Newtonsoft.Json.Tests.Serialization.TraceWriterTests.ErrorDeserializing" methodname="ErrorDeserializing" classname="Newtonsoft.Json.Tests.Serialization.TraceWriterTests" runstate="Runnable" seed="905873960" result="Passed" start-time="2019-11-12 05:39:39Z" end-time="2019-11-12 05:39:39Z" duration="0.002756" asserts="0">
                  <properties />
                </test-case>
                <test-case id="2108" name="ErrorDeserializingNested" fullname="Newtonsoft.Json.Tests.Serialization.TraceWriterTests.ErrorDeserializingNested" methodname="ErrorDeserializingNested" classname="Newtonsoft.Json.Tests.Serialization.TraceWriterTests" runstate="Runnable" seed="727095356" result="Passed" start-time="2019-11-12 05:39:39Z" end-time="2019-11-12 05:39:39Z" duration="0.001587" asserts="0">
                  <properties />
                </test-case>
                <test-case id="2102" name="MemoryTraceWriterDeserializeTest" fullname="Newtonsoft.Json.Tests.Serialization.TraceWriterTests.MemoryTraceWriterDeserializeTest" methodname="MemoryTraceWriterDeserializeTest" classname="Newtonsoft.Json.Tests.Serialization.TraceWriterTests" runstate="Runnable" seed="766366653" result="Failed" start-time="2019-11-12 05:39:39Z" end-time="2019-11-12 05:39:39Z" duration="0.003629" asserts="0">
                  <properties />
                  <failure>
                    <message><![CDATA[  Expected: 1058
  But was:  1043
]]></message>
                    <stack-trace><![CDATA[at Newtonsoft.Json.Tests.Serialization.TraceWriterTests.MemoryTraceWriterDeserializeTest () [0x0008f] in /root/repo/Src/Newtonsoft.Json-for-Unity.Tests/Assets/Newtonsoft.Json.Tests/Serialization/TraceWriterTests.cs:373
]]></stack-trace>
                  </failure>
                </test-case>
                <test-case id="2103" name="MemoryTraceWriterLimitTest" fullname="Newtonsoft.Json.Tests.Serialization.TraceWriterTests.MemoryTraceWriterLimitTest" methodname="MemoryTraceWriterLimitTest" classname="Newtonsoft.Json.Tests.Serialization.TraceWriterTests" runstate="Runnable" seed="1945016004" result="Passed" start-time="2019-11-12 05:39:39Z" end-time="2019-11-12 05:39:39Z" duration="0.063700" asserts="0">
                  <properties />
                </test-case>
                <test-case id="2101" name="MemoryTraceWriterSerializeTest" fullname="Newtonsoft.Json.Tests.Serialization.TraceWriterTests.MemoryTraceWriterSerializeTest" methodname="MemoryTraceWriterSerializeTest" classname="Newtonsoft.Json.Tests.Serialization.TraceWriterTests" runstate="Runnable" seed="929263615" result="Failed" start-time="2019-11-12 05:39:39Z" end-time="2019-11-12 05:39:39Z" duration="0.002943" asserts="0">
                  <properties />
                  <failure>
                    <message><![CDATA[  Expected: 916
  But was:  901
]]></message>
                    <stack-trace><![CDATA[at Newtonsoft.Json.Tests.Serialization.TraceWriterTests.MemoryTraceWriterSerializeTest () [0x00080] in /root/repo/Src/Newtonsoft.Json-for-Unity.Tests/Assets/Newtonsoft.Json.Tests/Serialization/TraceWriterTests.cs:304
]]></stack-trace>
                  </failure>
                </test-case>
                <test-case id="2106" name="Populate" fullname="Newtonsoft.Json.Tests.Serialization.TraceWriterTests.Populate" methodname="Populate" classname="Newtonsoft.Json.Tests.Serialization.TraceWriterTests" runstate="Runnable" seed="1152528770" result="Passed" start-time="2019-11-12 05:39:39Z" end-time="2019-11-12 05:39:39Z" duration="0.001998" asserts="0">
                  <properties />
                </test-case>
                <test-case id="2117" name="PublicParameterizedConstructorWithPropertyNameConflictWithAttribute" fullname="Newtonsoft.Json.Tests.Serialization.TraceWriterTests.PublicParameterizedConstructorWithPropertyNameConflictWithAttribute" methodname="PublicParameterizedConstructorWithPropertyNameConflictWithAttribute" classname="Newtonsoft.Json.Tests.Serialization.TraceWriterTests" runstate="Runnable" seed="174551652" result="Passed" start-time="2019-11-12 05:39:39Z" end-time="2019-11-12 05:39:39Z" duration="0.000751" asserts="0">
                  <properties />
                </test-case>
                <test-case id="2104" name="Serialize" fullname="Newtonsoft.Json.Tests.Serialization.TraceWriterTests.Serialize" methodname="Serialize" classname="Newtonsoft.Json.Tests.Serialization.TraceWriterTests" runstate="Runnable" seed="1686569176" result="Passed" start-time="2019-11-12 05:39:39Z" end-time="2019-11-12 05:39:39Z" duration="0.001659" asserts="0">
                  <properties />
                </test-case>
                <test-case id="2112" name="SerializeConverter" fullname="Newtonsoft.Json.Tests.Serialization.TraceWriterTests.SerializeConverter" methodname="SerializeConverter" classname="Newtonsoft.Json.Tests.Serialization.TraceWriterTests" runstate="Runnable" seed="997310491" result="Passed" start-time="2019-11-12 05:39:39Z" end-time="2019-11-12 05:39:39Z" duration="0.001409" asserts="0">
                  <properties />
                </test-case>
                <test-case id="2109" name="SerializeDictionarysWithPreserveObjectReferences" fullname="Newtonsoft.Json.Tests.Serialization.TraceWriterTests.SerializeDictionarysWithPreserveObjectReferences" methodname="SerializeDictionarysWithPreserveObjectReferences" classname="Newtonsoft.Json.Tests.Serialization.TraceWriterTests" runstate="Runnable" seed="896383419" result="Passed" start-time="2019-11-12 05:39:39Z" end-time="2019-11-12 05:39:39Z" duration="0.001817" asserts="0">
                  <properties />
                </test-case>
                <test-case id="2118" name="ShouldSerializeTestClass" fullname="Newtonsoft.Json.Tests.Serialization.TraceWriterTests.ShouldSerializeTestClass" methodname="ShouldSerializeTestClass" classname="Newtonsoft.Json.Tests.Serialization.TraceWriterTests" runstate="Runnable" seed="990433435" result="Passed" start-time="2019-11-12 05:39:39Z" end-time="2019-11-12 05:39:39Z" duration="0.001304" asserts="0">
                  <properties />
                </test-case>
                <test-case id="2119" name="SpecifiedTest" fullname="Newtonsoft.Json.Tests.Serialization.TraceWriterTests.SpecifiedTest" methodname="SpecifiedTest" classname="Newtonsoft.Json.Tests.Serialization.TraceWriterTests" runstate="Runnable" seed="351458330" result="Passed" start-time="2019-11-12 05:39:39Z" end-time="2019-11-12 05:39:39Z" duration="0.002683" asserts="0">
                  <properties />
                </test-case>
                <test-case id="2122" name="TraceJsonReaderTest" fullname="Newtonsoft.Json.Tests.Serialization.TraceWriterTests.TraceJsonReaderTest" methodname="TraceJsonReaderTest" classname="Newtonsoft.Json.Tests.Serialization.TraceWriterTests" runstate="Runnable" seed="1156567734" result="Passed" start-time="2019-11-12 05:39:39Z" end-time="2019-11-12 05:39:39Z" duration="0.004146" asserts="0">
                  <properties />
                </test-case>
                <test-case id="2121" name="TraceJsonWriterTest" fullname="Newtonsoft.Json.Tests.Serialization.TraceWriterTests.TraceJsonWriterTest" methodname="TraceJsonWriterTest" classname="Newtonsoft.Json.Tests.Serialization.TraceWriterTests" runstate="Runnable" seed="1864512715" result="Passed" start-time="2019-11-12 05:39:39Z" end-time="2019-11-12 05:39:39Z" duration="0.007513" asserts="0">
                  <properties />
                </test-case>
                <test-case id="2120" name="TraceJsonWriterTest_WriteObjectInObject" fullname="Newtonsoft.Json.Tests.Serialization.TraceWriterTests.TraceJsonWriterTest_WriteObjectInObject" methodname="TraceJsonWriterTest_WriteObjectInObject" classname="Newtonsoft.Json.Tests.Serialization.TraceWriterTests" runstate="Runnable" seed="798374011" result="Passed" start-time="2019-11-12 05:39:39Z" end-time="2019-11-12 05:39:39Z" duration="0.000799" asserts="0">
                  <properties />
                </test-case>
                <test-case id="2099" name="WriteJRaw" fullname="Newtonsoft.Json.Tests.Serialization.TraceWriterTests.WriteJRaw" methodname="WriteJRaw" classname="Newtonsoft.Json.Tests.Serialization.TraceWriterTests" runstate="Runnable" seed="943404699" result="Passed" start-time="2019-11-12 05:39:39Z" end-time="2019-11-12 05:39:39Z" duration="0.000739" asserts="0">
                  <properties />
                </test-case>
                <test-case id="2100" name="WriteJRawInArray" fullname="Newtonsoft.Json.Tests.Serialization.TraceWriterTests.WriteJRawInArray" methodname="WriteJRawInArray" classname="Newtonsoft.Json.Tests.Serialization.TraceWriterTests" runstate="Runnable" seed="1141055422" result="Passed" start-time="2019-11-12 05:39:39Z" end-time="2019-11-12 05:39:39Z" duration="0.004111" asserts="0">
                  <properties />
                </test-case>
                <test-case id="2094" name="WriteNullableByte" fullname="Newtonsoft.Json.Tests.Serialization.TraceWriterTests.WriteNullableByte" methodname="WriteNullableByte" classname="Newtonsoft.Json.Tests.Serialization.TraceWriterTests" runstate="Runnable" seed="1719216954" result="Passed" start-time="2019-11-12 05:39:39Z" end-time="2019-11-12 05:39:39Z" duration="0.000889" asserts="0">
                  <properties />
                </test-case>
                <test-case id="2098" name="WriteNullByteArray" fullname="Newtonsoft.Json.Tests.Serialization.TraceWriterTests.WriteNullByteArray" methodname="WriteNullByteArray" classname="Newtonsoft.Json.Tests.Serialization.TraceWriterTests" runstate="Runnable" seed="177236977" result="Passed" start-time="2019-11-12 05:39:39Z" end-time="2019-11-12 05:39:39Z" duration="0.000916" asserts="0">
                  <properties />
                </test-case>
                <test-case id="2095" name="WriteNullObject" fullname="Newtonsoft.Json.Tests.Serialization.TraceWriterTests.WriteNullObject" methodname="WriteNullObject" classname="Newtonsoft.Json.Tests.Serialization.TraceWriterTests" runstate="Runnable" seed="1603360056" result="Passed" start-time="2019-11-12 05:39:39Z" end-time="2019-11-12 05:39:39Z" duration="0.000919" asserts="0">
                  <properties />
                </test-case>
                <test-case id="2096" name="WriteNullString" fullname="Newtonsoft.Json.Tests.Serialization.TraceWriterTests.WriteNullString" methodname="WriteNullString" classname="Newtonsoft.Json.Tests.Serialization.TraceWriterTests" runstate="Runnable" seed="1418539432" result="Passed" start-time="2019-11-12 05:39:39Z" end-time="2019-11-12 05:39:39Z" duration="0.000525" asserts="0">
                  <properties />
                </test-case>
                <test-case id="2097" name="WriteNullUri" fullname="Newtonsoft.Json.Tests.Serialization.TraceWriterTests.WriteNullUri" methodname="WriteNullUri" classname="Newtonsoft.Json.Tests.Serialization.TraceWriterTests" runstate="Runnable" seed="244279105" result="Passed" start-time="2019-11-12 05:39:39Z" end-time="2019-11-12 05:39:39Z" duration="0.000852" asserts="0">
                  <properties />
                </test-case>
                <test-case id="2111" name="WriteTypeNameForObjects" fullname="Newtonsoft.Json.Tests.Serialization.TraceWriterTests.WriteTypeNameForObjects" methodname="WriteTypeNameForObjects" classname="Newtonsoft.Json.Tests.Serialization.TraceWriterTests" runstate="Runnable" seed="38300882" result="Passed" start-time="2019-11-12 05:39:39Z" end-time="2019-11-12 05:39:39Z" duration="0.001624" asserts="0">
                  <properties />
                </test-case>
              </test-suite>
              <test-suite type="TestFixture" id="2123" name="TypeNameHandlingTests" fullname="Newtonsoft.Json.Tests.Serialization.TypeNameHandlingTests" classname="Newtonsoft.Json.Tests.Serialization.TypeNameHandlingTests" runstate="Runnable" testcasecount="57" result="Passed" start-time="2019-11-12 05:39:39Z" end-time="2019-11-12 05:39:39Z" duration="0.425296" total="57" passed="57" failed="0" inconclusive="0" skipped="0" asserts="0">
                <properties />
                <test-case id="2155" name="ByteArrays" fullname="Newtonsoft.Json.Tests.Serialization.TypeNameHandlingTests.ByteArrays" methodname="ByteArrays" classname="Newtonsoft.Json.Tests.Serialization.TypeNameHandlingTests" runstate="Runnable" seed="1678706140" result="Passed" start-time="2019-11-12 05:39:39Z" end-time="2019-11-12 05:39:39Z" duration="0.005121" asserts="0">
                  <properties />
                </test-case>
                <test-case id="2151" name="CollectionWithAbstractItems" fullname="Newtonsoft.Json.Tests.Serialization.TypeNameHandlingTests.CollectionWithAbstractItems" methodname="CollectionWithAbstractItems" classname="Newtonsoft.Json.Tests.Serialization.TypeNameHandlingTests" runstate="Runnable" seed="179533548" result="Passed" start-time="2019-11-12 05:39:39Z" end-time="2019-11-12 05:39:39Z" duration="0.016268" asserts="0">
                  <properties />
                </test-case>
                <test-case id="2124" name="DeserializeByteArrayWithTypeName" fullname="Newtonsoft.Json.Tests.Serialization.TypeNameHandlingTests.DeserializeByteArrayWithTypeName" methodname="DeserializeByteArrayWithTypeName" classname="Newtonsoft.Json.Tests.Serialization.TypeNameHandlingTests" runstate="Runnable" seed="621762478" result="Passed" start-time="2019-11-12 05:39:39Z" end-time="2019-11-12 05:39:39Z" duration="0.002132" asserts="0">
                  <properties />
                </test-case>
                <test-case id="2125" name="DeserializeByteArrayWithTypeName_BadAdditionalContent" fullname="Newtonsoft.Json.Tests.Serialization.TypeNameHandlingTests.DeserializeByteArrayWithTypeName_BadAdditionalContent" methodname="DeserializeByteArrayWithTypeName_BadAdditionalContent" classname="Newtonsoft.Json.Tests.Serialization.TypeNameHandlingTests" runstate="Runnable" seed="445366246" result="Passed" start-time="2019-11-12 05:39:39Z" end-time="2019-11-12 05:39:39Z" duration="0.000923" asserts="0">
                  <properties />
                </test-case>
                <test-case id="2126" name="DeserializeByteArrayWithTypeName_ExtraProperty" fullname="Newtonsoft.Json.Tests.Serialization.TypeNameHandlingTests.DeserializeByteArrayWithTypeName_ExtraProperty" methodname="DeserializeByteArrayWithTypeName_ExtraProperty" classname="Newtonsoft.Json.Tests.Serialization.TypeNameHandlingTests" runstate="Runnable" seed="1130913641" result="Passed" start-time="2019-11-12 05:39:39Z" end-time="2019-11-12 05:39:39Z" duration="0.000721" asserts="0">
                  <properties />
                </test-case>
                <test-case id="2175" name="DeserializeComplexGenericDictionary_Full" fullname="Newtonsoft.Json.Tests.Serialization.TypeNameHandlingTests.DeserializeComplexGenericDictionary_Full" methodname="DeserializeComplexGenericDictionary_Full" classname="Newtonsoft.Json.Tests.Serialization.TypeNameHandlingTests" runstate="Runnable" seed="316577331" result="Passed" start-time="2019-11-12 05:39:39Z" end-time="2019-11-12 05:39:39Z" duration="0.006349" asserts="0">
                  <properties />
                </test-case>
                <test-case id="2174" name="DeserializeComplexGenericDictionary_Simple" fullname="Newtonsoft.Json.Tests.Serialization.TypeNameHandlingTests.DeserializeComplexGenericDictionary_Simple" methodname="DeserializeComplexGenericDictionary_Simple" classname="Newtonsoft.Json.Tests.Serialization.TypeNameHandlingTests" runstate="Runnable" seed="676462499" result="Passed" start-time="2019-11-12 05:39:39Z" end-time="2019-11-12 05:39:39Z" duration="0.000967" asserts="0">
                  <properties />
                </test-case>
                <test-case id="2140" name="DeserializeGenericObjectListWithTypeName" fullname="Newtonsoft.Json.Tests.Serialization.TypeNameHandlingTests.DeserializeGenericObjectListWithTypeName" methodname="DeserializeGenericObjectListWithTypeName" classname="Newtonsoft.Json.Tests.Serialization.TypeNameHandlingTests" runstate="Runnable" seed="226601573" result="Passed" start-time="2019-11-12 05:39:39Z" end-time="2019-11-12 05:39:39Z" duration="0.001260" asserts="0">
                  <properties />
                </test-case>
                <test-case id="2144" name="DeserializeGenericTypeName" fullname="Newtonsoft.Json.Tests.Serialization.TypeNameHandlingTests.DeserializeGenericTypeName" methodname="DeserializeGenericTypeName" classname="Newtonsoft.Json.Tests.Serialization.TypeNameHandlingTests" runstate="Runnable" seed="370525554" result="Passed" start-time="2019-11-12 05:39:39Z" end-time="2019-11-12 05:39:39Z" duration="0.005900" asserts="0">
                  <properties />
                </test-case>
                <test-case id="2177" name="DeserializeNullableStructProperty_Auto" fullname="Newtonsoft.Json.Tests.Serialization.TypeNameHandlingTests.DeserializeNullableStructProperty_Auto" methodname="DeserializeNullableStructProperty_Auto" classname="Newtonsoft.Json.Tests.Serialization.TypeNameHandlingTests" runstate="Runnable" seed="315956062" result="Passed" start-time="2019-11-12 05:39:39Z" end-time="2019-11-12 05:39:39Z" duration="0.003629" asserts="0">
                  <properties />
                </test-case>
                <test-case id="2137" name="DeserializeTypeName" fullname="Newtonsoft.Json.Tests.Serialization.TypeNameHandlingTests.DeserializeTypeName" methodname="DeserializeTypeName" classname="Newtonsoft.Json.Tests.Serialization.TypeNameHandlingTests" runstate="Runnable" seed="1534685549" result="Passed" start-time="2019-11-12 05:39:39Z" end-time="2019-11-12 05:39:39Z" duration="0.000821" asserts="0">
                  <properties />
                </test-case>
                <test-case id="2138" name="DeserializeTypeNameFromGacAssembly" fullname="Newtonsoft.Json.Tests.Serialization.TypeNameHandlingTests.DeserializeTypeNameFromGacAssembly" methodname="DeserializeTypeNameFromGacAssembly" classname="Newtonsoft.Json.Tests.Serialization.TypeNameHandlingTests" runstate="Runnable" seed="1503573775" result="Passed" start-time="2019-11-12 05:39:39Z" end-time="2019-11-12 05:39:39Z" duration="0.007223" asserts="0">
                  <properties />
                </test-case>
                <test-case id="2143" name="DeserializeTypeNameOnly" fullname="Newtonsoft.Json.Tests.Serialization.TypeNameHandlingTests.DeserializeTypeNameOnly" methodname="DeserializeTypeNameOnly" classname="Newtonsoft.Json.Tests.Serialization.TypeNameHandlingTests" runstate="Runnable" seed="57182486" result="Passed" start-time="2019-11-12 05:39:39Z" end-time="2019-11-12 05:39:39Z" duration="0.000783" asserts="0">
                  <properties />
                </test-case>
                <test-case id="2142" name="DeserializeTypeNameWithNoTypeNameHandling" fullname="Newtonsoft.Json.Tests.Serialization.TypeNameHandlingTests.DeserializeTypeNameWithNoTypeNameHandling" methodname="DeserializeTypeNameWithNoTypeNameHandling" classname="Newtonsoft.Json.Tests.Serialization.TypeNameHandlingTests" runstate="Runnable" seed="468312552" result="Passed" start-time="2019-11-12 05:39:39Z" end-time="2019-11-12 05:39:39Z" duration="0.000760" asserts="0">
                  <properties />
                </test-case>
                <test-case id="2148" name="DeserializeUsingCustomBinder" fullname="Newtonsoft.Json.Tests.Serialization.TypeNameHandlingTests.DeserializeUsingCustomBinder" methodname="DeserializeUsingCustomBinder" classname="Newtonsoft.Json.Tests.Serialization.TypeNameHandlingTests" runstate="Runnable" seed="916150356" result="Passed" start-time="2019-11-12 05:39:39Z" end-time="2019-11-12 05:39:39Z" duration="0.000949" asserts="0">
                  <properties />
                </test-case>
                <test-case id="2141" name="DeserializeWithBadTypeName" fullname="Newtonsoft.Json.Tests.Serialization.TypeNameHandlingTests.DeserializeWithBadTypeName" methodname="DeserializeWithBadTypeName" classname="Newtonsoft.Json.Tests.Serialization.TypeNameHandlingTests" runstate="Runnable" seed="1396993531" result="Passed" start-time="2019-11-12 05:39:39Z" end-time="2019-11-12 05:39:39Z" duration="0.000804" asserts="0">
                  <properties />
                </test-case>
                <test-case id="2128" name="DictionaryAuto" fullname="Newtonsoft.Json.Tests.Serialization.TypeNameHandlingTests.DictionaryAuto" methodname="DictionaryAuto" classname="Newtonsoft.Json.Tests.Serialization.TypeNameHandlingTests" runstate="Runnable" seed="957292548" result="Passed" start-time="2019-11-12 05:39:39Z" end-time="2019-11-12 05:39:39Z" duration="0.000728" asserts="0">
                  <properties />
                </test-case>
                <test-case id="2172" name="ExistingBaseValue" fullname="Newtonsoft.Json.Tests.Serialization.TypeNameHandlingTests.ExistingBaseValue" methodname="ExistingBaseValue" classname="Newtonsoft.Json.Tests.Serialization.TypeNameHandlingTests" runstate="Runnable" seed="41981617" result="Passed" start-time="2019-11-12 05:39:39Z" end-time="2019-11-12 05:39:39Z" duration="0.005036" asserts="0">
                  <properties />
                </test-case>
                <test-case id="2153" name="GenericDictionaryObject" fullname="Newtonsoft.Json.Tests.Serialization.TypeNameHandlingTests.GenericDictionaryObject" methodname="GenericDictionaryObject" classname="Newtonsoft.Json.Tests.Serialization.TypeNameHandlingTests" runstate="Runnable" seed="1352723612" result="Passed" start-time="2019-11-12 05:39:39Z" end-time="2019-11-12 05:39:39Z" duration="0.007800" asserts="0">
                  <properties />
                </test-case>
                <test-case id="2173" name="GenericItemTypeCollection" fullname="Newtonsoft.Json.Tests.Serialization.TypeNameHandlingTests.GenericItemTypeCollection" methodname="GenericItemTypeCollection" classname="Newtonsoft.Json.Tests.Serialization.TypeNameHandlingTests" runstate="Runnable" seed="1223937801" result="Passed" start-time="2019-11-12 05:39:39Z" end-time="2019-11-12 05:39:39Z" duration="0.018895" asserts="0">
                  <properties />
                </test-case>
                <test-case id="2156" name="ISerializableTypeNameHandlingTest" fullname="Newtonsoft.Json.Tests.Serialization.TypeNameHandlingTests.ISerializableTypeNameHandlingTest" methodname="ISerializableTypeNameHandlingTest" classname="Newtonsoft.Json.Tests.Serialization.TypeNameHandlingTests" runstate="Runnable" seed="287572995" result="Passed" start-time="2019-11-12 05:39:39Z" end-time="2019-11-12 05:39:39Z" duration="0.006113" asserts="0">
                  <properties />
                </test-case>
                <test-case id="2129" name="KeyValuePairAuto" fullname="Newtonsoft.Json.Tests.Serialization.TypeNameHandlingTests.KeyValuePairAuto" methodname="KeyValuePairAuto" classname="Newtonsoft.Json.Tests.Serialization.TypeNameHandlingTests" runstate="Runnable" seed="1046011148" result="Passed" start-time="2019-11-12 05:39:39Z" end-time="2019-11-12 05:39:39Z" duration="0.010036" asserts="0">
                  <properties />
                </test-case>
                <test-case id="2171" name="ListOfStackWithFullAssemblyName" fullname="Newtonsoft.Json.Tests.Serialization.TypeNameHandlingTests.ListOfStackWithFullAssemblyName" methodname="ListOfStackWithFullAssemblyName" classname="Newtonsoft.Json.Tests.Serialization.TypeNameHandlingTests" runstate="Runnable" seed="930947519" result="Passed" start-time="2019-11-12 05:39:39Z" end-time="2019-11-12 05:39:39Z" duration="0.010655" asserts="0">
                  <properties />
                </test-case>
                <test-case id="2130" name="NestedValueObjects" fullname="Newtonsoft.Json.Tests.Serialization.TypeNameHandlingTests.NestedValueObjects" methodname="NestedValueObjects" classname="Newtonsoft.Json.Tests.Serialization.TypeNameHandlingTests" runstate="Runnable" seed="607462993" result="Passed" start-time="2019-11-12 05:39:39Z" end-time="2019-11-12 05:39:39Z" duration="0.001925" asserts="0">
                  <properties />
                </test-case>
                <test-case id="2150" name="NewSerializeUsingCustomBinder" fullname="Newtonsoft.Json.Tests.Serialization.TypeNameHandlingTests.NewSerializeUsingCustomBinder" methodname="NewSerializeUsingCustomBinder" classname="Newtonsoft.Json.Tests.Serialization.TypeNameHandlingTests" runstate="Runnable" seed="691897629" result="Passed" start-time="2019-11-12 05:39:39Z" end-time="2019-11-12 05:39:39Z" duration="0.010617" asserts="0">
                  <properties />
                </test-case>
                <test-case id="2179" name="ObsoleteBinderThrowsIfISerializationBinderSet" fullname="Newtonsoft.Json.Tests.Serialization.TypeNameHandlingTests.ObsoleteBinderThrowsIfISerializationBinderSet" methodname="ObsoleteBinderThrowsIfISerializationBinderSet" classname="Newtonsoft.Json.Tests.Serialization.TypeNameHandlingTests" runstate="Runnable" seed="1061439850" result="Passed" start-time="2019-11-12 05:39:39Z" end-time="2019-11-12 05:39:39Z" duration="0.001327" asserts="0">
                  <properties />
                </test-case>
                <test-case id="2170" name="ParentTypeNameHandlingWithISerializableValues" fullname="Newtonsoft.Json.Tests.Serialization.TypeNameHandlingTests.ParentTypeNameHandlingWithISerializableValues" methodname="ParentTypeNameHandlingWithISerializableValues" classname="Newtonsoft.Json.Tests.Serialization.TypeNameHandlingTests" runstate="Runnable" seed="557127418" result="Passed" start-time="2019-11-12 05:39:39Z" end-time="2019-11-12 05:39:39Z" duration="0.012591" asserts="0">
                  <properties />
                </test-case>
                <test-case id="2162" name="PropertyItemTypeNameHandling" fullname="Newtonsoft.Json.Tests.Serialization.TypeNameHandlingTests.PropertyItemTypeNameHandling" methodname="PropertyItemTypeNameHandling" classname="Newtonsoft.Json.Tests.Serialization.TypeNameHandlingTests" runstate="Runnable" seed="1348780408" result="Passed" start-time="2019-11-12 05:39:39Z" end-time="2019-11-12 05:39:39Z" duration="0.005291" asserts="0">
                  <properties />
                </test-case>
                <test-case id="2166" name="PropertyItemTypeNameHandlingDynamic" fullname="Newtonsoft.Json.Tests.Serialization.TypeNameHandlingTests.PropertyItemTypeNameHandlingDynamic" methodname="PropertyItemTypeNameHandlingDynamic" classname="Newtonsoft.Json.Tests.Serialization.TypeNameHandlingTests" runstate="Runnable" seed="1823074680" result="Passed" start-time="2019-11-12 05:39:39Z" end-time="2019-11-12 05:39:39Z" duration="0.044223" asserts="0">
                  <properties />
                </test-case>
                <test-case id="2163" name="PropertyItemTypeNameHandlingNestedCollections" fullname="Newtonsoft.Json.Tests.Serialization.TypeNameHandlingTests.PropertyItemTypeNameHandlingNestedCollections" methodname="PropertyItemTypeNameHandlingNestedCollections" classname="Newtonsoft.Json.Tests.Serialization.TypeNameHandlingTests" runstate="Runnable" seed="1332761372" result="Passed" start-time="2019-11-12 05:39:39Z" end-time="2019-11-12 05:39:39Z" duration="0.001867" asserts="0">
                  <properties />
                </test-case>
                <test-case id="2164" name="PropertyItemTypeNameHandlingNestedDictionaries" fullname="Newtonsoft.Json.Tests.Serialization.TypeNameHandlingTests.PropertyItemTypeNameHandlingNestedDictionaries" methodname="PropertyItemTypeNameHandlingNestedDictionaries" classname="Newtonsoft.Json.Tests.Serialization.TypeNameHandlingTests" runstate="Runnable" seed="1914203376" result="Passed" start-time="2019-11-12 05:39:39Z" end-time="2019-11-12 05:39:39Z" duration="0.002727" asserts="0">
                  <properties />
                </test-case>
                <test-case id="2165" name="PropertyItemTypeNameHandlingObject" fullname="Newtonsoft.Json.Tests.Serialization.TypeNameHandlingTests.PropertyItemTypeNameHandlingObject" methodname="PropertyItemTypeNameHandlingObject" classname="Newtonsoft.Json.Tests.Serialization.TypeNameHandlingTests" runstate="Runnable" seed="199432038" result="Passed" start-time="2019-11-12 05:39:39Z" end-time="2019-11-12 05:39:39Z" duration="0.004882" asserts="0">
                  <properties />
                </test-case>
                <test-case id="2157" name="SerializationBinderWithFullName" fullname="Newtonsoft.Json.Tests.Serialization.TypeNameHandlingTests.SerializationBinderWithFullName" methodname="SerializationBinderWithFullName" classname="Newtonsoft.Json.Tests.Serialization.TypeNameHandlingTests" runstate="Runnable" seed="765536370" result="Passed" start-time="2019-11-12 05:39:39Z" end-time="2019-11-12 05:39:39Z" duration="0.012785" asserts="0">
                  <properties />
                </test-case>
                <test-case id="2167" name="SerializeDeserialize_DictionaryContextContainsGuid_DeserializesItemAsGuid" fullname="Newtonsoft.Json.Tests.Serialization.TypeNameHandlingTests.SerializeDeserialize_DictionaryContextContainsGuid_DeserializesItemAsGuid" methodname="SerializeDeserialize_DictionaryContextContainsGuid_DeserializesItemAsGuid" classname="Newtonsoft.Json.Tests.Serialization.TypeNameHandlingTests" runstate="Runnable" seed="602371033" result="Passed" start-time="2019-11-12 05:39:39Z" end-time="2019-11-12 05:39:39Z" duration="0.001202" asserts="0">
                  <properties />
                </test-case>
                <test-case id="2139" name="SerializeGenericObjectListWithTypeName" fullname="Newtonsoft.Json.Tests.Serialization.TypeNameHandlingTests.SerializeGenericObjectListWithTypeName" methodname="SerializeGenericObjectListWithTypeName" classname="Newtonsoft.Json.Tests.Serialization.TypeNameHandlingTests" runstate="Runnable" seed="844034709" result="Passed" start-time="2019-11-12 05:39:39Z" end-time="2019-11-12 05:39:39Z" duration="0.001161" asserts="0">
                  <properties />
                </test-case>
                <test-case id="2176" name="SerializeNullableStructProperty_Auto" fullname="Newtonsoft.Json.Tests.Serialization.TypeNameHandlingTests.SerializeNullableStructProperty_Auto" methodname="SerializeNullableStructProperty_Auto" classname="Newtonsoft.Json.Tests.Serialization.TypeNameHandlingTests" runstate="Runnable" seed="235436268" result="Passed" start-time="2019-11-12 05:39:39Z" end-time="2019-11-12 05:39:39Z" duration="0.001969" asserts="0">
                  <properties />
                </test-case>
                <test-case id="2145" name="SerializeObjectWithMultipleGenericLists" fullname="Newtonsoft.Json.Tests.Serialization.TypeNameHandlingTests.SerializeObjectWithMultipleGenericLists" methodname="SerializeObjectWithMultipleGenericLists" classname="Newtonsoft.Json.Tests.Serialization.TypeNameHandlingTests" runstate="Runnable" seed="1161780025" result="Passed" start-time="2019-11-12 05:39:39Z" end-time="2019-11-12 05:39:39Z" duration="0.003088" asserts="0">
                  <properties />
                </test-case>
                <test-case id="2132" name="SerializeRootTypeNameAutoWithJsonConvert" fullname="Newtonsoft.Json.Tests.Serialization.TypeNameHandlingTests.SerializeRootTypeNameAutoWithJsonConvert" methodname="SerializeRootTypeNameAutoWithJsonConvert" classname="Newtonsoft.Json.Tests.Serialization.TypeNameHandlingTests" runstate="Runnable" seed="880495958" result="Passed" start-time="2019-11-12 05:39:39Z" end-time="2019-11-12 05:39:39Z" duration="0.000755" asserts="0">
                  <properties />
                </test-case>
                <test-case id="2133" name="SerializeRootTypeNameAutoWithJsonConvert_Generic" fullname="Newtonsoft.Json.Tests.Serialization.TypeNameHandlingTests.SerializeRootTypeNameAutoWithJsonConvert_Generic" methodname="SerializeRootTypeNameAutoWithJsonConvert_Generic" classname="Newtonsoft.Json.Tests.Serialization.TypeNameHandlingTests" runstate="Runnable" seed="1029638696" result="Passed" start-time="2019-11-12 05:39:39Z" end-time="2019-11-12 05:39:39Z" duration="0.001044" asserts="0">
                  <properties />
                </test-case>
                <test-case id="2134" name="SerializeRootTypeNameAutoWithJsonConvert_Generic2" fullname="Newtonsoft.Json.Tests.Serialization.TypeNameHandlingTests.SerializeRootTypeNameAutoWithJsonConvert_Generic2" methodname="SerializeRootTypeNameAutoWithJsonConvert_Generic2" classname="Newtonsoft.Json.Tests.Serialization.TypeNameHandlingTests" runstate="Runnable" seed="1434808550" result="Passed" start-time="2019-11-12 05:39:39Z" end-time="2019-11-12 05:39:39Z" duration="0.000868" asserts="0">
                  <properties />
                </test-case>
                <test-case id="2131" name="SerializeRootTypeNameIfDerivedWithAuto" fullname="Newtonsoft.Json.Tests.Serialization.TypeNameHandlingTests.SerializeRootTypeNameIfDerivedWithAuto" methodname="SerializeRootTypeNameIfDerivedWithAuto" classname="Newtonsoft.Json.Tests.Serialization.TypeNameHandlingTests" runstate="Runnable" seed="57964060" result="Passed" start-time="2019-11-12 05:39:39Z" end-time="2019-11-12 05:39:39Z" duration="0.001436" asserts="0">
                  <properties />
                </test-case>
                <test-case id="2178" name="SerializerWithDefaultBinder" fullname="Newtonsoft.Json.Tests.Serialization.TypeNameHandlingTests.SerializerWithDefaultBinder" methodname="SerializerWithDefaultBinder" classname="Newtonsoft.Json.Tests.Serialization.TypeNameHandlingTests" runstate="Runnable" seed="736150559" result="Passed" start-time="2019-11-12 05:39:39Z" end-time="2019-11-12 05:39:39Z" duration="0.000638" asserts="0">
                  <properties />
                </test-case>
                <test-case id="2149" name="SerializeUsingCustomBinder" fullname="Newtonsoft.Json.Tests.Serialization.TypeNameHandlingTests.SerializeUsingCustomBinder" methodname="SerializeUsingCustomBinder" classname="Newtonsoft.Json.Tests.Serialization.TypeNameHandlingTests" runstate="Runnable" seed="323677871" result="Passed" start-time="2019-11-12 05:39:39Z" end-time="2019-11-12 05:39:39Z" duration="0.001683" asserts="0">
                  <properties />
                </test-case>
                <test-case id="2127" name="SerializeValueTupleWithTypeName" fullname="Newtonsoft.Json.Tests.Serialization.TypeNameHandlingTests.SerializeValueTupleWithTypeName" methodname="SerializeValueTupleWithTypeName" classname="Newtonsoft.Json.Tests.Serialization.TypeNameHandlingTests" runstate="Runnable" seed="1254910164" result="Passed" start-time="2019-11-12 05:39:39Z" end-time="2019-11-12 05:39:39Z" duration="0.000999" asserts="0">
                  <properties />
                </test-case>
                <test-case id="2135" name="SerializeWrapper" fullname="Newtonsoft.Json.Tests.Serialization.TypeNameHandlingTests.SerializeWrapper" methodname="SerializeWrapper" classname="Newtonsoft.Json.Tests.Serialization.TypeNameHandlingTests" runstate="Runnable" seed="195484046" result="Passed" start-time="2019-11-12 05:39:39Z" end-time="2019-11-12 05:39:39Z" duration="0.004999" asserts="0">
                  <properties />
                </test-case>
                <test-case id="2154" name="SerializingIEnumerableOfTShouldRetainGenericTypeInfo" fullname="Newtonsoft.Json.Tests.Serialization.TypeNameHandlingTests.SerializingIEnumerableOfTShouldRetainGenericTypeInfo" methodname="SerializingIEnumerableOfTShouldRetainGenericTypeInfo" classname="Newtonsoft.Json.Tests.Serialization.TypeNameHandlingTests" runstate="Runnable" seed="1208118250" result="Passed" start-time="2019-11-12 05:39:39Z" end-time="2019-11-12 05:39:39Z" duration="0.002483" asserts="0">
                  <properties />
                </test-case>
                <test-case id="2180" name="SetOldBinderAndSerializationBinderReturnsWrapper" fullname="Newtonsoft.Json.Tests.Serialization.TypeNameHandlingTests.SetOldBinderAndSerializationBinderReturnsWrapper" methodname="SetOldBinderAndSerializationBinderReturnsWrapper" classname="Newtonsoft.Json.Tests.Serialization.TypeNameHandlingTests" runstate="Runnable" seed="622003485" result="Passed" start-time="2019-11-12 05:39:39Z" end-time="2019-11-12 05:39:39Z" duration="0.000950" asserts="0">
                  <properties />
                </test-case>
                <test-case id="2159" name="TypeNameComponentList" fullname="Newtonsoft.Json.Tests.Serialization.TypeNameHandlingTests.TypeNameComponentList" methodname="TypeNameComponentList" classname="Newtonsoft.Json.Tests.Serialization.TypeNameHandlingTests" runstate="Runnable" seed="189053625" result="Passed" start-time="2019-11-12 05:39:39Z" end-time="2019-11-12 05:39:39Z" duration="0.003999" asserts="0">
                  <properties />
                </test-case>
                <test-case id="2160" name="TypeNameDictionary" fullname="Newtonsoft.Json.Tests.Serialization.TypeNameHandlingTests.TypeNameDictionary" methodname="TypeNameDictionary" classname="Newtonsoft.Json.Tests.Serialization.TypeNameHandlingTests" runstate="Runnable" seed="253980212" result="Passed" start-time="2019-11-12 05:39:39Z" end-time="2019-11-12 05:39:39Z" duration="0.003294" asserts="0">
                  <properties />
                </test-case>
                <test-case id="2168" name="TypeNameHandlingWithISerializableValues" fullname="Newtonsoft.Json.Tests.Serialization.TypeNameHandlingTests.TypeNameHandlingWithISerializableValues" methodname="TypeNameHandlingWithISerializableValues" classname="Newtonsoft.Json.Tests.Serialization.TypeNameHandlingTests" runstate="Runnable" seed="953774958" result="Passed" start-time="2019-11-12 05:39:39Z" end-time="2019-11-12 05:39:39Z" duration="0.000992" asserts="0">
                  <properties />
                </test-case>
                <test-case id="2169" name="TypeNameHandlingWithISerializableValuesAndArray" fullname="Newtonsoft.Json.Tests.Serialization.TypeNameHandlingTests.TypeNameHandlingWithISerializableValuesAndArray" methodname="TypeNameHandlingWithISerializableValuesAndArray" classname="Newtonsoft.Json.Tests.Serialization.TypeNameHandlingTests" runstate="Runnable" seed="196358106" result="Passed" start-time="2019-11-12 05:39:39Z" end-time="2019-11-12 05:39:39Z" duration="0.003793" asserts="0">
                  <properties />
                </test-case>
                <test-case id="2158" name="TypeNameIntList" fullname="Newtonsoft.Json.Tests.Serialization.TypeNameHandlingTests.TypeNameIntList" methodname="TypeNameIntList" classname="Newtonsoft.Json.Tests.Serialization.TypeNameHandlingTests" runstate="Runnable" seed="157877432" result="Passed" start-time="2019-11-12 05:39:39Z" end-time="2019-11-12 05:39:39Z" duration="0.005099" asserts="0">
                  <properties />
                </test-case>
                <test-case id="2161" name="TypeNameObjectItems" fullname="Newtonsoft.Json.Tests.Serialization.TypeNameHandlingTests.TypeNameObjectItems" methodname="TypeNameObjectItems" classname="Newtonsoft.Json.Tests.Serialization.TypeNameHandlingTests" runstate="Runnable" seed="1737380458" result="Passed" start-time="2019-11-12 05:39:39Z" end-time="2019-11-12 05:39:39Z" duration="0.006991" asserts="0">
                  <properties />
                </test-case>
                <test-case id="2147" name="WriteListTypeNameForProperty" fullname="Newtonsoft.Json.Tests.Serialization.TypeNameHandlingTests.WriteListTypeNameForProperty" methodname="WriteListTypeNameForProperty" classname="Newtonsoft.Json.Tests.Serialization.TypeNameHandlingTests" runstate="Runnable" seed="1142783986" result="Passed" start-time="2019-11-12 05:39:39Z" end-time="2019-11-12 05:39:39Z" duration="0.001340" asserts="0">
                  <properties />
                </test-case>
                <test-case id="2146" name="WriteObjectTypeNameForProperty" fullname="Newtonsoft.Json.Tests.Serialization.TypeNameHandlingTests.WriteObjectTypeNameForProperty" methodname="WriteObjectTypeNameForProperty" classname="Newtonsoft.Json.Tests.Serialization.TypeNameHandlingTests" runstate="Runnable" seed="1273574560" result="Passed" start-time="2019-11-12 05:39:39Z" end-time="2019-11-12 05:39:39Z" duration="0.000948" asserts="0">
                  <properties />
                </test-case>
                <test-case id="2152" name="WriteObjectTypeNameForPropertyDemo" fullname="Newtonsoft.Json.Tests.Serialization.TypeNameHandlingTests.WriteObjectTypeNameForPropertyDemo" methodname="WriteObjectTypeNameForPropertyDemo" classname="Newtonsoft.Json.Tests.Serialization.TypeNameHandlingTests" runstate="Runnable" seed="572123468" result="Passed" start-time="2019-11-12 05:39:39Z" end-time="2019-11-12 05:39:39Z" duration="0.003446" asserts="0">
                  <properties />
                </test-case>
                <test-case id="2136" name="WriteTypeNameForObjects" fullname="Newtonsoft.Json.Tests.Serialization.TypeNameHandlingTests.WriteTypeNameForObjects" methodname="WriteTypeNameForObjects" classname="Newtonsoft.Json.Tests.Serialization.TypeNameHandlingTests" runstate="Runnable" seed="85138599" result="Passed" start-time="2019-11-12 05:39:39Z" end-time="2019-11-12 05:39:39Z" duration="0.000913" asserts="0">
                  <properties />
                </test-case>
              </test-suite>
              <test-suite type="TestFixture" id="2181" name="WebApiIntegrationTests" fullname="Newtonsoft.Json.Tests.Serialization.WebApiIntegrationTests" classname="Newtonsoft.Json.Tests.Serialization.WebApiIntegrationTests" runstate="Runnable" testcasecount="2" result="Passed" start-time="2019-11-12 05:39:39Z" end-time="2019-11-12 05:39:39Z" duration="0.018916" total="2" passed="2" failed="0" inconclusive="0" skipped="0" asserts="0">
                <properties />
                <test-case id="2183" name="SerializeInheritedType" fullname="Newtonsoft.Json.Tests.Serialization.WebApiIntegrationTests.SerializeInheritedType" methodname="SerializeInheritedType" classname="Newtonsoft.Json.Tests.Serialization.WebApiIntegrationTests" runstate="Runnable" seed="395367756" result="Passed" start-time="2019-11-12 05:39:39Z" end-time="2019-11-12 05:39:39Z" duration="0.003749" asserts="0">
                  <properties />
                </test-case>
                <test-case id="2182" name="SerializeSerializableType" fullname="Newtonsoft.Json.Tests.Serialization.WebApiIntegrationTests.SerializeSerializableType" methodname="SerializeSerializableType" classname="Newtonsoft.Json.Tests.Serialization.WebApiIntegrationTests" runstate="Runnable" seed="187745853" result="Passed" start-time="2019-11-12 05:39:39Z" end-time="2019-11-12 05:39:39Z" duration="0.006553" asserts="0">
                  <properties />
                </test-case>
              </test-suite>
            </test-suite>
            <test-suite type="TestSuite" id="4110" name="Utilities" fullname="Newtonsoft.Json.Tests.Utilities" runstate="Runnable" testcasecount="124" result="Passed" start-time="2019-11-12 05:39:42Z" end-time="2019-11-12 05:39:43Z" duration="1.198017" total="124" passed="124" failed="0" inconclusive="0" skipped="0" asserts="0">
              <properties />
              <test-suite type="TestFixture" id="1184" name="ConvertUtilsTests" fullname="Newtonsoft.Json.Tests.Utilities.ConvertUtilsTests" classname="Newtonsoft.Json.Tests.Utilities.ConvertUtilsTests" runstate="Runnable" testcasecount="6" result="Passed" start-time="2019-11-12 05:39:42Z" end-time="2019-11-12 05:39:42Z" duration="0.328010" total="6" passed="6" failed="0" inconclusive="0" skipped="0" asserts="0">
                <properties />
                <test-case id="1185" name="DecimalTryParse" fullname="Newtonsoft.Json.Tests.Utilities.ConvertUtilsTests.DecimalTryParse" methodname="DecimalTryParse" classname="Newtonsoft.Json.Tests.Utilities.ConvertUtilsTests" runstate="Runnable" seed="1466126880" result="Passed" start-time="2019-11-12 05:39:42Z" end-time="2019-11-12 05:39:42Z" duration="0.300470" asserts="0">
                  <properties />
                </test-case>
                <test-case id="1188" name="HexParse" fullname="Newtonsoft.Json.Tests.Utilities.ConvertUtilsTests.HexParse" methodname="HexParse" classname="Newtonsoft.Json.Tests.Utilities.ConvertUtilsTests" runstate="Runnable" seed="1036481649" result="Passed" start-time="2019-11-12 05:39:42Z" end-time="2019-11-12 05:39:42Z" duration="0.001225" asserts="0">
                  <properties />
                </test-case>
                <test-case id="1190" name="HexParseError" fullname="Newtonsoft.Json.Tests.Utilities.ConvertUtilsTests.HexParseError" methodname="HexParseError" classname="Newtonsoft.Json.Tests.Utilities.ConvertUtilsTests" runstate="Runnable" seed="1420345202" result="Passed" start-time="2019-11-12 05:39:42Z" end-time="2019-11-12 05:39:42Z" duration="0.000738" asserts="0">
                  <properties />
                </test-case>
                <test-case id="1189" name="HexParseOffset" fullname="Newtonsoft.Json.Tests.Utilities.ConvertUtilsTests.HexParseOffset" methodname="HexParseOffset" classname="Newtonsoft.Json.Tests.Utilities.ConvertUtilsTests" runstate="Runnable" seed="1508586646" result="Passed" start-time="2019-11-12 05:39:42Z" end-time="2019-11-12 05:39:42Z" duration="0.001122" asserts="0">
                  <properties />
                </test-case>
                <test-case id="1187" name="Int32TryParse" fullname="Newtonsoft.Json.Tests.Utilities.ConvertUtilsTests.Int32TryParse" methodname="Int32TryParse" classname="Newtonsoft.Json.Tests.Utilities.ConvertUtilsTests" runstate="Runnable" seed="1553362198" result="Passed" start-time="2019-11-12 05:39:42Z" end-time="2019-11-12 05:39:42Z" duration="0.005070" asserts="0">
                  <properties />
                </test-case>
                <test-case id="1186" name="Int64TryParse" fullname="Newtonsoft.Json.Tests.Utilities.ConvertUtilsTests.Int64TryParse" methodname="Int64TryParse" classname="Newtonsoft.Json.Tests.Utilities.ConvertUtilsTests" runstate="Runnable" seed="1430011419" result="Passed" start-time="2019-11-12 05:39:42Z" end-time="2019-11-12 05:39:42Z" duration="0.002089" asserts="0">
                  <properties />
                </test-case>
              </test-suite>
              <test-suite type="TestFixture" id="1191" name="DateTimeUtilsTests" fullname="Newtonsoft.Json.Tests.Utilities.DateTimeUtilsTests" classname="Newtonsoft.Json.Tests.Utilities.DateTimeUtilsTests" runstate="Runnable" testcasecount="6" result="Passed" start-time="2019-11-12 05:39:42Z" end-time="2019-11-12 05:39:42Z" duration="0.024842" total="6" passed="6" failed="0" inconclusive="0" skipped="0" asserts="0">
                <properties />
                <test-case id="1197" name="NewDateTimeOffsetParse" fullname="Newtonsoft.Json.Tests.Utilities.DateTimeUtilsTests.NewDateTimeOffsetParse" methodname="NewDateTimeOffsetParse" classname="Newtonsoft.Json.Tests.Utilities.DateTimeUtilsTests" runstate="Runnable" seed="1302443406" result="Passed" start-time="2019-11-12 05:39:42Z" end-time="2019-11-12 05:39:42Z" duration="0.002717" asserts="0">
                  <properties />
                </test-case>
                <test-case id="1195" name="NewDateTimeParse" fullname="Newtonsoft.Json.Tests.Utilities.DateTimeUtilsTests.NewDateTimeParse" methodname="NewDateTimeParse" classname="Newtonsoft.Json.Tests.Utilities.DateTimeUtilsTests" runstate="Runnable" seed="1599327778" result="Passed" start-time="2019-11-12 05:39:42Z" end-time="2019-11-12 05:39:42Z" duration="0.002678" asserts="0">
                  <properties />
                </test-case>
                <test-case id="1193" name="Parse24HourDateTime" fullname="Newtonsoft.Json.Tests.Utilities.DateTimeUtilsTests.Parse24HourDateTime" methodname="Parse24HourDateTime" classname="Newtonsoft.Json.Tests.Utilities.DateTimeUtilsTests" runstate="Runnable" seed="1555404169" result="Passed" start-time="2019-11-12 05:39:42Z" end-time="2019-11-12 05:39:42Z" duration="0.001048" asserts="0">
                  <properties />
                </test-case>
                <test-case id="1194" name="Parse24HourDateTimeOffset" fullname="Newtonsoft.Json.Tests.Utilities.DateTimeUtilsTests.Parse24HourDateTimeOffset" methodname="Parse24HourDateTimeOffset" classname="Newtonsoft.Json.Tests.Utilities.DateTimeUtilsTests" runstate="Runnable" seed="1251060147" result="Passed" start-time="2019-11-12 05:39:42Z" end-time="2019-11-12 05:39:42Z" duration="0.000937" asserts="0">
                  <properties />
                </test-case>
                <test-case id="1196" name="ReadOffsetMSDateTimeOffset" fullname="Newtonsoft.Json.Tests.Utilities.DateTimeUtilsTests.ReadOffsetMSDateTimeOffset" methodname="ReadOffsetMSDateTimeOffset" classname="Newtonsoft.Json.Tests.Utilities.DateTimeUtilsTests" runstate="Runnable" seed="1416498180" result="Passed" start-time="2019-11-12 05:39:42Z" end-time="2019-11-12 05:39:42Z" duration="0.000848" asserts="0">
                  <properties />
                </test-case>
                <test-case id="1192" name="RoundTripDateTimeMinAndMax" fullname="Newtonsoft.Json.Tests.Utilities.DateTimeUtilsTests.RoundTripDateTimeMinAndMax" methodname="RoundTripDateTimeMinAndMax" classname="Newtonsoft.Json.Tests.Utilities.DateTimeUtilsTests" runstate="Runnable" seed="1704194871" result="Passed" start-time="2019-11-12 05:39:42Z" end-time="2019-11-12 05:39:42Z" duration="0.000907" asserts="0">
                  <properties />
                </test-case>
              </test-suite>
              <test-suite type="TestFixture" id="1198" name="EnumUtilsTests" fullname="Newtonsoft.Json.Tests.Utilities.EnumUtilsTests" classname="Newtonsoft.Json.Tests.Utilities.EnumUtilsTests" runstate="Runnable" testcasecount="104" result="Passed" start-time="2019-11-12 05:39:42Z" end-time="2019-11-12 05:39:43Z" duration="0.438973" total="104" passed="104" failed="0" inconclusive="0" skipped="0" asserts="0">
                <properties />
                <test-suite type="ParameterizedMethod" id="1248" name="Parse" fullname="Newtonsoft.Json.Tests.Utilities.EnumUtilsTests.Parse" classname="Newtonsoft.Json.Tests.Utilities.EnumUtilsTests" runstate="Runnable" testcasecount="49" result="Passed" start-time="2019-11-12 05:39:42Z" end-time="2019-11-12 05:39:43Z" duration="0.111585" total="49" passed="49" failed="0" inconclusive="0" skipped="0" asserts="0">
                  <properties />
                  <test-case id="1199" name="Parse(&quot;Min&quot;,Min)" fullname="Newtonsoft.Json.Tests.Utilities.EnumUtilsTests.Parse(&quot;Min&quot;,Min)" methodname="Parse" classname="Newtonsoft.Json.Tests.Utilities.EnumUtilsTests" runstate="Runnable" seed="1212841980" result="Passed" start-time="2019-11-12 05:39:42Z" end-time="2019-11-12 05:39:42Z" duration="0.001159" asserts="0">
                    <properties />
                  </test-case>
                  <test-case id="1200" name="Parse(&quot;mAx&quot;,Max)" fullname="Newtonsoft.Json.Tests.Utilities.EnumUtilsTests.Parse(&quot;mAx&quot;,Max)" methodname="Parse" classname="Newtonsoft.Json.Tests.Utilities.EnumUtilsTests" runstate="Runnable" seed="562236025" result="Passed" start-time="2019-11-12 05:39:42Z" end-time="2019-11-12 05:39:42Z" duration="0.000577" asserts="0">
                    <properties />
                  </test-case>
                  <test-case id="1201" name="Parse(&quot;1&quot;,One)" fullname="Newtonsoft.Json.Tests.Utilities.EnumUtilsTests.Parse(&quot;1&quot;,One)" methodname="Parse" classname="Newtonsoft.Json.Tests.Utilities.EnumUtilsTests" runstate="Runnable" seed="261910291" result="Passed" start-time="2019-11-12 05:39:42Z" end-time="2019-11-12 05:39:42Z" duration="0.001115" asserts="0">
                    <properties />
                  </test-case>
                  <test-case id="1202" name="Parse(&quot;5&quot;,5)" fullname="Newtonsoft.Json.Tests.Utilities.EnumUtilsTests.Parse(&quot;5&quot;,5)" methodname="Parse" classname="Newtonsoft.Json.Tests.Utilities.EnumUtilsTests" runstate="Runnable" seed="245482573" result="Passed" start-time="2019-11-12 05:39:42Z" end-time="2019-11-12 05:39:42Z" duration="0.000370" asserts="0">
                    <properties />
                  </test-case>
                  <test-case id="1203" name="Parse(&quot;Min&quot;,Min)" fullname="Newtonsoft.Json.Tests.Utilities.EnumUtilsTests.Parse(&quot;Min&quot;,Min)" methodname="Parse" classname="Newtonsoft.Json.Tests.Utilities.EnumUtilsTests" runstate="Runnable" seed="1316846319" result="Passed" start-time="2019-11-12 05:39:42Z" end-time="2019-11-12 05:39:42Z" duration="0.000522" asserts="0">
                    <properties>
                      <property name="childIndex" value="2" />
                    </properties>
                  </test-case>
                  <test-case id="1204" name="Parse(&quot;mAx&quot;,Max)" fullname="Newtonsoft.Json.Tests.Utilities.EnumUtilsTests.Parse(&quot;mAx&quot;,Max)" methodname="Parse" classname="Newtonsoft.Json.Tests.Utilities.EnumUtilsTests" runstate="Runnable" seed="1757818163" result="Passed" start-time="2019-11-12 05:39:42Z" end-time="2019-11-12 05:39:42Z" duration="0.000491" asserts="0">
                    <properties>
                      <property name="childIndex" value="2" />
                    </properties>
                  </test-case>
                  <test-case id="1205" name="Parse(&quot;1&quot;,One)" fullname="Newtonsoft.Json.Tests.Utilities.EnumUtilsTests.Parse(&quot;1&quot;,One)" methodname="Parse" classname="Newtonsoft.Json.Tests.Utilities.EnumUtilsTests" runstate="Runnable" seed="1585048950" result="Passed" start-time="2019-11-12 05:39:42Z" end-time="2019-11-12 05:39:42Z" duration="0.001195" asserts="0">
                    <properties>
                      <property name="childIndex" value="2" />
                    </properties>
                  </test-case>
                  <test-case id="1206" name="Parse(&quot;5&quot;,5)" fullname="Newtonsoft.Json.Tests.Utilities.EnumUtilsTests.Parse(&quot;5&quot;,5)" methodname="Parse" classname="Newtonsoft.Json.Tests.Utilities.EnumUtilsTests" runstate="Runnable" seed="1089957632" result="Passed" start-time="2019-11-12 05:39:42Z" end-time="2019-11-12 05:39:42Z" duration="0.000520" asserts="0">
                    <properties>
                      <property name="childIndex" value="2" />
                    </properties>
                  </test-case>
                  <test-case id="1207" name="Parse(&quot;Min&quot;,Min)" fullname="Newtonsoft.Json.Tests.Utilities.EnumUtilsTests.Parse(&quot;Min&quot;,Min)" methodname="Parse" classname="Newtonsoft.Json.Tests.Utilities.EnumUtilsTests" runstate="Runnable" seed="1019431116" result="Passed" start-time="2019-11-12 05:39:42Z" end-time="2019-11-12 05:39:42Z" duration="0.000614" asserts="0">
                    <properties>
                      <property name="childIndex" value="3" />
                    </properties>
                  </test-case>
                  <test-case id="1208" name="Parse(&quot;mAx&quot;,Max)" fullname="Newtonsoft.Json.Tests.Utilities.EnumUtilsTests.Parse(&quot;mAx&quot;,Max)" methodname="Parse" classname="Newtonsoft.Json.Tests.Utilities.EnumUtilsTests" runstate="Runnable" seed="1087242078" result="Passed" start-time="2019-11-12 05:39:42Z" end-time="2019-11-12 05:39:42Z" duration="0.000476" asserts="0">
                    <properties>
                      <property name="childIndex" value="3" />
                    </properties>
                  </test-case>
                  <test-case id="1209" name="Parse(&quot;1&quot;,One)" fullname="Newtonsoft.Json.Tests.Utilities.EnumUtilsTests.Parse(&quot;1&quot;,One)" methodname="Parse" classname="Newtonsoft.Json.Tests.Utilities.EnumUtilsTests" runstate="Runnable" seed="887867128" result="Passed" start-time="2019-11-12 05:39:42Z" end-time="2019-11-12 05:39:42Z" duration="0.001107" asserts="0">
                    <properties>
                      <property name="childIndex" value="3" />
                    </properties>
                  </test-case>
                  <test-case id="1210" name="Parse(&quot;5&quot;,5)" fullname="Newtonsoft.Json.Tests.Utilities.EnumUtilsTests.Parse(&quot;5&quot;,5)" methodname="Parse" classname="Newtonsoft.Json.Tests.Utilities.EnumUtilsTests" runstate="Runnable" seed="1672577607" result="Passed" start-time="2019-11-12 05:39:42Z" end-time="2019-11-12 05:39:42Z" duration="0.000457" asserts="0">
                    <properties>
                      <property name="childIndex" value="3" />
                    </properties>
                  </test-case>
                  <test-case id="1211" name="Parse(&quot;Min&quot;,Min)" fullname="Newtonsoft.Json.Tests.Utilities.EnumUtilsTests.Parse(&quot;Min&quot;,Min)" methodname="Parse" classname="Newtonsoft.Json.Tests.Utilities.EnumUtilsTests" runstate="Runnable" seed="1349046979" result="Passed" start-time="2019-11-12 05:39:42Z" end-time="2019-11-12 05:39:43Z" duration="0.000521" asserts="0">
                    <properties>
                      <property name="childIndex" value="4" />
                    </properties>
                  </test-case>
                  <test-case id="1212" name="Parse(&quot;mAx&quot;,Max)" fullname="Newtonsoft.Json.Tests.Utilities.EnumUtilsTests.Parse(&quot;mAx&quot;,Max)" methodname="Parse" classname="Newtonsoft.Json.Tests.Utilities.EnumUtilsTests" runstate="Runnable" seed="901534998" result="Passed" start-time="2019-11-12 05:39:43Z" end-time="2019-11-12 05:39:43Z" duration="0.000491" asserts="0">
                    <properties>
                      <property name="childIndex" value="4" />
                    </properties>
                  </test-case>
                  <test-case id="1213" name="Parse(&quot;1&quot;,One)" fullname="Newtonsoft.Json.Tests.Utilities.EnumUtilsTests.Parse(&quot;1&quot;,One)" methodname="Parse" classname="Newtonsoft.Json.Tests.Utilities.EnumUtilsTests" runstate="Runnable" seed="1670990327" result="Passed" start-time="2019-11-12 05:39:43Z" end-time="2019-11-12 05:39:43Z" duration="0.001289" asserts="0">
                    <properties>
                      <property name="childIndex" value="4" />
                    </properties>
                  </test-case>
                  <test-case id="1214" name="Parse(&quot;5&quot;,5)" fullname="Newtonsoft.Json.Tests.Utilities.EnumUtilsTests.Parse(&quot;5&quot;,5)" methodname="Parse" classname="Newtonsoft.Json.Tests.Utilities.EnumUtilsTests" runstate="Runnable" seed="2017012457" result="Passed" start-time="2019-11-12 05:39:43Z" end-time="2019-11-12 05:39:43Z" duration="0.000379" asserts="0">
                    <properties>
                      <property name="childIndex" value="4" />
                    </properties>
                  </test-case>
                  <test-case id="1215" name="Parse(&quot;Min&quot;,Min)" fullname="Newtonsoft.Json.Tests.Utilities.EnumUtilsTests.Parse(&quot;Min&quot;,Min)" methodname="Parse" classname="Newtonsoft.Json.Tests.Utilities.EnumUtilsTests" runstate="Runnable" seed="2119231912" result="Passed" start-time="2019-11-12 05:39:43Z" end-time="2019-11-12 05:39:43Z" duration="0.000502" asserts="0">
                    <properties>
                      <property name="childIndex" value="5" />
                    </properties>
                  </test-case>
                  <test-case id="1216" name="Parse(&quot;mAx&quot;,Max)" fullname="Newtonsoft.Json.Tests.Utilities.EnumUtilsTests.Parse(&quot;mAx&quot;,Max)" methodname="Parse" classname="Newtonsoft.Json.Tests.Utilities.EnumUtilsTests" runstate="Runnable" seed="1062137836" result="Passed" start-time="2019-11-12 05:39:43Z" end-time="2019-11-12 05:39:43Z" duration="0.000354" asserts="0">
                    <properties>
                      <property name="childIndex" value="5" />
                    </properties>
                  </test-case>
                  <test-case id="1217" name="Parse(&quot;1&quot;,One)" fullname="Newtonsoft.Json.Tests.Utilities.EnumUtilsTests.Parse(&quot;1&quot;,One)" methodname="Parse" classname="Newtonsoft.Json.Tests.Utilities.EnumUtilsTests" runstate="Runnable" seed="394552253" result="Passed" start-time="2019-11-12 05:39:43Z" end-time="2019-11-12 05:39:43Z" duration="0.000422" asserts="0">
                    <properties>
                      <property name="childIndex" value="5" />
                    </properties>
                  </test-case>
                  <test-case id="1218" name="Parse(&quot;5&quot;,5)" fullname="Newtonsoft.Json.Tests.Utilities.EnumUtilsTests.Parse(&quot;5&quot;,5)" methodname="Parse" classname="Newtonsoft.Json.Tests.Utilities.EnumUtilsTests" runstate="Runnable" seed="1849743169" result="Passed" start-time="2019-11-12 05:39:43Z" end-time="2019-11-12 05:39:43Z" duration="0.000347" asserts="0">
                    <properties>
                      <property name="childIndex" value="5" />
                    </properties>
                  </test-case>
                  <test-case id="1219" name="Parse(&quot;Min&quot;,Min)" fullname="Newtonsoft.Json.Tests.Utilities.EnumUtilsTests.Parse(&quot;Min&quot;,Min)" methodname="Parse" classname="Newtonsoft.Json.Tests.Utilities.EnumUtilsTests" runstate="Runnable" seed="297127518" result="Passed" start-time="2019-11-12 05:39:43Z" end-time="2019-11-12 05:39:43Z" duration="0.000588" asserts="0">
                    <properties>
                      <property name="childIndex" value="6" />
                    </properties>
                  </test-case>
                  <test-case id="1220" name="Parse(&quot;mAx&quot;,Max)" fullname="Newtonsoft.Json.Tests.Utilities.EnumUtilsTests.Parse(&quot;mAx&quot;,Max)" methodname="Parse" classname="Newtonsoft.Json.Tests.Utilities.EnumUtilsTests" runstate="Runnable" seed="1051415713" result="Passed" start-time="2019-11-12 05:39:43Z" end-time="2019-11-12 05:39:43Z" duration="0.000374" asserts="0">
                    <properties>
                      <property name="childIndex" value="6" />
                    </properties>
                  </test-case>
                  <test-case id="1221" name="Parse(&quot;1&quot;,One)" fullname="Newtonsoft.Json.Tests.Utilities.EnumUtilsTests.Parse(&quot;1&quot;,One)" methodname="Parse" classname="Newtonsoft.Json.Tests.Utilities.EnumUtilsTests" runstate="Runnable" seed="1709734105" result="Passed" start-time="2019-11-12 05:39:43Z" end-time="2019-11-12 05:39:43Z" duration="0.000710" asserts="0">
                    <properties>
                      <property name="childIndex" value="6" />
                    </properties>
                  </test-case>
                  <test-case id="1222" name="Parse(&quot;5&quot;,5)" fullname="Newtonsoft.Json.Tests.Utilities.EnumUtilsTests.Parse(&quot;5&quot;,5)" methodname="Parse" classname="Newtonsoft.Json.Tests.Utilities.EnumUtilsTests" runstate="Runnable" seed="1953222001" result="Passed" start-time="2019-11-12 05:39:43Z" end-time="2019-11-12 05:39:43Z" duration="0.000480" asserts="0">
                    <properties>
                      <property name="childIndex" value="6" />
                    </properties>
                  </test-case>
                  <test-case id="1223" name="Parse(&quot;Min&quot;,Min)" fullname="Newtonsoft.Json.Tests.Utilities.EnumUtilsTests.Parse(&quot;Min&quot;,Min)" methodname="Parse" classname="Newtonsoft.Json.Tests.Utilities.EnumUtilsTests" runstate="Runnable" seed="1982734596" result="Passed" start-time="2019-11-12 05:39:43Z" end-time="2019-11-12 05:39:43Z" duration="0.000595" asserts="0">
                    <properties>
                      <property name="childIndex" value="7" />
                    </properties>
                  </test-case>
                  <test-case id="1224" name="Parse(&quot;mAx&quot;,Max)" fullname="Newtonsoft.Json.Tests.Utilities.EnumUtilsTests.Parse(&quot;mAx&quot;,Max)" methodname="Parse" classname="Newtonsoft.Json.Tests.Utilities.EnumUtilsTests" runstate="Runnable" seed="1393743969" result="Passed" start-time="2019-11-12 05:39:43Z" end-time="2019-11-12 05:39:43Z" duration="0.000403" asserts="0">
                    <properties>
                      <property name="childIndex" value="7" />
                    </properties>
                  </test-case>
                  <test-case id="1225" name="Parse(&quot;1&quot;,One)" fullname="Newtonsoft.Json.Tests.Utilities.EnumUtilsTests.Parse(&quot;1&quot;,One)" methodname="Parse" classname="Newtonsoft.Json.Tests.Utilities.EnumUtilsTests" runstate="Runnable" seed="1139821482" result="Passed" start-time="2019-11-12 05:39:43Z" end-time="2019-11-12 05:39:43Z" duration="0.000826" asserts="0">
                    <properties>
                      <property name="childIndex" value="7" />
                    </properties>
                  </test-case>
                  <test-case id="1226" name="Parse(&quot;5&quot;,5)" fullname="Newtonsoft.Json.Tests.Utilities.EnumUtilsTests.Parse(&quot;5&quot;,5)" methodname="Parse" classname="Newtonsoft.Json.Tests.Utilities.EnumUtilsTests" runstate="Runnable" seed="1671605428" result="Passed" start-time="2019-11-12 05:39:43Z" end-time="2019-11-12 05:39:43Z" duration="0.000905" asserts="0">
                    <properties>
                      <property name="childIndex" value="7" />
                    </properties>
                  </test-case>
                  <test-case id="1227" name="Parse(&quot;Min&quot;,Min)" fullname="Newtonsoft.Json.Tests.Utilities.EnumUtilsTests.Parse(&quot;Min&quot;,Min)" methodname="Parse" classname="Newtonsoft.Json.Tests.Utilities.EnumUtilsTests" runstate="Runnable" seed="1336356567" result="Passed" start-time="2019-11-12 05:39:43Z" end-time="2019-11-12 05:39:43Z" duration="0.000989" asserts="0">
                    <properties>
                      <property name="childIndex" value="8" />
                    </properties>
                  </test-case>
                  <test-case id="1228" name="Parse(&quot;mAx&quot;,Max)" fullname="Newtonsoft.Json.Tests.Utilities.EnumUtilsTests.Parse(&quot;mAx&quot;,Max)" methodname="Parse" classname="Newtonsoft.Json.Tests.Utilities.EnumUtilsTests" runstate="Runnable" seed="94583208" result="Passed" start-time="2019-11-12 05:39:43Z" end-time="2019-11-12 05:39:43Z" duration="0.000600" asserts="0">
                    <properties>
                      <property name="childIndex" value="8" />
                    </properties>
                  </test-case>
                  <test-case id="1229" name="Parse(&quot;1&quot;,One)" fullname="Newtonsoft.Json.Tests.Utilities.EnumUtilsTests.Parse(&quot;1&quot;,One)" methodname="Parse" classname="Newtonsoft.Json.Tests.Utilities.EnumUtilsTests" runstate="Runnable" seed="589870866" result="Passed" start-time="2019-11-12 05:39:43Z" end-time="2019-11-12 05:39:43Z" duration="0.001647" asserts="0">
                    <properties>
                      <property name="childIndex" value="8" />
                    </properties>
                  </test-case>
                  <test-case id="1230" name="Parse(&quot;5&quot;,5)" fullname="Newtonsoft.Json.Tests.Utilities.EnumUtilsTests.Parse(&quot;5&quot;,5)" methodname="Parse" classname="Newtonsoft.Json.Tests.Utilities.EnumUtilsTests" runstate="Runnable" seed="2139515182" result="Passed" start-time="2019-11-12 05:39:43Z" end-time="2019-11-12 05:39:43Z" duration="0.000607" asserts="0">
                    <properties>
                      <property name="childIndex" value="8" />
                    </properties>
                  </test-case>
                  <test-case id="1231" name="Parse(&quot;Red&quot;,Red)" fullname="Newtonsoft.Json.Tests.Utilities.EnumUtilsTests.Parse(&quot;Red&quot;,Red)" methodname="Parse" classname="Newtonsoft.Json.Tests.Utilities.EnumUtilsTests" runstate="Runnable" seed="18099525" result="Passed" start-time="2019-11-12 05:39:43Z" end-time="2019-11-12 05:39:43Z" duration="0.000850" asserts="0">
                    <properties />
                  </test-case>
                  <test-case id="1232" name="Parse(&quot; Red&quot;,Red)" fullname="Newtonsoft.Json.Tests.Utilities.EnumUtilsTests.Parse(&quot; Red&quot;,Red)" methodname="Parse" classname="Newtonsoft.Json.Tests.Utilities.EnumUtilsTests" runstate="Runnable" seed="1183061397" result="Passed" start-time="2019-11-12 05:39:43Z" end-time="2019-11-12 05:39:43Z" duration="0.000723" asserts="0">
                    <properties />
                  </test-case>
                  <test-case id="1233" name="Parse(&quot;Red &quot;,Red)" fullname="Newtonsoft.Json.Tests.Utilities.EnumUtilsTests.Parse(&quot;Red &quot;,Red)" methodname="Parse" classname="Newtonsoft.Json.Tests.Utilities.EnumUtilsTests" runstate="Runnable" seed="193224076" result="Passed" start-time="2019-11-12 05:39:43Z" end-time="2019-11-12 05:39:43Z" duration="0.000593" asserts="0">
                    <properties />
                  </test-case>
                  <test-case id="1234" name="Parse(&quot; red &quot;,Red)" fullname="Newtonsoft.Json.Tests.Utilities.EnumUtilsTests.Parse(&quot; red &quot;,Red)" methodname="Parse" classname="Newtonsoft.Json.Tests.Utilities.EnumUtilsTests" runstate="Runnable" seed="1394981135" result="Passed" start-time="2019-11-12 05:39:43Z" end-time="2019-11-12 05:39:43Z" duration="0.000595" asserts="0">
                    <properties />
                  </test-case>
                  <test-case id="1235" name="Parse(&quot;B&quot;,B)" fullname="Newtonsoft.Json.Tests.Utilities.EnumUtilsTests.Parse(&quot;B&quot;,B)" methodname="Parse" classname="Newtonsoft.Json.Tests.Utilities.EnumUtilsTests" runstate="Runnable" seed="590704044" result="Passed" start-time="2019-11-12 05:39:43Z" end-time="2019-11-12 05:39:43Z" duration="0.000472" asserts="0">
                    <properties />
                  </test-case>
                  <test-case id="1236" name="Parse(&quot;B,B&quot;,B)" fullname="Newtonsoft.Json.Tests.Utilities.EnumUtilsTests.Parse(&quot;B,B&quot;,B)" methodname="Parse" classname="Newtonsoft.Json.Tests.Utilities.EnumUtilsTests" runstate="Runnable" seed="796528148" result="Passed" start-time="2019-11-12 05:39:43Z" end-time="2019-11-12 05:39:43Z" duration="0.002429" asserts="0">
                    <properties />
                  </test-case>
                  <test-case id="1237" name="Parse(&quot; Red , Blue &quot;,Green)" fullname="Newtonsoft.Json.Tests.Utilities.EnumUtilsTests.Parse(&quot; Red , Blue &quot;,Green)" methodname="Parse" classname="Newtonsoft.Json.Tests.Utilities.EnumUtilsTests" runstate="Runnable" seed="1769876264" result="Passed" start-time="2019-11-12 05:39:43Z" end-time="2019-11-12 05:39:43Z" duration="0.000376" asserts="0">
                    <properties />
                  </test-case>
                  <test-case id="1238" name="Parse(&quot;Blue,Red,Green&quot;,Green)" fullname="Newtonsoft.Json.Tests.Utilities.EnumUtilsTests.Parse(&quot;Blue,Red,Green&quot;,Green)" methodname="Parse" classname="Newtonsoft.Json.Tests.Utilities.EnumUtilsTests" runstate="Runnable" seed="1466000946" result="Passed" start-time="2019-11-12 05:39:43Z" end-time="2019-11-12 05:39:43Z" duration="0.000461" asserts="0">
                    <properties />
                  </test-case>
                  <test-case id="1239" name="Parse(&quot;Blue,Red,Red,Red,Green&quot;,Green)" fullname="Newtonsoft.Json.Tests.Utilities.EnumUtilsTests.Parse(&quot;Blue,Red,Red,Red,Green&quot;,Green)" methodname="Parse" classname="Newtonsoft.Json.Tests.Utilities.EnumUtilsTests" runstate="Runnable" seed="1148613976" result="Passed" start-time="2019-11-12 05:39:43Z" end-time="2019-11-12 05:39:43Z" duration="0.000416" asserts="0">
                    <properties />
                  </test-case>
                  <test-case id="1240" name="Parse(&quot;Red,Blue,   Green&quot;,Green)" fullname="Newtonsoft.Json.Tests.Utilities.EnumUtilsTests.Parse(&quot;Red,Blue,   Green&quot;,Green)" methodname="Parse" classname="Newtonsoft.Json.Tests.Utilities.EnumUtilsTests" runstate="Runnable" seed="330249113" result="Passed" start-time="2019-11-12 05:39:43Z" end-time="2019-11-12 05:39:43Z" duration="0.000449" asserts="0">
                    <properties />
                  </test-case>
                  <test-case id="1241" name="Parse(&quot;1&quot;,Red)" fullname="Newtonsoft.Json.Tests.Utilities.EnumUtilsTests.Parse(&quot;1&quot;,Red)" methodname="Parse" classname="Newtonsoft.Json.Tests.Utilities.EnumUtilsTests" runstate="Runnable" seed="1548480100" result="Passed" start-time="2019-11-12 05:39:43Z" end-time="2019-11-12 05:39:43Z" duration="0.000481" asserts="0">
                    <properties />
                  </test-case>
                  <test-case id="1242" name="Parse(&quot; 1 &quot;,Red)" fullname="Newtonsoft.Json.Tests.Utilities.EnumUtilsTests.Parse(&quot; 1 &quot;,Red)" methodname="Parse" classname="Newtonsoft.Json.Tests.Utilities.EnumUtilsTests" runstate="Runnable" seed="1729067047" result="Passed" start-time="2019-11-12 05:39:43Z" end-time="2019-11-12 05:39:43Z" duration="0.000406" asserts="0">
                    <properties />
                  </test-case>
                  <test-case id="1243" name="Parse(&quot;2&quot;,Blue)" fullname="Newtonsoft.Json.Tests.Utilities.EnumUtilsTests.Parse(&quot;2&quot;,Blue)" methodname="Parse" classname="Newtonsoft.Json.Tests.Utilities.EnumUtilsTests" runstate="Runnable" seed="52937637" result="Passed" start-time="2019-11-12 05:39:43Z" end-time="2019-11-12 05:39:43Z" duration="0.000707" asserts="0">
                    <properties />
                  </test-case>
                  <test-case id="1244" name="Parse(&quot;99&quot;,99)" fullname="Newtonsoft.Json.Tests.Utilities.EnumUtilsTests.Parse(&quot;99&quot;,99)" methodname="Parse" classname="Newtonsoft.Json.Tests.Utilities.EnumUtilsTests" runstate="Runnable" seed="1286216478" result="Passed" start-time="2019-11-12 05:39:43Z" end-time="2019-11-12 05:39:43Z" duration="0.000521" asserts="0">
                    <properties />
                  </test-case>
                  <test-case id="1245" name="Parse(&quot;-42&quot;,-42)" fullname="Newtonsoft.Json.Tests.Utilities.EnumUtilsTests.Parse(&quot;-42&quot;,-42)" methodname="Parse" classname="Newtonsoft.Json.Tests.Utilities.EnumUtilsTests" runstate="Runnable" seed="1040808070" result="Passed" start-time="2019-11-12 05:39:43Z" end-time="2019-11-12 05:39:43Z" duration="0.000476" asserts="0">
                    <properties />
                  </test-case>
                  <test-case id="1246" name="Parse(&quot;   -42&quot;,-42)" fullname="Newtonsoft.Json.Tests.Utilities.EnumUtilsTests.Parse(&quot;   -42&quot;,-42)" methodname="Parse" classname="Newtonsoft.Json.Tests.Utilities.EnumUtilsTests" runstate="Runnable" seed="1037836665" result="Passed" start-time="2019-11-12 05:39:43Z" end-time="2019-11-12 05:39:43Z" duration="0.000389" asserts="0">
                    <properties />
                  </test-case>
                  <test-case id="1247" name="Parse(&quot;   -42 &quot;,-42)" fullname="Newtonsoft.Json.Tests.Utilities.EnumUtilsTests.Parse(&quot;   -42 &quot;,-42)" methodname="Parse" classname="Newtonsoft.Json.Tests.Utilities.EnumUtilsTests" runstate="Runnable" seed="1472385216" result="Passed" start-time="2019-11-12 05:39:43Z" end-time="2019-11-12 05:39:43Z" duration="0.000512" asserts="0">
                    <properties />
                  </test-case>
                </test-suite>
                <test-suite type="ParameterizedMethod" id="1268" name="Parse_Invalid" fullname="Newtonsoft.Json.Tests.Utilities.EnumUtilsTests.Parse_Invalid" classname="Newtonsoft.Json.Tests.Utilities.EnumUtilsTests" runstate="Runnable" testcasecount="19" result="Passed" start-time="2019-11-12 05:39:43Z" end-time="2019-11-12 05:39:43Z" duration="0.046108" total="19" passed="19" failed="0" inconclusive="0" skipped="0" asserts="0">
                  <properties />
                  <test-case id="1249" name="Parse_Invalid(null,&quot;&quot;,System.ArgumentNullException)" fullname="Newtonsoft.Json.Tests.Utilities.EnumUtilsTests.Parse_Invalid(null,&quot;&quot;,System.ArgumentNullException)" methodname="Parse_Invalid" classname="Newtonsoft.Json.Tests.Utilities.EnumUtilsTests" runstate="Runnable" seed="1717892779" result="Passed" start-time="2019-11-12 05:39:43Z" end-time="2019-11-12 05:39:43Z" duration="0.001036" asserts="0">
                    <properties />
                  </test-case>
                  <test-case id="1250" name="Parse_Invalid(Newtonsoft.Json.Tests.Utilities.SimpleEnum,null,System.ArgumentNullException)" fullname="Newtonsoft.Json.Tests.Utilities.EnumUtilsTests.Parse_Invalid(Newtonsoft.Json.Tests.Utilities.SimpleEnum,null,System.ArgumentNullException)" methodname="Parse_Invalid" classname="Newtonsoft.Json.Tests.Utilities.EnumUtilsTests" runstate="Runnable" seed="841852587" result="Passed" start-time="2019-11-12 05:39:43Z" end-time="2019-11-12 05:39:43Z" duration="0.000377" asserts="0">
                    <properties />
                  </test-case>
                  <test-case id="1251" name="Parse_Invalid(System.Object,&quot;&quot;,System.ArgumentException)" fullname="Newtonsoft.Json.Tests.Utilities.EnumUtilsTests.Parse_Invalid(System.Object,&quot;&quot;,System.ArgumentException)" methodname="Parse_Invalid" classname="Newtonsoft.Json.Tests.Utilities.EnumUtilsTests" runstate="Runnable" seed="1924463673" result="Passed" start-time="2019-11-12 05:39:43Z" end-time="2019-11-12 05:39:43Z" duration="0.000486" asserts="0">
                    <properties />
                  </test-case>
                  <test-case id="1252" name="Parse_Invalid(Newtonsoft.Json.Tests.Utilities.SimpleEnum,&quot;&quot;,System.ArgumentException)" fullname="Newtonsoft.Json.Tests.Utilities.EnumUtilsTests.Parse_Invalid(Newtonsoft.Json.Tests.Utilities.SimpleEnum,&quot;&quot;,System.ArgumentException)" methodname="Parse_Invalid" classname="Newtonsoft.Json.Tests.Utilities.EnumUtilsTests" runstate="Runnable" seed="1895407177" result="Passed" start-time="2019-11-12 05:39:43Z" end-time="2019-11-12 05:39:43Z" duration="0.000373" asserts="0">
                    <properties />
                  </test-case>
                  <test-case id="1253" name="Parse_Invalid(Newtonsoft.Json.Tests.Utilities.SimpleEnum,&quot;    \t&quot;,System.ArgumentException)" fullname="Newtonsoft.Json.Tests.Utilities.EnumUtilsTests.Parse_Invalid(Newtonsoft.Json.Tests.Utilities.SimpleEnum,&quot;    \t&quot;,System.ArgumentException)" methodname="Parse_Invalid" classname="Newtonsoft.Json.Tests.Utilities.EnumUtilsTests" runstate="Runnable" seed="716481335" result="Passed" start-time="2019-11-12 05:39:43Z" end-time="2019-11-12 05:39:43Z" duration="0.000378" asserts="0">
                    <properties />
                  </test-case>
                  <test-case id="1254" name="Parse_Invalid(Newtonsoft.Json.Tests.Utilities.SimpleEnum,&quot;Purple&quot;,System.ArgumentException)" fullname="Newtonsoft.Json.Tests.Utilities.EnumUtilsTests.Parse_Invalid(Newtonsoft.Json.Tests.Utilities.SimpleEnum,&quot;Purple&quot;,System.ArgumentException)" methodname="Parse_Invalid" classname="Newtonsoft.Json.Tests.Utilities.EnumUtilsTests" runstate="Runnable" seed="382951094" result="Passed" start-time="2019-11-12 05:39:43Z" end-time="2019-11-12 05:39:43Z" duration="0.000410" asserts="0">
                    <properties />
                  </test-case>
                  <test-case id="1255" name="Parse_Invalid(Newtonsoft.Json.Tests.Utilities.SimpleEnum,&quot;,Red&quot;,System.ArgumentException)" fullname="Newtonsoft.Json.Tests.Utilities.EnumUtilsTests.Parse_Invalid(Newtonsoft.Json.Tests.Utilities.SimpleEnum,&quot;,Red&quot;,System.ArgumentException)" methodname="Parse_Invalid" classname="Newtonsoft.Json.Tests.Utilities.EnumUtilsTests" runstate="Runnable" seed="1879652609" result="Passed" start-time="2019-11-12 05:39:43Z" end-time="2019-11-12 05:39:43Z" duration="0.000362" asserts="0">
                    <properties />
                  </test-case>
                  <test-case id="1256" name="Parse_Invalid(Newtonsoft.Json.Tests.Utilities.SimpleEnum,&quot;Red,&quot;,System.ArgumentException)" fullname="Newtonsoft.Json.Tests.Utilities.EnumUtilsTests.Parse_Invalid(Newtonsoft.Json.Tests.Utilities.SimpleEnum,&quot;Red,&quot;,System.ArgumentException)" methodname="Parse_Invalid" classname="Newtonsoft.Json.Tests.Utilities.EnumUtilsTests" runstate="Runnable" seed="601183766" result="Passed" start-time="2019-11-12 05:39:43Z" end-time="2019-11-12 05:39:43Z" duration="0.000503" asserts="0">
                    <properties />
                  </test-case>
                  <test-case id="1257" name="Parse_Invalid(Newtonsoft.Json.Tests.Utilities.SimpleEnum,&quot;B,&quot;,System.ArgumentException)" fullname="Newtonsoft.Json.Tests.Utilities.EnumUtilsTests.Parse_Invalid(Newtonsoft.Json.Tests.Utilities.SimpleEnum,&quot;B,&quot;,System.ArgumentException)" methodname="Parse_Invalid" classname="Newtonsoft.Json.Tests.Utilities.EnumUtilsTests" runstate="Runnable" seed="1945819113" result="Passed" start-time="2019-11-12 05:39:43Z" end-time="2019-11-12 05:39:43Z" duration="0.000415" asserts="0">
                    <properties />
                  </test-case>
                  <test-case id="1258" name="Parse_Invalid(Newtonsoft.Json.Tests.Utilities.SimpleEnum,&quot; , , ,&quot;,System.ArgumentException)" fullname="Newtonsoft.Json.Tests.Utilities.EnumUtilsTests.Parse_Invalid(Newtonsoft.Json.Tests.Utilities.SimpleEnum,&quot; , , ,&quot;,System.ArgumentException)" methodname="Parse_Invalid" classname="Newtonsoft.Json.Tests.Utilities.EnumUtilsTests" runstate="Runnable" seed="1454273593" result="Passed" start-time="2019-11-12 05:39:43Z" end-time="2019-11-12 05:39:43Z" duration="0.000465" asserts="0">
                    <properties />
                  </test-case>
                  <test-case id="1259" name="Parse_Invalid(Newtonsoft.Json.Tests.Utilities.SimpleEnum,&quot;Red,Blue,&quot;,System.ArgumentException)" fullname="Newtonsoft.Json.Tests.Utilities.EnumUtilsTests.Parse_Invalid(Newtonsoft.Json.Tests.Utilities.SimpleEnum,&quot;Red,Blue,&quot;,System.ArgumentException)" methodname="Parse_Invalid" classname="Newtonsoft.Json.Tests.Utilities.EnumUtilsTests" runstate="Runnable" seed="1346207408" result="Passed" start-time="2019-11-12 05:39:43Z" end-time="2019-11-12 05:39:43Z" duration="0.000432" asserts="0">
                    <properties />
                  </test-case>
                  <test-case id="1260" name="Parse_Invalid(Newtonsoft.Json.Tests.Utilities.SimpleEnum,&quot;Red,,Blue&quot;,System.ArgumentException)" fullname="Newtonsoft.Json.Tests.Utilities.EnumUtilsTests.Parse_Invalid(Newtonsoft.Json.Tests.Utilities.SimpleEnum,&quot;Red,,Blue&quot;,System.ArgumentException)" methodname="Parse_Invalid" classname="Newtonsoft.Json.Tests.Utilities.EnumUtilsTests" runstate="Runnable" seed="165430332" result="Passed" start-time="2019-11-12 05:39:43Z" end-time="2019-11-12 05:39:43Z" duration="0.000637" asserts="0">
                    <properties />
                  </test-case>
                  <test-case id="1261" name="Parse_Invalid(Newtonsoft.Json.Tests.Utilities.SimpleEnum,&quot;Red,Blue, &quot;,System.ArgumentException)" fullname="Newtonsoft.Json.Tests.Utilities.EnumUtilsTests.Parse_Invalid(Newtonsoft.Json.Tests.Utilities.SimpleEnum,&quot;Red,Blue, &quot;,System.ArgumentException)" methodname="Parse_Invalid" classname="Newtonsoft.Json.Tests.Utilities.EnumUtilsTests" runstate="Runnable" seed="378791703" result="Passed" start-time="2019-11-12 05:39:43Z" end-time="2019-11-12 05:39:43Z" duration="0.000387" asserts="0">
                    <properties />
                  </test-case>
                  <test-case id="1262" name="Parse_Invalid(Newtonsoft.Json.Tests.Utilities.SimpleEnum,&quot;Red Blue&quot;,System.ArgumentException)" fullname="Newtonsoft.Json.Tests.Utilities.EnumUtilsTests.Parse_Invalid(Newtonsoft.Json.Tests.Utilities.SimpleEnum,&quot;Red Blue&quot;,System.ArgumentException)" methodname="Parse_Invalid" classname="Newtonsoft.Json.Tests.Utilities.EnumUtilsTests" runstate="Runnable" seed="1669775959" result="Passed" start-time="2019-11-12 05:39:43Z" end-time="2019-11-12 05:39:43Z" duration="0.000465" asserts="0">
                    <properties />
                  </test-case>
                  <test-case id="1263" name="Parse_Invalid(Newtonsoft.Json.Tests.Utilities.SimpleEnum,&quot;1,Blue&quot;,System.ArgumentException)" fullname="Newtonsoft.Json.Tests.Utilities.EnumUtilsTests.Parse_Invalid(Newtonsoft.Json.Tests.Utilities.SimpleEnum,&quot;1,Blue&quot;,System.ArgumentException)" methodname="Parse_Invalid" classname="Newtonsoft.Json.Tests.Utilities.EnumUtilsTests" runstate="Runnable" seed="910720937" result="Passed" start-time="2019-11-12 05:39:43Z" end-time="2019-11-12 05:39:43Z" duration="0.000478" asserts="0">
                    <properties />
                  </test-case>
                  <test-case id="1264" name="Parse_Invalid(Newtonsoft.Json.Tests.Utilities.SimpleEnum,&quot;Blue,1&quot;,System.ArgumentException)" fullname="Newtonsoft.Json.Tests.Utilities.EnumUtilsTests.Parse_Invalid(Newtonsoft.Json.Tests.Utilities.SimpleEnum,&quot;Blue,1&quot;,System.ArgumentException)" methodname="Parse_Invalid" classname="Newtonsoft.Json.Tests.Utilities.EnumUtilsTests" runstate="Runnable" seed="418658515" result="Passed" start-time="2019-11-12 05:39:43Z" end-time="2019-11-12 05:39:43Z" duration="0.000493" asserts="0">
                    <properties />
                  </test-case>
                  <test-case id="1265" name="Parse_Invalid(Newtonsoft.Json.Tests.Utilities.SimpleEnum,&quot;Blue, 1&quot;,System.ArgumentException)" fullname="Newtonsoft.Json.Tests.Utilities.EnumUtilsTests.Parse_Invalid(Newtonsoft.Json.Tests.Utilities.SimpleEnum,&quot;Blue, 1&quot;,System.ArgumentException)" methodname="Parse_Invalid" classname="Newtonsoft.Json.Tests.Utilities.EnumUtilsTests" runstate="Runnable" seed="1133037699" result="Passed" start-time="2019-11-12 05:39:43Z" end-time="2019-11-12 05:39:43Z" duration="0.000416" asserts="0">
                    <properties />
                  </test-case>
                  <test-case id="1266" name="Parse_Invalid(Newtonsoft.Json.Tests.Utilities.SimpleEnum,&quot;2147483649&quot;,System.OverflowException)" fullname="Newtonsoft.Json.Tests.Utilities.EnumUtilsTests.Parse_Invalid(Newtonsoft.Json.Tests.Utilities.SimpleEnum,&quot;2147483649&quot;,System.OverflowException)" methodname="Parse_Invalid" classname="Newtonsoft.Json.Tests.Utilities.EnumUtilsTests" runstate="Runnable" seed="1301969125" result="Passed" start-time="2019-11-12 05:39:43Z" end-time="2019-11-12 05:39:43Z" duration="0.000445" asserts="0">
                    <properties />
                  </test-case>
                  <test-case id="1267" name="Parse_Invalid(Newtonsoft.Json.Tests.Utilities.SimpleEnum,&quot;2147483648&quot;,System.OverflowException)" fullname="Newtonsoft.Json.Tests.Utilities.EnumUtilsTests.Parse_Invalid(Newtonsoft.Json.Tests.Utilities.SimpleEnum,&quot;2147483648&quot;,System.OverflowException)" methodname="Parse_Invalid" classname="Newtonsoft.Json.Tests.Utilities.EnumUtilsTests" runstate="Runnable" seed="529434544" result="Passed" start-time="2019-11-12 05:39:43Z" end-time="2019-11-12 05:39:43Z" duration="0.000387" asserts="0">
                    <properties />
                  </test-case>
                </test-suite>
                <test-suite type="ParameterizedMethod" id="1305" name="ToString_Format" fullname="Newtonsoft.Json.Tests.Utilities.EnumUtilsTests.ToString_Format" classname="Newtonsoft.Json.Tests.Utilities.EnumUtilsTests" runstate="Runnable" testcasecount="36" result="Passed" start-time="2019-11-12 05:39:43Z" end-time="2019-11-12 05:39:43Z" duration="0.073103" total="36" passed="36" failed="0" inconclusive="0" skipped="0" asserts="0">
                  <properties />
                  <test-case id="1269" name="ToString_Format(Min,&quot;Min&quot;)" fullname="Newtonsoft.Json.Tests.Utilities.EnumUtilsTests.ToString_Format(Min,&quot;Min&quot;)" methodname="ToString_Format" classname="Newtonsoft.Json.Tests.Utilities.EnumUtilsTests" runstate="Runnable" seed="1513191439" result="Passed" start-time="2019-11-12 05:39:43Z" end-time="2019-11-12 05:39:43Z" duration="0.000933" asserts="0">
                    <properties />
                  </test-case>
                  <test-case id="1270" name="ToString_Format(5,null)" fullname="Newtonsoft.Json.Tests.Utilities.EnumUtilsTests.ToString_Format(5,null)" methodname="ToString_Format" classname="Newtonsoft.Json.Tests.Utilities.EnumUtilsTests" runstate="Runnable" seed="1284131465" result="Passed" start-time="2019-11-12 05:39:43Z" end-time="2019-11-12 05:39:43Z" duration="0.000357" asserts="0">
                    <properties />
                  </test-case>
                  <test-case id="1271" name="ToString_Format(Max,&quot;Max&quot;)" fullname="Newtonsoft.Json.Tests.Utilities.EnumUtilsTests.ToString_Format(Max,&quot;Max&quot;)" methodname="ToString_Format" classname="Newtonsoft.Json.Tests.Utilities.EnumUtilsTests" runstate="Runnable" seed="1350349630" result="Passed" start-time="2019-11-12 05:39:43Z" end-time="2019-11-12 05:39:43Z" duration="0.000392" asserts="0">
                    <properties />
                  </test-case>
                  <test-case id="1272" name="ToString_Format(Min,&quot;Min&quot;)" fullname="Newtonsoft.Json.Tests.Utilities.EnumUtilsTests.ToString_Format(Min,&quot;Min&quot;)" methodname="ToString_Format" classname="Newtonsoft.Json.Tests.Utilities.EnumUtilsTests" runstate="Runnable" seed="2095680518" result="Passed" start-time="2019-11-12 05:39:43Z" end-time="2019-11-12 05:39:43Z" duration="0.000354" asserts="0">
                    <properties>
                      <property name="childIndex" value="2" />
                    </properties>
                  </test-case>
                  <test-case id="1273" name="ToString_Format(5,null)" fullname="Newtonsoft.Json.Tests.Utilities.EnumUtilsTests.ToString_Format(5,null)" methodname="ToString_Format" classname="Newtonsoft.Json.Tests.Utilities.EnumUtilsTests" runstate="Runnable" seed="781951681" result="Passed" start-time="2019-11-12 05:39:43Z" end-time="2019-11-12 05:39:43Z" duration="0.000375" asserts="0">
                    <properties>
                      <property name="childIndex" value="2" />
                    </properties>
                  </test-case>
                  <test-case id="1274" name="ToString_Format(Max,&quot;Max&quot;)" fullname="Newtonsoft.Json.Tests.Utilities.EnumUtilsTests.ToString_Format(Max,&quot;Max&quot;)" methodname="ToString_Format" classname="Newtonsoft.Json.Tests.Utilities.EnumUtilsTests" runstate="Runnable" seed="438232259" result="Passed" start-time="2019-11-12 05:39:43Z" end-time="2019-11-12 05:39:43Z" duration="0.000408" asserts="0">
                    <properties>
                      <property name="childIndex" value="2" />
                    </properties>
                  </test-case>
                  <test-case id="1275" name="ToString_Format(3,null)" fullname="Newtonsoft.Json.Tests.Utilities.EnumUtilsTests.ToString_Format(3,null)" methodname="ToString_Format" classname="Newtonsoft.Json.Tests.Utilities.EnumUtilsTests" runstate="Runnable" seed="518662496" result="Passed" start-time="2019-11-12 05:39:43Z" end-time="2019-11-12 05:39:43Z" duration="0.000346" asserts="0">
                    <properties />
                  </test-case>
                  <test-case id="1276" name="ToString_Format(Min,&quot;Min&quot;)" fullname="Newtonsoft.Json.Tests.Utilities.EnumUtilsTests.ToString_Format(Min,&quot;Min&quot;)" methodname="ToString_Format" classname="Newtonsoft.Json.Tests.Utilities.EnumUtilsTests" runstate="Runnable" seed="1426642412" result="Passed" start-time="2019-11-12 05:39:43Z" end-time="2019-11-12 05:39:43Z" duration="0.000439" asserts="0">
                    <properties>
                      <property name="childIndex" value="3" />
                    </properties>
                  </test-case>
                  <test-case id="1277" name="ToString_Format(5,null)" fullname="Newtonsoft.Json.Tests.Utilities.EnumUtilsTests.ToString_Format(5,null)" methodname="ToString_Format" classname="Newtonsoft.Json.Tests.Utilities.EnumUtilsTests" runstate="Runnable" seed="651110704" result="Passed" start-time="2019-11-12 05:39:43Z" end-time="2019-11-12 05:39:43Z" duration="0.000360" asserts="0">
                    <properties>
                      <property name="childIndex" value="3" />
                    </properties>
                  </test-case>
                  <test-case id="1278" name="ToString_Format(Max,&quot;Max&quot;)" fullname="Newtonsoft.Json.Tests.Utilities.EnumUtilsTests.ToString_Format(Max,&quot;Max&quot;)" methodname="ToString_Format" classname="Newtonsoft.Json.Tests.Utilities.EnumUtilsTests" runstate="Runnable" seed="208409662" result="Passed" start-time="2019-11-12 05:39:43Z" end-time="2019-11-12 05:39:43Z" duration="0.000388" asserts="0">
                    <properties>
                      <property name="childIndex" value="3" />
                    </properties>
                  </test-case>
                  <test-case id="1279" name="ToString_Format(3,null)" fullname="Newtonsoft.Json.Tests.Utilities.EnumUtilsTests.ToString_Format(3,null)" methodname="ToString_Format" classname="Newtonsoft.Json.Tests.Utilities.EnumUtilsTests" runstate="Runnable" seed="1686132666" result="Passed" start-time="2019-11-12 05:39:43Z" end-time="2019-11-12 05:39:43Z" duration="0.000378" asserts="0">
                    <properties>
                      <property name="childIndex" value="2" />
                    </properties>
                  </test-case>
                  <test-case id="1280" name="ToString_Format(Min,&quot;Min&quot;)" fullname="Newtonsoft.Json.Tests.Utilities.EnumUtilsTests.ToString_Format(Min,&quot;Min&quot;)" methodname="ToString_Format" classname="Newtonsoft.Json.Tests.Utilities.EnumUtilsTests" runstate="Runnable" seed="829730653" result="Passed" start-time="2019-11-12 05:39:43Z" end-time="2019-11-12 05:39:43Z" duration="0.000407" asserts="0">
                    <properties>
                      <property name="childIndex" value="4" />
                    </properties>
                  </test-case>
                  <test-case id="1281" name="ToString_Format(5,null)" fullname="Newtonsoft.Json.Tests.Utilities.EnumUtilsTests.ToString_Format(5,null)" methodname="ToString_Format" classname="Newtonsoft.Json.Tests.Utilities.EnumUtilsTests" runstate="Runnable" seed="1019822603" result="Passed" start-time="2019-11-12 05:39:43Z" end-time="2019-11-12 05:39:43Z" duration="0.000384" asserts="0">
                    <properties>
                      <property name="childIndex" value="4" />
                    </properties>
                  </test-case>
                  <test-case id="1282" name="ToString_Format(Max,&quot;Max&quot;)" fullname="Newtonsoft.Json.Tests.Utilities.EnumUtilsTests.ToString_Format(Max,&quot;Max&quot;)" methodname="ToString_Format" classname="Newtonsoft.Json.Tests.Utilities.EnumUtilsTests" runstate="Runnable" seed="2008372898" result="Passed" start-time="2019-11-12 05:39:43Z" end-time="2019-11-12 05:39:43Z" duration="0.000429" asserts="0">
                    <properties>
                      <property name="childIndex" value="4" />
                    </properties>
                  </test-case>
                  <test-case id="1283" name="ToString_Format(3,null)" fullname="Newtonsoft.Json.Tests.Utilities.EnumUtilsTests.ToString_Format(3,null)" methodname="ToString_Format" classname="Newtonsoft.Json.Tests.Utilities.EnumUtilsTests" runstate="Runnable" seed="991217429" result="Passed" start-time="2019-11-12 05:39:43Z" end-time="2019-11-12 05:39:43Z" duration="0.000379" asserts="0">
                    <properties>
                      <property name="childIndex" value="3" />
                    </properties>
                  </test-case>
                  <test-case id="1284" name="ToString_Format(Min,&quot;Min&quot;)" fullname="Newtonsoft.Json.Tests.Utilities.EnumUtilsTests.ToString_Format(Min,&quot;Min&quot;)" methodname="ToString_Format" classname="Newtonsoft.Json.Tests.Utilities.EnumUtilsTests" runstate="Runnable" seed="585226423" result="Passed" start-time="2019-11-12 05:39:43Z" end-time="2019-11-12 05:39:43Z" duration="0.000403" asserts="0">
                    <properties>
                      <property name="childIndex" value="5" />
                    </properties>
                  </test-case>
                  <test-case id="1285" name="ToString_Format(5,null)" fullname="Newtonsoft.Json.Tests.Utilities.EnumUtilsTests.ToString_Format(5,null)" methodname="ToString_Format" classname="Newtonsoft.Json.Tests.Utilities.EnumUtilsTests" runstate="Runnable" seed="1509360624" result="Passed" start-time="2019-11-12 05:39:43Z" end-time="2019-11-12 05:39:43Z" duration="0.000406" asserts="0">
                    <properties>
                      <property name="childIndex" value="5" />
                    </properties>
                  </test-case>
                  <test-case id="1286" name="ToString_Format(Max,&quot;Max&quot;)" fullname="Newtonsoft.Json.Tests.Utilities.EnumUtilsTests.ToString_Format(Max,&quot;Max&quot;)" methodname="ToString_Format" classname="Newtonsoft.Json.Tests.Utilities.EnumUtilsTests" runstate="Runnable" seed="1094994899" result="Passed" start-time="2019-11-12 05:39:43Z" end-time="2019-11-12 05:39:43Z" duration="0.000347" asserts="0">
                    <properties>
                      <property name="childIndex" value="5" />
                    </properties>
                  </test-case>
                  <test-case id="1287" name="ToString_Format(3,null)" fullname="Newtonsoft.Json.Tests.Utilities.EnumUtilsTests.ToString_Format(3,null)" methodname="ToString_Format" classname="Newtonsoft.Json.Tests.Utilities.EnumUtilsTests" runstate="Runnable" seed="1086867097" result="Passed" start-time="2019-11-12 05:39:43Z" end-time="2019-11-12 05:39:43Z" duration="0.000403" asserts="0">
                    <properties>
                      <property name="childIndex" value="4" />
                    </properties>
                  </test-case>
                  <test-case id="1288" name="ToString_Format(Min,&quot;Min&quot;)" fullname="Newtonsoft.Json.Tests.Utilities.EnumUtilsTests.ToString_Format(Min,&quot;Min&quot;)" methodname="ToString_Format" classname="Newtonsoft.Json.Tests.Utilities.EnumUtilsTests" runstate="Runnable" seed="1564348667" result="Passed" start-time="2019-11-12 05:39:43Z" end-time="2019-11-12 05:39:43Z" duration="0.000421" asserts="0">
                    <properties>
                      <property name="childIndex" value="6" />
                    </properties>
                  </test-case>
                  <test-case id="1289" name="ToString_Format(5,null)" fullname="Newtonsoft.Json.Tests.Utilities.EnumUtilsTests.ToString_Format(5,null)" methodname="ToString_Format" classname="Newtonsoft.Json.Tests.Utilities.EnumUtilsTests" runstate="Runnable" seed="952506932" result="Passed" start-time="2019-11-12 05:39:43Z" end-time="2019-11-12 05:39:43Z" duration="0.000421" asserts="0">
                    <properties>
                      <property name="childIndex" value="6" />
                    </properties>
                  </test-case>
                  <test-case id="1290" name="ToString_Format(Max,&quot;Max&quot;)" fullname="Newtonsoft.Json.Tests.Utilities.EnumUtilsTests.ToString_Format(Max,&quot;Max&quot;)" methodname="ToString_Format" classname="Newtonsoft.Json.Tests.Utilities.EnumUtilsTests" runstate="Runnable" seed="1007834713" result="Passed" start-time="2019-11-12 05:39:43Z" end-time="2019-11-12 05:39:43Z" duration="0.000372" asserts="0">
                    <properties>
                      <property name="childIndex" value="6" />
                    </properties>
                  </test-case>
                  <test-case id="1291" name="ToString_Format(3,null)" fullname="Newtonsoft.Json.Tests.Utilities.EnumUtilsTests.ToString_Format(3,null)" methodname="ToString_Format" classname="Newtonsoft.Json.Tests.Utilities.EnumUtilsTests" runstate="Runnable" seed="1245487808" result="Passed" start-time="2019-11-12 05:39:43Z" end-time="2019-11-12 05:39:43Z" duration="0.000379" asserts="0">
                    <properties>
                      <property name="childIndex" value="5" />
                    </properties>
                  </test-case>
                  <test-case id="1292" name="ToString_Format(Min,&quot;Min&quot;)" fullname="Newtonsoft.Json.Tests.Utilities.EnumUtilsTests.ToString_Format(Min,&quot;Min&quot;)" methodname="ToString_Format" classname="Newtonsoft.Json.Tests.Utilities.EnumUtilsTests" runstate="Runnable" seed="260773831" result="Passed" start-time="2019-11-12 05:39:43Z" end-time="2019-11-12 05:39:43Z" duration="0.000372" asserts="0">
                    <properties>
                      <property name="childIndex" value="7" />
                    </properties>
                  </test-case>
                  <test-case id="1293" name="ToString_Format(5,null)" fullname="Newtonsoft.Json.Tests.Utilities.EnumUtilsTests.ToString_Format(5,null)" methodname="ToString_Format" classname="Newtonsoft.Json.Tests.Utilities.EnumUtilsTests" runstate="Runnable" seed="335436874" result="Passed" start-time="2019-11-12 05:39:43Z" end-time="2019-11-12 05:39:43Z" duration="0.000397" asserts="0">
                    <properties>
                      <property name="childIndex" value="7" />
                    </properties>
                  </test-case>
                  <test-case id="1294" name="ToString_Format(Max,&quot;Max&quot;)" fullname="Newtonsoft.Json.Tests.Utilities.EnumUtilsTests.ToString_Format(Max,&quot;Max&quot;)" methodname="ToString_Format" classname="Newtonsoft.Json.Tests.Utilities.EnumUtilsTests" runstate="Runnable" seed="618027133" result="Passed" start-time="2019-11-12 05:39:43Z" end-time="2019-11-12 05:39:43Z" duration="0.000386" asserts="0">
                    <properties>
                      <property name="childIndex" value="7" />
                    </properties>
                  </test-case>
                  <test-case id="1295" name="ToString_Format(3,null)" fullname="Newtonsoft.Json.Tests.Utilities.EnumUtilsTests.ToString_Format(3,null)" methodname="ToString_Format" classname="Newtonsoft.Json.Tests.Utilities.EnumUtilsTests" runstate="Runnable" seed="1225028366" result="Passed" start-time="2019-11-12 05:39:43Z" end-time="2019-11-12 05:39:43Z" duration="0.000421" asserts="0">
                    <properties>
                      <property name="childIndex" value="6" />
                    </properties>
                  </test-case>
                  <test-case id="1296" name="ToString_Format(Min,&quot;Min&quot;)" fullname="Newtonsoft.Json.Tests.Utilities.EnumUtilsTests.ToString_Format(Min,&quot;Min&quot;)" methodname="ToString_Format" classname="Newtonsoft.Json.Tests.Utilities.EnumUtilsTests" runstate="Runnable" seed="1048454069" result="Passed" start-time="2019-11-12 05:39:43Z" end-time="2019-11-12 05:39:43Z" duration="0.000504" asserts="0">
                    <properties>
                      <property name="childIndex" value="8" />
                    </properties>
                  </test-case>
                  <test-case id="1297" name="ToString_Format(5,null)" fullname="Newtonsoft.Json.Tests.Utilities.EnumUtilsTests.ToString_Format(5,null)" methodname="ToString_Format" classname="Newtonsoft.Json.Tests.Utilities.EnumUtilsTests" runstate="Runnable" seed="1607060396" result="Passed" start-time="2019-11-12 05:39:43Z" end-time="2019-11-12 05:39:43Z" duration="0.000540" asserts="0">
                    <properties>
                      <property name="childIndex" value="8" />
                    </properties>
                  </test-case>
                  <test-case id="1298" name="ToString_Format(Max,&quot;Max&quot;)" fullname="Newtonsoft.Json.Tests.Utilities.EnumUtilsTests.ToString_Format(Max,&quot;Max&quot;)" methodname="ToString_Format" classname="Newtonsoft.Json.Tests.Utilities.EnumUtilsTests" runstate="Runnable" seed="1788524283" result="Passed" start-time="2019-11-12 05:39:43Z" end-time="2019-11-12 05:39:43Z" duration="0.000369" asserts="0">
                    <properties>
                      <property name="childIndex" value="8" />
                    </properties>
                  </test-case>
                  <test-case id="1299" name="ToString_Format(3,null)" fullname="Newtonsoft.Json.Tests.Utilities.EnumUtilsTests.ToString_Format(3,null)" methodname="ToString_Format" classname="Newtonsoft.Json.Tests.Utilities.EnumUtilsTests" runstate="Runnable" seed="1591652749" result="Passed" start-time="2019-11-12 05:39:43Z" end-time="2019-11-12 05:39:43Z" duration="0.000407" asserts="0">
                    <properties>
                      <property name="childIndex" value="7" />
                    </properties>
                  </test-case>
                  <test-case id="1300" name="ToString_Format(Red,&quot;Red&quot;)" fullname="Newtonsoft.Json.Tests.Utilities.EnumUtilsTests.ToString_Format(Red,&quot;Red&quot;)" methodname="ToString_Format" classname="Newtonsoft.Json.Tests.Utilities.EnumUtilsTests" runstate="Runnable" seed="761055098" result="Passed" start-time="2019-11-12 05:39:43Z" end-time="2019-11-12 05:39:43Z" duration="0.000380" asserts="0">
                    <properties />
                  </test-case>
                  <test-case id="1301" name="ToString_Format(Blue,&quot;Blue&quot;)" fullname="Newtonsoft.Json.Tests.Utilities.EnumUtilsTests.ToString_Format(Blue,&quot;Blue&quot;)" methodname="ToString_Format" classname="Newtonsoft.Json.Tests.Utilities.EnumUtilsTests" runstate="Runnable" seed="968400225" result="Passed" start-time="2019-11-12 05:39:43Z" end-time="2019-11-12 05:39:43Z" duration="0.000385" asserts="0">
                    <properties />
                  </test-case>
                  <test-case id="1302" name="ToString_Format(99,null)" fullname="Newtonsoft.Json.Tests.Utilities.EnumUtilsTests.ToString_Format(99,null)" methodname="ToString_Format" classname="Newtonsoft.Json.Tests.Utilities.EnumUtilsTests" runstate="Runnable" seed="393167110" result="Passed" start-time="2019-11-12 05:39:43Z" end-time="2019-11-12 05:39:43Z" duration="0.000382" asserts="0">
                    <properties />
                  </test-case>
                  <test-case id="1303" name="ToString_Format(0,null)" fullname="Newtonsoft.Json.Tests.Utilities.EnumUtilsTests.ToString_Format(0,null)" methodname="ToString_Format" classname="Newtonsoft.Json.Tests.Utilities.EnumUtilsTests" runstate="Runnable" seed="832364873" result="Passed" start-time="2019-11-12 05:39:43Z" end-time="2019-11-12 05:39:43Z" duration="0.000360" asserts="0">
                    <properties />
                  </test-case>
                  <test-case id="1304" name="ToString_Format(Class, Delegate,&quot;Class, Delegate&quot;)" fullname="Newtonsoft.Json.Tests.Utilities.EnumUtilsTests.ToString_Format(Class, Delegate,&quot;Class, Delegate&quot;)" methodname="ToString_Format" classname="Newtonsoft.Json.Tests.Utilities.EnumUtilsTests" runstate="Runnable" seed="96001825" result="Passed" start-time="2019-11-12 05:39:43Z" end-time="2019-11-12 05:39:43Z" duration="0.000735" asserts="0">
                    <properties />
                  </test-case>
                </test-suite>
              </test-suite>
              <test-suite type="TestFixture" id="1306" name="LateboundReflectionDelegateFactoryTests" fullname="Newtonsoft.Json.Tests.Utilities.LateboundReflectionDelegateFactoryTests" classname="Newtonsoft.Json.Tests.Utilities.LateboundReflectionDelegateFactoryTests" runstate="Runnable" testcasecount="5" result="Passed" start-time="2019-11-12 05:39:43Z" end-time="2019-11-12 05:39:43Z" duration="0.021595" total="5" passed="5" failed="0" inconclusive="0" skipped="0" asserts="0">
                <properties />
                <test-case id="1307" name="ConstructorWithInString" fullname="Newtonsoft.Json.Tests.Utilities.LateboundReflectionDelegateFactoryTests.ConstructorWithInString" methodname="ConstructorWithInString" classname="Newtonsoft.Json.Tests.Utilities.LateboundReflectionDelegateFactoryTests" runstate="Runnable" seed="2057583253" result="Passed" start-time="2019-11-12 05:39:43Z" end-time="2019-11-12 05:39:43Z" duration="0.002129" asserts="0">
                  <properties />
                </test-case>
                <test-case id="1308" name="ConstructorWithInStringAndBool" fullname="Newtonsoft.Json.Tests.Utilities.LateboundReflectionDelegateFactoryTests.ConstructorWithInStringAndBool" methodname="ConstructorWithInStringAndBool" classname="Newtonsoft.Json.Tests.Utilities.LateboundReflectionDelegateFactoryTests" runstate="Runnable" seed="653031049" result="Passed" start-time="2019-11-12 05:39:43Z" end-time="2019-11-12 05:39:43Z" duration="0.001005" asserts="0">
                  <properties />
                </test-case>
                <test-case id="1309" name="ConstructorWithRefString" fullname="Newtonsoft.Json.Tests.Utilities.LateboundReflectionDelegateFactoryTests.ConstructorWithRefString" methodname="ConstructorWithRefString" classname="Newtonsoft.Json.Tests.Utilities.LateboundReflectionDelegateFactoryTests" runstate="Runnable" seed="1425178133" result="Passed" start-time="2019-11-12 05:39:43Z" end-time="2019-11-12 05:39:43Z" duration="0.001603" asserts="0">
                  <properties />
                </test-case>
                <test-case id="1310" name="ConstructorWithRefStringAndOutBool" fullname="Newtonsoft.Json.Tests.Utilities.LateboundReflectionDelegateFactoryTests.ConstructorWithRefStringAndOutBool" methodname="ConstructorWithRefStringAndOutBool" classname="Newtonsoft.Json.Tests.Utilities.LateboundReflectionDelegateFactoryTests" runstate="Runnable" seed="1002338041" result="Passed" start-time="2019-11-12 05:39:43Z" end-time="2019-11-12 05:39:43Z" duration="0.001165" asserts="0">
                  <properties />
                </test-case>
                <test-case id="1311" name="ConstructorWithRefStringAndRefBoolAndRefBool" fullname="Newtonsoft.Json.Tests.Utilities.LateboundReflectionDelegateFactoryTests.ConstructorWithRefStringAndRefBoolAndRefBool" methodname="ConstructorWithRefStringAndRefBoolAndRefBool" classname="Newtonsoft.Json.Tests.Utilities.LateboundReflectionDelegateFactoryTests" runstate="Runnable" seed="922100900" result="Passed" start-time="2019-11-12 05:39:43Z" end-time="2019-11-12 05:39:43Z" duration="0.001210" asserts="0">
                  <properties />
                </test-case>
              </test-suite>
              <test-suite type="TestFixture" id="1312" name="ReflectionUtilsTests" fullname="Newtonsoft.Json.Tests.Utilities.ReflectionUtilsTests" classname="Newtonsoft.Json.Tests.Utilities.ReflectionUtilsTests" runstate="Runnable" testcasecount="1" result="Passed" start-time="2019-11-12 05:39:43Z" end-time="2019-11-12 05:39:43Z" duration="0.007769" total="1" passed="1" failed="0" inconclusive="0" skipped="0" asserts="0">
                <properties />
                <test-case id="1313" name="GetTypeNameSimpleForGenericTypes" fullname="Newtonsoft.Json.Tests.Utilities.ReflectionUtilsTests.GetTypeNameSimpleForGenericTypes" methodname="GetTypeNameSimpleForGenericTypes" classname="Newtonsoft.Json.Tests.Utilities.ReflectionUtilsTests" runstate="Runnable" seed="747161700" result="Passed" start-time="2019-11-12 05:39:43Z" end-time="2019-11-12 05:39:43Z" duration="0.000947" asserts="0">
                  <properties />
                </test-case>
              </test-suite>
              <test-suite type="TestFixture" id="1314" name="StringUtilsTests" fullname="Newtonsoft.Json.Tests.Utilities.StringUtilsTests" classname="Newtonsoft.Json.Tests.Utilities.StringUtilsTests" runstate="Runnable" testcasecount="2" result="Passed" start-time="2019-11-12 05:39:43Z" end-time="2019-11-12 05:39:43Z" duration="0.010834" total="2" passed="2" failed="0" inconclusive="0" skipped="0" asserts="0">
                <properties />
                <test-case id="1315" name="ToCamelCaseTest" fullname="Newtonsoft.Json.Tests.Utilities.StringUtilsTests.ToCamelCaseTest" methodname="ToCamelCaseTest" classname="Newtonsoft.Json.Tests.Utilities.StringUtilsTests" runstate="Runnable" seed="391958718" result="Passed" start-time="2019-11-12 05:39:43Z" end-time="2019-11-12 05:39:43Z" duration="0.001405" asserts="0">
                  <properties />
                </test-case>
                <test-case id="1316" name="ToSnakeCaseTest" fullname="Newtonsoft.Json.Tests.Utilities.StringUtilsTests.ToSnakeCaseTest" methodname="ToSnakeCaseTest" classname="Newtonsoft.Json.Tests.Utilities.StringUtilsTests" runstate="Runnable" seed="1152660551" result="Passed" start-time="2019-11-12 05:39:43Z" end-time="2019-11-12 05:39:43Z" duration="0.001085" asserts="0">
                  <properties />
                </test-case>
              </test-suite>
            </test-suite>
          </test-suite>
        </test-suite>
      </test-suite>
    </test-suite>
    <test-suite type="Assembly" id="4129" name="Newtonsoft.Json.Tests.Aot.dll" fullname="/root/repo/Src/Newtonsoft.Json-for-Unity.Tests/Library/ScriptAssemblies/Newtonsoft.Json.Tests.Aot.dll" runstate="Runnable" testcasecount="0" result="Passed" start-time="2019-11-12 05:40:45Z" end-time="2019-11-12 05:40:45Z" duration="0.042258" total="0" passed="0" failed="0" inconclusive="0" skipped="0" asserts="0">
      <properties>
        <property name="_PID" value="46" />
        <property name="_APPDOMAIN" value="Unity Child Domain" />
      </properties>
      <test-suite type="TestSuite" id="4130" name="Newtonsoft" fullname="Newtonsoft" runstate="Runnable" testcasecount="0" result="Passed" start-time="2019-11-12 05:40:45Z" end-time="2019-11-12 05:40:45Z" duration="0.029693" total="0" passed="0" failed="0" inconclusive="0" skipped="0" asserts="0">
        <properties />
        <test-suite type="TestSuite" id="4131" name="Json" fullname="Newtonsoft.Json" runstate="Runnable" testcasecount="0" result="Passed" start-time="2019-11-12 05:40:45Z" end-time="2019-11-12 05:40:45Z" duration="0.019933" total="0" passed="0" failed="0" inconclusive="0" skipped="0" asserts="0">
          <properties />
          <test-suite type="TestSuite" id="4132" name="Tests" fullname="Newtonsoft.Json.Tests" runstate="Runnable" testcasecount="0" result="Passed" start-time="2019-11-12 05:40:45Z" end-time="2019-11-12 05:40:45Z" duration="0.011983" total="0" passed="0" failed="0" inconclusive="0" skipped="0" asserts="0">
            <properties />
            <test-suite type="TestSuite" id="4133" name="Aot" fullname="Newtonsoft.Json.Tests.Aot" runstate="Runnable" testcasecount="0" result="Passed" start-time="2019-11-12 05:40:45Z" end-time="2019-11-12 05:40:45Z" duration="0.005634" total="0" passed="0" failed="0" inconclusive="0" skipped="0" asserts="0">
              <properties />
              <test-suite type="TestFixture" id="4128" name="EnsureTypes" fullname="Newtonsoft.Json.Tests.Aot.EnsureTypes" classname="Newtonsoft.Json.Tests.Aot.EnsureTypes" runstate="Runnable" testcasecount="0" result="Passed" start-time="2019-11-12 05:40:45Z" end-time="2019-11-12 05:40:45Z" duration="0.000249" total="0" passed="0" failed="0" inconclusive="0" skipped="0" asserts="0">
                <properties />
              </test-suite>
            </test-suite>
          </test-suite>
        </test-suite>
      </test-suite>
    </test-suite>
  </test-suite>
</test-run>